 ERmod 0.3.7, Copyright (C) 2000-2019 Nobuyuki Matubayasi
                            2010-2019 Shun Sakuraba
 ERmod comes with ABSOLUTELY NO WARRANTY.
 This is free software, and you can redistribute it
 and/or modify it under certain conditions.
 See LICENSE file for details.
 ERmod 0.3.7, Copyright (C) 2000-2019 Nobuyuki Matubayasi
                            2010-2019 Shun Sakuraba
 ERmod comes with ABSOLUTELY NO WARRANTY.
 This is free software, and you can redistribute it
 and/or modify it under certain conditions.
 See LICENSE file for details.
 
  Number of the   1-th solvent  =           90
  Number of the   2-th solvent  =           90
  Number of the   3-th solvent  =        10000
 
  Be sure that the solvent distribution is homogeneous (radial distribution function is essentially unity) when the solvent molecule is separated beyond distance of   10.0 Angstrom in any direction from any atom within the solute molecule
 
  LJ long-range correction    =        -0.0058     -0.0323     -0.6116
 
  Self-energy of the solute   =        -0.0001  kcal/mol
 
 
 cumulative average & 95% error for solvation energy
              total             1st component         2nd component         3rd component
  1   -28.2621               -0.2978               -1.3659              -26.5983
  2   -28.3329     0.1417    -0.3150     0.0345    -1.2556     0.2207   -26.7622     0.3279
  3   -28.2599     0.1673    -0.2019     0.2272    -1.2919     0.1467   -26.7661     0.1895
  4   -28.2484     0.1205    -0.4527     0.5268    -1.2404     0.1462   -26.5552     0.4425
  5   -28.2785     0.1110    -0.5625     0.4634    -1.3595     0.2636   -26.3564     0.5250
  6   -28.2671     0.0934    -0.5964     0.3844    -1.1745     0.4280   -26.4961     0.5116
  7   -28.2729     0.0798    -0.5069     0.3709    -1.2873     0.4263   -26.4787     0.4338
  8   -28.2924     0.0794    -0.6135     0.3855    -1.3496     0.3897   -26.3293     0.4801
  9   -28.3113     0.0795    -0.6152     0.3400    -1.3897     0.3529   -26.3063     0.4259
 10   -28.2948     0.0784    -0.5982     0.3060    -1.3010     0.3621   -26.3956     0.4207
 
 
 group  inft  solvation free energy     error          difference
  total solvation free energy
   1      0         -4.12466           0.07129           0.00670
   1     60         -4.15279           0.07129          -0.02142
   1     80         -4.38041           0.07128          -0.24904
   1    100         -5.16372           0.07113          -1.03235
   2      0         -4.12895           0.06591           0.00241
   3      0         -4.13137           0.06429           0.00000
   4      0         -4.13092           0.06405           0.00044
   5      0         -4.12748           0.06303           0.00388
   5     60         -4.16576           0.06301          -0.03439
   5     80         -4.44774           0.06291          -0.31637
   5    100         -5.16775           0.06263          -1.03638
 
  contribution from  1-th solvent component
   1      0         -0.12680           0.16483           0.00858
   1     60         -0.12691           0.16485           0.00847
   1     80         -0.12797           0.16499           0.00741
   1    100         -0.13269           0.16539           0.00269
   2      0         -0.13332           0.16010           0.00206
   3      0         -0.13538           0.15811           0.00000
   4      0         -0.13776           0.15726          -0.00238
   5      0         -0.13661           0.15515          -0.00122
   5     60         -0.13679           0.15516          -0.00141
   5     80         -0.13840           0.15524          -0.00301
   5    100         -0.14325           0.15540          -0.00787
 
  contribution from  2-th solvent component
   1      0         -0.73620           0.18209          -0.00521
   1     60         -0.73654           0.18210          -0.00554
   1     80         -0.73923           0.18217          -0.00824
   1    100         -0.74861           0.18232          -0.01761
   2      0         -0.73221           0.18024          -0.00122
   3      0         -0.73099           0.17895           0.00000
   4      0         -0.73106           0.17902          -0.00007
   5      0         -0.72982           0.17899           0.00117
   5     60         -0.73029           0.17900           0.00071
   5     80         -0.73369           0.17905          -0.00270
   5    100         -0.74236           0.17912          -0.01137
 
  contribution from  3-th solvent component
   1      0         -3.26159           0.19961           0.00334
   1     60         -3.28928           0.19965          -0.02435
   1     80         -3.51315           0.19990          -0.24822
   1    100         -4.28236           0.20077          -1.01743
   2      0         -3.26336           0.19947           0.00157
   3      0         -3.26493           0.19909           0.00000
   4      0         -3.26204           0.19869           0.00289
   5      0         -3.26100           0.19869           0.00393
   5     60         -3.29862           0.19874          -0.03369
   5     80         -3.57560           0.19905          -0.31067
   5    100         -4.28208           0.19983          -1.01715
 
 
 group  inft   Estimated free energy: total (kcal/mol)
   1      0      -4.1039      -4.2183      -3.9723      -4.0990      -4.2137
                 -4.0291      -4.0627      -4.3026      -4.2424      -4.0027
   1     60      -4.1320      -4.2465      -4.0003      -4.1272      -4.2418
                 -4.0575      -4.0907      -4.3307      -4.2704      -4.0309
   1     80      -4.3596      -4.4744      -4.2271      -4.3550      -4.4695
                 -4.2865      -4.3174      -4.5581      -4.4978      -4.2587
   1    100      -5.1433      -5.2588      -5.0088      -5.1373      -5.2527
                 -5.0737      -5.0987      -5.3405      -5.2805      -5.0430
   2      0      -4.1059      -4.2200      -3.9877      -4.0989      -4.2051
                 -4.0459      -4.0753      -4.2885      -4.2473      -4.0148
   3      0      -4.1047      -4.2222      -3.9969      -4.0980      -4.2039
                 -4.0522      -4.0790      -4.2855      -4.2513      -4.0198
   4      0      -4.1058      -4.2229      -3.9937      -4.0966      -4.2040
                 -4.0513      -4.0780      -4.2831      -4.2499      -4.0241
   5      0      -4.1038      -4.2207      -3.9989      -4.0840      -4.1930
                 -4.0473      -4.0864      -4.2808      -4.2435      -4.0164
   5     60      -4.1420      -4.2591      -4.0370      -4.1224      -4.2313
                 -4.0859      -4.1245      -4.3190      -4.2816      -4.0548
   5     80      -4.4240      -4.5414      -4.3183      -4.4043      -4.5131
                 -4.3696      -4.4055      -4.6006      -4.5633      -4.3373
   5    100      -5.1446      -5.2622      -5.0371      -5.1229      -5.2325
                 -5.0935      -5.1242      -5.3192      -5.2828      -5.0585
 
 group  inft   Estimated free energy: 1-th solvent contribution (kcal/mol)
   1      0       0.0560      -0.0820       0.2213      -0.4448      -0.3471
                 -0.2051       0.2370      -0.5271      -0.1288      -0.0474
   1     60       0.0559      -0.0821       0.2212      -0.4450      -0.3472
                 -0.2052       0.2370      -0.5273      -0.1290      -0.0475
   1     80       0.0549      -0.0834       0.2205      -0.4462      -0.3486
                 -0.2062       0.2363      -0.5286      -0.1300      -0.0485
   1    100       0.0504      -0.0891       0.2168      -0.4514      -0.3541
                 -0.2109       0.2331      -0.5340      -0.1347      -0.0530
   2      0       0.0486      -0.0830       0.2034      -0.4467      -0.3438
                 -0.2188       0.2204      -0.5168      -0.1385      -0.0581
   3      0       0.0479      -0.0818       0.1938      -0.4454      -0.3442
                 -0.2195       0.2150      -0.5133      -0.1430      -0.0632
   4      0       0.0431      -0.0836       0.1934      -0.4465      -0.3426
                 -0.2230       0.2084      -0.5148      -0.1419      -0.0701
   5      0       0.0420      -0.0779       0.1878      -0.4441      -0.3403
                 -0.2208       0.2021      -0.5083      -0.1403      -0.0663
   5     60       0.0418      -0.0781       0.1877      -0.4443      -0.3406
                 -0.2210       0.2020      -0.5085      -0.1405      -0.0664
   5     80       0.0401      -0.0799       0.1863      -0.4459      -0.3423
                 -0.2226       0.2008      -0.5102      -0.1422      -0.0680
   5    100       0.0352      -0.0854       0.1819      -0.4508      -0.3474
                 -0.2276       0.1968      -0.5153      -0.1470      -0.0730
 
 group  inft   Estimated free energy: 2-th solvent contribution (kcal/mol)
   1      0      -0.7658      -0.6556      -0.7330      -0.6785      -0.9941
                 -0.2197      -1.0218      -1.0474      -0.9378      -0.3084
   1     60      -0.7661      -0.6560      -0.7334      -0.6788      -0.9945
                 -0.2200      -1.0221      -1.0477      -0.9382      -0.3087
   1     80      -0.7689      -0.6586      -0.7361      -0.6815      -0.9972
                 -0.2225      -1.0249      -1.0505      -0.9410      -0.3112
   1    100      -0.7785      -0.6677      -0.7456      -0.6910      -1.0067
                 -0.2316      -1.0345      -1.0600      -0.9505      -0.3200
   2      0      -0.7583      -0.6547      -0.7294      -0.6756      -0.9851
                 -0.2213      -1.0157      -1.0418      -0.9322      -0.3080
   3      0      -0.7555      -0.6561      -0.7266      -0.6724      -0.9824
                 -0.2252      -1.0109      -1.0396      -0.9319      -0.3093
   4      0      -0.7539      -0.6575      -0.7273      -0.6734      -0.9859
                 -0.2252      -1.0113      -1.0363      -0.9318      -0.3080
   5      0      -0.7548      -0.6602      -0.7263      -0.6677      -0.9807
                 -0.2240      -1.0098      -1.0372      -0.9312      -0.3064
   5     60      -0.7553      -0.6607      -0.7268      -0.6682      -0.9811
                 -0.2244      -1.0102      -1.0377      -0.9316      -0.3068
   5     80      -0.7588      -0.6640      -0.7302      -0.6716      -0.9846
                 -0.2277      -1.0137      -1.0412      -0.9351      -0.3100
   5    100      -0.7676      -0.6725      -0.7389      -0.6804      -0.9933
                 -0.2362      -1.0225      -1.0499      -0.9439      -0.3184
 
 group  inft   Estimated free energy: 3-th solvent contribution (kcal/mol)
   1      0      -3.3941      -3.4806      -3.4604      -2.9756      -2.8724
                 -3.6043      -3.2779      -2.7280      -3.1756      -3.6468
   1     60      -3.4218      -3.5083      -3.4880      -3.0034      -2.9000
                 -3.6323      -3.3055      -2.7556      -3.2032      -3.6746
   1     80      -3.6455      -3.7323      -3.7115      -3.2272      -3.1236
                 -3.8577      -3.5288      -2.9790      -3.4267      -3.8990
   1    100      -4.4152      -4.5019      -4.4800      -3.9948      -3.8918
                 -4.6312      -4.2972      -3.7464      -4.1952      -4.6699
   2      0      -3.3962      -3.4823      -3.4616      -2.9765      -2.8762
                 -3.6058      -3.2800      -2.7299      -3.1765      -3.6487
   3      0      -3.3970      -3.4842      -3.4641      -2.9801      -2.8772
                 -3.6075      -3.2830      -2.7325      -3.1763      -3.6473
   4      0      -3.3949      -3.4817      -3.4596      -2.9765      -2.8754
                 -3.6031      -3.2750      -2.7320      -3.1761      -3.6460
   5      0      -3.3909      -3.4825      -3.4604      -2.9721      -2.8720
                 -3.6024      -3.2787      -2.7352      -3.1719      -3.6437
   5     60      -3.4285      -3.5202      -3.4979      -3.0098      -2.9095
                 -3.6404      -3.3162      -2.7728      -3.2095      -3.6815
   5     80      -3.7053      -3.7974      -3.7743      -3.2867      -3.1861
                 -3.9193      -3.5925      -3.0491      -3.4860      -3.9591
   5    100      -4.4121      -4.5042      -4.4800      -3.9916      -3.8918
                 -4.6297      -4.2985      -3.7540      -4.1919      -4.6671
 
 
 cumulative average & 95% error for solvation free energy
              total             1st component         2nd component         3rd component
  1    -4.1047                0.0479               -0.7555               -3.3970
  2    -4.1635     0.1175    -0.0170     0.1297    -0.7058     0.0994    -3.4406     0.0872
  3    -4.1080     0.1301     0.0533     0.1592    -0.7127     0.0590    -3.4484     0.0527
  4    -4.1055     0.0921    -0.0714     0.2736    -0.7027     0.0464    -3.3314     0.2371
  5    -4.1252     0.0815    -0.1260     0.2384    -0.7586     0.1175    -3.2405     0.2583
  6    -4.1130     0.0709    -0.1415     0.1971    -0.6697     0.2020    -3.3017     0.2438
  7    -4.1082     0.0607    -0.0906     0.1953    -0.7185     0.1966    -3.2990     0.2061
  8    -4.1303     0.0687    -0.1435     0.1994    -0.7586     0.1883    -3.2282     0.2279
  9    -4.1438     0.0663    -0.1434     0.1759    -0.7778     0.1704    -3.2224     0.2013
 10    -4.1314     0.0643    -0.1354     0.1581    -0.7310     0.1790    -3.2649     0.1991
