 ERmod 0.3.7, Copyright (C) 2000-2019 Nobuyuki Matubayasi
                            2010-2019 Shun Sakuraba
 ERmod comes with ABSOLUTELY NO WARRANTY.
 This is free software, and you can redistribute it
 and/or modify it under certain conditions.
 See LICENSE file for details.
 ERmod 0.3.7, Copyright (C) 2000-2019 Nobuyuki Matubayasi
                            2010-2019 Shun Sakuraba
 ERmod comes with ABSOLUTELY NO WARRANTY.
 This is free software, and you can redistribute it
 and/or modify it under certain conditions.
 See LICENSE file for details.
 
  Number of the   1-th solvent  =          180
  Number of the   2-th solvent  =          180
  Number of the   3-th solvent  =        10000
 
  Be sure that the solvent distribution is homogeneous (radial distribution function is essentially unity) when the solvent molecule is separated beyond distance of   10.0 Angstrom in any direction from any atom within the solute molecule
 
  LJ long-range correction    =        -0.0023     -0.0363     -0.7283
 
  Self-energy of the solute   =        -0.0001  kcal/mol
 
 
 cumulative average & 95% error for solvation energy
              total             1st component         2nd component         3rd component
  1   -31.0742               -1.0681               -3.5154              -26.4906
  2   -31.0706     0.0071    -1.7206     1.3049    -2.8671     1.2967   -26.4830     0.0153
  3   -31.1489     0.1566    -2.6252     1.9599    -2.5028     1.0446   -26.0208     0.9243
  4   -31.0582     0.2125    -2.0288     1.8285    -2.1887     0.9697   -26.8406     1.7651
  5   -30.9894     0.2146    -1.8681     1.4524    -1.9551     0.8846   -27.1661     1.5143
  6   -30.9473     0.1944    -1.5274     1.3677    -2.1741     0.8447   -27.2456     1.2466
  7   -30.9109     0.1797    -1.3313     1.2206    -2.1786     0.7140   -27.4009     1.0984
  8   -30.8725     0.1735    -1.1054     1.1496    -2.1024     0.6368   -27.6646     1.0876
  9   -30.8419     0.1648    -0.9855     1.0418    -2.0493     0.5716   -27.8070     1.0006
 10   -30.8334     0.1484    -0.9354     0.9372    -2.0589     0.5116   -27.8390     0.8972
 
 
 group  inft  solvation free energy     error          difference
  total solvation free energy
   1      0         -3.44062           0.08308           0.00817
   1     60         -3.46469           0.08313          -0.01591
   1     80         -3.69052           0.08349          -0.24174
   1    100         -4.56583           0.08364          -1.11704
   2      0         -3.44709           0.08343           0.00170
   3      0         -3.44879           0.08506           0.00000
   4      0         -3.45571           0.08615          -0.00693
   5      0         -3.44827           0.08538           0.00052
   5     60         -3.48130           0.08546          -0.03251
   5     80         -3.76632           0.08589          -0.31753
   5    100         -4.57556           0.08619          -1.12677
 
  contribution from  1-th solvent component
   1      0         -0.18419           0.48432           0.00831
   1     60         -0.18341           0.48433           0.00909
   1     80         -0.17725           0.48447           0.01525
   1    100         -0.15971           0.48515           0.03279
   2      0         -0.18901           0.48575           0.00349
   3      0         -0.19250           0.48571           0.00000
   4      0         -0.19364           0.48698          -0.00114
   5      0         -0.19316           0.48495          -0.00066
   5     60         -0.19211           0.48496           0.00039
   5     80         -0.18487           0.48515           0.00763
   5    100         -0.16969           0.48584           0.02281
 
  contribution from  2-th solvent component
   1      0         -1.14507           0.23632          -0.00464
   1     60         -1.14547           0.23634          -0.00504
   1     80         -1.14943           0.23648          -0.00900
   1    100         -1.16558           0.23693          -0.02515
   2      0         -1.14287           0.23226          -0.00244
   3      0         -1.14043           0.23027           0.00000
   4      0         -1.14301           0.23014          -0.00258
   5      0         -1.14092           0.22900          -0.00049
   5     60         -1.14150           0.22901          -0.00107
   5     80         -1.14670           0.22914          -0.00628
   5    100         -1.16198           0.22941          -0.02155
 
  contribution from  3-th solvent component
   1      0         -2.11129           0.49035           0.00449
   1     60         -2.13574           0.49031          -0.01996
   1     80         -2.36376           0.49017          -0.24798
   1    100         -3.24046           0.49176          -1.12468
   2      0         -2.11513           0.49095           0.00065
   3      0         -2.11578           0.49080           0.00000
   4      0         -2.11898           0.48863          -0.00321
   5      0         -2.11411           0.49041           0.00167
   5     60         -2.14761           0.49035          -0.03184
   5     80         -2.43467           0.49028          -0.31889
   5    100         -3.24382           0.49186          -1.12804
 
 
 group  inft   Estimated free energy: total (kcal/mol)
   1      0      -3.6525      -3.3943      -3.6430      -3.5236      -3.3652
                 -3.2676      -3.4589      -3.3183      -3.3433      -3.4395
   1     60      -3.6766      -3.4187      -3.6673      -3.5478      -3.3893
                 -3.2915      -3.4829      -3.3422      -3.3671      -3.4636
   1     80      -3.9024      -3.6463      -3.8941      -3.7742      -3.6157
                 -3.5161      -3.7085      -3.5662      -3.5920      -3.6898
   1    100      -4.7769      -4.5235      -4.7657      -4.6535      -4.4924
                 -4.3877      -4.5857      -4.4383      -4.4676      -4.5669
   2      0      -3.6482      -3.3947      -3.6486      -3.5354      -3.3831
                 -3.2598      -3.4783      -3.3202      -3.3535      -3.4491
   3      0      -3.6476      -3.3967      -3.6465      -3.5464      -3.3782
                 -3.2511      -3.4939      -3.3208      -3.3517      -3.4550
   4      0      -3.6521      -3.4085      -3.6641      -3.5533      -3.3939
                 -3.2538      -3.4974      -3.3262      -3.3550      -3.4528
   5      0      -3.6453      -3.3905      -3.6416      -3.5523      -3.3855
                 -3.2430      -3.4968      -3.3184      -3.3567      -3.4526
   5     60      -3.6783      -3.4239      -3.6749      -3.5855      -3.4186
                 -3.2758      -3.5297      -3.3511      -3.3895      -3.4857
   5     80      -3.9633      -3.7107      -3.9608      -3.8715      -3.7043
                 -3.5592      -3.8146      -3.6341      -3.6734      -3.7714
   5    100      -4.7716      -4.5211      -4.7662      -4.6847      -4.5151
                 -4.3645      -4.6258      -4.4409      -4.4829      -4.5828
 
 group  inft   Estimated free energy: 1-th solvent contribution (kcal/mol)
   1      0      -0.2957      -0.8671      -2.0063       0.1338      -0.3114
                  0.4633       0.1751       0.5672       0.2623       0.0369
   1     60      -0.2950      -0.8664      -2.0056       0.1346      -0.3107
                  0.4641       0.1759       0.5680       0.2632       0.0376
   1     80      -0.2893      -0.8607      -1.9995       0.1409      -0.3049
                  0.4705       0.1824       0.5747       0.2698       0.0436
   1    100      -0.2732      -0.8448      -1.9833       0.1593      -0.2887
                  0.4896       0.2004       0.5945       0.2887       0.0604
   2      0      -0.3056      -0.8714      -2.0103       0.1321      -0.3239
                  0.4729       0.1485       0.5778       0.2638       0.0261
   3      0      -0.3079      -0.8778      -2.0123       0.1188      -0.3174
                  0.4725       0.1374       0.5809       0.2631       0.0177
   4      0      -0.3047      -0.8822      -2.0173       0.1171      -0.3261
                  0.4795       0.1355       0.5737       0.2691       0.0191
   5      0      -0.3100      -0.8729      -2.0088       0.1123      -0.3248
                  0.4766       0.1320       0.5813       0.2653       0.0175
   5     60      -0.3090      -0.8719      -2.0077       0.1134      -0.3238
                  0.4777       0.1331       0.5824       0.2664       0.0185
   5     80      -0.3024      -0.8652      -2.0007       0.1207      -0.3171
                  0.4854       0.1405       0.5904       0.2744       0.0253
   5    100      -0.2887      -0.8515      -1.9867       0.1364      -0.3033
                  0.5025       0.1556       0.6079       0.2915       0.0394
 
 group  inft   Estimated free energy: 2-th solvent contribution (kcal/mol)
   1      0      -1.8672      -1.2236      -1.0842      -0.8011      -0.6778
                 -1.6246      -1.2216      -0.8731      -0.8711      -1.2064
   1     60      -1.8676      -1.2240      -1.0846      -0.8015      -0.6782
                 -1.6250      -1.2221      -0.8734      -0.8715      -1.2068
   1     80      -1.8718      -1.2282      -1.0887      -0.8053      -0.6818
                 -1.6293      -1.2262      -0.8768      -0.8752      -1.2110
   1    100      -1.8887      -1.2451      -1.1050      -0.8209      -0.6972
                 -1.6463      -1.2432      -0.8911      -0.8904      -1.2279
   2      0      -1.8504      -1.2172      -1.0840      -0.8073      -0.6779
                 -1.6212      -1.2110      -0.8810      -0.8783      -1.2004
   3      0      -1.8445      -1.2123      -1.0797      -0.8040      -0.6818
                 -1.6106      -1.2135      -0.8844      -0.8763      -1.1972
   4      0      -1.8464      -1.2134      -1.0825      -0.8071      -0.6832
                 -1.6152      -1.2166      -0.8859      -0.8848      -1.1952
   5      0      -1.8436      -1.2097      -1.0786      -0.8026      -0.6862
                 -1.6067      -1.2143      -0.8861      -0.8845      -1.1969
   5     60      -1.8442      -1.2103      -1.0792      -0.8031      -0.6867
                 -1.6073      -1.2149      -0.8866      -0.8851      -1.1975
   5     80      -1.8496      -1.2158      -1.0846      -0.8082      -0.6915
                 -1.6128      -1.2203      -0.8912      -0.8901      -1.2029
   5    100      -1.8652      -1.2315      -1.1001      -0.8232      -0.7062
                 -1.6286      -1.2362      -0.9052      -0.9049      -1.2188
 
 group  inft   Estimated free energy: 3-th solvent contribution (kcal/mol)
   1      0      -1.4896      -1.3035      -0.5524      -2.8563      -2.3759
                 -2.1062      -2.4123      -3.0123      -2.7344      -2.2699
   1     60      -1.5139      -1.3282      -0.5771      -2.8809      -2.4004
                 -2.1305      -2.4367      -3.0367      -2.7588      -2.2943
   1     80      -1.7412      -1.5573      -0.8058      -3.1098      -2.6288
                 -2.3573      -2.6646      -3.2640      -2.9865      -2.5223
   1    100      -2.6150      -2.4335      -1.6773      -3.9918      -3.5065
                 -3.2310      -3.5427      -4.1417      -3.8658      -3.3994
   2      0      -1.4922      -1.3060      -0.5542      -2.8602      -2.3812
                 -2.1113      -2.4157      -3.0169      -2.7389      -2.2747
   3      0      -1.4950      -1.3066      -0.5543      -2.8611      -2.3788
                 -2.1129      -2.4178      -3.0172      -2.7385      -2.2755
   4      0      -1.5009      -1.3129      -0.5643      -2.8632      -2.3845
                 -2.1180      -2.4163      -3.0139      -2.7393      -2.2766
   5      0      -1.4916      -1.3078      -0.5540      -2.8619      -2.3744
                 -2.1128      -2.4143      -3.0135      -2.7373      -2.2732
   5     60      -1.5250      -1.3415      -0.5878      -2.8956      -2.4080
                 -2.1461      -2.4477      -3.0469      -2.7707      -2.3067
   5     80      -1.8112      -1.6296      -0.8754      -3.1839      -2.6956
                 -2.4317      -2.7347      -3.3333      -3.0576      -2.5937
   5    100      -2.6176      -2.4379      -1.6793      -3.9978      -3.5056
                 -3.2383      -3.5452      -4.1436      -3.8694      -3.4034
 
 
 cumulative average & 95% error for solvation free energy
              total             1st component         2nd component         3rd component
  1    -3.6476               -0.3079               -1.8445               -1.4950
  2    -3.5221     0.2508    -0.5928     0.5699    -1.5284     0.6323    -1.4008     0.1884
  3    -3.5636     0.1669    -1.0660     1.0019    -1.3788     0.4719    -1.1187     0.5747
  4    -3.5593     0.1183    -0.7698     0.9235    -1.2351     0.4404    -1.5543     0.9613
  5    -3.5231     0.1168    -0.6793     0.7379    -1.1245     0.4067    -1.7192     0.8144
  6    -3.4777     0.1316    -0.4874     0.7144    -1.2055     0.3695    -1.7848     0.6778
  7    -3.4800     0.1113    -0.3981     0.6296    -1.2066     0.3123    -1.8752     0.6007
  8    -3.4601     0.1043    -0.2757     0.5977    -1.1664     0.2822    -2.0180     0.5934
  9    -3.4481     0.0951    -0.2159     0.5405    -1.1341     0.2571    -2.0980     0.5473
 10    -3.4488     0.0851    -0.1925     0.4857    -1.1404     0.2303    -2.1158     0.4908
