 ERmod 0.3.7, Copyright (C) 2000-2019 Nobuyuki Matubayasi
                            2010-2019 Shun Sakuraba
 ERmod comes with ABSOLUTELY NO WARRANTY.
 This is free software, and you can redistribute it
 and/or modify it under certain conditions.
 See LICENSE file for details.
 ERmod 0.3.7, Copyright (C) 2000-2019 Nobuyuki Matubayasi
                            2010-2019 Shun Sakuraba
 ERmod comes with ABSOLUTELY NO WARRANTY.
 This is free software, and you can redistribute it
 and/or modify it under certain conditions.
 See LICENSE file for details.
 
  Number of the   1-th solvent  =           90
  Number of the   2-th solvent  =           90
  Number of the   3-th solvent  =        10000
 
  Be sure that the solvent distribution is homogeneous (radial distribution function is essentially unity) when the solvent molecule is separated beyond distance of   10.0 Angstrom in any direction from any atom within the solute molecule
 
  LJ long-range correction    =        -0.0019     -0.0014     -0.1964
 
  Self-energy of the solute   =        -0.0001  kcal/mol
 
 
 cumulative average & 95% error for solvation energy
              total             1st component         2nd component         3rd component
  1   -18.8529               -0.8896               -3.0492              -14.9141
  2   -18.7351     0.2357    -0.9998     0.2205    -2.7037     0.6910   -15.0315     0.2347
  3   -18.5663     0.3639    -1.0364     0.1469    -2.1339     1.2074   -15.3959     0.7414
  4   -18.6585     0.3165    -1.0531     0.1090    -2.4234     1.0316   -15.1819     0.6768
  5   -18.6055     0.2671    -0.9779     0.1723    -2.2128     0.9033   -15.4146     0.7010
  6   -18.5446     0.2497    -0.9414     0.1585    -1.9981     0.8535   -15.6050     0.6874
  7   -18.5145     0.2195    -0.9302     0.1359    -1.9197     0.7381   -15.6644     0.5931
  8   -18.5464     0.2005    -0.9111     0.1237    -2.0146     0.6668   -15.6205     0.5210
  9   -18.4970     0.2025    -0.8961     0.1131    -1.7981     0.7303   -15.8028     0.5865
 10   -18.4622     0.1941    -0.9252     0.1168    -1.6342     0.7308   -15.9027     0.5613
 
 
 group  inft  solvation free energy     error          difference
  total solvation free energy
   1      0         -4.60298           0.08232          -0.01087
   1     60         -4.63001           0.08229          -0.03790
   1     80         -4.77730           0.08203          -0.18519
   1    100         -5.16789           0.08103          -0.57579
   2      0         -4.59404           0.08250          -0.00193
   3      0         -4.59211           0.08324           0.00000
   4      0         -4.58629           0.08440           0.00582
   5      0         -4.58815           0.08205           0.00396
   5     60         -4.62339           0.08199          -0.03128
   5     80         -4.79865           0.08162          -0.20654
   5    100         -5.15411           0.08069          -0.56201
 
  contribution from  1-th solvent component
   1      0         -0.40781           0.05811          -0.00581
   1     60         -0.40794           0.05811          -0.00594
   1     80         -0.40872           0.05814          -0.00672
   1    100         -0.41103           0.05821          -0.00903
   2      0         -0.40510           0.05727          -0.00310
   3      0         -0.40200           0.05751           0.00000
   4      0         -0.40176           0.05694           0.00024
   5      0         -0.39994           0.05670           0.00206
   5     60         -0.40013           0.05671           0.00187
   5     80         -0.40114           0.05672           0.00085
   5    100         -0.40343           0.05675          -0.00143
 
  contribution from  2-th solvent component
   1      0         -0.82751           0.34911          -0.00593
   1     60         -0.82736           0.34913          -0.00578
   1     80         -0.82694           0.34922          -0.00535
   1    100         -0.82652           0.34947          -0.00494
   2      0         -0.82218           0.34868          -0.00060
   3      0         -0.82158           0.34877           0.00000
   4      0         -0.82178           0.34826          -0.00020
   5      0         -0.81965           0.34822           0.00194
   5     60         -0.81950           0.34823           0.00208
   5     80         -0.81924           0.34834           0.00234
   5    100         -0.81932           0.34856           0.00227
 
  contribution from  3-th solvent component
   1      0         -3.36755           0.29549           0.00087
   1     60         -3.39459           0.29554          -0.02618
   1     80         -3.54153           0.29593          -0.17312
   1    100         -3.93023           0.29725          -0.56182
   2      0         -3.36666           0.29549           0.00176
   3      0         -3.36842           0.29546           0.00000
   4      0         -3.36264           0.29489           0.00578
   5      0         -3.36845           0.29614          -0.00003
   5     60         -3.40365           0.29622          -0.03523
   5     80         -3.57815           0.29673          -0.20974
   5    100         -3.93126           0.29794          -0.56285
 
 
 group  inft   Estimated free energy: total (kcal/mol)
   1      0      -4.7676      -4.7008      -4.4719      -4.7638      -4.5800
                 -4.5644      -4.6047      -4.7070      -4.3940      -4.4755
   1     60      -4.7947      -4.7277      -4.4989      -4.7907      -4.6070
                 -4.5915      -4.6317      -4.7340      -4.4211      -4.5026
   1     80      -4.9419      -4.8744      -4.6464      -4.9373      -4.7543
                 -4.7392      -4.7789      -4.8810      -4.5692      -4.6503
   1    100      -5.3313      -5.2631      -5.0379      -5.3255      -5.1454
                 -5.1311      -5.1697      -5.2702      -4.9625      -5.0423
   2      0      -4.7612      -4.6889      -4.4571      -4.7533      -4.5753
                 -4.5540      -4.6009      -4.6978      -4.3886      -4.4633
   3      0      -4.7593      -4.6856      -4.4562      -4.7533      -4.5799
                 -4.5527      -4.5964      -4.6970      -4.3816      -4.4590
   4      0      -4.7536      -4.6784      -4.4401      -4.7508      -4.5765
                 -4.5504      -4.5936      -4.6938      -4.3792      -4.4467
   5      0      -4.7460      -4.6794      -4.4424      -4.7506      -4.5829
                 -4.5501      -4.5944      -4.6924      -4.3846      -4.4586
   5     60      -4.7812      -4.7145      -4.4777      -4.7857      -4.6181
                 -4.5855      -4.6296      -4.7276      -4.4200      -4.4939
   5     80      -4.9561      -4.8889      -4.6531      -4.9600      -4.7935
                 -4.7613      -4.8048      -4.9024      -4.5964      -4.6698
   5    100      -5.3102      -5.2427      -5.0092      -5.3133      -5.1496
                 -5.1179      -5.1605      -5.2565      -4.9545      -5.0267
 
 group  inft   Estimated free energy: 1-th solvent contribution (kcal/mol)
   1      0      -0.4237      -0.5170      -0.4427      -0.5441      -0.2929
                 -0.3244      -0.3843      -0.3458      -0.3032      -0.5000
   1     60      -0.4238      -0.5172      -0.4429      -0.5443      -0.2930
                 -0.3245      -0.3844      -0.3460      -0.3033      -0.5001
   1     80      -0.4246      -0.5180      -0.4437      -0.5451      -0.2936
                 -0.3253      -0.3851      -0.3468      -0.3041      -0.5008
   1    100      -0.4269      -0.5205      -0.4460      -0.5477      -0.2955
                 -0.3275      -0.3873      -0.3492      -0.3066      -0.5031
   2      0      -0.4225      -0.5120      -0.4342      -0.5413      -0.2994
                 -0.3194      -0.3875      -0.3413      -0.2975      -0.4957
   3      0      -0.4203      -0.5089      -0.4312      -0.5391      -0.2978
                 -0.3149      -0.3859      -0.3392      -0.2910      -0.4917
   4      0      -0.4213      -0.5077      -0.4277      -0.5395      -0.3018
                 -0.3161      -0.3874      -0.3391      -0.2888      -0.4882
   5      0      -0.4173      -0.5053      -0.4275      -0.5330      -0.2988
                 -0.3127      -0.3867      -0.3387      -0.2884      -0.4909
   5     60      -0.4175      -0.5055      -0.4277      -0.5332      -0.2990
                 -0.3129      -0.3869      -0.3389      -0.2886      -0.4911
   5     80      -0.4185      -0.5066      -0.4288      -0.5343      -0.2998
                 -0.3139      -0.3878      -0.3399      -0.2897      -0.4921
   5    100      -0.4207      -0.5089      -0.4312      -0.5367      -0.3018
                 -0.3162      -0.3900      -0.3422      -0.2922      -0.4944
 
 group  inft   Estimated free energy: 2-th solvent contribution (kcal/mol)
   1      0      -1.5245      -1.2128      -0.5253      -1.5446      -0.6991
                 -0.5693      -0.7630      -1.3124       0.0029      -0.1270
   1     60      -1.5244      -1.2127      -0.5252      -1.5444      -0.6990
                 -0.5692      -0.7628      -1.3122       0.0031      -0.1269
   1     80      -1.5241      -1.2124      -0.5248      -1.5441      -0.6986
                 -0.5688      -0.7624      -1.3118       0.0041      -0.1264
   1    100      -1.5241      -1.2125      -0.5247      -1.5439      -0.6983
                 -0.5685      -0.7621      -1.3114       0.0061      -0.1258
   2      0      -1.5200      -1.2068      -0.5198      -1.5380      -0.6893
                 -0.5657      -0.7573      -1.3076       0.0027      -0.1200
   3      0      -1.5212      -1.2049      -0.5190      -1.5369      -0.6906
                 -0.5668      -0.7527      -1.3080       0.0029      -0.1186
   4      0      -1.5196      -1.2045      -0.5163      -1.5390      -0.6883
                 -0.5700      -0.7548      -1.3058      -0.0026      -0.1169
   5      0      -1.5157      -1.1998      -0.5131      -1.5394      -0.6898
                 -0.5668      -0.7528      -1.3035       0.0011      -0.1166
   5     60      -1.5156      -1.1996      -0.5130      -1.5393      -0.6896
                 -0.5667      -0.7527      -1.3034       0.0013      -0.1165
   5     80      -1.5155      -1.1996      -0.5128      -1.5391      -0.6895
                 -0.5665      -0.7524      -1.3032       0.0022      -0.1161
   5    100      -1.5160      -1.2001      -0.5129      -1.5395      -0.6896
                 -0.5667      -0.7526      -1.3033       0.0035      -0.1161
 
 group  inft   Estimated free energy: 3-th solvent contribution (kcal/mol)
   1      0      -2.8194      -2.9708      -3.5038      -2.6750      -3.5879
                 -3.6706      -3.4573      -3.0487      -4.0936      -3.8484
   1     60      -2.8464      -2.9977      -3.5308      -2.7019      -3.6149
                 -3.6977      -3.4844      -3.0757      -4.1208      -3.8756
   1     80      -2.9931      -3.1438      -3.6778      -2.8480      -3.7620
                 -3.8451      -3.6313      -3.2222      -4.2691      -4.0230
   1    100      -3.3801      -3.5300      -4.0671      -3.2338      -4.1514
                 -4.2350      -4.0202      -3.6094      -4.6620      -4.4132
   2      0      -2.8185      -2.9700      -3.5030      -2.6739      -3.5864
                 -3.6688      -3.4560      -3.0488      -4.0936      -3.8476
   3      0      -2.8177      -2.9717      -3.5058      -2.6773      -3.5914
                 -3.6709      -3.4577      -3.0497      -4.0934      -3.8486
   4      0      -2.8125      -2.9661      -3.4960      -2.6721      -3.5862
                 -3.6642      -3.4513      -3.0488      -4.0876      -3.8414
   5      0      -2.8128      -2.9742      -3.5017      -2.6781      -3.5942
                 -3.6705      -3.4547      -3.0501      -4.0972      -3.8509
   5     60      -2.8481      -3.0092      -3.5369      -2.7131      -3.6294
                 -3.7058      -3.4899      -3.0853      -4.1327      -3.8862
   5     80      -3.0220      -3.1827      -3.7115      -2.8865      -3.8041
                 -3.8808      -3.6644      -3.2593      -4.3088      -4.0614
   5    100      -3.3734      -3.5336      -4.0651      -3.2371      -4.1580
                 -4.2350      -4.0178      -3.6109      -4.6657      -4.4161
 
 
 cumulative average & 95% error for solvation free energy
              total             1st component         2nd component         3rd component
  1    -4.7593               -0.4203               -1.5212               -2.8177
  2    -4.7224     0.0737    -0.4646     0.0886    -1.3630     0.3163    -2.8947     0.1540
  3    -4.6337     0.1825    -0.4535     0.0558    -1.0817     0.5915    -3.0984     0.4170
  4    -4.6636     0.1423    -0.4749     0.0582    -1.1955     0.4762    -2.9931     0.3623
  5    -4.6469     0.1152    -0.4395     0.0839    -1.0945     0.4205    -3.1128     0.3688
  6    -4.6312     0.0991    -0.4187     0.0801    -1.0066     0.3858    -3.2058     0.3540
  7    -4.6262     0.0844    -0.4140     0.0684    -0.9703     0.3340    -3.2418     0.3077
  8    -4.6351     0.0752    -0.4047     0.0621    -1.0125     0.3013    -3.2178     0.2708
  9    -4.6069     0.0870    -0.3920     0.0603    -0.8997     0.3486    -3.3151     0.3080
 10    -4.5921     0.0832    -0.4020     0.0575    -0.8216     0.3488    -3.3684     0.2955
