 ERmod 0.3.7, Copyright (C) 2000-2019 Nobuyuki Matubayasi
                            2010-2019 Shun Sakuraba
 ERmod comes with ABSOLUTELY NO WARRANTY.
 This is free software, and you can redistribute it
 and/or modify it under certain conditions.
 See LICENSE file for details.
 ERmod 0.3.7, Copyright (C) 2000-2019 Nobuyuki Matubayasi
                            2010-2019 Shun Sakuraba
 ERmod comes with ABSOLUTELY NO WARRANTY.
 This is free software, and you can redistribute it
 and/or modify it under certain conditions.
 See LICENSE file for details.
 
  Number of the   1-th solvent  =           90
  Number of the   2-th solvent  =           90
  Number of the   3-th solvent  =        10000
 
  Be sure that the solvent distribution is homogeneous (radial distribution function is essentially unity) when the solvent molecule is separated beyond distance of   10.0 Angstrom in any direction from any atom within the solute molecule
 
  LJ long-range correction    =        -0.0003     -0.0014     -0.1981
 
  Self-energy of the solute   =        -0.0001  kcal/mol
 
 
 cumulative average & 95% error for solvation energy
              total             1st component         2nd component         3rd component
  1   -18.1817               -1.7483               -0.2367              -16.1966
  2   -18.3975     0.4316    -1.2408     1.0151    -1.1661     1.8588   -15.9906     0.4121
  3   -18.3056     0.3097    -1.0806     0.6679    -0.9475     1.1588   -16.2774     0.6210
  4   -18.2216     0.2760    -0.8133     0.7133    -0.7530     0.9071   -16.6552     0.8740
  5   -18.1996     0.2182    -0.7045     0.5938    -0.6550     0.7294   -16.8400     0.7713
  6   -18.1805     0.1822    -0.6459     0.4988    -0.5729     0.6178   -16.9616     0.6751
  7   -18.1808     0.1540    -0.5535     0.4603    -0.5352     0.5275   -17.0919     0.6273
  8   -18.1817     0.1334    -0.5629     0.3990    -0.4998     0.4623   -17.1189     0.5459
  9   -18.1969     0.1215    -0.5503     0.3528    -0.5103     0.4083   -17.1361     0.4827
 10   -18.1928     0.1090    -0.5241     0.3199    -0.4886     0.3678   -17.1800     0.4406
 
 
 group  inft  solvation free energy     error          difference
  total solvation free energy
   1      0         -4.41148           0.03896           0.00256
   1     60         -4.43890           0.03899          -0.02487
   1     80         -4.58749           0.03908          -0.17346
   1    100         -4.97874           0.03910          -0.56470
   2      0         -4.41026           0.04191           0.00377
   3      0         -4.41403           0.04280           0.00000
   4      0         -4.40321           0.04442           0.01082
   5      0         -4.41378           0.04401           0.00025
   5     60         -4.44945           0.04405          -0.03541
   5     80         -4.62638           0.04413          -0.21235
   5    100         -4.98248           0.04410          -0.56845
 
  contribution from  1-th solvent component
   1      0         -0.18529           0.17928           0.00810
   1     60         -0.18500           0.17929           0.00839
   1     80         -0.18352           0.17934           0.00987
   1    100         -0.18014           0.17947           0.01325
   2      0         -0.18990           0.18055           0.00349
   3      0         -0.19339           0.18156           0.00000
   4      0         -0.19428           0.18236          -0.00089
   5      0         -0.19677           0.18149          -0.00338
   5     60         -0.19644           0.18150          -0.00305
   5     80         -0.19489           0.18157          -0.00150
   5    100         -0.19232           0.18172           0.00107
 
  contribution from  2-th solvent component
   1      0         -0.25172           0.16449          -0.00693
   1     60         -0.25154           0.16450          -0.00674
   1     80         -0.25086           0.16455          -0.00607
   1    100         -0.24993           0.16465          -0.00513
   2      0         -0.24605           0.16487          -0.00126
   3      0         -0.24479           0.16351           0.00000
   4      0         -0.24292           0.16285           0.00187
   5      0         -0.24383           0.16326           0.00096
   5     60         -0.24364           0.16328           0.00116
   5     80         -0.24312           0.16335           0.00167
   5    100         -0.24276           0.16348           0.00203
 
  contribution from  3-th solvent component
   1      0         -3.97435           0.24326           0.00138
   1     60         -4.00225           0.24326          -0.02652
   1     80         -4.15299           0.24344          -0.17726
   1    100         -4.54855           0.24427          -0.57282
   2      0         -3.97420           0.24327           0.00154
   3      0         -3.97573           0.24378           0.00000
   4      0         -3.96590           0.24239           0.00984
   5      0         -3.97306           0.24326           0.00267
   5     60         -4.00926           0.24327          -0.03352
   5     80         -4.18825           0.24352          -0.21252
   5    100         -4.54728           0.24431          -0.57155
 
 
 group  inft   Estimated free energy: total (kcal/mol)
   1      0      -4.4592      -4.5058      -4.3441      -4.4172      -4.3742
                 -4.3446      -4.4400      -4.3508      -4.4964      -4.3824
   1     60      -4.4866      -4.5333      -4.3715      -4.4445      -4.4017
                 -4.3719      -4.4674      -4.3782      -4.5240      -4.4099
   1     80      -4.6346      -4.6820      -4.5198      -4.5932      -4.5508
                 -4.5199      -4.6158      -4.5268      -4.6734      -4.5588
   1    100      -5.0236      -5.0720      -4.9102      -4.9856      -4.9439
                 -4.9100      -5.0070      -4.9175      -5.0665      -4.9512
   2      0      -4.4665      -4.5183      -4.3307      -4.4152      -4.3694
                 -4.3534      -4.4463      -4.3435      -4.4885      -4.3709
   3      0      -4.4816      -4.5162      -4.3338      -4.4159      -4.3703
                 -4.3511      -4.4553      -4.3450      -4.4926      -4.3785
   4      0      -4.4793      -4.5112      -4.3195      -4.4018      -4.3565
                 -4.3496      -4.4428      -4.3271      -4.4804      -4.3639
   5      0      -4.4823      -4.5196      -4.3224      -4.4122      -4.3701
                 -4.3567      -4.4541      -4.3460      -4.4958      -4.3787
   5     60      -4.5179      -4.5554      -4.3580      -4.4478      -4.4058
                 -4.3922      -4.4896      -4.3816      -4.5317      -4.4144
   5     80      -4.6939      -4.7324      -4.5345      -4.6246      -4.5835
                 -4.5686      -4.6663      -4.5584      -4.7098      -4.5916
   5    100      -5.0480      -5.0874      -4.8899      -4.9815      -4.9413
                 -4.9239      -5.0222      -4.9140      -5.0681      -4.9486
 
 group  inft   Estimated free energy: 1-th solvent contribution (kcal/mol)
   1      0      -0.8713      -0.3158      -0.3179       0.1018      -0.0486
                 -0.0773       0.1009      -0.2227      -0.1626      -0.0395
   1     60      -0.8710      -0.3155      -0.3177       0.1021      -0.0483
                 -0.0770       0.1013      -0.2225      -0.1623      -0.0392
   1     80      -0.8694      -0.3142      -0.3167       0.1039      -0.0467
                 -0.0755       0.1032      -0.2212      -0.1607      -0.0378
   1    100      -0.8658      -0.3113      -0.3143       0.1078      -0.0431
                 -0.0719       0.1076      -0.2184      -0.1573      -0.0347
   2      0      -0.8811      -0.3282      -0.3196       0.0977      -0.0497
                 -0.0895       0.0919      -0.2240      -0.1686      -0.0277
   3      0      -0.8886      -0.3355      -0.3251       0.0941      -0.0455
                 -0.0882       0.0835      -0.2238      -0.1771      -0.0277
   4      0      -0.8899      -0.3385      -0.3296       0.0983      -0.0466
                 -0.0991       0.0862      -0.2217      -0.1778      -0.0242
   5      0      -0.8907      -0.3398      -0.3266       0.0944      -0.0525
                 -0.0991       0.0807      -0.2236      -0.1848      -0.0257
   5     60      -0.8903      -0.3395      -0.3264       0.0948      -0.0521
                 -0.0988       0.0811      -0.2234      -0.1844      -0.0253
   5     80      -0.8886      -0.3383      -0.3254       0.0967      -0.0505
                 -0.0973       0.0833      -0.2222      -0.1830      -0.0238
   5    100      -0.8857      -0.3362      -0.3239       0.1001      -0.0477
                 -0.0947       0.0870      -0.2202      -0.1805      -0.0212
 
 group  inft   Estimated free energy: 2-th solvent contribution (kcal/mol)
   1      0      -0.1751      -0.9661      -0.2281      -0.1963      -0.1112
                 -0.0740      -0.1808      -0.1072      -0.3144      -0.1640
   1     60      -0.1749      -0.9660      -0.2278      -0.1962      -0.1110
                 -0.0739      -0.1806      -0.1069      -0.3143      -0.1638
   1     80      -0.1745      -0.9654      -0.2269      -0.1958      -0.1102
                 -0.0733      -0.1799      -0.1057      -0.3140      -0.1629
   1    100      -0.1742      -0.9648      -0.2253      -0.1955      -0.1089
                 -0.0724      -0.1789      -0.1037      -0.3139      -0.1617
   2      0      -0.1744      -0.9643      -0.2149      -0.1899      -0.1051
                 -0.0709      -0.1777      -0.0988      -0.3000      -0.1645
   3      0      -0.1796      -0.9574      -0.2104      -0.1880      -0.1080
                 -0.0672      -0.1757      -0.0979      -0.2956      -0.1682
   4      0      -0.1828      -0.9536      -0.2024      -0.1871      -0.1033
                 -0.0682      -0.1777      -0.0955      -0.2879      -0.1706
   5      0      -0.1819      -0.9562      -0.2007      -0.1865      -0.1053
                 -0.0653      -0.1770      -0.1002      -0.2911      -0.1740
   5     60      -0.1818      -0.9561      -0.2005      -0.1864      -0.1051
                 -0.0652      -0.1768      -0.0998      -0.2911      -0.1738
   5     80      -0.1815      -0.9558      -0.1996      -0.1861      -0.1045
                 -0.0647      -0.1763      -0.0986      -0.2910      -0.1731
   5    100      -0.1818      -0.9557      -0.1985      -0.1862      -0.1039
                 -0.0644      -0.1759      -0.0970      -0.2916      -0.1725
 
 group  inft   Estimated free energy: 3-th solvent contribution (kcal/mol)
   1      0      -3.4127      -3.2237      -3.7980      -4.3225      -4.2144
                 -4.1931      -4.3601      -4.0207      -4.0193      -4.1789
   1     60      -3.4405      -3.2517      -3.8258      -4.3504      -4.2424
                 -4.2209      -4.3880      -4.0487      -4.0473      -4.2068
   1     80      -3.5905      -3.4022      -3.9761      -4.5011      -4.3938
                 -4.3710      -4.5390      -4.1997      -4.1985      -4.3579
   1    100      -3.9835      -3.7958      -4.3705      -4.8978      -4.7917
                 -4.7655      -4.9356      -4.5953      -4.5952      -4.7547
   2      0      -3.4109      -3.2257      -3.7960      -4.3228      -4.2145
                 -4.1928      -4.3604      -4.0206      -4.0198      -4.1785
   3      0      -3.4134      -3.2232      -3.7983      -4.3219      -4.2166
                 -4.1956      -4.3629      -4.0232      -4.0198      -4.1825
   4      0      -3.4064      -3.2190      -3.7873      -4.3129      -4.2065
                 -4.1821      -4.3512      -4.0098      -4.0146      -4.1690
   5      0      -3.4096      -3.2234      -3.7949      -4.3200      -4.2122
                 -4.1922      -4.3576      -4.0220      -4.0198      -4.1789
   5     60      -3.4457      -3.2597      -3.8310      -4.3561      -4.2485
                 -4.2282      -4.3939      -4.0583      -4.0561      -4.2151
   5     80      -3.6237      -3.4383      -4.0094      -4.5352      -4.4284
                 -4.4065      -4.5733      -4.2375      -4.2357      -4.3946
   5    100      -3.9804      -3.7954      -4.3673      -4.8953      -4.7895
                 -4.7646      -4.9332      -4.5966      -4.5958      -4.7547
 
 
 cumulative average & 95% error for solvation free energy
              total             1st component         2nd component         3rd component
  1    -4.4816               -0.8886               -0.1796               -3.4134
  2    -4.4989     0.0346    -0.6120     0.5531    -0.5685     0.7779    -3.3183     0.1902
  3    -4.4439     0.1118    -0.5164     0.3722    -0.4491     0.5086    -3.4783     0.3383
  4    -4.4369     0.0803    -0.3638     0.4030    -0.3838     0.3826    -3.6892     0.4849
  5    -4.4236     0.0677    -0.3001     0.3372    -0.3287     0.3162    -3.7947     0.4308
  6    -4.4115     0.0603    -0.2648     0.2842    -0.2851     0.2725    -3.8615     0.3763
  7    -4.4177     0.0525    -0.2150     0.2600    -0.2695     0.2324    -3.9331     0.3488
  8    -4.4087     0.0489    -0.2161     0.2252    -0.2480     0.2058    -3.9444     0.3029
  9    -4.4180     0.0470    -0.2118     0.1988    -0.2533     0.1818    -3.9528     0.2677
 10    -4.4140     0.0428    -0.1934     0.1816    -0.2448     0.1635    -3.9757     0.2438
