 ERmod 0.3.7, Copyright (C) 2000-2019 Nobuyuki Matubayasi
                            2010-2019 Shun Sakuraba
 ERmod comes with ABSOLUTELY NO WARRANTY.
 This is free software, and you can redistribute it
 and/or modify it under certain conditions.
 See LICENSE file for details.
 ERmod 0.3.7, Copyright (C) 2000-2019 Nobuyuki Matubayasi
                            2010-2019 Shun Sakuraba
 ERmod comes with ABSOLUTELY NO WARRANTY.
 This is free software, and you can redistribute it
 and/or modify it under certain conditions.
 See LICENSE file for details.
 
  Number of the   1-th solvent  =          180
  Number of the   2-th solvent  =          180
  Number of the   3-th solvent  =        10000
 
  Be sure that the solvent distribution is homogeneous (radial distribution function is essentially unity) when the solvent molecule is separated beyond distance of   10.0 Angstrom in any direction from any atom within the solute molecule
 
  LJ long-range correction    =        -0.0011     -0.0359     -0.3401
 
  Self-energy of the solute   =         0.0000  kcal/mol
 
 
 cumulative average & 95% error for solvation energy
              total             1st component         2nd component         3rd component
  1    -9.4138                0.2095               -0.9559               -8.6674
  2    -9.4189     0.0102     0.2066     0.0058    -0.9094     0.0930    -8.7161     0.0975
  3    -9.4270     0.0172     0.2065     0.0033    -0.9162     0.0554    -8.7173     0.0563
  4    -9.4098     0.0363     0.2084     0.0045    -0.8740     0.0930    -8.7443     0.0670
  5    -9.3998     0.0346     0.2093     0.0038    -0.8429     0.0952    -8.7661     0.0678
  6    -9.3908     0.0334     0.2102     0.0036    -0.8190     0.0912    -8.7820     0.0639
  7    -9.3925     0.0284     0.2100     0.0031    -0.8290     0.0796    -8.7736     0.0565
  8    -9.3811     0.0336     0.2102     0.0027    -0.8056     0.0833    -8.7857     0.0546
  9    -9.3807     0.0297     0.2101     0.0024    -0.8092     0.0738    -8.7817     0.0488
 10    -9.3876     0.0299     0.2103     0.0022    -0.8323     0.0805    -8.7657     0.0541
 
 
 group  inft  solvation free energy     error          difference
  total solvation free energy
   1      0          2.72879           0.01655           0.00068
   1     60          2.70994           0.01659          -0.01817
   1     80          2.58004           0.01692          -0.14807
   1    100          2.15309           0.01771          -0.57502
   2      0          2.71932           0.01678          -0.00878
   3      0          2.72811           0.01663           0.00000
   4      0          2.70918           0.01702          -0.01893
   5      0          2.76264           0.01674           0.03454
   5     60          2.73739           0.01680           0.00928
   5     80          2.57655           0.01716          -0.15156
   5    100          2.18056           0.01780          -0.54754
 
  contribution from  1-th solvent component
   1      0          0.19658           0.00534           0.00302
   1     60          0.19722           0.00534           0.00365
   1     80          0.20143           0.00538           0.00786
   1    100          0.21235           0.00552           0.01878
   2      0          0.19453           0.00505           0.00097
   3      0          0.19357           0.00496           0.00000
   4      0          0.19171           0.00480          -0.00186
   5      0          0.19300           0.00494          -0.00057
   5     60          0.19381           0.00495           0.00025
   5     80          0.19869           0.00499           0.00512
   5    100          0.20835           0.00513           0.01479
 
  contribution from  2-th solvent component
   1      0         -0.37150           0.03758           0.00295
   1     60         -0.37181           0.03762           0.00264
   1     80         -0.37389           0.03784           0.00055
   1    100         -0.38065           0.03849          -0.00620
   2      0         -0.37347           0.03768           0.00098
   3      0         -0.37445           0.03773           0.00000
   4      0         -0.37593           0.03782          -0.00149
   5      0         -0.37646           0.03779          -0.00202
   5     60         -0.37689           0.03784          -0.00245
   5     80         -0.37961           0.03811          -0.00517
   5    100         -0.38614           0.03871          -0.01169
 
  contribution from  3-th solvent component
   1      0          2.90368           0.02420          -0.00528
   1     60          2.88450           0.02423          -0.02446
   1     80          2.75248           0.02442          -0.15648
   1    100          2.32136           0.02517          -0.58760
   2      0          2.89823           0.02396          -0.01073
   3      0          2.90896           0.02397           0.00000
   4      0          2.89338           0.02357          -0.01558
   5      0          2.94608           0.02250           0.03712
   5     60          2.92044           0.02254           0.01148
   5     80          2.75745           0.02279          -0.15151
   5    100          2.35832           0.02351          -0.55064
 
 
 group  inft   Estimated free energy: total (kcal/mol)
   1      0       2.7153       2.6999       2.6869       2.7387       2.7443
                  2.7356       2.7211       2.7728       2.7577       2.7155
   1     60       2.6964       2.6810       2.6680       2.7198       2.7255
                  2.7167       2.7022       2.7540       2.7390       2.6967
   1     80       2.5664       2.5503       2.5373       2.5900       2.5959
                  2.5867       2.5719       2.6249       2.6100       2.5670
   1    100       2.1388       2.1214       2.1081       2.1630       2.1693
                  2.1594       2.1441       2.1999       2.1851       2.1417
   2      0       2.7042       2.6914       2.6778       2.7286       2.7364
                  2.7261       2.7115       2.7653       2.7474       2.7045
   3      0       2.7146       2.7009       2.6860       2.7357       2.7462
                  2.7354       2.7208       2.7737       2.7550       2.7129
   4      0       2.6943       2.6820       2.6667       2.7173       2.7288
                  2.7172       2.7008       2.7554       2.7366       2.6925
   5      0       2.7460       2.7361       2.7237       2.7706       2.7807
                  2.7752       2.7557       2.8109       2.7848       2.7427
   5     60       2.7208       2.7107       2.6983       2.7453       2.7554
                  2.7499       2.7304       2.7858       2.7597       2.7175
   5     80       2.5597       2.5490       2.5365       2.5846       2.5949
                  2.5889       2.5691       2.6259       2.5999       2.5570
   5    100       2.1631       2.1513       2.1382       2.1886       2.1992
                  2.1923       2.1726       2.2316       2.2058       2.1628
 
 group  inft   Estimated free energy: 1-th solvent contribution (kcal/mol)
   1      0       0.1975       0.1868       0.1968       0.2003       0.1968
                  0.1889       0.2069       0.1875       0.1917       0.2127
   1     60       0.1981       0.1874       0.1974       0.2009       0.1974
                  0.1896       0.2075       0.1882       0.1924       0.2133
   1     80       0.2022       0.1914       0.2015       0.2054       0.2017
                  0.1939       0.2116       0.1923       0.1966       0.2178
   1    100       0.2121       0.2019       0.2122       0.2170       0.2129
                  0.2051       0.2222       0.2030       0.2075       0.2295
   2      0       0.1954       0.1856       0.1959       0.1976       0.1946
                  0.1869       0.2054       0.1863       0.1888       0.2089
   3      0       0.1943       0.1858       0.1951       0.1965       0.1933
                  0.1859       0.2039       0.1846       0.1882       0.2079
   4      0       0.1925       0.1843       0.1939       0.1944       0.1916
                  0.1842       0.2017       0.1822       0.1871       0.2052
   5      0       0.1935       0.1853       0.1947       0.1957       0.1933
                  0.1857       0.2037       0.1840       0.1872       0.2070
   5     60       0.1943       0.1861       0.1955       0.1965       0.1941
                  0.1865       0.2045       0.1848       0.1881       0.2079
   5     80       0.1989       0.1908       0.2003       0.2017       0.1990
                  0.1915       0.2092       0.1895       0.1930       0.2130
   5    100       0.2076       0.1999       0.2099       0.2120       0.2090
                  0.2015       0.2186       0.1988       0.2027       0.2235
 
 group  inft   Estimated free energy: 2-th solvent contribution (kcal/mol)
   1      0      -0.4246      -0.3884      -0.4217      -0.3350      -0.3186
                 -0.3103      -0.4037      -0.2757      -0.3756      -0.4612
   1     60      -0.4250      -0.3888      -0.4220      -0.3353      -0.3189
                 -0.3106      -0.4041      -0.2759      -0.3759      -0.4616
   1     80      -0.4273      -0.3911      -0.4244      -0.3372      -0.3205
                 -0.3125      -0.4065      -0.2772      -0.3782      -0.4641
   1    100      -0.4347      -0.3986      -0.4320      -0.3432      -0.3259
                 -0.3187      -0.4141      -0.2819      -0.3855      -0.4719
   2      0      -0.4271      -0.3901      -0.4244      -0.3369      -0.3200
                 -0.3127      -0.4055      -0.2773      -0.3776      -0.4630
   3      0      -0.4278      -0.3908      -0.4250      -0.3375      -0.3209
                 -0.3138      -0.4061      -0.2788      -0.3785      -0.4655
   4      0      -0.4296      -0.3916      -0.4268      -0.3385      -0.3223
                 -0.3151      -0.4082      -0.2804      -0.3796      -0.4672
   5      0      -0.4298      -0.3927      -0.4266      -0.3391      -0.3234
                 -0.3154      -0.4069      -0.2817      -0.3794      -0.4696
   5     60      -0.4303      -0.3931      -0.4271      -0.3395      -0.3237
                 -0.3158      -0.4074      -0.2820      -0.3799      -0.4701
   5     80      -0.4333      -0.3961      -0.4302      -0.3420      -0.3259
                 -0.3182      -0.4104      -0.2838      -0.3828      -0.4733
   5    100      -0.4405      -0.4033      -0.4375      -0.3480      -0.3312
                 -0.3242      -0.4177      -0.2884      -0.3898      -0.4808
 
 group  inft   Estimated free energy: 3-th solvent contribution (kcal/mol)
   1      0       2.9424       2.9016       2.9118       2.8734       2.8662
                  2.8570       2.9179       2.8609       2.9416       2.9640
   1     60       2.9232       2.8824       2.8926       2.8541       2.8470
                  2.8377       2.8988       2.8417       2.9225       2.9449
   1     80       2.7915       2.7499       2.7602       2.7217       2.7147
                  2.7053       2.7667       2.7098       2.7915       2.8132
   1    100       2.3615       2.3181       2.3278       2.2892       2.2822
                  2.2729       2.3360       2.2788       2.3630       2.3840
   2      0       2.9359       2.8959       2.9063       2.8678       2.8618
                  2.8519       2.9116       2.8563       2.9361       2.9587
   3      0       2.9480       2.9058       2.9158       2.8767       2.8738
                  2.8632       2.9229       2.8678       2.9452       2.9703
   4      0       2.9314       2.8893       2.8996       2.8615       2.8596
                  2.8481       2.9073       2.8536       2.9291       2.9544
   5      0       2.9823       2.9435       2.9556       2.9140       2.9108
                  2.9049       2.9589       2.9087       2.9769       3.0052
   5     60       2.9567       2.9178       2.9299       2.8883       2.8851
                  2.8792       2.9332       2.8830       2.9515       2.9797
   5     80       2.7941       2.7543       2.7663       2.7249       2.7218
                  2.7156       2.7703       2.7202       2.7897       2.8173
   5    100       2.3959       2.3546       2.3658       2.3246       2.3214
                  2.3150       2.3717       2.3212       2.3929       2.4201
 
 
 cumulative average & 95% error for solvation free energy
              total             1st component         2nd component         3rd component
  1     2.7146                0.1943               -0.4278                2.9480
  2     2.7077     0.0137     0.1901     0.0085    -0.4093     0.0370     2.9269     0.0422
  3     2.7005     0.0165     0.1918     0.0060    -0.4145     0.0238     2.9232     0.0255
  4     2.7093     0.0211     0.1930     0.0048    -0.3953     0.0420     2.9116     0.0294
  5     2.7167     0.0221     0.1930     0.0038    -0.3804     0.0441     2.9040     0.0273
  6     2.7198     0.0191     0.1918     0.0039    -0.3693     0.0423     2.8972     0.0261
  7     2.7199     0.0161     0.1936     0.0048    -0.3745     0.0373     2.9009     0.0233
  8     2.7267     0.0194     0.1924     0.0047    -0.3626     0.0402     2.8968     0.0218
  9     2.7298     0.0182     0.1920     0.0042    -0.3643     0.0356     2.9021     0.0220
 10     2.7281     0.0166     0.1936     0.0050    -0.3744     0.0377     2.9090     0.0240
