 ERmod 0.3.7, Copyright (C) 2000-2019 Nobuyuki Matubayasi
                            2010-2019 Shun Sakuraba
 ERmod comes with ABSOLUTELY NO WARRANTY.
 This is free software, and you can redistribute it
 and/or modify it under certain conditions.
 See LICENSE file for details.
 ERmod 0.3.7, Copyright (C) 2000-2019 Nobuyuki Matubayasi
                            2010-2019 Shun Sakuraba
 ERmod comes with ABSOLUTELY NO WARRANTY.
 This is free software, and you can redistribute it
 and/or modify it under certain conditions.
 See LICENSE file for details.
 
  Number of the   1-th solvent  =           90
  Number of the   2-th solvent  =           90
  Number of the   3-th solvent  =        10000
 
  Be sure that the solvent distribution is homogeneous (radial distribution function is essentially unity) when the solvent molecule is separated beyond distance of   10.0 Angstrom in any direction from any atom within the solute molecule
 
  LJ long-range correction    =        -0.0028     -0.0075     -0.3006
 
  Self-energy of the solute   =        -0.0001  kcal/mol
 
 
 cumulative average & 95% error for solvation energy
              total             1st component         2nd component         3rd component
  1   -21.1495               -0.0028               -0.6574              -20.4893
  2   -21.1291     0.0409    -0.6684     1.3312    -0.7974     0.2800   -19.6632     1.6521
  3   -21.1284     0.0237    -0.7979     0.8110    -0.6456     0.3440   -19.6848     0.9548
  4   -21.1383     0.0259    -0.6333     0.6612    -0.7429     0.3115   -19.7620     0.6926
  5   -21.1455     0.0248    -0.6703     0.5175    -0.7844     0.2551   -19.6907     0.5551
  6   -21.1578     0.0317    -0.6138     0.4374    -0.7706     0.2101   -19.7733     0.4823
  7   -21.1423     0.0410    -0.5461     0.3937    -0.7244     0.2002   -19.8717     0.4527
  8   -21.1361     0.0376    -0.4767     0.3682    -0.7169     0.1740   -19.9424     0.4168
  9   -21.1387     0.0336    -0.5302     0.3419    -0.7243     0.1542   -19.8842     0.3856
 10   -21.1530     0.0416    -0.5584     0.3110    -0.7372     0.1403   -19.8573     0.3490
 
 
 group  inft  solvation free energy     error          difference
  total solvation free energy
   1      0         -4.55450           0.03516           0.01020
   1     60         -4.57790           0.03513          -0.01321
   1     80         -4.73634           0.03500          -0.17165
   1    100         -5.20271           0.03466          -0.63802
   2      0         -4.56214           0.02803           0.00256
   3      0         -4.56469           0.02619           0.00000
   4      0         -4.55818           0.02618           0.00651
   5      0         -4.56489           0.02318          -0.00019
   5     60         -4.59619           0.02314          -0.03150
   5     80         -4.78807           0.02291          -0.22338
   5    100         -5.21427           0.02245          -0.64957
 
  contribution from  1-th solvent component
   1      0         -0.17942           0.16253           0.00570
   1     60         -0.17952           0.16255           0.00560
   1     80         -0.18026           0.16267           0.00486
   1    100         -0.18284           0.16298           0.00228
   2      0         -0.18420           0.15716           0.00093
   3      0         -0.18512           0.15484           0.00000
   4      0         -0.18398           0.15482           0.00115
   5      0         -0.18480           0.15288           0.00032
   5     60         -0.18496           0.15289           0.00016
   5     80         -0.18606           0.15297          -0.00094
   5    100         -0.18877           0.15311          -0.00364
 
  contribution from  2-th solvent component
   1      0         -0.40342           0.07128           0.00128
   1     60         -0.40360           0.07129           0.00111
   1     80         -0.40488           0.07135          -0.00017
   1    100         -0.40889           0.07148          -0.00419
   2      0         -0.40485           0.06995          -0.00015
   3      0         -0.40470           0.06927           0.00000
   4      0         -0.40406           0.06778           0.00064
   5      0         -0.40431           0.06725           0.00039
   5     60         -0.40457           0.06726           0.00013
   5     80         -0.40627           0.06730          -0.00157
   5    100         -0.41020           0.06737          -0.00550
 
  contribution from  3-th solvent component
   1      0         -3.97156           0.16978           0.00321
   1     60         -3.99469           0.16983          -0.01992
   1     80         -4.15111           0.17012          -0.17634
   1    100         -4.61088           0.17089          -0.63611
   2      0         -3.97300           0.16980           0.00178
   3      0         -3.97477           0.16973           0.00000
   4      0         -3.97005           0.16911           0.00473
   5      0         -3.97568           0.16983          -0.00090
   5     60         -4.00657           0.16990          -0.03180
   5     80         -4.19565           0.17025          -0.22087
   5    100         -4.61521           0.17096          -0.64043
 
 
 group  inft   Estimated free energy: total (kcal/mol)
   1      0      -4.5225      -4.6139      -4.5474      -4.5041      -4.5407
                 -4.5506      -4.4875      -4.5075      -4.6169      -4.6538
   1     60      -4.5459      -4.6373      -4.5707      -4.5276      -4.5642
                 -4.5741      -4.5108      -4.5310      -4.6403      -4.6772
   1     80      -4.7045      -4.7953      -4.7287      -4.6865      -4.7230
                 -4.7328      -4.6690      -4.6900      -4.7982      -4.8355
   1    100      -5.1712      -5.2603      -5.1944      -5.1536      -5.1905
                 -5.1999      -5.1347      -5.1577      -5.2636      -5.3012
   2      0      -4.5432      -4.6094      -4.5468      -4.5169      -4.5387
                 -4.5586      -4.5205      -4.5296      -4.6117      -4.6458
   3      0      -4.5482      -4.6081      -4.5494      -4.5243      -4.5339
                 -4.5614      -4.5311      -4.5349      -4.6122      -4.6433
   4      0      -4.5424      -4.6041      -4.5363      -4.5142      -4.5267
                 -4.5508      -4.5315      -4.5337      -4.6075      -4.6347
   5      0      -4.5526      -4.6050      -4.5443      -4.5276      -4.5303
                 -4.5574      -4.5464      -4.5450      -4.6054      -4.6348
   5     60      -4.5840      -4.6362      -4.5755      -4.5590      -4.5617
                 -4.5888      -4.5777      -4.5765      -4.6365      -4.6661
   5     80      -4.7762      -4.8273      -4.7668      -4.7515      -4.7539
                 -4.7810      -4.7694      -4.7691      -4.8278      -4.8577
   5    100      -5.2031      -5.2517      -5.1923      -5.1785      -5.1808
                 -5.2080      -5.1953      -5.1969      -5.2528      -5.2832
 
 group  inft   Estimated free energy: 1-th solvent contribution (kcal/mol)
   1      0       0.1124      -0.5929      -0.4082       0.0328      -0.2894
                 -0.0494       0.0289       0.1165      -0.4289      -0.3160
   1     60       0.1123      -0.5930      -0.4084       0.0328      -0.2895
                 -0.0495       0.0289       0.1164      -0.4291      -0.3161
   1     80       0.1119      -0.5939      -0.4093       0.0321      -0.2904
                 -0.0502       0.0285       0.1158      -0.4300      -0.3170
   1    100       0.1103      -0.5970      -0.4125       0.0297      -0.2934
                 -0.0527       0.0267       0.1135      -0.4332      -0.3199
   2      0       0.1000      -0.5901      -0.4095       0.0227      -0.2872
                 -0.0560       0.0071       0.1002      -0.4239      -0.3052
   3      0       0.0959      -0.5883      -0.4065       0.0187      -0.2846
                 -0.0584       0.0009       0.0939      -0.4197      -0.3031
   4      0       0.0944      -0.5902      -0.4024       0.0236      -0.2837
                 -0.0556       0.0009       0.0918      -0.4217      -0.2968
   5      0       0.0901      -0.5888      -0.4010       0.0179      -0.2832
                 -0.0551      -0.0050       0.0886      -0.4160      -0.2954
   5     60       0.0900      -0.5890      -0.4012       0.0177      -0.2834
                 -0.0553      -0.0051       0.0884      -0.4161      -0.2956
   5     80       0.0892      -0.5902      -0.4025       0.0166      -0.2846
                 -0.0564      -0.0059       0.0873      -0.4174      -0.2968
   5    100       0.0871      -0.5931      -0.4055       0.0139      -0.2875
                 -0.0591      -0.0080       0.0845      -0.4204      -0.2996
 
 group  inft   Estimated free energy: 2-th solvent contribution (kcal/mol)
   1      0      -0.3679      -0.5544      -0.2053      -0.5062      -0.4983
                 -0.3676      -0.2552      -0.3648      -0.4360      -0.4785
   1     60      -0.3680      -0.5546      -0.2055      -0.5064      -0.4985
                 -0.3678      -0.2553      -0.3650      -0.4362      -0.4787
   1     80      -0.3691      -0.5560      -0.2068      -0.5077      -0.4998
                 -0.3691      -0.2563      -0.3662      -0.4375      -0.4801
   1    100      -0.3728      -0.5604      -0.2108      -0.5118      -0.5040
                 -0.3731      -0.2598      -0.3700      -0.4417      -0.4845
   2      0      -0.3748      -0.5506      -0.2044      -0.5071      -0.4957
                 -0.3684      -0.2643      -0.3679      -0.4346      -0.4805
   3      0      -0.3725      -0.5500      -0.2061      -0.5073      -0.4925
                 -0.3682      -0.2670      -0.3680      -0.4366      -0.4788
   4      0      -0.3710      -0.5446      -0.2092      -0.5061      -0.4899
                 -0.3675      -0.2714      -0.3677      -0.4339      -0.4793
   5      0      -0.3696      -0.5435      -0.2104      -0.5062      -0.4911
                 -0.3693      -0.2737      -0.3699      -0.4310      -0.4785
   5     60      -0.3699      -0.5438      -0.2107      -0.5064      -0.4913
                 -0.3696      -0.2739      -0.3701      -0.4313      -0.4787
   5     80      -0.3715      -0.5456      -0.2124      -0.5082      -0.4930
                 -0.3713      -0.2753      -0.3718      -0.4330      -0.4806
   5    100      -0.3753      -0.5496      -0.2164      -0.5122      -0.4970
                 -0.3753      -0.2788      -0.3756      -0.4370      -0.4847
 
 group  inft   Estimated free energy: 3-th solvent contribution (kcal/mol)
   1      0      -4.2669      -3.4666      -3.9338      -4.0306      -3.7530
                 -4.1336      -4.2611      -4.2591      -3.7519      -3.8592
   1     60      -4.2901      -3.4896      -3.9567      -4.0538      -3.7761
                 -4.1567      -4.2843      -4.2823      -3.7749      -3.8822
   1     80      -4.4472      -3.6453      -4.1125      -4.2107      -3.9327
                 -4.3134      -4.4410      -4.4395      -3.9306      -4.0382
   1    100      -4.9086      -4.1028      -4.5710      -4.6713      -4.3930
                 -4.7741      -4.9015      -4.9010      -4.3887      -4.4968
   2      0      -4.2683      -3.4685      -3.9328      -4.0324      -3.7557
                 -4.1341      -4.2632      -4.2618      -3.7531      -3.8599
   3      0      -4.2715      -3.4697      -3.9367      -4.0356      -3.7567
                 -4.1347      -4.2649      -4.2608      -3.7558      -3.8613
   4      0      -4.2657      -3.4692      -3.9245      -4.0316      -3.7530
                 -4.1277      -4.2609      -4.2577      -3.7518      -3.8584
   5      0      -4.2730      -3.4726      -3.9328      -4.0392      -3.7560
                 -4.1329      -4.2677      -4.2636      -3.7583      -3.8609
   5     60      -4.3040      -3.5033      -3.9635      -4.0702      -3.7869
                 -4.1638      -4.2986      -4.2947      -3.7890      -3.8917
   5     80      -4.4938      -3.6914      -4.1519      -4.2598      -3.9762
                 -4.3532      -4.4881      -4.4845      -3.9773      -4.0802
   5    100      -4.9148      -4.1089      -4.5703      -4.6801      -4.3962
                 -4.7736      -4.9083      -4.9058      -4.3953      -4.4987
 
 
 cumulative average & 95% error for solvation free energy
              total             1st component         2nd component         3rd component
  1    -4.5482                0.0959               -0.3725               -4.2715
  2    -4.5781     0.0599    -0.2462     0.6842    -0.4612     0.1775    -3.8706     0.8018
  3    -4.5686     0.0396    -0.2996     0.4092    -0.3762     0.1986    -3.8926     0.4650
  4    -4.5575     0.0357    -0.2201     0.3303    -0.4090     0.1550    -3.9284     0.3365
  5    -4.5528     0.0292    -0.2330     0.2571    -0.4257     0.1246    -3.8940     0.2695
  6    -4.5542     0.0240    -0.2039     0.2178    -0.4161     0.1035    -3.9342     0.2342
  7    -4.5509     0.0213    -0.1746     0.1932    -0.3948     0.0973    -3.9814     0.2194
  8    -4.5489     0.0189    -0.1410     0.1803    -0.3915     0.0845    -4.0163     0.2024
  9    -4.5560     0.0218    -0.1720     0.1706    -0.3965     0.0752    -3.9874     0.1877
 10    -4.5647     0.0262    -0.1851     0.1548    -0.4047     0.0693    -3.9748     0.1697
