 ERmod 0.3.7, Copyright (C) 2000-2019 Nobuyuki Matubayasi
                            2010-2019 Shun Sakuraba
 ERmod comes with ABSOLUTELY NO WARRANTY.
 This is free software, and you can redistribute it
 and/or modify it under certain conditions.
 See LICENSE file for details.
 ERmod 0.3.7, Copyright (C) 2000-2019 Nobuyuki Matubayasi
                            2010-2019 Shun Sakuraba
 ERmod comes with ABSOLUTELY NO WARRANTY.
 This is free software, and you can redistribute it
 and/or modify it under certain conditions.
 See LICENSE file for details.
 
  Number of the   1-th solvent  =          180
  Number of the   2-th solvent  =          180
  Number of the   3-th solvent  =        10000
 
  Be sure that the solvent distribution is homogeneous (radial distribution function is essentially unity) when the solvent molecule is separated beyond distance of   10.0 Angstrom in any direction from any atom within the solute molecule
 
  LJ long-range correction    =        -0.0006     -0.0097     -0.1944
 
  Self-energy of the solute   =        -0.0001  kcal/mol
 
 
 cumulative average & 95% error for solvation energy
              total             1st component         2nd component         3rd component
  1   -18.5097               -0.7951               -1.2774              -16.4372
  2   -18.3631     0.2932    -0.3287     0.9327    -1.2420     0.0708   -16.7923     0.7103
  3   -18.3871     0.1760    -0.6747     0.8768    -1.1408     0.2065   -16.5715     0.6027
  4   -18.3586     0.1368    -0.5361     0.6792    -1.2501     0.2630   -16.5723     0.4261
  5   -18.3351     0.1160    -0.4859     0.5356    -1.2158     0.2150   -16.6333     0.3519
  6   -18.3438     0.0963    -0.5579     0.4604    -1.2292     0.1776   -16.5567     0.3256
  7   -18.3418     0.0815    -0.6850     0.4647    -1.2231     0.1506   -16.4336     0.3692
  8   -18.3573     0.0771    -0.9918     0.7338    -1.1963     0.1410   -16.1692     0.6181
  9   -18.3630     0.0690    -0.9804     0.6475    -1.1311     0.1802   -16.2513     0.5693
 10   -18.3713     0.0639    -1.1198     0.6428    -1.1758     0.1843   -16.0756     0.6188
 
 
 group  inft  solvation free energy     error          difference
  total solvation free energy
   1      0         -4.51516           0.06010           0.00482
   1     60         -4.54549           0.06006          -0.02550
   1     80         -4.70411           0.05979          -0.18413
   1    100         -5.10859           0.05916          -0.58861
   2      0         -4.51934           0.06047           0.00064
   3      0         -4.51998           0.06165           0.00000
   4      0         -4.51753           0.06042           0.00245
   5      0         -4.52369           0.05997          -0.00371
   5     60         -4.56309           0.05991          -0.04311
   5     80         -4.75117           0.05958          -0.23119
   5    100         -5.11881           0.05900          -0.59883
 
  contribution from  1-th solvent component
   1      0         -0.41497           0.32511           0.01401
   1     60         -0.41445           0.32513           0.01453
   1     80         -0.41197           0.32527           0.01702
   1    100         -0.40672           0.32563           0.02226
   2      0         -0.42435           0.32288           0.00463
   3      0         -0.42898           0.32114           0.00000
   4      0         -0.43155           0.32010          -0.00256
   5      0         -0.43383           0.31853          -0.00485
   5     60         -0.43323           0.31854          -0.00425
   5     80         -0.43074           0.31867          -0.00176
   5    100         -0.42689           0.31894           0.00209
 
  contribution from  2-th solvent component
   1      0         -0.65361           0.10192          -0.01011
   1     60         -0.65420           0.10192          -0.01071
   1     80         -0.65731           0.10195          -0.01382
   1    100         -0.66535           0.10205          -0.02186
   2      0         -0.64861           0.10157          -0.00511
   3      0         -0.64349           0.10125           0.00000
   4      0         -0.64322           0.10131           0.00027
   5      0         -0.64125           0.10063           0.00225
   5     60         -0.64204           0.10063           0.00146
   5     80         -0.64588           0.10065          -0.00238
   5    100         -0.65339           0.10072          -0.00990
 
  contribution from  3-th solvent component
   1      0         -3.44648           0.31445           0.00092
   1     60         -3.47673           0.31454          -0.02933
   1     80         -3.63474           0.31509          -0.18733
   1    100         -4.03643           0.31659          -0.58902
   2      0         -3.44628           0.31444           0.00112
   3      0         -3.44741           0.31447           0.00000
   4      0         -3.44266           0.31319           0.00474
   5      0         -3.44851           0.31425          -0.00111
   5     60         -3.48773           0.31437          -0.04032
   5     80         -3.67445           0.31504          -0.22704
   5    100         -4.03843           0.31640          -0.59102
 
 
 group  inft   Estimated free energy: total (kcal/mol)
   1      0      -4.5267      -4.5679      -4.5057      -4.3913      -4.4236
                 -4.4350      -4.4993      -4.5112      -4.5618      -4.7289
   1     60      -4.5574      -4.5981      -4.5361      -4.4217      -4.4539
                 -4.4654      -4.5296      -4.5413      -4.5922      -4.7590
   1     80      -4.7174      -4.7570      -4.6950      -4.5807      -4.6125
                 -4.6245      -4.6881      -4.6986      -4.7512      -4.9161
   1    100      -5.1247      -5.1629      -5.0997      -4.9864      -5.0171
                 -5.0298      -5.0923      -5.0998      -5.1565      -5.3167
   2      0      -4.5351      -4.5672      -4.4957      -4.3903      -4.4410
                 -4.4441      -4.5047      -4.5019      -4.5781      -4.7355
   3      0      -4.5353      -4.5754      -4.4981      -4.3833      -4.4433
                 -4.4472      -4.5031      -4.4956      -4.5809      -4.7374
   4      0      -4.5292      -4.5580      -4.4957      -4.3871      -4.4471
                 -4.4460      -4.5014      -4.4959      -4.5771      -4.7378
   5      0      -4.5433      -4.5699      -4.4957      -4.3948      -4.4562
                 -4.4537      -4.4975      -4.4992      -4.5885      -4.7383
   5     60      -4.5831      -4.6092      -4.5351      -4.4343      -4.4956
                 -4.4932      -4.5368      -4.5382      -4.6280      -4.7773
   5     80      -4.7728      -4.7976      -4.7233      -4.6229      -4.6839
                 -4.6818      -4.7247      -4.7247      -4.8166      -4.9633
   5    100      -5.1430      -5.1664      -5.0911      -4.9918      -5.0519
                 -5.0505      -5.0919      -5.0892      -5.1851      -5.3272
 
 group  inft   Estimated free energy: 1-th solvent contribution (kcal/mol)
   1      0      -0.2535       0.1769      -0.5211       0.1293       0.0114
                 -0.2592      -0.5671      -1.3958      -0.3493      -1.1212
   1     60      -0.2530       0.1775      -0.5206       0.1298       0.0121
                 -0.2587      -0.5667      -1.3954      -0.3488      -1.1207
   1     80      -0.2508       0.1804      -0.5183       0.1323       0.0155
                 -0.2563      -0.5646      -1.3932      -0.3464      -1.1182
   1    100      -0.2461       0.1869      -0.5134       0.1375       0.0227
                 -0.2511      -0.5603      -1.3888      -0.3414      -1.1132
   2      0      -0.2658       0.1735      -0.5272       0.1209      -0.0089
                 -0.2754      -0.5721      -1.3911      -0.3655      -1.1319
   3      0      -0.2776       0.1665      -0.5332       0.1181      -0.0190
                 -0.2780      -0.5735      -1.3863      -0.3699      -1.1368
   4      0      -0.2755       0.1670      -0.5383       0.1088      -0.0262
                 -0.2786      -0.5761      -1.3851      -0.3738      -1.1375
   5      0      -0.2810       0.1617      -0.5379       0.1002      -0.0300
                 -0.2825      -0.5720      -1.3865      -0.3746      -1.1357
   5     60      -0.2804       0.1624      -0.5374       0.1008      -0.0292
                 -0.2819      -0.5715      -1.3859      -0.3741      -1.1351
   5     80      -0.2783       0.1654      -0.5350       0.1032      -0.0259
                 -0.2795      -0.5694      -1.3838      -0.3717      -1.1325
   5    100      -0.2750       0.1704      -0.5315       0.1070      -0.0203
                 -0.2759      -0.5662      -1.3805      -0.3683      -1.1287
 
 group  inft   Estimated free energy: 2-th solvent contribution (kcal/mol)
   1      0      -0.6856      -0.7112      -0.5343      -0.7975      -0.5677
                 -0.6818      -0.6921      -0.5479      -0.3643      -0.9535
   1     60      -0.6862      -0.7118      -0.5350      -0.7981      -0.5683
                 -0.6824      -0.6927      -0.5485      -0.3649      -0.9541
   1     80      -0.6894      -0.7149      -0.5382      -0.8012      -0.5714
                 -0.6855      -0.6958      -0.5514      -0.3679      -0.9573
   1    100      -0.6974      -0.7230      -0.5463      -0.8092      -0.5794
                 -0.6935      -0.7041      -0.5592      -0.3757      -0.9657
   2      0      -0.6793      -0.7099      -0.5192      -0.7878      -0.5638
                 -0.6759      -0.6918      -0.5449      -0.3647      -0.9488
   3      0      -0.6681      -0.7092      -0.5131      -0.7780      -0.5554
                 -0.6768      -0.6861      -0.5438      -0.3608      -0.9437
   4      0      -0.6671      -0.7031      -0.5106      -0.7758      -0.5572
                 -0.6757      -0.6889      -0.5455      -0.3614      -0.9467
   5      0      -0.6714      -0.6991      -0.5070      -0.7691      -0.5559
                 -0.6758      -0.6833      -0.5441      -0.3625      -0.9443
   5     60      -0.6722      -0.6999      -0.5078      -0.7699      -0.5567
                 -0.6765      -0.6840      -0.5449      -0.3633      -0.9451
   5     80      -0.6760      -0.7037      -0.5117      -0.7737      -0.5606
                 -0.6804      -0.6879      -0.5486      -0.3671      -0.9490
   5    100      -0.6835      -0.7113      -0.5192      -0.7812      -0.5682
                 -0.6880      -0.6955      -0.5558      -0.3744      -0.9568
 
 group  inft   Estimated free energy: 3-th solvent contribution (kcal/mol)
   1      0      -3.5875      -4.0334      -3.4502      -3.7230      -3.8672
                 -3.4939      -3.2400      -2.5673      -3.8481      -2.6542
   1     60      -3.6180      -4.0637      -3.4805      -3.7532      -3.8976
                 -3.5242      -3.2701      -2.5973      -3.8784      -2.6841
   1     80      -3.7772      -4.2224      -3.6384      -3.9117      -4.0565
                 -3.6826      -3.4276      -2.7539      -4.0368      -2.8404
   1    100      -4.1810      -4.6267      -4.0399      -4.3146      -4.4603
                 -4.0851      -3.8278      -3.1518      -4.4393      -3.2377
   2      0      -3.5899      -4.0308      -3.4491      -3.7233      -3.8682
                 -3.4926      -3.2406      -2.5658      -3.8479      -2.6547
   3      0      -3.5894      -4.0327      -3.4517      -3.7234      -3.8688
                 -3.4922      -3.2434      -2.5654      -3.8501      -2.6569
   4      0      -3.5865      -4.0218      -3.4466      -3.7200      -3.8635
                 -3.4915      -3.2363      -2.5653      -3.8417      -2.6535
   5      0      -3.5908      -4.0324      -3.4506      -3.7258      -3.8702
                 -3.4954      -3.2421      -2.5684      -3.8513      -2.6582
   5     60      -3.6304      -4.0716      -3.4898      -3.7651      -3.9096
                 -3.5346      -3.2812      -2.6073      -3.8906      -2.6970
   5     80      -3.8184      -4.2592      -3.6765      -3.9523      -4.0973
                 -3.7218      -3.4673      -2.7923      -4.0777      -2.8817
   5    100      -4.1844      -4.6255      -4.0403      -4.3175      -4.4633
                 -4.0865      -3.8301      -3.1528      -4.4423      -3.2416
 
 
 cumulative average & 95% error for solvation free energy
              total             1st component         2nd component         3rd component
  1    -4.5353               -0.2776               -0.6681               -3.5894
  2    -4.5554     0.0401    -0.0556     0.4442    -0.6887     0.0410    -3.8111     0.4433
  3    -4.5363     0.0447    -0.2148     0.4089    -0.6301     0.1194    -3.6913     0.3505
  4    -4.4981     0.0827    -0.1316     0.3336    -0.6671     0.1122    -3.6993     0.2484
  5    -4.4871     0.0677    -0.1091     0.2623    -0.6448     0.0977    -3.7332     0.2040
  6    -4.4804     0.0569    -0.1372     0.2214    -0.6501     0.0805    -3.6930     0.1849
  7    -4.4837     0.0485    -0.1995     0.2249    -0.6552     0.0688    -3.6288     0.2023
  8    -4.4852     0.0421    -0.3479     0.3549    -0.6413     0.0658    -3.4959     0.3184
  9    -4.4958     0.0428    -0.3503     0.3130    -0.6101     0.0852    -3.5352     0.2916
 10    -4.5200     0.0616    -0.4290     0.3211    -0.6435     0.1012    -3.4474     0.3145
