 ERmod 0.3.7, Copyright (C) 2000-2019 Nobuyuki Matubayasi
                            2010-2019 Shun Sakuraba
 ERmod comes with ABSOLUTELY NO WARRANTY.
 This is free software, and you can redistribute it
 and/or modify it under certain conditions.
 See LICENSE file for details.
 ERmod 0.3.7, Copyright (C) 2000-2019 Nobuyuki Matubayasi
                            2010-2019 Shun Sakuraba
 ERmod comes with ABSOLUTELY NO WARRANTY.
 This is free software, and you can redistribute it
 and/or modify it under certain conditions.
 See LICENSE file for details.
 
  Number of the   1-th solvent  =           90
  Number of the   2-th solvent  =           90
  Number of the   3-th solvent  =        10000
 
  Be sure that the solvent distribution is homogeneous (radial distribution function is essentially unity) when the solvent molecule is separated beyond distance of   10.0 Angstrom in any direction from any atom within the solute molecule
 
  LJ long-range correction    =        -0.0064     -0.0047     -0.6753
 
  Self-energy of the solute   =         0.0001  kcal/mol
 
 
 cumulative average & 95% error for solvation energy
              total             1st component         2nd component         3rd component
  1   -15.8808                0.2072               -0.2909              -15.7972
  2   -15.9080     0.0543     0.2117     0.0088    -0.2883     0.0052   -15.8314     0.0684
  3   -15.9083     0.0314     0.2122     0.0052    -0.2861     0.0055   -15.8345     0.0400
  4   -15.8995     0.0284     0.2120     0.0037    -0.2865     0.0040   -15.8250     0.0341
  5   -15.9183     0.0437     0.2103     0.0044    -0.2883     0.0048   -15.8403     0.0405
  6   -15.9359     0.0500     0.2060     0.0093    -0.2917     0.0078   -15.8503     0.0386
  7   -15.9399     0.0430     0.2026     0.0104    -0.2902     0.0072   -15.8523     0.0329
  8   -15.9421     0.0375     0.2036     0.0092    -0.2899     0.0063   -15.8558     0.0293
  9   -15.9333     0.0375     0.2023     0.0085    -0.2894     0.0056   -15.8463     0.0321
 10   -15.9375     0.0345     0.2037     0.0081    -0.2897     0.0050   -15.8516     0.0306
 
 
 group  inft  solvation free energy     error          difference
  total solvation free energy
   1      0          4.14608           0.02352           0.01556
   1     60          4.13388           0.02355           0.00335
   1     80          4.00512           0.02384          -0.12541
   1    100          3.43319           0.02524          -0.69733
   2      0          4.13116           0.02552           0.00063
   3      0          4.13053           0.02650           0.00000
   4      0          4.09970           0.02661          -0.03083
   5      0          4.15435           0.02280           0.02383
   5     60          4.13720           0.02284           0.00667
   5     80          3.96818           0.02327          -0.16235
   5    100          3.42738           0.02475          -0.70315
 
  contribution from  1-th solvent component
   1      0          0.31920           0.00698           0.00320
   1     60          0.31923           0.00699           0.00323
   1     80          0.31979           0.00724           0.00379
   1    100          0.32089           0.00846           0.00489
   2      0          0.31700           0.00658           0.00100
   3      0          0.31600           0.00634           0.00000
   4      0          0.31510           0.00620          -0.00090
   5      0          0.31512           0.00629          -0.00088
   5     60          0.31516           0.00631          -0.00084
   5     80          0.31558           0.00661          -0.00042
   5    100          0.31583           0.00770          -0.00017
 
  contribution from  2-th solvent component
   1      0         -0.23927           0.01256           0.00350
   1     60         -0.23897           0.01258           0.00380
   1     80         -0.23732           0.01282           0.00545
   1    100         -0.23263           0.01388           0.01014
   2      0         -0.24205           0.01185           0.00072
   3      0         -0.24277           0.01172           0.00000
   4      0         -0.24379           0.01157          -0.00102
   5      0         -0.24412           0.01153          -0.00135
   5     60         -0.24374           0.01156          -0.00097
   5     80         -0.24176           0.01186           0.00101
   5    100         -0.23771           0.01285           0.00506
 
  contribution from  3-th solvent component
   1      0          4.06610           0.02091           0.00886
   1     60          4.05356           0.02092          -0.00369
   1     80          3.92259           0.02118          -0.13465
   1    100          3.34488           0.02242          -0.71236
   2      0          4.05616           0.02318          -0.00108
   3      0          4.05724           0.02399           0.00000
   4      0          4.02833           0.02410          -0.02891
   5      0          4.08330           0.02040           0.02606
   5     60          4.06573           0.02043           0.00848
   5     80          3.89431           0.02080          -0.16294
   5    100          3.34920           0.02211          -0.70804
 
 
 group  inft   Estimated free energy: total (kcal/mol)
   1      0       4.1830       4.1352       4.1675       4.1728       4.0971
                  4.0867       4.1386       4.1413       4.2061       4.1324
   1     60       4.1708       4.1230       4.1554       4.1606       4.0848
                  4.0745       4.1263       4.1292       4.1939       4.1203
   1     80       4.0426       3.9942       4.0266       4.0320       3.9553
                  3.9446       3.9970       4.0011       4.0658       3.9919
   1    100       3.4732       3.4219       3.4549       3.4609       3.3812
                  3.3670       3.4221       3.4321       3.4967       3.4220
   2      0       4.1738       4.1184       4.1486       4.1643       4.0777
                  4.0660       4.1273       4.1296       4.1929       4.1131
   3      0       4.1755       4.1147       4.1460       4.1683       4.0745
                  4.0631       4.1297       4.1300       4.1922       4.1112
   4      0       4.1461       4.0821       4.1133       4.1362       4.0437
                  4.0352       4.0985       4.1011       4.1639       4.0769
   5      0       4.1904       4.1440       4.1773       4.1787       4.1069
                  4.0960       4.1515       4.1477       4.2114       4.1396
   5     60       4.1733       4.1269       4.1602       4.1616       4.0896
                  4.0788       4.1343       4.1306       4.1943       4.1225
   5     80       4.0051       3.9576       3.9913       3.9928       3.9196
                  3.9083       3.9646       3.9625       4.0263       3.9538
   5    100       3.4669       3.4162       3.4510       3.4535       3.3764
                  3.3617       3.4214       3.4243       3.4884       3.4140
 
 group  inft   Estimated free energy: 1-th solvent contribution (kcal/mol)
   1      0       0.3201       0.3213       0.3190       0.3184       0.3335
                  0.3159       0.2966       0.3257       0.3081       0.3333
   1     60       0.3201       0.3214       0.3190       0.3184       0.3336
                  0.3159       0.2966       0.3258       0.3081       0.3334
   1     80       0.3207       0.3220       0.3193       0.3186       0.3345
                  0.3165       0.2964       0.3269       0.3085       0.3345
   1    100       0.3218       0.3235       0.3188       0.3181       0.3375
                  0.3180       0.2934       0.3308       0.3087       0.3384
   2      0       0.3186       0.3189       0.3154       0.3163       0.3308
                  0.3135       0.2957       0.3240       0.3071       0.3296
   3      0       0.3181       0.3180       0.3148       0.3159       0.3297
                  0.3127       0.2951       0.3222       0.3063       0.3272
   4      0       0.3179       0.3170       0.3126       0.3149       0.3281
                  0.3119       0.2948       0.3225       0.3056       0.3257
   5      0       0.3170       0.3169       0.3132       0.3144       0.3288
                  0.3125       0.2946       0.3220       0.3054       0.3263
   5     60       0.3170       0.3169       0.3132       0.3144       0.3288
                  0.3125       0.2946       0.3221       0.3055       0.3265
   5     80       0.3175       0.3174       0.3132       0.3144       0.3297
                  0.3130       0.2940       0.3233       0.3057       0.3275
   5    100       0.3178       0.3178       0.3121       0.3134       0.3315
                  0.3136       0.2908       0.3262       0.3051       0.3301
 
 group  inft   Estimated free energy: 2-th solvent contribution (kcal/mol)
   1      0      -0.2447      -0.2361      -0.2142      -0.2538      -0.2674
                 -0.2675      -0.2116      -0.2338      -0.2224      -0.2411
   1     60      -0.2444      -0.2358      -0.2138      -0.2535      -0.2672
                 -0.2673      -0.2113      -0.2335      -0.2221      -0.2408
   1     80      -0.2429      -0.2341      -0.2117      -0.2519      -0.2660
                 -0.2664      -0.2093      -0.2317      -0.2202      -0.2390
   1    100      -0.2387      -0.2292      -0.2050      -0.2475      -0.2631
                 -0.2657      -0.2027      -0.2262      -0.2142      -0.2338
   2      0      -0.2472      -0.2399      -0.2183      -0.2557      -0.2685
                 -0.2688      -0.2151      -0.2360      -0.2280      -0.2431
   3      0      -0.2482      -0.2413      -0.2190      -0.2557      -0.2686
                 -0.2689      -0.2158      -0.2371      -0.2282      -0.2449
   4      0      -0.2492      -0.2428      -0.2213      -0.2564      -0.2693
                 -0.2697      -0.2168      -0.2375      -0.2288      -0.2461
   5      0      -0.2500      -0.2414      -0.2185      -0.2596      -0.2686
                 -0.2690      -0.2202      -0.2393      -0.2288      -0.2457
   5     60      -0.2497      -0.2411      -0.2180      -0.2592      -0.2683
                 -0.2687      -0.2198      -0.2389      -0.2284      -0.2453
   5     80      -0.2479      -0.2390      -0.2154      -0.2573      -0.2670
                 -0.2677      -0.2173      -0.2368      -0.2260      -0.2432
   5    100      -0.2444      -0.2349      -0.2093      -0.2534      -0.2646
                 -0.2673      -0.2115      -0.2323      -0.2207      -0.2388
 
 group  inft   Estimated free energy: 3-th solvent contribution (kcal/mol)
   1      0       4.1076       4.0500       4.0627       4.1082       4.0309
                  4.0383       4.0535       4.0493       4.1204       4.0402
   1     60       4.0951       4.0374       4.0501       4.0957       4.0183
                  4.0258       4.0410       4.0368       4.1079       4.0276
   1     80       3.9648       3.9062       3.9190       3.9652       3.8868
                  3.8944       3.9098       3.9058       3.9774       3.8964
   1    100       3.3901       3.3275       3.3411       3.3902       3.3068
                  3.3147       3.3313       3.3274       3.4022       3.3174
   2      0       4.1023       4.0393       4.0514       4.1036       4.0154
                  4.0212       4.0466       4.0415       4.1138       4.0264
   3      0       4.1055       4.0379       4.0502       4.1081       4.0134
                  4.0193       4.0503       4.0449       4.1142       4.0288
   4      0       4.0773       4.0080       4.0218       4.0777       3.9848
                  3.9929       4.0205       4.0160       4.0870       3.9973
   5      0       4.1234       4.0685       4.0825       4.1238       4.0467
                  4.0525       4.0771       4.0650       4.1347       4.0589
   5     60       4.1059       4.0509       4.0650       4.1063       4.0291
                  4.0349       4.0595       4.0474       4.1171       4.0413
   5     80       3.9355       3.8792       3.8934       3.9356       3.8569
                  3.8629       3.8878       3.8759       3.9465       3.8694
   5    100       3.3934       3.3332       3.3481       3.3934       3.3095
                  3.3154       3.3421       3.3303       3.4039       3.3226
 
 
 cumulative average & 95% error for solvation free energy
              total             1st component         2nd component         3rd component
  1     4.1755                0.3181               -0.2482                4.1055
  2     4.1451     0.0608     0.3181     0.0001    -0.2447     0.0069     4.0717     0.0676
  3     4.1454     0.0351     0.3170     0.0022    -0.2362     0.0176     4.0645     0.0416
  4     4.1511     0.0273     0.3167     0.0017    -0.2410     0.0158     4.0754     0.0366
  5     4.1358     0.0373     0.3193     0.0054    -0.2466     0.0165     4.0630     0.0377
  6     4.1237     0.0389     0.3182     0.0049    -0.2503     0.0154     4.0557     0.0340
  7     4.1245     0.0329     0.3149     0.0078    -0.2453     0.0163     4.0549     0.0288
  8     4.1252     0.0285     0.3158     0.0070    -0.2443     0.0143     4.0537     0.0251
  9     4.1327     0.0292     0.3148     0.0065    -0.2425     0.0131     4.0604     0.0259
 10     4.1305     0.0265     0.3160     0.0063    -0.2428     0.0117     4.0572     0.0240
