 ERmod 0.3.7, Copyright (C) 2000-2019 Nobuyuki Matubayasi
                            2010-2019 Shun Sakuraba
 ERmod comes with ABSOLUTELY NO WARRANTY.
 This is free software, and you can redistribute it
 and/or modify it under certain conditions.
 See LICENSE file for details.
 ERmod 0.3.7, Copyright (C) 2000-2019 Nobuyuki Matubayasi
                            2010-2019 Shun Sakuraba
 ERmod comes with ABSOLUTELY NO WARRANTY.
 This is free software, and you can redistribute it
 and/or modify it under certain conditions.
 See LICENSE file for details.
 
  Number of the   1-th solvent  =           90
  Number of the   2-th solvent  =           90
  Number of the   3-th solvent  =        10000
 
  Be sure that the solvent distribution is homogeneous (radial distribution function is essentially unity) when the solvent molecule is separated beyond distance of   10.0 Angstrom in any direction from any atom within the solute molecule
 
  LJ long-range correction    =        -0.0009     -0.0039     -0.5724
 
  Self-energy of the solute   =         0.0000  kcal/mol
 
 
 cumulative average & 95% error for solvation energy
              total             1st component         2nd component         3rd component
  1   -13.7048                0.2100               -0.2305              -13.6843
  2   -13.7108     0.0121     0.2081     0.0037    -0.2356     0.0103   -13.6834     0.0019
  3   -13.7285     0.0360     0.2076     0.0024    -0.2406     0.0116   -13.6955     0.0244
  4   -13.7261     0.0259     0.2084     0.0023    -0.2413     0.0083   -13.6933     0.0178
  5   -13.7133     0.0326     0.2078     0.0022    -0.2413     0.0064   -13.6798     0.0302
  6   -13.7239     0.0340     0.2067     0.0028    -0.2402     0.0057   -13.6904     0.0325
  7   -13.7260     0.0291     0.2066     0.0024    -0.2407     0.0049   -13.6921     0.0277
  8   -13.7217     0.0267     0.2071     0.0023    -0.2407     0.0043   -13.6881     0.0252
  9   -13.7179     0.0247     0.2080     0.0027    -0.2400     0.0040   -13.6859     0.0227
 10   -13.7176     0.0221     0.2072     0.0028    -0.2408     0.0040   -13.6840     0.0206
 
 
 group  inft  solvation free energy     error          difference
  total solvation free energy
   1      0          3.70098           0.01983           0.01228
   1     60          3.68951           0.01986           0.00081
   1     80          3.57464           0.02018          -0.11406
   1    100          3.06990           0.02145          -0.61879
   2      0          3.68835           0.01934          -0.00035
   3      0          3.68870           0.01971           0.00000
   4      0          3.66199           0.02008          -0.02671
   5      0          3.71715           0.01826           0.02845
   5     60          3.70104           0.01830           0.01235
   5     80          3.55110           0.01872          -0.13759
   5    100          3.07557           0.01996          -0.61313
 
  contribution from  1-th solvent component
   1      0          0.18556           0.00636           0.00312
   1     60          0.18582           0.00637           0.00338
   1     80          0.18857           0.00644           0.00613
   1    100          0.19732           0.00668           0.01488
   2      0          0.18335           0.00571           0.00091
   3      0          0.18244           0.00555           0.00000
   4      0          0.18153           0.00547          -0.00091
   5      0          0.18090           0.00533          -0.00154
   5     60          0.18128           0.00533          -0.00116
   5     80          0.18470           0.00542           0.00226
   5    100          0.19267           0.00567           0.01023
 
  contribution from  2-th solvent component
   1      0         -0.19398           0.01247           0.00232
   1     60         -0.19371           0.01249           0.00258
   1     80         -0.19220           0.01272           0.00409
   1    100         -0.18845           0.01376           0.00784
   2      0         -0.19604           0.01202           0.00025
   3      0         -0.19629           0.01204           0.00000
   4      0         -0.19705           0.01201          -0.00076
   5      0         -0.19729           0.01120          -0.00099
   5     60         -0.19695           0.01123          -0.00066
   5     80         -0.19515           0.01153           0.00115
   5    100         -0.19191           0.01254           0.00438
 
  contribution from  3-th solvent component
   1      0          3.70936           0.02077           0.00685
   1     60          3.69735           0.02080          -0.00515
   1     80          3.57823           0.02110          -0.12428
   1    100          3.06099           0.02248          -0.64152
   2      0          3.70100           0.02062          -0.00151
   3      0          3.70251           0.02077           0.00000
   4      0          3.67747           0.02087          -0.02503
   5      0          3.73349           0.01927           0.03098
   5     60          3.71667           0.01930           0.01417
   5     80          3.56151           0.01970          -0.14100
   5    100          3.07476           0.02099          -0.62774
 
 
 group  inft   Estimated free energy: total (kcal/mol)
   1      0       3.7432       3.7175       3.6501       3.7005       3.7408
                  3.6532       3.6866       3.7050       3.7012       3.7116
   1     60       3.7318       3.7060       3.6385       3.6891       3.7294
                  3.6417       3.6751       3.6935       3.6897       3.7001
   1     80       3.6179       3.5914       3.5225       3.5743       3.6149
                  3.5263       3.5601       3.5786       3.5750       3.5854
   1    100       3.1158       3.0882       3.0125       3.0695       3.1118
                  3.0200       3.0551       3.0734       3.0710       3.0817
   2      0       3.7268       3.7044       3.6365       3.6846       3.7295
                  3.6462       3.6713       3.6887       3.6935       3.7019
   3      0       3.7282       3.7043       3.6349       3.6862       3.7305
                  3.6485       3.6689       3.6864       3.6957       3.7034
   4      0       3.7017       3.6787       3.6087       3.6598       3.7038
                  3.6199       3.6392       3.6599       3.6710       3.6772
   5      0       3.7539       3.7330       3.6676       3.7185       3.7548
                  3.6767       3.7005       3.7220       3.7180       3.7266
   5     60       3.7379       3.7169       3.6513       3.7024       3.7387
                  3.6605       3.6844       3.7058       3.7019       3.7105
   5     80       3.5892       3.5671       3.4999       3.5526       3.5894
                  3.5100       3.5342       3.5557       3.5522       3.5608
   5    100       3.1163       3.0927       3.0194       3.0771       3.1157
                  3.0333       3.0580       3.0794       3.0775       3.0864
 
 group  inft   Estimated free energy: 1-th solvent contribution (kcal/mol)
   1      0       0.1931       0.1764       0.1930       0.1935       0.1725
                  0.1756       0.1826       0.2001       0.1932       0.1755
   1     60       0.1934       0.1767       0.1933       0.1938       0.1728
                  0.1759       0.1828       0.2004       0.1935       0.1757
   1     80       0.1964       0.1793       0.1960       0.1966       0.1753
                  0.1785       0.1855       0.2032       0.1963       0.1784
   1    100       0.2060       0.1876       0.2046       0.2058       0.1831
                  0.1871       0.1942       0.2123       0.2054       0.1871
   2      0       0.1892       0.1756       0.1908       0.1905       0.1706
                  0.1753       0.1803       0.1967       0.1899       0.1745
   3      0       0.1882       0.1753       0.1896       0.1897       0.1696
                  0.1751       0.1786       0.1954       0.1887       0.1744
   4      0       0.1868       0.1745       0.1888       0.1889       0.1693
                  0.1741       0.1772       0.1941       0.1880       0.1735
   5      0       0.1857       0.1737       0.1881       0.1882       0.1688
                  0.1742       0.1774       0.1939       0.1858       0.1732
   5     60       0.1861       0.1740       0.1885       0.1886       0.1692
                  0.1746       0.1778       0.1943       0.1862       0.1735
   5     80       0.1899       0.1773       0.1919       0.1922       0.1723
                  0.1779       0.1811       0.1979       0.1897       0.1769
   5    100       0.1988       0.1847       0.1997       0.2006       0.1794
                  0.1856       0.1889       0.2062       0.1980       0.1848
 
 group  inft   Estimated free energy: 2-th solvent contribution (kcal/mol)
   1      0      -0.1545      -0.1755      -0.2190      -0.2015      -0.2069
                 -0.1780      -0.1950      -0.2129      -0.1912      -0.2052
   1     60      -0.1542      -0.1753      -0.2188      -0.2013      -0.2067
                 -0.1777      -0.1948      -0.2127      -0.1909      -0.2049
   1     80      -0.1521      -0.1734      -0.2179      -0.1998      -0.2056
                 -0.1758      -0.1932      -0.2114      -0.1891      -0.2037
   1    100      -0.1463      -0.1678      -0.2173      -0.1963      -0.2039
                 -0.1702      -0.1891      -0.2088      -0.1839      -0.2010
   2      0      -0.1592      -0.1781      -0.2202      -0.2045      -0.2084
                 -0.1787      -0.1978      -0.2149      -0.1926      -0.2059
   3      0      -0.1594      -0.1789      -0.2204      -0.2035      -0.2085
                 -0.1788      -0.1984      -0.2162      -0.1929      -0.2060
   4      0      -0.1595      -0.1803      -0.2209      -0.2060      -0.2092
                 -0.1801      -0.1991      -0.2163      -0.1930      -0.2062
   5      0      -0.1620      -0.1807      -0.2196      -0.2030      -0.2089
                 -0.1820      -0.1984      -0.2152      -0.1970      -0.2061
   5     60      -0.1616      -0.1803      -0.2193      -0.2027      -0.2086
                 -0.1816      -0.1981      -0.2149      -0.1966      -0.2058
   5     80      -0.1590      -0.1781      -0.2183      -0.2010      -0.2073
                 -0.1793      -0.1962      -0.2135      -0.1944      -0.2044
   5    100      -0.1536      -0.1732      -0.2180      -0.1978      -0.2060
                 -0.1742      -0.1928      -0.2115      -0.1898      -0.2021
 
 group  inft   Estimated free energy: 3-th solvent contribution (kcal/mol)
   1      0       3.7045       3.7166       3.6760       3.7085       3.7752
                  3.6556       3.6990       3.7178       3.6991       3.7413
   1     60       3.6925       3.7046       3.6640       3.6965       3.7633
                  3.6435       3.6870       3.7057       3.6870       3.7293
   1     80       3.5735       3.5854       3.5444       3.5774       3.6451
                  3.5236       3.5678       3.5867       3.5677       3.6106
   1    100       3.0560       3.0683       3.0251       3.0600       3.1325
                  3.0030       3.0500       3.0698       3.0495       3.0956
   2      0       3.6968       3.7068       3.6659       3.6986       3.7672
                  3.6496       3.6888       3.7069       3.6962       3.7333
   3      0       3.6993       3.7079       3.6656       3.7000       3.7694
                  3.6521       3.6886       3.7071       3.6999       3.7350
   4      0       3.6744       3.6845       3.6408       3.6769       3.7437
                  3.6258       3.6610       3.6819       3.6760       3.7098
   5      0       3.7301       3.7400       3.6990       3.7333       3.7948
                  3.6844       3.7215       3.7432       3.7291       3.7595
   5     60       3.7133       3.7232       3.6821       3.7165       3.7781
                  3.6675       3.7046       3.7264       3.7123       3.7427
   5     80       3.5583       3.5679       3.5263       3.5613       3.6243
                  3.5114       3.5493       3.5713       3.5569       3.5882
   5    100       3.0712       3.0811       3.0376       3.0743       3.1421
                  3.0218       3.0619       3.0846       3.0693       3.1037
 
 
 cumulative average & 95% error for solvation free energy
              total             1st component         2nd component         3rd component
  1     3.7282                0.1882               -0.1594                3.6993
  2     3.7163     0.0239     0.1817     0.0129    -0.1691     0.0195     3.7036     0.0086
  3     3.6891     0.0560     0.1844     0.0091    -0.1862     0.0360     3.6909     0.0258
  4     3.6884     0.0396     0.1857     0.0070    -0.1905     0.0269     3.6932     0.0188
  5     3.6968     0.0350     0.1825     0.0084    -0.1941     0.0220     3.7085     0.0338
  6     3.6888     0.0328     0.1812     0.0073    -0.1916     0.0187     3.6991     0.0334
  7     3.6859     0.0283     0.1809     0.0062    -0.1926     0.0159     3.6976     0.0284
  8     3.6860     0.0245     0.1827     0.0065    -0.1955     0.0150     3.6988     0.0247
  9     3.6871     0.0217     0.1833     0.0059    -0.1952     0.0132     3.6989     0.0218
 10     3.6887     0.0197     0.1824     0.0056    -0.1963     0.0120     3.7025     0.0208
