 ERmod 0.3.7, Copyright (C) 2000-2019 Nobuyuki Matubayasi
                            2010-2019 Shun Sakuraba
 ERmod comes with ABSOLUTELY NO WARRANTY.
 This is free software, and you can redistribute it
 and/or modify it under certain conditions.
 See LICENSE file for details.
 ERmod 0.3.7, Copyright (C) 2000-2019 Nobuyuki Matubayasi
                            2010-2019 Shun Sakuraba
 ERmod comes with ABSOLUTELY NO WARRANTY.
 This is free software, and you can redistribute it
 and/or modify it under certain conditions.
 See LICENSE file for details.
 
  Number of the   1-th solvent  =          180
  Number of the   2-th solvent  =          180
  Number of the   3-th solvent  =        10000
 
  Be sure that the solvent distribution is homogeneous (radial distribution function is essentially unity) when the solvent molecule is separated beyond distance of   10.0 Angstrom in any direction from any atom within the solute molecule
 
  LJ long-range correction    =        -0.0132     -0.0738     -0.6993
 
  Self-energy of the solute   =        -0.0000  kcal/mol
 
 
 cumulative average & 95% error for solvation energy
              total             1st component         2nd component         3rd component
  1   -31.0614               -2.5128               -2.1442              -26.4043
  2   -31.0336     0.0557    -2.0072     1.0113    -2.1977     0.1069   -26.8287     0.8487
  3   -30.9531     0.1642    -1.6541     0.9163    -2.3117     0.2361   -26.9873     0.5838
  4   -31.0057     0.1566    -1.5295     0.6942    -2.7968     0.9846   -26.6793     0.7415
  5   -30.9950     0.1232    -1.4466     0.5627    -2.7261     0.7757   -26.8222     0.6416
  6   -30.9511     0.1335    -1.4944     0.4693    -2.6326     0.6604   -26.8240     0.5239
  7   -30.9512     0.1129    -1.4219     0.4222    -2.6634     0.5615   -26.8658     0.4505
  8   -30.9261     0.1098    -1.2387     0.5177    -2.6305     0.4907   -27.0569     0.5462
  9   -30.9158     0.0990    -1.2052     0.4615    -2.6163     0.4337   -27.0942     0.4874
 10   -30.8979     0.0955    -1.1195     0.4470    -2.5584     0.4048   -27.2200     0.5033
 
 
 group  inft  solvation free energy     error          difference
  total solvation free energy
   1      0         -4.17611           0.12180          -0.00413
   1     60         -4.21499           0.12180          -0.04301
   1     80         -4.50837           0.12186          -0.33640
   1    100         -5.45711           0.12188          -1.28513
   2      0         -4.17457           0.11869          -0.00259
   3      0         -4.17198           0.11835           0.00000
   4      0         -4.17695           0.11941          -0.00497
   5      0         -4.16590           0.11733           0.00607
   5     60         -4.21839           0.11732          -0.04641
   5     80         -4.57787           0.11726          -0.40589
   5    100         -5.44738           0.11704          -1.27541
 
  contribution from  1-th solvent component
   1      0         -0.19648           0.24317           0.00351
   1     60         -0.19682           0.24319           0.00316
   1     80         -0.20005           0.24334          -0.00006
   1    100         -0.21260           0.24380          -0.01261
   2      0         -0.19920           0.23915           0.00079
   3      0         -0.19999           0.23864           0.00000
   4      0         -0.20203           0.23750          -0.00204
   5      0         -0.19890           0.23638           0.00108
   5     60         -0.19941           0.23639           0.00057
   5     80         -0.20362           0.23647          -0.00363
   5    100         -0.21552           0.23667          -0.01553
 
  contribution from  2-th solvent component
   1      0         -1.46982           0.19688          -0.01133
   1     60         -1.47079           0.19689          -0.01230
   1     80         -1.47791           0.19690          -0.01942
   1    100         -1.50047           0.19692          -0.04198
   2      0         -1.46167           0.19653          -0.00318
   3      0         -1.45849           0.19680           0.00000
   4      0         -1.45716           0.19558           0.00133
   5      0         -1.45463           0.19621           0.00386
   5     60         -1.45593           0.19621           0.00257
   5     80         -1.46466           0.19622          -0.00617
   5    100         -1.48529           0.19621          -0.02680
 
  contribution from  3-th solvent component
   1      0         -2.50978           0.23097           0.00369
   1     60         -2.54735           0.23099          -0.03388
   1     80         -2.83038           0.23115          -0.31691
   1    100         -3.74401           0.23163          -1.23054
   2      0         -2.51368           0.23107          -0.00020
   3      0         -2.51347           0.23076           0.00000
   4      0         -2.51773           0.23036          -0.00426
   5      0         -2.51235           0.22969           0.00113
   5     60         -2.56302           0.22972          -0.04955
   5     80         -2.90956           0.22992          -0.39609
   5    100         -3.74655           0.23036          -1.23308
 
 
 group  inft   Estimated free energy: total (kcal/mol)
   1      0      -4.4278      -4.3059      -3.9805      -4.4175      -4.3106
                 -4.0438      -4.2620      -3.9402      -4.1349      -3.9379
   1     60      -4.4666      -4.3448      -4.0194      -4.4563      -4.3496
                 -4.0827      -4.3010      -3.9790      -4.1738      -3.9768
   1     80      -4.7597      -4.6387      -4.3127      -4.7489      -4.6434
                 -4.3760      -4.5954      -4.2712      -4.4670      -4.2706
   1    100      -5.7081      -5.5879      -5.2614      -5.6953      -5.5930
                 -5.3249      -5.5472      -5.2169      -5.4149      -5.2214
   2      0      -4.4176      -4.3087      -3.9756      -4.4100      -4.3054
                 -4.0306      -4.2610      -3.9623      -4.1289      -3.9457
   3      0      -4.4148      -4.3005      -3.9677      -4.4111      -4.3060
                 -4.0315      -4.2551      -3.9702      -4.1210      -3.9420
   4      0      -4.4186      -4.3193      -3.9714      -4.4107      -4.3120
                 -4.0269      -4.2644      -3.9785      -4.1245      -3.9431
   5      0      -4.4123      -4.2953      -3.9628      -4.4051      -4.2878
                 -4.0231      -4.2487      -3.9748      -4.1118      -3.9373
   5     60      -4.4646      -4.3479      -4.0153      -4.4575      -4.3404
                 -4.0756      -4.3014      -4.0271      -4.1643      -3.9899
   5     80      -4.8236      -4.7077      -4.3748      -4.8160      -4.7003
                 -4.4350      -4.6620      -4.3857      -4.5236      -4.3501
   5    100      -5.6922      -5.5775      -5.2442      -5.6829      -5.5705
                 -5.3045      -5.5341      -5.2537      -5.3923      -5.2218
 
 group  inft   Estimated free energy: 1-th solvent contribution (kcal/mol)
   1      0      -0.9000      -0.4573      -0.0376      -0.2991      -0.2746
                 -0.4805      -0.1034       0.4420      -0.1317       0.2773
   1     60      -0.9004      -0.4577      -0.0380      -0.2995      -0.2749
                 -0.4808      -0.1037       0.4418      -0.1320       0.2770
   1     80      -0.9039      -0.4610      -0.0412      -0.3028      -0.2783
                 -0.4841      -0.1070       0.4393      -0.1353       0.2739
   1    100      -0.9174      -0.4741      -0.0537      -0.3154      -0.2914
                 -0.4971      -0.1194       0.4288      -0.1481       0.2618
   2      0      -0.8955      -0.4617      -0.0376      -0.2980      -0.2732
                 -0.4802      -0.1028       0.4157      -0.1287       0.2701
   3      0      -0.8941      -0.4624      -0.0342      -0.2993      -0.2739
                 -0.4850      -0.1032       0.4072      -0.1276       0.2726
   4      0      -0.8934      -0.4693      -0.0429      -0.3028      -0.2772
                 -0.4763      -0.1036       0.4040      -0.1266       0.2679
   5      0      -0.8908      -0.4585      -0.0406      -0.2963      -0.2673
                 -0.4790      -0.1005       0.4016      -0.1251       0.2676
   5     60      -0.8914      -0.4590      -0.0411      -0.2968      -0.2679
                 -0.4795      -0.1010       0.4011      -0.1256       0.2671
   5     80      -0.8959      -0.4632      -0.0454      -0.3010      -0.2722
                 -0.4837      -0.1051       0.3974      -0.1299       0.2628
   5    100      -0.9083      -0.4754      -0.0573      -0.3127      -0.2844
                 -0.4958      -0.1167       0.3864      -0.1418       0.2509
 
 group  inft   Estimated free energy: 2-th solvent contribution (kcal/mol)
   1      0      -1.3868      -1.3652      -1.4004      -2.2735      -1.4666
                 -1.2253      -1.6541      -1.3221      -1.4280      -1.1762
   1     60      -1.3878      -1.3662      -1.4014      -2.2745      -1.4676
                 -1.2262      -1.6551      -1.3230      -1.4289      -1.1772
   1     80      -1.3948      -1.3733      -1.4085      -2.2817      -1.4747
                 -1.2333      -1.6624      -1.3301      -1.4361      -1.1843
   1    100      -1.4168      -1.3958      -1.4311      -2.3043      -1.4970
                 -1.2557      -1.6853      -1.3528      -1.4587      -1.2072
   2      0      -1.3772      -1.3597      -1.3922      -2.2632      -1.4575
                 -1.2111      -1.6478      -1.3137      -1.4214      -1.1729
   3      0      -1.3730      -1.3570      -1.3897      -2.2621      -1.4575
                 -1.2050      -1.6420      -1.3127      -1.4141      -1.1718
   4      0      -1.3739      -1.3558      -1.3817      -2.2535      -1.4536
                 -1.2098      -1.6488      -1.3140      -1.4117      -1.1689
   5      0      -1.3715      -1.3510      -1.3819      -2.2570      -1.4477
                 -1.2095      -1.6414      -1.3137      -1.4045      -1.1681
   5     60      -1.3728      -1.3523      -1.3832      -2.2583      -1.4490
                 -1.2108      -1.6428      -1.3150      -1.4058      -1.1694
   5     80      -1.3813      -1.3610      -1.3920      -2.2670      -1.4577
                 -1.2195      -1.6517      -1.3237      -1.4145      -1.1782
   5    100      -1.4014      -1.3816      -1.4127      -2.2876      -1.4781
                 -1.2399      -1.6726      -1.3445      -1.4353      -1.1992
 
 group  inft   Estimated free energy: 3-th solvent contribution (kcal/mol)
   1      0      -2.1410      -2.4833      -2.5425      -1.8448      -2.5694
                 -2.3380      -2.5045      -3.0602      -2.5752      -3.0390
   1     60      -2.1784      -2.5209      -2.5800      -1.8823      -2.6071
                 -2.3756      -2.5421      -3.0977      -2.6128      -3.0766
   1     80      -2.4610      -2.8043      -2.8630      -2.1645      -2.8904
                 -2.6586      -2.8260      -3.3803      -2.8956      -3.3602
   1    100      -3.3738      -3.7180      -3.7766      -3.0756      -3.8046
                 -3.5721      -3.7425      -4.2929      -3.8081      -4.2760
   2      0      -2.1449      -2.4873      -2.5457      -1.8488      -2.5747
                 -2.3392      -2.5103      -3.0643      -2.5788      -3.0428
   3      0      -2.1477      -2.4811      -2.5438      -1.8497      -2.5745
                 -2.3414      -2.5099      -3.0646      -2.5793      -3.0428
   4      0      -2.1513      -2.4942      -2.5468      -1.8543      -2.5812
                 -2.3408      -2.5120      -3.0684      -2.5862      -3.0420
   5      0      -2.1499      -2.4858      -2.5403      -1.8519      -2.5727
                 -2.3345      -2.5068      -3.0626      -2.5822      -3.0368
   5     60      -2.2005      -2.5366      -2.5909      -1.9024      -2.6235
                 -2.3852      -2.5576      -3.1132      -2.6328      -3.0876
   5     80      -2.5463      -2.8835      -2.9373      -2.2480      -2.9704
                 -2.7317      -2.9052      -3.4594      -2.9791      -3.4347
   5    100      -3.3825      -3.7206      -3.7742      -3.0826      -3.8080
                 -3.5687      -3.7448      -4.2955      -3.8153      -4.2735
 
 
 cumulative average & 95% error for solvation free energy
              total             1st component         2nd component         3rd component
  1    -4.4148               -0.8941               -1.3730               -2.1477
  2    -4.3576     0.1143    -0.6782     0.4317    -1.3650     0.0161    -2.3144     0.3334
  3    -4.2277     0.2682    -0.4636     0.4965    -1.3732     0.0189    -2.3908     0.2459
  4    -4.2735     0.2106    -0.4225     0.3605    -1.5955     0.4446    -2.2555     0.3216
  5    -4.2800     0.1637    -0.3928     0.2855    -1.5679     0.3488    -2.3193     0.2799
  6    -4.2386     0.1572    -0.4082     0.2351    -1.5074     0.3094    -2.3230     0.2287
  7    -4.2409     0.1330    -0.3646     0.2170    -1.5266     0.2643    -2.3497     0.2005
  8    -4.2071     0.1336    -0.2681     0.2693    -1.4999     0.2351    -2.4391     0.2492
  9    -4.1975     0.1194    -0.2525     0.2396    -1.4903     0.2082    -2.4547     0.2220
 10    -4.1720     0.1184    -0.2000     0.2386    -1.4585     0.1968    -2.5135     0.2308
