 ERmod 0.3.7, Copyright (C) 2000-2019 Nobuyuki Matubayasi
                            2010-2019 Shun Sakuraba
 ERmod comes with ABSOLUTELY NO WARRANTY.
 This is free software, and you can redistribute it
 and/or modify it under certain conditions.
 See LICENSE file for details.
 ERmod 0.3.7, Copyright (C) 2000-2019 Nobuyuki Matubayasi
                            2010-2019 Shun Sakuraba
 ERmod comes with ABSOLUTELY NO WARRANTY.
 This is free software, and you can redistribute it
 and/or modify it under certain conditions.
 See LICENSE file for details.
 
  Number of the   1-th solvent  =          180
  Number of the   2-th solvent  =          180
  Number of the   3-th solvent  =        10000
 
  Be sure that the solvent distribution is homogeneous (radial distribution function is essentially unity) when the solvent molecule is separated beyond distance of   10.0 Angstrom in any direction from any atom within the solute molecule
 
  LJ long-range correction    =        -0.0051     -0.0171     -0.3436
 
  Self-energy of the solute   =         0.0000  kcal/mol
 
 
 cumulative average & 95% error for solvation energy
              total             1st component         2nd component         3rd component
  1    -9.1795                0.1939               -0.4134               -8.9600
  2    -9.2401     0.1212     0.1638     0.0602    -0.4701     0.1134    -8.9338     0.0524
  3    -9.2632     0.0838     0.1629     0.0348    -0.5027     0.0924    -8.9234     0.0367
  4    -9.2692     0.0605     0.1623     0.0247    -0.5040     0.0654    -8.9274     0.0272
  5    -9.2689     0.0469     0.1634     0.0192    -0.4988     0.0517    -8.9335     0.0244
  6    -9.2677     0.0383     0.1648     0.0159    -0.4983     0.0422    -8.9342     0.0199
  7    -9.2663     0.0325     0.1653     0.0135    -0.4920     0.0378    -8.9397     0.0201
  8    -9.2710     0.0297     0.1644     0.0118    -0.4930     0.0328    -8.9425     0.0183
  9    -9.2668     0.0275     0.1669     0.0116    -0.4871     0.0313    -8.9466     0.0181
 10    -9.2664     0.0246     0.1654     0.0108    -0.4799     0.0315    -8.9520     0.0195
 
 
 group  inft  solvation free energy     error          difference
  total solvation free energy
   1      0          3.06336           0.02365           0.00078
   1     60          3.05107           0.02372          -0.01151
   1     80          2.94818           0.02455          -0.11440
   1    100          2.56296           0.02807          -0.49961
   2      0          3.05338           0.02335          -0.00920
   3      0          3.06258           0.02304           0.00000
   4      0          3.04456           0.02288          -0.01802
   5      0          3.10030           0.02252           0.03773
   5     60          3.08352           0.02261           0.02094
   5     80          2.95314           0.02364          -0.10943
   5    100          2.59240           0.02685          -0.47018
 
  contribution from  1-th solvent component
   1      0          0.31076           0.01463           0.00377
   1     60          0.31081           0.01468           0.00383
   1     80          0.31127           0.01540           0.00429
   1    100          0.31109           0.01824           0.00411
   2      0          0.30803           0.01404           0.00105
   3      0          0.30698           0.01398           0.00000
   4      0          0.30574           0.01379          -0.00125
   5      0          0.30622           0.01392          -0.00076
   5     60          0.30627           0.01400          -0.00071
   5     80          0.30647           0.01486          -0.00052
   5    100          0.30558           0.01741          -0.00140
 
  contribution from  2-th solvent component
   1      0         -0.22427           0.01631           0.00264
   1     60         -0.22439           0.01633           0.00252
   1     80         -0.22570           0.01645           0.00121
   1    100         -0.23108           0.01691          -0.00417
   2      0         -0.22610           0.01631           0.00081
   3      0         -0.22691           0.01625           0.00000
   4      0         -0.22767           0.01622          -0.00076
   5      0         -0.22810           0.01620          -0.00119
   5     60         -0.22828           0.01622          -0.00137
   5     80         -0.23008           0.01638          -0.00317
   5    100         -0.23534           0.01678          -0.00843
 
  contribution from  3-th solvent component
   1      0          2.97685           0.01199          -0.00563
   1     60          2.96462           0.01200          -0.01786
   1     80          2.86258           0.01211          -0.11990
   1    100          2.48293           0.01257          -0.49955
   2      0          2.97143           0.01167          -0.01105
   3      0          2.98248           0.01159           0.00000
   4      0          2.96647           0.01122          -0.01601
   5      0          3.02216           0.01159           0.03967
   5     60          3.00550           0.01161           0.02302
   5     80          2.87673           0.01172          -0.10575
   5    100          2.52214           0.01209          -0.46034
 
 
 group  inft   Estimated free energy: total (kcal/mol)
   1      0       3.1590       3.0393       3.0475       3.0430       3.0467
                  3.0675       3.0657       3.0327       3.0877       3.0445
   1     60       3.1470       3.0269       3.0352       3.0307       3.0344
                  3.0552       3.0534       3.0203       3.0756       3.0321
   1     80       3.0473       2.9229       2.9321       2.9271       2.9307
                  2.9525       2.9503       2.9167       2.9741       2.9282
   1    100       2.6757       2.5332       2.5462       2.5386       2.5425
                  2.5679       2.5638       2.5285       2.5948       2.5383
   2      0       3.1472       3.0302       3.0367       3.0333       3.0366
                  3.0560       3.0554       3.0240       3.0801       3.0342
   3      0       3.1558       3.0405       3.0446       3.0435       3.0468
                  3.0639       3.0633       3.0349       3.0888       3.0436
   4      0       3.1359       3.0227       3.0265       3.0235       3.0270
                  3.0469       3.0456       3.0167       3.0730       3.0276
   5      0       3.1925       3.0776       3.0823       3.0831       3.0831
                  3.1019       3.1030       3.0736       3.1221       3.0837
   5     60       3.1761       3.0607       3.0655       3.0662       3.0662
                  3.0851       3.0862       3.0568       3.1055       3.0668
   5     80       3.0498       2.9290       2.9349       2.9348       2.9349
                  2.9548       2.9555       2.9256       2.9769       2.9352
   5    100       2.7016       2.5644       2.5737       2.5709       2.5715
                  2.5943       2.5935       2.5620       2.6217       2.5704
 
 group  inft   Estimated free energy: 1-th solvent contribution (kcal/mol)
   1      0       0.3618       0.2848       0.3124       0.3006       0.3057
                  0.3101       0.3045       0.2980       0.3391       0.2907
   1     60       0.3620       0.2848       0.3124       0.3006       0.3058
                  0.3101       0.3045       0.2980       0.3393       0.2907
   1     80       0.3650       0.2841       0.3128       0.3005       0.3059
                  0.3107       0.3045       0.2979       0.3411       0.2901
   1    100       0.3750       0.2796       0.3125       0.2982       0.3042
                  0.3110       0.3026       0.2954       0.3463       0.2861
   2      0       0.3566       0.2832       0.3096       0.2982       0.3029
                  0.3066       0.3017       0.2965       0.3361       0.2888
   3      0       0.3557       0.2826       0.3078       0.2975       0.3015
                  0.3052       0.3006       0.2959       0.3350       0.2881
   4      0       0.3531       0.2816       0.3069       0.2957       0.3006
                  0.3043       0.2992       0.2948       0.3340       0.2870
   5      0       0.3546       0.2817       0.3078       0.2962       0.3010
                  0.3042       0.3000       0.2949       0.3340       0.2878
   5     60       0.3550       0.2816       0.3078       0.2962       0.3010
                  0.3043       0.3000       0.2949       0.3342       0.2877
   5     80       0.3583       0.2805       0.3080       0.2957       0.3007
                  0.3045       0.2997       0.2944       0.3361       0.2868
   5    100       0.3666       0.2758       0.3071       0.2930       0.2985
                  0.3038       0.2971       0.2915       0.3401       0.2825
 
 group  inft   Estimated free energy: 2-th solvent contribution (kcal/mol)
   1      0      -0.1859      -0.2464      -0.2709      -0.2368      -0.2266
                 -0.2312      -0.2123      -0.2348      -0.2061      -0.1917
   1     60      -0.1860      -0.2465      -0.2711      -0.2369      -0.2268
                 -0.2313      -0.2124      -0.2349      -0.2062      -0.1918
   1     80      -0.1870      -0.2480      -0.2726      -0.2384      -0.2282
                 -0.2328      -0.2136      -0.2363      -0.2074      -0.1928
   1    100      -0.1913      -0.2541      -0.2789      -0.2443      -0.2339
                 -0.2386      -0.2187      -0.2418      -0.2121      -0.1970
   2      0      -0.1872      -0.2485      -0.2729      -0.2386      -0.2284
                 -0.2324      -0.2137      -0.2366      -0.2078      -0.1948
   3      0      -0.1882      -0.2490      -0.2732      -0.2399      -0.2286
                 -0.2339      -0.2145      -0.2376      -0.2088      -0.1953
   4      0      -0.1890      -0.2499      -0.2743      -0.2402      -0.2300
                 -0.2340      -0.2151      -0.2381      -0.2094      -0.1967
   5      0      -0.1890      -0.2506      -0.2735      -0.2409      -0.2300
                 -0.2349      -0.2163      -0.2393      -0.2105      -0.1960
   5     60      -0.1892      -0.2508      -0.2737      -0.2411      -0.2302
                 -0.2351      -0.2165      -0.2395      -0.2106      -0.1961
   5     80      -0.1905      -0.2528      -0.2758      -0.2431      -0.2321
                 -0.2371      -0.2182      -0.2413      -0.2122      -0.1976
   5    100      -0.1947      -0.2587      -0.2818      -0.2488      -0.2377
                 -0.2427      -0.2233      -0.2468      -0.2170      -0.2018
 
 group  inft   Estimated free energy: 3-th solvent contribution (kcal/mol)
   1      0       2.9832       3.0009       3.0060       2.9792       2.9676
                  2.9886       2.9735       2.9694       2.9548       2.9455
   1     60       2.9710       2.9886       2.9938       2.9670       2.9553
                  2.9764       2.9612       2.9572       2.9425       2.9332
   1     80       2.8693       2.8867       2.8919       2.8649       2.8530
                  2.8746       2.8593       2.8551       2.8403       2.8308
   1    100       2.4919       2.5077       2.5126       2.4847       2.4722
                  2.4955       2.4800       2.4749       2.4606       2.4493
   2      0       2.9778       2.9954       3.0000       2.9737       2.9620
                  2.9817       2.9675       2.9641       2.9518       2.9402
   3      0       2.9883       3.0068       3.0100       2.9859       2.9739
                  2.9927       2.9771       2.9766       2.9627       2.9509
   4      0       2.9718       2.9909       2.9939       2.9680       2.9564
                  2.9766       2.9615       2.9599       2.9483       2.9374
   5      0       3.0269       3.0465       3.0480       3.0277       3.0121
                  3.0326       3.0193       3.0180       2.9985       2.9919
   5     60       3.0103       3.0299       3.0314       3.0111       2.9954
                  3.0159       3.0026       3.0013       2.9819       2.9752
   5     80       2.8820       2.9013       2.9028       2.8821       2.8663
                  2.8873       2.8740       2.8724       2.8531       2.8460
   5    100       2.5297       2.5473       2.5484       2.5267       2.5107
                  2.5332       2.5197       2.5174       2.4986       2.4897
 
 
 cumulative average & 95% error for solvation free energy
              total             1st component         2nd component         3rd component
  1     3.1558                0.3557               -0.1882                2.9883
  2     3.0982     0.1154     0.3192     0.0731    -0.2186     0.0608     2.9976     0.0185
  3     3.0803     0.0756     0.3154     0.0429    -0.2368     0.0506     3.0017     0.0135
  4     3.0711     0.0565     0.3109     0.0316    -0.2376     0.0358     2.9977     0.0124
  5     3.0662     0.0448     0.3090     0.0248    -0.2358     0.0280     2.9930     0.0135
  6     3.0659     0.0366     0.3084     0.0203    -0.2355     0.0228     2.9929     0.0111
  7     3.0655     0.0310     0.3073     0.0173    -0.2325     0.0202     2.9907     0.0104
  8     3.0617     0.0279     0.3058     0.0152    -0.2331     0.0175     2.9889     0.0097
  9     3.0647     0.0253     0.3091     0.0149    -0.2304     0.0164     2.9860     0.0103
 10     3.0626     0.0230     0.3070     0.0140    -0.2269     0.0163     2.9825     0.0116
