 ERmod 0.3.7, Copyright (C) 2000-2019 Nobuyuki Matubayasi
                            2010-2019 Shun Sakuraba
 ERmod comes with ABSOLUTELY NO WARRANTY.
 This is free software, and you can redistribute it
 and/or modify it under certain conditions.
 See LICENSE file for details.
 ERmod 0.3.7, Copyright (C) 2000-2019 Nobuyuki Matubayasi
                            2010-2019 Shun Sakuraba
 ERmod comes with ABSOLUTELY NO WARRANTY.
 This is free software, and you can redistribute it
 and/or modify it under certain conditions.
 See LICENSE file for details.
 
  Number of the   1-th solvent  =           90
  Number of the   2-th solvent  =           90
  Number of the   3-th solvent  =        10000
 
  Be sure that the solvent distribution is homogeneous (radial distribution function is essentially unity) when the solvent molecule is separated beyond distance of   10.0 Angstrom in any direction from any atom within the solute molecule
 
  LJ long-range correction    =        -0.0053     -0.0379     -0.7175
 
  Self-energy of the solute   =        -0.0001  kcal/mol
 
 
 cumulative average & 95% error for solvation energy
              total             1st component         2nd component         3rd component
  1   -30.4464                0.0445               -1.4394              -29.0514
  2   -30.4765     0.0602    -0.0019     0.0928    -1.2997     0.2793   -29.1748     0.2467
  3   -30.4730     0.0354     0.0021     0.0542    -1.6413     0.7018   -28.8337     0.6968
  4   -30.4477     0.0564    -0.2343     0.4742    -1.5211     0.5514   -28.6923     0.5681
  5   -30.4740     0.0684    -0.3253     0.4100    -1.5756     0.4408   -28.5731     0.5005
  6   -30.5188     0.1055    -0.3810     0.3528    -1.5597     0.3613   -28.5779     0.4088
  7   -30.5165     0.0893    -0.3367     0.3111    -1.4715     0.3527   -28.7082     0.4327
  8   -30.5014     0.0830    -0.3232     0.2707    -1.4360     0.3136   -28.7421     0.3809
  9   -30.5156     0.0785    -0.3055     0.2414    -1.4201     0.2784   -28.7899     0.3492
 10   -30.5366     0.0818    -0.3204     0.2179    -1.3785     0.2625   -28.8377     0.3266
 
 
 group  inft  solvation free energy     error          difference
  total solvation free energy
   1      0         -3.85693           0.06920           0.00796
   1     60         -3.88707           0.06924          -0.02218
   1     80         -4.13754           0.06950          -0.27265
   1    100         -5.02189           0.07013          -1.15700
   2      0         -3.86388           0.06971           0.00101
   3      0         -3.86489           0.06927           0.00000
   4      0         -3.86655           0.06997          -0.00166
   5      0         -3.86166           0.06789           0.00323
   5     60         -3.90265           0.06795          -0.03775
   5     80         -4.21470           0.06829          -0.34981
   5    100         -5.02811           0.06892          -1.16322
 
  contribution from  1-th solvent component
   1      0          0.03054           0.11515           0.01095
   1     60          0.03047           0.11517           0.01087
   1     80          0.02949           0.11529           0.00990
   1    100          0.02491           0.11572           0.00531
   2      0          0.02237           0.11321           0.00278
   3      0          0.01959           0.11127           0.00000
   4      0          0.01778           0.11022          -0.00182
   5      0          0.01712           0.10906          -0.00247
   5     60          0.01698           0.10908          -0.00261
   5     80          0.01546           0.10919          -0.00413
   5    100          0.01065           0.10946          -0.00894
 
  contribution from  2-th solvent component
   1      0         -0.80365           0.12883          -0.00606
   1     60         -0.80401           0.12883          -0.00642
   1     80         -0.80695           0.12886          -0.00936
   1    100         -0.81740           0.12896          -0.01981
   2      0         -0.79926           0.12839          -0.00167
   3      0         -0.79759           0.12857           0.00000
   4      0         -0.79756           0.12861           0.00003
   5      0         -0.79502           0.12849           0.00257
   5     60         -0.79551           0.12849           0.00208
   5     80         -0.79922           0.12852          -0.00163
   5    100         -0.80887           0.12859          -0.01128
 
  contribution from  3-th solvent component
   1      0         -3.08375           0.15303           0.00308
   1     60         -3.11347           0.15308          -0.02664
   1     80         -3.36002           0.15348          -0.27319
   1    100         -4.22934           0.15482          -1.14250
   2      0         -3.08693           0.15267          -0.00010
   3      0         -3.08683           0.15240           0.00000
   4      0         -3.08671           0.15136           0.00012
   5      0         -3.08370           0.15165           0.00313
   5     60         -3.12405           0.15173          -0.03722
   5     80         -3.43087           0.15220          -0.34404
   5    100         -4.22983           0.15336          -1.14300
 
 
 group  inft   Estimated free energy: total (kcal/mol)
   1      0      -3.8058      -3.8264      -3.8584      -3.7264      -3.8951
                 -4.0405      -3.7268      -3.7816      -3.8818      -4.0265
   1     60      -3.8359      -3.8567      -3.8883      -3.7564      -3.9252
                 -4.0709      -3.7570      -3.8118      -3.9119      -4.0567
   1     80      -4.0859      -4.1075      -4.1372      -4.0057      -4.1756
                 -4.3224      -4.0081      -4.0626      -4.1623      -4.3082
   1    100      -4.9695      -4.9928      -5.0170      -4.8865      -5.0591
                 -5.2087      -4.8943      -4.9491      -5.0461      -5.1958
   2      0      -3.8177      -3.8358      -3.8566      -3.7227      -3.9069
                 -4.0486      -3.7366      -3.7882      -3.8962      -4.0297
   3      0      -3.8255      -3.8410      -3.8592      -3.7172      -3.9079
                 -4.0436      -3.7385      -3.7861      -3.9016      -4.0283
   4      0      -3.8242      -3.8441      -3.8580      -3.7160      -3.9117
                 -4.0521      -3.7435      -3.7873      -3.9008      -4.0279
   5      0      -3.8217      -3.8406      -3.8487      -3.7153      -3.9092
                 -4.0355      -3.7469      -3.7793      -3.8950      -4.0245
   5     60      -3.8626      -3.8817      -3.8893      -3.7561      -3.9501
                 -4.0768      -3.7880      -3.8203      -3.9360      -4.0656
   5     80      -4.1744      -4.1942      -4.1993      -4.0666      -4.2619
                 -4.3899      -4.1008      -4.1328      -4.2481      -4.3790
   5    100      -4.9877      -5.0083      -5.0083      -4.8765      -5.0746
                 -5.2049      -4.9160      -4.9482      -5.0612      -5.1955
 
 group  inft   Estimated free energy: 1-th solvent contribution (kcal/mol)
   1      0       0.2001       0.1696       0.1780      -0.2709      -0.1504
                 -0.2253       0.1914       0.0960       0.1208      -0.0038
   1     60       0.2000       0.1695       0.1779      -0.2710      -0.1505
                 -0.2254       0.1913       0.0959       0.1208      -0.0039
   1     80       0.1993       0.1685       0.1772      -0.2723      -0.1516
                 -0.2267       0.1906       0.0948       0.1199      -0.0049
   1    100       0.1954       0.1642       0.1736      -0.2782      -0.1564
                 -0.2323       0.1865       0.0899       0.1159      -0.0094
   2      0       0.1849       0.1616       0.1747      -0.2694      -0.1599
                 -0.2307       0.1824       0.0822       0.1056      -0.0077
   3      0       0.1762       0.1548       0.1725      -0.2667      -0.1606
                 -0.2285       0.1790       0.0785       0.1009      -0.0101
   4      0       0.1743       0.1513       0.1710      -0.2631      -0.1613
                 -0.2306       0.1721       0.0813       0.0959      -0.0130
   5      0       0.1665       0.1503       0.1753      -0.2619      -0.1638
                 -0.2237       0.1676       0.0785       0.0978      -0.0153
   5     60       0.1664       0.1502       0.1752      -0.2621      -0.1639
                 -0.2239       0.1675       0.0783       0.0976      -0.0155
   5     80       0.1650       0.1487       0.1741      -0.2639      -0.1655
                 -0.2256       0.1662       0.0766       0.0962      -0.0171
   5    100       0.1603       0.1440       0.1705      -0.2695      -0.1705
                 -0.2311       0.1618       0.0714       0.0916      -0.0219
 
 group  inft   Estimated free energy: 2-th solvent contribution (kcal/mol)
   1      0      -0.8044      -0.7180      -1.2486      -0.6388      -1.0129
                 -0.8877      -0.5392      -0.6992      -0.7760      -0.7116
   1     60      -0.8048      -0.7183      -1.2490      -0.6392      -1.0132
                 -0.8881      -0.5395      -0.6996      -0.7764      -0.7120
   1     80      -0.8078      -0.7212      -1.2520      -0.6421      -1.0162
                 -0.8910      -0.5422      -0.7026      -0.7794      -0.7150
   1    100      -0.8184      -0.7317      -1.2626      -0.6522      -1.0269
                 -0.9015      -0.5521      -0.7132      -0.7899      -0.7256
   2      0      -0.7984      -0.7156      -1.2399      -0.6325      -1.0114
                 -0.8867      -0.5383      -0.6884      -0.7724      -0.7088
   3      0      -0.7967      -0.7135      -1.2376      -0.6300      -1.0109
                 -0.8853      -0.5349      -0.6873      -0.7724      -0.7073
   4      0      -0.7964      -0.7176      -1.2354      -0.6286      -1.0120
                 -0.8902      -0.5346      -0.6865      -0.7698      -0.7045
   5      0      -0.7897      -0.7132      -1.2330      -0.6300      -1.0114
                 -0.8862      -0.5334      -0.6807      -0.7691      -0.7037
   5     60      -0.7902      -0.7136      -1.2335      -0.6304      -1.0119
                 -0.8866      -0.5338      -0.6812      -0.7696      -0.7042
   5     80      -0.7940      -0.7174      -1.2372      -0.6341      -1.0156
                 -0.8904      -0.5373      -0.6849      -0.7733      -0.7080
   5    100      -0.8037      -0.7272      -1.2470      -0.6434      -1.0254
                 -0.9000      -0.5465      -0.6946      -0.7831      -0.7178
 
 group  inft   Estimated free energy: 3-th solvent contribution (kcal/mol)
   1      0      -3.2013      -3.2780      -2.7878      -2.8166      -2.7318
                 -2.9274      -3.3789      -3.1783      -3.2265      -3.3109
   1     60      -3.2310      -3.3078      -2.8172      -2.8462      -2.7614
                 -2.9573      -3.4088      -3.2080      -3.2562      -3.3408
   1     80      -3.4773      -3.5548      -3.0624      -3.0913      -3.0077
                 -3.2046      -3.6564      -3.4547      -3.5028      -3.5882
   1    100      -4.3464      -4.4252      -3.9280      -3.9560      -3.8757
                 -4.0749      -4.5287      -4.3257      -4.3720      -4.4607
   2      0      -3.2041      -3.2816      -2.7913      -2.8207      -2.7355
                 -2.9312      -3.3807      -3.1819      -3.2292      -3.3131
   3      0      -3.2050      -3.2822      -2.7940      -2.8205      -2.7364
                 -2.9297      -3.3824      -3.1772      -3.2301      -3.3108
   4      0      -3.2021      -3.2777      -2.7935      -2.8241      -2.7383
                 -2.9313      -3.3809      -3.1820      -3.2269      -3.3103
   5      0      -3.1984      -3.2777      -2.7909      -2.8233      -2.7339
                 -2.9256      -3.3810      -3.1771      -3.2236      -3.3054
   5     60      -3.2388      -3.3181      -2.8310      -2.8634      -2.7742
                 -2.9662      -3.4216      -3.2174      -3.2640      -3.3459
   5     80      -3.5454      -3.6254      -3.1361      -3.1686      -3.0807
                 -3.2739      -3.7296      -3.5244      -3.5709      -3.6538
   5    100      -4.3443      -4.4250      -3.9318      -3.9634      -3.8786
                 -4.0737      -4.5313      -4.3249      -4.3696      -4.4557
 
 
 cumulative average & 95% error for solvation free energy
              total             1st component         2nd component         3rd component
  1    -3.8255                0.1762               -0.7967               -3.2050
  2    -3.8333     0.0155     0.1655     0.0214    -0.7551     0.0832    -3.2436     0.0772
  3    -3.8419     0.0194     0.1678     0.0132    -0.9160     0.3253    -3.0937     0.3030
  4    -3.8107     0.0638     0.0592     0.2175    -0.8445     0.2708    -3.0254     0.2541
  5    -3.8302     0.0629     0.0152     0.1900    -0.8777     0.2201    -2.9676     0.2283
  6    -3.8657     0.0877    -0.0254     0.1751    -0.8790     0.1797    -2.9613     0.1868
  7    -3.8476     0.0826     0.0038     0.1591    -0.8298     0.1809    -3.0215     0.1985
  8    -3.8399     0.0732     0.0131     0.1391    -0.8120     0.1607    -3.0409     0.1763
  9    -3.8467     0.0660     0.0229     0.1242    -0.8076     0.1420    -3.0619     0.1610
 10    -3.8649     0.0693     0.0196     0.1113    -0.7976     0.1286    -3.0868     0.1524
