 ERmod 0.3.7, Copyright (C) 2000-2019 Nobuyuki Matubayasi
                            2010-2019 Shun Sakuraba
 ERmod comes with ABSOLUTELY NO WARRANTY.
 This is free software, and you can redistribute it
 and/or modify it under certain conditions.
 See LICENSE file for details.
 ERmod 0.3.7, Copyright (C) 2000-2019 Nobuyuki Matubayasi
                            2010-2019 Shun Sakuraba
 ERmod comes with ABSOLUTELY NO WARRANTY.
 This is free software, and you can redistribute it
 and/or modify it under certain conditions.
 See LICENSE file for details.
 
  Number of the   1-th solvent  =          180
  Number of the   2-th solvent  =          180
  Number of the   3-th solvent  =        10000
 
  Be sure that the solvent distribution is homogeneous (radial distribution function is essentially unity) when the solvent molecule is separated beyond distance of   10.0 Angstrom in any direction from any atom within the solute molecule
 
  LJ long-range correction    =        -0.0020     -0.0019     -0.1370
 
  Self-energy of the solute   =         0.0000  kcal/mol
 
 
 cumulative average & 95% error for solvation energy
              total             1st component         2nd component         3rd component
  1    -4.0247                0.0263               -0.0833               -3.9677
  2    -4.0287     0.0080     0.0242     0.0041    -0.0783     0.0100    -3.9746     0.0138
  3    -4.0258     0.0074     0.0217     0.0056    -0.0791     0.0060    -3.9684     0.0148
  4    -4.0295     0.0092     0.0143     0.0153    -0.0823     0.0076    -3.9615     0.0172
  5    -4.0287     0.0073     0.0125     0.0124    -0.0819     0.0059    -3.9592     0.0141
  6    -4.0263     0.0076     0.0141     0.0106    -0.0798     0.0064    -3.9606     0.0118
  7    -4.0273     0.0067     0.0139     0.0090    -0.0802     0.0055    -3.9610     0.0100
  8    -4.0252     0.0071     0.0146     0.0079    -0.0803     0.0047    -3.9595     0.0092
  9    -4.0248     0.0063     0.0158     0.0074    -0.0798     0.0043    -3.9608     0.0085
 10    -4.0256     0.0058     0.0160     0.0066    -0.0793     0.0040    -3.9623     0.0082
 
 
 group  inft  solvation free energy     error          difference
  total solvation free energy
   1      0          2.84760           0.00826           0.00423
   1     60          2.82927           0.00835          -0.01410
   1     80          2.72540           0.00895          -0.11797
   1    100          2.43333           0.01080          -0.41004
   2      0          2.84846           0.00743           0.00509
   3      0          2.84337           0.00734           0.00000
   4      0          2.90728           0.00710           0.06391
   5      0          2.86342           0.00734           0.02005
   5     60          2.83960           0.00745          -0.00377
   5     80          2.71461           0.00815          -0.12877
   5    100          2.44467           0.00979          -0.39870
 
  contribution from  1-th solvent component
   1      0          0.10710           0.00500           0.00352
   1     60          0.10704           0.00502           0.00346
   1     80          0.10647           0.00525           0.00288
   1    100          0.10349           0.00601          -0.00010
   2      0          0.10542           0.00477           0.00183
   3      0          0.10358           0.00462           0.00000
   4      0          0.10303           0.00448          -0.00055
   5      0          0.10263           0.00436          -0.00095
   5     60          0.10254           0.00439          -0.00104
   5     80          0.10153           0.00465          -0.00205
   5    100          0.09822           0.00526          -0.00536
 
  contribution from  2-th solvent component
   1      0         -0.01763           0.00488           0.00192
   1     60         -0.01710           0.00493           0.00246
   1     80         -0.01568           0.00528           0.00388
   1    100         -0.01372           0.00644           0.00584
   2      0         -0.02064           0.00408          -0.00109
   3      0         -0.01956           0.00407           0.00000
   4      0         -0.02044           0.00415          -0.00088
   5      0         -0.02005           0.00426          -0.00049
   5     60         -0.01946           0.00432           0.00010
   5     80         -0.01792           0.00477           0.00163
   5    100         -0.01621           0.00590           0.00335
 
  contribution from  3-th solvent component
   1      0          2.75813           0.00594          -0.00121
   1     60          2.73932           0.00597          -0.02002
   1     80          2.63461           0.00614          -0.12473
   1    100          2.34356           0.00668          -0.41578
   2      0          2.76369           0.00588           0.00434
   3      0          2.75935           0.00620           0.00000
   4      0          2.82469           0.00589           0.06534
   5      0          2.78083           0.00601           0.02149
   5     60          2.75651           0.00604          -0.00283
   5     80          2.63099           0.00621          -0.12835
   5    100          2.36266           0.00665          -0.39668
 
 
 group  inft   Estimated free energy: total (kcal/mol)
   1      0       2.8355       2.8614       2.8443       2.8371       2.8525
                  2.8757       2.8326       2.8465       2.8489       2.8416
   1     60       2.8170       2.8432       2.8259       2.8186       2.8340
                  2.8577       2.8141       2.8281       2.8307       2.8233
   1     80       2.7125       2.7406       2.7216       2.7135       2.7297
                  2.7558       2.7090       2.7237       2.7277       2.7197
   1    100       2.4191       2.4523       2.4289       2.4178       2.4366
                  2.4695       2.4127       2.4299       2.4383       2.4283
   2      0       2.8363       2.8592       2.8440       2.8408       2.8532
                  2.8739       2.8360       2.8488       2.8517       2.8407
   3      0       2.8310       2.8522       2.8399       2.8366       2.8481
                  2.8695       2.8324       2.8452       2.8451       2.8338
   4      0       2.8957       2.9165       2.9024       2.9012       2.9129
                  2.9323       2.8961       2.9078       2.9089       2.8991
   5      0       2.8517       2.8719       2.8585       2.8564       2.8682
                  2.8898       2.8518       2.8649       2.8658       2.8551
   5     60       2.8277       2.8483       2.8346       2.8324       2.8443
                  2.8663       2.8278       2.8410       2.8422       2.8314
   5     80       2.7020       2.7248       2.7089       2.7059       2.7188
                  2.7438       2.7013       2.7153       2.7185       2.7067
   5    100       2.4307       2.4582       2.4380       2.4326       2.4480
                  2.4791       2.4277       2.4438       2.4513       2.4373
 
 group  inft   Estimated free energy: 1-th solvent contribution (kcal/mol)
   1      0       0.1163       0.1136       0.1071       0.0926       0.0981
                  0.1138       0.0999       0.1069       0.1134       0.1095
   1     60       0.1163       0.1136       0.1070       0.0925       0.0980
                  0.1137       0.0998       0.1069       0.1134       0.1094
   1     80       0.1164       0.1133       0.1062       0.0914       0.0970
                  0.1134       0.0988       0.1061       0.1131       0.1089
   1    100       0.1157       0.1116       0.1026       0.0869       0.0926
                  0.1113       0.0945       0.1027       0.1109       0.1061
   2      0       0.1143       0.1114       0.1050       0.0914       0.0969
                  0.1113       0.0987       0.1057       0.1121       0.1072
   3      0       0.1126       0.1093       0.1035       0.0898       0.0952
                  0.1092       0.0977       0.1037       0.1097       0.1051
   4      0       0.1120       0.1081       0.1023       0.0899       0.0951
                  0.1087       0.0971       0.1032       0.1092       0.1047
   5      0       0.1110       0.1078       0.1017       0.0896       0.0950
                  0.1083       0.0973       0.1026       0.1088       0.1043
   5     60       0.1110       0.1077       0.1016       0.0894       0.0948
                  0.1082       0.0972       0.1025       0.1088       0.1042
   5     80       0.1108       0.1071       0.1003       0.0879       0.0934
                  0.1075       0.0957       0.1013       0.1081       0.1033
   5    100       0.1094       0.1047       0.0964       0.0835       0.0889
                  0.1049       0.0913       0.0976       0.1055       0.1000
 
 group  inft   Estimated free energy: 2-th solvent contribution (kcal/mol)
   1      0      -0.0269      -0.0058      -0.0216      -0.0256      -0.0125
                 -0.0075      -0.0204      -0.0241      -0.0208      -0.0111
   1     60      -0.0265      -0.0052      -0.0211      -0.0251      -0.0121
                 -0.0068      -0.0200      -0.0237      -0.0202      -0.0104
   1     80      -0.0257      -0.0030      -0.0198      -0.0244      -0.0107
                 -0.0044      -0.0192      -0.0227      -0.0183      -0.0085
   1    100      -0.0256       0.0017      -0.0183      -0.0247      -0.0088
                  0.0005      -0.0193      -0.0226      -0.0149      -0.0051
   2      0      -0.0288      -0.0112      -0.0251      -0.0268      -0.0154
                 -0.0120      -0.0224      -0.0263      -0.0225      -0.0161
   3      0      -0.0275      -0.0112      -0.0242      -0.0256      -0.0144
                 -0.0097      -0.0219      -0.0248      -0.0213      -0.0150
   4      0      -0.0285      -0.0115      -0.0253      -0.0268      -0.0155
                 -0.0105      -0.0230      -0.0256      -0.0219      -0.0158
   5      0      -0.0281      -0.0115      -0.0257      -0.0267      -0.0156
                 -0.0096      -0.0229      -0.0250      -0.0210      -0.0144
   5     60      -0.0276      -0.0108      -0.0251      -0.0263      -0.0151
                 -0.0089      -0.0225      -0.0245      -0.0203      -0.0137
   5     80      -0.0268      -0.0082      -0.0238      -0.0256      -0.0136
                 -0.0061      -0.0217      -0.0236      -0.0182      -0.0115
   5    100      -0.0269      -0.0040      -0.0227      -0.0261      -0.0119
                 -0.0016      -0.0219      -0.0235      -0.0150      -0.0085
 
 group  inft   Estimated free energy: 3-th solvent contribution (kcal/mol)
   1      0       2.7461       2.7537       2.7589       2.7701       2.7669
                  2.7694       2.7531       2.7637       2.7562       2.7432
   1     60       2.7272       2.7349       2.7400       2.7513       2.7481
                  2.7507       2.7343       2.7449       2.7375       2.7243
   1     80       2.6218       2.6303       2.6353       2.6466       2.6435
                  2.6467       2.6294       2.6403       2.6329       2.6193
   1    100       2.3290       2.3390       2.3446       2.3556       2.3528
                  2.3577       2.3375       2.3497       2.3424       2.3273
   2      0       2.7507       2.7590       2.7640       2.7761       2.7717
                  2.7745       2.7597       2.7694       2.7620       2.7496
   3      0       2.7459       2.7541       2.7607       2.7724       2.7672
                  2.7699       2.7566       2.7664       2.7567       2.7437
   4      0       2.8122       2.8199       2.8253       2.8381       2.8333
                  2.8342       2.8219       2.8303       2.8216       2.8102
   5      0       2.7688       2.7756       2.7824       2.7935       2.7889
                  2.7911       2.7774       2.7873       2.7780       2.7652
   5     60       2.7444       2.7513       2.7581       2.7692       2.7646
                  2.7670       2.7531       2.7630       2.7537       2.7408
   5     80       2.6181       2.6260       2.6325       2.6436       2.6391
                  2.6424       2.6273       2.6376       2.6286       2.6150
   5    100       2.3482       2.3575       2.3643       2.3752       2.3710
                  2.3758       2.3583       2.3697       2.3609       2.3458
 
 
 cumulative average & 95% error for solvation free energy
              total             1st component         2nd component         3rd component
  1     2.8310                0.1126               -0.0275                2.7459
  2     2.8416     0.0212     0.1110     0.0033    -0.0193     0.0163     2.7500     0.0082
  3     2.8410     0.0123     0.1085     0.0054    -0.0210     0.0099     2.7535     0.0086
  4     2.8399     0.0090     0.1038     0.0101    -0.0221     0.0074     2.7582     0.0112
  5     2.8416     0.0077     0.1021     0.0085    -0.0206     0.0065     2.7600     0.0094
  6     2.8462     0.0112     0.1033     0.0074    -0.0188     0.0065     2.7617     0.0083
  7     2.8442     0.0103     0.1025     0.0064    -0.0192     0.0055     2.7610     0.0072
  8     2.8444     0.0089     0.1026     0.0056    -0.0199     0.0050     2.7616     0.0064
  9     2.8444     0.0079     0.1034     0.0052    -0.0201     0.0044     2.7611     0.0057
 10     2.8434     0.0073     0.1036     0.0046    -0.0196     0.0041     2.7593     0.0062
