 ERmod 0.3.7, Copyright (C) 2000-2019 Nobuyuki Matubayasi
                            2010-2019 Shun Sakuraba
 ERmod comes with ABSOLUTELY NO WARRANTY.
 This is free software, and you can redistribute it
 and/or modify it under certain conditions.
 See LICENSE file for details.
 ERmod 0.3.7, Copyright (C) 2000-2019 Nobuyuki Matubayasi
                            2010-2019 Shun Sakuraba
 ERmod comes with ABSOLUTELY NO WARRANTY.
 This is free software, and you can redistribute it
 and/or modify it under certain conditions.
 See LICENSE file for details.
 
  Number of the   1-th solvent  =           90
  Number of the   2-th solvent  =           90
  Number of the   3-th solvent  =        10000
 
  Be sure that the solvent distribution is homogeneous (radial distribution function is essentially unity) when the solvent molecule is separated beyond distance of   10.0 Angstrom in any direction from any atom within the solute molecule
 
  LJ long-range correction    =        -0.0010     -0.0350     -0.6631
 
  Self-energy of the solute   =         0.0001  kcal/mol
 
 
 cumulative average & 95% error for solvation energy
              total             1st component         2nd component         3rd component
  1   -16.1311                0.2476               -0.7993              -15.5794
  2   -16.0740     0.1141     0.2452     0.0048    -0.6930     0.2127   -15.6262     0.0938
  3   -16.0500     0.0815     0.2440     0.0036    -0.6542     0.1452   -15.6399     0.0606
  4   -16.0403     0.0608     0.2464     0.0055    -0.6455     0.1041   -15.6413     0.0429
  5   -16.0666     0.0706     0.2464     0.0043    -0.7309     0.1888   -15.5821     0.1229
  6   -16.0632     0.0580     0.2456     0.0038    -0.7123     0.1586   -15.5967     0.1045
  7   -16.0831     0.0632     0.2472     0.0044    -0.7506     0.1544   -15.5798     0.0945
  8   -16.0804     0.0550     0.2480     0.0042    -0.7436     0.1344   -15.5848     0.0825
  9   -16.0715     0.0516     0.2486     0.0039    -0.7312     0.1211   -15.5890     0.0732
 10   -16.0890     0.0579     0.2480     0.0037    -0.7632     0.1258   -15.5740     0.0721
 
 
 group  inft  solvation free energy     error          difference
  total solvation free energy
   1      0          3.68044           0.03038           0.01928
   1     60          3.66199           0.03041           0.00084
   1     80          3.50337           0.03066          -0.15779
   1    100          2.89028           0.03165          -0.77088
   2      0          3.66407           0.03105           0.00291
   3      0          3.66116           0.03166           0.00000
   4      0          3.63247           0.03179          -0.02869
   5      0          3.69123           0.03018           0.03008
   5     60          3.66576           0.03021           0.00460
   5     80          3.46312           0.03053          -0.19803
   5    100          2.88902           0.03146          -0.77214
 
  contribution from  1-th solvent component
   1      0          0.21757           0.01001           0.00420
   1     60          0.21803           0.01002           0.00466
   1     80          0.22185           0.01007           0.00848
   1    100          0.23316           0.01021           0.01979
   2      0          0.21458           0.00936           0.00121
   3      0          0.21337           0.00917           0.00000
   4      0          0.21242           0.00901          -0.00095
   5      0          0.21217           0.00857          -0.00120
   5     60          0.21277           0.00858          -0.00060
   5     80          0.21748           0.00867           0.00411
   5    100          0.22776           0.00884           0.01439
 
  contribution from  2-th solvent component
   1      0         -0.39818           0.05774           0.00212
   1     60         -0.39823           0.05778           0.00207
   1     80         -0.39887           0.05809           0.00143
   1    100         -0.40180           0.05919          -0.00150
   2      0         -0.39966           0.05752           0.00064
   3      0         -0.40030           0.05763           0.00000
   4      0         -0.40121           0.05712          -0.00091
   5      0         -0.40136           0.05738          -0.00106
   5     60         -0.40146           0.05743          -0.00116
   5     80         -0.40243           0.05779          -0.00213
   5    100         -0.40547           0.05874          -0.00517
 
  contribution from  3-th solvent component
   1      0          3.86099           0.03265           0.01296
   1     60          3.84214           0.03268          -0.00589
   1     80          3.68033           0.03283          -0.16770
   1    100          3.05886           0.03348          -0.78917
   2      0          3.84909           0.03289           0.00106
   3      0          3.84803           0.03255           0.00000
   4      0          3.82121           0.03259          -0.02683
   5      0          3.88037           0.03160           0.03234
   5     60          3.85440           0.03163           0.00637
   5     80          3.64802           0.03182          -0.20001
   5    100          3.06668           0.03244          -0.78135
 
 
 group  inft   Estimated free energy: total (kcal/mol)
   1      0       3.6382       3.7204       3.7232       3.7158       3.6517
                  3.7003       3.6174       3.6834       3.7445       3.6096
   1     60       3.6197       3.7019       3.7048       3.6973       3.6333
                  3.6819       3.5989       3.6649       3.7261       3.5911
   1     80       3.4605       3.5437       3.5468       3.5389       3.4749
                  3.5233       3.4396       3.5062       3.5678       3.4320
   1    100       2.8447       2.9327       2.9360       2.9263       2.8632
                  2.9108       2.8235       2.8917       2.9564       2.8176
   2      0       3.6150       3.6965       3.7039       3.6970       3.6416
                  3.6878       3.6003       3.6752       3.7334       3.5900
   3      0       3.6089       3.6904       3.7017       3.6946       3.6389
                  3.6869       3.5993       3.6769       3.7309       3.5830
   4      0       3.5784       3.6591       3.6722       3.6659       3.6128
                  3.6587       3.5689       3.6509       3.7028       3.5550
   5      0       3.6493       3.7256       3.7339       3.7264       3.6641
                  3.7167       3.6271       3.7029       3.7493       3.6171
   5     60       3.6237       3.7002       3.7085       3.7009       3.6387
                  3.6912       3.6016       3.6774       3.7239       3.5915
   5     80       3.4203       3.4979       3.5067       3.4984       3.4365
                  3.4886       3.3983       3.4746       3.5219       3.3881
   5    100       2.8436       2.9252       2.9348       2.9246       2.8643
                  2.9149       2.8216       2.8992       2.9498       2.8122
 
 group  inft   Estimated free energy: 1-th solvent contribution (kcal/mol)
   1      0       0.2124       0.2084       0.2002       0.2106       0.2137
                  0.2060       0.2329       0.2334       0.2503       0.2080
   1     60       0.2129       0.2088       0.2007       0.2110       0.2141
                  0.2064       0.2334       0.2339       0.2507       0.2084
   1     80       0.2167       0.2123       0.2045       0.2150       0.2178
                  0.2099       0.2377       0.2382       0.2542       0.2122
   1    100       0.2278       0.2228       0.2160       0.2265       0.2288
                  0.2203       0.2503       0.2510       0.2645       0.2236
   2      0       0.2102       0.2061       0.1972       0.2066       0.2120
                  0.2043       0.2288       0.2307       0.2441       0.2059
   3      0       0.2082       0.2048       0.1960       0.2051       0.2116
                  0.2041       0.2276       0.2299       0.2414       0.2050
   4      0       0.2074       0.2037       0.1954       0.2045       0.2112
                  0.2034       0.2264       0.2280       0.2403       0.2039
   5      0       0.2085       0.2038       0.1959       0.2042       0.2104
                  0.2028       0.2265       0.2254       0.2391       0.2051
   5     60       0.2091       0.2044       0.1965       0.2049       0.2110
                  0.2033       0.2272       0.2260       0.2396       0.2056
   5     80       0.2137       0.2088       0.2013       0.2097       0.2156
                  0.2077       0.2325       0.2314       0.2441       0.2103
   5    100       0.2238       0.2184       0.2117       0.2201       0.2255
                  0.2170       0.2441       0.2431       0.2535       0.2205
 
 group  inft   Estimated free energy: 2-th solvent contribution (kcal/mol)
   1      0      -0.4227      -0.3133      -0.3036      -0.3371      -0.5348
                 -0.3305      -0.4976      -0.3805      -0.3334      -0.5282
   1     60      -0.4228      -0.3132      -0.3036      -0.3372      -0.5349
                 -0.3305      -0.4977      -0.3806      -0.3334      -0.5283
   1     80      -0.4238      -0.3131      -0.3038      -0.3379      -0.5361
                 -0.3308      -0.4989      -0.3816      -0.3332      -0.5296
   1    100      -0.4279      -0.3132      -0.3050      -0.3411      -0.5411
                 -0.3322      -0.5038      -0.3857      -0.3333      -0.5346
   2      0      -0.4246      -0.3158      -0.3061      -0.3386      -0.5357
                 -0.3324      -0.4988      -0.3812      -0.3341      -0.5293
   3      0      -0.4254      -0.3169      -0.3063      -0.3391      -0.5367
                 -0.3326      -0.4998      -0.3812      -0.3351      -0.5301
   4      0      -0.4263      -0.3195      -0.3078      -0.3401      -0.5366
                 -0.3342      -0.4999      -0.3818      -0.3362      -0.5297
   5      0      -0.4259      -0.3175      -0.3067      -0.3399      -0.5378
                 -0.3339      -0.5009      -0.3823      -0.3391      -0.5295
   5     60      -0.4260      -0.3175      -0.3067      -0.3401      -0.5380
                 -0.3340      -0.5011      -0.3825      -0.3391      -0.5296
   5     80      -0.4274      -0.3177      -0.3070      -0.3411      -0.5397
                 -0.3344      -0.5027      -0.3839      -0.3392      -0.5313
   5    100      -0.4315      -0.3185      -0.3083      -0.3443      -0.5445
                 -0.3362      -0.5075      -0.3879      -0.3400      -0.5361
 
 group  inft   Estimated free energy: 3-th solvent contribution (kcal/mol)
   1      0       3.8484       3.8252       3.8265       3.8423       3.9727
                  3.8249       3.8821       3.8304       3.8276       3.9298
   1     60       3.8296       3.8063       3.8077       3.8234       3.9540
                  3.8060       3.8632       3.8116       3.8087       3.9110
   1     80       3.6676       3.6444       3.6460       3.6618       3.7931
                  3.6441       3.7008       3.6495       3.6467       3.7493
   1    100       3.0448       3.0230       3.0250       3.0408       3.1754
                  3.0226       3.0769       3.0264       3.0251       3.1285
   2      0       3.8293       3.8061       3.8128       3.8290       3.9652
                  3.8159       3.8702       3.8257       3.8234       3.9133
   3      0       3.8260       3.8025       3.8119       3.8285       3.9639
                  3.8154       3.8714       3.8281       3.8245       3.9081
   4      0       3.7973       3.7749       3.7846       3.8015       3.9381
                  3.7894       3.8423       3.8046       3.7987       3.8806
   5      0       3.8666       3.8393       3.8446       3.8620       3.9915
                  3.8478       3.9015       3.8598       3.8493       3.9414
   5     60       3.8406       3.8132       3.8186       3.8360       3.9657
                  3.8218       3.8755       3.8338       3.8233       3.9155
   5     80       3.6339       3.6067       3.6124       3.6298       3.7605
                  3.6153       3.6685       3.6270       3.6170       3.7091
   5    100       3.0512       3.0253       3.0314       3.0488       3.1832
                  3.0339       3.0849       3.0441       3.0362       3.1278
 
 
 cumulative average & 95% error for solvation free energy
              total             1st component         2nd component         3rd component
  1     3.6089                0.2082               -0.4254                3.8260
  2     3.6497     0.0815     0.2065     0.0035    -0.3711     0.1085     3.8142     0.0236
  3     3.6670     0.0585     0.2030     0.0072    -0.3495     0.0761     3.8135     0.0137
  4     3.6739     0.0436     0.2035     0.0052    -0.3469     0.0541     3.8172     0.0123
  5     3.6669     0.0365     0.2051     0.0052    -0.3849     0.0867     3.8466     0.0594
  6     3.6702     0.0306     0.2050     0.0043    -0.3761     0.0729     3.8414     0.0496
  7     3.6601     0.0328     0.2082     0.0074    -0.3938     0.0710     3.8457     0.0428
  8     3.6622     0.0287     0.2109     0.0084    -0.3922     0.0616     3.8435     0.0373
  9     3.6698     0.0296     0.2143     0.0100    -0.3859     0.0558     3.8414     0.0332
 10     3.6612     0.0317     0.2134     0.0092    -0.4003     0.0576     3.8480     0.0325
