 ERmod 0.3.7, Copyright (C) 2000-2019 Nobuyuki Matubayasi
                            2010-2019 Shun Sakuraba
 ERmod comes with ABSOLUTELY NO WARRANTY.
 This is free software, and you can redistribute it
 and/or modify it under certain conditions.
 See LICENSE file for details.
 ERmod 0.3.7, Copyright (C) 2000-2019 Nobuyuki Matubayasi
                            2010-2019 Shun Sakuraba
 ERmod comes with ABSOLUTELY NO WARRANTY.
 This is free software, and you can redistribute it
 and/or modify it under certain conditions.
 See LICENSE file for details.
 
  Number of the   1-th solvent  =           90
  Number of the   2-th solvent  =           90
  Number of the   3-th solvent  =        10000
 
  Be sure that the solvent distribution is homogeneous (radial distribution function is essentially unity) when the solvent molecule is separated beyond distance of   10.0 Angstrom in any direction from any atom within the solute molecule
 
  LJ long-range correction    =        -0.0068     -0.0181     -0.7256
 
  Self-energy of the solute   =        -0.0001  kcal/mol
 
 
 cumulative average & 95% error for solvation energy
              total             1st component         2nd component         3rd component
  1   -30.5820               -0.1996               -0.8863              -29.4961
  2   -30.5165     0.1310    -0.4142     0.4292    -1.2096     0.6466   -28.8927     1.2067
  3   -30.4912     0.0911    -0.2860     0.3566    -1.0155     0.5386   -29.1897     0.9155
  4   -30.4716     0.0754    -0.1935     0.3128    -1.0476     0.3862   -29.2305     0.6525
  5   -30.4800     0.0607    -0.3140     0.3418    -0.9385     0.3702   -29.2274     0.5055
  6   -30.4617     0.0616    -0.2483     0.3085    -0.9213     0.3042   -29.2920     0.4325
  7   -30.4808     0.0646    -0.3117     0.2898    -0.8690     0.2775   -29.3000     0.3659
  8   -30.4895     0.0586    -0.2674     0.2662    -0.9474     0.2870   -29.2747     0.3209
  9   -30.4865     0.0520    -0.2922     0.2400    -0.9185     0.2596   -29.2758     0.2830
 10   -30.4657     0.0624    -0.2886     0.2147    -0.8865     0.2409   -29.2905     0.2548
 
 
 group  inft  solvation free energy     error          difference
  total solvation free energy
   1      0         -3.55053           0.04366           0.01138
   1     60         -3.57338           0.04369          -0.01147
   1     80         -3.79079           0.04392          -0.22888
   1    100         -4.64225           0.04465          -1.08034
   2      0         -3.55971           0.04238           0.00220
   3      0         -3.56191           0.04178           0.00000
   4      0         -3.56060           0.04199           0.00131
   5      0         -3.55683           0.04032           0.00508
   5     60         -3.58827           0.04035          -0.02636
   5     80         -3.86414           0.04057          -0.30223
   5    100         -4.65065           0.04102          -1.08874
 
  contribution from  1-th solvent component
   1      0          0.06497           0.11774           0.01008
   1     60          0.06488           0.11776           0.01000
   1     80          0.06379           0.11792           0.00890
   1    100          0.05867           0.11849           0.00379
   2      0          0.05675           0.11532           0.00186
   3      0          0.05489           0.11468           0.00000
   4      0          0.05379           0.11331          -0.00109
   5      0          0.05463           0.11225          -0.00026
   5     60          0.05448           0.11227          -0.00040
   5     80          0.05287           0.11245          -0.00201
   5    100          0.04757           0.11291          -0.00732
 
  contribution from  2-th solvent component
   1      0         -0.51043           0.11795          -0.00279
   1     60         -0.51059           0.11795          -0.00295
   1     80         -0.51217           0.11805          -0.00453
   1    100         -0.51912           0.11833          -0.01148
   2      0         -0.50892           0.11698          -0.00128
   3      0         -0.50764           0.11684           0.00000
   4      0         -0.50699           0.11570           0.00065
   5      0         -0.50576           0.11630           0.00188
   5     60         -0.50600           0.11631           0.00164
   5     80         -0.50821           0.11639          -0.00056
   5    100         -0.51495           0.11656          -0.00731
 
  contribution from  3-th solvent component
   1      0         -3.10499           0.11731           0.00409
   1     60         -3.12760           0.11734          -0.01852
   1     80         -3.34233           0.11751          -0.23325
   1    100         -4.18173           0.11806          -1.07265
   2      0         -3.10746           0.11721           0.00162
   3      0         -3.10908           0.11694           0.00000
   4      0         -3.10733           0.11692           0.00175
   5      0         -3.10562           0.11730           0.00346
   5     60         -3.13668           0.11734          -0.02760
   5     80         -3.40874           0.11755          -0.29966
   5    100         -4.18320           0.11806          -1.07412
 
 
 group  inft   Estimated free energy: total (kcal/mol)
   1      0      -3.5317      -3.5797      -3.4755      -3.5422      -3.5544
                 -3.4409      -3.6549      -3.5953      -3.6381      -3.4925
   1     60      -3.5547      -3.6025      -3.4983      -3.5650      -3.5772
                 -3.4637      -3.6780      -3.6182      -3.6610      -3.5153
   1     80      -3.7725      -3.8195      -3.7152      -3.7822      -3.7950
                 -3.6810      -3.8964      -3.8355      -3.8788      -3.7319
   1    100      -4.6239      -4.6708      -4.5659      -4.6323      -4.6480
                 -4.5319      -4.7511      -4.6855      -4.7323      -4.5809
   2      0      -3.5373      -3.5807      -3.4831      -3.5713      -3.5534
                 -3.4430      -3.6643      -3.6070      -3.6330      -3.5241
   3      0      -3.5385      -3.5838      -3.4847      -3.5807      -3.5541
                 -3.4468      -3.6637      -3.6064      -3.6331      -3.5272
   4      0      -3.5427      -3.5821      -3.4795      -3.5723      -3.5495
                 -3.4410      -3.6626      -3.6117      -3.6260      -3.5386
   5      0      -3.5405      -3.5710      -3.4812      -3.5765      -3.5466
                 -3.4402      -3.6533      -3.6103      -3.6162      -3.5322
   5     60      -3.5721      -3.6023      -3.5126      -3.6080      -3.5781
                 -3.4717      -3.6850      -3.6418      -3.6476      -3.5635
   5     80      -3.8486      -3.8777      -3.7879      -3.8837      -3.8544
                 -3.7472      -3.9621      -3.9175      -3.9238      -3.8386
   5    100      -4.6352      -4.6636      -4.5736      -4.6696      -4.6422
                 -4.5332      -4.7515      -4.7025      -4.7116      -4.6236
 
 group  inft   Estimated free energy: 1-th solvent contribution (kcal/mol)
   1      0       0.1295      -0.1137       0.2539       0.2476      -0.1562
                  0.2882      -0.1889       0.2223      -0.0690       0.0360
   1     60       0.1294      -0.1139       0.2539       0.2475      -0.1563
                  0.2881      -0.1891       0.2223      -0.0691       0.0360
   1     80       0.1282      -0.1152       0.2534       0.2465      -0.1576
                  0.2873      -0.1905       0.2212      -0.0705       0.0350
   1    100       0.1228      -0.1212       0.2509       0.2416      -0.1635
                  0.2832      -0.1969       0.2163      -0.0766       0.0301
   2      0       0.1188      -0.1193       0.2472       0.2303      -0.1586
                  0.2822      -0.1894       0.2081      -0.0682       0.0163
   3      0       0.1175      -0.1209       0.2463       0.2263      -0.1619
                  0.2777      -0.1884       0.2051      -0.0680       0.0152
   4      0       0.1104      -0.1211       0.2472       0.2200      -0.1585
                  0.2818      -0.1857       0.1968      -0.0602       0.0071
   5      0       0.1109      -0.1162       0.2423       0.2224      -0.1558
                  0.2801      -0.1869       0.1960      -0.0568       0.0102
   5     60       0.1107      -0.1164       0.2423       0.2222      -0.1560
                  0.2800      -0.1871       0.1959      -0.0569       0.0101
   5     80       0.1089      -0.1182       0.2415       0.2207      -0.1579
                  0.2788      -0.1891       0.1942      -0.0588       0.0086
   5    100       0.1030      -0.1242       0.2387       0.2154      -0.1638
                  0.2745      -0.1953       0.1887      -0.0647       0.0034
 
 group  inft   Estimated free energy: 2-th solvent contribution (kcal/mol)
   1      0      -0.4918      -0.7930      -0.3609      -0.6580      -0.3294
                 -0.4549      -0.3558      -0.8332      -0.4681      -0.3591
   1     60      -0.4920      -0.7932      -0.3611      -0.6581      -0.3296
                 -0.4551      -0.3559      -0.8334      -0.4683      -0.3592
   1     80      -0.4938      -0.7951      -0.3627      -0.6596      -0.3313
                 -0.4567      -0.3572      -0.8353      -0.4699      -0.3603
   1    100      -0.5012      -0.8027      -0.3696      -0.6666      -0.3385
                 -0.4636      -0.3630      -0.8430      -0.4772      -0.3658
   2      0      -0.4860      -0.7854      -0.3580      -0.6662      -0.3240
                 -0.4507      -0.3609      -0.8281      -0.4620      -0.3679
   3      0      -0.4860      -0.7828      -0.3575      -0.6692      -0.3217
                 -0.4461      -0.3591      -0.8247      -0.4602      -0.3692
   4      0      -0.4817      -0.7834      -0.3559      -0.6608      -0.3215
                 -0.4466      -0.3618      -0.8212      -0.4640      -0.3729
   5      0      -0.4805      -0.7832      -0.3555      -0.6672      -0.3217
                 -0.4478      -0.3572      -0.8190      -0.4538      -0.3718
   5     60      -0.4807      -0.7835      -0.3557      -0.6674      -0.3219
                 -0.4481      -0.3574      -0.8192      -0.4540      -0.3720
   5     80      -0.4831      -0.7859      -0.3579      -0.6696      -0.3242
                 -0.4503      -0.3592      -0.8216      -0.4563      -0.3737
   5    100      -0.4902      -0.7930      -0.3648      -0.6766      -0.3312
                 -0.4570      -0.3652      -0.8288      -0.4632      -0.3795
 
 group  inft   Estimated free energy: 3-th solvent contribution (kcal/mol)
   1      0      -3.1693      -2.6729      -3.3684      -3.1318      -3.0687
                 -3.2741      -3.1101      -2.9843      -3.1010      -3.1694
   1     60      -3.1920      -2.6953      -3.3910      -3.1544      -3.0913
                 -3.2967      -3.1329      -3.0069      -3.1235      -3.1920
   1     80      -3.4069      -2.9092      -3.6059      -3.3690      -3.3060
                 -3.5115      -3.3486      -3.2214      -3.3383      -3.4065
   1    100      -4.2455      -3.7468      -4.4470      -4.2073      -4.1460
                 -4.3514      -4.1911      -4.0587      -4.1784      -4.2452
   2      0      -3.1700      -2.6759      -3.3722      -3.1353      -3.0707
                 -3.2744      -3.1139      -2.9870      -3.1027      -3.1725
   3      0      -3.1698      -2.6801      -3.3735      -3.1378      -3.0705
                 -3.2783      -3.1162      -2.9868      -3.1048      -3.1731
   4      0      -3.1713      -2.6775      -3.3708      -3.1315      -3.0694
                 -3.2762      -3.1150      -2.9872      -3.1017      -3.1728
   5      0      -3.1709      -2.6716      -3.3680      -3.1316      -3.0691
                 -3.2724      -3.1092      -2.9873      -3.1056      -3.1705
   5     60      -3.2020      -2.7024      -3.3991      -3.1627      -3.1001
                 -3.3035      -3.1405      -3.0183      -3.1366      -3.2016
   5     80      -3.4742      -2.9735      -3.6714      -3.4347      -3.3722
                 -3.5756      -3.4137      -3.2899      -3.4087      -3.4735
   5    100      -4.2480      -3.7463      -4.4475      -4.2082      -4.1471
                 -4.3506      -4.1910      -4.0623      -4.1835      -4.2474
 
 
 cumulative average & 95% error for solvation free energy
              total             1st component         2nd component         3rd component
  1    -3.5385                0.1175               -0.4860               -3.1698
  2    -3.5612     0.0454    -0.0017     0.2384    -0.6344     0.2967    -2.9250     0.4898
  3    -3.5357     0.0573     0.0810     0.2151    -0.5421     0.2518    -3.0745     0.4115
  4    -3.5469     0.0463     0.1173     0.1686    -0.5739     0.1891    -3.0903     0.2927
  5    -3.5484     0.0360     0.0615     0.1718    -0.5234     0.1778    -3.0863     0.2269
  6    -3.5314     0.0449     0.0975     0.1577    -0.5105     0.1475    -3.1183     0.1960
  7    -3.5503     0.0535     0.0567     0.1563    -0.4889     0.1319    -3.1180     0.1656
  8    -3.5573     0.0484     0.0752     0.1404    -0.5309     0.1418    -3.1016     0.1472
  9    -3.5658     0.0459     0.0593     0.1278    -0.5230     0.1260    -3.1020     0.1298
 10    -3.5619     0.0418     0.0549     0.1147    -0.5076     0.1168    -3.1091     0.1169
