 ERmod 0.3.7, Copyright (C) 2000-2019 Nobuyuki Matubayasi
                            2010-2019 Shun Sakuraba
 ERmod comes with ABSOLUTELY NO WARRANTY.
 This is free software, and you can redistribute it
 and/or modify it under certain conditions.
 See LICENSE file for details.
 ERmod 0.3.7, Copyright (C) 2000-2019 Nobuyuki Matubayasi
                            2010-2019 Shun Sakuraba
 ERmod comes with ABSOLUTELY NO WARRANTY.
 This is free software, and you can redistribute it
 and/or modify it under certain conditions.
 See LICENSE file for details.
 
  Number of the   1-th solvent  =          180
  Number of the   2-th solvent  =          180
  Number of the   3-th solvent  =        10000
 
  Be sure that the solvent distribution is homogeneous (radial distribution function is essentially unity) when the solvent molecule is separated beyond distance of   10.0 Angstrom in any direction from any atom within the solute molecule
 
  LJ long-range correction    =        -0.0119     -0.0087     -0.6288
 
  Self-energy of the solute   =        -0.0001  kcal/mol
 
 
 cumulative average & 95% error for solvation energy
              total             1st component         2nd component         3rd component
  1   -28.2761               -0.5040               -0.3520              -27.4201
  2   -28.2276     0.0970    -0.1579     0.6920    -0.6514     0.5989   -27.4182     0.0039
  3   -28.2529     0.0754     0.0111     0.5234    -0.8182     0.4804   -27.4458     0.0552
  4   -28.2399     0.0593     0.0565     0.3811    -0.8060     0.3405   -27.4903     0.0972
  5   -28.3358     0.1971     0.0491     0.2955    -1.2552     0.9363   -27.1296     0.7254
  6   -28.3369     0.1610    -0.1035     0.3892    -1.1695     0.7835   -27.0638     0.6067
  7   -28.3272     0.1374    -0.2272     0.4115    -1.0553     0.7005   -27.0447     0.5142
  8   -28.3299     0.1191    -0.2699     0.3664    -1.0877     0.6101   -26.9723     0.4682
  9   -28.3407     0.1073    -0.2723     0.3232    -1.1679     0.5615   -26.9004     0.4373
 10   -28.3236     0.1019    -0.3764     0.3562    -1.0622     0.5449   -26.8848     0.3923
 
 
 group  inft  solvation free energy     error          difference
  total solvation free energy
   1      0         -3.33773           0.07499           0.01796
   1     60         -3.35945           0.07499          -0.00375
   1     80         -3.55877           0.07510          -0.20308
   1    100         -4.34327           0.07624          -0.98758
   2      0         -3.35159           0.07485           0.00410
   3      0         -3.35569           0.07385           0.00000
   4      0         -3.35622           0.07395          -0.00053
   5      0         -3.35714           0.07104          -0.00145
   5     60         -3.38691           0.07102          -0.03122
   5     80         -3.63949           0.07103          -0.28380
   5    100         -4.36527           0.07170          -1.00957
 
  contribution from  1-th solvent component
   1      0          0.19952           0.20018           0.01688
   1     60          0.19934           0.20020           0.01670
   1     80          0.19705           0.20043           0.01442
   1    100          0.18662           0.20140           0.00398
   2      0          0.18548           0.19435           0.00284
   3      0          0.18264           0.19197           0.00000
   4      0          0.18022           0.18988          -0.00242
   5      0          0.17900           0.19018          -0.00364
   5     60          0.17869           0.19020          -0.00395
   5     80          0.17550           0.19041          -0.00713
   5    100          0.16512           0.19109          -0.01752
 
  contribution from  2-th solvent component
   1      0         -0.65757           0.26093          -0.00398
   1     60         -0.65723           0.26094          -0.00364
   1     80         -0.65571           0.26108          -0.00212
   1    100         -0.65364           0.26179          -0.00005
   2      0         -0.65421           0.26049          -0.00062
   3      0         -0.65359           0.26025           0.00000
   4      0         -0.65412           0.26217          -0.00053
   5      0         -0.65475           0.26086          -0.00116
   5     60         -0.65435           0.26087          -0.00076
   5     80         -0.65293           0.26107           0.00066
   5    100         -0.65190           0.26178           0.00169
 
  contribution from  3-th solvent component
   1      0         -2.87958           0.22155           0.00507
   1     60         -2.90146           0.22154          -0.01681
   1     80         -3.10002           0.22150          -0.21537
   1    100         -3.87617           0.22242          -0.99152
   2      0         -2.88276           0.22191           0.00188
   3      0         -2.88465           0.22213           0.00000
   4      0         -2.88223           0.22166           0.00242
   5      0         -2.88130           0.22152           0.00335
   5     60         -2.91116           0.22150          -0.02651
   5     80         -3.16198           0.22149          -0.27733
   5    100         -3.87840           0.22240          -0.99375
 
 
 group  inft   Estimated free energy: total (kcal/mol)
   1      0      -3.4580      -3.3085      -3.2475      -3.3308      -3.2053
                 -3.5730      -3.3062      -3.4423      -3.2964      -3.2094
   1     60      -3.4798      -3.3297      -3.2692      -3.3526      -3.2271
                 -3.5948      -3.3279      -3.4640      -3.3182      -3.2312
   1     80      -3.6796      -3.5254      -3.4682      -3.5526      -3.4271
                 -3.7947      -3.5273      -3.6637      -3.5181      -3.4310
   1    100      -4.4673      -4.2996      -4.2509      -4.3415      -4.2095
                 -4.5825      -4.3115      -4.4495      -4.3033      -4.2171
   2      0      -3.4705      -3.3323      -3.2751      -3.3431      -3.2188
                 -3.5826      -3.3294      -3.4495      -3.3154      -3.1992
   3      0      -3.4726      -3.3469      -3.2797      -3.3512      -3.2283
                 -3.5810      -3.3272      -3.4527      -3.3184      -3.1990
   4      0      -3.4675      -3.3483      -3.2838      -3.3401      -3.2386
                 -3.5852      -3.3245      -3.4577      -3.3226      -3.1939
   5      0      -3.4645      -3.3578      -3.2951      -3.3411      -3.2354
                 -3.5774      -3.3271      -3.4494      -3.3209      -3.2028
   5     60      -3.4943      -3.3870      -3.3249      -3.3709      -3.2653
                 -3.6072      -3.3569      -3.4792      -3.3508      -3.2326
   5     80      -3.7475      -3.6351      -3.5773      -3.6245      -3.5187
                 -3.8603      -3.6095      -3.7322      -3.6042      -3.4857
   5    100      -4.4758      -4.3516      -4.3020      -4.3546      -4.2427
                 -4.5886      -4.3351      -4.4589      -4.3311      -4.2123
 
 group  inft   Estimated free energy: 1-th solvent contribution (kcal/mol)
   1      0       0.1058       0.5327       0.5760       0.4722       0.4877
                 -0.1336      -0.1384       0.0491       0.3148      -0.2713
   1     60       0.1056       0.5326       0.5759       0.4720       0.4875
                 -0.1338      -0.1385       0.0489       0.3146      -0.2715
   1     80       0.1029       0.5316       0.5740       0.4697       0.4854
                 -0.1365      -0.1409       0.0463       0.3123      -0.2742
   1    100       0.0909       0.5257       0.5649       0.4591       0.4762
                 -0.1487      -0.1521       0.0344       0.3022      -0.2862
   2      0       0.0972       0.5123       0.5450       0.4518       0.4692
                 -0.1341      -0.1544       0.0432       0.2920      -0.2675
   3      0       0.0964       0.5001       0.5447       0.4441       0.4606
                 -0.1324      -0.1548       0.0421       0.2900      -0.2644
   4      0       0.0982       0.4933       0.5333       0.4477       0.4532
                 -0.1322      -0.1555       0.0394       0.2854      -0.2608
   5      0       0.1003       0.4878       0.5309       0.4441       0.4547
                 -0.1305      -0.1598       0.0409       0.2900      -0.2684
   5     60       0.0999       0.4876       0.5306       0.4438       0.4544
                 -0.1308      -0.1601       0.0406       0.2897      -0.2688
   5     80       0.0962       0.4859       0.5277       0.4404       0.4513
                 -0.1344      -0.1633       0.0371       0.2864      -0.2723
   5    100       0.0846       0.4794       0.5182       0.4295       0.4418
                 -0.1459      -0.1744       0.0257       0.2760      -0.2838
 
 group  inft   Estimated free energy: 2-th solvent contribution (kcal/mol)
   1      0      -0.3975      -0.6347      -0.6711      -0.5317      -1.5604
                 -0.6016      -0.2436      -0.7926      -1.0323      -0.1103
   1     60      -0.3971      -0.6341      -0.6707      -0.5314      -1.5601
                 -0.6012      -0.2433      -0.7923      -1.0320      -0.1100
   1     80      -0.3957      -0.6303      -0.6695      -0.5306      -1.5593
                 -0.5998      -0.2418      -0.7909      -1.0309      -0.1084
   1    100      -0.3938      -0.6210      -0.6684      -0.5306      -1.5603
                 -0.5978      -0.2390      -0.7890      -1.0309      -0.1056
   2      0      -0.3981      -0.6365      -0.6636      -0.5203      -1.5546
                 -0.6062      -0.2452      -0.7912      -1.0253      -0.1010
   3      0      -0.3961      -0.6375      -0.6632      -0.5170      -1.5521
                 -0.6047      -0.2444      -0.7929      -1.0256      -0.1025
   4      0      -0.3988      -0.6367      -0.6622      -0.5132      -1.5590
                 -0.6070      -0.2403      -0.7962      -1.0288      -0.0990
   5      0      -0.3974      -0.6415      -0.6643      -0.5126      -1.5540
                 -0.6034      -0.2447      -0.7940      -1.0317      -0.1038
   5     60      -0.3970      -0.6408      -0.6640      -0.5123      -1.5537
                 -0.6030      -0.2444      -0.7936      -1.0314      -0.1034
   5     80      -0.3957      -0.6364      -0.6629      -0.5117      -1.5532
                 -0.6016      -0.2430      -0.7924      -1.0306      -0.1018
   5    100      -0.3947      -0.6284      -0.6630      -0.5124      -1.5551
                 -0.6008      -0.2412      -0.7917      -1.0317      -0.0999
 
 group  inft   Estimated free energy: 3-th solvent contribution (kcal/mol)
   1      0      -3.1663      -3.2063      -3.1523      -3.2713      -2.1325
                 -2.8378      -2.9241      -2.6987      -2.5789      -2.8277
   1     60      -3.1881      -3.2281      -3.1742      -3.2931      -2.1544
                 -2.8597      -2.9460      -2.7206      -2.6007      -2.8496
   1     80      -3.3867      -3.4266      -3.3726      -3.4916      -2.3531
                 -3.0583      -3.1445      -2.9190      -2.7994      -3.0484
   1    100      -4.1643      -4.2043      -4.1473      -4.2698      -3.1253
                 -3.8359      -3.9203      -3.6948      -3.5744      -3.8251
   2      0      -3.1695      -3.2080      -3.1564      -3.2745      -2.1333
                 -2.8422      -2.9297      -2.7015      -2.5820      -2.8306
   3      0      -3.1729      -3.2094      -3.1611      -3.2781      -2.1367
                 -2.8439      -2.9279      -2.7017      -2.5828      -2.8320
   4      0      -3.1668      -3.2048      -3.1547      -3.2745      -2.1327
                 -2.8459      -2.9287      -2.7008      -2.5792      -2.8340
   5      0      -3.1673      -3.2039      -3.1615      -3.2725      -2.1360
                 -2.8434      -2.9224      -2.6963      -2.5791      -2.8304
   5     60      -3.1971      -3.2337      -3.1914      -3.3023      -2.1659
                 -2.8733      -2.9523      -2.7261      -2.6090      -2.8604
   5     80      -3.4479      -3.4845      -3.4420      -3.5532      -2.4167
                 -3.1242      -3.2031      -2.9768      -2.8599      -3.1114
   5    100      -4.1656      -4.2025      -4.1572      -4.2716      -3.1293
                 -3.8419      -3.9194      -3.6928      -3.5752      -3.8285
 
 
 cumulative average & 95% error for solvation free energy
              total             1st component         2nd component         3rd component
  1    -3.4726                0.0964               -0.3961               -3.1729
  2    -3.4098     0.1257     0.2983     0.4037    -0.5168     0.2415    -3.1911     0.0366
  3    -3.3664     0.1131     0.3804     0.2852    -0.5656     0.1702    -3.1811     0.0291
  4    -3.3626     0.0803     0.3963     0.2041    -0.5535     0.1228    -3.2054     0.0527
  5    -3.3357     0.0822     0.4092     0.1602    -0.7532     0.4106    -2.9916     0.4294
  6    -3.3766     0.1058     0.3189     0.2229    -0.7284     0.3389    -2.9670     0.3541
  7    -3.3696     0.0905     0.2512     0.2320    -0.6593     0.3181    -2.9614     0.2995
  8    -3.3799     0.0811     0.2251     0.2076    -0.6760     0.2775    -2.9290     0.2673
  9    -3.3731     0.0728     0.2323     0.1837    -0.7148     0.2567    -2.8905     0.2480
 10    -3.3557     0.0739     0.1826     0.1920    -0.6536     0.2603    -2.8846     0.2221
