 ERmod 0.3.7, Copyright (C) 2000-2019 Nobuyuki Matubayasi
                            2010-2019 Shun Sakuraba
 ERmod comes with ABSOLUTELY NO WARRANTY.
 This is free software, and you can redistribute it
 and/or modify it under certain conditions.
 See LICENSE file for details.
 ERmod 0.3.7, Copyright (C) 2000-2019 Nobuyuki Matubayasi
                            2010-2019 Shun Sakuraba
 ERmod comes with ABSOLUTELY NO WARRANTY.
 This is free software, and you can redistribute it
 and/or modify it under certain conditions.
 See LICENSE file for details.
 
  Number of the   1-th solvent  =           90
  Number of the   2-th solvent  =           90
  Number of the   3-th solvent  =        10000
 
  Be sure that the solvent distribution is homogeneous (radial distribution function is essentially unity) when the solvent molecule is separated beyond distance of   10.0 Angstrom in any direction from any atom within the solute molecule
 
  LJ long-range correction    =        -0.0047     -0.0043     -0.6290
 
  Self-energy of the solute   =        -0.0001  kcal/mol
 
 
 cumulative average & 95% error for solvation energy
              total             1st component         2nd component         3rd component
  1   -28.2138               -0.3232               -0.5562              -27.3344
  2   -28.0596     0.3084    -0.2621     0.1221    -0.3822     0.3480   -27.4152     0.1617
  3   -28.0720     0.1798    -0.2903     0.0903    -0.3216     0.2346   -27.4600     0.1293
  4   -28.0818     0.1286    -0.2008     0.1901    -0.2806     0.1851   -27.6004     0.2953
  5   -28.0751     0.1006    -0.2270     0.1562    -0.2654     0.1465   -27.5826     0.2315
  6   -28.0913     0.0882    -0.3591     0.2935    -0.2905     0.1297   -27.4415     0.3396
  7   -28.0945     0.0748    -0.2446     0.3376    -0.3349     0.1411   -27.5148     0.3223
  8   -28.0949     0.0648    -0.2952     0.3094    -0.3621     0.1338   -27.4375     0.3191
  9   -28.0975     0.0574    -0.2604     0.2816    -0.3747     0.1206   -27.4623     0.2858
 10   -28.0881     0.0547    -0.2166     0.2666    -0.3846     0.1097   -27.4868     0.2603
 
 
 group  inft  solvation free energy     error          difference
  total solvation free energy
   1      0         -3.58022           0.04926           0.00595
   1     60         -3.60154           0.04929          -0.01537
   1     80         -3.79601           0.04959          -0.20984
   1    100         -4.54805           0.05087          -0.96187
   2      0         -3.58563           0.04976           0.00054
   3      0         -3.58618           0.04813           0.00000
   4      0         -3.58406           0.04976           0.00211
   5      0         -3.58251           0.04871           0.00367
   5     60         -3.61163           0.04874          -0.02545
   5     80         -3.85731           0.04905          -0.27114
   5    100         -4.55216           0.05009          -0.96598
 
  contribution from  1-th solvent component
   1      0          0.09703           0.14237           0.01207
   1     60          0.09697           0.14239           0.01201
   1     80          0.09613           0.14249           0.01118
   1    100          0.09215           0.14286           0.00719
   2      0          0.08738           0.14096           0.00242
   3      0          0.08496           0.14072           0.00000
   4      0          0.08272           0.13925          -0.00223
   5      0          0.08138           0.13895          -0.00358
   5     60          0.08127           0.13897          -0.00369
   5     80          0.07996           0.13908          -0.00500
   5    100          0.07571           0.13938          -0.00924
 
  contribution from  2-th solvent component
   1      0         -0.28079           0.06799          -0.00912
   1     60         -0.28057           0.06799          -0.00890
   1     80         -0.27926           0.06804          -0.00758
   1    100         -0.27652           0.06837          -0.00485
   2      0         -0.27437           0.07178          -0.00269
   3      0         -0.27167           0.07131           0.00000
   4      0         -0.27133           0.07222           0.00034
   5      0         -0.26888           0.07319           0.00280
   5     60         -0.26860           0.07318           0.00307
   5     80         -0.26719           0.07323           0.00448
   5    100         -0.26513           0.07353           0.00654
 
  contribution from  3-th solvent component
   1      0         -3.39636           0.12899           0.00301
   1     60         -3.41785           0.12901          -0.01848
   1     80         -3.61280           0.12902          -0.21343
   1    100         -4.36358           0.12914          -0.96421
   2      0         -3.39855           0.12853           0.00082
   3      0         -3.39937           0.12866           0.00000
   4      0         -3.39537           0.12769           0.00400
   5      0         -3.39492           0.12770           0.00445
   5     60         -3.42421           0.12772          -0.02484
   5     80         -3.66998           0.12775          -0.27061
   5    100         -4.36265           0.12790          -0.96328
 
 
 group  inft   Estimated free energy: total (kcal/mol)
   1      0      -3.6355      -3.4083      -3.6325      -3.6051      -3.4875
                 -3.6773      -3.5777      -3.5916      -3.5856      -3.6013
   1     60      -3.6568      -3.4295      -3.6539      -3.6265      -3.5087
                 -3.6985      -3.5990      -3.6131      -3.6070      -3.6224
   1     80      -3.8514      -3.6230      -3.8487      -3.8216      -3.7022
                 -3.8934      -3.7932      -3.8086      -3.8023      -3.8157
   1    100      -4.6032      -4.3707      -4.6019      -4.5761      -4.4506
                 -4.6475      -4.5445      -4.5636      -4.5580      -4.5645
   2      0      -3.6416      -3.4146      -3.6362      -3.5970      -3.4836
                 -3.6761      -3.5838      -3.5925      -3.6047      -3.6262
   3      0      -3.6396      -3.4207      -3.6396      -3.5976      -3.4876
                 -3.6680      -3.5822      -3.5886      -3.6060      -3.6318
   4      0      -3.6428      -3.4141      -3.6368      -3.5961      -3.4794
                 -3.6673      -3.5868      -3.5825      -3.6044      -3.6303
   5      0      -3.6382      -3.4113      -3.6386      -3.5882      -3.4884
                 -3.6552      -3.5846      -3.5763      -3.6073      -3.6369
   5     60      -3.6674      -3.4402      -3.6678      -3.6174      -3.5174
                 -3.6843      -3.6137      -3.6056      -3.6365      -3.6658
   5     80      -3.9133      -3.6847      -3.9140      -3.8638      -3.7618
                 -3.9304      -3.8591      -3.8525      -3.8834      -3.9101
   5    100      -4.6080      -4.3757      -4.6101      -4.5609      -4.4530
                 -4.6265      -4.5531      -4.5499      -4.5820      -4.6024
 
 group  inft   Estimated free energy: 1-th solvent contribution (kcal/mol)
   1      0       0.0404       0.1125       0.0403       0.2269       0.0224
                 -0.3294       0.4528      -0.1390       0.2421       0.3013
   1     60       0.0403       0.1124       0.0402       0.2269       0.0223
                 -0.3295       0.4528      -0.1391       0.2421       0.3013
   1     80       0.0394       0.1115       0.0393       0.2263       0.0213
                 -0.3306       0.4520      -0.1401       0.2413       0.3010
   1    100       0.0351       0.1074       0.0354       0.2229       0.0167
                 -0.3355       0.4483      -0.1450       0.2378       0.2984
   2      0       0.0311       0.0966       0.0294       0.2198       0.0120
                 -0.3296       0.4490      -0.1455       0.2245       0.2864
   3      0       0.0296       0.0938       0.0263       0.2179       0.0070
                 -0.3288       0.4483      -0.1485       0.2228       0.2812
   4      0       0.0267       0.0909       0.0218       0.2135       0.0063
                 -0.3252       0.4430      -0.1476       0.2177       0.2802
   5      0       0.0246       0.0911       0.0184       0.2139       0.0026
                 -0.3258       0.4409      -0.1459       0.2171       0.2770
   5     60       0.0244       0.0910       0.0182       0.2139       0.0025
                 -0.3259       0.4408      -0.1460       0.2170       0.2769
   5     80       0.0229       0.0895       0.0168       0.2129       0.0010
                 -0.3274       0.4396      -0.1476       0.2157       0.2762
   5    100       0.0183       0.0848       0.0125       0.2095      -0.0038
                 -0.3321       0.4357      -0.1525       0.2116       0.2732
 
 group  inft   Estimated free energy: 2-th solvent contribution (kcal/mol)
   1      0      -0.3643      -0.1254      -0.2734      -0.1648      -0.1133
                 -0.3050      -0.3998      -0.3515      -0.3399      -0.3706
   1     60      -0.3641      -0.1251      -0.2732      -0.1646      -0.1130
                 -0.3048      -0.3995      -0.3513      -0.3397      -0.3703
   1     80      -0.3629      -0.1235      -0.2726      -0.1635      -0.1113
                 -0.3034      -0.3980      -0.3503      -0.3386      -0.3685
   1    100      -0.3607      -0.1190      -0.2726      -0.1611      -0.1067
                 -0.3004      -0.3947      -0.3488      -0.3368      -0.3644
   2      0      -0.3591      -0.1143      -0.2640      -0.1498      -0.0967
                 -0.3001      -0.3996      -0.3427      -0.3397      -0.3775
   3      0      -0.3542      -0.1141      -0.2634      -0.1477      -0.0954
                 -0.2925      -0.3987      -0.3370      -0.3353      -0.3784
   4      0      -0.3580      -0.1107      -0.2599      -0.1467      -0.0943
                 -0.2935      -0.3999      -0.3340      -0.3352      -0.3810
   5      0      -0.3551      -0.1061      -0.2576      -0.1412      -0.0929
                 -0.2834      -0.3990      -0.3303      -0.3377      -0.3854
   5     60      -0.3548      -0.1058      -0.2574      -0.1410      -0.0926
                 -0.2831      -0.3986      -0.3301      -0.3375      -0.3850
   5     80      -0.3537      -0.1039      -0.2568      -0.1398      -0.0907
                 -0.2817      -0.3969      -0.3291      -0.3363      -0.3830
   5    100      -0.3522      -0.1002      -0.2571      -0.1382      -0.0868
                 -0.2793      -0.3942      -0.3281      -0.3353      -0.3799
 
 group  inft   Estimated free energy: 3-th solvent contribution (kcal/mol)
   1      0      -3.3116      -3.3953      -3.3993      -3.6671      -3.3965
                 -3.0427      -3.6306      -3.1010      -3.4877      -3.5319
   1     60      -3.3330      -3.4167      -3.4207      -3.6887      -3.4179
                 -3.0641      -3.6521      -3.1226      -3.5093      -3.5534
   1     80      -3.5278      -3.6109      -3.6154      -3.8843      -3.6122
                 -3.2593      -3.8471      -3.3180      -3.7050      -3.7481
   1    100      -4.2774      -4.3589      -4.3646      -4.6379      -4.3605
                 -4.0115      -4.5980      -4.0697      -4.4589      -4.4984
   2      0      -3.3135      -3.3969      -3.4015      -3.6669      -3.3988
                 -3.0464      -3.6330      -3.1043      -3.4894      -3.5349
   3      0      -3.3149      -3.4003      -3.4024      -3.6677      -3.3992
                 -3.0466      -3.6317      -3.1031      -3.4934      -3.5345
   4      0      -3.3114      -3.3943      -3.3987      -3.6628      -3.3912
                 -3.0486      -3.6297      -3.1008      -3.4868      -3.5293
   5      0      -3.3077      -3.3962      -3.3993      -3.6608      -3.3979
                 -3.0460      -3.6265      -3.1000      -3.4866      -3.5284
   5     60      -3.3369      -3.4253      -3.4286      -3.6902      -3.4271
                 -3.0752      -3.6558      -3.1294      -3.5160      -3.5577
   5     80      -3.5824      -3.6702      -3.6740      -3.9368      -3.6720
                 -3.3212      -3.9017      -3.3757      -3.7627      -3.8032
   5    100      -4.2740      -4.3603      -4.3654      -4.6320      -4.3623
                 -4.0149      -4.5945      -4.0692      -4.4582      -4.4956
 
 
 cumulative average & 95% error for solvation free energy
              total             1st component         2nd component         3rd component
  1    -3.6396                0.0296               -0.3542               -3.3149
  2    -3.5301     0.2189     0.0617     0.0642    -0.2341     0.2400    -3.3576     0.0854
  3    -3.5666     0.1459     0.0499     0.0440    -0.2439     0.1400    -3.3725     0.0576
  4    -3.5744     0.1043     0.0919     0.0896    -0.2199     0.1100    -3.4463     0.1531
  5    -3.5570     0.0880     0.0749     0.0772    -0.1950     0.0987    -3.4369     0.1201
  6    -3.5755     0.0808     0.0076     0.1486    -0.2112     0.0869    -3.3718     0.1629
  7    -3.5765     0.0683     0.0706     0.1778    -0.2380     0.0909    -3.4090     0.1564
  8    -3.5780     0.0592     0.0432     0.1635    -0.2504     0.0825    -3.3707     0.1556
  9    -3.5811     0.0526     0.0632     0.1496    -0.2598     0.0752    -3.3844     0.1399
 10    -3.5862     0.0481     0.0850     0.1407    -0.2717     0.0713    -3.3994     0.1287
