 ERmod 0.3.7, Copyright (C) 2000-2019 Nobuyuki Matubayasi
                            2010-2019 Shun Sakuraba
 ERmod comes with ABSOLUTELY NO WARRANTY.
 This is free software, and you can redistribute it
 and/or modify it under certain conditions.
 See LICENSE file for details.
 ERmod 0.3.7, Copyright (C) 2000-2019 Nobuyuki Matubayasi
                            2010-2019 Shun Sakuraba
 ERmod comes with ABSOLUTELY NO WARRANTY.
 This is free software, and you can redistribute it
 and/or modify it under certain conditions.
 See LICENSE file for details.
 
  Number of the   1-th solvent  =          180
  Number of the   2-th solvent  =          180
  Number of the   3-th solvent  =        10000
 
  Be sure that the solvent distribution is homogeneous (radial distribution function is essentially unity) when the solvent molecule is separated beyond distance of   10.0 Angstrom in any direction from any atom within the solute molecule
 
  LJ long-range correction    =        -0.0010     -0.0043     -0.3100
 
  Self-energy of the solute   =        -0.0001  kcal/mol
 
 
 cumulative average & 95% error for solvation energy
              total             1st component         2nd component         3rd component
  1   -22.3007               -1.1889               -3.7987              -17.3129
  2   -22.0154     0.5705    -0.6537     1.0703    -3.1895     1.2184   -18.1721     1.7182
  3   -22.0051     0.3300    -0.3842     0.8200    -3.1848     0.7035   -18.4359     1.1236
  4   -22.2100     0.4717    -0.4401     0.5905    -3.8921     1.4995   -17.8777     1.3702
  5   -22.0520     0.4832    -0.3561     0.4873    -3.3722     1.5589   -18.3236     1.3862
  6   -21.9065     0.4902    -0.3399     0.3992    -2.8252     1.6784   -18.7413     1.4068
  7   -21.9037     0.4143    -0.3509     0.3381    -2.8733     1.4218   -18.6793     1.1954
  8   -21.8400     0.3808    -0.2876     0.3190    -2.6829     1.2888   -18.8693     1.1028
  9   -21.8380     0.3358    -0.3159     0.2869    -2.6073     1.1467   -18.9147     0.9768
 10   -21.8205     0.3024    -0.3098     0.2569    -2.5767     1.0274   -18.9338     0.8745
 
 
 group  inft  solvation free energy     error          difference
  total solvation free energy
   1      0         -4.29914           0.08809           0.00903
   1     60         -4.32321           0.08815          -0.01504
   1     80         -4.48467           0.08833          -0.17650
   1    100         -4.95935           0.08808          -0.65118
   2      0         -4.30086           0.09567           0.00731
   3      0         -4.30817           0.09951           0.00000
   4      0         -4.30589           0.10411           0.00229
   5      0         -4.31202           0.10409          -0.00385
   5     60         -4.34424           0.10415          -0.03607
   5     80         -4.53954           0.10433          -0.23137
   5    100         -4.97437           0.10407          -0.66620
 
  contribution from  1-th solvent component
   1      0          0.05330           0.13927           0.00505
   1     60          0.05380           0.13929           0.00555
   1     80          0.05685           0.13944           0.00861
   1    100          0.06457           0.13989           0.01632
   2      0          0.05048           0.14536           0.00224
   3      0          0.04825           0.14820           0.00000
   4      0          0.04588           0.15016          -0.00237
   5      0          0.04546           0.15113          -0.00278
   5     60          0.04607           0.15116          -0.00218
   5     80          0.04945           0.15139           0.00120
   5    100          0.05580           0.15196           0.00755
 
  contribution from  2-th solvent component
   1      0         -1.26169           0.44468           0.00094
   1     60         -1.26142           0.44468           0.00120
   1     80         -1.26066           0.44471           0.00197
   1    100         -1.26059           0.44489           0.00203
   2      0         -1.26013           0.44547           0.00250
   3      0         -1.26262           0.44539           0.00000
   4      0         -1.26321           0.44612          -0.00058
   5      0         -1.26198           0.44564           0.00065
   5     60         -1.26170           0.44563           0.00093
   5     80         -1.26120           0.44567           0.00143
   5    100         -1.26190           0.44586           0.00072
 
  contribution from  3-th solvent component
   1      0         -3.09063           0.47206           0.00304
   1     60         -3.11546           0.47204          -0.02179
   1     80         -3.28074           0.47226          -0.18707
   1    100         -3.76321           0.47426          -0.66954
   2      0         -3.09109           0.47232           0.00258
   3      0         -3.09367           0.47232           0.00000
   4      0         -3.08843           0.47140           0.00524
   5      0         -3.09538           0.47205          -0.00171
   5     60         -3.12848           0.47202          -0.03481
   5     80         -3.32766           0.47233          -0.23399
   5    100         -3.76814           0.47417          -0.67447
 
 
 group  inft   Estimated free energy: total (kcal/mol)
   1      0      -4.3200      -4.3742      -4.2316      -4.5155      -4.1217
                 -4.1197      -4.3308      -4.3078      -4.4928      -4.1773
   1     60      -4.3441      -4.3983      -4.2556      -4.5397      -4.1456
                 -4.1436      -4.3547      -4.3320      -4.5171      -4.2014
   1     80      -4.5052      -4.5597      -4.4166      -4.7011      -4.3066
                 -4.3047      -4.5150      -4.4949      -4.6799      -4.3632
   1    100      -4.9760      -5.0339      -4.8886      -5.1724      -4.7817
                 -4.7816      -4.9860      -4.9760      -5.1585      -4.8388
   2      0      -4.3232      -4.3875      -4.2386      -4.5316      -4.1041
                 -4.1048      -4.3687      -4.2906      -4.4989      -4.1605
   3      0      -4.3312      -4.4069      -4.2486      -4.5454      -4.1061
                 -4.1073      -4.3820      -4.2852      -4.5136      -4.1554
   4      0      -4.3215      -4.4011      -4.2467      -4.5515      -4.0863
                 -4.1011      -4.3944      -4.2789      -4.5256      -4.1517
   5      0      -4.3332      -4.4109      -4.2467      -4.5561      -4.0904
                 -4.1082      -4.3991      -4.2796      -4.5321      -4.1637
   5     60      -4.3655      -4.4432      -4.2789      -4.5884      -4.1225
                 -4.1402      -4.4311      -4.3120      -4.5646      -4.1960
   5     80      -4.5602      -4.6387      -4.4734      -4.7837      -4.3172
                 -4.3351      -4.6251      -4.5089      -4.7615      -4.3916
   5    100      -4.9917      -5.0735      -4.9056      -5.2159      -4.7522
                 -4.7719      -5.0568      -4.9490      -5.2001      -4.8269
 
 group  inft   Estimated free energy: 1-th solvent contribution (kcal/mol)
   1      0      -0.3706       0.0586       0.2945      -0.1220       0.2896
                  0.1257      -0.0827       0.2913      -0.0980       0.1466
   1     60      -0.3701       0.0590       0.2951      -0.1215       0.2901
                  0.1262      -0.0821       0.2917      -0.0976       0.1471
   1     80      -0.3675       0.0621       0.2988      -0.1188       0.2934
                  0.1292      -0.0788       0.2948      -0.0948       0.1501
   1    100      -0.3611       0.0698       0.3082      -0.1121       0.3021
                  0.1369      -0.0706       0.3026      -0.0880       0.1579
   2      0      -0.3840       0.0449       0.2890      -0.1397       0.3032
                  0.1379      -0.1076       0.2992      -0.1002       0.1623
   3      0      -0.3886       0.0386       0.2880      -0.1524       0.3062
                  0.1408      -0.1138       0.3016      -0.1092       0.1712
   4      0      -0.3881       0.0281       0.2884      -0.1527       0.3144
                  0.1433      -0.1271       0.3011      -0.1209       0.1723
   5      0      -0.3927       0.0318       0.2891      -0.1596       0.3151
                  0.1428      -0.1244       0.3037      -0.1200       0.1688
   5     60      -0.3921       0.0323       0.2899      -0.1590       0.3157
                  0.1434      -0.1237       0.3043      -0.1195       0.1694
   5     80      -0.3894       0.0354       0.2942      -0.1561       0.3195
                  0.1469      -0.1202       0.3078      -0.1166       0.1729
   5    100      -0.3844       0.0412       0.3024      -0.1509       0.3271
                  0.1536      -0.1138       0.3144      -0.1113       0.1795
 
 group  inft   Estimated free energy: 2-th solvent contribution (kcal/mol)
   1      0      -1.7239      -1.3209      -1.4606      -2.7438      -0.6815
                 -0.0982      -1.5113      -0.8009      -1.1317      -1.1439
   1     60      -1.7236      -1.3207      -1.4603      -2.7436      -0.6812
                 -0.0979      -1.5109      -0.8007      -1.1315      -1.1437
   1     80      -1.7224      -1.3201      -1.4593      -2.7434      -0.6802
                 -0.0971      -1.5094      -0.8004      -1.1309      -1.1433
   1    100      -1.7213      -1.3202      -1.4590      -2.7450      -0.6795
                 -0.0968      -1.5077      -0.8012      -1.1313      -1.1439
   2      0      -1.7146      -1.3206      -1.4627      -2.7419      -0.6764
                 -0.0954      -1.5250      -0.7904      -1.1325      -1.1419
   3      0      -1.7149      -1.3300      -1.4687      -2.7404      -0.6791
                 -0.0970      -1.5298      -0.7859      -1.1378      -1.1427
   4      0      -1.7129      -1.3244      -1.4736      -2.7453      -0.6757
                 -0.0987      -1.5323      -0.7856      -1.1354      -1.1480
   5      0      -1.7128      -1.3262      -1.4690      -2.7404      -0.6710
                 -0.1012      -1.5361      -0.7811      -1.1364      -1.1454
   5     60      -1.7125      -1.3260      -1.4686      -2.7402      -0.6707
                 -0.1010      -1.5357      -0.7809      -1.1362      -1.1452
   5     80      -1.7115      -1.3257      -1.4679      -2.7403      -0.6700
                 -0.1004      -1.5344      -0.7808      -1.1359      -1.1451
   5    100      -1.7113      -1.3266      -1.4685      -2.7426      -0.6702
                 -0.1008      -1.5338      -0.7820      -1.1371      -1.1464
 
 group  inft   Estimated free energy: 3-th solvent contribution (kcal/mol)
   1      0      -2.2254      -3.1117      -3.0654      -1.6495      -3.7296
                 -4.1470      -2.7367      -3.7980      -3.2630      -3.1799
   1     60      -2.2503      -3.1365      -3.0904      -1.6744      -3.7543
                 -4.1717      -2.7616      -3.8229      -3.2879      -3.2047
   1     80      -2.4151      -3.3016      -3.2559      -1.8387      -3.9196
                 -4.3366      -2.9266      -3.9893      -3.4540      -3.3700
   1    100      -2.8935      -3.7833      -3.7377      -2.3152      -4.4042
                 -4.8217      -3.4075      -4.4772      -3.9391      -3.8527
   2      0      -2.2245      -3.1116      -3.0648      -1.6500      -3.7307
                 -4.1471      -2.7360      -3.7993      -3.2661      -3.1808
   3      0      -2.2276      -3.1154      -3.0678      -1.6525      -3.7330
                 -4.1511      -2.7383      -3.8008      -3.2665      -3.1838
   4      0      -2.2204      -3.1046      -3.0613      -1.6534      -3.7248
                 -4.1455      -2.7349      -3.7943      -3.2691      -3.1759
   5      0      -2.2276      -3.1163      -3.0668      -1.6559      -3.7344
                 -4.1496      -2.7385      -3.8021      -3.2756      -3.1870
   5     60      -2.2608      -3.1494      -3.1001      -1.6890      -3.7674
                 -4.1825      -2.7716      -3.8353      -3.3088      -3.2201
   5     80      -2.4593      -3.3483      -3.2996      -1.8871      -3.9667
                 -4.3814      -2.9704      -4.0359      -3.5089      -3.4192
   5    100      -2.8959      -3.7880      -3.7394      -2.3223      -4.4091
                 -4.8246      -3.4092      -4.4813      -3.9516      -3.8599
 
 
 cumulative average & 95% error for solvation free energy
              total             1st component         2nd component         3rd component
  1    -4.3312               -0.3886               -1.7149               -2.2276
  2    -4.3691     0.0757    -0.1750     0.4271    -1.5224     0.3849    -2.6715     0.8877
  3    -4.3289     0.0914    -0.0207     0.3951    -1.5045     0.2251    -2.8036     0.5766
  4    -4.3830     0.1261    -0.0536     0.2870    -1.8135     0.6381    -2.5158     0.7053
  5    -4.3277     0.1477     0.0184     0.2649    -1.5866     0.6710    -2.7593     0.7318
  6    -4.2909     0.1412     0.0388     0.2201    -1.3384     0.7394    -2.9912     0.7565
  7    -4.3039     0.1221     0.0170     0.1910    -1.3657     0.6273    -2.9551     0.6434
  8    -4.3016     0.1059     0.0526     0.1801    -1.2932     0.5623    -3.0608     0.5960
  9    -4.3252     0.1046     0.0346     0.1629    -1.2760     0.4971    -3.0837     0.5276
 10    -4.3082     0.0995     0.0482     0.1482    -1.2626     0.4454    -3.0937     0.4723
