 ERmod 0.3.7, Copyright (C) 2000-2019 Nobuyuki Matubayasi
                            2010-2019 Shun Sakuraba
 ERmod comes with ABSOLUTELY NO WARRANTY.
 This is free software, and you can redistribute it
 and/or modify it under certain conditions.
 See LICENSE file for details.
 ERmod 0.3.7, Copyright (C) 2000-2019 Nobuyuki Matubayasi
                            2010-2019 Shun Sakuraba
 ERmod comes with ABSOLUTELY NO WARRANTY.
 This is free software, and you can redistribute it
 and/or modify it under certain conditions.
 See LICENSE file for details.
 
  Number of the   1-th solvent  =          180
  Number of the   2-th solvent  =          180
  Number of the   3-th solvent  =        10000
 
  Be sure that the solvent distribution is homogeneous (radial distribution function is essentially unity) when the solvent molecule is separated beyond distance of   10.0 Angstrom in any direction from any atom within the solute molecule
 
  LJ long-range correction    =        -0.0135     -0.0357     -0.7165
 
  Self-energy of the solute   =        -0.0001  kcal/mol
 
 
 cumulative average & 95% error for solvation energy
              total             1st component         2nd component         3rd component
  1   -30.6146               -0.7072               -2.8301              -27.0773
  2   -30.5496     0.1299    -0.3249     0.7645    -2.0476     1.5650   -28.1771     2.1996
  3   -30.5585     0.0771    -0.5532     0.6351    -1.7453     1.0872   -28.2599     1.2807
  4   -30.5693     0.0586    -0.7923     0.6559    -1.6056     0.8179   -28.1713     0.9228
  5   -30.5091     0.1287    -0.7538     0.5139    -1.4600     0.6973   -28.2953     0.7566
  6   -30.5301     0.1132    -0.7468     0.4198    -1.5888     0.6250   -28.1945     0.6498
  7   -30.5211     0.0973    -0.7117     0.3617    -1.4934     0.5616   -28.3160     0.6006
  8   -30.5450     0.0969    -0.7677     0.3326    -1.5393     0.4950   -28.2379     0.5430
  9   -30.5575     0.0890    -0.7802     0.2944    -1.5567     0.4379   -28.2205     0.4802
 10   -30.5807     0.0922    -0.7596     0.2665    -1.6099     0.4059   -28.2112     0.4299
 
 
 group  inft  solvation free energy     error          difference
  total solvation free energy
   1      0         -3.40697           0.07906           0.00700
   1     60         -3.43126           0.07908          -0.01730
   1     80         -3.66053           0.07923          -0.24657
   1    100         -4.55090           0.07954          -1.13694
   2      0         -3.41464           0.07535          -0.00068
   3      0         -3.41396           0.07345           0.00000
   4      0         -3.41692           0.07591          -0.00296
   5      0         -3.41173           0.07290           0.00224
   5     60         -3.44492           0.07291          -0.03096
   5     80         -3.73546           0.07300          -0.32150
   5    100         -4.55746           0.07309          -1.14350
 
  contribution from  1-th solvent component
   1      0          0.01921           0.13016           0.00694
   1     60          0.01897           0.13017           0.00670
   1     80          0.01621           0.13027           0.00394
   1    100          0.00360           0.13057          -0.00867
   2      0          0.01250           0.12707           0.00023
   3      0          0.01227           0.12598           0.00000
   4      0          0.01131           0.12702          -0.00095
   5      0          0.01059           0.12592          -0.00167
   5     60          0.01024           0.12593          -0.00203
   5     80          0.00649           0.12601          -0.00578
   5    100         -0.00562           0.12617          -0.01788
 
  contribution from  2-th solvent component
   1      0         -0.88299           0.21916          -0.00447
   1     60         -0.88339           0.21917          -0.00486
   1     80         -0.88723           0.21930          -0.00871
   1    100         -0.90260           0.21978          -0.02408
   2      0         -0.88048           0.21585          -0.00196
   3      0         -0.87852           0.21470           0.00000
   4      0         -0.87867           0.21380          -0.00015
   5      0         -0.87765           0.21306           0.00087
   5     60         -0.87821           0.21307           0.00031
   5     80         -0.88329           0.21318          -0.00477
   5    100         -0.89787           0.21347          -0.01935
 
  contribution from  3-th solvent component
   1      0         -2.54312           0.20900           0.00453
   1     60         -2.56678           0.20901          -0.01914
   1     80         -2.78945           0.20910          -0.24180
   1    100         -3.65185           0.20967          -1.10420
   2      0         -2.54660           0.20872           0.00105
   3      0         -2.54765           0.20877           0.00000
   4      0         -2.54950           0.20803          -0.00185
   5      0         -2.54461           0.20806           0.00304
   5     60         -2.57689           0.20808          -0.02924
   5     80         -2.85860           0.20820          -0.31095
   5    100         -3.65391           0.20871          -1.10627
 
 
 group  inft   Estimated free energy: total (kcal/mol)
   1      0      -3.6099      -3.2662      -3.4552      -3.4061      -3.1828
                 -3.4275      -3.3014      -3.4643      -3.4462      -3.5102
   1     60      -3.6341      -3.2904      -3.4794      -3.4304      -3.2070
                 -3.4518      -3.3256      -3.4886      -3.4706      -3.5347
   1     80      -3.8631      -3.5189      -3.7082      -3.6597      -3.4359
                 -3.6813      -3.5547      -3.7181      -3.7007      -3.7648
   1    100      -4.7533      -4.4067      -4.5981      -4.5494      -4.3269
                 -4.5717      -4.4445      -4.6072      -4.5931      -4.6580
   2      0      -3.6174      -3.2964      -3.4613      -3.4152      -3.1951
                 -3.4224      -3.3165      -3.4557      -3.4561      -3.5104
   3      0      -3.6153      -3.3109      -3.4677      -3.4071      -3.1945
                 -3.4174      -3.3206      -3.4545      -3.4521      -3.4996
   4      0      -3.6258      -3.3077      -3.4689      -3.4122      -3.1938
                 -3.4198      -3.3172      -3.4566      -3.4592      -3.5079
   5      0      -3.6128      -3.3069      -3.4643      -3.4044      -3.1963
                 -3.4071      -3.3248      -3.4449      -3.4506      -3.5053
   5     60      -3.6458      -3.3400      -3.4975      -3.4376      -3.2294
                 -3.4403      -3.3580      -3.4782      -3.4839      -3.5386
   5     80      -3.9358      -3.6298      -3.7875      -3.7282      -3.5197
                 -3.7310      -3.6484      -3.7687      -3.7753      -3.8302
   5    100      -4.7574      -4.4503      -4.6092      -4.5497      -4.3425
                 -4.5527      -4.4703      -4.5891      -4.5988      -4.6546
 
 group  inft   Estimated free energy: 1-th solvent contribution (kcal/mol)
   1      0      -0.0319       0.4261      -0.1299      -0.3005       0.1470
                  0.0605       0.1402      -0.1953      -0.0298       0.1057
   1     60      -0.0321       0.4259      -0.1301      -0.3008       0.1467
                  0.0603       0.1400      -0.1955      -0.0301       0.1054
   1     80      -0.0348       0.4237      -0.1328      -0.3039       0.1439
                  0.0573       0.1373      -0.1983      -0.0328       0.1025
   1    100      -0.0473       0.4128      -0.1454      -0.3172       0.1312
                  0.0441       0.1248      -0.2111      -0.0453       0.0894
   2      0      -0.0448       0.4032      -0.1376      -0.3007       0.1451
                  0.0608       0.1301      -0.1936      -0.0389       0.1013
   3      0      -0.0458       0.3979      -0.1388      -0.2975       0.1436
                  0.0621       0.1273      -0.1914      -0.0412       0.1066
   4      0      -0.0552       0.3978      -0.1369      -0.3000       0.1504
                  0.0635       0.1294      -0.1968      -0.0414       0.1022
   5      0      -0.0486       0.3942      -0.1428      -0.2993       0.1447
                  0.0675       0.1241      -0.1943      -0.0394       0.0998
   5     60      -0.0489       0.3939      -0.1431      -0.2997       0.1443
                  0.0671       0.1238      -0.1947      -0.0398       0.0994
   5     80      -0.0526       0.3907      -0.1468      -0.3037       0.1405
                  0.0631       0.1201      -0.1983      -0.0436       0.0955
   5    100      -0.0646       0.3796      -0.1590      -0.3162       0.1283
                  0.0507       0.1080      -0.2103      -0.0557       0.0831
 
 group  inft   Estimated free energy: 2-th solvent contribution (kcal/mol)
   1      0      -1.5610      -0.6352      -0.6801      -0.7176      -0.4764
                 -1.1928      -0.4949      -1.0086      -0.9337      -1.1295
   1     60      -1.5614      -0.6355      -0.6805      -0.7180      -0.4767
                 -1.1933      -0.4953      -1.0090      -0.9341      -1.1299
   1     80      -1.5655      -0.6387      -0.6844      -0.7218      -0.4803
                 -1.1973      -0.4990      -1.0132      -0.9382      -1.1339
   1    100      -1.5818      -0.6519      -0.7001      -0.7371      -0.4945
                 -1.2134      -0.5137      -1.0294      -0.9541      -1.1499
   2      0      -1.5515      -0.6406      -0.6755      -0.7216      -0.4823
                 -1.1857      -0.4969      -0.9967      -0.9325      -1.1216
   3      0      -1.5481      -0.6495      -0.6778      -0.7173      -0.4783
                 -1.1814      -0.4970      -0.9940      -0.9244      -1.1175
   4      0      -1.5440      -0.6459      -0.6821      -0.7187      -0.4854
                 -1.1834      -0.4928      -0.9881      -0.9305      -1.1158
   5      0      -1.5442      -0.6451      -0.6803      -0.7110      -0.4873
                 -1.1797      -0.5008      -0.9851      -0.9270      -1.1160
   5     60      -1.5447      -0.6456      -0.6808      -0.7116      -0.4879
                 -1.1802      -0.5014      -0.9857      -0.9276      -1.1165
   5     80      -1.5500      -0.6500      -0.6860      -0.7167      -0.4927
                 -1.1855      -0.5064      -0.9910      -0.9329      -1.1217
   5    100      -1.5652      -0.6628      -0.7009      -0.7315      -0.5066
                 -1.2005      -0.5205      -1.0061      -0.9479      -1.1368
 
 group  inft   Estimated free energy: 3-th solvent contribution (kcal/mol)
   1      0      -2.0170      -3.0570      -2.6451      -2.3879      -2.8533
                 -2.2951      -2.9466      -2.2603      -2.4826      -2.4863
   1     60      -2.0405      -3.0808      -2.6687      -2.4116      -2.8769
                 -2.3187      -2.9702      -2.2840      -2.5063      -2.5101
   1     80      -2.2627      -3.3038      -2.8909      -2.6340      -3.0995
                 -2.5412      -3.1929      -2.5065      -2.7296      -2.7334
   1    100      -3.1241      -4.1676      -3.7525      -3.4951      -3.9635
                 -3.4024      -4.0556      -3.3667      -3.5936      -3.5974
   2      0      -2.0211      -3.0590      -2.6482      -2.3928      -2.8578
                 -2.2975      -2.9496      -2.2654      -2.4847      -2.4901
   3      0      -2.0213      -3.0591      -2.6511      -2.3923      -2.8598
                 -2.2981      -2.9508      -2.2690      -2.4864      -2.4887
   4      0      -2.0265      -3.0596      -2.6498      -2.3935      -2.8588
                 -2.2999      -2.9538      -2.2716      -2.4873      -2.4942
   5      0      -2.0200      -3.0559      -2.6412      -2.3940      -2.8536
                 -2.2949      -2.9480      -2.2654      -2.4840      -2.4891
   5     60      -2.0521      -3.0883      -2.6734      -2.4263      -2.8858
                 -2.3271      -2.9803      -2.2977      -2.5164      -2.5215
   5     80      -2.3332      -3.3704      -2.9546      -2.7077      -3.1674
                 -2.6085      -3.2621      -2.5792      -2.7988      -2.8040
   5    100      -3.1276      -4.1670      -3.7493      -3.5019      -3.9641
                 -3.4028      -4.0577      -3.3726      -3.5952      -3.6008
 
 
 cumulative average & 95% error for solvation free energy
              total             1st component         2nd component         3rd component
  1    -3.6153               -0.0458               -1.5481               -2.0213
  2    -3.4631     0.3044     0.1760     0.4437    -1.0988     0.8986    -2.5402     1.0379
  3    -3.4646     0.1758     0.0711     0.3312    -0.9585     0.5899    -2.5772     0.6038
  4    -3.4502     0.1276    -0.0211     0.2980    -0.8982     0.4342    -2.5309     0.4368
  5    -3.3991     0.1422     0.0119     0.2400    -0.8142     0.3759    -2.5967     0.3630
  6    -3.4021     0.1163     0.0202     0.1967    -0.8754     0.3305    -2.5469     0.3127
  7    -3.3905     0.1010     0.0355     0.1690    -0.8213     0.2995    -2.6046     0.2884
  8    -3.3985     0.0889     0.0072     0.1570    -0.8429     0.2629    -2.5627     0.2634
  9    -3.4044     0.0793     0.0018     0.1389    -0.8520     0.2326    -2.5542     0.2329
 10    -3.4140     0.0735     0.0123     0.1260    -0.8785     0.2147    -2.5476     0.2088
