 ERmod 0.3.7, Copyright (C) 2000-2019 Nobuyuki Matubayasi
                            2010-2019 Shun Sakuraba
 ERmod comes with ABSOLUTELY NO WARRANTY.
 This is free software, and you can redistribute it
 and/or modify it under certain conditions.
 See LICENSE file for details.
 ERmod 0.3.7, Copyright (C) 2000-2019 Nobuyuki Matubayasi
                            2010-2019 Shun Sakuraba
 ERmod comes with ABSOLUTELY NO WARRANTY.
 This is free software, and you can redistribute it
 and/or modify it under certain conditions.
 See LICENSE file for details.
 
  Number of the   1-th solvent  =          180
  Number of the   2-th solvent  =          180
  Number of the   3-th solvent  =        10000
 
  Be sure that the solvent distribution is homogeneous (radial distribution function is essentially unity) when the solvent molecule is separated beyond distance of   10.0 Angstrom in any direction from any atom within the solute molecule
 
  LJ long-range correction    =        -0.0073     -0.0523     -0.4957
 
  Self-energy of the solute   =        -0.0001  kcal/mol
 
 
 cumulative average & 95% error for solvation energy
              total             1st component         2nd component         3rd component
  1   -25.9577               -0.9765               -1.4581              -23.5231
  2   -25.8635     0.1884    -0.4647     1.0236    -1.4086     0.0991   -23.9902     0.9343
  3   -25.8534     0.1106    -0.4314     0.5947    -1.6326     0.4518   -23.7893     0.6726
  4   -25.8155     0.1089    -0.2657     0.5355    -1.6932     0.3417   -23.8565     0.4943
  5   -25.8069     0.0861    -0.3308     0.4347    -1.6837     0.2654   -23.7923     0.4038
  6   -25.8314     0.0857    -0.5235     0.5241    -1.7740     0.2820   -23.5338     0.6133
  7   -25.8579     0.0898    -0.5629     0.4499    -1.8641     0.2988   -23.4309     0.5577
  8   -25.8791     0.0885    -0.6021     0.3974    -1.9348     0.2949   -23.3422     0.5145
  9   -25.8784     0.0781    -0.5873     0.3517    -1.8872     0.2770   -23.4039     0.4703
 10   -25.8948     0.0772    -0.6884     0.3740    -1.8376     0.2669   -23.3688     0.4264
 
 
 group  inft  solvation free energy     error          difference
  total solvation free energy
   1      0         -4.26600           0.08952           0.00075
   1     60         -4.29911           0.08950          -0.03236
   1     80         -4.53473           0.08939          -0.26798
   1    100         -5.26401           0.08917          -0.99727
   2      0         -4.26531           0.08611           0.00144
   3      0         -4.26675           0.08339           0.00000
   4      0         -4.26374           0.08357           0.00301
   5      0         -4.26385           0.08017           0.00290
   5     60         -4.30826           0.08012          -0.04152
   5     80         -4.59497           0.07992          -0.32823
   5    100         -5.26267           0.07956          -0.99593
 
  contribution from  1-th solvent component
   1      0         -0.04700           0.20310           0.00521
   1     60         -0.04725           0.20312           0.00497
   1     80         -0.04941           0.20330           0.00281
   1    100         -0.05745           0.20384          -0.00523
   2      0         -0.05038           0.19889           0.00184
   3      0         -0.05222           0.19695           0.00000
   4      0         -0.05270           0.19491          -0.00048
   5      0         -0.05210           0.19416           0.00012
   5     60         -0.05247           0.19418          -0.00025
   5     80         -0.05545           0.19432          -0.00323
   5    100         -0.06335           0.19463          -0.01113
 
  contribution from  2-th solvent component
   1      0         -1.01037           0.14774          -0.00910
   1     60         -1.01122           0.14775          -0.00995
   1     80         -1.01716           0.14778          -0.01590
   1    100         -1.03519           0.14786          -0.03392
   2      0         -1.00384           0.14706          -0.00257
   3      0         -1.00127           0.14655           0.00000
   4      0         -1.00012           0.14584           0.00115
   5      0         -0.99840           0.14373           0.00287
   5     60         -0.99954           0.14373           0.00173
   5     80         -1.00679           0.14376          -0.00552
   5    100         -1.02327           0.14381          -0.02200
 
  contribution from  3-th solvent component
   1      0         -3.20857           0.20174           0.00464
   1     60         -3.24058           0.20179          -0.02737
   1     80         -3.46810           0.20203          -0.25489
   1    100         -4.17132           0.20270          -0.95811
   2      0         -3.21104           0.20155           0.00217
   3      0         -3.21321           0.20152           0.00000
   4      0         -3.21087           0.20087           0.00234
   5      0         -3.21330           0.20073          -0.00009
   5     60         -3.25620           0.20079          -0.04299
   5     80         -3.53268           0.20109          -0.31947
   5    100         -4.17600           0.20169          -0.96279
 
 
 group  inft   Estimated free energy: total (kcal/mol)
   1      0      -4.2486      -4.0958      -4.2374      -4.0967      -4.1306
                 -4.2883      -4.4607      -4.5085      -4.2509      -4.3423
   1     60      -4.2818      -4.1291      -4.2705      -4.1298      -4.1638
                 -4.3214      -4.4939      -4.5415      -4.2840      -4.3754
   1     80      -4.5178      -4.3652      -4.5057      -4.3654      -4.3995
                 -4.5569      -4.7293      -4.7767      -4.5196      -4.6111
   1    100      -5.2482      -5.0954      -5.2336      -5.0952      -5.1289
                 -5.2856      -5.4577      -5.5058      -5.2490      -5.3407
   2      0      -4.2444      -4.1058      -4.2423      -4.1038      -4.1351
                 -4.2779      -4.4516      -4.5054      -4.2528      -4.3341
   3      0      -4.2436      -4.1089      -4.2504      -4.1151      -4.1379
                 -4.2715      -4.4471      -4.4987      -4.2587      -4.3355
   4      0      -4.2389      -4.1094      -4.2460      -4.1164      -4.1301
                 -4.2659      -4.4438      -4.5006      -4.2577      -4.3286
   5      0      -4.2504      -4.1195      -4.2422      -4.1212      -4.1284
                 -4.2628      -4.4385      -4.4850      -4.2560      -4.3344
   5     60      -4.2948      -4.1641      -4.2866      -4.1657      -4.1729
                 -4.3072      -4.4829      -4.5292      -4.3004      -4.3788
   5     80      -4.5819      -4.4517      -4.5729      -4.4526      -4.4598
                 -4.5936      -4.7693      -4.8153      -4.5871      -4.6656
   5    100      -5.2503      -5.1208      -5.2395      -5.1211      -5.1276
                 -5.2605      -5.4360      -5.4822      -5.2550      -5.3336
 
 group  inft   Estimated free energy: 1-th solvent contribution (kcal/mol)
   1      0      -0.1769       0.3590       0.1126       0.4701       0.0259
                 -0.4540      -0.1921      -0.1954       0.0958      -0.5150
   1     60      -0.1772       0.3587       0.1125       0.4700       0.0257
                 -0.4543      -0.1924      -0.1957       0.0955      -0.5152
   1     80      -0.1796       0.3567       0.1108       0.4686       0.0234
                 -0.4569      -0.1949      -0.1980       0.0934      -0.5175
   1    100      -0.1886       0.3489       0.1044       0.4627       0.0148
                 -0.4662      -0.2038      -0.2065       0.0856      -0.5258
   2      0      -0.1772       0.3513       0.0996       0.4563       0.0185
                 -0.4468      -0.1875      -0.1970       0.0895      -0.5105
   3      0      -0.1736       0.3489       0.0926       0.4479       0.0163
                 -0.4430      -0.1831      -0.1949       0.0809      -0.5141
   4      0      -0.1734       0.3432       0.0884       0.4410       0.0246
                 -0.4409      -0.1862      -0.1974       0.0811      -0.5072
   5      0      -0.1772       0.3413       0.0914       0.4387       0.0236
                 -0.4356      -0.1842      -0.1923       0.0820      -0.5087
   5     60      -0.1776       0.3409       0.0911       0.4384       0.0232
                 -0.4361      -0.1846      -0.1927       0.0816      -0.5090
   5     80      -0.1808       0.3379       0.0888       0.4361       0.0200
                 -0.4394      -0.1879      -0.1957       0.0785      -0.5120
   5    100      -0.1894       0.3300       0.0823       0.4297       0.0115
                 -0.4481      -0.1964      -0.2035       0.0706      -0.5201
 
 group  inft   Estimated free energy: 2-th solvent contribution (kcal/mol)
   1      0      -0.7897      -0.7566      -1.1238      -1.0152      -0.8845
                 -1.1776      -1.3468      -1.3702      -0.8741      -0.7652
   1     60      -0.7905      -0.7575      -1.1247      -1.0161      -0.8854
                 -1.1784      -1.3476      -1.3711      -0.8750      -0.7660
   1     80      -0.7963      -0.7632      -1.1308      -1.0221      -0.8912
                 -1.1843      -1.3535      -1.3771      -0.8810      -0.7719
   1    100      -0.8139      -0.7810      -1.1494      -1.0405      -0.9090
                 -1.2021      -1.3714      -1.3955      -0.8994      -0.7898
   2      0      -0.7844      -0.7560      -1.1136      -1.0056      -0.8801
                 -1.1707      -1.3399      -1.3635      -0.8677      -0.7569
   3      0      -0.7835      -0.7558      -1.1128      -1.0050      -0.8784
                 -1.1672      -1.3373      -1.3567      -0.8650      -0.7511
   4      0      -0.7829      -0.7550      -1.1075      -1.0021      -0.8817
                 -1.1635      -1.3343      -1.3571      -0.8658      -0.7514
   5      0      -0.7834      -0.7586      -1.1066      -1.0039      -0.8788
                 -1.1625      -1.3294      -1.3442      -0.8659      -0.7507
   5     60      -0.7846      -0.7597      -1.1078      -1.0050      -0.8799
                 -1.1637      -1.3305      -1.3454      -0.8670      -0.7518
   5     80      -0.7917      -0.7668      -1.1152      -1.0124      -0.8871
                 -1.1708      -1.3377      -1.3528      -0.8744      -0.7590
   5    100      -0.8078      -0.7832      -1.1321      -1.0292      -0.9034
                 -1.1870      -1.3541      -1.3695      -0.8911      -0.7753
 
 group  inft   Estimated free energy: 3-th solvent contribution (kcal/mol)
   1      0      -3.2820      -3.6981      -3.2261      -3.5516      -3.2720
                 -2.6566      -2.9217      -2.9428      -3.4726      -3.0621
   1     60      -3.3140      -3.7303      -3.2582      -3.5837      -3.3040
                 -2.6886      -2.9537      -2.9747      -3.5046      -3.0941
   1     80      -3.5418      -3.9585      -3.4857      -3.8119      -3.5316
                 -2.9156      -3.1808      -3.2014      -3.7319      -3.3217
   1    100      -4.2457      -4.6633      -4.1886      -4.5173      -4.2346
                 -3.6173      -3.8824      -3.9038      -4.4351      -4.0250
   2      0      -3.2827      -3.7010      -3.2283      -3.5544      -3.2735
                 -2.6603      -2.9242      -2.9449      -3.4745      -3.0667
   3      0      -3.2865      -3.7020      -3.2300      -3.5580      -3.2758
                 -2.6612      -2.9268      -2.9470      -3.4746      -3.0702
   4      0      -3.2825      -3.6975      -3.2269      -3.5552      -3.2730
                 -2.6614      -2.9233      -2.9461      -3.4729      -3.0700
   5      0      -3.2897      -3.7022      -3.2269      -3.5560      -3.2732
                 -2.6646      -2.9249      -2.9484      -3.4721      -3.0750
   5     60      -3.3326      -3.7453      -3.2699      -3.5990      -3.3162
                 -2.7074      -2.9677      -2.9911      -3.5149      -3.1179
   5     80      -3.6093      -4.0227      -3.5464      -3.8763      -3.5927
                 -2.9833      -3.2437      -3.2667      -3.7912      -3.3945
   5    100      -4.2530      -4.6675      -4.1896      -4.5216      -4.2357
                 -3.6253      -3.8856      -3.9092      -4.4344      -4.0381
 
 
 cumulative average & 95% error for solvation free energy
              total             1st component         2nd component         3rd component
  1    -4.2436               -0.1736               -0.7835               -3.2865
  2    -4.1763     0.1347     0.0877     0.5225    -0.7696     0.0277    -3.4943     0.4155
  3    -4.2010     0.0921     0.0893     0.3017    -0.8840     0.2294    -3.4062     0.2976
  4    -4.1795     0.0780     0.1789     0.2787    -0.9143     0.1731    -3.4441     0.2237
  5    -4.1712     0.0627     0.1464     0.2254    -0.9071     0.1349    -3.4105     0.1859
  6    -4.1879     0.0611     0.0482     0.2692    -0.9504     0.1401    -3.2856     0.2923
  7    -4.2249     0.0903     0.0151     0.2369    -1.0057     0.1620    -3.2343     0.2674
  8    -4.2592     0.1039    -0.0111     0.2118    -1.0496     0.1655    -3.1984     0.2425
  9    -4.2591     0.0917    -0.0009     0.1879    -1.0291     0.1516    -3.2291     0.2225
 10    -4.2667     0.0834    -0.0522     0.1969    -1.0013     0.1465    -3.2132     0.2015
