 ERmod 0.3.7, Copyright (C) 2000-2019 Nobuyuki Matubayasi
                            2010-2019 Shun Sakuraba
 ERmod comes with ABSOLUTELY NO WARRANTY.
 This is free software, and you can redistribute it
 and/or modify it under certain conditions.
 See LICENSE file for details.
 ERmod 0.3.7, Copyright (C) 2000-2019 Nobuyuki Matubayasi
                            2010-2019 Shun Sakuraba
 ERmod comes with ABSOLUTELY NO WARRANTY.
 This is free software, and you can redistribute it
 and/or modify it under certain conditions.
 See LICENSE file for details.
 
  Number of the   1-th solvent  =          180
  Number of the   2-th solvent  =          180
  Number of the   3-th solvent  =        10000
 
  Be sure that the solvent distribution is homogeneous (radial distribution function is essentially unity) when the solvent molecule is separated beyond distance of   10.0 Angstrom in any direction from any atom within the solute molecule
 
  LJ long-range correction    =        -0.0050     -0.0354     -0.3354
 
  Self-energy of the solute   =         0.0000  kcal/mol
 
 
 cumulative average & 95% error for solvation energy
              total             1st component         2nd component         3rd component
  1    -9.2836                0.1561               -0.5355               -8.9042
  2    -9.3408     0.1144     0.1651     0.0179    -0.6813     0.2916    -8.8246     0.1593
  3    -9.3341     0.0674     0.1659     0.0105    -0.6659     0.1712    -8.8342     0.0940
  4    -9.3569     0.0659     0.1629     0.0095    -0.7257     0.1702    -8.7941     0.1040
  5    -9.3440     0.0572     0.1648     0.0083    -0.7001     0.1414    -8.8088     0.0857
  6    -9.3388     0.0478     0.1665     0.0075    -0.6965     0.1157    -8.8088     0.0700
  7    -9.3599     0.0584     0.1630     0.0095    -0.7520     0.1479    -8.7709     0.0961
  8    -9.3579     0.0508     0.1631     0.0082    -0.7475     0.1284    -8.7736     0.0834
  9    -9.3552     0.0451     0.1650     0.0082    -0.7482     0.1133    -8.7721     0.0737
 10    -9.3629     0.0432     0.1650     0.0073    -0.7645     0.1065    -8.7634     0.0681
 
 
 group  inft  solvation free energy     error          difference
  total solvation free energy
   1      0          2.74349           0.02598          -0.00055
   1     60          2.72454           0.02606          -0.01949
   1     80          2.59418           0.02658          -0.14986
   1    100          2.16518           0.02811          -0.57886
   2      0          2.73538           0.02622          -0.00866
   3      0          2.74404           0.02649           0.00000
   4      0          2.72828           0.02669          -0.01575
   5      0          2.78022           0.02727           0.03619
   5     60          2.75467           0.02738           0.01063
   5     80          2.59322           0.02801          -0.15082
   5    100          2.19504           0.02940          -0.54900
 
  contribution from  1-th solvent component
   1      0          0.29900           0.00793           0.00299
   1     60          0.29919           0.00800           0.00318
   1     80          0.29983           0.00851           0.00382
   1    100          0.29922           0.01015           0.00320
   2      0          0.29691           0.00787           0.00090
   3      0          0.29601           0.00786           0.00000
   4      0          0.29458           0.00784          -0.00143
   5      0          0.29507           0.00782          -0.00094
   5     60          0.29525           0.00791          -0.00077
   5     80          0.29555           0.00853          -0.00047
   5    100          0.29424           0.00998          -0.00177
 
  contribution from  2-th solvent component
   1      0         -0.33977           0.05128           0.00286
   1     60         -0.34001           0.05135           0.00263
   1     80         -0.34162           0.05178           0.00101
   1    100         -0.34692           0.05310          -0.00429
   2      0         -0.34170           0.05123           0.00093
   3      0         -0.34263           0.05126           0.00000
   4      0         -0.34414           0.05114          -0.00151
   5      0         -0.34499           0.05110          -0.00236
   5     60         -0.34534           0.05119          -0.00270
   5     80         -0.34749           0.05170          -0.00486
   5    100         -0.35271           0.05288          -0.01007
 
  contribution from  3-th solvent component
   1      0          2.78423           0.02726          -0.00640
   1     60          2.76534           0.02729          -0.02529
   1     80          2.63595           0.02738          -0.15468
   1    100          2.21286           0.02768          -0.57778
   2      0          2.78014           0.02680          -0.01049
   3      0          2.79063           0.02661           0.00000
   4      0          2.77781           0.02611          -0.01282
   5      0          2.83012           0.02555           0.03949
   5     60          2.80473           0.02558           0.01410
   5     80          2.64514           0.02569          -0.14549
   5    100          2.25348           0.02597          -0.53716
 
 
 group  inft   Estimated free energy: total (kcal/mol)
   1      0       2.8003       2.7156       2.7771       2.7063       2.7924
                  2.7793       2.6900       2.7241       2.7480       2.7019
   1     60       2.7814       2.6966       2.7582       2.6871       2.7736
                  2.7605       2.6709       2.7050       2.7292       2.6828
   1     80       2.6512       2.5661       2.6284       2.5555       2.6446
                  2.6312       2.5392       2.5738       2.6002       2.5516
   1    100       2.2220       2.1370       2.2006       2.1229       2.2197
                  2.2055       2.1066       2.1423       2.1754       2.1198
   2      0       2.7922       2.7075       2.7687       2.6969       2.7856
                  2.7707       2.6809       2.7167       2.7410       2.6936
   3      0       2.8008       2.7167       2.7778       2.7038       2.7947
                  2.7805       2.6894       2.7252       2.7498       2.7017
   4      0       2.7857       2.7037       2.7615       2.6886       2.7794
                  2.7649       2.6719       2.7077       2.7345       2.6852
   5      0       2.8360       2.7544       2.8116       2.7412       2.8345
                  2.8201       2.7194       2.7624       2.7855       2.7371
   5     60       2.8105       2.7287       2.7862       2.7154       2.8092
                  2.7947       2.6936       2.7367       2.7602       2.7113
   5     80       2.6494       2.5672       2.6254       2.5526       2.6493
                  2.6344       2.5307       2.5743       2.6003       2.5487
   5    100       2.2512       2.1689       2.2286       2.1512       2.2546
                  2.2388       2.1295       2.1740       2.2058       2.1477
 
 group  inft   Estimated free energy: 1-th solvent contribution (kcal/mol)
   1      0       0.2790       0.3120       0.2942       0.2957       0.3006
                  0.3076       0.2863       0.2890       0.3196       0.3061
   1     60       0.2791       0.3122       0.2943       0.2958       0.3008
                  0.3079       0.2863       0.2891       0.3201       0.3063
   1     80       0.2790       0.3135       0.2945       0.2958       0.3016
                  0.3094       0.2860       0.2890       0.3225       0.3070
   1    100       0.2758       0.3149       0.2923       0.2934       0.3015
                  0.3112       0.2826       0.2863       0.3274       0.3067
   2      0       0.2769       0.3099       0.2925       0.2931       0.2980
                  0.3056       0.2845       0.2872       0.3172       0.3042
   3      0       0.2764       0.3090       0.2917       0.2918       0.2973
                  0.3047       0.2839       0.2858       0.3165       0.3032
   4      0       0.2749       0.3077       0.2903       0.2908       0.2960
                  0.3026       0.2829       0.2840       0.3152       0.3014
   5      0       0.2757       0.3082       0.2907       0.2911       0.2964
                  0.3042       0.2831       0.2844       0.3152       0.3018
   5     60       0.2757       0.3085       0.2908       0.2911       0.2966
                  0.3045       0.2831       0.2845       0.3157       0.3019
   5     80       0.2751       0.3095       0.2906       0.2907       0.2971
                  0.3059       0.2822       0.2840       0.3181       0.3023
   5    100       0.2715       0.3101       0.2880       0.2878       0.2961
                  0.3068       0.2786       0.2808       0.3217       0.3011
 
 group  inft   Estimated free energy: 2-th solvent contribution (kcal/mol)
   1      0      -0.2164      -0.3767      -0.2762      -0.4133      -0.2563
                 -0.3023      -0.4775      -0.3257      -0.3386      -0.4148
   1     60      -0.2165      -0.3770      -0.2763      -0.4136      -0.2564
                 -0.3026      -0.4778      -0.3259      -0.3388      -0.4151
   1     80      -0.2171      -0.3790      -0.2771      -0.4160      -0.2570
                 -0.3043      -0.4802      -0.3275      -0.3405      -0.4175
   1    100      -0.2197      -0.3856      -0.2795      -0.4238      -0.2589
                 -0.3102      -0.4880      -0.3326      -0.3459      -0.4250
   2      0      -0.2187      -0.3785      -0.2780      -0.4154      -0.2578
                 -0.3044      -0.4790      -0.3282      -0.3406      -0.4164
   3      0      -0.2197      -0.3794      -0.2791      -0.4164      -0.2581
                 -0.3050      -0.4802      -0.3293      -0.3426      -0.4167
   4      0      -0.2211      -0.3804      -0.2806      -0.4173      -0.2600
                 -0.3066      -0.4814      -0.3312      -0.3445      -0.4184
   5      0      -0.2228      -0.3807      -0.2818      -0.4193      -0.2618
                 -0.3067      -0.4831      -0.3307      -0.3447      -0.4183
   5     60      -0.2229      -0.3811      -0.2820      -0.4198      -0.2620
                 -0.3071      -0.4836      -0.3311      -0.3451      -0.4188
   5     80      -0.2239      -0.3838      -0.2831      -0.4229      -0.2629
                 -0.3095      -0.4867      -0.3331      -0.3473      -0.4218
   5    100      -0.2265      -0.3903      -0.2859      -0.4302      -0.2651
                 -0.3152      -0.4941      -0.3382      -0.3526      -0.4290
 
 group  inft   Estimated free energy: 3-th solvent contribution (kcal/mol)
   1      0       2.7377       2.7803       2.7591       2.8238       2.7481
                  2.7740       2.8812       2.7608       2.7669       2.8106
   1     60       2.7188       2.7613       2.7402       2.8049       2.7292
                  2.7551       2.8624       2.7419       2.7479       2.7917
   1     80       2.5893       2.6316       2.6109       2.6758       2.5999
                  2.6261       2.7334       2.6122       2.6181       2.6621
   1    100       2.1658       2.2077       2.1878       2.2533       2.1772
                  2.2044       2.3119       2.1887       2.1938       2.2381
   2      0       2.7340       2.7760       2.7543       2.8192       2.7453
                  2.7695       2.8754       2.7575       2.7644       2.8058
   3      0       2.7441       2.7871       2.7651       2.8284       2.7554
                  2.7808       2.8857       2.7687       2.7759       2.8152
   4      0       2.7319       2.7763       2.7517       2.8150       2.7434
                  2.7688       2.8705       2.7548       2.7637       2.8021
   5      0       2.7831       2.8269       2.8026       2.8694       2.7999
                  2.8226       2.9194       2.8087       2.8150       2.8535
   5     60       2.7577       2.8014       2.7773       2.8441       2.7745
                  2.7973       2.8941       2.7833       2.7896       2.8281
   5     80       2.5981       2.6415       2.6179       2.6847       2.6150
                  2.6380       2.7351       2.6234       2.6294       2.6682
   5    100       2.2063       2.2491       2.2264       2.2937       2.2236
                  2.2472       2.3450       2.2314       2.2366       2.2755
 
 
 cumulative average & 95% error for solvation free energy
              total             1st component         2nd component         3rd component
  1     2.8008                0.2764               -0.2197                2.7441
  2     2.7587     0.0841     0.2927     0.0326    -0.2995     0.1597     2.7656     0.0430
  3     2.7651     0.0502     0.2923     0.0188    -0.2927     0.0932     2.7654     0.0248
  4     2.7498     0.0469     0.2922     0.0133    -0.3236     0.0904     2.7812     0.0361
  5     2.7588     0.0405     0.2932     0.0105    -0.3105     0.0748     2.7760     0.0298
  6     2.7624     0.0339     0.2951     0.0094    -0.3096     0.0611     2.7768     0.0244
  7     2.7519     0.0354     0.2935     0.0086    -0.3340     0.0710     2.7924     0.0373
  8     2.7486     0.0314     0.2926     0.0077    -0.3334     0.0615     2.7894     0.0328
  9     2.7487     0.0277     0.2952     0.0086    -0.3344     0.0543     2.7879     0.0291
 10     2.7440     0.0265     0.2960     0.0079    -0.3426     0.0513     2.7906     0.0266
