 ERmod 0.3.7, Copyright (C) 2000-2019 Nobuyuki Matubayasi
                            2010-2019 Shun Sakuraba
 ERmod comes with ABSOLUTELY NO WARRANTY.
 This is free software, and you can redistribute it
 and/or modify it under certain conditions.
 See LICENSE file for details.
 ERmod 0.3.7, Copyright (C) 2000-2019 Nobuyuki Matubayasi
                            2010-2019 Shun Sakuraba
 ERmod comes with ABSOLUTELY NO WARRANTY.
 This is free software, and you can redistribute it
 and/or modify it under certain conditions.
 See LICENSE file for details.
 
  Number of the   1-th solvent  =           90
  Number of the   2-th solvent  =           90
  Number of the   3-th solvent  =        10000
 
  Be sure that the solvent distribution is homogeneous (radial distribution function is essentially unity) when the solvent molecule is separated beyond distance of   10.0 Angstrom in any direction from any atom within the solute molecule
 
  LJ long-range correction    =        -0.0038     -0.0268     -0.5073
 
  Self-energy of the solute   =        -0.0001  kcal/mol
 
 
 cumulative average & 95% error for solvation energy
              total             1st component         2nd component         3rd component
  1   -25.7692               -0.3799               -1.3928              -23.9964
  2   -25.8748     0.2111    -0.4315     0.1031    -1.4910     0.1963   -23.9522     0.0883
  3   -25.9254     0.1585    -0.5067     0.1617    -1.4169     0.1865   -24.0017     0.1114
  4   -25.8834     0.1401    -0.6406     0.2911    -1.2151     0.4246   -24.0277     0.0943
  5   -25.8491     0.1284    -0.6812     0.2397    -1.2900     0.3614   -23.8778     0.3085
  6   -25.8291     0.1122    -0.6377     0.2142    -1.2852     0.2953   -23.9062     0.2582
  7   -25.8062     0.1053    -0.7651     0.3126    -1.2591     0.2549   -23.7818     0.3309
  8   -25.8102     0.0916    -0.7236     0.2832    -1.3075     0.2410   -23.7790     0.2866
  9   -25.7951     0.0862    -0.6643     0.2765    -1.3212     0.2143   -23.8095     0.2600
 10   -25.7913     0.0775    -0.6994     0.2570    -1.3079     0.1935   -23.7839     0.2381
 
 
 group  inft  solvation free energy     error          difference
  total solvation free energy
   1      0         -4.19973           0.04253           0.00054
   1     60         -4.22662           0.04257          -0.02636
   1     80         -4.43143           0.04283          -0.23117
   1    100         -5.11406           0.04368          -0.91379
   2      0         -4.20076           0.04204          -0.00049
   3      0         -4.20027           0.04340           0.00000
   4      0         -4.19589           0.04198           0.00438
   5      0         -4.19707           0.04307           0.00320
   5     60         -4.23312           0.04312          -0.03285
   5     80         -4.48568           0.04344          -0.28541
   5    100         -5.11240           0.04421          -0.91213
 
  contribution from  1-th solvent component
   1      0         -0.19709           0.11910           0.00290
   1     60         -0.19719           0.11911           0.00280
   1     80         -0.19814           0.11919           0.00184
   1    100         -0.20196           0.11943          -0.00197
   2      0         -0.20026           0.11551          -0.00027
   3      0         -0.19999           0.11435           0.00000
   4      0         -0.20036           0.11406          -0.00037
   5      0         -0.20004           0.11398          -0.00006
   5     60         -0.20021           0.11399          -0.00022
   5     80         -0.20159           0.11405          -0.00160
   5    100         -0.20547           0.11418          -0.00549
 
  contribution from  2-th solvent component
   1      0         -0.70914           0.09574          -0.00759
   1     60         -0.70948           0.09574          -0.00793
   1     80         -0.71203           0.09576          -0.01048
   1    100         -0.72051           0.09583          -0.01896
   2      0         -0.70395           0.09534          -0.00239
   3      0         -0.70155           0.09512           0.00000
   4      0         -0.69983           0.09501           0.00173
   5      0         -0.69903           0.09579           0.00252
   5     60         -0.69949           0.09579           0.00206
   5     80         -0.70267           0.09581          -0.00112
   5    100         -0.71045           0.09586          -0.00890
 
  contribution from  3-th solvent component
   1      0         -3.29343           0.11159           0.00522
   1     60         -3.31987           0.11163          -0.02122
   1     80         -3.52118           0.11190          -0.22253
   1    100         -4.19151           0.11274          -0.89286
   2      0         -3.29648           0.11126           0.00217
   3      0         -3.29865           0.11176           0.00000
   4      0         -3.29563           0.11059           0.00302
   5      0         -3.29792           0.11125           0.00073
   5     60         -3.33334           0.11130          -0.03469
   5     80         -3.58134           0.11163          -0.28269
   5    100         -4.19640           0.11238          -0.89775
 
 
 group  inft   Estimated free energy: total (kcal/mol)
   1      0      -4.2078      -4.2858      -4.2793      -4.1885      -4.2416
                 -4.2480      -4.0892      -4.1967      -4.1103      -4.1500
   1     60      -4.2348      -4.3126      -4.3064      -4.2155      -4.2685
                 -4.2749      -4.1160      -4.2236      -4.1372      -4.1769
   1     80      -4.4400      -4.5176      -4.5123      -4.4205      -4.4734
                 -4.4795      -4.3197      -4.4284      -4.3418      -4.3812
   1    100      -5.1246      -5.2007      -5.1982      -5.1040      -5.1566
                 -5.1610      -4.9992      -5.1108      -5.0237      -5.0617
   2      0      -4.2146      -4.2906      -4.2834      -4.1799      -4.2332
                 -4.2466      -4.0872      -4.1963      -4.1263      -4.1495
   3      0      -4.2166      -4.2939      -4.2885      -4.1754      -4.2279
                 -4.2491      -4.0830      -4.1935      -4.1305      -4.1443
   4      0      -4.2118      -4.2827      -4.2795      -4.1664      -4.2240
                 -4.2474      -4.0824      -4.1962      -4.1288      -4.1397
   5      0      -4.2155      -4.2923      -4.2839      -4.1630      -4.2207
                 -4.2437      -4.0821      -4.1988      -4.1294      -4.1414
   5     60      -4.2516      -4.3283      -4.3201      -4.1991      -4.2567
                 -4.2797      -4.1180      -4.2348      -4.1654      -4.1774
   5     80      -4.5047      -4.5811      -4.5740      -4.4518      -4.5093
                 -4.5320      -4.3692      -4.4874      -4.4179      -4.4293
   5    100      -5.1331      -5.2083      -5.2037      -5.0792      -5.1365
                 -5.1577      -4.9930      -5.1139      -5.0445      -5.0541
 
 group  inft   Estimated free energy: 1-th solvent contribution (kcal/mol)
   1      0      -0.0516      -0.0951      -0.1689      -0.3522      -0.2843
                 -0.1047      -0.5768      -0.0701       0.0642      -0.3313
   1     60      -0.0517      -0.0952      -0.1690      -0.3524      -0.2844
                 -0.1048      -0.5769      -0.0702       0.0641      -0.3314
   1     80      -0.0526      -0.0961      -0.1700      -0.3535      -0.2854
                 -0.1058      -0.5780      -0.0710       0.0636      -0.3324
   1    100      -0.0565      -0.0997      -0.1740      -0.3580      -0.2894
                 -0.1097      -0.5822      -0.0747       0.0611      -0.3365
   2      0      -0.0575      -0.1048      -0.1734      -0.3464      -0.2801
                 -0.1042      -0.5738      -0.0726       0.0437      -0.3335
   3      0      -0.0578      -0.1061      -0.1754      -0.3415      -0.2736
                 -0.1068      -0.5734      -0.0731       0.0398      -0.3320
   4      0      -0.0593      -0.1060      -0.1722      -0.3403      -0.2733
                 -0.1067      -0.5733      -0.0747       0.0372      -0.3350
   5      0      -0.0569      -0.1079      -0.1744      -0.3370      -0.2721
                 -0.1069      -0.5748      -0.0733       0.0361      -0.3334
   5     60      -0.0570      -0.1080      -0.1745      -0.3372      -0.2723
                 -0.1071      -0.5749      -0.0735       0.0360      -0.3336
   5     80      -0.0584      -0.1094      -0.1759      -0.3387      -0.2737
                 -0.1085      -0.5764      -0.0747       0.0350      -0.3351
   5    100      -0.0624      -0.1133      -0.1799      -0.3431      -0.2776
                 -0.1124      -0.5804      -0.0783       0.0318      -0.3392
 
 group  inft   Estimated free energy: 2-th solvent contribution (kcal/mol)
   1      0      -0.7523      -0.8348      -0.6767      -0.3742      -0.8817
                 -0.7512      -0.5742      -0.8509      -0.7486      -0.6467
   1     60      -0.7527      -0.8352      -0.6770      -0.3745      -0.8821
                 -0.7515      -0.5745      -0.8513      -0.7489      -0.6471
   1     80      -0.7552      -0.8378      -0.6796      -0.3770      -0.8846
                 -0.7541      -0.5770      -0.8539      -0.7515      -0.6495
   1    100      -0.7637      -0.8464      -0.6882      -0.3853      -0.8932
                 -0.7626      -0.5854      -0.8625      -0.7600      -0.6579
   2      0      -0.7484      -0.8278      -0.6726      -0.3694      -0.8741
                 -0.7490      -0.5712      -0.8455      -0.7422      -0.6394
   3      0      -0.7473      -0.8257      -0.6707      -0.3685      -0.8708
                 -0.7461      -0.5669      -0.8426      -0.7393      -0.6376
   4      0      -0.7447      -0.8195      -0.6722      -0.3671      -0.8688
                 -0.7472      -0.5675      -0.8429      -0.7390      -0.6292
   5      0      -0.7451      -0.8225      -0.6690      -0.3624      -0.8662
                 -0.7444      -0.5656      -0.8429      -0.7408      -0.6314
   5     60      -0.7456      -0.8230      -0.6695      -0.3628      -0.8667
                 -0.7449      -0.5660      -0.8434      -0.7412      -0.6319
   5     80      -0.7488      -0.8262      -0.6727      -0.3660      -0.8699
                 -0.7481      -0.5692      -0.8466      -0.7444      -0.6350
   5    100      -0.7565      -0.8340      -0.6805      -0.3736      -0.8777
                 -0.7559      -0.5768      -0.8545      -0.7523      -0.6426
 
 group  inft   Estimated free energy: 3-th solvent contribution (kcal/mol)
   1      0      -3.4038      -3.3557      -3.4336      -3.4620      -3.0755
                 -3.3920      -2.9381      -3.2756      -3.4258      -3.1720
   1     60      -3.4303      -3.3822      -3.4602      -3.4885      -3.1019
                 -3.4185      -2.9644      -3.3021      -3.4523      -3.1984
   1     80      -3.6320      -3.5836      -3.6626      -3.6899      -3.3032
                 -3.6196      -3.1646      -3.5034      -3.6538      -3.3992
   1    100      -4.3043      -4.2545      -4.3360      -4.3606      -3.9739
                 -4.2886      -3.8316      -4.1736      -4.3247      -4.0673
   2      0      -3.4087      -3.3579      -3.4373      -3.4641      -3.0788
                 -3.3933      -2.9422      -3.2782      -3.4277      -3.1765
   3      0      -3.4114      -3.3620      -3.4423      -3.4653      -3.0834
                 -3.3961      -2.9426      -3.2778      -3.4309      -3.1746
   4      0      -3.4077      -3.3572      -3.4350      -3.4589      -3.0817
                 -3.3935      -2.9415      -3.2785      -3.4269      -3.1754
   5      0      -3.4134      -3.3618      -3.4404      -3.4636      -3.0823
                 -3.3923      -2.9417      -3.2825      -3.4246      -3.1765
   5     60      -3.4489      -3.3973      -3.4760      -3.4990      -3.1177
                 -3.4277      -2.9769      -3.3180      -3.4601      -3.2118
   5     80      -3.6974      -3.6454      -3.7253      -3.7471      -3.3657
                 -3.6754      -3.2236      -3.5660      -3.7084      -3.4592
   5    100      -4.3141      -4.2609      -4.3433      -4.3625      -3.9811
                 -4.2892      -3.8357      -4.1810      -4.3239      -4.0722
 
 
 cumulative average & 95% error for solvation free energy
              total             1st component         2nd component         3rd component
  1    -4.2166               -0.0578               -0.7473               -3.4114
  2    -4.2552     0.0773    -0.0820     0.0483    -0.7865     0.0784    -3.3867     0.0494
  3    -4.2663     0.0498    -0.1131     0.0682    -0.7479     0.0895    -3.4052     0.0468
  4    -4.2436     0.0575    -0.1702     0.1240    -0.6531     0.2000    -3.4203     0.0447
  5    -4.2405     0.0450    -0.1909     0.1045    -0.6966     0.1777    -3.3529     0.1391
  6    -4.2419     0.0369    -0.1769     0.0898    -0.7049     0.1460    -3.3601     0.1145
  7    -4.2192     0.0551    -0.2335     0.1364    -0.6852     0.1296    -3.3004     0.1536
  8    -4.2160     0.0481    -0.2135     0.1247    -0.7048     0.1189    -3.2976     0.1331
  9    -4.2065     0.0465    -0.1853     0.1236    -0.7087     0.1052    -3.3124     0.1211
 10    -4.2003     0.0434    -0.2000     0.1144    -0.7016     0.0951    -3.2986     0.1118
