 ERmod 0.3.7, Copyright (C) 2000-2019 Nobuyuki Matubayasi
                            2010-2019 Shun Sakuraba
 ERmod comes with ABSOLUTELY NO WARRANTY.
 This is free software, and you can redistribute it
 and/or modify it under certain conditions.
 See LICENSE file for details.
 ERmod 0.3.7, Copyright (C) 2000-2019 Nobuyuki Matubayasi
                            2010-2019 Shun Sakuraba
 ERmod comes with ABSOLUTELY NO WARRANTY.
 This is free software, and you can redistribute it
 and/or modify it under certain conditions.
 See LICENSE file for details.
 
  Number of the   1-th solvent  =          180
  Number of the   2-th solvent  =          180
  Number of the   3-th solvent  =        10000
 
  Be sure that the solvent distribution is homogeneous (radial distribution function is essentially unity) when the solvent molecule is separated beyond distance of   10.0 Angstrom in any direction from any atom within the solute molecule
 
  LJ long-range correction    =        -0.0016     -0.0531     -0.5027
 
  Self-energy of the solute   =        -0.0001  kcal/mol
 
 
 cumulative average & 95% error for solvation energy
              total             1st component         2nd component         3rd component
  1   -26.0562                0.3092               -2.4121              -23.9532
  2   -25.9642     0.1839     0.0593     0.4999    -2.1426     0.5389   -23.8808     0.1449
  3   -25.9532     0.1084    -0.0825     0.4046    -2.3267     0.4819   -23.5440     0.6787
  4   -26.0095     0.1362     0.0181     0.3497    -2.5269     0.5259   -23.5007     0.4877
  5   -26.0111     0.1056     0.0293     0.2718    -2.6597     0.4863   -23.3806     0.4476
  6   -26.0029     0.0877    -0.1079     0.3529    -2.5562     0.4478   -23.3387     0.3750
  7   -26.0036     0.0742    -0.3924     0.6423    -2.4870     0.4029   -23.1242     0.5335
  8   -26.0025     0.0643    -0.4032     0.5567    -2.4510     0.3563   -23.1481     0.4645
  9   -25.9857     0.0658    -0.3932     0.4914    -2.3609     0.3622   -23.2315     0.4423
 10   -26.0214     0.0924    -0.5693     0.5632    -2.3932     0.3304   -23.0587     0.5253
 
 
 group  inft  solvation free energy     error          difference
  total solvation free energy
   1      0         -4.20427           0.03936           0.00003
   1     60         -4.23702           0.03936          -0.03272
   1     80         -4.46814           0.03937          -0.26383
   1    100         -5.18831           0.03928          -0.98400
   2      0         -4.20297           0.04136           0.00133
   3      0         -4.20431           0.04027           0.00000
   4      0         -4.20600           0.04354          -0.00169
   5      0         -4.20645           0.04333          -0.00214
   5     60         -4.25022           0.04334          -0.04591
   5     80         -4.53197           0.04336          -0.32766
   5    100         -5.19192           0.04321          -0.98762
 
  contribution from  1-th solvent component
   1      0         -0.04298           0.29603           0.00495
   1     60         -0.04217           0.29605           0.00577
   1     80         -0.03692           0.29624           0.01101
   1    100         -0.02315           0.29686           0.02479
   2      0         -0.04642           0.29819           0.00151
   3      0         -0.04793           0.29968          -0.00000
   4      0         -0.05150           0.29942          -0.00356
   5      0         -0.05148           0.30038          -0.00355
   5     60         -0.05046           0.30041          -0.00253
   5     80         -0.04462           0.30067           0.00332
   5    100         -0.03314           0.30134           0.01479
 
  contribution from  2-th solvent component
   1      0         -1.26864           0.15879          -0.00969
   1     60         -1.26952           0.15879          -0.01056
   1     80         -1.27555           0.15880          -0.01660
   1    100         -1.29397           0.15886          -0.03502
   2      0         -1.26162           0.15925          -0.00267
   3      0         -1.25895           0.15933           0.00000
   4      0         -1.25719           0.16016           0.00176
   5      0         -1.25695           0.15975           0.00200
   5     60         -1.25811           0.15975           0.00084
   5     80         -1.26547           0.15977          -0.00652
   5    100         -1.28233           0.15983          -0.02338
 
  contribution from  3-th solvent component
   1      0         -2.89258           0.29250           0.00477
   1     60         -2.92527           0.29252          -0.02792
   1     80         -3.15560           0.29280          -0.25824
   1    100         -3.87113           0.29439          -0.97377
   2      0         -2.89487           0.29256           0.00249
   3      0         -2.89736           0.29288           0.00000
   4      0         -2.89725           0.29217           0.00011
   5      0         -2.89795           0.29226          -0.00060
   5     60         -2.94158           0.29229          -0.04422
   5     80         -3.22181           0.29267          -0.32446
   5    100         -3.87638           0.29418          -0.97903
 
 
 group  inft   Estimated free energy: total (kcal/mol)
   1      0      -4.2507      -4.1470      -4.1770      -4.3030      -4.1586
                 -4.2401      -4.1581      -4.1970      -4.1239      -4.2873
   1     60      -4.2834      -4.1797      -4.2098      -4.3357      -4.1913
                 -4.2729      -4.1908      -4.2299      -4.1567      -4.3201
   1     80      -4.5148      -4.4102      -4.4413      -4.5667      -4.4226
                 -4.5042      -4.4211      -4.4613      -4.3881      -4.5511
   1    100      -5.2374      -5.1292      -5.1628      -5.2862      -5.1444
                 -5.2259      -5.1374      -5.1815      -5.1097      -5.2685
   2      0      -4.2418      -4.1277      -4.1774      -4.3080      -4.1428
                 -4.2441      -4.1656      -4.2107      -4.1257      -4.2859
   3      0      -4.2391      -4.1224      -4.1840      -4.3020      -4.1439
                 -4.2483      -4.1710      -4.2193      -4.1301      -4.2829
   4      0      -4.2445      -4.1138      -4.1846      -4.3086      -4.1386
                 -4.2513      -4.1740      -4.2292      -4.1255      -4.2900
   5      0      -4.2450      -4.1090      -4.1800      -4.3032      -4.1446
                 -4.2589      -4.1841      -4.2302      -4.1223      -4.2870
   5     60      -4.2887      -4.1526      -4.2239      -4.3469      -4.1884
                 -4.3027      -4.2278      -4.2742      -4.1662      -4.3308
   5     80      -4.5706      -4.4336      -4.5063      -4.6283      -4.4702
                 -4.5850      -4.5084      -4.5564      -4.4486      -4.6123
   5    100      -5.2323      -5.0923      -5.1681      -5.2874      -5.1312
                 -5.2469      -5.1645      -5.2165      -5.1104      -5.2697
 
 group  inft   Estimated free energy: 1-th solvent contribution (kcal/mol)
   1      0       0.4005       0.1422       0.0478       0.4184       0.3448
                 -0.1480      -0.8734      -0.0172       0.1024      -0.8472
   1     60       0.4014       0.1431       0.0485       0.4192       0.3456
                 -0.1473      -0.8726      -0.0163       0.1032      -0.8465
   1     80       0.4071       0.1486       0.0535       0.4248       0.3509
                 -0.1424      -0.8676      -0.0106       0.1085      -0.8420
   1    100       0.4224       0.1632       0.0664       0.4397       0.3651
                 -0.1297      -0.8548       0.0044       0.1223      -0.8305
   2      0       0.4061       0.1499       0.0424       0.4123       0.3533
                 -0.1554      -0.8853      -0.0351       0.0961      -0.8485
   3      0       0.4124       0.1551       0.0314       0.4159       0.3528
                 -0.1579      -0.8912      -0.0408       0.0924      -0.8496
   4      0       0.4049       0.1610       0.0315       0.4088       0.3552
                 -0.1656      -0.8929      -0.0542       0.0875      -0.8510
   5      0       0.4054       0.1640       0.0318       0.4144       0.3517
                 -0.1705      -0.9005      -0.0494       0.0862      -0.8480
   5     60       0.4065       0.1651       0.0327       0.4155       0.3527
                 -0.1696      -0.8995      -0.0483       0.0872      -0.8471
   5     80       0.4132       0.1714       0.0381       0.4219       0.3589
                 -0.1644      -0.8938      -0.0421       0.0928      -0.8422
   5    100       0.4266       0.1840       0.0483       0.4349       0.3712
                 -0.1544      -0.8831      -0.0299       0.1037      -0.8328
 
 group  inft   Estimated free energy: 2-th solvent contribution (kcal/mol)
   1      0      -1.2657      -0.9987      -1.4078      -1.6534      -1.6000
                 -1.1168      -1.0975      -1.2043      -0.9050      -1.4374
   1     60      -1.2665      -0.9996      -1.4087      -1.6543      -1.6008
                 -1.1176      -1.0983      -1.2052      -0.9058      -1.4383
   1     80      -1.2726      -1.0056      -1.4147      -1.6604      -1.6069
                 -1.1237      -1.1043      -1.2113      -0.9119      -1.4443
   1    100      -1.2910      -1.0237      -1.4332      -1.6791      -1.6253
                 -1.1420      -1.1226      -1.2299      -0.9303      -1.4626
   2      0      -1.2580      -0.9854      -1.4014      -1.6481      -1.5919
                 -1.1093      -1.0912      -1.1997      -0.8993      -1.4318
   3      0      -1.2565      -0.9813      -1.3957      -1.6478      -1.5896
                 -1.1090      -1.0874      -1.1993      -0.8966      -1.4264
   4      0      -1.2515      -0.9797      -1.3967      -1.6462      -1.5894
                 -1.1038      -1.0870      -1.1958      -0.8924      -1.4293
   5      0      -1.2550      -0.9775      -1.3909      -1.6443      -1.5878
                 -1.1068      -1.0920      -1.1978      -0.8884      -1.4289
   5     60      -1.2561      -0.9787      -1.3921      -1.6455      -1.5890
                 -1.1080      -1.0931      -1.1990      -0.8895      -1.4300
   5     80      -1.2635      -0.9860      -1.3994      -1.6530      -1.5964
                 -1.1153      -1.1004      -1.2064      -0.8969      -1.4374
   5    100      -1.2804      -1.0026      -1.4163      -1.6701      -1.6132
                 -1.1321      -1.1172      -1.2235      -0.9137      -1.4542
 
 group  inft   Estimated free energy: 3-th solvent contribution (kcal/mol)
   1      0      -3.3855      -3.2904      -2.8169      -3.0679      -2.9033
                 -2.9753      -2.1871      -2.9754      -3.3213      -2.0026
   1     60      -3.4182      -3.3231      -2.8496      -3.1006      -2.9360
                 -3.0079      -2.2198      -3.0083      -3.3540      -2.0353
   1     80      -3.6493      -3.5531      -3.0800      -3.3310      -3.1666
                 -3.2381      -2.4492      -3.2394      -3.5847      -2.2647
   1    100      -4.3687      -4.2686      -3.7960      -4.0467      -3.8841
                 -3.9542      -3.1600      -3.9559      -4.3017      -2.9753
   2      0      -3.3899      -3.2922      -2.8184      -3.0721      -2.9040
                 -2.9794      -2.1891      -2.9758      -3.3224      -2.0055
   3      0      -3.3949      -3.2961      -2.8196      -3.0701      -2.9071
                 -2.9814      -2.1923      -2.9792      -3.3258      -2.0069
   4      0      -3.3977      -3.2951      -2.8193      -3.0711      -2.9042
                 -2.9819      -2.1939      -2.9790      -3.3206      -2.0096
   5      0      -3.3954      -3.2954      -2.8209      -3.0732      -2.9085
                 -2.9816      -2.1916      -2.9830      -3.3201      -2.0101
   5     60      -3.4391      -3.3389      -2.8645      -3.1168      -2.9520
                 -3.0251      -2.2351      -3.0268      -3.3637      -2.0536
   5     80      -3.7203      -3.6189      -3.1448      -3.3972      -3.2326
                 -3.3052      -2.5141      -3.3079      -3.6444      -2.3327
   5    100      -4.3785      -4.2737      -3.8000      -4.0522      -3.8891
                 -3.9603      -3.1641      -3.9631      -4.3003      -2.9827
 
 
 cumulative average & 95% error for solvation free energy
              total             1st component         2nd component         3rd component
  1    -4.2391                0.4124               -1.2565               -3.3949
  2    -4.1808     0.1167     0.2837     0.2573    -1.1189     0.2752    -3.3455     0.0988
  3    -4.1818     0.0674     0.1996     0.2244    -1.2112     0.2435    -3.1702     0.3552
  4    -4.2119     0.0767     0.2537     0.1920    -1.3203     0.2780    -3.1452     0.2561
  5    -4.1983     0.0653     0.2735     0.1539    -1.3742     0.2408    -3.0976     0.2201
  6    -4.2066     0.0559     0.2016     0.1910    -1.3300     0.2156    -3.0782     0.1838
  7    -4.2015     0.0483     0.0455     0.3515    -1.2953     0.1949    -2.9517     0.2970
  8    -4.2038     0.0421     0.0347     0.3052    -1.2833     0.1705    -2.9551     0.2573
  9    -4.1956     0.0406     0.0411     0.2694    -1.2403     0.1732    -2.9963     0.2414
 10    -4.2043     0.0403    -0.0479     0.2997    -1.2590     0.1593    -2.8974     0.2929
