 ERmod 0.3.7, Copyright (C) 2000-2019 Nobuyuki Matubayasi
                            2010-2019 Shun Sakuraba
 ERmod comes with ABSOLUTELY NO WARRANTY.
 This is free software, and you can redistribute it
 and/or modify it under certain conditions.
 See LICENSE file for details.
 ERmod 0.3.7, Copyright (C) 2000-2019 Nobuyuki Matubayasi
                            2010-2019 Shun Sakuraba
 ERmod comes with ABSOLUTELY NO WARRANTY.
 This is free software, and you can redistribute it
 and/or modify it under certain conditions.
 See LICENSE file for details.
 
  Number of the   1-th solvent  =           90
  Number of the   2-th solvent  =           90
  Number of the   3-th solvent  =        10000
 
  Be sure that the solvent distribution is homogeneous (radial distribution function is essentially unity) when the solvent molecule is separated beyond distance of   10.0 Angstrom in any direction from any atom within the solute molecule
 
  LJ long-range correction    =        -0.0041     -0.0292     -0.5533
 
  Self-energy of the solute   =         0.0000  kcal/mol
 
 
 cumulative average & 95% error for solvation energy
              total             1st component         2nd component         3rd component
  1   -13.8350                0.1614               -0.7484              -13.2481
  2   -13.8719     0.0738     0.1568     0.0092    -0.8080     0.1192   -13.2207     0.0546
  3   -13.8636     0.0457     0.1596     0.0078    -0.7981     0.0716   -13.2251     0.0327
  4   -13.8634     0.0323     0.1552     0.0104    -0.7401     0.1267   -13.2786     0.1094
  5   -13.8558     0.0292     0.1588     0.0107    -0.7318     0.0995   -13.2829     0.0852
  6   -13.8692     0.0358     0.1585     0.0088    -0.7563     0.0949   -13.2714     0.0732
  7   -13.8561     0.0399     0.1607     0.0086    -0.7236     0.1035   -13.2933     0.0758
  8   -13.8422     0.0444     0.1597     0.0078    -0.6945     0.1069   -13.3075     0.0715
  9   -13.8431     0.0392     0.1612     0.0075    -0.7088     0.0985   -13.2956     0.0674
 10   -13.8346     0.0390     0.1607     0.0068    -0.6943     0.0927   -13.3010     0.0612
 
 
 group  inft  solvation free energy     error          difference
  total solvation free energy
   1      0          3.33107           0.02083           0.01434
   1     60          3.31404           0.02086          -0.00269
   1     80          3.17114           0.02112          -0.14559
   1    100          2.62838           0.02214          -0.68835
   2      0          3.31755           0.02114           0.00082
   3      0          3.31672           0.02139           0.00000
   4      0          3.29192           0.02127          -0.02480
   5      0          3.34957           0.02041           0.03285
   5     60          3.32615           0.02045           0.00942
   5     80          3.14433           0.02078          -0.17239
   5    100          2.63682           0.02172          -0.67991
 
  contribution from  1-th solvent component
   1      0          0.25287           0.00590           0.00268
   1     60          0.25297           0.00592           0.00278
   1     80          0.25355           0.00611           0.00335
   1    100          0.25368           0.00688           0.00349
   2      0          0.25094           0.00578           0.00074
   3      0          0.25019           0.00570           0.00000
   4      0          0.24941           0.00576          -0.00078
   5      0          0.24936           0.00566          -0.00083
   5     60          0.24947           0.00568          -0.00073
   5     80          0.24990           0.00592          -0.00030
   5    100          0.24941           0.00660          -0.00078
 
  contribution from  2-th solvent component
   1      0         -0.35061           0.04131           0.00190
   1     60         -0.35069           0.04133           0.00182
   1     80         -0.35147           0.04151           0.00103
   1    100         -0.35471           0.04214          -0.00220
   2      0         -0.35195           0.04128           0.00056
   3      0         -0.35250           0.04133           0.00000
   4      0         -0.35308           0.04124          -0.00057
   5      0         -0.35360           0.04139          -0.00110
   5     60         -0.35373           0.04141          -0.00123
   5     80         -0.35485           0.04162          -0.00235
   5    100         -0.35807           0.04218          -0.00557
 
  contribution from  3-th solvent component
   1      0          3.42876           0.02369           0.00977
   1     60          3.41171           0.02370          -0.00728
   1     80          3.26902           0.02377          -0.14997
   1    100          2.72936           0.02404          -0.68963
   2      0          3.41851           0.02433          -0.00047
   3      0          3.41899           0.02421           0.00000
   4      0          3.39554           0.02491          -0.02345
   5      0          3.45376           0.02335           0.03478
   5     60          3.43037           0.02336           0.01138
   5     80          3.24924           0.02344          -0.16975
   5    100          2.74543           0.02368          -0.67355
 
 
 group  inft   Estimated free energy: total (kcal/mol)
   1      0       3.3229       3.2855       3.3175       3.3092       3.3327
                  3.3008       3.3560       3.3849       3.3209       3.3802
   1     60       3.3058       3.2683       3.3005       3.2921       3.3157
                  3.2838       3.3390       3.3679       3.3039       3.3632
   1     80       3.1624       3.1245       3.1576       3.1485       3.1731
                  3.1406       3.1971       3.2254       3.1615       3.2206
   1    100       2.6182       2.5785       2.6150       2.6025       2.6319
                  2.5965       2.6574       2.6839       2.6208       2.6791
   2      0       3.3066       3.2756       3.3033       3.2894       3.3183
                  3.2873       3.3450       3.3747       3.3108       3.3645
   3      0       3.3053       3.2762       3.3020       3.2880       3.3156
                  3.2858       3.3449       3.3761       3.3101       3.3632
   4      0       3.2820       3.2525       3.2771       3.2601       3.2908
                  3.2613       3.3188       3.3505       3.2875       3.3387
   5      0       3.3387       3.3073       3.3357       3.3306       3.3464
                  3.3191       3.3778       3.4040       3.3403       3.3958
   5     60       3.3152       3.2838       3.3123       3.3071       3.3230
                  3.2957       3.3545       3.3806       3.3169       3.3725
   5     80       3.1328       3.1010       3.1304       3.1243       3.1417
                  3.1134       3.1736       3.1993       3.1357       3.1911
   5    100       2.6239       2.5909       2.6228       2.6135       2.6359
                  2.6042       2.6687       2.6931       2.6303       2.6849
 
 group  inft   Estimated free energy: 1-th solvent contribution (kcal/mol)
   1      0       0.2545       0.2502       0.2562       0.2361       0.2646
                  0.2556       0.2561       0.2419       0.2661       0.2473
   1     60       0.2546       0.2503       0.2563       0.2362       0.2647
                  0.2557       0.2563       0.2420       0.2663       0.2474
   1     80       0.2550       0.2504       0.2570       0.2364       0.2658
                  0.2563       0.2575       0.2423       0.2673       0.2477
   1    100       0.2546       0.2490       0.2575       0.2348       0.2675
                  0.2566       0.2598       0.2413       0.2690       0.2468
   2      0       0.2528       0.2490       0.2539       0.2345       0.2623
                  0.2535       0.2541       0.2398       0.2639       0.2455
   3      0       0.2520       0.2486       0.2537       0.2340       0.2611
                  0.2528       0.2530       0.2396       0.2631       0.2441
   4      0       0.2517       0.2480       0.2527       0.2331       0.2603
                  0.2521       0.2516       0.2384       0.2627       0.2434
   5      0       0.2517       0.2477       0.2527       0.2335       0.2609
                  0.2515       0.2518       0.2384       0.2617       0.2436
   5     60       0.2517       0.2478       0.2529       0.2336       0.2610
                  0.2516       0.2520       0.2385       0.2619       0.2437
   5     80       0.2520       0.2477       0.2534       0.2334       0.2620
                  0.2520       0.2532       0.2386       0.2629       0.2438
   5    100       0.2511       0.2460       0.2532       0.2313       0.2630
                  0.2516       0.2545       0.2372       0.2638       0.2424
 
 group  inft   Estimated free energy: 2-th solvent contribution (kcal/mol)
   1      0      -0.3822      -0.4302      -0.3880      -0.2944      -0.3560
                 -0.4235      -0.2748      -0.2537      -0.4065      -0.2967
   1     60      -0.3823      -0.4304      -0.3881      -0.2945      -0.3561
                 -0.4236      -0.2748      -0.2537      -0.4066      -0.2968
   1     80      -0.3834      -0.4314      -0.3890      -0.2952      -0.3570
                 -0.4246      -0.2751      -0.2539      -0.4075      -0.2976
   1    100      -0.3876      -0.4358      -0.3926      -0.2982      -0.3606
                 -0.4287      -0.2766      -0.2550      -0.4113      -0.3008
   2      0      -0.3834      -0.4313      -0.3899      -0.2958      -0.3571
                 -0.4249      -0.2766      -0.2548      -0.4075      -0.2981
   3      0      -0.3835      -0.4320      -0.3910      -0.2965      -0.3582
                 -0.4251      -0.2774      -0.2548      -0.4082      -0.2983
   4      0      -0.3841      -0.4324      -0.3917      -0.2966      -0.3582
                 -0.4261      -0.2783      -0.2561      -0.4083      -0.2990
   5      0      -0.3842      -0.4334      -0.3930      -0.2962      -0.3580
                 -0.4263      -0.2793      -0.2566      -0.4099      -0.2990
   5     60      -0.3844      -0.4336      -0.3931      -0.2963      -0.3581
                 -0.4265      -0.2794      -0.2567      -0.4101      -0.2991
   5     80      -0.3858      -0.4351      -0.3944      -0.2974      -0.3594
                 -0.4279      -0.2799      -0.2571      -0.4114      -0.3002
   5    100      -0.3899      -0.4393      -0.3979      -0.3003      -0.3630
                 -0.4318      -0.2816      -0.2584      -0.4153      -0.3034
 
 group  inft   Estimated free energy: 3-th solvent contribution (kcal/mol)
   1      0       3.4505       3.4654       3.4493       3.3675       3.4240
                  3.4687       3.3746       3.3967       3.4612       3.4296
   1     60       3.4335       3.4484       3.4323       3.3504       3.4070
                  3.4517       3.3575       3.3797       3.4441       3.4126
   1     80       3.2908       3.3055       3.2896       3.2073       3.2643
                  3.3089       3.2146       3.2370       3.3017       3.2705
   1    100       2.7512       2.7652       2.7501       2.6658       2.7250
                  2.7685       2.6741       2.6975       2.7631       2.7331
   2      0       3.4371       3.4579       3.4393       3.3506       3.4130
                  3.4587       3.3674       3.3896       3.4544       3.4171
   3      0       3.4369       3.4596       3.4393       3.3505       3.4127
                  3.4580       3.3693       3.3912       3.4551       3.4173
   4      0       3.4144       3.4369       3.4160       3.3235       3.3887
                  3.4352       3.3454       3.3681       3.4331       3.3942
   5      0       3.4712       3.4930       3.4759       3.3933       3.4434
                  3.4939       3.4052       3.4221       3.4884       3.4512
   5     60       3.4478       3.4696       3.4525       3.3699       3.4200
                  3.4705       3.3818       3.3988       3.4651       3.4278
   5     80       3.2666       3.2883       3.2713       3.1882       3.2390
                  3.2891       3.2003       3.2177       3.2843       3.2475
   5    100       2.7626       2.7841       2.7674       2.6825       2.7358
                  2.7844       2.6957       2.7142       2.7817       2.7458
 
 
 cumulative average & 95% error for solvation free energy
              total             1st component         2nd component         3rd component
  1     3.3053                0.2520               -0.3835                3.4369
  2     3.2908     0.0291     0.2503     0.0033    -0.4078     0.0485     3.4482     0.0227
  3     3.2945     0.0184     0.2514     0.0030    -0.4022     0.0301     3.4452     0.0144
  4     3.2929     0.0134     0.2471     0.0090    -0.3758     0.0570     3.4216     0.0485
  5     3.2974     0.0138     0.2499     0.0089    -0.3723     0.0447     3.4198     0.0377
  6     3.2955     0.0119     0.2504     0.0074    -0.3811     0.0405     3.4261     0.0333
  7     3.3025     0.0173     0.2507     0.0063    -0.3663     0.0453     3.4180     0.0325
  8     3.3117     0.0237     0.2493     0.0061    -0.3523     0.0481     3.4147     0.0289
  9     3.3116     0.0209     0.2509     0.0062    -0.3585     0.0442     3.4192     0.0271
 10     3.3167     0.0214     0.2502     0.0057    -0.3525     0.0413     3.4190     0.0242
