 ERmod 0.3.7, Copyright (C) 2000-2019 Nobuyuki Matubayasi
                            2010-2019 Shun Sakuraba
 ERmod comes with ABSOLUTELY NO WARRANTY.
 This is free software, and you can redistribute it
 and/or modify it under certain conditions.
 See LICENSE file for details.
 ERmod 0.3.7, Copyright (C) 2000-2019 Nobuyuki Matubayasi
                            2010-2019 Shun Sakuraba
 ERmod comes with ABSOLUTELY NO WARRANTY.
 This is free software, and you can redistribute it
 and/or modify it under certain conditions.
 See LICENSE file for details.
 
  Number of the   1-th solvent  =          180
  Number of the   2-th solvent  =          180
  Number of the   3-th solvent  =        10000
 
  Be sure that the solvent distribution is homogeneous (radial distribution function is essentially unity) when the solvent molecule is separated beyond distance of   10.0 Angstrom in any direction from any atom within the solute molecule
 
  LJ long-range correction    =        -0.0115     -0.0305     -0.6116
 
  Self-energy of the solute   =        -0.0001  kcal/mol
 
 
 cumulative average & 95% error for solvation energy
              total             1st component         2nd component         3rd component
  1   -28.2638               -0.6758               -1.1709              -26.4171
  2   -28.3181     0.1086    -1.0857     0.8199    -1.7033     1.0646   -25.5290     1.7760
  3   -28.3349     0.0712    -0.5776     1.1212    -1.6206     0.6365   -26.1367     1.5901
  4   -28.3223     0.0563    -0.9177     1.0447    -1.4760     0.5350   -25.9285     1.1990
  5   -28.2928     0.0734    -0.9723     0.8165    -1.4494     0.4178   -25.8710     0.9358
  6   -28.3187     0.0792    -1.0593     0.6890    -1.5815     0.4315   -25.6778     0.8562
  7   -28.2912     0.0866    -1.0719     0.5829    -1.4107     0.4996   -25.8085     0.7694
  8   -28.3027     0.0784    -0.9734     0.5419    -1.3693     0.4406   -25.9600     0.7320
  9   -28.2969     0.0701    -0.9330     0.4847    -1.3768     0.3888   -25.9871     0.6478
 10   -28.2911     0.0638    -0.8953     0.4400    -1.3259     0.3623   -26.0698     0.6026
 
 
 group  inft  solvation free energy     error          difference
  total solvation free energy
   1      0         -3.68890           0.05886           0.00419
   1     60         -3.71263           0.05882          -0.01954
   1     80         -3.92370           0.05873          -0.23061
   1    100         -4.71143           0.05855          -1.01834
   2      0         -3.69193           0.05503           0.00117
   3      0         -3.69309           0.05166           0.00000
   4      0         -3.69319           0.05276          -0.00010
   5      0         -3.68939           0.05095           0.00370
   5     60         -3.72169           0.05091          -0.02860
   5     80         -3.98700           0.05075          -0.29391
   5    100         -4.71320           0.05050          -1.02011
 
  contribution from  1-th solvent component
   1      0         -0.06823           0.22654           0.00533
   1     60         -0.06848           0.22656           0.00509
   1     80         -0.07101           0.22673           0.00256
   1    100         -0.08196           0.22737          -0.00840
   2      0         -0.07263           0.22143           0.00094
   3      0         -0.07357           0.21965           0.00000
   4      0         -0.07567           0.21951          -0.00210
   5      0         -0.07326           0.21783           0.00030
   5     60         -0.07362           0.21784          -0.00005
   5     80         -0.07702           0.21798          -0.00346
   5    100         -0.08753           0.21834          -0.01396
 
  contribution from  2-th solvent component
   1      0         -0.75597           0.18743          -0.00465
   1     60         -0.75635           0.18744          -0.00503
   1     80         -0.75983           0.18757          -0.00851
   1    100         -0.77331           0.18798          -0.02199
   2      0         -0.75283           0.18524          -0.00151
   3      0         -0.75132           0.18374           0.00000
   4      0         -0.75267           0.18226          -0.00135
   5      0         -0.75281           0.18172          -0.00149
   5     60         -0.75336           0.18173          -0.00204
   5     80         -0.75797           0.18182          -0.00665
   5    100         -0.77082           0.18205          -0.01950
 
  contribution from  3-th solvent component
   1      0         -2.86464           0.28390           0.00351
   1     60         -2.88775           0.28397          -0.01960
   1     80         -3.09280           0.28438          -0.22466
   1    100         -3.85610           0.28586          -0.98796
   2      0         -2.86640           0.28314           0.00174
   3      0         -2.86815           0.28411           0.00000
   4      0         -2.86479           0.28183           0.00336
   5      0         -2.86325           0.28315           0.00489
   5     60         -2.89465           0.28323          -0.02650
   5     80         -3.15195           0.28375          -0.28380
   5    100         -3.85479           0.28515          -0.98665
 
 
 group  inft   Estimated free energy: total (kcal/mol)
   1      0      -3.6169      -3.7823      -3.6643      -3.7794      -3.6584
                 -3.8650      -3.5578      -3.6966      -3.6402      -3.6281
   1     60      -3.6407      -3.8059      -3.6881      -3.8030      -3.6821
                 -3.8887      -3.5816      -3.7204      -3.6640      -3.6518
   1     80      -3.8517      -4.0160      -3.8992      -4.0137      -3.8932
                 -4.0999      -3.7931      -3.9324      -3.8754      -3.8626
   1    100      -4.6380      -4.8000      -4.6873      -4.8001      -4.6804
                 -4.8890      -4.5822      -4.7239      -4.6640      -4.6495
   2      0      -3.6236      -3.7704      -3.6898      -3.7692      -3.6619
                 -3.8593      -3.5635      -3.7037      -3.6295      -3.6484
   3      0      -3.6276      -3.7592      -3.6979      -3.7675      -3.6595
                 -3.8512      -3.5728      -3.7067      -3.6316      -3.6571
   4      0      -3.6314      -3.7617      -3.6990      -3.7719      -3.6646
                 -3.8547      -3.5733      -3.6992      -3.6222      -3.6541
   5      0      -3.6287      -3.7473      -3.6981      -3.7527      -3.6547
                 -3.8514      -3.5718      -3.7080      -3.6191      -3.6622
   5     60      -3.6610      -3.7793      -3.7305      -3.7849      -3.6869
                 -3.8836      -3.6042      -3.7405      -3.6515      -3.6945
   5     80      -3.9262      -4.0433      -3.9962      -4.0495      -3.9521
                 -4.1488      -3.8701      -4.0071      -3.9171      -3.9596
   5    100      -4.6514      -4.7652      -4.7236      -4.7742      -4.6774
                 -4.8755      -4.5979      -4.7372      -4.6438      -4.6857
 
 group  inft   Estimated free energy: 1-th solvent contribution (kcal/mol)
   1      0       0.0329      -0.3870       0.6359      -0.5653      -0.2196
                 -0.4110      -0.1779       0.2574       0.0773       0.0749
   1     60       0.0327      -0.3872       0.6357      -0.5655      -0.2199
                 -0.4112      -0.1781       0.2572       0.0770       0.0747
   1     80       0.0302      -0.3900       0.6339      -0.5684      -0.2226
                 -0.4140      -0.1807       0.2549       0.0744       0.0722
   1    100       0.0191      -0.4019       0.6256      -0.5803      -0.2341
                 -0.4256      -0.1917       0.2449       0.0630       0.0613
   2      0       0.0257      -0.3821       0.6114      -0.5636      -0.2186
                 -0.4085      -0.1823       0.2423       0.0812       0.0681
   3      0       0.0240      -0.3771       0.6048      -0.5616      -0.2148
                 -0.4082      -0.1859       0.2413       0.0811       0.0606
   4      0       0.0222      -0.3797       0.5962      -0.5670      -0.2187
                 -0.4107      -0.1840       0.2431       0.0838       0.0581
   5      0       0.0266      -0.3715       0.5929      -0.5601      -0.2138
                 -0.4104      -0.1855       0.2392       0.0895       0.0602
   5     60       0.0263      -0.3719       0.5926      -0.5605      -0.2141
                 -0.4107      -0.1858       0.2389       0.0892       0.0598
   5     80       0.0229      -0.3755       0.5898      -0.5641      -0.2177
                 -0.4142      -0.1892       0.2356       0.0857       0.0565
   5    100       0.0123      -0.3865       0.5810      -0.5752      -0.2285
                 -0.4250      -0.1997       0.2254       0.0750       0.0459
 
 group  inft   Estimated free energy: 2-th solvent contribution (kcal/mol)
   1      0      -0.6446      -1.2148      -0.8252      -0.6549      -0.8072
                 -1.2266      -0.2660      -0.6247      -0.8021      -0.4936
   1     60      -0.6449      -1.2152      -0.8256      -0.6553      -0.8076
                 -1.2271      -0.2663      -0.6251      -0.8025      -0.4940
   1     80      -0.6482      -1.2190      -0.8290      -0.6588      -0.8111
                 -1.2308      -0.2694      -0.6288      -0.8061      -0.4972
   1    100      -0.6608      -1.2332      -0.8425      -0.6723      -0.8251
                 -1.2453      -0.2816      -0.6428      -0.8197      -0.5098
   2      0      -0.6445      -1.2052      -0.8261      -0.6457      -0.8085
                 -1.2175      -0.2655      -0.6167      -0.7948      -0.5038
   3      0      -0.6445      -1.1998      -0.8267      -0.6469      -0.8072
                 -1.2110      -0.2683      -0.6130      -0.7930      -0.5026
   4      0      -0.6482      -1.1959      -0.8266      -0.6500      -0.8111
                 -1.2090      -0.2730      -0.6163      -0.7931      -0.5034
   5      0      -0.6515      -1.1948      -0.8240      -0.6423      -0.8081
                 -1.2109      -0.2737      -0.6187      -0.7924      -0.5117
   5     60      -0.6521      -1.1953      -0.8246      -0.6429      -0.8086
                 -1.2115      -0.2742      -0.6193      -0.7929      -0.5122
   5     80      -0.6565      -1.2001      -0.8291      -0.6475      -0.8133
                 -1.2163      -0.2785      -0.6241      -0.7976      -0.5166
   5    100      -0.6690      -1.2133      -0.8421      -0.6603      -0.8266
                 -1.2297      -0.2906      -0.6373      -0.8105      -0.5289
 
 group  inft   Estimated free energy: 3-th solvent contribution (kcal/mol)
   1      0      -3.0052      -2.1804      -3.4749      -2.5592      -2.6315
                 -2.2273      -3.1139      -3.3292      -2.9154      -3.2093
   1     60      -3.0284      -2.2033      -3.4982      -2.5822      -2.6546
                 -2.2503      -3.1371      -3.3524      -2.9385      -3.2325
   1     80      -3.2336      -2.4070      -3.7040      -2.7865      -2.8594
                 -2.4551      -3.3430      -3.5584      -3.1437      -3.4375
   1    100      -3.9962      -3.1647      -4.4703      -3.5475      -3.6211
                 -3.2181      -4.1089      -4.3260      -3.9073      -4.2010
   2      0      -3.0047      -2.1831      -3.4751      -2.5599      -2.6348
                 -2.2332      -3.1156      -3.3293      -2.9159      -3.2125
   3      0      -3.0070      -2.1822      -3.4759      -2.5590      -2.6374
                 -2.2319      -3.1185      -3.3349      -2.9197      -3.2149
   4      0      -3.0053      -2.1860      -3.4685      -2.5548      -2.6348
                 -2.2349      -3.1162      -3.3259      -2.9128      -3.2087
   5      0      -3.0037      -2.1809      -3.4670      -2.5503      -2.6328
                 -2.2300      -3.1126      -3.3285      -2.9163      -3.2106
   5     60      -3.0352      -2.2120      -3.4985      -2.5815      -2.6641
                 -2.2613      -3.1441      -3.3600      -2.9477      -3.2420
   5     80      -3.2925      -2.4676      -3.7568      -2.8379      -2.9210
                 -2.5182      -3.4024      -3.6185      -3.2052      -3.4994
   5    100      -3.9947      -3.1653      -4.4625      -3.5387      -3.6223
                 -3.2207      -4.1076      -4.3252      -3.9083      -4.2027
 
 
 cumulative average & 95% error for solvation free energy
              total             1st component         2nd component         3rd component
  1    -3.6276                0.0240               -0.6445               -3.0070
  2    -3.6934     0.1315    -0.1765     0.4010    -0.9222     0.5553    -2.5946     0.8248
  3    -3.6949     0.0760     0.0839     0.5700    -0.8904     0.3269    -2.8884     0.7563
  4    -3.7130     0.0648    -0.0775     0.5164    -0.8295     0.2612    -2.8060     0.5595
  5    -3.7023     0.0546    -0.1049     0.4037    -0.8250     0.2025    -2.7723     0.4386
  6    -3.7271     0.0667    -0.1555     0.3448    -0.8894     0.2095    -2.6822     0.4009
  7    -3.7051     0.0716    -0.1598     0.2915    -0.8006     0.2507    -2.7446     0.3610
  8    -3.7053     0.0620    -0.1097     0.2717    -0.7772     0.2221    -2.8184     0.3457
  9    -3.6971     0.0571    -0.0885     0.2433    -0.7790     0.1959    -2.8296     0.3057
 10    -3.6931     0.0517    -0.0736     0.2197    -0.7513     0.1837    -2.8681     0.2841
