 ERmod 0.3.7, Copyright (C) 2000-2019 Nobuyuki Matubayasi
                            2010-2019 Shun Sakuraba
 ERmod comes with ABSOLUTELY NO WARRANTY.
 This is free software, and you can redistribute it
 and/or modify it under certain conditions.
 See LICENSE file for details.
 ERmod 0.3.7, Copyright (C) 2000-2019 Nobuyuki Matubayasi
                            2010-2019 Shun Sakuraba
 ERmod comes with ABSOLUTELY NO WARRANTY.
 This is free software, and you can redistribute it
 and/or modify it under certain conditions.
 See LICENSE file for details.
 
  Number of the   1-th solvent  =          180
  Number of the   2-th solvent  =          180
  Number of the   3-th solvent  =        10000
 
  Be sure that the solvent distribution is homogeneous (radial distribution function is essentially unity) when the solvent molecule is separated beyond distance of   10.0 Angstrom in any direction from any atom within the solute molecule
 
  LJ long-range correction    =        -0.0045     -0.0119     -0.2379
 
  Self-energy of the solute   =         0.0000  kcal/mol
 
 
 cumulative average & 95% error for solvation energy
              total             1st component         2nd component         3rd component
  1    -6.8095                0.0789               -0.3269               -6.5616
  2    -6.8039     0.0112     0.0852     0.0126    -0.3303     0.0068    -6.5589     0.0054
  3    -6.8127     0.0187     0.0788     0.0148    -0.3182     0.0244    -6.5733     0.0289
  4    -6.8063     0.0184     0.0780     0.0106    -0.3093     0.0248    -6.5749     0.0207
  5    -6.8076     0.0145     0.0721     0.0143    -0.3071     0.0197    -6.5726     0.0167
  6    -6.8123     0.0152     0.0741     0.0124    -0.3164     0.0246    -6.5700     0.0146
  7    -6.8078     0.0157     0.0738     0.0105    -0.3060     0.0294    -6.5756     0.0166
  8    -6.8046     0.0151     0.0763     0.0103    -0.3025     0.0264    -6.5784     0.0154
  9    -6.8058     0.0135     0.0748     0.0096    -0.3021     0.0233    -6.5784     0.0136
 10    -6.8047     0.0123     0.0732     0.0091    -0.3001     0.0212    -6.5778     0.0122
 
 
 group  inft  solvation free energy     error          difference
  total solvation free energy
   1      0          2.80920           0.01294          -0.00407
   1     60          2.79488           0.01299          -0.01839
   1     80          2.69215           0.01354          -0.12111
   1    100          2.36158           0.01540          -0.45169
   2      0          2.80576           0.01302          -0.00750
   3      0          2.81326           0.01255           0.00000
   4      0          2.82041           0.01261           0.00715
   5      0          2.87545           0.01258           0.06219
   5     60          2.85613           0.01265           0.04287
   5     80          2.72969           0.01327          -0.08357
   5    100          2.42284           0.01485          -0.39042
 
  contribution from  1-th solvent component
   1      0          0.20234           0.01170           0.00340
   1     60          0.20236           0.01176           0.00342
   1     80          0.20229           0.01230           0.00335
   1    100          0.20056           0.01412           0.00162
   2      0          0.19986           0.01119           0.00093
   3      0          0.19894           0.01080           0.00000
   4      0          0.19770           0.01079          -0.00124
   5      0          0.19773           0.01079          -0.00121
   5     60          0.19772           0.01087          -0.00122
   5     80          0.19727           0.01152          -0.00167
   5    100          0.19508           0.01311          -0.00386
 
  contribution from  2-th solvent component
   1      0         -0.10348           0.01445           0.00316
   1     60         -0.10359           0.01448           0.00304
   1     80         -0.10479           0.01473           0.00184
   1    100         -0.10904           0.01545          -0.00241
   2      0         -0.10557           0.01413           0.00106
   3      0         -0.10663           0.01397           0.00000
   4      0         -0.10746           0.01389          -0.00083
   5      0         -0.10830           0.01378          -0.00167
   5     60         -0.10849           0.01382          -0.00186
   5     80         -0.11012           0.01409          -0.00349
   5    100         -0.11435           0.01469          -0.00772
 
  contribution from  3-th solvent component
   1      0          2.71032           0.00762          -0.01062
   1     60          2.69609           0.00764          -0.02485
   1     80          2.59465           0.00777          -0.12630
   1    100          2.27006           0.00815          -0.45089
   2      0          2.71146           0.00725          -0.00949
   3      0          2.72095           0.00730           0.00000
   4      0          2.73016           0.00706           0.00922
   5      0          2.78601           0.00689           0.06506
   5     60          2.76689           0.00691           0.04594
   5     80          2.64253           0.00706          -0.07842
   5    100          2.34210           0.00739          -0.37885
 
 
 group  inft   Estimated free energy: total (kcal/mol)
   1      0       2.8013       2.8326       2.7755       2.8091       2.8001
                  2.7876       2.8254       2.8435       2.8045       2.8123
   1     60       2.7869       2.8184       2.7610       2.7947       2.7857
                  2.7733       2.8112       2.8294       2.7901       2.7980
   1     80       2.6842       2.7170       2.6570       2.6916       2.6820
                  2.6705       2.7090       2.7285       2.6867       2.6949
   1    100       2.3534       2.3911       2.3222       2.3605       2.3486
                  2.3392       2.3799       2.4038       2.3539       2.3632
   2      0       2.7964       2.8288       2.7727       2.8064       2.7971
                  2.7822       2.8227       2.8395       2.8010       2.8107
   3      0       2.8045       2.8355       2.7810       2.8141       2.8053
                  2.7895       2.8304       2.8442       2.8094       2.8189
   4      0       2.8124       2.8424       2.7874       2.8207       2.8132
                  2.7965       2.8375       2.8522       2.8183       2.8236
   5      0       2.8664       2.8985       2.8446       2.8750       2.8681
                  2.8504       2.8926       2.9065       2.8713       2.8811
   5     60       2.8471       2.8794       2.8251       2.8556       2.8486
                  2.8311       2.8734       2.8875       2.8519       2.8618
   5     80       2.7205       2.7548       2.6971       2.7289       2.7211
                  2.7045       2.7474       2.7632       2.7247       2.7348
   5    100       2.4133       2.4523       2.3866       2.4217       2.4119
                  2.3968       2.4415       2.4613       2.4161       2.4268
 
 group  inft   Estimated free energy: 1-th solvent contribution (kcal/mol)
   1      0       0.2043       0.2408       0.1912       0.1990       0.1810
                  0.2120       0.1920       0.2238       0.1930       0.1863
   1     60       0.2043       0.2410       0.1912       0.1990       0.1809
                  0.2121       0.1920       0.2239       0.1930       0.1862
   1     80       0.2045       0.2426       0.1904       0.1986       0.1800
                  0.2124       0.1916       0.2251       0.1922       0.1854
   1    100       0.2036       0.2463       0.1862       0.1959       0.1754
                  0.2121       0.1887       0.2276       0.1883       0.1813
   2      0       0.2020       0.2369       0.1886       0.1971       0.1795
                  0.2080       0.1899       0.2205       0.1913       0.1847
   3      0       0.2013       0.2346       0.1877       0.1964       0.1791
                  0.2069       0.1901       0.2187       0.1905       0.1841
   4      0       0.1999       0.2337       0.1863       0.1949       0.1785
                  0.2057       0.1884       0.2171       0.1896       0.1829
   5      0       0.2002       0.2334       0.1862       0.1953       0.1784
                  0.2058       0.1884       0.2174       0.1893       0.1830
   5     60       0.2002       0.2336       0.1860       0.1952       0.1782
                  0.2059       0.1884       0.2176       0.1892       0.1828
   5     80       0.2001       0.2351       0.1847       0.1944       0.1768
                  0.2059       0.1875       0.2187       0.1880       0.1815
   5    100       0.1986       0.2377       0.1804       0.1913       0.1722
                  0.2048       0.1842       0.2202       0.1840       0.1773
 
 group  inft   Estimated free energy: 2-th solvent contribution (kcal/mol)
   1      0      -0.1203      -0.1282      -0.1023      -0.0950      -0.1002
                 -0.1409      -0.0584      -0.0912      -0.1061      -0.0922
   1     60      -0.1204      -0.1283      -0.1024      -0.0951      -0.1003
                 -0.1411      -0.0584      -0.0913      -0.1063      -0.0923
   1     80      -0.1220      -0.1299      -0.1036      -0.0963      -0.1017
                 -0.1428      -0.0586      -0.0923      -0.1076      -0.0933
   1    100      -0.1272      -0.1352      -0.1076      -0.1003      -0.1064
                 -0.1484      -0.0600      -0.0962      -0.1123      -0.0969
   2      0      -0.1220      -0.1294      -0.1046      -0.0971      -0.1028
                 -0.1427      -0.0618      -0.0930      -0.1077      -0.0946
   3      0      -0.1222      -0.1303      -0.1052      -0.0984      -0.1036
                 -0.1438      -0.0634      -0.0946      -0.1088      -0.0959
   4      0      -0.1233      -0.1307      -0.1067      -0.0988      -0.1043
                 -0.1449      -0.0649      -0.0955      -0.1087      -0.0969
   5      0      -0.1238      -0.1314      -0.1072      -0.0996      -0.1055
                 -0.1456      -0.0665      -0.0953      -0.1099      -0.0981
   5     60      -0.1241      -0.1317      -0.1074      -0.0997      -0.1057
                 -0.1459      -0.0665      -0.0955      -0.1101      -0.0983
   5     80      -0.1261      -0.1337      -0.1089      -0.1013      -0.1075
                 -0.1480      -0.0671      -0.0969      -0.1119      -0.0998
   5    100      -0.1311      -0.1388      -0.1130      -0.1052      -0.1121
                 -0.1534      -0.0689      -0.1008      -0.1165      -0.1037
 
 group  inft   Estimated free energy: 3-th solvent contribution (kcal/mol)
   1      0       2.7173       2.7199       2.6866       2.7051       2.7193
                  2.7165       2.6918       2.7109       2.7176       2.7182
   1     60       2.7030       2.7057       2.6723       2.6908       2.7051
                  2.7023       2.6776       2.6967       2.7034       2.7040
   1     80       2.6017       2.6043       2.5702       2.5893       2.6037
                  2.6009       2.5760       2.5957       2.6021       2.6027
   1    100       2.2770       2.2800       2.2436       2.2648       2.2796
                  2.2754       2.2512       2.2723       2.2779       2.2788
   2      0       2.7164       2.7212       2.6886       2.7063       2.7204
                  2.7169       2.6946       2.7120       2.7175       2.7206
   3      0       2.7254       2.7312       2.6985       2.7160       2.7298
                  2.7263       2.7037       2.7201       2.7277       2.7307
   4      0       2.7358       2.7393       2.7078       2.7246       2.7390
                  2.7356       2.7140       2.7306       2.7373       2.7376
   5      0       2.7900       2.7966       2.7656       2.7793       2.7952
                  2.7902       2.7707       2.7844       2.7919       2.7963
   5     60       2.7709       2.7775       2.7464       2.7601       2.7760
                  2.7711       2.7515       2.7653       2.7728       2.7772
   5     80       2.6465       2.6533       2.6214       2.6357       2.6518
                  2.6467       2.6269       2.6414       2.6486       2.6530
   5    100       2.3458       2.3533       2.3192       2.3356       2.3517
                  2.3454       2.3262       2.3420       2.3485       2.3533
 
 
 cumulative average & 95% error for solvation free energy
              total             1st component         2nd component         3rd component
  1     2.8045                0.2013               -0.1222                2.7254
  2     2.8200     0.0310     0.2180     0.0333    -0.1263     0.0081     2.7283     0.0058
  3     2.8070     0.0316     0.2079     0.0279    -0.1192     0.0148     2.7183     0.0202
  4     2.8088     0.0226     0.2050     0.0205    -0.1140     0.0148     2.7178     0.0143
  5     2.8081     0.0176     0.1998     0.0190    -0.1120     0.0122     2.7202     0.0121
  6     2.8050     0.0156     0.2010     0.0157    -0.1173     0.0145     2.7212     0.0101
  7     2.8086     0.0151     0.1994     0.0136    -0.1096     0.0197     2.7187     0.0099
  8     2.8130     0.0158     0.2018     0.0127    -0.1077     0.0174     2.7189     0.0086
  9     2.8126     0.0140     0.2006     0.0115    -0.1078     0.0154     2.7199     0.0078
 10     2.8133     0.0125     0.1989     0.0108    -0.1066     0.0140     2.7209     0.0073
