 ERmod 0.3.7, Copyright (C) 2000-2019 Nobuyuki Matubayasi
                            2010-2019 Shun Sakuraba
 ERmod comes with ABSOLUTELY NO WARRANTY.
 This is free software, and you can redistribute it
 and/or modify it under certain conditions.
 See LICENSE file for details.
 ERmod 0.3.7, Copyright (C) 2000-2019 Nobuyuki Matubayasi
                            2010-2019 Shun Sakuraba
 ERmod comes with ABSOLUTELY NO WARRANTY.
 This is free software, and you can redistribute it
 and/or modify it under certain conditions.
 See LICENSE file for details.
 
  Number of the   1-th solvent  =           90
  Number of the   2-th solvent  =           90
  Number of the   3-th solvent  =        10000
 
  Be sure that the solvent distribution is homogeneous (radial distribution function is essentially unity) when the solvent molecule is separated beyond distance of   10.0 Angstrom in any direction from any atom within the solute molecule
 
  LJ long-range correction    =        -0.0010     -0.0070     -0.1331
 
  Self-energy of the solute   =         0.0000  kcal/mol
 
 
 cumulative average & 95% error for solvation energy
              total             1st component         2nd component         3rd component
  1    -4.0353                0.0126               -0.1796               -3.8683
  2    -4.0259     0.0187     0.0086     0.0081    -0.1549     0.0494    -3.8796     0.0226
  3    -4.0259     0.0108     0.0109     0.0066    -0.1470     0.0326    -3.8898     0.0242
  4    -4.0294     0.0102     0.0083     0.0070    -0.1528     0.0258    -3.8848     0.0198
  5    -4.0374     0.0179     0.0091     0.0056    -0.1718     0.0429    -3.8746     0.0255
  6    -4.0303     0.0203     0.0088     0.0046    -0.1588     0.0436    -3.8804     0.0238
  7    -4.0271     0.0183     0.0092     0.0040    -0.1539     0.0382    -3.8825     0.0205
  8    -4.0236     0.0174     0.0101     0.0038    -0.1489     0.0345    -3.8847     0.0184
  9    -4.0241     0.0154     0.0097     0.0035    -0.1464     0.0309    -3.8873     0.0170
 10    -4.0257     0.0141     0.0098     0.0031    -0.1493     0.0282    -3.8862     0.0154
 
 
 group  inft  solvation free energy     error          difference
  total solvation free energy
   1      0          2.56311           0.00995           0.00505
   1     60          2.54538           0.01000          -0.01268
   1     80          2.44365           0.01031          -0.11441
   1    100          2.14814           0.01118          -0.40992
   2      0          2.56420           0.00949           0.00615
   3      0          2.55806           0.00938           0.00000
   4      0          2.62077           0.00955           0.06272
   5      0          2.57664           0.00904           0.01859
   5     60          2.55339           0.00909          -0.00466
   5     80          2.42991           0.00938          -0.12814
   5    100          2.15544           0.01000          -0.40261
 
  contribution from  1-th solvent component
   1      0          0.05460           0.00408           0.00229
   1     60          0.05463           0.00412           0.00232
   1     80          0.05471           0.00438           0.00240
   1    100          0.05415           0.00521           0.00185
   2      0          0.05320           0.00358           0.00090
   3      0          0.05231           0.00338           0.00000
   4      0          0.05176           0.00327          -0.00054
   5      0          0.05162           0.00324          -0.00069
   5     60          0.05164           0.00329          -0.00066
   5     80          0.05150           0.00359          -0.00081
   5    100          0.05052           0.00429          -0.00179
 
  contribution from  2-th solvent component
   1      0         -0.02090           0.01401           0.00293
   1     60         -0.02106           0.01405           0.00277
   1     80         -0.02195           0.01425           0.00187
   1    100         -0.02423           0.01478          -0.00040
   2      0         -0.02301           0.01370           0.00082
   3      0         -0.02383           0.01367           0.00000
   4      0         -0.02475           0.01368          -0.00092
   5      0         -0.02537           0.01357          -0.00154
   5     60         -0.02560           0.01361          -0.00177
   5     80         -0.02682           0.01380          -0.00299
   5    100         -0.02921           0.01419          -0.00538
 
  contribution from  3-th solvent component
   1      0          2.52941           0.00608          -0.00016
   1     60          2.51180           0.00610          -0.01777
   1     80          2.41089           0.00615          -0.11869
   1    100          2.11821           0.00634          -0.41137
   2      0          2.53401           0.00633           0.00443
   3      0          2.52957           0.00619           0.00000
   4      0          2.59375           0.00597           0.06418
   5      0          2.55039           0.00603           0.02081
   5     60          2.52735           0.00605          -0.00223
   5     80          2.40523           0.00613          -0.12434
   5    100          2.13413           0.00632          -0.39544
 
 
 group  inft   Estimated free energy: total (kcal/mol)
   1      0       2.5544       2.5643       2.5716       2.5531       2.5340
                  2.5882       2.5682       2.5821       2.5524       2.5627
   1     60       2.5367       2.5466       2.5540       2.5353       2.5161
                  2.5706       2.5504       2.5645       2.5346       2.5450
   1     80       2.4348       2.4444       2.4531       2.4331       2.4138
                  2.4694       2.4486       2.4638       2.4323       2.4432
   1    100       2.1392       2.1474       2.1600       2.1363       2.1166
                  2.1753       2.1530       2.1712       2.1351       2.1473
   2      0       2.5568       2.5655       2.5699       2.5547       2.5349
                  2.5882       2.5703       2.5811       2.5548       2.5658
   3      0       2.5520       2.5586       2.5633       2.5486       2.5288
                  2.5817       2.5635       2.5755       2.5496       2.5591
   4      0       2.6131       2.6233       2.6253       2.6114       2.5913
                  2.6458       2.6264       2.6377       2.6125       2.6209
   5      0       2.5691       2.5782       2.5827       2.5669       2.5498
                  2.6012       2.5814       2.5922       2.5687       2.5763
   5     60       2.5459       2.5549       2.5596       2.5436       2.5264
                  2.5780       2.5581       2.5691       2.5453       2.5530
   5     80       2.4224       2.4309       2.4370       2.4195       2.4024
                  2.4551       2.4345       2.4466       2.4212       2.4296
   5    100       2.1483       2.1551       2.1645       2.1440       2.1268
                  2.1816       2.1599       2.1742       2.1451       2.1550
 
 group  inft   Estimated free energy: 1-th solvent contribution (kcal/mol)
   1      0       0.0581       0.0485       0.0647       0.0454       0.0595
                  0.0491       0.0538       0.0624       0.0497       0.0547
   1     60       0.0582       0.0485       0.0648       0.0454       0.0596
                  0.0491       0.0539       0.0625       0.0497       0.0547
   1     80       0.0585       0.0482       0.0655       0.0449       0.0599
                  0.0489       0.0539       0.0633       0.0494       0.0546
   1    100       0.0585       0.0463       0.0669       0.0429       0.0601
                  0.0473       0.0532       0.0649       0.0477       0.0536
   2      0       0.0565       0.0479       0.0619       0.0449       0.0575
                  0.0484       0.0526       0.0599       0.0491       0.0535
   3      0       0.0559       0.0472       0.0600       0.0442       0.0568
                  0.0477       0.0517       0.0584       0.0486       0.0527
   4      0       0.0546       0.0474       0.0589       0.0435       0.0565
                  0.0473       0.0515       0.0579       0.0480       0.0519
   5      0       0.0539       0.0470       0.0592       0.0439       0.0562
                  0.0472       0.0512       0.0577       0.0477       0.0521
   5     60       0.0540       0.0470       0.0594       0.0439       0.0563
                  0.0472       0.0512       0.0578       0.0476       0.0521
   5     80       0.0540       0.0463       0.0600       0.0432       0.0564
                  0.0467       0.0510       0.0585       0.0471       0.0518
   5    100       0.0534       0.0443       0.0608       0.0411       0.0560
                  0.0448       0.0498       0.0595       0.0452       0.0504
 
 group  inft   Estimated free energy: 2-th solvent contribution (kcal/mol)
   1      0      -0.0381      -0.0147      -0.0145      -0.0313      -0.0635
                  0.0162      -0.0098      -0.0046      -0.0115      -0.0372
   1     60      -0.0383      -0.0149      -0.0147      -0.0315      -0.0638
                  0.0162      -0.0099      -0.0047      -0.0116      -0.0374
   1     80      -0.0394      -0.0158      -0.0156      -0.0326      -0.0650
                  0.0161      -0.0108      -0.0055      -0.0122      -0.0386
   1    100      -0.0424      -0.0183      -0.0179      -0.0354      -0.0684
                  0.0159      -0.0129      -0.0075      -0.0138      -0.0417
   2      0      -0.0397      -0.0163      -0.0167      -0.0334      -0.0653
                  0.0122      -0.0118      -0.0075      -0.0128      -0.0386
   3      0      -0.0398      -0.0171      -0.0175      -0.0350      -0.0661
                  0.0113      -0.0123      -0.0083      -0.0139      -0.0395
   4      0      -0.0411      -0.0180      -0.0182      -0.0362      -0.0669
                  0.0107      -0.0138      -0.0090      -0.0152      -0.0398
   5      0      -0.0430      -0.0184      -0.0187      -0.0362      -0.0667
                  0.0095      -0.0143      -0.0099      -0.0153      -0.0406
   5     60      -0.0433      -0.0186      -0.0190      -0.0365      -0.0670
                  0.0094      -0.0145      -0.0101      -0.0155      -0.0409
   5     80      -0.0448      -0.0199      -0.0202      -0.0379      -0.0686
                  0.0090      -0.0157      -0.0113      -0.0165      -0.0424
   5    100      -0.0477      -0.0225      -0.0226      -0.0406      -0.0717
                  0.0083      -0.0179      -0.0135      -0.0183      -0.0454
 
 group  inft   Estimated free energy: 3-th solvent contribution (kcal/mol)
   1      0       2.5343       2.5305       2.5215       2.5390       2.5380
                  2.5230       2.5241       2.5243       2.5142       2.5452
   1     60       2.5168       2.5129       2.5039       2.5214       2.5203
                  2.5053       2.5065       2.5067       2.4965       2.5277
   1     80       2.4157       2.4120       2.4032       2.4208       2.4189
                  2.4044       2.4055       2.4060       2.3952       2.4271
   1    100       2.1231       2.1193       2.1110       2.1288       2.1248
                  2.1120       2.1127       2.1137       2.1012       2.1354
   2      0       2.5400       2.5339       2.5247       2.5433       2.5428
                  2.5276       2.5295       2.5287       2.5186       2.5510
   3      0       2.5359       2.5284       2.5209       2.5395       2.5381
                  2.5226       2.5241       2.5255       2.5149       2.5459
   4      0       2.5996       2.5939       2.5845       2.6041       2.6017
                  2.5877       2.5887       2.5888       2.5797       2.6089
   5      0       2.5582       2.5496       2.5422       2.5592       2.5603
                  2.5445       2.5445       2.5444       2.5363       2.5648
   5     60       2.5352       2.5265       2.5191       2.5362       2.5372
                  2.5214       2.5214       2.5214       2.5132       2.5418
   5     80       2.4132       2.4044       2.3972       2.4142       2.4147
                  2.3994       2.3992       2.3993       2.3906       2.4202
   5    100       2.1426       2.1333       2.1264       2.1435       2.1425
                  2.1285       2.1280       2.1283       2.1183       2.1500
 
 
 cumulative average & 95% error for solvation free energy
              total             1st component         2nd component         3rd component
  1     2.5520                0.0559               -0.0398                2.5359
  2     2.5553     0.0066     0.0515     0.0087    -0.0284     0.0227     2.5322     0.0074
  3     2.5580     0.0066     0.0543     0.0075    -0.0248     0.0150     2.5284     0.0086
  4     2.5556     0.0066     0.0518     0.0074    -0.0274     0.0118     2.5312     0.0082
  5     2.5503     0.0119     0.0528     0.0060    -0.0351     0.0180     2.5326     0.0070
  6     2.5555     0.0143     0.0520     0.0052    -0.0274     0.0213     2.5309     0.0066
  7     2.5566     0.0123     0.0519     0.0044    -0.0252     0.0185     2.5299     0.0059
  8     2.5590     0.0116     0.0527     0.0042    -0.0231     0.0166     2.5294     0.0052
  9     2.5579     0.0105     0.0523     0.0038    -0.0221     0.0148     2.5278     0.0056
 10     2.5581     0.0094     0.0523     0.0034    -0.0238     0.0137     2.5296     0.0062
