 ERmod 0.3.7, Copyright (C) 2000-2019 Nobuyuki Matubayasi
                            2010-2019 Shun Sakuraba
 ERmod comes with ABSOLUTELY NO WARRANTY.
 This is free software, and you can redistribute it
 and/or modify it under certain conditions.
 See LICENSE file for details.
 ERmod 0.3.7, Copyright (C) 2000-2019 Nobuyuki Matubayasi
                            2010-2019 Shun Sakuraba
 ERmod comes with ABSOLUTELY NO WARRANTY.
 This is free software, and you can redistribute it
 and/or modify it under certain conditions.
 See LICENSE file for details.
 
  Number of the   1-th solvent  =          180
  Number of the   2-th solvent  =          180
  Number of the   3-th solvent  =        10000
 
  Be sure that the solvent distribution is homogeneous (radial distribution function is essentially unity) when the solvent molecule is separated beyond distance of   10.0 Angstrom in any direction from any atom within the solute molecule
 
  LJ long-range correction    =        -0.0084     -0.0223     -0.4477
 
  Self-energy of the solute   =         0.0000  kcal/mol
 
 
 cumulative average & 95% error for solvation energy
              total             1st component         2nd component         3rd component
  1   -11.5264                0.2531               -0.5185              -11.2611
  2   -11.5324     0.0119     0.2364     0.0335    -0.5512     0.0655   -11.2175     0.0870
  3   -11.5367     0.0111     0.2380     0.0196    -0.5340     0.0512   -11.2407     0.0683
  4   -11.5381     0.0084     0.2409     0.0151    -0.5448     0.0421   -11.2344     0.0500
  5   -11.5532     0.0308     0.2325     0.0205    -0.5600     0.0447   -11.2257     0.0424
  6   -11.5630     0.0319     0.2308     0.0171    -0.5705     0.0421   -11.2234     0.0349
  7   -11.5626     0.0270     0.2323     0.0147    -0.5625     0.0390   -11.2325     0.0347
  8   -11.5710     0.0287     0.2283     0.0152    -0.5687     0.0359   -11.2306     0.0303
  9   -11.5635     0.0294     0.2302     0.0139    -0.5639     0.0331   -11.2298     0.0267
 10   -11.5688     0.0284     0.2306     0.0125    -0.5712     0.0330   -11.2282     0.0241
 
 
 group  inft  solvation free energy     error          difference
  total solvation free energy
   1      0          3.36871           0.02291           0.01028
   1     60          3.35623           0.02297          -0.00220
   1     80          3.24378           0.02353          -0.11465
   1    100          2.78932           0.02598          -0.56910
   2      0          3.35703           0.02325          -0.00140
   3      0          3.35843           0.02326           0.00000
   4      0          3.33599           0.02291          -0.02244
   5      0          3.38165           0.02251           0.02323
   5     60          3.36444           0.02258           0.00601
   5     80          3.21995           0.02333          -0.13848
   5    100          2.79313           0.02571          -0.56530
 
  contribution from  1-th solvent component
   1      0          0.41113           0.01005           0.00356
   1     60          0.41119           0.01007           0.00362
   1     80          0.41173           0.01040           0.00416
   1    100          0.41158           0.01176           0.00402
   2      0          0.40846           0.00954           0.00089
   3      0          0.40757           0.00957           0.00000
   4      0          0.40628           0.00935          -0.00128
   5      0          0.40582           0.00941          -0.00175
   5     60          0.40588           0.00945          -0.00169
   5     80          0.40616           0.00986          -0.00141
   5    100          0.40516           0.01108          -0.00241
 
  contribution from  2-th solvent component
   1      0         -0.29330           0.02003           0.00266
   1     60         -0.29336           0.02008           0.00259
   1     80         -0.29433           0.02042           0.00162
   1    100         -0.29900           0.02176          -0.00305
   2      0         -0.29530           0.02001           0.00066
   3      0         -0.29596           0.02004           0.00000
   4      0         -0.29704           0.02006          -0.00108
   5      0         -0.29755           0.01980          -0.00160
   5     60         -0.29768           0.01986          -0.00172
   5     80         -0.29911           0.02028          -0.00315
   5    100         -0.30376           0.02154          -0.00780
 
  contribution from  3-th solvent component
   1      0          3.25084           0.01626           0.00406
   1     60          3.23837           0.01628          -0.00841
   1     80          3.12634           0.01645          -0.12044
   1    100          2.67671           0.01734          -0.57007
   2      0          3.24384           0.01570          -0.00294
   3      0          3.24678           0.01547           0.00000
   4      0          3.22671           0.01525          -0.02007
   5      0          3.27336           0.01512           0.02658
   5     60          3.25620           0.01514           0.00942
   5     80          3.11286           0.01537          -0.13391
   5    100          2.69169           0.01622          -0.55509
 
 
 group  inft   Estimated free energy: total (kcal/mol)
   1      0       3.4033       3.4032       3.3846       3.3828       3.3245
                  3.3503       3.3676       3.3201       3.4213       3.3293
   1     60       3.3909       3.3908       3.3723       3.3703       3.3119
                  3.3378       3.3552       3.3075       3.4089       3.3168
   1     80       3.2797       3.2784       3.2613       3.2580       3.1979
                  3.2249       3.2433       3.1934       3.2972       3.2036
   1    100       2.8303       2.8252       2.8119       2.8049       2.7377
                  2.7685       2.7908       2.7324       2.8459       2.7456
   2      0       3.3919       3.3938       3.3777       3.3711       3.3119
                  3.3339       3.3577       3.3084       3.4065       3.3173
   3      0       3.3933       3.3945       3.3795       3.3736       3.3137
                  3.3326       3.3624       3.3108       3.4067       3.3172
   4      0       3.3701       3.3716       3.3567       3.3502       3.2906
                  3.3100       3.3392       3.2896       3.3846       3.2973
   5      0       3.4166       3.4163       3.4001       3.3929       3.3381
                  3.3600       3.3840       3.3346       3.4309       3.3430
   5     60       3.3996       3.3991       3.3831       3.3757       3.3207
                  3.3427       3.3669       3.3172       3.4138       3.3257
   5     80       3.2566       3.2549       3.2403       3.2315       3.1742
                  3.1976       3.2231       3.1708       3.2703       3.1801
   5    100       2.8343       2.8296       2.8182       2.8061       2.7417
                  2.7687       2.7984       2.7379       2.8466       2.7499
 
 group  inft   Estimated free energy: 1-th solvent contribution (kcal/mol)
   1      0       0.4330       0.4033       0.4081       0.4286       0.3878
                  0.4108       0.4145       0.3851       0.4235       0.4167
   1     60       0.4331       0.4033       0.4082       0.4287       0.3878
                  0.4108       0.4146       0.3850       0.4236       0.4167
   1     80       0.4346       0.4035       0.4090       0.4297       0.3876
                  0.4115       0.4155       0.3846       0.4242       0.4172
   1    100       0.4382       0.4018       0.4100       0.4312       0.3844
                  0.4119       0.4168       0.3805       0.4241       0.4168
   2      0       0.4295       0.4016       0.4059       0.4246       0.3860
                  0.4077       0.4124       0.3836       0.4196       0.4137
   3      0       0.4292       0.4000       0.4052       0.4237       0.3853
                  0.4068       0.4119       0.3828       0.4183       0.4126
   4      0       0.4270       0.3988       0.4035       0.4224       0.3847
                  0.4052       0.4100       0.3821       0.4173       0.4116
   5      0       0.4262       0.3986       0.4025       0.4220       0.3840
                  0.4059       0.4095       0.3812       0.4171       0.4111
   5     60       0.4264       0.3986       0.4026       0.4221       0.3839
                  0.4060       0.4096       0.3812       0.4172       0.4112
   5     80       0.4277       0.3984       0.4032       0.4229       0.3833
                  0.4064       0.4104       0.3802       0.4176       0.4114
   5    100       0.4299       0.3962       0.4032       0.4235       0.3794
                  0.4060       0.4108       0.3756       0.4169       0.4101
 
 group  inft   Estimated free energy: 2-th solvent contribution (kcal/mol)
   1      0      -0.2607      -0.3031      -0.2449      -0.3061      -0.3195
                 -0.3219      -0.2595      -0.3141      -0.2688      -0.3343
   1     60      -0.2607      -0.3032      -0.2449      -0.3062      -0.3196
                 -0.3221      -0.2595      -0.3142      -0.2688      -0.3345
   1     80      -0.2611      -0.3045      -0.2447      -0.3075      -0.3210
                 -0.3235      -0.2599      -0.3155      -0.2695      -0.3359
   1    100      -0.2639      -0.3103      -0.2450      -0.3135      -0.3273
                 -0.3302      -0.2627      -0.3216      -0.2731      -0.3425
   2      0      -0.2626      -0.3048      -0.2472      -0.3081      -0.3211
                 -0.3236      -0.2615      -0.3161      -0.2709      -0.3370
   3      0      -0.2631      -0.3056      -0.2484      -0.3085      -0.3222
                 -0.3243      -0.2615      -0.3167      -0.2715      -0.3377
   4      0      -0.2637      -0.3060      -0.2494      -0.3103      -0.3235
                 -0.3252      -0.2628      -0.3183      -0.2729      -0.3383
   5      0      -0.2648      -0.3072      -0.2508      -0.3097      -0.3238
                 -0.3247      -0.2637      -0.3185      -0.2732      -0.3391
   5     60      -0.2649      -0.3073      -0.2508      -0.3099      -0.3240
                 -0.3249      -0.2637      -0.3187      -0.2733      -0.3393
   5     80      -0.2656      -0.3091      -0.2508      -0.3118      -0.3259
                 -0.3269      -0.2645      -0.3206      -0.2744      -0.3413
   5    100      -0.2685      -0.3148      -0.2514      -0.3177      -0.3322
                 -0.3334      -0.2673      -0.3266      -0.2779      -0.3479
 
 group  inft   Estimated free energy: 3-th solvent contribution (kcal/mol)
   1      0       3.2309       3.3031       3.2214       3.2602       3.2562
                  3.2614       3.2126       3.2490       3.2666       3.2470
   1     60       3.2184       3.2907       3.2089       3.2478       3.2437
                  3.2489       3.2001       3.2366       3.2541       3.2345
   1     80       3.1062       3.1794       3.0969       3.1359       3.1313
                  3.1370       3.0877       3.1243       3.1425       3.1223
   1    100       2.6559       2.7337       2.6469       2.6872       2.6806
                  2.6867       2.6366       2.6734       2.6948       2.6712
   2      0       3.2249       3.2970       3.2190       3.2547       3.2469
                  3.2497       3.2068       3.2408       3.2579       3.2405
   3      0       3.2272       3.3001       3.2226       3.2584       3.2505
                  3.2501       3.2119       3.2448       3.2599       3.2422
   4      0       3.2067       3.2787       3.2026       3.2381       3.2294
                  3.2299       3.1919       3.2257       3.2402       3.2240
   5      0       3.2552       3.3249       3.2484       3.2806       3.2779
                  3.2787       3.2381       3.2719       3.2869       3.2709
   5     60       3.2380       3.3078       3.2313       3.2635       3.2606
                  3.2615       3.2209       3.2548       3.2698       3.2537
   5     80       3.0944       3.1655       3.0879       3.1204       3.1168
                  3.1181       3.0773       3.1111       3.1270       3.1101
   5    100       2.6729       2.7481       2.6664       2.7003       2.6945
                  2.6960       2.6548       2.6888       2.7076       2.6876
 
 
 cumulative average & 95% error for solvation free energy
              total             1st component         2nd component         3rd component
  1     3.3933                0.4292               -0.2631                3.2272
  2     3.3939     0.0012     0.4146     0.0292    -0.2844     0.0425     3.2637     0.0729
  3     3.3891     0.0097     0.4114     0.0180    -0.2724     0.0343     3.2500     0.0502
  4     3.3852     0.0103     0.4145     0.0141    -0.2814     0.0303     3.2521     0.0358
  5     3.3709     0.0297     0.4087     0.0160    -0.2896     0.0285     3.2518     0.0277
  6     3.3645     0.0274     0.4084     0.0131    -0.2954     0.0260     3.2515     0.0226
  7     3.3642     0.0232     0.4089     0.0111    -0.2905     0.0240     3.2458     0.0222
  8     3.3575     0.0241     0.4056     0.0116    -0.2938     0.0218     3.2457     0.0192
  9     3.3630     0.0239     0.4070     0.0106    -0.2913     0.0199     3.2473     0.0173
 10     3.3584     0.0233     0.4076     0.0096    -0.2960     0.0200     3.2468     0.0155
