 ERmod 0.3.7, Copyright (C) 2000-2019 Nobuyuki Matubayasi
                            2010-2019 Shun Sakuraba
 ERmod comes with ABSOLUTELY NO WARRANTY.
 This is free software, and you can redistribute it
 and/or modify it under certain conditions.
 See LICENSE file for details.
 ERmod 0.3.7, Copyright (C) 2000-2019 Nobuyuki Matubayasi
                            2010-2019 Shun Sakuraba
 ERmod comes with ABSOLUTELY NO WARRANTY.
 This is free software, and you can redistribute it
 and/or modify it under certain conditions.
 See LICENSE file for details.
 
  Number of the   1-th solvent  =          180
  Number of the   2-th solvent  =          180
  Number of the   3-th solvent  =        10000
 
  Be sure that the solvent distribution is homogeneous (radial distribution function is essentially unity) when the solvent molecule is separated beyond distance of   10.0 Angstrom in any direction from any atom within the solute molecule
 
  LJ long-range correction    =        -0.0018     -0.0080     -0.5771
 
  Self-energy of the solute   =         0.0000  kcal/mol
 
 
 cumulative average & 95% error for solvation energy
              total             1st component         2nd component         3rd component
  1   -13.7794                0.4150               -0.4797              -13.7147
  2   -13.7857     0.0127     0.4155     0.0011    -0.4801     0.0008   -13.7212     0.0129
  3   -13.8050     0.0393     0.4194     0.0079    -0.4859     0.0116   -13.7386     0.0357
  4   -13.8120     0.0311     0.4171     0.0073    -0.4940     0.0182   -13.7351     0.0262
  5   -13.8300     0.0434     0.4127     0.0104    -0.4973     0.0155   -13.7456     0.0292
  6   -13.8158     0.0455     0.4126     0.0085    -0.4947     0.0137   -13.7337     0.0335
  7   -13.8222     0.0405     0.4128     0.0072    -0.4952     0.0116   -13.7398     0.0308
  8   -13.8119     0.0407     0.4132     0.0063    -0.4917     0.0123   -13.7334     0.0296
  9   -13.8202     0.0395     0.4141     0.0058    -0.4935     0.0114   -13.7408     0.0300
 10   -13.8193     0.0354     0.4144     0.0052    -0.4945     0.0104   -13.7393     0.0270
 
 
 group  inft  solvation free energy     error          difference
  total solvation free energy
   1      0          3.99697           0.02870           0.02197
   1     60          3.98521           0.02875           0.01021
   1     80          3.86843           0.02939          -0.10657
   1    100          3.35117           0.03250          -0.62384
   2      0          3.97744           0.02828           0.00244
   3      0          3.97501           0.02824           0.00000
   4      0          3.94488           0.02746          -0.03013
   5      0          4.00761           0.02816           0.03260
   5     60          3.99119           0.02824           0.01618
   5     80          3.83832           0.02909          -0.13669
   5    100          3.34926           0.03208          -0.62574
 
  contribution from  1-th solvent component
   1      0          0.37405           0.01547           0.00394
   1     60          0.37459           0.01548           0.00447
   1     80          0.37952           0.01558           0.00941
   1    100          0.39496           0.01602           0.02485
   2      0          0.37067           0.01473           0.00056
   3      0          0.37011           0.01467           0.00000
   4      0          0.36839           0.01449          -0.00172
   5      0          0.36849           0.01463          -0.00163
   5     60          0.36923           0.01464          -0.00088
   5     80          0.37543           0.01477           0.00532
   5    100          0.38950           0.01519           0.01939
 
  contribution from  2-th solvent component
   1      0         -0.38745           0.02052           0.00336
   1     60         -0.38706           0.02054           0.00374
   1     80         -0.38497           0.02089           0.00583
   1    100         -0.38012           0.02275           0.01068
   2      0         -0.38963           0.01969           0.00118
   3      0         -0.39080           0.01907           0.00000
   4      0         -0.39231           0.01886          -0.00151
   5      0         -0.39020           0.01959           0.00060
   5     60         -0.38973           0.01962           0.00107
   5     80         -0.38738           0.02008           0.00342
   5    100         -0.38356           0.02185           0.00725
 
  contribution from  3-th solvent component
   1      0          4.01033           0.02254           0.01467
   1     60          3.99765           0.02256           0.00199
   1     80          3.87384           0.02289          -0.12181
   1    100          3.33628           0.02442          -0.65937
   2      0          3.99635           0.02296           0.00070
   3      0          3.99566           0.02353           0.00000
   4      0          3.96875           0.02284          -0.02690
   5      0          4.02929           0.02228           0.03363
   5     60          4.01165           0.02231           0.01599
   5     80          3.85023           0.02275          -0.14543
   5    100          3.34328           0.02424          -0.65238
 
 
 group  inft   Estimated free energy: total (kcal/mol)
   1      0       4.0378       3.9968       3.9522       3.9770       3.9434
                  4.0362       3.9702       4.0884       3.9660       4.0018
   1     60       4.0260       3.9851       3.9404       3.9651       3.9315
                  4.0245       3.9584       4.0769       3.9542       3.9901
   1     80       3.9100       3.8686       3.8229       3.8472       3.8134
                  3.9085       3.8415       3.9623       3.8367       3.8731
   1    100       3.3976       3.3520       3.3024       3.3248       3.2905
                  3.3955       3.3243       3.4550       3.3139       3.3556
   2      0       4.0135       3.9762       3.9380       3.9640       3.9257
                  4.0245       3.9435       4.0647       3.9417       3.9827
   3      0       4.0105       3.9743       3.9401       3.9638       3.9213
                  4.0257       3.9374       4.0589       3.9376       3.9805
   4      0       3.9772       3.9446       3.9117       3.9355       3.8943
                  3.9952       3.9042       4.0267       3.9093       3.9502
   5      0       4.0472       4.0096       3.9660       3.9885       3.9522
                  4.0551       3.9796       4.0914       3.9754       4.0113
   5     60       4.0308       3.9932       3.9495       3.9720       3.9356
                  4.0387       3.9631       4.0753       3.9589       3.9948
   5     80       3.8789       3.8406       3.7959       3.8178       3.7810
                  3.8870       3.8099       3.9253       3.8049       3.8418
   5    100       3.3942       3.3519       3.3044       3.3243       3.2863
                  3.4026       3.3200       3.4458       3.3105       3.3526
 
 group  inft   Estimated free energy: 1-th solvent contribution (kcal/mol)
   1      0       0.3582       0.3735       0.4008       0.3714       0.3449
                  0.3640       0.3746       0.3461       0.4253       0.3817
   1     60       0.3587       0.3740       0.4014       0.3719       0.3455
                  0.3645       0.3751       0.3467       0.4258       0.3822
   1     80       0.3635       0.3790       0.4066       0.3767       0.3501
                  0.3694       0.3801       0.3516       0.4312       0.3871
   1    100       0.3785       0.3946       0.4229       0.3914       0.3641
                  0.3847       0.3959       0.3673       0.4482       0.4020
   2      0       0.3546       0.3692       0.3958       0.3692       0.3434
                  0.3618       0.3711       0.3436       0.4193       0.3788
   3      0       0.3541       0.3696       0.3964       0.3686       0.3436
                  0.3612       0.3703       0.3421       0.4177       0.3778
   4      0       0.3526       0.3670       0.3945       0.3672       0.3425
                  0.3600       0.3679       0.3406       0.4155       0.3760
   5      0       0.3536       0.3672       0.3936       0.3665       0.3419
                  0.3599       0.3692       0.3405       0.4169       0.3755
   5     60       0.3543       0.3680       0.3944       0.3672       0.3426
                  0.3606       0.3700       0.3412       0.4177       0.3763
   5     80       0.3603       0.3742       0.4009       0.3732       0.3484
                  0.3668       0.3763       0.3475       0.4244       0.3823
   5    100       0.3739       0.3884       0.4158       0.3866       0.3610
                  0.3809       0.3906       0.3618       0.4400       0.3959
 
 group  inft   Estimated free energy: 2-th solvent contribution (kcal/mol)
   1      0      -0.3547      -0.3932      -0.4145      -0.4124      -0.3782
                 -0.3877      -0.3887      -0.3150      -0.4241      -0.4058
   1     60      -0.3543      -0.3929      -0.4141      -0.4121      -0.3779
                 -0.3873      -0.3884      -0.3145      -0.4237      -0.4054
   1     80      -0.3516      -0.3908      -0.4123      -0.4107      -0.3761
                 -0.3849      -0.3862      -0.3112      -0.4223      -0.4035
   1    100      -0.3432      -0.3863      -0.4089      -0.4098      -0.3723
                 -0.3788      -0.3806      -0.3002      -0.4215      -0.3996
   2      0      -0.3581      -0.3959      -0.4155      -0.4132      -0.3807
                 -0.3884      -0.3911      -0.3206      -0.4259      -0.4070
   3      0      -0.3596      -0.3974      -0.4160      -0.4132      -0.3822
                 -0.3882      -0.3925      -0.3247      -0.4268      -0.4073
   4      0      -0.3625      -0.3988      -0.4165      -0.4148      -0.3832
                 -0.3892      -0.3952      -0.3264      -0.4282      -0.4081
   5      0      -0.3601      -0.3948      -0.4166      -0.4150      -0.3830
                 -0.3869      -0.3917      -0.3212      -0.4261      -0.4067
   5     60      -0.3595      -0.3943      -0.4161      -0.4147      -0.3826
                 -0.3864      -0.3912      -0.3206      -0.4257      -0.4062
   5     80      -0.3565      -0.3919      -0.4141      -0.4132      -0.3806
                 -0.3837      -0.3888      -0.3166      -0.4243      -0.4041
   5    100      -0.3495      -0.3886      -0.4116      -0.4131      -0.3780
                 -0.3783      -0.3846      -0.3068      -0.4241      -0.4010
 
 group  inft   Estimated free energy: 3-th solvent contribution (kcal/mol)
   1      0       4.0342       4.0165       3.9658       4.0180       3.9767
                  4.0598       3.9843       4.0573       3.9648       4.0259
   1     60       4.0215       4.0039       3.9531       4.0053       3.9639
                  4.0472       3.9716       4.0447       3.9521       4.0132
   1     80       3.8980       3.8803       3.8287       3.8812       3.8393
                  3.9240       3.8476       3.9219       3.8279       3.8896
   1    100       3.3622       3.3437       3.2883       3.3432       3.2986
                  3.3895       3.3091       3.3878       3.2872       3.3532
   2      0       4.0169       4.0029       3.9576       4.0080       3.9630
                  4.0510       3.9634       4.0416       3.9483       4.0109
   3      0       4.0161       4.0021       3.9597       4.0085       3.9598
                  4.0527       3.9596       4.0415       3.9467       4.0100
   4      0       3.9870       3.9763       3.9336       3.9831       3.9350
                  4.0244       3.9315       4.0125       3.9220       3.9822
   5      0       4.0536       4.0371       3.9889       4.0370       3.9933
                  4.0820       4.0020       4.0721       3.9846       4.0424
   5     60       4.0360       4.0195       3.9712       4.0193       3.9755
                  4.0644       3.9843       4.0546       3.9669       4.0247
   5     80       3.8750       3.8583       3.8091       3.8578       3.8131
                  3.9038       3.8224       3.8944       3.8048       3.8635
   5    100       3.3697       3.3520       3.3001       3.3509       3.3032
                  3.4000       3.3140       3.3907       3.2945       3.3577
 
 
 cumulative average & 95% error for solvation free energy
              total             1st component         2nd component         3rd component
  1     4.0105                0.3541               -0.3596                4.0161
  2     3.9924     0.0363     0.3618     0.0155    -0.3785     0.0378     4.0091     0.0140
  3     3.9750     0.0407     0.3733     0.0247    -0.3910     0.0332     3.9926     0.0339
  4     3.9722     0.0293     0.3721     0.0176    -0.3966     0.0259     3.9966     0.0253
  5     3.9620     0.0305     0.3664     0.0178    -0.3937     0.0209     3.9892     0.0245
  6     3.9726     0.0327     0.3656     0.0146    -0.3928     0.0172     3.9998     0.0291
  7     3.9676     0.0294     0.3662     0.0125    -0.3927     0.0145     3.9941     0.0272
  8     3.9790     0.0342     0.3632     0.0124    -0.3842     0.0212     4.0000     0.0263
  9     3.9744     0.0315     0.3693     0.0163    -0.3890     0.0209     3.9941     0.0261
 10     3.9750     0.0282     0.3701     0.0147    -0.3908     0.0191     3.9957     0.0235
