 ERmod 0.3.7, Copyright (C) 2000-2019 Nobuyuki Matubayasi
                            2010-2019 Shun Sakuraba
 ERmod comes with ABSOLUTELY NO WARRANTY.
 This is free software, and you can redistribute it
 and/or modify it under certain conditions.
 See LICENSE file for details.
 ERmod 0.3.7, Copyright (C) 2000-2019 Nobuyuki Matubayasi
                            2010-2019 Shun Sakuraba
 ERmod comes with ABSOLUTELY NO WARRANTY.
 This is free software, and you can redistribute it
 and/or modify it under certain conditions.
 See LICENSE file for details.
 
  Number of the   1-th solvent  =          180
  Number of the   2-th solvent  =          180
  Number of the   3-th solvent  =        10000
 
  Be sure that the solvent distribution is homogeneous (radial distribution function is essentially unity) when the solvent molecule is separated beyond distance of   10.0 Angstrom in any direction from any atom within the solute molecule
 
  LJ long-range correction    =        -0.0008     -0.0121     -0.2418
 
  Self-energy of the solute   =         0.0000  kcal/mol
 
 
 cumulative average & 95% error for solvation energy
              total             1st component         2nd component         3rd component
  1    -6.8060                0.1303               -0.2847               -6.6516
  2    -6.8275     0.0431     0.1297     0.0012    -0.3145     0.0596    -6.6428     0.0176
  3    -6.8159     0.0341     0.1305     0.0016    -0.2972     0.0487    -6.6491     0.0162
  4    -6.8440     0.0612     0.1284     0.0042    -0.3238     0.0633    -6.6487     0.0115
  5    -6.8486     0.0483     0.1276     0.0037    -0.3320     0.0517    -6.6441     0.0127
  6    -6.8452     0.0400     0.1280     0.0031    -0.3243     0.0450    -6.6489     0.0141
  7    -6.8457     0.0338     0.1277     0.0027    -0.3231     0.0381    -6.6503     0.0122
  8    -6.8421     0.0301     0.1277     0.0023    -0.3219     0.0331    -6.6480     0.0115
  9    -6.8381     0.0278     0.1276     0.0021    -0.3186     0.0299    -6.6472     0.0103
 10    -6.8407     0.0253     0.1268     0.0025    -0.3233     0.0284    -6.6442     0.0110
 
 
 group  inft  solvation free energy     error          difference
  total solvation free energy
   1      0          2.79788           0.02070          -0.00350
   1     60          2.78337           0.02076          -0.01801
   1     80          2.68085           0.02130          -0.12053
   1    100          2.35269           0.02300          -0.44869
   2      0          2.79380           0.02007          -0.00758
   3      0          2.80138           0.01987          -0.00000
   4      0          2.80886           0.01986           0.00748
   5      0          2.86545           0.01979           0.06407
   5     60          2.84593           0.01986           0.04455
   5     80          2.71981           0.02051          -0.08157
   5    100          2.41511           0.02203          -0.38627
 
  contribution from  1-th solvent component
   1      0          0.12745           0.00504           0.00380
   1     60          0.12795           0.00505           0.00430
   1     80          0.13140           0.00518           0.00775
   1    100          0.13961           0.00564           0.01595
   2      0          0.12447           0.00467           0.00081
   3      0          0.12365           0.00446           0.00000
   4      0          0.12225           0.00451          -0.00140
   5      0          0.12362           0.00455          -0.00003
   5     60          0.12428           0.00456           0.00063
   5     80          0.12807           0.00472           0.00442
   5    100          0.13498           0.00518           0.01133
 
  contribution from  2-th solvent component
   1      0         -0.11443           0.01611           0.00293
   1     60         -0.11458           0.01615           0.00278
   1     80         -0.11598           0.01635           0.00138
   1    100         -0.12082           0.01695          -0.00346
   2      0         -0.11638           0.01613           0.00098
   3      0         -0.11736           0.01596           0.00000
   4      0         -0.11821           0.01583          -0.00085
   5      0         -0.11894           0.01593          -0.00158
   5     60         -0.11918           0.01597          -0.00182
   5     80         -0.12103           0.01621          -0.00367
   5    100         -0.12575           0.01671          -0.00839
 
  contribution from  3-th solvent component
   1      0          2.78484           0.00859          -0.01023
   1     60          2.76998           0.00862          -0.02509
   1     80          2.66541           0.00884          -0.12966
   1    100          2.33389           0.00963          -0.46119
   2      0          2.78570           0.00841          -0.00937
   3      0          2.79508           0.00862           0.00000
   4      0          2.80481           0.00833           0.00973
   5      0          2.86077           0.00828           0.06569
   5     60          2.84082           0.00831           0.04574
   5     80          2.71275           0.00855          -0.08232
   5    100          2.40586           0.00919          -0.38921
 
 
 group  inft   Estimated free energy: total (kcal/mol)
   1      0       2.8121       2.7859       2.8623       2.7345       2.7883
                  2.8000       2.7841       2.8100       2.8191       2.7825
   1     60       2.7976       2.7713       2.8481       2.7198       2.7738
                  2.7857       2.7696       2.7955       2.8045       2.7679
   1     80       2.6953       2.6683       2.7476       2.6160       2.6708
                  2.6835       2.6665       2.6933       2.7023       2.6648
   1    100       2.3683       2.3383       2.4255       2.2834       2.3418
                  2.3553       2.3366       2.3657       2.3758       2.3363
   2      0       2.8080       2.7818       2.8556       2.7327       2.7858
                  2.7965       2.7768       2.8069       2.8145       2.7794
   3      0       2.8130       2.7893       2.8634       2.7414       2.7942
                  2.8031       2.7843       2.8146       2.8228       2.7877
   4      0       2.8216       2.7934       2.8710       2.7501       2.8006
                  2.8113       2.7929       2.8236       2.8294       2.7946
   5      0       2.8786       2.8502       2.9280       2.8066       2.8589
                  2.8682       2.8499       2.8771       2.8856       2.8515
   5     60       2.8590       2.8305       2.9088       2.7869       2.8394
                  2.8489       2.8303       2.8576       2.8661       2.8319
   5     80       2.7333       2.7038       2.7850       2.6591       2.7128
                  2.7231       2.7036       2.7317       2.7403       2.7053
   5    100       2.4299       2.3978       2.4856       2.3503       2.4073
                  2.4182       2.3973       2.4274       2.4370       2.4005
 
 group  inft   Estimated free energy: 1-th solvent contribution (kcal/mol)
   1      0       0.1319       0.1374       0.1430       0.1240       0.1288
                  0.1255       0.1197       0.1243       0.1221       0.1178
   1     60       0.1324       0.1379       0.1436       0.1244       0.1292
                  0.1261       0.1202       0.1249       0.1226       0.1182
   1     80       0.1361       0.1415       0.1475       0.1276       0.1325
                  0.1297       0.1235       0.1283       0.1259       0.1214
   1    100       0.1454       0.1500       0.1575       0.1349       0.1403
                  0.1378       0.1306       0.1363       0.1342       0.1292
   2      0       0.1278       0.1339       0.1388       0.1221       0.1268
                  0.1215       0.1164       0.1216       0.1199       0.1159
   3      0       0.1260       0.1322       0.1380       0.1218       0.1259
                  0.1210       0.1167       0.1205       0.1187       0.1157
   4      0       0.1242       0.1304       0.1375       0.1205       0.1241
                  0.1191       0.1162       0.1197       0.1166       0.1143
   5      0       0.1266       0.1323       0.1383       0.1214       0.1254
                  0.1205       0.1166       0.1205       0.1195       0.1151
   5     60       0.1272       0.1330       0.1390       0.1220       0.1260
                  0.1213       0.1173       0.1212       0.1201       0.1157
   5     80       0.1314       0.1369       0.1434       0.1255       0.1295
                  0.1252       0.1209       0.1249       0.1237       0.1192
   5    100       0.1393       0.1441       0.1521       0.1314       0.1360
                  0.1321       0.1268       0.1317       0.1307       0.1256
 
 group  inft   Estimated free energy: 2-th solvent contribution (kcal/mol)
   1      0      -0.0943      -0.1301      -0.0764      -0.1574      -0.1381
                 -0.0910      -0.1117      -0.1115      -0.0974      -0.1364
   1     60      -0.0945      -0.1303      -0.0764      -0.1576      -0.1383
                 -0.0911      -0.1119      -0.1116      -0.0975      -0.1365
   1     80      -0.0957      -0.1320      -0.0771      -0.1594      -0.1399
                 -0.0921      -0.1134      -0.1132      -0.0989      -0.1382
   1    100      -0.1001      -0.1376      -0.0797      -0.1652      -0.1456
                 -0.0957      -0.1185      -0.1184      -0.1035      -0.1439
   2      0      -0.0960      -0.1317      -0.0787      -0.1600      -0.1392
                 -0.0926      -0.1137      -0.1130      -0.0999      -0.1389
   3      0      -0.0970      -0.1322      -0.0801      -0.1606      -0.1402
                 -0.0942      -0.1158      -0.1139      -0.1004      -0.1393
   4      0      -0.0981      -0.1336      -0.0812      -0.1613      -0.1403
                 -0.0955      -0.1158      -0.1145      -0.1018      -0.1400
   5      0      -0.0991      -0.1349      -0.0819      -0.1624      -0.1411
                 -0.0957      -0.1157      -0.1153      -0.1026      -0.1409
   5     60      -0.0993      -0.1352      -0.0820      -0.1627      -0.1414
                 -0.0959      -0.1159      -0.1155      -0.1028      -0.1412
   5     80      -0.1010      -0.1374      -0.0829      -0.1649      -0.1435
                 -0.0973      -0.1179      -0.1175      -0.1046      -0.1433
   5    100      -0.1053      -0.1428      -0.0857      -0.1705      -0.1489
                 -0.1010      -0.1229      -0.1226      -0.1092      -0.1487
 
 group  inft   Estimated free energy: 3-th solvent contribution (kcal/mol)
   1      0       2.7745       2.7786       2.7957       2.7680       2.7976
                  2.7655       2.7762       2.7971       2.7943       2.8011
   1     60       2.7596       2.7637       2.7809       2.7530       2.7828
                  2.7507       2.7613       2.7823       2.7794       2.7862
   1     80       2.6548       2.6587       2.6772       2.6478       2.6782
                  2.6459       2.6564       2.6782       2.6752       2.6817
   1    100       2.3230       2.3259       2.3477       2.3137       2.3471
                  2.3131       2.3245       2.3478       2.3451       2.3510
   2      0       2.7762       2.7796       2.7955       2.7705       2.7983
                  2.7676       2.7741       2.7983       2.7945       2.8025
   3      0       2.7841       2.7892       2.8054       2.7802       2.8085
                  2.7763       2.7834       2.8080       2.8045       2.8113
   4      0       2.7955       2.7966       2.8146       2.7909       2.8168
                  2.7877       2.7924       2.8185       2.8146       2.8204
   5      0       2.8510       2.8527       2.8715       2.8475       2.8747
                  2.8434       2.8489       2.8718       2.8687       2.8773
   5     60       2.8311       2.8327       2.8517       2.8275       2.8547
                  2.8235       2.8289       2.8519       2.8488       2.8574
   5     80       2.7029       2.7043       2.7244       2.6986       2.7267
                  2.6952       2.7006       2.7243       2.7211       2.7295
   5    100       2.3959       2.3965       2.4190       2.3894       2.4201
                  2.3871       2.3933       2.4183       2.4154       2.4235
 
 
 cumulative average & 95% error for solvation free energy
              total             1st component         2nd component         3rd component
  1     2.8130                0.1260               -0.0970                2.7841
  2     2.8012     0.0237     0.1291     0.0063    -0.1146     0.0351     2.7866     0.0051
  3     2.8219     0.0437     0.1321     0.0069    -0.1031     0.0307     2.7929     0.0129
  4     2.8018     0.0507     0.1295     0.0071    -0.1175     0.0360     2.7897     0.0111
  5     2.8003     0.0394     0.1288     0.0057    -0.1220     0.0293     2.7935     0.0114
  6     2.8007     0.0322     0.1275     0.0053    -0.1174     0.0257     2.7906     0.0109
  7     2.7984     0.0276     0.1259     0.0055    -0.1171     0.0217     2.7896     0.0095
  8     2.8004     0.0243     0.1253     0.0049    -0.1167     0.0188     2.7919     0.0094
  9     2.8029     0.0220     0.1245     0.0046    -0.1149     0.0170     2.7933     0.0088
 10     2.8014     0.0199     0.1237     0.0045    -0.1174     0.0160     2.7951     0.0086
