 ERmod 0.3.7, Copyright (C) 2000-2019 Nobuyuki Matubayasi
                            2010-2019 Shun Sakuraba
 ERmod comes with ABSOLUTELY NO WARRANTY.
 This is free software, and you can redistribute it
 and/or modify it under certain conditions.
 See LICENSE file for details.
 ERmod 0.3.7, Copyright (C) 2000-2019 Nobuyuki Matubayasi
                            2010-2019 Shun Sakuraba
 ERmod comes with ABSOLUTELY NO WARRANTY.
 This is free software, and you can redistribute it
 and/or modify it under certain conditions.
 See LICENSE file for details.
 
  Number of the   1-th solvent  =          180
  Number of the   2-th solvent  =          180
  Number of the   3-th solvent  =        10000
 
  Be sure that the solvent distribution is homogeneous (radial distribution function is essentially unity) when the solvent molecule is separated beyond distance of   10.0 Angstrom in any direction from any atom within the solute molecule
 
  LJ long-range correction    =        -0.0044     -0.0245     -0.2322
 
  Self-energy of the solute   =         0.0000  kcal/mol
 
 
 cumulative average & 95% error for solvation energy
              total             1st component         2nd component         3rd component
  1    -6.8634                0.0794               -0.4864               -6.4564
  2    -6.9116     0.0963     0.0612     0.0364    -0.5864     0.2000    -6.3863     0.1401
  3    -6.8990     0.0610     0.0613     0.0210    -0.5369     0.1521    -6.4234     0.1097
  4    -6.8798     0.0578     0.0680     0.0201    -0.4890     0.1440    -6.4588     0.1050
  5    -6.8821     0.0450     0.0667     0.0158    -0.5092     0.1186    -6.4396     0.0899
  6    -6.8820     0.0368     0.0673     0.0129    -0.5048     0.0973    -6.4445     0.0741
  7    -6.8813     0.0311     0.0686     0.0113    -0.5054     0.0822    -6.4445     0.0626
  8    -6.8757     0.0292     0.0723     0.0121    -0.4930     0.0754    -6.4550     0.0581
  9    -6.8794     0.0268     0.0729     0.0108    -0.5023     0.0691    -6.4500     0.0522
 10    -6.8856     0.0270     0.0722     0.0097    -0.5129     0.0653    -6.4449     0.0478
 
 
 group  inft  solvation free energy     error          difference
  total solvation free energy
   1      0          2.56771           0.01865          -0.00446
   1     60          2.54826           0.01876          -0.02392
   1     80          2.42599           0.01943          -0.14619
   1    100          2.06070           0.02122          -0.51147
   2      0          2.56452           0.01860          -0.00765
   3      0          2.57218           0.01880           0.00000
   4      0          2.58047           0.01929           0.00830
   5      0          2.63265           0.02006           0.06047
   5     60          2.60676           0.02019           0.03458
   5     80          2.45793           0.02090          -0.11424
   5    100          2.12017           0.02230          -0.45201
 
  contribution from  1-th solvent component
   1      0          0.19482           0.00645           0.00285
   1     60          0.19490           0.00653           0.00293
   1     80          0.19498           0.00702           0.00301
   1    100          0.19333           0.00844           0.00136
   2      0          0.19256           0.00620           0.00059
   3      0          0.19197           0.00611           0.00000
   4      0          0.19093           0.00607          -0.00104
   5      0          0.19091           0.00600          -0.00106
   5     60          0.19094           0.00610          -0.00103
   5     80          0.19059           0.00667          -0.00138
   5    100          0.18839           0.00790          -0.00358
 
  contribution from  2-th solvent component
   1      0         -0.18657           0.03305           0.00250
   1     60         -0.18688           0.03311           0.00218
   1     80         -0.18887           0.03347           0.00019
   1    100         -0.19443           0.03451          -0.00537
   2      0         -0.18845           0.03299           0.00062
   3      0         -0.18906           0.03306           0.00000
   4      0         -0.19053           0.03293          -0.00147
   5      0         -0.19144           0.03308          -0.00238
   5     60         -0.19188           0.03316          -0.00282
   5     80         -0.19441           0.03358          -0.00535
   5    100         -0.19984           0.03448          -0.01078
 
  contribution from  3-th solvent component
   1      0          2.55945           0.02052          -0.00981
   1     60          2.54023           0.02054          -0.02903
   1     80          2.41986           0.02066          -0.14939
   1    100          2.06180           0.02119          -0.50746
   2      0          2.56040           0.02038          -0.00886
   3      0          2.56926           0.02005           0.00000
   4      0          2.58006           0.01940           0.01080
   5      0          2.63317           0.01893           0.06391
   5     60          2.60769           0.01896           0.03843
   5     80          2.46174           0.01916          -0.10751
   5    100          2.13161           0.01973          -0.43765
 
 
 group  inft   Estimated free energy: total (kcal/mol)
   1      0       2.5796       2.5306       2.5843       2.6128       2.5572
                  2.5712       2.5717       2.6028       2.5451       2.5217
   1     60       2.5602       2.5109       2.5649       2.5937       2.5376
                  2.5518       2.5523       2.5836       2.5255       2.5021
   1     80       2.4382       2.3872       2.4422       2.4732       2.4143
                  2.4295       2.4307       2.4633       2.4027       2.3787
   1    100       2.0735       2.0183       2.0755       2.1125       2.0466
                  2.0637       2.0674       2.1035       2.0361       2.0099
   2      0       2.5764       2.5273       2.5832       2.6092       2.5536
                  2.5691       2.5687       2.5973       2.5428       2.5176
   3      0       2.5826       2.5335       2.5920       2.6176       2.5611
                  2.5759       2.5773       2.6055       2.5504       2.5259
   4      0       2.5926       2.5397       2.6014       2.6273       2.5682
                  2.5849       2.5859       2.6134       2.5562       2.5350
   5      0       2.6431       2.5935       2.6557       2.6824       2.6190
                  2.6353       2.6375       2.6677       2.6081       2.5841
   5     60       2.6173       2.5673       2.6298       2.6568       2.5929
                  2.6094       2.6117       2.6422       2.5821       2.5580
   5     80       2.4687       2.4169       2.4805       2.5098       2.4429
                  2.4606       2.4635       2.4957       2.4327       2.4079
   5    100       2.1314       2.0765       2.1414       2.1755       2.1033
                  2.1224       2.1272       2.1628       2.0941       2.0671
 
 group  inft   Estimated free energy: 1-th solvent contribution (kcal/mol)
   1      0       0.1980       0.1763       0.1858       0.2025       0.1896
                  0.1916       0.1994       0.2126       0.2020       0.1904
   1     60       0.1982       0.1762       0.1859       0.2026       0.1895
                  0.1916       0.1995       0.2129       0.2021       0.1905
   1     80       0.1985       0.1751       0.1856       0.2034       0.1888
                  0.1915       0.2000       0.2148       0.2020       0.1902
   1    100       0.1977       0.1702       0.1827       0.2034       0.1849
                  0.1892       0.1994       0.2185       0.1997       0.1875
   2      0       0.1951       0.1744       0.1846       0.1999       0.1875
                  0.1890       0.1974       0.2093       0.1999       0.1885
   3      0       0.1947       0.1738       0.1848       0.1984       0.1866
                  0.1883       0.1972       0.2085       0.1993       0.1882
   4      0       0.1938       0.1732       0.1837       0.1979       0.1852
                  0.1876       0.1960       0.2075       0.1975       0.1869
   5      0       0.1934       0.1729       0.1840       0.1974       0.1853
                  0.1880       0.1960       0.2072       0.1976       0.1872
   5     60       0.1935       0.1727       0.1840       0.1975       0.1851
                  0.1880       0.1962       0.2076       0.1976       0.1872
   5     80       0.1935       0.1710       0.1833       0.1978       0.1837
                  0.1874       0.1963       0.2095       0.1970       0.1864
   5    100       0.1920       0.1662       0.1801       0.1970       0.1795
                  0.1846       0.1950       0.2120       0.1943       0.1833
 
 group  inft   Estimated free energy: 2-th solvent contribution (kcal/mol)
   1      0      -0.1766      -0.2638      -0.1483      -0.0927      -0.2287
                 -0.1760      -0.1885      -0.1340      -0.2227      -0.2343
   1     60      -0.1770      -0.2642      -0.1486      -0.0928      -0.2291
                 -0.1763      -0.1888      -0.1343      -0.2231      -0.2347
   1     80      -0.1791      -0.2667      -0.1505      -0.0932      -0.2316
                 -0.1783      -0.1908      -0.1359      -0.2254      -0.2372
   1    100      -0.1849      -0.2737      -0.1560      -0.0940      -0.2386
                 -0.1841      -0.1963      -0.1405      -0.2320      -0.2442
   2      0      -0.1785      -0.2658      -0.1494      -0.0950      -0.2298
                 -0.1782      -0.1908      -0.1361      -0.2243      -0.2366
   3      0      -0.1793      -0.2666      -0.1498      -0.0955      -0.2305
                 -0.1789      -0.1921      -0.1362      -0.2248      -0.2369
   4      0      -0.1805      -0.2681      -0.1508      -0.0974      -0.2316
                 -0.1801      -0.1933      -0.1389      -0.2265      -0.2382
   5      0      -0.1811      -0.2693      -0.1512      -0.0978      -0.2316
                 -0.1816      -0.1952      -0.1394      -0.2273      -0.2399
   5     60      -0.1815      -0.2698      -0.1516      -0.0979      -0.2321
                 -0.1821      -0.1956      -0.1397      -0.2279      -0.2405
   5     80      -0.1842      -0.2729      -0.1540      -0.0985      -0.2352
                 -0.1847      -0.1982      -0.1418      -0.2308      -0.2436
   5    100      -0.1900      -0.2795      -0.1593      -0.0998      -0.2418
                 -0.1904      -0.2038      -0.1463      -0.2371      -0.2502
 
 group  inft   Estimated free energy: 3-th solvent contribution (kcal/mol)
   1      0       2.5582       2.6180       2.5468       2.5031       2.5964
                  2.5556       2.5608       2.5242       2.5658       2.5656
   1     60       2.5390       2.5989       2.5276       2.4838       2.5772
                  2.5364       2.5416       2.5049       2.5466       2.5463
   1     80       2.4187       2.4788       2.4072       2.3630       2.4571
                  2.4163       2.4215       2.3844       2.4261       2.4257
   1    100       2.0607       2.1219       2.0487       2.0030       2.1002
                  2.0586       2.0643       2.0256       2.0684       2.0666
   2      0       2.5598       2.6186       2.5479       2.5043       2.5960
                  2.5583       2.5622       2.5241       2.5671       2.5656
   3      0       2.5672       2.6263       2.5570       2.5147       2.6050
                  2.5664       2.5722       2.5333       2.5759       2.5746
   4      0       2.5792       2.6346       2.5685       2.5267       2.6146
                  2.5774       2.5831       2.5448       2.5852       2.5863
   5      0       2.6307       2.6898       2.6228       2.5829       2.6654
                  2.6290       2.6366       2.5998       2.6379       2.6368
   5     60       2.6053       2.6644       2.5974       2.5572       2.6399
                  2.6035       2.6112       2.5743       2.6124       2.6113
   5     80       2.4594       2.5188       2.4513       2.4105       2.4944
                  2.4579       2.4654       2.4280       2.4665       2.4651
   5    100       2.1294       2.1898       2.1207       2.0783       2.1656
                  2.1281       2.1360       2.0971       2.1370       2.1341
 
 
 cumulative average & 95% error for solvation free energy
              total             1st component         2nd component         3rd component
  1     2.5826                0.1947               -0.1793                2.5672
  2     2.5581     0.0491     0.1842     0.0209    -0.2229     0.0873     2.5968     0.0591
  3     2.5694     0.0362     0.1844     0.0121    -0.1986     0.0701     2.5835     0.0432
  4     2.5814     0.0352     0.1879     0.0110    -0.1728     0.0715     2.5663     0.0460
  5     2.5774     0.0285     0.1876     0.0086    -0.1843     0.0600     2.5740     0.0389
  6     2.5771     0.0232     0.1878     0.0070    -0.1834     0.0490     2.5728     0.0318
  7     2.5771     0.0196     0.1891     0.0065    -0.1847     0.0415     2.5727     0.0269
  8     2.5807     0.0184     0.1915     0.0074    -0.1786     0.0379     2.5678     0.0253
  9     2.5773     0.0176     0.1924     0.0068    -0.1837     0.0350     2.5687     0.0224
 10     2.5722     0.0188     0.1920     0.0061    -0.1891     0.0331     2.5693     0.0201
