 ERmod 0.3.7, Copyright (C) 2000-2019 Nobuyuki Matubayasi
                            2010-2019 Shun Sakuraba
 ERmod comes with ABSOLUTELY NO WARRANTY.
 This is free software, and you can redistribute it
 and/or modify it under certain conditions.
 See LICENSE file for details.
 ERmod 0.3.7, Copyright (C) 2000-2019 Nobuyuki Matubayasi
                            2010-2019 Shun Sakuraba
 ERmod comes with ABSOLUTELY NO WARRANTY.
 This is free software, and you can redistribute it
 and/or modify it under certain conditions.
 See LICENSE file for details.
 
  Number of the   1-th solvent  =          180
  Number of the   2-th solvent  =          180
  Number of the   3-th solvent  =        10000
 
  Be sure that the solvent distribution is homogeneous (radial distribution function is essentially unity) when the solvent molecule is separated beyond distance of   10.0 Angstrom in any direction from any atom within the solute molecule
 
  LJ long-range correction    =        -0.0082     -0.0276     -0.5540
 
  Self-energy of the solute   =         0.0000  kcal/mol
 
 
 cumulative average & 95% error for solvation energy
              total             1st component         2nd component         3rd component
  1   -13.8288                0.3566               -0.6564              -13.5291
  2   -13.8337     0.0097     0.3389     0.0354    -0.6689     0.0249   -13.5037     0.0506
  3   -13.8743     0.0814     0.3298     0.0274    -0.7295     0.1220   -13.4746     0.0652
  4   -13.8836     0.0605     0.3256     0.0211    -0.7400     0.0888   -13.4693     0.0473
  5   -13.8766     0.0489     0.3314     0.0201    -0.7432     0.0691   -13.4649     0.0377
  6   -13.8648     0.0464     0.3358     0.0186    -0.7326     0.0603   -13.4681     0.0314
  7   -13.8682     0.0399     0.3346     0.0159    -0.7440     0.0558   -13.4588     0.0324
  8   -13.8670     0.0346     0.3310     0.0155    -0.7431     0.0484   -13.4550     0.0290
  9   -13.8641     0.0311     0.3312     0.0137    -0.7466     0.0432   -13.4487     0.0285
 10   -13.8538     0.0346     0.3339     0.0133    -0.7341     0.0460   -13.4536     0.0273
 
 
 group  inft  solvation free energy     error          difference
  total solvation free energy
   1      0          3.74511           0.02869           0.01395
   1     60          3.73195           0.02877           0.00079
   1     80          3.60635           0.02960          -0.12481
   1    100          3.08097           0.03295          -0.65019
   2      0          3.73196           0.02868           0.00080
   3      0          3.73116           0.02886           0.00000
   4      0          3.70369           0.02912          -0.02747
   5      0          3.76047           0.02891           0.02931
   5     60          3.74211           0.02901           0.01094
   5     80          3.57895           0.03007          -0.15221
   5    100          3.08419           0.03314          -0.64697
 
  contribution from  1-th solvent component
   1      0          0.51800           0.01033           0.00378
   1     60          0.51810           0.01038           0.00388
   1     80          0.51904           0.01090           0.00482
   1    100          0.51975           0.01308           0.00554
   2      0          0.51499           0.01010           0.00078
   3      0          0.51422           0.01027           0.00000
   4      0          0.51283           0.01018          -0.00139
   5      0          0.51258           0.01026          -0.00163
   5     60          0.51270           0.01032          -0.00152
   5     80          0.51343           0.01098          -0.00079
   5    100          0.51314           0.01298          -0.00108
 
  contribution from  2-th solvent component
   1      0         -0.40148           0.02733           0.00275
   1     60         -0.40158           0.02737           0.00265
   1     80         -0.40284           0.02771           0.00138
   1    100         -0.40892           0.02903          -0.00469
   2      0         -0.40350           0.02723           0.00072
   3      0         -0.40423           0.02705           0.00000
   4      0         -0.40535           0.02685          -0.00112
   5      0         -0.40565           0.02683          -0.00142
   5     60         -0.40582           0.02688          -0.00159
   5     80         -0.40763           0.02730          -0.00341
   5    100         -0.41366           0.02852          -0.00943
 
  contribution from  3-th solvent component
   1      0          3.62854           0.01567           0.00741
   1     60          3.61539           0.01568          -0.00574
   1     80          3.49011           0.01581          -0.13101
   1    100          2.97009           0.01642          -0.65103
   2      0          3.62043           0.01570          -0.00070
   3      0          3.62113           0.01545           0.00000
   4      0          3.59617           0.01568          -0.02496
   5      0          3.65349           0.01412           0.03236
   5     60          3.63518           0.01413           0.01405
   5     80          3.47311           0.01432          -0.14802
   5    100          2.98466           0.01494          -0.63646
 
 
 group  inft   Estimated free energy: total (kcal/mol)
   1      0       3.7546       3.7682       3.6635       3.6995       3.7495
                  3.7884       3.7209       3.7270       3.7554       3.8241
   1     60       3.7416       3.7550       3.6501       3.6862       3.7364
                  3.7754       3.7076       3.7137       3.7422       3.8112
   1     80       3.6177       3.6297       3.5225       3.5591       3.6111
                  3.6514       3.5817       3.5864       3.6161       3.6878
   1    100       3.0985       3.1056       2.9896       3.0276       3.0872
                  3.1322       3.0547       3.0540       3.0888       3.1714
   2      0       3.7397       3.7500       3.6486       3.6879       3.7376
                  3.7811       3.7113       3.7146       3.7393       3.8095
   3      0       3.7420       3.7475       3.6480       3.6871       3.7359
                  3.7821       3.7118       3.7111       3.7372       3.8090
   4      0       3.7130       3.7197       3.6187       3.6589       3.7095
                  3.7541       3.6859       3.6856       3.7087       3.7829
   5      0       3.7744       3.7858       3.6788       3.7112       3.7657
                  3.8034       3.7376       3.7443       3.7642       3.8393
   5     60       3.7563       3.7674       3.6602       3.6926       3.7474
                  3.7852       3.7192       3.7257       3.7458       3.8212
   5     80       3.5951       3.6045       3.4946       3.5278       3.5847
                  3.6242       3.5555       3.5604       3.5819       3.6609
   5    100       3.1057       3.1103       2.9930       3.0279       3.0914
                  3.1353       3.0590       3.0593       3.0856       3.1745
 
 group  inft   Estimated free energy: 1-th solvent contribution (kcal/mol)
   1      0       0.5367       0.5080       0.5049       0.5013       0.5358
                  0.5330       0.5158       0.4933       0.5150       0.5364
   1     60       0.5369       0.5081       0.5049       0.5013       0.5359
                  0.5331       0.5158       0.4932       0.5151       0.5365
   1     80       0.5390       0.5090       0.5051       0.5015       0.5374
                  0.5351       0.5166       0.4928       0.5155       0.5383
   1    100       0.5445       0.5097       0.5029       0.4989       0.5405
                  0.5402       0.5168       0.4879       0.5139       0.5422
   2      0       0.5323       0.5044       0.5018       0.4989       0.5330
                  0.5300       0.5139       0.4912       0.5114       0.5330
   3      0       0.5325       0.5035       0.5010       0.4984       0.5329
                  0.5288       0.5130       0.4901       0.5096       0.5325
   4      0       0.5310       0.5020       0.4994       0.4967       0.5315
                  0.5274       0.5115       0.4899       0.5077       0.5310
   5      0       0.5311       0.5023       0.4989       0.4960       0.5317
                  0.5270       0.5109       0.4893       0.5083       0.5305
   5     60       0.5313       0.5024       0.4989       0.4960       0.5319
                  0.5272       0.5109       0.4893       0.5083       0.5307
   5     80       0.5336       0.5031       0.4987       0.4957       0.5334
                  0.5292       0.5114       0.4883       0.5084       0.5325
   5    100       0.5376       0.5028       0.4956       0.4924       0.5355
                  0.5327       0.5106       0.4829       0.5059       0.5353
 
 group  inft   Estimated free energy: 2-th solvent contribution (kcal/mol)
   1      0      -0.3541      -0.3651      -0.4657      -0.4224      -0.4199
                 -0.3790      -0.4485      -0.4047      -0.4249      -0.3303
   1     60      -0.3541      -0.3652      -0.4659      -0.4226      -0.4200
                 -0.3791      -0.4486      -0.4048      -0.4251      -0.3303
   1     80      -0.3546      -0.3662      -0.4677      -0.4242      -0.4216
                 -0.3804      -0.4504      -0.4064      -0.4266      -0.3304
   1    100      -0.3573      -0.3714      -0.4758      -0.4317      -0.4288
                 -0.3865      -0.4583      -0.4137      -0.4337      -0.3319
   2      0      -0.3577      -0.3667      -0.4678      -0.4238      -0.4223
                 -0.3807      -0.4507      -0.4066      -0.4265      -0.3324
   3      0      -0.3585      -0.3680      -0.4681      -0.4239      -0.4228
                 -0.3819      -0.4509      -0.4076      -0.4273      -0.3333
   4      0      -0.3603      -0.3691      -0.4684      -0.4251      -0.4238
                 -0.3834      -0.4517      -0.4083      -0.4286      -0.3347
   5      0      -0.3609      -0.3699      -0.4691      -0.4252      -0.4238
                 -0.3845      -0.4517      -0.4082      -0.4287      -0.3343
   5     60      -0.3610      -0.3701      -0.4693      -0.4254      -0.4240
                 -0.3847      -0.4520      -0.4084      -0.4289      -0.3343
   5     80      -0.3617      -0.3716      -0.4718      -0.4277      -0.4262
                 -0.3865      -0.4544      -0.4107      -0.4311      -0.3347
   5    100      -0.3646      -0.3769      -0.4797      -0.4350      -0.4333
                 -0.3926      -0.4620      -0.4178      -0.4381      -0.3366
 
 group  inft   Estimated free energy: 3-th solvent contribution (kcal/mol)
   1      0       3.5720       3.6252       3.6243       3.6206       3.6336
                  3.6343       3.6535       3.6384       3.6653       3.6181
   1     60       3.5588       3.6121       3.6111       3.6074       3.6205
                  3.6212       3.6404       3.6252       3.6522       3.6049
   1     80       3.4332       3.4869       3.4851       3.4818       3.4953
                  3.4966       3.5154       3.4999       3.5271       3.4799
   1    100       2.9112       2.9673       2.9625       2.9604       2.9754
                  2.9785       2.9962       2.9798       3.0086       2.9611
   2      0       3.5650       3.6122       3.6146       3.6127       3.6269
                  3.6317       3.6481       3.6299       3.6544       3.6088
   3      0       3.5680       3.6120       3.6150       3.6126       3.6257
                  3.6352       3.6496       3.6286       3.6549       3.6099
   4      0       3.5422       3.5867       3.5876       3.5874       3.6018
                  3.6100       3.6261       3.6038       3.6295       3.5865
   5      0       3.6042       3.6534       3.6490       3.6404       3.6578
                  3.6609       3.6785       3.6632       3.6846       3.6431
   5     60       3.5859       3.6350       3.6306       3.6220       3.6395
                  3.6426       3.6602       3.6449       3.6663       3.6248
   5     80       3.4232       3.4729       3.4676       3.4597       3.4775
                  3.4815       3.4984       3.4827       3.5046       3.4630
   5    100       2.9326       2.9843       2.9770       2.9703       2.9892
                  2.9951       3.0104       2.9941       3.0177       2.9757
 
 
 cumulative average & 95% error for solvation free energy
              total             1st component         2nd component         3rd component
  1     3.7420                0.5325               -0.3585                3.5680
  2     3.7448     0.0056     0.5180     0.0289    -0.3632     0.0095     3.5900     0.0440
  3     3.7125     0.0646     0.5123     0.0202    -0.3982     0.0701     3.5983     0.0304
  4     3.7061     0.0474     0.5088     0.0159    -0.4046     0.0512     3.6019     0.0227
  5     3.7121     0.0386     0.5137     0.0156    -0.4083     0.0403     3.6066     0.0200
  6     3.7238     0.0392     0.5162     0.0137    -0.4039     0.0341     3.6114     0.0189
  7     3.7220     0.0333     0.5157     0.0116    -0.4106     0.0318     3.6169     0.0193
  8     3.7207     0.0290     0.5125     0.0119    -0.4102     0.0275     3.6183     0.0170
  9     3.7225     0.0258     0.5122     0.0106    -0.4121     0.0246     3.6224     0.0170
 10     3.7312     0.0289     0.5142     0.0103    -0.4042     0.0270     3.6211     0.0155
