 ERmod 0.3.7, Copyright (C) 2000-2019 Nobuyuki Matubayasi
                            2010-2019 Shun Sakuraba
 ERmod comes with ABSOLUTELY NO WARRANTY.
 This is free software, and you can redistribute it
 and/or modify it under certain conditions.
 See LICENSE file for details.
 ERmod 0.3.7, Copyright (C) 2000-2019 Nobuyuki Matubayasi
                            2010-2019 Shun Sakuraba
 ERmod comes with ABSOLUTELY NO WARRANTY.
 This is free software, and you can redistribute it
 and/or modify it under certain conditions.
 See LICENSE file for details.
 
  Number of the   1-th solvent  =          180
  Number of the   2-th solvent  =          180
  Number of the   3-th solvent  =        10000
 
  Be sure that the solvent distribution is homogeneous (radial distribution function is essentially unity) when the solvent molecule is separated beyond distance of   10.0 Angstrom in any direction from any atom within the solute molecule
 
  LJ long-range correction    =        -0.0113     -0.0630     -0.5969
 
  Self-energy of the solute   =        -0.0000  kcal/mol
 
 
 cumulative average & 95% error for solvation energy
              total             1st component         2nd component         3rd component
  1   -28.4873               -1.0466               -2.4247              -25.0161
  2   -28.5196     0.0646    -0.6833     0.7265    -2.1123     0.6247   -25.7240     1.4157
  3   -28.4607     0.1236    -0.7211     0.4262    -2.0560     0.3778   -25.6836     0.8214
  4   -28.4732     0.0910    -0.8225     0.3633    -2.0799     0.2714   -25.5708     0.6231
  5   -28.4610     0.0746    -0.8198     0.2815    -2.0911     0.2114   -25.5501     0.4844
  6   -28.4410     0.0729    -0.8371     0.2324    -2.1248     0.1853   -25.4790     0.4203
  7   -28.4402     0.0617    -0.8192     0.1997    -1.9561     0.3720   -25.6649     0.5141
  8   -28.4334     0.0551    -0.7856     0.1855    -2.0465     0.3694   -25.6012     0.4630
  9   -28.4398     0.0503    -0.7842     0.1636    -2.0882     0.3363   -25.5675     0.4139
 10   -28.4546     0.0538    -0.7860     0.1464    -2.0879     0.3008   -25.5806     0.3711
 
 
 group  inft  solvation free energy     error          difference
  total solvation free energy
   1      0         -4.23194           0.06207           0.00087
   1     60         -4.26789           0.06204          -0.03508
   1     80         -4.53167           0.06191          -0.29886
   1    100         -5.36966           0.06186          -1.13685
   2      0         -4.23398           0.06138          -0.00117
   3      0         -4.23281           0.06044           0.00000
   4      0         -4.23109           0.06214           0.00172
   5      0         -4.22254           0.06159           0.01026
   5     60         -4.27082           0.06154          -0.03801
   5     80         -4.59350           0.06137          -0.36069
   5    100         -5.36085           0.06129          -1.12805
 
  contribution from  1-th solvent component
   1      0         -0.03203           0.08363           0.00542
   1     60         -0.03235           0.08363           0.00510
   1     80         -0.03517           0.08364           0.00228
   1    100         -0.04578           0.08371          -0.00833
   2      0         -0.03768           0.08288          -0.00023
   3      0         -0.03745           0.08346           0.00000
   4      0         -0.03973           0.08292          -0.00229
   5      0         -0.03771           0.08280          -0.00026
   5     60         -0.03818           0.08280          -0.00073
   5     80         -0.04194           0.08279          -0.00449
   5    100         -0.05217           0.08281          -0.01472
 
  contribution from  2-th solvent component
   1      0         -1.18495           0.15346          -0.00855
   1     60         -1.18586           0.15347          -0.00946
   1     80         -1.19238           0.15353          -0.01598
   1    100         -1.21277           0.15364          -0.03637
   2      0         -1.17830           0.15163          -0.00190
   3      0         -1.17640           0.15135           0.00000
   4      0         -1.17452           0.14966           0.00188
   5      0         -1.17199           0.14969           0.00441
   5     60         -1.17321           0.14970           0.00319
   5     80         -1.18121           0.14975          -0.00481
   5    100         -1.19986           0.14980          -0.02346
 
  contribution from  3-th solvent component
   1      0         -3.01493           0.17486           0.00400
   1     60         -3.04966           0.17495          -0.03073
   1     80         -3.30409           0.17552          -0.28516
   1    100         -4.11108           0.17707          -1.09215
   2      0         -3.01797           0.17436           0.00096
   3      0         -3.01893           0.17458           0.00000
   4      0         -3.01681           0.17337           0.00212
   5      0         -3.01281           0.17245           0.00612
   5     60         -3.05940           0.17257          -0.04047
   5     80         -3.37033           0.17324          -0.35140
   5    100         -4.10880           0.17460          -1.08987
 
 
 group  inft   Estimated free energy: total (kcal/mol)
   1      0      -4.3700      -4.1819      -4.1325      -4.2462      -4.3356
                 -4.0978      -4.1555      -4.1665      -4.3467      -4.2868
   1     60      -4.4057      -4.2179      -4.1685      -4.2820      -4.3714
                 -4.1337      -4.1918      -4.2023      -4.3826      -4.3230
   1     80      -4.6685      -4.4814      -4.4326      -4.5447      -4.6348
                 -4.3970      -4.4578      -4.4651      -4.6462      -4.5886
   1    100      -5.5043      -5.3174      -5.2713      -5.3796      -5.4721
                 -5.2336      -5.3025      -5.2996      -5.4843      -5.4319
   2      0      -4.3659      -4.1916      -4.1335      -4.2491      -4.3413
                 -4.0992      -4.1640      -4.1623      -4.3476      -4.2854
   3      0      -4.3627      -4.1865      -4.1252      -4.2544      -4.3370
                 -4.1057      -4.1685      -4.1596      -4.3400      -4.2886
   4      0      -4.3640      -4.1891      -4.1208      -4.2460      -4.3423
                 -4.1014      -4.1610      -4.1560      -4.3399      -4.2903
   5      0      -4.3539      -4.1770      -4.1145      -4.2432      -4.3322
                 -4.0927      -4.1575      -4.1458      -4.3322      -4.2763
   5     60      -4.4020      -4.2253      -4.1629      -4.2913      -4.3804
                 -4.1409      -4.2062      -4.1939      -4.3804      -4.3249
   5     80      -4.7233      -4.5478      -4.4860      -4.6127      -4.7025
                 -4.4631      -4.5317      -4.5154      -4.7028      -4.6497
   5    100      -5.4885      -5.3136      -5.2539      -5.3775      -5.4691
                 -5.2295      -5.3054      -5.2794      -5.4701      -5.4216
 
 group  inft   Estimated free energy: 1-th solvent contribution (kcal/mol)
   1      0      -0.1992       0.2326      -0.0055      -0.1987      -0.1132
                 -0.0596       0.0566       0.0868      -0.0561      -0.0638
   1     60      -0.1995       0.2323      -0.0058      -0.1990      -0.1135
                 -0.0599       0.0562       0.0865      -0.0564      -0.0641
   1     80      -0.2024       0.2297      -0.0087      -0.2018      -0.1163
                 -0.0627       0.0532       0.0835      -0.0593      -0.0670
   1    100      -0.2132       0.2199      -0.0193      -0.2123      -0.1269
                 -0.0728       0.0421       0.0725      -0.0698      -0.0780
   2      0      -0.2022       0.2196      -0.0064      -0.2059      -0.1243
                 -0.0634       0.0503       0.0834      -0.0596      -0.0683
   3      0      -0.2008       0.2221      -0.0048      -0.2070      -0.1255
                 -0.0671       0.0487       0.0866      -0.0569      -0.0698
   4      0      -0.2085       0.2154      -0.0040      -0.2024      -0.1258
                 -0.0703       0.0519       0.0824      -0.0601      -0.0759
   5      0      -0.2027       0.2194      -0.0022      -0.2037      -0.1244
                 -0.0679       0.0460       0.0858      -0.0575      -0.0701
   5     60      -0.2031       0.2190      -0.0027      -0.2042      -0.1248
                 -0.0683       0.0455       0.0853      -0.0579      -0.0706
   5     80      -0.2068       0.2154      -0.0064      -0.2079      -0.1284
                 -0.0720       0.0414       0.0814      -0.0616      -0.0744
   5    100      -0.2170       0.2057      -0.0166      -0.2181      -0.1386
                 -0.0819       0.0306       0.0710      -0.0717      -0.0850
 
 group  inft   Estimated free energy: 2-th solvent contribution (kcal/mol)
   1      0      -1.3862      -1.0275      -1.1355      -1.1862      -1.2565
                 -1.2585      -0.6031      -1.4597      -1.3771      -1.1593
   1     60      -1.3871      -1.0284      -1.1364      -1.1871      -1.2574
                 -1.2594      -0.6040      -1.4606      -1.3780      -1.1602
   1     80      -1.3937      -1.0348      -1.1430      -1.1936      -1.2640
                 -1.2660      -0.6102      -1.4671      -1.3846      -1.1667
   1    100      -1.4141      -1.0552      -1.1636      -1.2139      -1.2845
                 -1.2867      -0.6300      -1.4873      -1.4053      -1.1872
   2      0      -1.3782      -1.0239      -1.1313      -1.1782      -1.2480
                 -1.2515      -0.6037      -1.4494      -1.3695      -1.1495
   3      0      -1.3759      -1.0201      -1.1255      -1.1795      -1.2433
                 -1.2513      -0.6033      -1.4476      -1.3658      -1.1518
   4      0      -1.3730      -1.0192      -1.1242      -1.1790      -1.2451
                 -1.2457      -0.6087      -1.4419      -1.3625      -1.1460
   5      0      -1.3722      -1.0164      -1.1200      -1.1769      -1.2413
                 -1.2413      -0.6064      -1.4387      -1.3612      -1.1455
   5     60      -1.3735      -1.0176      -1.1212      -1.1781      -1.2425
                 -1.2425      -0.6076      -1.4399      -1.3625      -1.1467
   5     80      -1.3815      -1.0255      -1.1293      -1.1861      -1.2505
                 -1.2506      -0.6154      -1.4479      -1.3706      -1.1547
   5    100      -1.4002      -1.0442      -1.1482      -1.2046      -1.2692
                 -1.2695      -0.6336      -1.4663      -1.3894      -1.1734
 
 group  inft   Estimated free energy: 3-th solvent contribution (kcal/mol)
   1      0      -2.7845      -3.3869      -2.9914      -2.8612      -2.9657
                 -2.7796      -3.6089      -2.7936      -2.9135      -3.0637
   1     60      -2.8191      -3.4217      -3.0262      -2.8958      -3.0004
                 -2.8143      -3.6440      -2.8282      -2.9482      -3.0987
   1     80      -3.0724      -3.6762      -3.2809      -3.1492      -3.2545
                 -3.0683      -3.9007      -3.0815      -3.2023      -3.3548
   1    100      -3.8770      -4.4821      -4.0884      -3.9534      -4.0607
                 -3.8741      -4.7146      -3.8847      -4.0092      -4.1666
   2      0      -2.7855      -3.3873      -2.9957      -2.8650      -2.9689
                 -2.7842      -3.6106      -2.7964      -2.9184      -3.0676
   3      0      -2.7860      -3.3885      -2.9948      -2.8678      -2.9682
                 -2.7872      -3.6140      -2.7985      -2.9173      -3.0669
   4      0      -2.7825      -3.3853      -2.9925      -2.8646      -2.9714
                 -2.7854      -3.6042      -2.7965      -2.9173      -3.0683
   5      0      -2.7790      -3.3800      -2.9923      -2.8626      -2.9665
                 -2.7835      -3.5971      -2.7929      -2.9134      -3.0607
   5     60      -2.8254      -3.4267      -3.0390      -2.9090      -3.0130
                 -2.8300      -3.6441      -2.8393      -2.9599      -3.1077
   5     80      -3.1349      -3.7376      -3.3502      -3.2188      -3.3235
                 -3.1405      -3.9578      -3.1489      -3.2705      -3.4205
   5    100      -3.8713      -4.4751      -4.0891      -3.9548      -4.0613
                 -3.8780      -4.7023      -3.8840      -4.0090      -4.1631
 
 
 cumulative average & 95% error for solvation free energy
              total             1st component         2nd component         3rd component
  1    -4.3627               -0.2008               -1.3759               -2.7860
  2    -4.2746     0.1762     0.0107     0.4229    -1.1980     0.3558    -3.0872     0.6025
  3    -4.2248     0.1424     0.0055     0.2444    -1.1738     0.2110    -3.0564     0.3532
  4    -4.2322     0.1017    -0.0476     0.2029    -1.1752     0.1492    -3.0093     0.2670
  5    -4.2531     0.0893    -0.0632     0.1602    -1.1888     0.1188    -3.0011     0.2075
  6    -4.2286     0.0879    -0.0638     0.1308    -1.1993     0.0992    -2.9654     0.1838
  7    -4.2200     0.0763    -0.0478     0.1151    -1.1141     0.1898    -3.0581     0.2418
  8    -4.2124     0.0677    -0.0310     0.1052    -1.1558     0.1843    -3.0256     0.2192
  9    -4.2266     0.0661    -0.0339     0.0930    -1.1791     0.1691    -3.0136     0.1948
 10    -4.2328     0.0604    -0.0374     0.0835    -1.1764     0.1514    -3.0189     0.1746
