 ERmod 0.3.7, Copyright (C) 2000-2019 Nobuyuki Matubayasi
                            2010-2019 Shun Sakuraba
 ERmod comes with ABSOLUTELY NO WARRANTY.
 This is free software, and you can redistribute it
 and/or modify it under certain conditions.
 See LICENSE file for details.
 ERmod 0.3.7, Copyright (C) 2000-2019 Nobuyuki Matubayasi
                            2010-2019 Shun Sakuraba
 ERmod comes with ABSOLUTELY NO WARRANTY.
 This is free software, and you can redistribute it
 and/or modify it under certain conditions.
 See LICENSE file for details.
 
  Number of the   1-th solvent  =          180
  Number of the   2-th solvent  =          180
  Number of the   3-th solvent  =        10000
 
  Be sure that the solvent distribution is homogeneous (radial distribution function is essentially unity) when the solvent molecule is separated beyond distance of   10.0 Angstrom in any direction from any atom within the solute molecule
 
  LJ long-range correction    =        -0.0021     -0.0333     -0.6684
 
  Self-energy of the solute   =         0.0001  kcal/mol
 
 
 cumulative average & 95% error for solvation energy
              total             1st component         2nd component         3rd component
  1   -16.1200                0.4969               -0.8145              -15.8025
  2   -16.1282     0.0163     0.5012     0.0085    -0.8573     0.0857   -15.7721     0.0609
  3   -16.1410     0.0273     0.4994     0.0061    -0.8860     0.0758   -15.7544     0.0498
  4   -16.1358     0.0219     0.4994     0.0043    -0.8870     0.0536   -15.7483     0.0373
  5   -16.1341     0.0173     0.5022     0.0065    -0.8993     0.0482   -15.7371     0.0366
  6   -16.1293     0.0170     0.5008     0.0060    -0.8855     0.0481   -15.7447     0.0335
  7   -16.1287     0.0144     0.4985     0.0068    -0.8831     0.0409   -15.7442     0.0284
  8   -16.1227     0.0174     0.4979     0.0060    -0.8652     0.0504   -15.7554     0.0333
  9   -16.1220     0.0154     0.4983     0.0054    -0.8600     0.0456   -15.7604     0.0310
 10   -16.1207     0.0140     0.4986     0.0048    -0.8584     0.0409   -15.7609     0.0277
 
 
 group  inft  solvation free energy     error          difference
  total solvation free energy
   1      0          4.13285           0.01475           0.02112
   1     60          4.11973           0.01479           0.00800
   1     80          3.98473           0.01519          -0.12700
   1    100          3.39827           0.01659          -0.71346
   2      0          4.11451           0.01432           0.00278
   3      0          4.11174           0.01420           0.00000
   4      0          4.08024           0.01437          -0.03149
   5      0          4.13573           0.01478           0.02400
   5     60          4.11720           0.01484           0.00546
   5     80          3.94052           0.01533          -0.17121
   5    100          3.38650           0.01662          -0.72523
 
  contribution from  1-th solvent component
   1      0          0.43830           0.01710           0.00428
   1     60          0.43906           0.01711           0.00505
   1     80          0.44621           0.01731           0.01219
   1    100          0.46856           0.01802           0.03455
   2      0          0.43540           0.01624           0.00139
   3      0          0.43401           0.01621           0.00000
   4      0          0.43294           0.01595          -0.00107
   5      0          0.43252           0.01598          -0.00150
   5     60          0.43359           0.01601          -0.00042
   5     80          0.44252           0.01627           0.00851
   5    100          0.46284           0.01697           0.02883
 
  contribution from  2-th solvent component
   1      0         -0.48495           0.03168           0.00303
   1     60         -0.48503           0.03173           0.00295
   1     80         -0.48623           0.03223           0.00175
   1    100         -0.49262           0.03425          -0.00464
   2      0         -0.48732           0.03149           0.00065
   3      0         -0.48798           0.03139           0.00000
   4      0         -0.48970           0.03135          -0.00172
   5      0         -0.48986           0.03101          -0.00188
   5     60         -0.49001           0.03108          -0.00203
   5     80         -0.49181           0.03171          -0.00383
   5    100         -0.49823           0.03356          -0.01025
 
  contribution from  3-th solvent component
   1      0          4.17945           0.01571           0.01380
   1     60          4.16565           0.01572           0.00000
   1     80          4.02470           0.01583          -0.14095
   1    100          3.42228           0.01630          -0.74337
   2      0          4.16638           0.01399           0.00073
   3      0          4.16565           0.01397           0.00000
   4      0          4.13695           0.01349          -0.02870
   5      0          4.19303           0.01471           0.02738
   5     60          4.17356           0.01472           0.00791
   5     80          3.98976           0.01480          -0.17589
   5    100          3.42184           0.01508          -0.74381
 
 
 group  inft   Estimated free energy: total (kcal/mol)
   1      0       4.1177       4.1102       4.1040       4.1580       4.1602
                  4.1261       4.1218       4.1744       4.1274       4.1289
   1     60       4.1046       4.0970       4.0907       4.1449       4.1471
                  4.1129       4.1086       4.1614       4.1143       4.1158
   1     80       3.9699       3.9615       3.9548       4.0101       4.0122
                  3.9773       3.9730       4.0283       3.9795       3.9807
   1    100       3.3840       3.3730       3.3659       3.4238       3.4256
                  3.3893       3.3847       3.4492       3.3934       3.3937
   2      0       4.1047       4.0937       4.0863       4.1305       4.1356
                  4.1081       4.1067       4.1634       4.1056       4.1106
   3      0       4.1008       4.0932       4.0844       4.1246       4.1327
                  4.1044       4.1056       4.1617       4.1003       4.1096
   4      0       4.0719       4.0629       4.0511       4.0934       4.0984
                  4.0717       4.0738       4.1320       4.0691       4.0780
   5      0       4.1241       4.1103       4.1035       4.1575       4.1581
                  4.1332       4.1339       4.1804       4.1276       4.1285
   5     60       4.1057       4.0917       4.0849       4.1390       4.1396
                  4.1146       4.1153       4.1621       4.1091       4.1100
   5     80       3.9294       3.9144       3.9072       3.9625       3.9629
                  3.9372       3.9377       3.9880       3.9326       3.9333
   5    100       3.3763       3.3589       3.3515       3.4082       3.4087
                  3.3817       3.3812       3.4412       3.3785       3.3788
 
 group  inft   Estimated free energy: 1-th solvent contribution (kcal/mol)
   1      0       0.4285       0.4481       0.4453       0.4485       0.5032
                  0.4238       0.4210       0.4006       0.4333       0.4306
   1     60       0.4293       0.4489       0.4461       0.4493       0.5041
                  0.4245       0.4218       0.4014       0.4341       0.4313
   1     80       0.4367       0.4562       0.4531       0.4563       0.5121
                  0.4313       0.4287       0.4082       0.4413       0.4381
   1    100       0.4600       0.4791       0.4752       0.4784       0.5375
                  0.4525       0.4504       0.4295       0.4638       0.4591
   2      0       0.4264       0.4430       0.4430       0.4444       0.4977
                  0.4223       0.4204       0.3997       0.4300       0.4271
   3      0       0.4246       0.4418       0.4404       0.4432       0.4961
                  0.4208       0.4196       0.3977       0.4286       0.4272
   4      0       0.4231       0.4412       0.4387       0.4419       0.4941
                  0.4197       0.4192       0.3973       0.4279       0.4263
   5      0       0.4225       0.4397       0.4393       0.4417       0.4941
                  0.4192       0.4183       0.3976       0.4273       0.4256
   5     60       0.4236       0.4408       0.4403       0.4427       0.4953
                  0.4202       0.4193       0.3986       0.4284       0.4267
   5     80       0.4329       0.4500       0.4491       0.4516       0.5054
                  0.4287       0.4279       0.4072       0.4374       0.4352
   5    100       0.4541       0.4709       0.4691       0.4717       0.5287
                  0.4479       0.4475       0.4265       0.4577       0.4543
 
 group  inft   Estimated free energy: 2-th solvent contribution (kcal/mol)
   1      0      -0.4632      -0.5155      -0.5380      -0.5122      -0.5476
                 -0.4622      -0.4937      -0.3730      -0.4612      -0.4830
   1     60      -0.4632      -0.5156      -0.5381      -0.5123      -0.5478
                 -0.4622      -0.4939      -0.3729      -0.4612      -0.4831
   1     80      -0.4643      -0.5173      -0.5400      -0.5138      -0.5498
                 -0.4632      -0.4954      -0.3720      -0.4621      -0.4844
   1    100      -0.4700      -0.5257      -0.5491      -0.5217      -0.5593
                 -0.4688      -0.5031      -0.3703      -0.4671      -0.4912
   2      0      -0.4649      -0.5172      -0.5405      -0.5146      -0.5492
                 -0.4653      -0.4961      -0.3760      -0.4635      -0.4859
   3      0      -0.4659      -0.5176      -0.5401      -0.5155      -0.5500
                 -0.4661      -0.4968      -0.3767      -0.4643      -0.4869
   4      0      -0.4671      -0.5192      -0.5423      -0.5173      -0.5511
                 -0.4677      -0.4982      -0.3786      -0.4667      -0.4889
   5      0      -0.4686      -0.5192      -0.5416      -0.5158      -0.5521
                 -0.4684      -0.4981      -0.3803      -0.4659      -0.4887
   5     60      -0.4687      -0.5194      -0.5418      -0.5160      -0.5523
                 -0.4685      -0.4983      -0.3801      -0.4660      -0.4889
   5     80      -0.4703      -0.5218      -0.5444      -0.5182      -0.5551
                 -0.4701      -0.5005      -0.3793      -0.4674      -0.4908
   5    100      -0.4761      -0.5300      -0.5533      -0.5260      -0.5645
                 -0.4758      -0.5081      -0.3782      -0.4727      -0.4977
 
 group  inft   Estimated free energy: 3-th solvent contribution (kcal/mol)
   1      0       4.1523       4.1775       4.1966       4.2216       4.2046
                  4.1644       4.1944       4.1467       4.1552       4.1812
   1     60       4.1385       4.1637       4.1828       4.2078       4.1908
                  4.1505       4.1806       4.1329       4.1414       4.1675
   1     80       3.9974       4.0226       4.0417       4.0675       4.0498
                  4.0092       4.0397       3.9921       4.0002       4.0269
   1    100       3.3940       3.4196       3.4398       3.4670       3.4474
                  3.4055       3.4374       3.3899       3.3966       3.4257
   2      0       4.1432       4.1679       4.1836       4.2006       4.1870
                  4.1511       4.1823       4.1396       4.1390       4.1694
   3      0       4.1420       4.1689       4.1840       4.1969       4.1865
                  4.1496       4.1828       4.1407       4.1359       4.1692
   4      0       4.1159       4.1408       4.1546       4.1687       4.1554
                  4.1197       4.1527       4.1133       4.1078       4.1405
   5      0       4.1702       4.1897       4.2057       4.2316       4.2160
                  4.1824       4.2137       4.1631       4.1662       4.1916
   5     60       4.1507       4.1702       4.1863       4.2122       4.1966
                  4.1629       4.1942       4.1436       4.1467       4.1722
   5     80       3.9668       3.9862       4.0025       4.0291       4.0126
                  3.9786       4.0103       3.9601       3.9625       3.9889
   5    100       3.3982       3.4179       3.4356       3.4624       3.4444
                  3.4096       3.4418       3.3928       3.3933       3.4222
 
 
 cumulative average & 95% error for solvation free energy
              total             1st component         2nd component         3rd component
  1     4.1008                0.4246               -0.4659                4.1420
  2     4.0970     0.0076     0.4332     0.0172    -0.4917     0.0517     4.1555     0.0270
  3     4.0928     0.0095     0.4356     0.0110    -0.5078     0.0439     4.1650     0.0246
  4     4.1007     0.0172     0.4375     0.0087    -0.5098     0.0313     4.1729     0.0236
  5     4.1071     0.0185     0.4492     0.0244    -0.5178     0.0291     4.1757     0.0191
  6     4.1067     0.0151     0.4445     0.0220    -0.5092     0.0293     4.1713     0.0178
  7     4.1065     0.0128     0.4409     0.0199    -0.5074     0.0251     4.1730     0.0154
  8     4.1134     0.0177     0.4355     0.0204    -0.4911     0.0392     4.1689     0.0156
  9     4.1120     0.0159     0.4348     0.0180    -0.4881     0.0351     4.1653     0.0156
 10     4.1117     0.0142     0.4340     0.0162    -0.4880     0.0314     4.1656     0.0140
