 ERmod 0.3.7, Copyright (C) 2000-2019 Nobuyuki Matubayasi
                            2010-2019 Shun Sakuraba
 ERmod comes with ABSOLUTELY NO WARRANTY.
 This is free software, and you can redistribute it
 and/or modify it under certain conditions.
 See LICENSE file for details.
 ERmod 0.3.7, Copyright (C) 2000-2019 Nobuyuki Matubayasi
                            2010-2019 Shun Sakuraba
 ERmod comes with ABSOLUTELY NO WARRANTY.
 This is free software, and you can redistribute it
 and/or modify it under certain conditions.
 See LICENSE file for details.
 
  Number of the   1-th solvent  =           90
  Number of the   2-th solvent  =           90
  Number of the   3-th solvent  =        10000
 
  Be sure that the solvent distribution is homogeneous (radial distribution function is essentially unity) when the solvent molecule is separated beyond distance of   10.0 Angstrom in any direction from any atom within the solute molecule
 
  LJ long-range correction    =        -0.0029     -0.0021     -0.3049
 
  Self-energy of the solute   =        -0.0001  kcal/mol
 
 
 cumulative average & 95% error for solvation energy
              total             1st component         2nd component         3rd component
  1   -21.0710               -0.0542               -0.3436              -20.6731
  2   -21.6307     1.1193    -0.3237     0.5390    -2.0487     3.4102   -19.2581     2.8300
  3   -21.5862     0.6523    -0.3310     0.3115    -1.8096     2.0262   -19.4455     1.6763
  4   -21.4541     0.5316    -0.3540     0.2250    -1.4439     1.6086   -19.6561     1.2579
  5   -21.3935     0.4292    -0.3643     0.1755    -1.2503     1.3048   -19.7787     1.0048
  6   -21.3705     0.3535    -0.3453     0.1483    -1.1021     1.1058   -19.9230     0.8696
  7   -21.3325     0.3082    -0.4698     0.2787    -0.9966     0.9581   -19.8660     0.7437
  8   -21.2981     0.2757    -0.4148     0.2652    -0.9095     0.8478   -19.9737     0.6791
  9   -21.2718     0.2487    -0.4285     0.2355    -0.8182     0.7697   -20.0251     0.6077
 10   -21.2548     0.2251    -0.3905     0.2239    -0.7646     0.6967   -20.0996     0.5636
 
 
 group  inft  solvation free energy     error          difference
  total solvation free energy
   1      0         -4.46915           0.08122           0.00618
   1     60         -4.49179           0.08124          -0.01646
   1     80         -4.64714           0.08144          -0.17181
   1    100         -5.11091           0.08166          -0.63558
   2      0         -4.47298           0.08205           0.00235
   3      0         -4.47533           0.08182           0.00000
   4      0         -4.46996           0.08270           0.00537
   5      0         -4.47406           0.08021           0.00127
   5     60         -4.50431           0.08025          -0.02898
   5     80         -4.69271           0.08044          -0.21738
   5    100         -5.11708           0.08043          -0.64175
 
  contribution from  1-th solvent component
   1      0         -0.08239           0.12056           0.00926
   1     60         -0.08246           0.12058           0.00918
   1     80         -0.08309           0.12075           0.00856
   1    100         -0.08518           0.12125           0.00647
   2      0         -0.08918           0.11749           0.00247
   3      0         -0.09165           0.11647           0.00000
   4      0         -0.09220           0.11560          -0.00055
   5      0         -0.09267           0.11421          -0.00102
   5     60         -0.09280           0.11424          -0.00115
   5     80         -0.09375           0.11442          -0.00210
   5    100         -0.09612           0.11481          -0.00447
 
  contribution from  2-th solvent component
   1      0         -0.40715           0.32069          -0.00651
   1     60         -0.40693           0.32071          -0.00629
   1     80         -0.40596           0.32092          -0.00532
   1    100         -0.40434           0.32146          -0.00371
   2      0         -0.40278           0.32219          -0.00215
   3      0         -0.40064           0.32162           0.00000
   4      0         -0.40127           0.32244          -0.00063
   5      0         -0.39934           0.32258           0.00130
   5     60         -0.39909           0.32261           0.00155
   5     80         -0.39810           0.32285           0.00253
   5    100         -0.39701           0.32335           0.00362
 
  contribution from  3-th solvent component
   1      0         -3.97951           0.30166           0.00343
   1     60         -4.00229           0.30169          -0.01935
   1     80         -4.15799           0.30194          -0.17505
   1    100         -4.62128           0.30309          -0.63835
   2      0         -3.98091           0.30164           0.00203
   3      0         -3.98294           0.30227           0.00000
   4      0         -3.97639           0.30080           0.00655
   5      0         -3.98194           0.30237           0.00099
   5     60         -4.01232           0.30240          -0.02938
   5     80         -4.20075           0.30270          -0.21781
   5    100         -4.62384           0.30385          -0.64090
 
 
 group  inft   Estimated free energy: total (kcal/mol)
   1      0      -4.3609      -4.7066      -4.6189      -4.5328      -4.4888
                 -4.5149      -4.4331      -4.3164      -4.3967      -4.3225
   1     60      -4.3836      -4.7293      -4.6415      -4.5554      -4.5116
                 -4.5377      -4.4557      -4.3390      -4.4191      -4.3451
   1     80      -4.5391      -4.8846      -4.7971      -4.7105      -4.6680
                 -4.6943      -4.6112      -4.4937      -4.5732      -4.4997
   1    100      -5.0040      -5.3459      -5.2615      -5.1736      -5.1348
                 -5.1622      -5.0760      -4.9554      -5.0339      -4.9618
   2      0      -4.3631      -4.7083      -4.6331      -4.5407      -4.4862
                 -4.5182      -4.4253      -4.3227      -4.4102      -4.3221
   3      0      -4.3717      -4.7035      -4.6470      -4.5455      -4.4801
                 -4.5161      -4.4205      -4.3230      -4.4208      -4.3251
   4      0      -4.3615      -4.7035      -4.6417      -4.5416      -4.4739
                 -4.5077      -4.4176      -4.3193      -4.4147      -4.3182
   5      0      -4.3783      -4.7051      -4.6428      -4.5379      -4.4652
                 -4.5104      -4.4217      -4.3286      -4.4244      -4.3262
   5     60      -4.4086      -4.7355      -4.6731      -4.5681      -4.4957
                 -4.5409      -4.4519      -4.3587      -4.4543      -4.3564
   5     80      -4.5974      -4.9237      -4.8619      -4.7562      -4.6853
                 -4.7308      -4.6404      -4.5462      -4.6411      -4.5440
   5    100      -5.0233      -5.3451      -5.2868      -5.1802      -5.1125
                 -5.1591      -5.0655      -4.9685      -5.0626      -4.9672
 
 group  inft   Estimated free energy: 1-th solvent contribution (kcal/mol)
   1      0       0.1046      -0.2048      -0.0639      -0.1473      -0.1388
                 -0.0132      -0.4722       0.1667      -0.1766       0.1218
   1     60       0.1045      -0.2049      -0.0640      -0.1474      -0.1389
                 -0.0133      -0.4724       0.1667      -0.1766       0.1218
   1     80       0.1040      -0.2057      -0.0646      -0.1482      -0.1399
                 -0.0142      -0.4733       0.1668      -0.1772       0.1216
   1    100       0.1024      -0.2082      -0.0668      -0.1508      -0.1430
                 -0.0171      -0.4765       0.1668      -0.1791       0.1207
   2      0       0.0907      -0.2054      -0.0769      -0.1556      -0.1355
                 -0.0239      -0.4667       0.1615      -0.1876       0.1076
   3      0       0.0814      -0.2066      -0.0864      -0.1553      -0.1335
                 -0.0257      -0.4648       0.1617      -0.1919       0.1044
   4      0       0.0803      -0.2057      -0.0830      -0.1613      -0.1320
                 -0.0253      -0.4626       0.1596      -0.1913       0.0993
   5      0       0.0693      -0.2074      -0.0862      -0.1522      -0.1288
                 -0.0219      -0.4612       0.1582      -0.1923       0.0958
   5     60       0.0692      -0.2075      -0.0863      -0.1524      -0.1290
                 -0.0221      -0.4614       0.1583      -0.1925       0.0957
   5     80       0.0683      -0.2086      -0.0874      -0.1537      -0.1302
                 -0.0234      -0.4626       0.1583      -0.1933       0.0952
   5    100       0.0660      -0.2111      -0.0899      -0.1566      -0.1333
                 -0.0265      -0.4657       0.1580      -0.1957       0.0937
 
 group  inft   Estimated free energy: 2-th solvent contribution (kcal/mol)
   1      0      -0.1770      -1.7495      -0.7415      -0.3054      -0.2739
                 -0.2264      -0.2319      -0.1980      -0.0448      -0.1230
   1     60      -0.1768      -1.7494      -0.7413      -0.3052      -0.2738
                 -0.2262      -0.2318      -0.1977      -0.0444      -0.1227
   1     80      -0.1758      -1.7490      -0.7408      -0.3043      -0.2732
                 -0.2256      -0.2312      -0.1963      -0.0422      -0.1213
   1    100      -0.1741      -1.7489      -0.7405      -0.3029      -0.2723
                 -0.2248      -0.2306      -0.1935      -0.0372      -0.1185
   2      0      -0.1643      -1.7494      -0.7433      -0.3037      -0.2722
                 -0.2184      -0.2262      -0.1991      -0.0457      -0.1055
   3      0      -0.1623      -1.7449      -0.7414      -0.3056      -0.2674
                 -0.2127      -0.2230      -0.1972      -0.0495      -0.1022
   4      0      -0.1598      -1.7480      -0.7460      -0.3063      -0.2682
                 -0.2124      -0.2213      -0.1980      -0.0532      -0.0994
   5      0      -0.1586      -1.7485      -0.7392      -0.3029      -0.2639
                 -0.2124      -0.2224      -0.1989      -0.0512      -0.0954
   5     60      -0.1584      -1.7483      -0.7390      -0.3027      -0.2637
                 -0.2122      -0.2222      -0.1985      -0.0507      -0.0951
   5     80      -0.1574      -1.7481      -0.7385      -0.3019      -0.2632
                 -0.2117      -0.2217      -0.1970      -0.0481      -0.0935
   5    100      -0.1563      -1.7484      -0.7385      -0.3011      -0.2629
                 -0.2114      -0.2215      -0.1950      -0.0437      -0.0913
 
 group  inft   Estimated free energy: 3-th solvent contribution (kcal/mol)
   1      0      -4.2884      -2.7521      -3.8133      -4.0800      -4.0759
                 -4.2752      -3.7288      -4.2850      -4.1752      -4.3212
   1     60      -4.3112      -2.7748      -3.8360      -4.1027      -4.0988
                 -4.2980      -3.7515      -4.3079      -4.1980      -4.3440
   1     80      -4.4673      -2.9297      -3.9916      -4.2578      -4.2548
                 -4.4543      -3.9066      -4.4641      -4.3538      -4.4999
   1    100      -4.9321      -3.3885      -4.4541      -4.7197      -4.7194
                 -4.9202      -4.3688      -4.9285      -4.8175      -4.9639
   2      0      -4.2893      -2.7534      -3.8127      -4.0812      -4.0785
                 -4.2758      -3.7323      -4.2850      -4.1768      -4.3240
   3      0      -4.2907      -2.7519      -3.8191      -4.0846      -4.0791
                 -4.2776      -3.7325      -4.2874      -4.1792      -4.3272
   4      0      -4.2818      -2.7497      -3.8126      -4.0739      -4.0737
                 -4.2699      -3.7336      -4.2807      -4.1700      -4.3180
   5      0      -4.2889      -2.7492      -3.8174      -4.0826      -4.0724
                 -4.2760      -3.7380      -4.2878      -4.1807      -4.3265
   5     60      -4.3193      -2.7795      -3.8477      -4.1129      -4.1029
                 -4.3064      -3.7682      -4.3183      -4.2110      -4.3569
   5     80      -4.5082      -2.9670      -4.0359      -4.3006      -4.2917
                 -4.4957      -3.9559      -4.5074      -4.3995      -4.5456
   5    100      -4.9329      -3.3855      -4.4582      -4.7224      -4.7161
                 -4.9211      -4.3781      -4.9314      -4.8231      -4.9695
 
 
 cumulative average & 95% error for solvation free energy
              total             1st component         2nd component         3rd component
  1    -4.3717                0.0814               -0.1623               -4.2907
  2    -4.5376     0.3318    -0.0626     0.2880    -0.9536     1.5826    -3.5213     1.5387
  3    -4.5741     0.2050    -0.0705     0.1670    -0.8829     0.9246    -3.6206     0.9103
  4    -4.5669     0.1456    -0.0917     0.1255    -0.7386     0.7147    -3.7366     0.6842
  5    -4.5496     0.1180    -0.1001     0.0986    -0.6443     0.5848    -3.8051     0.5474
  6    -4.5440     0.0970    -0.0877     0.0842    -0.5724     0.4987    -3.8838     0.4739
  7    -4.5263     0.0893    -0.1415     0.1291    -0.5225     0.4331    -3.8622     0.4028
  8    -4.5009     0.0925    -0.1036     0.1351    -0.4818     0.3838    -3.9154     0.3647
  9    -4.4920     0.0835    -0.1134     0.1208    -0.4338     0.3519    -3.9447     0.3269
 10    -4.4753     0.0818    -0.0916     0.1165    -0.4006     0.3216    -3.9829     0.3023
