 ERmod 0.3.7, Copyright (C) 2000-2019 Nobuyuki Matubayasi
                            2010-2019 Shun Sakuraba
 ERmod comes with ABSOLUTELY NO WARRANTY.
 This is free software, and you can redistribute it
 and/or modify it under certain conditions.
 See LICENSE file for details.
 ERmod 0.3.7, Copyright (C) 2000-2019 Nobuyuki Matubayasi
                            2010-2019 Shun Sakuraba
 ERmod comes with ABSOLUTELY NO WARRANTY.
 This is free software, and you can redistribute it
 and/or modify it under certain conditions.
 See LICENSE file for details.
 
  Number of the   1-th solvent  =          180
  Number of the   2-th solvent  =          180
  Number of the   3-th solvent  =        10000
 
  Be sure that the solvent distribution is homogeneous (radial distribution function is essentially unity) when the solvent molecule is separated beyond distance of   10.0 Angstrom in any direction from any atom within the solute molecule
 
  LJ long-range correction    =        -0.0127     -0.0093     -0.6760
 
  Self-energy of the solute   =         0.0001  kcal/mol
 
 
 cumulative average & 95% error for solvation energy
              total             1st component         2nd component         3rd component
  1   -16.0551                0.3857               -0.5816              -15.8593
  2   -16.0659     0.0216     0.4058     0.0402    -0.5869     0.0105   -15.8849     0.0512
  3   -16.0762     0.0240     0.4016     0.0247    -0.5900     0.0088   -15.8879     0.0301
  4   -16.0858     0.0256     0.4000     0.0178    -0.5913     0.0067   -15.8945     0.0251
  5   -16.0779     0.0253     0.3975     0.0146    -0.5863     0.0113   -15.8892     0.0222
  6   -16.0815     0.0219     0.3893     0.0202    -0.5856     0.0093   -15.8852     0.0198
  7   -16.0792     0.0190     0.3919     0.0179    -0.5856     0.0079   -15.8856     0.0168
  8   -16.0729     0.0208     0.3998     0.0222    -0.5882     0.0087   -15.8845     0.0147
  9   -16.0665     0.0224     0.4039     0.0212    -0.5877     0.0077   -15.8827     0.0135
 10   -16.0656     0.0201     0.4003     0.0203    -0.5896     0.0078   -15.8763     0.0176
 
 
 group  inft  solvation free energy     error          difference
  total solvation free energy
   1      0          4.51539           0.02899           0.01697
   1     60          4.50278           0.02905           0.00437
   1     80          4.37129           0.02971          -0.12712
   1    100          3.77937           0.03312          -0.71904
   2      0          4.49996           0.02732           0.00155
   3      0          4.49841           0.02554           0.00000
   4      0          4.46566           0.02598          -0.03276
   5      0          4.52123           0.02737           0.02282
   5     60          4.50338           0.02745           0.00497
   5     80          4.33041           0.02833          -0.16800
   5    100          3.76954           0.03156          -0.72888
 
  contribution from  1-th solvent component
   1      0          0.64562           0.02361           0.00362
   1     60          0.64566           0.02366           0.00366
   1     80          0.64616           0.02445           0.00416
   1    100          0.64621           0.02846           0.00421
   2      0          0.64278           0.02332           0.00078
   3      0          0.64200           0.02326           0.00000
   4      0          0.64037           0.02323          -0.00163
   5      0          0.64028           0.02316          -0.00172
   5     60          0.64030           0.02323          -0.00170
   5     80          0.64057           0.02425          -0.00144
   5    100          0.63955           0.02790          -0.00245
 
  contribution from  2-th solvent component
   1      0         -0.48053           0.02430           0.00215
   1     60         -0.48000           0.02433           0.00267
   1     80         -0.47702           0.02470           0.00566
   1    100         -0.46892           0.02658           0.01376
   2      0         -0.48221           0.02394           0.00047
   3      0         -0.48268           0.02340           0.00000
   4      0         -0.48432           0.02343          -0.00165
   5      0         -0.48333           0.02401          -0.00065
   5     60         -0.48268           0.02406          -0.00000
   5     80         -0.47918           0.02454           0.00350
   5    100         -0.47223           0.02635           0.01045
 
  contribution from  3-th solvent component
   1      0          4.35024           0.01298           0.01121
   1     60          4.33708           0.01299          -0.00196
   1     80          4.20209           0.01315          -0.13695
   1    100          3.60203           0.01391          -0.73700
   2      0          4.33933           0.01213           0.00030
   3      0          4.33903           0.01153           0.00000
   4      0          4.30955           0.01170          -0.02948
   5      0          4.36423           0.01172           0.02520
   5     60          4.34571           0.01174           0.00668
   5     80          4.16897           0.01192          -0.17007
   5    100          3.60216           0.01256          -0.73687
 
 
 group  inft   Estimated free energy: total (kcal/mol)
   1      0       4.5213       4.5097       4.4825       4.4429       4.6111
                  4.4810       4.5250       4.5575       4.5229       4.4999
   1     60       4.5087       4.4972       4.4698       4.4302       4.5987
                  4.4683       4.5125       4.5450       4.5104       4.4871
   1     80       4.3769       4.3667       4.3372       4.2972       4.4686
                  4.3355       4.3813       4.4155       4.3797       4.3542
   1    100       3.7841       3.7797       3.7402       3.6978       3.8833
                  3.7369       3.7907       3.8344       3.7911       3.7555
   2      0       4.4999       4.5057       4.4672       4.4324       4.5908
                  4.4658       4.4985       4.5377       4.5124       4.4891
   3      0       4.4941       4.5113       4.4676       4.4353       4.5820
                  4.4645       4.4953       4.5327       4.5114       4.4899
   4      0       4.4583       4.4815       4.4319       4.4039       4.5502
                  4.4305       4.4613       4.5005       4.4810       4.4574
   5      0       4.5252       4.5213       4.4879       4.4525       4.6118
                  4.4896       4.5273       4.5598       4.5298       4.5071
   5     60       4.5074       4.5035       4.4699       4.4344       4.5942
                  4.4717       4.5095       4.5421       4.5120       4.4891
   5     80       4.3341       4.3320       4.2956       4.2595       4.4230
                  4.2971       4.3369       4.3717       4.3401       4.3142
   5    100       3.7723       3.7758       3.7301       3.6913       3.8684
                  3.7302       3.7768       3.8207       3.7827       3.7470
 
 group  inft   Estimated free energy: 1-th solvent contribution (kcal/mol)
   1      0       0.6309       0.6789       0.6329       0.6294       0.6238
                  0.6083       0.6448       0.7296       0.6686       0.6090
   1     60       0.6309       0.6790       0.6329       0.6294       0.6238
                  0.6082       0.6448       0.7298       0.6687       0.6090
   1     80       0.6308       0.6808       0.6329       0.6295       0.6239
                  0.6074       0.6454       0.7331       0.6698       0.6081
   1    100       0.6277       0.6876       0.6305       0.6274       0.6218
                  0.6006       0.6457       0.7470       0.6726       0.6012
   2      0       0.6276       0.6768       0.6295       0.6276       0.6210
                  0.6062       0.6405       0.7254       0.6659       0.6073
   3      0       0.6264       0.6771       0.6295       0.6269       0.6196
                  0.6053       0.6400       0.7237       0.6649       0.6065
   4      0       0.6244       0.6758       0.6275       0.6257       0.6178
                  0.6038       0.6378       0.7220       0.6632       0.6057
   5      0       0.6249       0.6732       0.6276       0.6252       0.6182
                  0.6037       0.6385       0.7227       0.6631       0.6055
   5     60       0.6249       0.6733       0.6276       0.6252       0.6182
                  0.6036       0.6385       0.7230       0.6632       0.6054
   5     80       0.6243       0.6752       0.6273       0.6249       0.6179
                  0.6022       0.6388       0.7268       0.6643       0.6039
   5    100       0.6204       0.6802       0.6239       0.6219       0.6148
                  0.5951       0.6380       0.7386       0.6660       0.5966
 
 group  inft   Estimated free energy: 2-th solvent contribution (kcal/mol)
   1      0      -0.4723      -0.5075      -0.4965      -0.4898      -0.3780
                 -0.4879      -0.4774      -0.5184      -0.4894      -0.4880
   1     60      -0.4718      -0.5070      -0.4960      -0.4893      -0.3773
                 -0.4874      -0.4769      -0.5179      -0.4888      -0.4875
   1     80      -0.4685      -0.5042      -0.4936      -0.4866      -0.3728
                 -0.4844      -0.4739      -0.5156      -0.4857      -0.4847
   1    100      -0.4589      -0.4973      -0.4885      -0.4803      -0.3570
                 -0.4766      -0.4656      -0.5108      -0.4773      -0.4768
   2      0      -0.4754      -0.5070      -0.4976      -0.4908      -0.3807
                 -0.4887      -0.4804      -0.5199      -0.4918      -0.4898
   3      0      -0.4767      -0.5059      -0.4980      -0.4910      -0.3835
                 -0.4900      -0.4803      -0.5204      -0.4920      -0.4890
   4      0      -0.4802      -0.5063      -0.4986      -0.4914      -0.3844
                 -0.4914      -0.4827      -0.5218      -0.4943      -0.4922
   5      0      -0.4748      -0.5098      -0.4995      -0.4947      -0.3818
                 -0.4914      -0.4791      -0.5189      -0.4935      -0.4897
   5     60      -0.4742      -0.5092      -0.4989      -0.4941      -0.3809
                 -0.4907      -0.4784      -0.5183      -0.4928      -0.4891
   5     80      -0.4703      -0.5060      -0.4962      -0.4911      -0.3754
                 -0.4873      -0.4749      -0.5156      -0.4892      -0.4858
   5    100      -0.4619      -0.5001      -0.4921      -0.4861      -0.3611
                 -0.4805      -0.4676      -0.5118      -0.4819      -0.4791
 
 group  inft   Estimated free energy: 3-th solvent contribution (kcal/mol)
   1      0       4.3626       4.3383       4.3461       4.3032       4.3653
                  4.3606       4.3576       4.3463       4.3436       4.3788
   1     60       4.3495       4.3252       4.3329       4.2900       4.3522
                  4.3474       4.3445       4.3331       4.3305       4.3656
   1     80       4.2146       4.1901       4.1979       4.1543       4.2175
                  4.2125       4.2098       4.1979       4.1956       4.2307
   1    100       3.6152       3.5893       3.5982       3.5506       3.6186
                  3.6129       3.6106       3.5982       3.5958       3.6310
   2      0       4.3476       4.3359       4.3352       4.2956       4.3504
                  4.3484       4.3383       4.3322       4.3382       4.3715
   3      0       4.3443       4.3401       4.3360       4.2992       4.3458
                  4.3492       4.3355       4.3294       4.3385       4.3724
   4      0       4.3140       4.3119       4.3030       4.2695       4.3168
                  4.3180       4.3061       4.3002       4.3121       4.3439
   5      0       4.3751       4.3578       4.3597       4.3219       4.3753
                  4.3773       4.3678       4.3559       4.3601       4.3913
   5     60       4.3566       4.3393       4.3412       4.3033       4.3569
                  4.3588       4.3493       4.3374       4.3416       4.3727
   5     80       4.1800       4.1626       4.1645       4.1257       4.1805
                  4.1821       4.1729       4.1604       4.1650       4.1960
   5    100       3.6137       3.5956       3.5982       3.5555       3.6147
                  3.6155       3.6063       3.5939       3.5986       3.6295
 
 
 cumulative average & 95% error for solvation free energy
              total             1st component         2nd component         3rd component
  1     4.4941                0.6264               -0.4767                4.3443
  2     4.5027     0.0172     0.6518     0.0507    -0.4913     0.0293     4.3422     0.0042
  3     4.4910     0.0254     0.6444     0.0328    -0.4935     0.0175     4.3401     0.0048
  4     4.4771     0.0332     0.6400     0.0248    -0.4929     0.0124     4.3299     0.0207
  5     4.4980     0.0492     0.6359     0.0209    -0.4710     0.0448     4.3331     0.0173
  6     4.4925     0.0417     0.6308     0.0199    -0.4742     0.0371     4.3358     0.0151
  7     4.4929     0.0352     0.6321     0.0170    -0.4750     0.0314     4.3357     0.0127
  8     4.4978     0.0321     0.6436     0.0272    -0.4807     0.0295     4.3349     0.0111
  9     4.4994     0.0285     0.6459     0.0245    -0.4820     0.0261     4.3353     0.0099
 10     4.4984     0.0255     0.6420     0.0233    -0.4827     0.0234     4.3390     0.0115
