 ERmod 0.3.7, Copyright (C) 2000-2019 Nobuyuki Matubayasi
                            2010-2019 Shun Sakuraba
 ERmod comes with ABSOLUTELY NO WARRANTY.
 This is free software, and you can redistribute it
 and/or modify it under certain conditions.
 See LICENSE file for details.
 ERmod 0.3.7, Copyright (C) 2000-2019 Nobuyuki Matubayasi
                            2010-2019 Shun Sakuraba
 ERmod comes with ABSOLUTELY NO WARRANTY.
 This is free software, and you can redistribute it
 and/or modify it under certain conditions.
 See LICENSE file for details.
 
  Number of the   1-th solvent  =          180
  Number of the   2-th solvent  =          180
  Number of the   3-th solvent  =        10000
 
  Be sure that the solvent distribution is homogeneous (radial distribution function is essentially unity) when the solvent molecule is separated beyond distance of   10.0 Angstrom in any direction from any atom within the solute molecule
 
  LJ long-range correction    =        -0.0035     -0.0197     -0.1867
 
  Self-energy of the solute   =        -0.0001  kcal/mol
 
 
 cumulative average & 95% error for solvation energy
              total             1st component         2nd component         3rd component
  1   -18.3091               -1.6320               -1.2720              -15.4051
  2   -18.2316     0.1549    -1.8528     0.4417    -1.2587     0.0266   -15.1200     0.5700
  3   -18.1987     0.1110    -2.0657     0.4962    -1.3769     0.2369   -14.7561     0.7989
  4   -18.2142     0.0844    -2.0458     0.3531    -1.3726     0.1678   -14.7958     0.5705
  5   -18.2179     0.0658    -1.8819     0.4269    -1.3357     0.1494   -15.0002     0.6019
  6   -18.2117     0.0551    -1.6819     0.5305    -1.3220     0.1250   -15.2077     0.6433
  7   -18.2109     0.0466    -1.5569     0.5134    -1.3435     0.1140   -15.3104     0.5812
  8   -18.2117     0.0404    -1.4042     0.5394    -1.2992     0.1327   -15.5083     0.6402
  9   -18.2080     0.0364    -1.4256     0.4777    -1.2647     0.1358   -15.5177     0.5650
 10   -18.2016     0.0350    -1.3625     0.4455    -1.2710     0.1221   -15.5681     0.5153
 
 
 group  inft  solvation free energy     error          difference
  total solvation free energy
   1      0         -4.71845           0.08185          -0.01697
   1     60         -4.74922           0.08178          -0.04775
   1     80         -4.91342           0.08148          -0.21194
   1    100         -5.33705           0.08101          -0.63557
   2      0         -4.70688           0.07969          -0.00540
   3      0         -4.70148           0.08030           0.00000
   4      0         -4.69670           0.08049           0.00478
   5      0         -4.70032           0.07733           0.00116
   5     60         -4.74037           0.07723          -0.03889
   5     80         -4.93492           0.07682          -0.23344
   5    100         -5.31922           0.07628          -0.61774
 
  contribution from  1-th solvent component
   1      0         -0.52010           0.24129          -0.00531
   1     60         -0.52042           0.24131          -0.00563
   1     80         -0.52219           0.24144          -0.00740
   1    100         -0.52714           0.24175          -0.01235
   2      0         -0.51676           0.23701          -0.00197
   3      0         -0.51479           0.23692           0.00000
   4      0         -0.51417           0.23673           0.00062
   5      0         -0.51415           0.23437           0.00064
   5     60         -0.51460           0.23439           0.00019
   5     80         -0.51686           0.23446          -0.00207
   5    100         -0.52164           0.23461          -0.00685
 
  contribution from  2-th solvent component
   1      0         -0.71166           0.08617          -0.01370
   1     60         -0.71262           0.08617          -0.01466
   1     80         -0.71758           0.08615          -0.01962
   1    100         -0.72981           0.08612          -0.03185
   2      0         -0.70279           0.08658          -0.00482
   3      0         -0.69796           0.08663          -0.00000
   4      0         -0.69666           0.08673           0.00130
   5      0         -0.69528           0.08590           0.00269
   5     60         -0.69653           0.08589           0.00143
   5     80         -0.70239           0.08586          -0.00442
   5    100         -0.71341           0.08581          -0.01545
 
  contribution from  3-th solvent component
   1      0         -3.48664           0.23551           0.00203
   1     60         -3.51613           0.23562          -0.02746
   1     80         -3.67360           0.23611          -0.18493
   1    100         -4.08005           0.23695          -0.59138
   2      0         -3.48728           0.23539           0.00140
   3      0         -3.48867           0.23497           0.00000
   4      0         -3.48581           0.23421           0.00286
   5      0         -3.49084           0.23420          -0.00217
   5     60         -3.52919           0.23434          -0.04052
   5     80         -3.71561           0.23490          -0.22694
   5    100         -4.08412           0.23565          -0.59544
 
 
 group  inft   Estimated free energy: total (kcal/mol)
   1      0      -4.9748      -4.7828      -4.8478      -4.7929      -4.6412
                 -4.5824      -4.6829      -4.5560      -4.6678      -4.6558
   1     60      -5.0056      -4.8133      -4.8782      -4.8237      -4.6723
                 -4.6132      -4.7137      -4.5870      -4.6986      -4.6866
   1     80      -5.1697      -4.9765      -5.0409      -4.9879      -4.8378
                 -4.7776      -4.8782      -4.7521      -4.8628      -4.8506
   1    100      -5.5932      -5.3985      -5.4615      -5.4123      -5.2641
                 -5.2013      -5.3022      -5.1771      -5.2866      -5.2736
   2      0      -4.9602      -4.7716      -4.8295      -4.7740      -4.6155
                 -4.5699      -4.6839      -4.5619      -4.6569      -4.6451
   3      0      -4.9577      -4.7627      -4.8269      -4.7676      -4.6084
                 -4.5649      -4.6768      -4.5531      -4.6506      -4.6461
   4      0      -4.9526      -4.7618      -4.8228      -4.7607      -4.5985
                 -4.5556      -4.6763      -4.5556      -4.6496      -4.6335
   5      0      -4.9469      -4.7615      -4.8174      -4.7661      -4.6092
                 -4.5619      -4.6790      -4.5635      -4.6532      -4.6444
   5     60      -4.9869      -4.8012      -4.8570      -4.8061      -4.6496
                 -4.6020      -4.7192      -4.6040      -4.6933      -4.6844
   5     80      -5.1813      -4.9945      -5.0496      -5.0006      -4.8456
                 -4.7968      -4.9142      -4.7999      -4.8878      -4.8788
   5    100      -5.5652      -5.3773      -5.4310      -5.3853      -5.2323
                 -5.1813      -5.2990      -5.1861      -5.2721      -5.2626
 
 group  inft   Estimated free energy: 1-th solvent contribution (kcal/mol)
   1      0      -0.7523      -0.9074      -1.1129      -0.8507      -0.4271
                 -0.1248      -0.2236       0.0284      -0.6019      -0.2289
   1     60      -0.7526      -0.9078      -1.1133      -0.8510      -0.4274
                 -0.1251      -0.2239       0.0282      -0.6022      -0.2291
   1     80      -0.7545      -0.9098      -1.1153      -0.8530      -0.4293
                 -0.1267      -0.2254       0.0268      -0.6040      -0.2307
   1    100      -0.7598      -0.9153      -1.1207      -0.8585      -0.4346
                 -0.1312      -0.2297       0.0227      -0.6090      -0.2352
   2      0      -0.7459      -0.8989      -1.1031      -0.8414      -0.4090
                 -0.1277      -0.2273       0.0127      -0.5975      -0.2295
   3      0      -0.7449      -0.8963      -1.1015      -0.8394      -0.4059
                 -0.1251      -0.2265       0.0141      -0.5941      -0.2284
   4      0      -0.7448      -0.8988      -1.1007      -0.8374      -0.4023
                 -0.1238      -0.2225       0.0063      -0.5938      -0.2240
   5      0      -0.7397      -0.8953      -1.0935      -0.8355      -0.4035
                 -0.1254      -0.2259       0.0023      -0.5955      -0.2294
   5     60      -0.7402      -0.8958      -1.0940      -0.8360      -0.4040
                 -0.1258      -0.2263       0.0019      -0.5960      -0.2298
   5     80      -0.7425      -0.8982      -1.0964      -0.8384      -0.4064
                 -0.1280      -0.2285      -0.0002      -0.5982      -0.2320
   5    100      -0.7474      -0.9033      -1.1014      -0.8435      -0.4113
                 -0.1326      -0.2329      -0.0047      -0.6029      -0.2364
 
 group  inft   Estimated free energy: 2-th solvent contribution (kcal/mol)
   1      0      -0.8151      -0.7163      -0.9608      -0.7415      -0.6171
                 -0.6510      -0.8264      -0.4958      -0.5674      -0.7251
   1     60      -0.8160      -0.7173      -0.9618      -0.7425      -0.6180
                 -0.6520      -0.8274      -0.4968      -0.5684      -0.7261
   1     80      -0.8209      -0.7220      -0.9666      -0.7474      -0.6230
                 -0.6571      -0.8325      -0.5017      -0.5734      -0.7312
   1    100      -0.8331      -0.7338      -0.9785      -0.7594      -0.6354
                 -0.6696      -0.8451      -0.5138      -0.5857      -0.7436
   2      0      -0.8055      -0.7121      -0.9521      -0.7306      -0.6091
                 -0.6359      -0.8227      -0.4852      -0.5613      -0.7135
   3      0      -0.8013      -0.7045      -0.9476      -0.7252      -0.6051
                 -0.6308      -0.8169      -0.4788      -0.5581      -0.7113
   4      0      -0.7995      -0.7025      -0.9461      -0.7206      -0.6012
                 -0.6284      -0.8202      -0.4776      -0.5600      -0.7105
   5      0      -0.7967      -0.7003      -0.9432      -0.7217      -0.6033
                 -0.6273      -0.8123      -0.4772      -0.5578      -0.7130
   5     60      -0.7980      -0.7015      -0.9444      -0.7229      -0.6046
                 -0.6286      -0.8136      -0.4785      -0.5590      -0.7143
   5     80      -0.8038      -0.7071      -0.9501      -0.7287      -0.6105
                 -0.6345      -0.8196      -0.4844      -0.5650      -0.7202
   5    100      -0.8147      -0.7177      -0.9608      -0.7395      -0.6217
                 -0.6458      -0.8310      -0.4954      -0.5761      -0.7314
 
 group  inft   Estimated free energy: 3-th solvent contribution (kcal/mol)
   1      0      -3.4074      -3.1590      -2.7740      -3.2007      -3.5970
                 -3.8065      -3.6328      -4.0886      -3.4985      -3.7018
   1     60      -3.4369      -3.1882      -2.8031      -3.2301      -3.6268
                 -3.8361      -3.6624      -4.1184      -3.5280      -3.7313
   1     80      -3.5942      -3.3447      -2.9590      -3.3875      -3.7854
                 -3.9938      -3.8203      -4.2772      -3.6854      -3.8887
   1    100      -4.0002      -3.7494      -3.3623      -3.7943      -4.1941
                 -4.4005      -4.2273      -4.6859      -4.0918      -4.2947
   2      0      -3.4087      -3.1606      -2.7744      -3.2020      -3.5973
                 -3.8062      -3.6339      -4.0894      -3.4982      -3.7020
   3      0      -3.4115      -3.1619      -2.7777      -3.2030      -3.5974
                 -3.8090      -3.6333      -4.0884      -3.4983      -3.7064
   4      0      -3.4083      -3.1605      -2.7759      -3.2027      -3.5949
                 -3.8033      -3.6336      -4.0843      -3.4957      -3.6989
   5      0      -3.4104      -3.1659      -2.7806      -3.2089      -3.6024
                 -3.8091      -3.6408      -4.0885      -3.4999      -3.7020
   5     60      -3.4487      -3.2039      -2.8185      -3.2471      -3.6410
                 -3.8475      -3.6792      -4.1273      -3.5382      -3.7403
   5     80      -3.6350      -3.3892      -3.0031      -3.4334      -3.8287
                 -4.0342      -3.8661      -4.3153      -3.7246      -3.9266
   5    100      -4.0031      -3.7563      -3.3687      -3.8023      -4.1992
                 -4.4029      -4.2350      -4.6859      -4.0930      -4.2947
 
 
 cumulative average & 95% error for solvation free energy
              total             1st component         2nd component         3rd component
  1    -4.9577               -0.7449               -0.8013               -3.4115
  2    -4.8602     0.1950    -0.8206     0.1514    -0.7529     0.0968    -3.2867     0.2496
  3    -4.8491     0.1147    -0.9142     0.2066    -0.8178     0.1413    -3.1170     0.3686
  4    -4.8287     0.0908    -0.8955     0.1508    -0.7947     0.1101    -3.1385     0.2642
  5    -4.7847     0.1127    -0.7976     0.2281    -0.7568     0.1141    -3.2303     0.2749
  6    -4.7480     0.1176    -0.6855     0.2914    -0.7358     0.1022    -3.3267     0.2959
  7    -4.7379     0.1015    -0.6199     0.2790    -0.7473     0.0894    -3.3705     0.2650
  8    -4.7148     0.0993    -0.5407     0.2890    -0.7138     0.1025    -3.4603     0.2913
  9    -4.7076     0.0887    -0.5466     0.2551    -0.6965     0.0968    -3.4645     0.2571
 10    -4.7015     0.0803    -0.5148     0.2369    -0.6980     0.0866    -3.4887     0.2350
