 ERmod 0.3.7, Copyright (C) 2000-2019 Nobuyuki Matubayasi
                            2010-2019 Shun Sakuraba
 ERmod comes with ABSOLUTELY NO WARRANTY.
 This is free software, and you can redistribute it
 and/or modify it under certain conditions.
 See LICENSE file for details.
 ERmod 0.3.7, Copyright (C) 2000-2019 Nobuyuki Matubayasi
                            2010-2019 Shun Sakuraba
 ERmod comes with ABSOLUTELY NO WARRANTY.
 This is free software, and you can redistribute it
 and/or modify it under certain conditions.
 See LICENSE file for details.
 
  Number of the   1-th solvent  =           90
  Number of the   2-th solvent  =           90
  Number of the   3-th solvent  =        10000
 
  Be sure that the solvent distribution is homogeneous (radial distribution function is essentially unity) when the solvent molecule is separated beyond distance of   10.0 Angstrom in any direction from any atom within the solute molecule
 
  LJ long-range correction    =        -0.0003     -0.0049     -0.1953
 
  Self-energy of the solute   =        -0.0001  kcal/mol
 
 
 cumulative average & 95% error for solvation energy
              total             1st component         2nd component         3rd component
  1   -18.1827               -0.1862               -0.5188              -17.4775
  2   -18.1410     0.0833    -0.1213     0.1299    -0.5916     0.1456   -17.4280     0.0991
  3   -18.1510     0.0521    -0.2792     0.3245    -0.5220     0.1626   -17.3497     0.1666
  4   -18.1925     0.0907    -0.8222     1.1100    -0.6452     0.2719   -16.7250     1.2551
  5   -18.2188     0.0878    -0.9997     0.9302    -0.7566     0.3065   -16.4624     1.1049
  6   -18.2263     0.0732    -0.8901     0.7905    -0.7930     0.2607   -16.5431     0.9164
  7   -18.2344     0.0640    -0.9560     0.6810    -0.7942     0.2203   -16.4841     0.7835
  8   -18.2243     0.0589    -0.9508     0.5898    -0.7562     0.2054   -16.5172     0.6817
  9   -18.2090     0.0604    -0.8675     0.5462    -0.7063     0.2068   -16.6351     0.6458
 10   -18.1932     0.0626    -0.8127     0.5007    -0.6763     0.1945   -16.7041     0.5939
 
 
 group  inft  solvation free energy     error          difference
  total solvation free energy
   1      0         -4.53240           0.04612           0.00733
   1     60         -4.55980           0.04615          -0.02007
   1     80         -4.70810           0.04628          -0.16837
   1    100         -5.09920           0.04668          -0.55947
   2      0         -4.53750           0.04359           0.00223
   3      0         -4.53973           0.04473          -0.00000
   4      0         -4.53299           0.04483           0.00675
   5      0         -4.54366           0.04163          -0.00392
   5     60         -4.57941           0.04165          -0.03968
   5     80         -4.75563           0.04181          -0.21589
   5    100         -5.11178           0.04219          -0.57205
 
  contribution from  1-th solvent component
   1      0         -0.33843           0.25069           0.00743
   1     60         -0.33811           0.25072           0.00774
   1     80         -0.33662           0.25089           0.00923
   1    100         -0.33321           0.25131           0.01265
   2      0         -0.34368           0.24874           0.00217
   3      0         -0.34586           0.24829           0.00000
   4      0         -0.34677           0.24621          -0.00092
   5      0         -0.34924           0.24532          -0.00338
   5     60         -0.34887           0.24536          -0.00302
   5     80         -0.34738           0.24555          -0.00152
   5    100         -0.34484           0.24594           0.00101
 
  contribution from  2-th solvent component
   1      0         -0.37449           0.09630          -0.00204
   1     60         -0.37471           0.09632          -0.00226
   1     80         -0.37599           0.09639          -0.00354
   1    100         -0.37942           0.09655          -0.00697
   2      0         -0.37389           0.09394          -0.00144
   3      0         -0.37245           0.09272           0.00000
   4      0         -0.37276           0.09189          -0.00031
   5      0         -0.37283           0.09079          -0.00038
   5     60         -0.37316           0.09080          -0.00071
   5     80         -0.37482           0.09085          -0.00237
   5    100         -0.37824           0.09094          -0.00579
 
  contribution from  3-th solvent component
   1      0         -3.81938           0.30800           0.00195
   1     60         -3.84688           0.30806          -0.02555
   1     80         -3.99539           0.30848          -0.17406
   1    100         -4.38648           0.30971          -0.56515
   2      0         -3.81983           0.30809           0.00150
   3      0         -3.82133           0.30834           0.00000
   4      0         -3.81335           0.30745           0.00797
   5      0         -3.82148           0.30679          -0.00015
   5     60         -3.85728           0.30687          -0.03595
   5     80         -4.03332           0.30738          -0.21199
   5    100         -4.38860           0.30853          -0.56727
 
 
 group  inft   Estimated free energy: total (kcal/mol)
   1      0      -4.5133      -4.4897      -4.5282      -4.5410      -4.5839
                 -4.6292      -4.4823      -4.6396      -4.5239      -4.3928
   1     60      -4.5409      -4.5171      -4.5557      -4.5683      -4.6113
                 -4.6566      -4.5097      -4.6671      -4.5512      -4.4201
   1     80      -4.6900      -4.6656      -4.7043      -4.7157      -4.7596
                 -4.8055      -4.6575      -4.8157      -4.6992      -4.5680
   1    100      -5.0837      -5.0570      -5.0959      -5.1043      -5.1502
                 -5.1986      -5.0464      -5.2076      -5.0902      -4.9582
   2      0      -4.5137      -4.4977      -4.5450      -4.5371      -4.5831
                 -4.6334      -4.4739      -4.6376      -4.5394      -4.4142
   3      0      -4.5070      -4.5053      -4.5460      -4.5348      -4.5782
                 -4.6386      -4.4682      -4.6508      -4.5467      -4.4216
   4      0      -4.5062      -4.4934      -4.5518      -4.5173      -4.5772
                 -4.6303      -4.4620      -4.6394      -4.5398      -4.4126
   5      0      -4.5076      -4.5132      -4.5530      -4.5319      -4.5783
                 -4.6414      -4.4757      -4.6385      -4.5620      -4.4349
   5     60      -4.5436      -4.5489      -4.5889      -4.5676      -4.6140
                 -4.6773      -4.5114      -4.6743      -4.5976      -4.4705
   5     80      -4.7209      -4.7251      -4.7656      -4.7426      -4.7899
                 -4.8542      -4.6870      -4.8510      -4.7735      -4.6464
   5    100      -5.0797      -5.0813      -5.1224      -5.0961      -5.1454
                 -5.2121      -5.0413      -5.2080      -5.1293      -5.0022
 
 group  inft   Estimated free energy: 1-th solvent contribution (kcal/mol)
   1      0      -0.0006       0.0433      -0.2447      -1.1459      -0.7707
                 -0.1063      -0.5887      -0.4779      -0.0476      -0.0451
   1     60      -0.0004       0.0436      -0.2444      -1.1456      -0.7705
                 -0.1060      -0.5884      -0.4776      -0.0471      -0.0448
   1     80       0.0010       0.0456      -0.2429      -1.1445      -0.7694
                 -0.1044      -0.5872      -0.4764      -0.0450      -0.0430
   1    100       0.0040       0.0500      -0.2396      -1.1420      -0.7670
                 -0.1008      -0.5843      -0.4737      -0.0399      -0.0389
   2      0      -0.0036       0.0388      -0.2638      -1.1479      -0.7728
                 -0.1120      -0.5843      -0.4762      -0.0556      -0.0595
   3      0       0.0006       0.0367      -0.2669      -1.1470      -0.7754
                 -0.1197      -0.5801      -0.4852      -0.0571      -0.0644
   4      0      -0.0085       0.0373      -0.2764      -1.1388      -0.7752
                 -0.1198      -0.5803      -0.4817      -0.0587      -0.0658
   5      0      -0.0118       0.0323      -0.2726      -1.1429      -0.7738
                 -0.1252      -0.5825      -0.4785      -0.0646      -0.0729
   5     60      -0.0115       0.0328      -0.2723      -1.1426      -0.7735
                 -0.1249      -0.5822      -0.4782      -0.0640      -0.0725
   5     80      -0.0103       0.0350      -0.2709      -1.1414      -0.7724
                 -0.1233      -0.5810      -0.4771      -0.0616      -0.0708
   5    100      -0.0083       0.0388      -0.2686      -1.1396      -0.7707
                 -0.1207      -0.5791      -0.4753      -0.0571      -0.0678
 
 group  inft   Estimated free energy: 2-th solvent contribution (kcal/mol)
   1      0      -0.2804      -0.3512      -0.2514      -0.5527      -0.6260
                 -0.5481      -0.3857      -0.3384      -0.1908      -0.2202
   1     60      -0.2806      -0.3514      -0.2516      -0.5529      -0.6263
                 -0.5483      -0.3859      -0.3386      -0.1910      -0.2203
   1     80      -0.2820      -0.3527      -0.2530      -0.5543      -0.6277
                 -0.5497      -0.3872      -0.3400      -0.1920      -0.2213
   1    100      -0.2857      -0.3562      -0.2565      -0.5581      -0.6314
                 -0.5533      -0.3907      -0.3435      -0.1949      -0.2239
   2      0      -0.2778      -0.3544      -0.2479      -0.5468      -0.6208
                 -0.5426      -0.3843      -0.3388      -0.1973      -0.2282
   3      0      -0.2733      -0.3543      -0.2472      -0.5435      -0.6143
                 -0.5419      -0.3804      -0.3400      -0.2021      -0.2275
   4      0      -0.2731      -0.3560      -0.2482      -0.5417      -0.6160
                 -0.5344      -0.3834      -0.3421      -0.2024      -0.2302
   5      0      -0.2682      -0.3622      -0.2500      -0.5413      -0.6107
                 -0.5348      -0.3832      -0.3367      -0.2073      -0.2339
   5     60      -0.2686      -0.3625      -0.2504      -0.5416      -0.6110
                 -0.5352      -0.3835      -0.3370      -0.2076      -0.2341
   5     80      -0.2704      -0.3642      -0.2521      -0.5434      -0.6128
                 -0.5369      -0.3852      -0.3388      -0.2090      -0.2354
   5    100      -0.2741      -0.3677      -0.2556      -0.5470      -0.6163
                 -0.5404      -0.3887      -0.3423      -0.2120      -0.2383
 
 group  inft   Estimated free energy: 3-th solvent contribution (kcal/mol)
   1      0      -4.2322      -4.1816      -4.0320      -2.8424      -3.1871
                 -3.9747      -3.5078      -3.8232      -4.2854      -4.1274
   1     60      -4.2598      -4.2092      -4.0595      -2.8697      -3.2145
                 -4.0022      -3.5352      -3.8507      -4.3130      -4.1549
   1     80      -4.4089      -4.3583      -4.2083      -3.0168      -3.3624
                 -4.1513      -3.6830      -3.9992      -4.4622      -4.3036
   1    100      -4.8019      -4.7508      -4.5997      -3.4041      -3.7517
                 -4.5444      -4.0714      -4.3903      -4.8554      -4.6952
   2      0      -4.2322      -4.1820      -4.0332      -2.8423      -3.1894
                 -3.9786      -3.5052      -3.8225      -4.2864      -4.1265
   3      0      -4.2342      -4.1876      -4.0318      -2.8442      -3.1885
                 -3.9769      -3.5076      -3.8256      -4.2874      -4.1297
   4      0      -4.2245      -4.1746      -4.0271      -2.8367      -3.1859
                 -3.9760      -3.4981      -3.8155      -4.2786      -4.1165
   5      0      -4.2275      -4.1832      -4.0303      -2.8477      -3.1938
                 -3.9813      -3.5099      -3.8232      -4.2900      -4.1280
   5     60      -4.2634      -4.2191      -4.0662      -2.8832      -3.2294
                 -4.0171      -3.5456      -3.8590      -4.3259      -4.1638
   5     80      -4.4402      -4.3958      -4.2425      -3.0576      -3.4047
                 -4.1939      -3.7207      -4.0350      -4.5028      -4.3401
   5    100      -4.7972      -4.7524      -4.5981      -3.4093      -3.7583
                 -4.5509      -4.0735      -4.3903      -4.8600      -4.6960
 
 
 cumulative average & 95% error for solvation free energy
              total             1st component         2nd component         3rd component
  1    -4.5070                0.0006               -0.2733               -4.2342
  2    -4.5062     0.0017     0.0186     0.0362    -0.3138     0.0810    -4.2109     0.0466
  3    -4.5195     0.0266    -0.0765     0.1915    -0.2916     0.0645    -4.1512     0.1224
  4    -4.5233     0.0203    -0.3442     0.5521    -0.3546     0.1340    -3.8244     0.6592
  5    -4.5343     0.0270    -0.4304     0.4611    -0.4065     0.1468    -3.6972     0.5705
  6    -4.5517     0.0412    -0.3786     0.3905    -0.4291     0.1281    -3.7438     0.4750
  7    -4.5397     0.0422    -0.4074     0.3350    -0.4221     0.1091    -3.7101     0.4071
  8    -4.5536     0.0459    -0.4171     0.2908    -0.4119     0.0967    -3.7245     0.3538
  9    -4.5529     0.0405    -0.3771     0.2686    -0.3886     0.0972    -3.7871     0.3361
 10    -4.5397     0.0447    -0.3459     0.2483    -0.3724     0.0927    -3.8213     0.3083
