 ERmod 0.3.7, Copyright (C) 2000-2019 Nobuyuki Matubayasi
                            2010-2019 Shun Sakuraba
 ERmod comes with ABSOLUTELY NO WARRANTY.
 This is free software, and you can redistribute it
 and/or modify it under certain conditions.
 See LICENSE file for details.
 ERmod 0.3.7, Copyright (C) 2000-2019 Nobuyuki Matubayasi
                            2010-2019 Shun Sakuraba
 ERmod comes with ABSOLUTELY NO WARRANTY.
 This is free software, and you can redistribute it
 and/or modify it under certain conditions.
 See LICENSE file for details.
 
  Number of the   1-th solvent  =           90
  Number of the   2-th solvent  =           90
  Number of the   3-th solvent  =        10000
 
  Be sure that the solvent distribution is homogeneous (radial distribution function is essentially unity) when the solvent molecule is separated beyond distance of   10.0 Angstrom in any direction from any atom within the solute molecule
 
  LJ long-range correction    =        -0.0023     -0.0060     -0.2409
 
  Self-energy of the solute   =         0.0000  kcal/mol
 
 
 cumulative average & 95% error for solvation energy
              total             1st component         2nd component         3rd component
  1    -6.7442                0.0319               -0.1298               -6.6464
  2    -6.7537     0.0191     0.0346     0.0054    -0.1529     0.0463    -6.6355     0.0218
  3    -6.7472     0.0170     0.0361     0.0043    -0.1378     0.0404    -6.6456     0.0238
  4    -6.7422     0.0158     0.0394     0.0072    -0.1307     0.0319    -6.6509     0.0199
  5    -6.7340     0.0204     0.0393     0.0056    -0.1237     0.0284    -6.6496     0.0156
  6    -6.7323     0.0170     0.0419     0.0069    -0.1265     0.0239    -6.6477     0.0133
  7    -6.7337     0.0147     0.0397     0.0073    -0.1265     0.0202    -6.6469     0.0113
  8    -6.7428     0.0220     0.0385     0.0068    -0.1378     0.0287    -6.6434     0.0121
  9    -6.7434     0.0195     0.0393     0.0062    -0.1393     0.0254    -6.6434     0.0106
 10    -6.7426     0.0175     0.0390     0.0056    -0.1415     0.0232    -6.6401     0.0116
 
 
 group  inft  solvation free energy     error          difference
  total solvation free energy
   1      0          2.71955           0.02302          -0.00448
   1     60          2.70636           0.02311          -0.01766
   1     80          2.60966           0.02387          -0.11437
   1    100          2.29220           0.02628          -0.43183
   2      0          2.71623           0.02209          -0.00780
   3      0          2.72403           0.02198           0.00000
   4      0          2.73315           0.02167           0.00912
   5      0          2.78681           0.02205           0.06278
   5     60          2.76902           0.02218           0.04499
   5     80          2.65001           0.02307          -0.07402
   5    100          2.35539           0.02520          -0.36864
 
  contribution from  1-th solvent component
   1      0          0.10448           0.00913           0.00270
   1     60          0.10451           0.00917           0.00273
   1     80          0.10471           0.00960           0.00293
   1    100          0.10457           0.01111           0.00278
   2      0          0.10240           0.00860           0.00062
   3      0          0.10178           0.00837           0.00000
   4      0          0.10088           0.00842          -0.00090
   5      0          0.10092           0.00822          -0.00086
   5     60          0.10094           0.00828          -0.00084
   5     80          0.10093           0.00880          -0.00085
   5    100          0.10033           0.01016          -0.00145
 
  contribution from  2-th solvent component
   1      0         -0.03546           0.02411           0.00296
   1     60         -0.03541           0.02420           0.00300
   1     80         -0.03535           0.02475           0.00306
   1    100         -0.03564           0.02644           0.00278
   2      0         -0.03771           0.02334           0.00070
   3      0         -0.03842           0.02309           0.00000
   4      0         -0.03920           0.02293          -0.00078
   5      0         -0.03981           0.02278          -0.00139
   5     60         -0.03977           0.02289          -0.00136
   5     80         -0.03980           0.02358          -0.00139
   5    100         -0.04028           0.02513          -0.00186
 
  contribution from  3-th solvent component
   1      0          2.65052           0.00524          -0.01013
   1     60          2.63725           0.00525          -0.02340
   1     80          2.54029           0.00535          -0.12036
   1    100          2.22326           0.00566          -0.43739
   2      0          2.65153           0.00562          -0.00913
   3      0          2.66065           0.00524           0.00000
   4      0          2.67146           0.00563           0.01081
   5      0          2.72569           0.00484           0.06504
   5     60          2.70784           0.00486           0.04719
   5     80          2.58887           0.00503          -0.07178
   5    100          2.29533           0.00539          -0.36532
 
 
 group  inft   Estimated free energy: total (kcal/mol)
   1      0       2.7014       2.6936       2.7391       2.7396       2.7883
                  2.7566       2.7029       2.6621       2.7122       2.6995
   1     60       2.6881       2.6803       2.7262       2.7265       2.7754
                  2.7436       2.6896       2.6487       2.6990       2.6862
   1     80       2.5906       2.5826       2.6305       2.6309       2.6803
                  2.6486       2.5918       2.5504       2.6023       2.5886
   1    100       2.2701       2.2618       2.3159       2.3163       2.3682
                  2.3372       2.2711       2.2281       2.2850       2.2683
   2      0       2.6988       2.6908       2.7349       2.7354       2.7821
                  2.7525       2.6971       2.6616       2.7090       2.7000
   3      0       2.7075       2.6975       2.7439       2.7411       2.7904
                  2.7581       2.7065       2.6691       2.7190       2.7071
   4      0       2.7154       2.7055       2.7500       2.7491       2.7997
                  2.7689       2.7162       2.6810       2.7269       2.7189
   5      0       2.7715       2.7601       2.8101       2.8040       2.8523
                  2.8195       2.7699       2.7306       2.7810       2.7691
   5     60       2.7536       2.7422       2.7926       2.7864       2.8348
                  2.8019       2.7520       2.7125       2.7632       2.7511
   5     80       2.6335       2.6220       2.6749       2.6686       2.7178
                  2.6849       2.6316       2.5916       2.6442       2.6310
   5    100       2.3362       2.3245       2.3828       2.3764       2.4279
                  2.3958       2.3341       2.2927       2.3496       2.3338
 
 group  inft   Estimated free energy: 1-th solvent contribution (kcal/mol)
   1      0       0.0951       0.1000       0.0989       0.1102       0.0955
                  0.1407       0.0924       0.0983       0.1144       0.0994
   1     60       0.0951       0.1000       0.0989       0.1102       0.0955
                  0.1409       0.0924       0.0983       0.1145       0.0994
   1     80       0.0948       0.0998       0.0988       0.1107       0.0954
                  0.1428       0.0921       0.0980       0.1152       0.0993
   1    100       0.0930       0.0985       0.0976       0.1114       0.0943
                  0.1487       0.0903       0.0964       0.1169       0.0984
   2      0       0.0944       0.0979       0.0960       0.1069       0.0939
                  0.1368       0.0917       0.0965       0.1119       0.0980
   3      0       0.0940       0.0975       0.0950       0.1058       0.0937
                  0.1351       0.0915       0.0964       0.1119       0.0969
   4      0       0.0932       0.0965       0.0937       0.1044       0.0931
                  0.1348       0.0912       0.0954       0.1105       0.0961
   5      0       0.0931       0.0968       0.0938       0.1047       0.0933
                  0.1338       0.0913       0.0951       0.1105       0.0967
   5     60       0.0931       0.0967       0.0938       0.1048       0.0933
                  0.1341       0.0913       0.0950       0.1106       0.0967
   5     80       0.0926       0.0963       0.0933       0.1051       0.0930
                  0.1362       0.0908       0.0945       0.1112       0.0964
   5    100       0.0906       0.0946       0.0917       0.1052       0.0914
                  0.1410       0.0888       0.0926       0.1122       0.0952
 
 group  inft   Estimated free energy: 2-th solvent contribution (kcal/mol)
   1      0      -0.0344      -0.0666      -0.0114      -0.0096       0.0482
                 -0.0458      -0.0332      -0.0889      -0.0532      -0.0595
   1     60      -0.0344      -0.0667      -0.0112      -0.0094       0.0485
                 -0.0458      -0.0332      -0.0890      -0.0533      -0.0596
   1     80      -0.0345      -0.0674      -0.0103      -0.0086       0.0505
                 -0.0462      -0.0334      -0.0898      -0.0537      -0.0602
   1    100      -0.0351      -0.0699      -0.0078      -0.0067       0.0561
                 -0.0479      -0.0342      -0.0926      -0.0557      -0.0626
   2      0      -0.0371      -0.0686      -0.0138      -0.0120       0.0428
                 -0.0474      -0.0366      -0.0898      -0.0544      -0.0602
   3      0      -0.0380      -0.0688      -0.0148      -0.0140       0.0415
                 -0.0483      -0.0366      -0.0902      -0.0547      -0.0603
   4      0      -0.0388      -0.0696      -0.0162      -0.0148       0.0403
                 -0.0487      -0.0374      -0.0906      -0.0552      -0.0609
   5      0      -0.0396      -0.0698      -0.0150      -0.0164       0.0387
                 -0.0502      -0.0379      -0.0911      -0.0557      -0.0611
   5     60      -0.0396      -0.0699      -0.0147      -0.0162       0.0391
                 -0.0503      -0.0379      -0.0912      -0.0558      -0.0612
   5     80      -0.0398      -0.0708      -0.0136      -0.0153       0.0415
                 -0.0509      -0.0382      -0.0922      -0.0564      -0.0621
   5    100      -0.0408      -0.0733      -0.0116      -0.0138       0.0465
                 -0.0528      -0.0393      -0.0949      -0.0585      -0.0644
 
 group  inft   Estimated free energy: 3-th solvent contribution (kcal/mol)
   1      0       2.6407       2.6602       2.6517       2.6390       2.6446
                  2.6617       2.6438       2.6527       2.6510       2.6597
   1     60       2.6275       2.6470       2.6385       2.6257       2.6313
                  2.6485       2.6304       2.6394       2.6378       2.6464
   1     80       2.5302       2.5501       2.5420       2.5288       2.5343
                  2.5519       2.5330       2.5422       2.5409       2.5494
   1    100       2.2122       2.2331       2.2261       2.2115       2.2177
                  2.2364       2.2150       2.2242       2.2238       2.2324
   2      0       2.6415       2.6615       2.6527       2.6405       2.6454
                  2.6631       2.6420       2.6549       2.6515       2.6622
   3      0       2.6515       2.6688       2.6637       2.6492       2.6553
                  2.6713       2.6516       2.6629       2.6618       2.6705
   4      0       2.6611       2.6786       2.6725       2.6594       2.6663
                  2.6828       2.6624       2.6763       2.6716       2.6836
   5      0       2.7179       2.7332       2.7313       2.7157       2.7202
                  2.7359       2.7165       2.7265       2.7262       2.7335
   5     60       2.7000       2.7154       2.7135       2.6978       2.7023
                  2.7181       2.6986       2.7086       2.7083       2.7156
   5     80       2.5807       2.5966       2.5951       2.5788       2.5833
                  2.5996       2.5791       2.5894       2.5894       2.5966
   5    100       2.2864       2.3032       2.3026       2.2850       2.2900
                  2.3075       2.2846       2.2951       2.2959       2.3031
 
 
 cumulative average & 95% error for solvation free energy
              total             1st component         2nd component         3rd component
  1     2.7075                0.0940               -0.0380                2.6515
  2     2.7025     0.0100     0.0958     0.0034    -0.0534     0.0308     2.6601     0.0173
  3     2.7163     0.0282     0.0955     0.0020    -0.0405     0.0312     2.6613     0.0103
  4     2.7225     0.0235     0.0981     0.0054    -0.0339     0.0258     2.6583     0.0095
  5     2.7361     0.0327     0.0972     0.0045    -0.0188     0.0362     2.6577     0.0074
  6     2.7398     0.0277     0.1035     0.0132    -0.0237     0.0311     2.6599     0.0076
  7     2.7350     0.0253     0.1018     0.0116    -0.0256     0.0266     2.6588     0.0068
  8     2.7268     0.0274     0.1011     0.0102    -0.0336     0.0281     2.6593     0.0060
  9     2.7259     0.0242     0.1023     0.0093    -0.0360     0.0252     2.6596     0.0053
 10     2.7240     0.0220     0.1018     0.0084    -0.0384     0.0231     2.6607     0.0052
