 ERmod 0.3.7, Copyright (C) 2000-2019 Nobuyuki Matubayasi
                            2010-2019 Shun Sakuraba
 ERmod comes with ABSOLUTELY NO WARRANTY.
 This is free software, and you can redistribute it
 and/or modify it under certain conditions.
 See LICENSE file for details.
 ERmod 0.3.7, Copyright (C) 2000-2019 Nobuyuki Matubayasi
                            2010-2019 Shun Sakuraba
 ERmod comes with ABSOLUTELY NO WARRANTY.
 This is free software, and you can redistribute it
 and/or modify it under certain conditions.
 See LICENSE file for details.
 
  Number of the   1-th solvent  =           90
  Number of the   2-th solvent  =           90
  Number of the   3-th solvent  =        10000
 
  Be sure that the solvent distribution is homogeneous (radial distribution function is essentially unity) when the solvent molecule is separated beyond distance of   10.0 Angstrom in any direction from any atom within the solute molecule
 
  LJ long-range correction    =        -0.0010     -0.0044     -0.6334
 
  Self-energy of the solute   =        -0.0001  kcal/mol
 
 
 cumulative average & 95% error for solvation energy
              total             1st component         2nd component         3rd component
  1   -28.0307                0.1561               -0.5006              -27.6861
  2   -28.0844     0.1074     0.2164     0.1207    -0.3852     0.2307   -27.9155     0.4588
  3   -28.0942     0.0651     0.0387     0.3622    -0.1855     0.4211   -27.9473     0.2724
  4   -28.2003     0.2171    -0.4306     0.9729    -0.4176     0.5514   -27.3520     1.2060
  5   -28.2563     0.2021    -0.3537     0.7691    -0.7649     0.8155   -27.1377     1.0278
  6   -28.2186     0.1814    -0.2636     0.6533    -0.6894     0.6827   -27.2655     0.8773
  7   -28.1993     0.1581    -0.3712     0.5926    -0.6172     0.5948   -27.2108     0.7495
  8   -28.2082     0.1381    -0.3492     0.5151    -0.5852     0.5191   -27.2737     0.6612
  9   -28.1929     0.1256    -0.4458     0.4937    -0.5337     0.4692   -27.2133     0.5954
 10   -28.1831     0.1140    -0.3697     0.4670    -0.5482     0.4207   -27.2650     0.5425
 
 
 group  inft  solvation free energy     error          difference
  total solvation free energy
   1      0         -3.55381           0.05207          -0.00209
   1     60         -3.57446           0.05212          -0.02274
   1     80         -3.76643           0.05245          -0.21471
   1    100         -4.51172           0.05357          -0.96000
   2      0         -3.55144           0.05472           0.00028
   3      0         -3.55172           0.05718           0.00000
   4      0         -3.55060           0.05962           0.00112
   5      0         -3.55362           0.05973          -0.00190
   5     60         -3.58210           0.05978          -0.03038
   5     80         -3.82445           0.06023          -0.27273
   5    100         -4.51313           0.06139          -0.96141
 
  contribution from  1-th solvent component
   1      0         -0.03314           0.23569           0.00315
   1     60         -0.03276           0.23571           0.00353
   1     80         -0.03003           0.23588           0.00626
   1    100         -0.02160           0.23659           0.01469
   2      0         -0.03472           0.23617           0.00157
   3      0         -0.03629           0.23631           0.00000
   4      0         -0.03705           0.23742          -0.00076
   5      0         -0.03961           0.23687          -0.00332
   5     60         -0.03915           0.23689          -0.00285
   5     80         -0.03592           0.23714           0.00037
   5    100         -0.02865           0.23793           0.00764
 
  contribution from  2-th solvent component
   1      0         -0.34042           0.19060          -0.00872
   1     60         -0.34021           0.19061          -0.00851
   1     80         -0.33889           0.19076          -0.00719
   1    100         -0.33650           0.19134          -0.00480
   2      0         -0.33415           0.19096          -0.00245
   3      0         -0.33170           0.19258           0.00000
   4      0         -0.33251           0.19290          -0.00081
   5      0         -0.33181           0.19358          -0.00011
   5     60         -0.33155           0.19360           0.00015
   5     80         -0.33016           0.19381           0.00154
   5    100         -0.32841           0.19442           0.00329
 
  contribution from  3-th solvent component
   1      0         -3.18014           0.30688           0.00348
   1     60         -3.20139           0.30684          -0.01776
   1     80         -3.39741           0.30682          -0.21378
   1    100         -4.15352           0.30821          -0.96989
   2      0         -3.18247           0.30728           0.00116
   3      0         -3.18363           0.30703           0.00000
   4      0         -3.18094           0.30628           0.00269
   5      0         -3.18210           0.30801           0.00153
   5     60         -3.21130           0.30797          -0.02767
   5     80         -3.45827           0.30801          -0.27464
   5    100         -4.15597           0.30937          -0.97234
 
 
 group  inft   Estimated free energy: total (kcal/mol)
   1      0      -3.5336      -3.3902      -3.6610      -3.5962      -3.5559
                 -3.5528      -3.6021      -3.6529      -3.4663      -3.5270
   1     60      -3.5542      -3.4106      -3.6818      -3.6170      -3.5768
                 -3.5733      -3.6228      -3.6735      -3.4871      -3.5476
   1     80      -3.7458      -3.6010      -3.8743      -3.8097      -3.7695
                 -3.7645      -3.8152      -3.8659      -3.6793      -3.7392
   1    100      -4.4911      -4.3425      -4.6218      -4.5535      -4.5149
                 -4.5094      -4.5613      -4.6149      -4.4236      -4.4841
   2      0      -3.5476      -3.3696      -3.6503      -3.5972      -3.5502
                 -3.5560      -3.6003      -3.6585      -3.4643      -3.5204
   3      0      -3.5562      -3.3615      -3.6463      -3.6065      -3.5531
                 -3.5564      -3.5957      -3.6666      -3.4560      -3.5188
   4      0      -3.5593      -3.3479      -3.6473      -3.6107      -3.5548
                 -3.5531      -3.5930      -3.6701      -3.4613      -3.5085
   5      0      -3.5703      -3.3522      -3.6501      -3.6041      -3.5614
                 -3.5556      -3.5902      -3.6787      -3.4588      -3.5149
   5     60      -3.5986      -3.3804      -3.6787      -3.6328      -3.5901
                 -3.5838      -3.6188      -3.7072      -3.4873      -3.5433
   5     80      -3.8407      -3.6207      -3.9216      -3.8760      -3.8332
                 -3.8252      -3.8617      -3.9503      -3.7300      -3.7851
   5    100      -4.5295      -4.3055      -4.6121      -4.5637      -4.5217
                 -4.5134      -4.5515      -4.6430      -4.4178      -4.4731
 
 group  inft   Estimated free energy: 1-th solvent contribution (kcal/mol)
   1      0       0.2308       0.4326      -0.0958      -0.7176       0.0918
                  0.2232      -0.3733       0.0520      -0.4621       0.2870
   1     60       0.2312       0.4331      -0.0955      -0.7173       0.0922
                  0.2237      -0.3729       0.0523      -0.4618       0.2874
   1     80       0.2340       0.4364      -0.0928      -0.7150       0.0949
                  0.2270      -0.3704       0.0547      -0.4593       0.2901
   1    100       0.2428       0.4479      -0.0847      -0.7081       0.1032
                  0.2373      -0.3631       0.0620      -0.4518       0.2985
   2      0       0.2254       0.4394      -0.0919      -0.7186       0.0900
                  0.2166      -0.3796       0.0486      -0.4634       0.2864
   3      0       0.2182       0.4432      -0.0938      -0.7227       0.0885
                  0.2121      -0.3817       0.0447      -0.4594       0.2880
   4      0       0.2128       0.4495      -0.0926      -0.7241       0.0910
                  0.2137      -0.3841       0.0382      -0.4639       0.2891
   5      0       0.2119       0.4463      -0.0952      -0.7255       0.0864
                  0.2079      -0.3842       0.0348      -0.4655       0.2869
   5     60       0.2124       0.4469      -0.0948      -0.7251       0.0869
                  0.2085      -0.3837       0.0352      -0.4651       0.2874
   5     80       0.2156       0.4511      -0.0915      -0.7225       0.0902
                  0.2125      -0.3809       0.0378      -0.4622       0.2907
   5    100       0.2230       0.4616      -0.0844      -0.7169       0.0976
                  0.2219      -0.3750       0.0436      -0.4561       0.2981
 
 group  inft   Estimated free energy: 2-th solvent contribution (kcal/mol)
   1      0      -0.3406      -0.1199      -0.0147      -0.6437      -1.0446
                 -0.2156      -0.2501      -0.2474      -0.1400      -0.3875
   1     60      -0.3403      -0.1196      -0.0145      -0.6435      -1.0445
                 -0.2154      -0.2500      -0.2472      -0.1398      -0.3873
   1     80      -0.3387      -0.1174      -0.0134      -0.6424      -1.0438
                 -0.2140      -0.2491      -0.2458      -0.1383      -0.3859
   1    100      -0.3353      -0.1117      -0.0113      -0.6413      -1.0434
                 -0.2117      -0.2485      -0.2433      -0.1351      -0.3833
   2      0      -0.3452      -0.1042      -0.0060      -0.6444      -1.0341
                 -0.2088      -0.2390      -0.2487      -0.1345      -0.3766
   3      0      -0.3447      -0.1006       0.0002      -0.6463      -1.0358
                 -0.2037      -0.2329      -0.2502      -0.1283      -0.3747
   4      0      -0.3473      -0.0987      -0.0021      -0.6522      -1.0368
                 -0.2063      -0.2301      -0.2508      -0.1314      -0.3694
   5      0      -0.3486      -0.1019      -0.0002      -0.6513      -1.0393
                 -0.2009      -0.2288      -0.2528      -0.1264      -0.3680
   5     60      -0.3483      -0.1015       0.0000      -0.6511      -1.0391
                 -0.2006      -0.2286      -0.2525      -0.1261      -0.3677
   5     80      -0.3465      -0.0989       0.0012      -0.6501      -1.0385
                 -0.1993      -0.2279      -0.2511      -0.1244      -0.3662
   5    100      -0.3438      -0.0939       0.0027      -0.6498      -1.0389
                 -0.1976      -0.2277      -0.2494      -0.1218      -0.3640
 
 group  inft   Estimated free energy: 3-th solvent contribution (kcal/mol)
   1      0      -3.4238      -3.7027      -3.5504      -2.2348      -2.6030
                 -3.5603      -2.9785      -3.4574      -2.8641      -3.4264
   1     60      -3.4450      -3.7239      -3.5717      -2.2561      -2.6244
                 -3.5815      -2.9998      -3.4786      -2.8854      -3.4476
   1     80      -3.6411      -3.9200      -3.7680      -2.4522      -2.8206
                 -3.7773      -3.1955      -3.6747      -3.0816      -3.6433
   1    100      -4.3986      -4.6786      -4.5257      -3.2041      -3.5745
                 -4.5349      -3.9495      -4.4335      -3.8365      -4.3992
   2      0      -3.4277      -3.7047      -3.5522      -2.2341      -2.6060
                 -3.5637      -2.9815      -3.4584      -2.8663      -3.4300
   3      0      -3.4295      -3.7040      -3.5526      -2.2374      -2.6057
                 -3.5647      -2.9811      -3.4611      -2.8681      -3.4320
   4      0      -3.4247      -3.6987      -3.5524      -2.2342      -2.6088
                 -3.5604      -2.9788      -3.4573      -2.8659      -3.4281
   5      0      -3.4335      -3.6966      -3.5546      -2.2271      -2.6085
                 -3.5625      -2.9771      -3.4606      -2.8668      -3.4337
   5     60      -3.4626      -3.7257      -3.5839      -2.2565      -2.6378
                 -3.5916      -3.0063      -3.4897      -2.8961      -3.4629
   5     80      -3.7097      -3.9728      -3.8312      -2.5033      -2.8848
                 -3.8384      -3.2529      -3.7369      -3.1432      -3.7095
   5    100      -4.4087      -4.6731      -4.5304      -3.1969      -3.5803
                 -4.5376      -3.9487      -4.4371      -3.8398      -4.4072
 
 
 cumulative average & 95% error for solvation free energy
              total             1st component         2nd component         3rd component
  1    -3.5562                0.2182               -0.3447               -3.4295
  2    -3.4588     0.1947     0.3307     0.2250    -0.2227     0.2442    -3.5667     0.2744
  3    -3.5213     0.1681     0.1892     0.3114    -0.1484     0.2048    -3.5620     0.1587
  4    -3.5426     0.1263    -0.0388     0.5063    -0.2728     0.2880    -3.2309     0.6717
  5    -3.5447     0.0979    -0.0133     0.3955    -0.4254     0.3780    -3.1058     0.5773
  6    -3.5467     0.0800     0.0242     0.3315    -0.3885     0.3174    -3.1823     0.4956
  7    -3.5537     0.0691    -0.0337     0.3033    -0.3663     0.2719    -3.1536     0.4227
  8    -3.5678     0.0661    -0.0239     0.2634    -0.3517     0.2373    -3.1920     0.3741
  9    -3.5554     0.0634    -0.0723     0.2516    -0.3269     0.2150    -3.1560     0.3377
 10    -3.5517     0.0572    -0.0363     0.2363    -0.3317     0.1926    -3.1836     0.3070
