 ERmod 0.3.7, Copyright (C) 2000-2019 Nobuyuki Matubayasi
                            2010-2019 Shun Sakuraba
 ERmod comes with ABSOLUTELY NO WARRANTY.
 This is free software, and you can redistribute it
 and/or modify it under certain conditions.
 See LICENSE file for details.
 ERmod 0.3.7, Copyright (C) 2000-2019 Nobuyuki Matubayasi
                            2010-2019 Shun Sakuraba
 ERmod comes with ABSOLUTELY NO WARRANTY.
 This is free software, and you can redistribute it
 and/or modify it under certain conditions.
 See LICENSE file for details.
 
  Number of the   1-th solvent  =           90
  Number of the   2-th solvent  =           90
  Number of the   3-th solvent  =        10000
 
  Be sure that the solvent distribution is homogeneous (radial distribution function is essentially unity) when the solvent molecule is separated beyond distance of   10.0 Angstrom in any direction from any atom within the solute molecule
 
  LJ long-range correction    =        -0.0012     -0.0182     -0.7316
 
  Self-energy of the solute   =        -0.0001  kcal/mol
 
 
 cumulative average & 95% error for solvation energy
              total             1st component         2nd component         3rd component
  1   -30.4600               -1.5203               -0.5617              -28.3779
  2   -30.4396     0.0408    -0.7650     1.5105    -0.6079     0.0925   -29.0666     1.3772
  3   -30.4213     0.0435    -1.0062     0.9966    -0.5502     0.1272   -28.8649     0.8916
  4   -30.3761     0.0954    -0.7776     0.8400    -0.6397     0.2003   -28.9588     0.6579
  5   -30.3793     0.0742    -0.6254     0.7184    -0.6354     0.1554   -29.1185     0.6014
  6   -30.3900     0.0642    -0.5397     0.6111    -0.8146     0.3802   -29.0356     0.5182
  7   -30.3932     0.0546    -0.4100     0.5779    -0.8358     0.3241   -29.1472     0.4916
  8   -30.4200     0.0716    -0.4374     0.5034    -0.8282     0.2811   -29.1543     0.4260
  9   -30.4302     0.0663    -0.3743     0.4616    -0.8173     0.2489   -29.2385     0.4117
 10   -30.4356     0.0603    -0.4063     0.4178    -0.8790     0.2545   -29.1502     0.4084
 
 
 group  inft  solvation free energy     error          difference
  total solvation free energy
   1      0         -3.51116           0.05966           0.01490
   1     60         -3.53349           0.05965          -0.00743
   1     80         -3.74875           0.05968          -0.22269
   1    100         -4.59194           0.06064          -1.06588
   2      0         -3.52207           0.05758           0.00399
   3      0         -3.52606           0.05770           0.00000
   4      0         -3.52815           0.05650          -0.00209
   5      0         -3.52425           0.05667           0.00181
   5     60         -3.55499           0.05666          -0.02893
   5     80         -3.82809           0.05664          -0.30203
   5    100         -4.60726           0.05725          -1.08120
 
  contribution from  1-th solvent component
   1      0         -0.08452           0.20649           0.00703
   1     60         -0.08411           0.20649           0.00744
   1     80         -0.08077           0.20652           0.01077
   1    100         -0.07067           0.20667           0.02087
   2      0         -0.08990           0.20984           0.00164
   3      0         -0.09155           0.20980           0.00000
   4      0         -0.09400           0.21162          -0.00245
   5      0         -0.09394           0.21111          -0.00239
   5     60         -0.09338           0.21111          -0.00183
   5     80         -0.08947           0.21118           0.00208
   5    100         -0.08083           0.21145           0.01071
 
  contribution from  2-th solvent component
   1      0         -0.51168           0.12513           0.00290
   1     60         -0.51184           0.12514           0.00274
   1     80         -0.51343           0.12528           0.00115
   1    100         -0.52041           0.12578          -0.00582
   2      0         -0.51356           0.12223           0.00103
   3      0         -0.51458           0.12135           0.00000
   4      0         -0.51501           0.11995          -0.00043
   5      0         -0.51507           0.12064          -0.00049
   5     60         -0.51530           0.12065          -0.00072
   5     80         -0.51753           0.12077          -0.00295
   5    100         -0.52437           0.12110          -0.00979
 
  contribution from  3-th solvent component
   1      0         -2.91488           0.22612           0.00497
   1     60         -2.93746           0.22611          -0.01761
   1     80         -3.15446           0.22615          -0.23462
   1    100         -4.00078           0.22741          -1.08093
   2      0         -2.91853           0.22625           0.00132
   3      0         -2.91985           0.22609           0.00000
   4      0         -2.91906           0.22570           0.00079
   5      0         -2.91516           0.22496           0.00469
   5     60         -2.94622           0.22495          -0.02638
   5     80         -3.22100           0.22505          -0.30116
   5    100         -4.00198           0.22626          -1.08213
 
 
 group  inft   Estimated free energy: total (kcal/mol)
   1      0      -3.3497      -3.5991      -3.3929      -3.5644      -3.4561
                 -3.5322      -3.5337      -3.6626      -3.5463      -3.4746
   1     60      -3.3721      -3.6214      -3.4152      -3.5865      -3.4785
                 -3.5545      -3.5561      -3.6849      -3.5686      -3.4969
   1     80      -3.5875      -3.8366      -3.6300      -3.8009      -3.6937
                 -3.7703      -3.7715      -3.9002      -3.7848      -3.7120
   1    100      -4.4281      -4.6818      -4.4683      -4.6431      -4.5387
                 -4.6160      -4.6148      -4.7429      -4.6326      -4.5529
   2      0      -3.3533      -3.6082      -3.4354      -3.5801      -3.4602
                 -3.5421      -3.5460      -3.6675      -3.5432      -3.4847
   3      0      -3.3549      -3.6191      -3.4474      -3.5840      -3.4597
                 -3.5438      -3.5546      -3.6683      -3.5404      -3.4883
   4      0      -3.3583      -3.6177      -3.4565      -3.5833      -3.4620
                 -3.5465      -3.5528      -3.6716      -3.5341      -3.4987
   5      0      -3.3597      -3.6159      -3.4479      -3.5762      -3.4505
                 -3.5473      -3.5477      -3.6673      -3.5388      -3.4913
   5     60      -3.3905      -3.6466      -3.4787      -3.6067      -3.4812
                 -3.5781      -3.5785      -3.6980      -3.5696      -3.5220
   5     80      -3.6639      -3.9197      -3.7512      -3.8787      -3.7544
                 -3.8516      -3.8517      -3.9712      -3.8437      -3.7948
   5    100      -4.4411      -4.7010      -4.5265      -4.6568      -4.5352
                 -4.6324      -4.6310      -4.7501      -4.6265      -4.5721
 
 group  inft   Estimated free energy: 1-th solvent contribution (kcal/mol)
   1      0      -0.5722       0.1238      -0.6733      -0.0126       0.1644
                  0.0741       0.2456      -0.2145       0.2284      -0.2088
   1     60      -0.5718       0.1242      -0.6728      -0.0122       0.1647
                  0.0745       0.2461      -0.2142       0.2288      -0.2084
   1     80      -0.5688       0.1276      -0.6694      -0.0084       0.1679
                  0.0781       0.2495      -0.2110       0.2319      -0.2052
   1    100      -0.5595       0.1381      -0.6593       0.0027       0.1779
                  0.0890       0.2599      -0.2015       0.2415      -0.1956
   2      0      -0.5721       0.1246      -0.6988      -0.0245       0.1680
                  0.0637       0.2406      -0.2186       0.2345      -0.2163
   3      0      -0.5664       0.1197      -0.7034      -0.0280       0.1698
                  0.0624       0.2364      -0.2207       0.2377      -0.2229
   4      0      -0.5720       0.1245      -0.7095      -0.0280       0.1728
                  0.0591       0.2339      -0.2273       0.2372      -0.2305
   5      0      -0.5710       0.1231      -0.7089      -0.0271       0.1707
                  0.0571       0.2366      -0.2298       0.2344      -0.2244
   5     60      -0.5705       0.1236      -0.7083      -0.0264       0.1712
                  0.0577       0.2372      -0.2293       0.2349      -0.2239
   5     80      -0.5670       0.1276      -0.7044      -0.0219       0.1750
                  0.0620       0.2413      -0.2257       0.2386      -0.2203
   5    100      -0.5592       0.1367      -0.6961      -0.0122       0.1838
                  0.0717       0.2504      -0.2178       0.2470      -0.2125
 
 group  inft   Estimated free energy: 2-th solvent contribution (kcal/mol)
   1      0      -0.3224      -0.4661      -0.2500      -0.5462      -0.3712
                 -0.9007      -0.5428      -0.5120      -0.4353      -0.7703
   1     60      -0.3225      -0.4662      -0.2501      -0.5463      -0.3713
                 -0.9008      -0.5429      -0.5122      -0.4355      -0.7705
   1     80      -0.3240      -0.4678      -0.2510      -0.5480      -0.3727
                 -0.9027      -0.5446      -0.5140      -0.4373      -0.7723
   1    100      -0.3301      -0.4748      -0.2557      -0.5556      -0.3790
                 -0.9106      -0.5518      -0.5215      -0.4448      -0.7801
   2      0      -0.3241      -0.4715      -0.2654      -0.5445      -0.3763
                 -0.8949      -0.5457      -0.5097      -0.4357      -0.7677
   3      0      -0.3289      -0.4759      -0.2689      -0.5436      -0.3778
                 -0.8948      -0.5495      -0.5075      -0.4334      -0.7655
   4      0      -0.3300      -0.4810      -0.2748      -0.5436      -0.3815
                 -0.8920      -0.5457      -0.5061      -0.4316      -0.7637
   5      0      -0.3323      -0.4799      -0.2701      -0.5439      -0.3773
                 -0.8917      -0.5501      -0.5047      -0.4342      -0.7665
   5     60      -0.3325      -0.4801      -0.2702      -0.5442      -0.3775
                 -0.8920      -0.5503      -0.5050      -0.4345      -0.7668
   5     80      -0.3347      -0.4824      -0.2717      -0.5465      -0.3795
                 -0.8944      -0.5526      -0.5074      -0.4369      -0.7692
   5    100      -0.3411      -0.4895      -0.2769      -0.5538      -0.3860
                 -0.9018      -0.5597      -0.5145      -0.4440      -0.7766
 
 group  inft   Estimated free energy: 3-th solvent contribution (kcal/mol)
   1      0      -2.4551      -3.2568      -2.4695      -3.0055      -3.2492
                 -2.7055      -3.2365      -2.9359      -3.3393      -2.4955
   1     60      -2.4777      -3.2793      -2.4922      -3.0280      -3.2718
                 -2.7281      -3.2592      -2.9585      -3.3619      -2.5180
   1     80      -2.6947      -3.4963      -2.7095      -3.2444      -3.4889
                 -2.9457      -3.4763      -3.1751      -3.5794      -2.7344
   1    100      -3.5384      -4.3449      -3.5532      -4.0902      -4.3376
                 -3.7943      -4.3228      -4.0198      -4.4293      -3.5772
   2      0      -2.4570      -3.2612      -2.4710      -3.0110      -3.2518
                 -2.7108      -3.2408      -2.9392      -3.3419      -2.5006
   3      0      -2.4595      -3.2628      -2.4751      -3.0123      -3.2517
                 -2.7114      -3.2413      -2.9401      -3.3446      -2.4997
   4      0      -2.4562      -3.2610      -2.4722      -3.0116      -3.2532
                 -2.7134      -3.2409      -2.9380      -3.3396      -2.5044
   5      0      -2.4563      -3.2590      -2.4689      -3.0051      -3.2438
                 -2.7127      -3.2341      -2.9327      -3.3389      -2.5002
   5     60      -2.4874      -3.2900      -2.5001      -3.0360      -3.2748
                 -2.7438      -3.2652      -2.9637      -3.3699      -2.5312
   5     80      -2.7622      -3.5649      -2.7750      -3.3102      -3.5498
                 -3.0192      -3.5402      -3.2381      -3.6453      -2.8052
   5    100      -3.5408      -4.3482      -3.5534      -4.0907      -4.3329
                 -3.8022      -4.3216      -4.0176      -4.4294      -3.5829
 
 
 cumulative average & 95% error for solvation free energy
              total             1st component         2nd component         3rd component
  1    -3.3549               -0.5664               -0.3289               -2.4595
  2    -3.4870     0.2642    -0.2234     0.6861    -0.4024     0.1470    -2.8612     0.8033
  3    -3.4738     0.1548    -0.3834     0.5092    -0.3579     0.1230    -2.7325     0.5304
  4    -3.5014     0.1225    -0.2945     0.4015    -0.4043     0.1272    -2.8024     0.4003
  5    -3.4930     0.0964    -0.2017     0.3623    -0.3990     0.0991    -2.8923     0.3584
  6    -3.5015     0.0805    -0.1577     0.3086    -0.4816     0.1840    -2.8621     0.2988
  7    -3.5091     0.0697    -0.1014     0.2841    -0.4913     0.1567    -2.9163     0.2748
  8    -3.5290     0.0723    -0.1163     0.2478    -0.4934     0.1358    -2.9193     0.2380
  9    -3.5303     0.0638    -0.0769     0.2323    -0.4867     0.1205    -2.9665     0.2302
 10    -3.5261     0.0577    -0.0915     0.2098    -0.5146     0.1214    -2.9198     0.2261
