 ERmod 0.3.7, Copyright (C) 2000-2019 Nobuyuki Matubayasi
                            2010-2019 Shun Sakuraba
 ERmod comes with ABSOLUTELY NO WARRANTY.
 This is free software, and you can redistribute it
 and/or modify it under certain conditions.
 See LICENSE file for details.
 ERmod 0.3.7, Copyright (C) 2000-2019 Nobuyuki Matubayasi
                            2010-2019 Shun Sakuraba
 ERmod comes with ABSOLUTELY NO WARRANTY.
 This is free software, and you can redistribute it
 and/or modify it under certain conditions.
 See LICENSE file for details.
 
  Number of the   1-th solvent  =           90
  Number of the   2-th solvent  =           90
  Number of the   3-th solvent  =        10000
 
  Be sure that the solvent distribution is homogeneous (radial distribution function is essentially unity) when the solvent molecule is separated beyond distance of   10.0 Angstrom in any direction from any atom within the solute molecule
 
  LJ long-range correction    =        -0.0018     -0.0126     -0.2382
 
  Self-energy of the solute   =         0.0000  kcal/mol
 
 
 cumulative average & 95% error for solvation energy
              total             1st component         2nd component         3rd component
  1    -6.8107                0.0423               -0.3529               -6.5001
  2    -6.7878     0.0458     0.0470     0.0094    -0.2953     0.1153    -6.5396     0.0790
  3    -6.8007     0.0369     0.0436     0.0087    -0.3261     0.0908    -6.5182     0.0625
  4    -6.8036     0.0267     0.0438     0.0062    -0.3247     0.0642    -6.5227     0.0451
  5    -6.8137     0.0289     0.0419     0.0061    -0.3475     0.0674    -6.5081     0.0455
  6    -6.8075     0.0266     0.0431     0.0055    -0.3272     0.0684    -6.5235     0.0482
  7    -6.7965     0.0315     0.0449     0.0059    -0.3037     0.0744    -6.5377     0.0497
  8    -6.7913     0.0292     0.0459     0.0055    -0.2888     0.0710    -6.5485     0.0481
  9    -6.7939     0.0262     0.0465     0.0050    -0.2908     0.0628    -6.5497     0.0425
 10    -6.7937     0.0235     0.0474     0.0048    -0.2916     0.0562    -6.5495     0.0380
 
 
 group  inft  solvation free energy     error          difference
  total solvation free energy
   1      0          2.58569           0.01648          -0.00505
   1     60          2.56980           0.01656          -0.02095
   1     80          2.46237           0.01711          -0.12837
   1    100          2.12479           0.01871          -0.46596
   2      0          2.58260           0.01682          -0.00814
   3      0          2.59074           0.01597           0.00000
   4      0          2.59975           0.01623           0.00900
   5      0          2.65305           0.01646           0.06230
   5     60          2.63179           0.01656           0.04104
   5     80          2.50027           0.01722          -0.09047
   5    100          2.18778           0.01861          -0.40296
 
  contribution from  1-th solvent component
   1      0          0.10887           0.00731           0.00374
   1     60          0.10897           0.00736           0.00383
   1     80          0.10954           0.00773           0.00440
   1    100          0.11047           0.00896           0.00534
   2      0          0.10607           0.00676           0.00093
   3      0          0.10514           0.00663           0.00000
   4      0          0.10403           0.00644          -0.00110
   5      0          0.10425           0.00636          -0.00089
   5     60          0.10434           0.00642          -0.00080
   5     80          0.10475           0.00688          -0.00039
   5    100          0.10506           0.00796          -0.00008
 
  contribution from  2-th solvent component
   1      0         -0.10609           0.02551           0.00191
   1     60         -0.10621           0.02555           0.00180
   1     80         -0.10702           0.02577           0.00099
   1    100         -0.10939           0.02644          -0.00139
   2      0         -0.10742           0.02551           0.00058
   3      0         -0.10800           0.02540          -0.00000
   4      0         -0.10875           0.02537          -0.00075
   5      0         -0.10929           0.02541          -0.00128
   5     60         -0.10945           0.02546          -0.00145
   5     80         -0.11051           0.02571          -0.00251
   5    100         -0.11288           0.02628          -0.00488
 
  contribution from  3-th solvent component
   1      0          2.58290           0.01767          -0.01070
   1     60          2.56702           0.01769          -0.02658
   1     80          2.45984           0.01785          -0.13376
   1    100          2.12369           0.01845          -0.46990
   2      0          2.58394           0.01690          -0.00966
   3      0          2.59360           0.01722           0.00000
   4      0          2.60446           0.01664           0.01086
   5      0          2.65807           0.01580           0.06448
   5     60          2.63688           0.01583           0.04329
   5     80          2.50602           0.01600          -0.08758
   5    100          2.19559           0.01652          -0.39801
 
 
 group  inft   Estimated free energy: total (kcal/mol)
   1      0       2.5695       2.6055       2.5757       2.5697       2.5538
                  2.5957       2.6434       2.5965       2.5625       2.5847
   1     60       2.5535       2.5896       2.5598       2.5537       2.5377
                  2.5798       2.6278       2.5807       2.5465       2.5688
   1     80       2.4454       2.4827       2.4521       2.4457       2.4293
                  2.4724       2.5226       2.4733       2.4387       2.4616
   1    100       2.1055       2.1468       2.1138       2.1063       2.0889
                  2.1345       2.1915       2.1355       2.1000       2.1251
   2      0       2.5670       2.6015       2.5720       2.5650       2.5507
                  2.5951       2.6425       2.5925       2.5609       2.5789
   3      0       2.5756       2.6104       2.5817       2.5737       2.5599
                  2.6029       2.6460       2.6008       2.5688       2.5875
   4      0       2.5860       2.6172       2.5893       2.5821       2.5677
                  2.6141       2.6567       2.6085       2.5785       2.5975
   5      0       2.6359       2.6724       2.6403       2.6356       2.6197
                  2.6659       2.7095       2.6649       2.6342       2.6521
   5     60       2.6145       2.6512       2.6190       2.6142       2.5983
                  2.6447       2.6886       2.6436       2.6129       2.6309
   5     80       2.4821       2.5204       2.4872       2.4819       2.4656
                  2.5131       2.5599       2.5120       2.4810       2.4996
   5    100       2.1674       2.2095       2.1743       2.1678       2.1509
                  2.2001       2.2532       2.1990       2.1677       2.1879
 
 group  inft   Estimated free energy: 1-th solvent contribution (kcal/mol)
   1      0       0.1005       0.1165       0.0949       0.1000       0.0961
                  0.1051       0.1171       0.1114       0.1157       0.1313
   1     60       0.1005       0.1167       0.0950       0.1000       0.0961
                  0.1052       0.1173       0.1115       0.1158       0.1316
   1     80       0.1006       0.1178       0.0950       0.1001       0.0959
                  0.1057       0.1186       0.1122       0.1165       0.1331
   1    100       0.1001       0.1204       0.0939       0.0994       0.0943
                  0.1061       0.1221       0.1132       0.1179       0.1373
   2      0       0.0978       0.1134       0.0936       0.0978       0.0950
                  0.1031       0.1133       0.1066       0.1128       0.1274
   3      0       0.0973       0.1128       0.0932       0.0967       0.0942
                  0.1022       0.1119       0.1057       0.1113       0.1261
   4      0       0.0965       0.1109       0.0928       0.0965       0.0934
                  0.1016       0.1101       0.1030       0.1103       0.1253
   5      0       0.0969       0.1113       0.0930       0.0966       0.0931
                  0.1015       0.1118       0.1033       0.1110       0.1239
   5     60       0.0969       0.1115       0.0930       0.0966       0.0931
                  0.1016       0.1120       0.1034       0.1112       0.1242
   5     80       0.0967       0.1126       0.0927       0.0964       0.0925
                  0.1018       0.1134       0.1038       0.1118       0.1257
   5    100       0.0956       0.1145       0.0914       0.0953       0.0907
                  0.1015       0.1161       0.1041       0.1125       0.1289
 
 group  inft   Estimated free energy: 2-th solvent contribution (kcal/mol)
   1      0      -0.1340      -0.0853      -0.1451      -0.1216      -0.1666
                 -0.0790      -0.0418      -0.0525      -0.1195      -0.1155
   1     60      -0.1341      -0.0855      -0.1452      -0.1217      -0.1668
                 -0.0791      -0.0418      -0.0525      -0.1196      -0.1157
   1     80      -0.1351      -0.0864      -0.1463      -0.1227      -0.1679
                 -0.0800      -0.0418      -0.0526      -0.1207      -0.1167
   1    100      -0.1382      -0.0890      -0.1494      -0.1256      -0.1712
                 -0.0826      -0.0416      -0.0529      -0.1237      -0.1197
   2      0      -0.1350      -0.0866      -0.1466      -0.1224      -0.1685
                 -0.0798      -0.0425      -0.0553      -0.1203      -0.1172
   3      0      -0.1359      -0.0870      -0.1471      -0.1229      -0.1692
                 -0.0803      -0.0438      -0.0563      -0.1204      -0.1172
   4      0      -0.1367      -0.0875      -0.1480      -0.1236      -0.1698
                 -0.0805      -0.0448      -0.0573      -0.1213      -0.1181
   5      0      -0.1375      -0.0882      -0.1490      -0.1248      -0.1703
                 -0.0808      -0.0451      -0.0582      -0.1210      -0.1179
   5     60      -0.1377      -0.0884      -0.1492      -0.1250      -0.1706
                 -0.0810      -0.0451      -0.0582      -0.1212      -0.1182
   5     80      -0.1390      -0.0896      -0.1505      -0.1263      -0.1719
                 -0.0821      -0.0452      -0.0586      -0.1225      -0.1195
   5    100      -0.1419      -0.0922      -0.1535      -0.1291      -0.1750
                 -0.0847      -0.0453      -0.0593      -0.1254      -0.1225
 
 group  inft   Estimated free energy: 3-th solvent contribution (kcal/mol)
   1      0       2.6029       2.5743       2.6258       2.5913       2.6243
                  2.5695       2.5681       2.5376       2.5663       2.5689
   1     60       2.5870       2.5584       2.6100       2.5754       2.6084
                  2.5536       2.5523       2.5216       2.5504       2.5529
   1     80       2.4799       2.4513       2.5034       2.4683       2.5013
                  2.4467       2.4457       2.4137       2.4428       2.4452
   1    100       2.1436       2.1153       2.1692       2.1326       2.1658
                  2.1109       2.1110       2.0752       2.1058       2.1075
   2      0       2.6042       2.5746       2.6250       2.5896       2.6242
                  2.5717       2.5717       2.5412       2.5685       2.5688
   3      0       2.6142       2.5847       2.6356       2.6000       2.6349
                  2.5810       2.5779       2.5514       2.5778       2.5786
   4      0       2.6262       2.5938       2.6444       2.6091       2.6440
                  2.5930       2.5914       2.5628       2.5895       2.5903
   5      0       2.6764       2.6493       2.6963       2.6637       2.6969
                  2.6452       2.6429       2.6197       2.6441       2.6461
   5     60       2.6552       2.6281       2.6752       2.6425       2.6758
                  2.6241       2.6218       2.5984       2.6229       2.6248
   5     80       2.5244       2.4974       2.5450       2.5117       2.5450
                  2.4934       2.4916       2.4667       2.4917       2.4933
   5    100       2.2137       2.1872       2.2363       2.2016       2.2352
                  2.1832       2.1824       2.1541       2.1805       2.1815
 
 
 cumulative average & 95% error for solvation free energy
              total             1st component         2nd component         3rd component
  1     2.5756                0.0973               -0.1359                2.6142
  2     2.5930     0.0348     0.1050     0.0155    -0.1114     0.0488     2.5994     0.0295
  3     2.5893     0.0215     0.1011     0.0119    -0.1233     0.0369     2.6115     0.0295
  4     2.5854     0.0171     0.1000     0.0087    -0.1232     0.0261     2.6086     0.0216
  5     2.5803     0.0167     0.0988     0.0071    -0.1324     0.0273     2.6139     0.0198
  6     2.5841     0.0156     0.0994     0.0059    -0.1237     0.0283     2.6084     0.0195
  7     2.5929     0.0221     0.1012     0.0062    -0.1123     0.0331     2.6040     0.0187
  8     2.5939     0.0192     0.1017     0.0055    -0.1053     0.0319     2.5974     0.0208
  9     2.5911     0.0178     0.1028     0.0053    -0.1070     0.0283     2.5953     0.0189
 10     2.5907     0.0160     0.1051     0.0066    -0.1080     0.0254     2.5936     0.0172
