 ERmod 0.3.7, Copyright (C) 2000-2019 Nobuyuki Matubayasi
                            2010-2019 Shun Sakuraba
 ERmod comes with ABSOLUTELY NO WARRANTY.
 This is free software, and you can redistribute it
 and/or modify it under certain conditions.
 See LICENSE file for details.
 ERmod 0.3.7, Copyright (C) 2000-2019 Nobuyuki Matubayasi
                            2010-2019 Shun Sakuraba
 ERmod comes with ABSOLUTELY NO WARRANTY.
 This is free software, and you can redistribute it
 and/or modify it under certain conditions.
 See LICENSE file for details.
 
  Number of the   1-th solvent  =           90
  Number of the   2-th solvent  =           90
  Number of the   3-th solvent  =        10000
 
  Be sure that the solvent distribution is homogeneous (radial distribution function is essentially unity) when the solvent molecule is separated beyond distance of   10.0 Angstrom in any direction from any atom within the solute molecule
 
  LJ long-range correction    =        -0.0004     -0.0061     -0.2429
 
  Self-energy of the solute   =         0.0000  kcal/mol
 
 
 cumulative average & 95% error for solvation energy
              total             1st component         2nd component         3rd component
  1    -6.7247                0.0665               -0.1207               -6.6706
  2    -6.7328     0.0161     0.0660     0.0010    -0.1344     0.0275    -6.6644     0.0125
  3    -6.7391     0.0157     0.0662     0.0007    -0.1444     0.0254    -6.6610     0.0099
  4    -6.7372     0.0118     0.0665     0.0008    -0.1446     0.0180    -6.6591     0.0079
  5    -6.7432     0.0150     0.0660     0.0012    -0.1437     0.0140    -6.6655     0.0141
  6    -6.7418     0.0126     0.0662     0.0011    -0.1429     0.0116    -6.6652     0.0115
  7    -6.7377     0.0134     0.0660     0.0010    -0.1399     0.0114    -6.6638     0.0101
  8    -6.7432     0.0159     0.0660     0.0009    -0.1464     0.0164    -6.6627     0.0090
  9    -6.7478     0.0168     0.0660     0.0008    -0.1509     0.0170    -6.6628     0.0080
 10    -6.7526     0.0179     0.0655     0.0012    -0.1550     0.0173    -6.6632     0.0072
 
 
 group  inft  solvation free energy     error          difference
  total solvation free energy
   1      0          2.71525           0.01318          -0.00244
   1     60          2.70207           0.01321          -0.01562
   1     80          2.60489           0.01346          -0.11280
   1    100          2.28682           0.01425          -0.43087
   2      0          2.71073           0.01261          -0.00696
   3      0          2.71769           0.01224          -0.00000
   4      0          2.72625           0.01172           0.00856
   5      0          2.78187           0.01128           0.06418
   5     60          2.76405           0.01131           0.04637
   5     80          2.64443           0.01163          -0.07326
   5    100          2.34943           0.01236          -0.36826
 
  contribution from  1-th solvent component
   1      0          0.07422           0.00848           0.00544
   1     60          0.07445           0.00849           0.00567
   1     80          0.07622           0.00855           0.00744
   1    100          0.08074           0.00870           0.01196
   2      0          0.07035           0.00758           0.00157
   3      0          0.06878           0.00685           0.00000
   4      0          0.06730           0.00626          -0.00148
   5      0          0.06847           0.00680          -0.00031
   5     60          0.06877           0.00680          -0.00000
   5     80          0.07073           0.00688           0.00195
   5    100          0.07461           0.00708           0.00583
 
  contribution from  2-th solvent component
   1      0         -0.05443           0.01075           0.00242
   1     60         -0.05445           0.01078           0.00240
   1     80         -0.05490           0.01097           0.00195
   1    100         -0.05666           0.01155           0.00019
   2      0         -0.05607           0.01038           0.00078
   3      0         -0.05685           0.01029           0.00000
   4      0         -0.05735           0.01007          -0.00050
   5      0         -0.05774           0.01015          -0.00089
   5     60         -0.05780           0.01019          -0.00095
   5     80         -0.05845           0.01041          -0.00160
   5    100         -0.06028           0.01091          -0.00343
 
  contribution from  3-th solvent component
   1      0          2.69544           0.00598          -0.01031
   1     60          2.68206           0.00600          -0.02369
   1     80          2.58356           0.00614          -0.12219
   1    100          2.26273           0.00670          -0.44302
   2      0          2.69644           0.00578          -0.00932
   3      0          2.70575           0.00566           0.00000
   4      0          2.71629           0.00519           0.01054
   5      0          2.77113           0.00485           0.06538
   5     60          2.75307           0.00488           0.04732
   5     80          2.63214           0.00506          -0.07361
   5    100          2.33509           0.00561          -0.37066
 
 
 group  inft   Estimated free energy: total (kcal/mol)
   1      0       2.7235       2.7306       2.7107       2.7417       2.7139
                  2.7307       2.7324       2.6877       2.7046       2.6768
   1     60       2.7103       2.7174       2.6974       2.7285       2.7008
                  2.7175       2.7193       2.6744       2.6914       2.6636
   1     80       2.6133       2.6207       2.5999       2.6317       2.6041
                  2.6203       2.6227       2.5767       2.5939       2.5656
   1    100       2.2957       2.3046       2.2812       2.3143       2.2869
                  2.3016       2.3068       2.2568       2.2752       2.2452
   2      0       2.7159       2.7265       2.7061       2.7362       2.7117
                  2.7219       2.7303       2.6826       2.7003       2.6758
   3      0       2.7229       2.7339       2.7153       2.7431       2.7208
                  2.7221       2.7369       2.6898       2.7083       2.6836
   4      0       2.7311       2.7418       2.7215       2.7500       2.7303
                  2.7273       2.7481       2.7006       2.7174       2.6944
   5      0       2.7888       2.7963       2.7787       2.8039       2.7839
                  2.7886       2.7992       2.7538       2.7739       2.7518
   5     60       2.7710       2.7785       2.7608       2.7861       2.7661
                  2.7707       2.7815       2.7359       2.7560       2.7338
   5     80       2.6516       2.6595       2.6408       2.6668       2.6469
                  2.6510       2.6627       2.6156       2.6362       2.6133
   5    100       2.3569       2.3664       2.3453       2.3725       2.3524
                  2.3552       2.3695       2.3191       2.3408       2.3162
 
 group  inft   Estimated free energy: 1-th solvent contribution (kcal/mol)
   1      0       0.0698       0.0653       0.0777       0.0950       0.0644
                  0.0959       0.0580       0.0706       0.0835       0.0620
   1     60       0.0700       0.0656       0.0779       0.0952       0.0646
                  0.0961       0.0582       0.0708       0.0837       0.0622
   1     80       0.0717       0.0673       0.0797       0.0972       0.0663
                  0.0980       0.0599       0.0725       0.0856       0.0639
   1    100       0.0758       0.0720       0.0843       0.1023       0.0707
                  0.1026       0.0641       0.0771       0.0905       0.0680
   2      0       0.0644       0.0630       0.0742       0.0907       0.0614
                  0.0876       0.0559       0.0669       0.0791       0.0603
   3      0       0.0630       0.0621       0.0733       0.0885       0.0610
                  0.0806       0.0554       0.0663       0.0783       0.0592
   4      0       0.0609       0.0617       0.0723       0.0862       0.0601
                  0.0744       0.0558       0.0654       0.0777       0.0583
   5      0       0.0625       0.0619       0.0722       0.0873       0.0608
                  0.0817       0.0553       0.0655       0.0780       0.0594
   5     60       0.0628       0.0622       0.0725       0.0877       0.0610
                  0.0821       0.0556       0.0658       0.0783       0.0597
   5     80       0.0647       0.0641       0.0746       0.0899       0.0629
                  0.0841       0.0575       0.0678       0.0803       0.0614
   5    100       0.0681       0.0681       0.0786       0.0944       0.0666
                  0.0882       0.0610       0.0717       0.0846       0.0648
 
 group  inft   Estimated free energy: 2-th solvent contribution (kcal/mol)
   1      0      -0.0304      -0.0508      -0.0628      -0.0513      -0.0451
                 -0.0500      -0.0299      -0.0760      -0.0740      -0.0739
   1     60      -0.0304      -0.0509      -0.0629      -0.0514      -0.0451
                 -0.0500      -0.0299      -0.0760      -0.0740      -0.0740
   1     80      -0.0303      -0.0514      -0.0635      -0.0518      -0.0454
                 -0.0505      -0.0298      -0.0768      -0.0748      -0.0747
   1    100      -0.0305      -0.0534      -0.0659      -0.0535      -0.0468
                 -0.0524      -0.0299      -0.0795      -0.0775      -0.0773
   2      0      -0.0340      -0.0523      -0.0637      -0.0537      -0.0461
                 -0.0520      -0.0319      -0.0770      -0.0746      -0.0754
   3      0      -0.0351      -0.0531      -0.0642      -0.0541      -0.0466
                 -0.0539      -0.0327      -0.0773      -0.0754      -0.0762
   4      0      -0.0357      -0.0537      -0.0642      -0.0550      -0.0471
                 -0.0559      -0.0333      -0.0769      -0.0755      -0.0762
   5      0      -0.0367      -0.0538      -0.0649      -0.0548      -0.0480
                 -0.0543      -0.0339      -0.0781      -0.0760      -0.0770
   5     60      -0.0366      -0.0539      -0.0650      -0.0548      -0.0480
                 -0.0544      -0.0338      -0.0782      -0.0762      -0.0772
   5     80      -0.0367      -0.0546      -0.0659      -0.0555      -0.0485
                 -0.0550      -0.0338      -0.0792      -0.0772      -0.0781
   5    100      -0.0371      -0.0567      -0.0683      -0.0573      -0.0501
                 -0.0569      -0.0342      -0.0818      -0.0798      -0.0807
 
 group  inft   Estimated free energy: 3-th solvent contribution (kcal/mol)
   1      0       2.6841       2.7161       2.6958       2.6981       2.6946
                  2.6848       2.7043       2.6931       2.6950       2.6887
   1     60       2.6706       2.7027       2.6823       2.6847       2.6813
                  2.6714       2.6909       2.6797       2.6817       2.6753
   1     80       2.5719       2.6047       2.5837       2.5862       2.5832
                  2.5728       2.5926       2.5809       2.5832       2.5764
   1    100       2.2503       2.2860       2.2628       2.2655       2.2630
                  2.2512       2.2726       2.2592       2.2622       2.2545
   2      0       2.6854       2.7158       2.6956       2.6992       2.6963
                  2.6862       2.7063       2.6927       2.6958       2.6909
   3      0       2.6950       2.7249       2.7062       2.7087       2.7064
                  2.6953       2.7142       2.7008       2.7054       2.7006
   4      0       2.7059       2.7337       2.7134       2.7187       2.7173
                  2.7087       2.7256       2.7122       2.7152       2.7123
   5      0       2.7630       2.7882       2.7713       2.7713       2.7711
                  2.7611       2.7777       2.7663       2.7719       2.7694
   5     60       2.7448       2.7702       2.7532       2.7532       2.7531
                  2.7430       2.7597       2.7482       2.7539       2.7513
   5     80       2.6236       2.6499       2.6321       2.6324       2.6325
                  2.6219       2.6390       2.6270       2.6330       2.6300
   5    100       2.3258       2.3549       2.3350       2.3355       2.3359
                  2.3239       2.3427       2.3292       2.3359       2.3320
 
 
 cumulative average & 95% error for solvation free energy
              total             1st component         2nd component         3rd component
  1     2.7229                0.0630               -0.0351                2.6950
  2     2.7284     0.0110     0.0625     0.0008    -0.0441     0.0180     2.7099     0.0298
  3     2.7241     0.0108     0.0661     0.0072    -0.0508     0.0169     2.7087     0.0174
  4     2.7288     0.0122     0.0717     0.0123    -0.0516     0.0121     2.7087     0.0123
  5     2.7272     0.0100     0.0696     0.0105    -0.0506     0.0096     2.7082     0.0096
  6     2.7264     0.0083     0.0714     0.0093    -0.0512     0.0079     2.7061     0.0089
  7     2.7279     0.0077     0.0691     0.0091    -0.0485     0.0085     2.7072     0.0079
  8     2.7231     0.0116     0.0688     0.0079    -0.0521     0.0103     2.7064     0.0070
  9     2.7215     0.0107     0.0698     0.0073    -0.0547     0.0105     2.7063     0.0062
 10     2.7177     0.0122     0.0688     0.0069    -0.0568     0.0103     2.7058     0.0057
