 ERmod 0.3.7, Copyright (C) 2000-2019 Nobuyuki Matubayasi
                            2010-2019 Shun Sakuraba
 ERmod comes with ABSOLUTELY NO WARRANTY.
 This is free software, and you can redistribute it
 and/or modify it under certain conditions.
 See LICENSE file for details.
 ERmod 0.3.7, Copyright (C) 2000-2019 Nobuyuki Matubayasi
                            2010-2019 Shun Sakuraba
 ERmod comes with ABSOLUTELY NO WARRANTY.
 This is free software, and you can redistribute it
 and/or modify it under certain conditions.
 See LICENSE file for details.
 
  Number of the   1-th solvent  =           90
  Number of the   2-th solvent  =           90
  Number of the   3-th solvent  =        10000
 
  Be sure that the solvent distribution is homogeneous (radial distribution function is essentially unity) when the solvent molecule is separated beyond distance of   10.0 Angstrom in any direction from any atom within the solute molecule
 
  LJ long-range correction    =        -0.0009     -0.0294     -0.5573
 
  Self-energy of the solute   =         0.0000  kcal/mol
 
 
 cumulative average & 95% error for solvation energy
              total             1st component         2nd component         3rd component
  1   -13.8688                0.1961               -0.7057              -13.3593
  2   -13.8365     0.0647     0.2003     0.0083    -0.6946     0.0222   -13.3422     0.0341
  3   -13.8518     0.0484     0.1987     0.0058    -0.7013     0.0187   -13.3492     0.0242
  4   -13.8416     0.0399     0.1998     0.0046    -0.6804     0.0439   -13.3610     0.0290
  5   -13.8461     0.0322     0.1993     0.0037    -0.6931     0.0425   -13.3524     0.0283
  6   -13.8351     0.0343     0.2000     0.0033    -0.6669     0.0628   -13.3682     0.0392
  7   -13.8713     0.0780     0.1971     0.0064    -0.7362     0.1484   -13.3323     0.0792
  8   -13.8680     0.0679     0.1975     0.0056    -0.7430     0.1292   -13.3225     0.0713
  9   -13.8596     0.0621     0.1976     0.0049    -0.7213     0.1219   -13.3359     0.0684
 10   -13.8632     0.0560     0.1976     0.0044    -0.7390     0.1146   -13.3219     0.0673
 
 
 group  inft  solvation free energy     error          difference
  total solvation free energy
   1      0          3.30305           0.02627           0.01363
   1     60          3.28612           0.02631          -0.00330
   1     80          3.14434           0.02670          -0.14508
   1    100          2.60321           0.02801          -0.68621
   2      0          3.28971           0.02636           0.00029
   3      0          3.28942           0.02629           0.00000
   4      0          3.26483           0.02578          -0.02460
   5      0          3.31840           0.02512           0.02897
   5     60          3.29512           0.02518           0.00570
   5     80          3.11492           0.02569          -0.17450
   5    100          2.60917           0.02702          -0.68025
 
  contribution from  1-th solvent component
   1      0          0.17615           0.00344           0.00366
   1     60          0.17653           0.00345           0.00404
   1     80          0.17967           0.00351           0.00718
   1    100          0.18903           0.00367           0.01654
   2      0          0.17361           0.00322           0.00112
   3      0          0.17249           0.00295           0.00000
   4      0          0.17162           0.00298          -0.00088
   5      0          0.17118           0.00299          -0.00131
   5     60          0.17170           0.00299          -0.00079
   5     80          0.17554           0.00303           0.00305
   5    100          0.18398           0.00313           0.01149
 
  contribution from  2-th solvent component
   1      0         -0.37001           0.04646           0.00199
   1     60         -0.37011           0.04647           0.00189
   1     80         -0.37099           0.04660           0.00100
   1    100         -0.37466           0.04701          -0.00267
   2      0         -0.37131           0.04633           0.00068
   3      0         -0.37199           0.04643           0.00000
   4      0         -0.37267           0.04618          -0.00067
   5      0         -0.37300           0.04653          -0.00101
   5     60         -0.37315           0.04655          -0.00116
   5     80         -0.37438           0.04670          -0.00238
   5    100         -0.37794           0.04709          -0.00595
 
  contribution from  3-th solvent component
   1      0          3.49686           0.02738           0.00798
   1     60          3.47965           0.02739          -0.00923
   1     80          3.33562           0.02744          -0.15327
   1    100          2.78880           0.02768          -0.70008
   2      0          3.48737           0.02687          -0.00151
   3      0          3.48888           0.02646           0.00000
   4      0          3.46583           0.02649          -0.02305
   5      0          3.52017           0.02694           0.03129
   5     60          3.49653           0.02695           0.00765
   5     80          3.31371           0.02696          -0.17517
   5    100          2.80309           0.02705          -0.68579
 
 
 group  inft   Estimated free energy: total (kcal/mol)
   1      0       3.2915       3.3334       3.2725       3.3476       3.2877
                  3.3561       3.2123       3.3064       3.3186       3.3044
   1     60       3.2746       3.3165       3.2555       3.3308       3.2706
                  3.3393       3.1952       3.2894       3.3017       3.2875
   1     80       3.1326       3.1750       3.1132       3.1900       3.1281
                  3.1985       3.0524       3.1475       3.1599       3.1460
   1    100       2.5900       2.6352       2.5706       2.6519       2.5851
                  2.6605       2.5076       2.6060       2.6191       2.6062
   2      0       3.2814       3.3201       3.2572       3.3351       3.2703
                  3.3401       3.1994       3.2910       3.3112       3.2913
   3      0       3.2819       3.3180       3.2559       3.3322       3.2714
                  3.3390       3.1987       3.2908       3.3158       3.2905
   4      0       3.2597       3.2937       3.2294       3.3050       3.2469
                  3.3151       3.1770       3.2655       3.2906       3.2655
   5      0       3.3129       3.3443       3.2871       3.3611       3.3006
                  3.3675       3.2324       3.3184       3.3420       3.3177
   5     60       3.2896       3.3210       3.2637       3.3380       3.2772
                  3.3444       3.2089       3.2951       3.3188       3.2945
   5     80       3.1089       3.1413       3.0830       3.1590       3.0962
                  3.1656       3.0273       3.1147       3.1388       3.1145
   5    100       2.6013       2.6369       2.5760       2.6561       2.5884
                  2.6632       2.5179       2.6085       2.6337       2.6096
 
 group  inft   Estimated free energy: 1-th solvent contribution (kcal/mol)
   1      0       0.1721       0.1811       0.1754       0.1827       0.1793
                  0.1709       0.1750       0.1847       0.1702       0.1702
   1     60       0.1725       0.1815       0.1757       0.1831       0.1796
                  0.1713       0.1753       0.1851       0.1706       0.1705
   1     80       0.1756       0.1850       0.1788       0.1865       0.1827
                  0.1745       0.1780       0.1882       0.1738       0.1735
   1    100       0.1847       0.1952       0.1882       0.1969       0.1919
                  0.1840       0.1861       0.1973       0.1835       0.1825
   2      0       0.1707       0.1782       0.1732       0.1800       0.1768
                  0.1675       0.1749       0.1798       0.1677       0.1673
   3      0       0.1706       0.1758       0.1715       0.1771       0.1764
                  0.1660       0.1747       0.1786       0.1673       0.1668
   4      0       0.1696       0.1749       0.1705       0.1762       0.1754
                  0.1655       0.1744       0.1777       0.1658       0.1660
   5      0       0.1693       0.1749       0.1704       0.1762       0.1751
                  0.1650       0.1735       0.1766       0.1655       0.1651
   5     60       0.1698       0.1755       0.1709       0.1768       0.1756
                  0.1655       0.1740       0.1772       0.1661       0.1656
   5     80       0.1735       0.1797       0.1747       0.1810       0.1794
                  0.1695       0.1773       0.1810       0.1700       0.1693
   5    100       0.1817       0.1890       0.1832       0.1905       0.1876
                  0.1781       0.1844       0.1892       0.1787       0.1773
 
 group  inft   Estimated free energy: 2-th solvent contribution (kcal/mol)
   1      0      -0.3597      -0.3521      -0.3628      -0.3236      -0.3815
                 -0.2695      -0.5282      -0.3972      -0.2927      -0.4329
   1     60      -0.3598      -0.3522      -0.3629      -0.3237      -0.3816
                 -0.2695      -0.5283      -0.3973      -0.2928      -0.4330
   1     80      -0.3608      -0.3531      -0.3636      -0.3246      -0.3827
                 -0.2697      -0.5294      -0.3983      -0.2936      -0.4341
   1    100      -0.3646      -0.3569      -0.3670      -0.3283      -0.3871
                 -0.2711      -0.5339      -0.4024      -0.2970      -0.4384
   2      0      -0.3604      -0.3533      -0.3642      -0.3247      -0.3827
                 -0.2720      -0.5297      -0.3979      -0.2943      -0.4339
   3      0      -0.3612      -0.3537      -0.3647      -0.3251      -0.3836
                 -0.2731      -0.5305      -0.3983      -0.2943      -0.4355
   4      0      -0.3622      -0.3547      -0.3656      -0.3256      -0.3840
                 -0.2739      -0.5301      -0.3991      -0.2956      -0.4358
   5      0      -0.3623      -0.3549      -0.3657      -0.3255      -0.3844
                 -0.2738      -0.5316      -0.3991      -0.2954      -0.4373
   5     60      -0.3625      -0.3550      -0.3658      -0.3256      -0.3846
                 -0.2739      -0.5318      -0.3993      -0.2955      -0.4375
   5     80      -0.3637      -0.3563      -0.3670      -0.3269      -0.3861
                 -0.2742      -0.5333      -0.4007      -0.2967      -0.4389
   5    100      -0.3674      -0.3600      -0.3703      -0.3305      -0.3903
                 -0.2757      -0.5376      -0.4046      -0.3000      -0.4431
 
 group  inft   Estimated free energy: 3-th solvent contribution (kcal/mol)
   1      0       3.4791       3.5043       3.4598       3.4885       3.4899
                  3.4547       3.5655       3.5188       3.4411       3.5671
   1     60       3.4619       3.4871       3.4426       3.4714       3.4726
                  3.4375       3.5482       3.5016       3.4238       3.5499
   1     80       3.3177       3.3431       3.2980       3.3280       3.3281
                  3.2937       3.4038       3.3575       3.2797       3.4065
   1    100       2.7698       2.7968       2.7493       2.7833       2.7802
                  2.7475       2.8554       2.8111       2.7326       2.8620
   2      0       3.4710       3.4952       3.4482       3.4797       3.4762
                  3.4446       3.5542       3.5090       3.4377       3.5579
   3      0       3.4724       3.4959       3.4489       3.4801       3.4786
                  3.4460       3.5545       3.5104       3.4428       3.5591
   4      0       3.4523       3.4735       3.4244       3.4543       3.4555
                  3.4234       3.5326       3.4868       3.4204       3.5352
   5      0       3.5059       3.5242       3.4823       3.5103       3.5099
                  3.4763       3.5904       3.5408       3.4718       3.5898
   5     60       3.4822       3.5005       3.4586       3.4868       3.4862
                  3.4527       3.5667       3.5171       3.4482       3.5662
   5     80       3.2991       3.3178       3.2752       3.3048       3.3028
                  3.2703       3.3833       3.3343       3.2654       3.3841
   5    100       2.7870       2.8078       2.7630       2.7961       2.7911
                  2.7607       2.8710       2.8239       2.7549       2.8753
 
 
 cumulative average & 95% error for solvation free energy
              total             1st component         2nd component         3rd component
  1     3.2819                0.1706               -0.3612                3.4724
  2     3.3000     0.0361     0.1732     0.0052    -0.3575     0.0075     3.4842     0.0235
  3     3.2853     0.0360     0.1727     0.0032    -0.3599     0.0064     3.4724     0.0271
  4     3.2970     0.0346     0.1738     0.0032    -0.3512     0.0180     3.4744     0.0196
  5     3.2919     0.0287     0.1743     0.0027    -0.3577     0.0190     3.4752     0.0152
  6     3.2997     0.0282     0.1729     0.0035    -0.3436     0.0322     3.4703     0.0158
  7     3.2853     0.0375     0.1732     0.0030    -0.3703     0.0599     3.4824     0.0275
  8     3.2860     0.0325     0.1738     0.0029    -0.3738     0.0524     3.4859     0.0248
  9     3.2893     0.0294     0.1731     0.0030    -0.3649     0.0494     3.4811     0.0239
 10     3.2894     0.0263     0.1725     0.0029    -0.3720     0.0464     3.4889     0.0265
