 ERmod 0.3.7, Copyright (C) 2000-2019 Nobuyuki Matubayasi
                            2010-2019 Shun Sakuraba
 ERmod comes with ABSOLUTELY NO WARRANTY.
 This is free software, and you can redistribute it
 and/or modify it under certain conditions.
 See LICENSE file for details.
 ERmod 0.3.7, Copyright (C) 2000-2019 Nobuyuki Matubayasi
                            2010-2019 Shun Sakuraba
 ERmod comes with ABSOLUTELY NO WARRANTY.
 This is free software, and you can redistribute it
 and/or modify it under certain conditions.
 See LICENSE file for details.
 
  Number of the   1-th solvent  =          180
  Number of the   2-th solvent  =          180
  Number of the   3-th solvent  =        10000
 
  Be sure that the solvent distribution is homogeneous (radial distribution function is essentially unity) when the solvent molecule is separated beyond distance of   10.0 Angstrom in any direction from any atom within the solute molecule
 
  LJ long-range correction    =        -0.0013     -0.0204     -0.4084
 
  Self-energy of the solute   =        -0.0001  kcal/mol
 
 
 cumulative average & 95% error for solvation energy
              total             1st component         2nd component         3rd component
  1   -23.5381               -0.2997               -1.4696              -21.7688
  2   -23.5829     0.0896    -0.2494     0.1005    -1.3414     0.2564   -21.9921     0.4465
  3   -23.5176     0.1406    -0.1479     0.2111    -1.4947     0.3405   -21.8749     0.3484
  4   -23.6020     0.1959    -0.2633     0.2749    -1.7549     0.5734   -21.5837     0.6324
  5   -23.6185     0.1553    -0.5039     0.5261    -1.6468     0.4939   -21.4677     0.5420
  6   -23.6519     0.1433    -0.5807     0.4562    -1.8326     0.5484   -21.2385     0.6372
  7   -23.6531     0.1211    -0.5446     0.3923    -1.9098     0.4885   -21.1987     0.5444
  8   -23.6524     0.1049    -0.5736     0.3446    -1.8982     0.4237   -21.1806     0.4728
  9   -23.6387     0.0965    -0.5611     0.3050    -1.8579     0.3822   -21.2197     0.4243
 10   -23.6709     0.1077    -0.8451     0.6302    -1.8403     0.3437   -20.9853     0.6030
 
 
 group  inft  solvation free energy     error          difference
  total solvation free energy
   1      0         -4.15639           0.07727           0.01240
   1     60         -4.17913           0.07725          -0.01033
   1     80         -4.34911           0.07719          -0.18031
   1    100         -4.92119           0.07700          -0.75239
   2      0         -4.16540           0.07557           0.00340
   3      0         -4.16880           0.07304           0.00000
   4      0         -4.17155           0.07459          -0.00275
   5      0         -4.17033           0.07213          -0.00153
   5     60         -4.20082           0.07209          -0.03202
   5     80         -4.41030           0.07192          -0.24150
   5    100         -4.93692           0.07160          -0.76813
 
  contribution from  1-th solvent component
   1      0         -0.24468           0.32669           0.01788
   1     60         -0.24406           0.32670           0.01851
   1     80         -0.24000           0.32681           0.02257
   1    100         -0.22897           0.32726           0.03360
   2      0         -0.25666           0.32529           0.00590
   3      0         -0.26256           0.32350           0.00000
   4      0         -0.26645           0.32199          -0.00389
   5      0         -0.26596           0.32106          -0.00339
   5     60         -0.26518           0.32107          -0.00262
   5     80         -0.26069           0.32116           0.00187
   5    100         -0.25161           0.32147           0.01096
 
  contribution from  2-th solvent component
   1      0         -0.99573           0.16178          -0.00950
   1     60         -0.99612           0.16179          -0.00989
   1     80         -0.99923           0.16188          -0.01300
   1    100         -1.01007           0.16212          -0.02384
   2      0         -0.99033           0.15925          -0.00411
   3      0         -0.98623           0.15887           0.00000
   4      0         -0.98426           0.15857           0.00197
   5      0         -0.98197           0.15815           0.00426
   5     60         -0.98251           0.15817           0.00372
   5     80         -0.98646           0.15824          -0.00023
   5    100         -0.99659           0.15840          -0.01036
 
  contribution from  3-th solvent component
   1      0         -2.91589           0.31702           0.00402
   1     60         -2.93886           0.31706          -0.01894
   1     80         -3.10979           0.31733          -0.18988
   1    100         -3.68206           0.31851          -0.76215
   2      0         -2.91831           0.31673           0.00161
   3      0         -2.91991           0.31745           0.00000
   4      0         -2.92074           0.31654          -0.00083
   5      0         -2.92231           0.31655          -0.00240
   5     60         -2.95304           0.31659          -0.03312
   5     80         -3.16306           0.31694          -0.24314
   5    100         -3.68864           0.31806          -0.76872
 
 
 group  inft   Estimated free energy: total (kcal/mol)
   1      0      -4.0255      -4.1253      -3.9233      -4.1626      -4.1331
                 -4.3478      -4.1466      -4.2989      -4.1864      -4.2145
   1     60      -4.0483      -4.1482      -3.9459      -4.1854      -4.1559
                 -4.3703      -4.1692      -4.3217      -4.2090      -4.2372
   1     80      -4.2187      -4.3187      -4.1154      -4.3563      -4.3264
                 -4.5392      -4.3387      -4.4923      -4.3785      -4.4070
   1    100      -4.7927      -4.8926      -4.6856      -4.9315      -4.8993
                 -5.1087      -4.9096      -5.0655      -4.9498      -4.9766
   2      0      -4.0396      -4.1169      -3.9458      -4.1686      -4.1360
                 -4.3617      -4.1662      -4.3029      -4.2015      -4.2148
   3      0      -4.0497      -4.1198      -3.9558      -4.1752      -4.1380
                 -4.3646      -4.1779      -4.2950      -4.2068      -4.2051
   4      0      -4.0493      -4.1249      -3.9627      -4.1724      -4.1260
                 -4.3726      -4.1781      -4.3091      -4.2111      -4.2091
   5      0      -4.0504      -4.1264      -3.9682      -4.1727      -4.1315
                 -4.3677      -4.1751      -4.3000      -4.2125      -4.1988
   5     60      -4.0810      -4.1571      -3.9987      -4.2033      -4.1621
                 -4.3979      -4.2055      -4.3306      -4.2428      -4.2293
   5     80      -4.2913      -4.3672      -4.2077      -4.4138      -4.3720
                 -4.6060      -4.4143      -4.5407      -4.4517      -4.4382
   5    100      -4.8200      -4.8954      -4.7333      -4.9434      -4.8991
                 -5.1304      -4.9398      -5.0684      -4.9777      -4.9619
 
 group  inft   Estimated free energy: 1-th solvent contribution (kcal/mol)
   1      0       0.0803       0.0916       0.3007      -0.0757      -0.5150
                 -0.3651      -0.0117      -0.3128      -0.0953      -1.5438
   1     60       0.0810       0.0921       0.3014      -0.0751      -0.5144
                 -0.3645      -0.0110      -0.3122      -0.0946      -1.5432
   1     80       0.0852       0.0961       0.3058      -0.0716      -0.5108
                 -0.3602      -0.0063      -0.3085      -0.0902      -1.5395
   1    100       0.0968       0.1070       0.3180      -0.0621      -0.5012
                 -0.3486       0.0067      -0.2985      -0.0781      -1.5298
   2      0       0.0747       0.1026       0.2758      -0.0910      -0.5204
                 -0.3869      -0.0396      -0.3206      -0.1114      -1.5498
   3      0       0.0641       0.1058       0.2645      -0.0998      -0.5267
                 -0.3914      -0.0539      -0.3199      -0.1196      -1.5488
   4      0       0.0643       0.1000       0.2536      -0.0968      -0.5191
                 -0.3957      -0.0619      -0.3338      -0.1268      -1.5484
   5      0       0.0608       0.1029       0.2486      -0.0988      -0.5208
                 -0.3982      -0.0543      -0.3281      -0.1277      -1.5441
   5     60       0.0616       0.1036       0.2494      -0.0981      -0.5201
                 -0.3974      -0.0534      -0.3274      -0.1269      -1.5433
   5     80       0.0662       0.1081       0.2542      -0.0943      -0.5161
                 -0.3926      -0.0481      -0.3233      -0.1220      -1.5390
   5    100       0.0758       0.1175       0.2639      -0.0868      -0.5083
                 -0.3831      -0.0373      -0.3152      -0.1119      -1.5307
 
 group  inft   Estimated free energy: 2-th solvent contribution (kcal/mol)
   1      0      -0.7609      -0.6858      -0.9856      -1.2838      -0.7335
                 -1.4606      -1.2016      -1.0641      -0.8719      -0.9096
   1     60      -0.7612      -0.6862      -0.9860      -1.2842      -0.7340
                 -1.4610      -1.2020      -1.0645      -0.8723      -0.9100
   1     80      -0.7637      -0.6891      -0.9890      -1.2875      -0.7372
                 -1.4643      -1.2052      -1.0677      -0.8754      -0.9132
   1    100      -0.7730      -0.6994      -0.9998      -1.2988      -0.7485
                 -1.4757      -1.2164      -1.0787      -0.8863      -0.9241
   2      0      -0.7662      -0.6855      -0.9824      -1.2735      -0.7299
                 -1.4494      -1.1925      -1.0570      -0.8673      -0.8996
   3      0      -0.7649      -0.6859      -0.9799      -1.2683      -0.7236
                 -1.4453      -1.1899      -1.0492      -0.8631      -0.8923
   4      0      -0.7598      -0.6879      -0.9776      -1.2686      -0.7249
                 -1.4451      -1.1818      -1.0460      -0.8589      -0.8920
   5      0      -0.7637      -0.6873      -0.9777      -1.2653      -0.7185
                 -1.4385      -1.1869      -1.0394      -0.8572      -0.8852
   5     60      -0.7642      -0.6878      -0.9782      -1.2658      -0.7191
                 -1.4390      -1.1875      -1.0400      -0.8577      -0.8858
   5     80      -0.7675      -0.6916      -0.9821      -1.2699      -0.7232
                 -1.4431      -1.1916      -1.0440      -0.8618      -0.8898
   5    100      -0.7765      -0.7014      -0.9922      -1.2804      -0.7336
                 -1.4536      -1.2020      -1.0542      -0.8720      -0.8999
 
 group  inft   Estimated free energy: 3-th solvent contribution (kcal/mol)
   1      0      -3.3448      -3.5310      -3.2383      -2.8031      -2.8845
                 -2.5220      -2.9332      -2.9219      -3.2191      -1.7609
   1     60      -3.3680      -3.5540      -3.2613      -2.8260      -2.9075
                 -2.5448      -2.9562      -2.9449      -3.2420      -1.7839
   1     80      -3.5401      -3.7256      -3.4321      -2.9971      -3.0783
                 -2.7146      -3.1271      -3.1160      -3.4128      -1.9542
   1    100      -4.1164      -4.3001      -4.0037      -3.5706      -3.6496
                 -3.2843      -3.6998      -3.6882      -3.9854      -2.5226
   2      0      -3.3480      -3.5338      -3.2390      -2.8041      -2.8857
                 -2.5252      -2.9340      -2.9252      -3.2226      -1.7654
   3      0      -3.3489      -3.5396      -3.2403      -2.8071      -2.8876
                 -2.5278      -2.9341      -2.9258      -3.2241      -1.7638
   4      0      -3.3538      -3.5369      -3.2387      -2.8068      -2.8819
                 -2.5317      -2.9344      -2.9293      -3.2253      -1.7686
   5      0      -3.3474      -3.5419      -3.2391      -2.8086      -2.8921
                 -2.5310      -2.9338      -2.9323      -3.2275      -1.7694
   5     60      -3.3784      -3.5728      -3.2698      -2.8393      -2.9228
                 -2.5614      -2.9645      -2.9631      -3.2581      -1.8001
   5     80      -3.5899      -3.7836      -3.4798      -3.0495      -3.1326
                 -2.7702      -3.1746      -3.1733      -3.4679      -2.0093
   5    100      -4.1192      -4.3113      -4.0049      -3.5761      -3.6571
                 -3.2936      -3.7005      -3.6988      -3.9937      -2.5311
 
 
 cumulative average & 95% error for solvation free energy
              total             1st component         2nd component         3rd component
  1    -4.0497                0.0641               -0.7649               -3.3489
  2    -4.0848     0.0702     0.0850     0.0416    -0.7254     0.0789    -3.4442     0.1907
  3    -4.0418     0.0950     0.1448     0.1221    -0.8102     0.1757    -3.3763     0.1749
  4    -4.0751     0.0947     0.0836     0.1497    -0.9247     0.2605    -3.2340     0.3103
  5    -4.0877     0.0775    -0.0384     0.2703    -0.8845     0.2173    -3.1647     0.2774
  6    -4.1339     0.1119    -0.0973     0.2501    -0.9780     0.2577    -3.0585     0.3105
  7    -4.1402     0.0954    -0.0911     0.2117    -1.0082     0.2261    -3.0408     0.2648
  8    -4.1595     0.0912    -0.1197     0.1921    -1.0134     0.1960    -3.0264     0.2311
  9    -4.1648     0.0812    -0.1197     0.1694    -0.9967     0.1761    -3.0484     0.2085
 10    -4.1688     0.0730    -0.2626     0.3235    -0.9862     0.1589    -2.9199     0.3175
