 ERmod 0.3.7, Copyright (C) 2000-2019 Nobuyuki Matubayasi
                            2010-2019 Shun Sakuraba
 ERmod comes with ABSOLUTELY NO WARRANTY.
 This is free software, and you can redistribute it
 and/or modify it under certain conditions.
 See LICENSE file for details.
 ERmod 0.3.7, Copyright (C) 2000-2019 Nobuyuki Matubayasi
                            2010-2019 Shun Sakuraba
 ERmod comes with ABSOLUTELY NO WARRANTY.
 This is free software, and you can redistribute it
 and/or modify it under certain conditions.
 See LICENSE file for details.
 
  Number of the   1-th solvent  =           90
  Number of the   2-th solvent  =           90
  Number of the   3-th solvent  =        10000
 
  Be sure that the solvent distribution is homogeneous (radial distribution function is essentially unity) when the solvent molecule is separated beyond distance of   10.0 Angstrom in any direction from any atom within the solute molecule
 
  LJ long-range correction    =        -0.0068     -0.0378     -0.7165
 
  Self-energy of the solute   =        -0.0001  kcal/mol
 
 
 cumulative average & 95% error for solvation energy
              total             1st component         2nd component         3rd component
  1   -30.6862                0.0744               -2.3379              -28.4227
  2   -30.5999     0.1726    -0.4969     1.1426    -1.5328     1.6101   -28.5702     0.2949
  3   -30.5570     0.1316    -0.3893     0.6939    -1.2270     1.1128   -28.9406     0.7602
  4   -30.5632     0.0939    -0.2046     0.6141    -1.3608     0.8311   -28.9978     0.5496
  5   -30.5142     0.1221    -0.2087     0.4758    -1.2765     0.6654   -29.0289     0.4302
  6   -30.4850     0.1155    -0.2223     0.3894    -1.3492     0.5624   -28.9134     0.4205
  7   -30.4946     0.0995    -0.1675     0.3470    -1.4780     0.5407   -28.8490     0.3780
  8   -30.4924     0.0863    -0.3489     0.4712    -1.5529     0.4916   -28.5905     0.6119
  9   -30.4876     0.0767    -0.3290     0.4175    -1.5374     0.4347   -28.6211     0.5431
 10   -30.5033     0.0754    -0.3584     0.3780    -1.5381     0.3888   -28.6066     0.4866
 
 
 group  inft  solvation free energy     error          difference
  total solvation free energy
   1      0         -3.81633           0.05609           0.00801
   1     60         -3.84647           0.05606          -0.02213
   1     80         -4.09607           0.05593          -0.27173
   1    100         -4.97979           0.05574          -1.15546
   2      0         -3.82313           0.05430           0.00120
   3      0         -3.82434           0.05455           0.00000
   4      0         -3.82508           0.05622          -0.00075
   5      0         -3.82294           0.05563           0.00140
   5     60         -3.86392           0.05559          -0.03959
   5     80         -4.17464           0.05541          -0.35031
   5    100         -4.98776           0.05509          -1.16342
 
  contribution from  1-th solvent component
   1      0          0.03031           0.19143           0.01071
   1     60          0.03021           0.19144           0.01061
   1     80          0.02904           0.19157           0.00944
   1    100          0.02384           0.19197           0.00423
   2      0          0.02201           0.18883           0.00240
   3      0          0.01960           0.18722           0.00000
   4      0          0.01791           0.18641          -0.00169
   5      0          0.01728           0.18632          -0.00232
   5     60          0.01710           0.18633          -0.00250
   5     80          0.01539           0.18642          -0.00421
   5    100          0.00999           0.18663          -0.00961
 
  contribution from  2-th solvent component
   1      0         -0.84011           0.19185          -0.00721
   1     60         -0.84046           0.19186          -0.00757
   1     80         -0.84335           0.19193          -0.01046
   1    100         -0.85367           0.19212          -0.02078
   2      0         -0.83471           0.19099          -0.00181
   3      0         -0.83289           0.19152           0.00000
   4      0         -0.83186           0.18995           0.00103
   5      0         -0.83153           0.19014           0.00137
   5     60         -0.83201           0.19015           0.00088
   5     80         -0.83566           0.19021          -0.00276
   5    100         -0.84520           0.19034          -0.01230
 
  contribution from  3-th solvent component
   1      0         -3.00647           0.22327           0.00452
   1     60         -3.03616           0.22334          -0.02517
   1     80         -3.28170           0.22374          -0.27071
   1    100         -4.14990           0.22496          -1.13891
   2      0         -3.01037           0.22288           0.00061
   3      0         -3.01099           0.22290           0.00000
   4      0         -3.01107           0.22164          -0.00008
   5      0         -3.00863           0.22162           0.00236
   5     60         -3.04896           0.22171          -0.03797
   5     80         -3.35432           0.22221          -0.34333
   5    100         -4.15250           0.22334          -1.14151
 
 
 group  inft   Estimated free energy: total (kcal/mol)
   1      0      -3.9019      -3.8906      -3.6994      -3.8853      -3.6937
                 -3.7442      -3.8807      -3.8770      -3.7225      -3.8679
   1     60      -3.9320      -3.9208      -3.7297      -3.9155      -3.7239
                 -3.7744      -3.9106      -3.9070      -3.7527      -3.8982
   1     80      -4.1814      -4.1714      -3.9800      -4.1648      -3.9737
                 -4.0237      -4.1590      -4.1557      -4.0025      -4.1486
   1    100      -5.0646      -5.0591      -4.8656      -5.0478      -4.8576
                 -4.9067      -5.0394      -5.0364      -4.8862      -5.0344
   2      0      -3.9052      -3.8917      -3.7079      -3.8928      -3.7025
                 -3.7508      -3.8915      -3.8762      -3.7394      -3.8732
   3      0      -3.9123      -3.8894      -3.7066      -3.8949      -3.7039
                 -3.7498      -3.8942      -3.8741      -3.7449      -3.8733
   4      0      -3.9093      -3.8918      -3.6952      -3.9052      -3.7089
                 -3.7444      -3.8936      -3.8749      -3.7473      -3.8801
   5      0      -3.9093      -3.8814      -3.7046      -3.8934      -3.7023
                 -3.7390      -3.9026      -3.8758      -3.7443      -3.8767
   5     60      -3.9502      -3.9225      -3.7458      -3.9344      -3.7434
                 -3.7800      -3.9434      -3.9166      -3.7853      -3.9178
   5     80      -4.2608      -4.2343      -4.0573      -4.2450      -4.0544
                 -4.0904      -4.2526      -4.2259      -4.0964      -4.2294
   5    100      -5.0737      -5.0505      -4.8723      -5.0579      -4.8679
                 -4.9028      -5.0627      -5.0356      -4.9100      -5.0442
 
 group  inft   Estimated free energy: 1-th solvent contribution (kcal/mol)
   1      0       0.2657      -0.3401       0.1597       0.3456       0.1045
                  0.0410       0.2830      -0.6111       0.1593      -0.1045
   1     60       0.2656      -0.3402       0.1596       0.3455       0.1044
                  0.0409       0.2830      -0.6112       0.1592      -0.1047
   1     80       0.2644      -0.3417       0.1587       0.3446       0.1033
                  0.0395       0.2821      -0.6128       0.1583      -0.1060
   1    100       0.2592      -0.3480       0.1543       0.3399       0.0983
                  0.0336       0.2777      -0.6190       0.1541      -0.1117
   2      0       0.2583      -0.3420       0.1560       0.3371       0.0923
                  0.0310       0.2704      -0.6088       0.1392      -0.1134
   3      0       0.2516      -0.3420       0.1542       0.3304       0.0913
                  0.0304       0.2684      -0.6060       0.1326      -0.1150
   4      0       0.2516      -0.3419       0.1597       0.3216       0.0881
                  0.0345       0.2619      -0.6065       0.1284      -0.1184
   5      0       0.2484      -0.3382       0.1547       0.3247       0.0906
                  0.0339       0.2588      -0.6102       0.1272      -0.1170
   5     60       0.2482      -0.3384       0.1546       0.3245       0.0904
                  0.0337       0.2587      -0.6105       0.1271      -0.1172
   5     80       0.2464      -0.3404       0.1533       0.3229       0.0887
                  0.0317       0.2573      -0.6124       0.1255      -0.1190
   5    100       0.2408      -0.3464       0.1487       0.3176       0.0833
                  0.0257       0.2526      -0.6182       0.1206      -0.1248
 
 group  inft   Estimated free energy: 2-th solvent contribution (kcal/mol)
   1      0      -1.2394      -0.4762      -0.3623      -0.9729      -0.5538
                 -0.8955      -1.1988      -1.1076      -0.7693      -0.8254
   1     60      -1.2398      -0.4766      -0.3626      -0.9732      -0.5542
                 -0.8958      -1.1991      -1.1079      -0.7697      -0.8257
   1     80      -1.2428      -0.4795      -0.3651      -0.9761      -0.5571
                 -0.8987      -1.2021      -1.1109      -0.7726      -0.8287
   1    100      -1.2534      -0.4898      -0.3741      -0.9864      -0.5676
                 -0.9089      -1.2128      -1.1214      -0.7830      -0.8393
   2      0      -1.2316      -0.4720      -0.3629      -0.9688      -0.5469
                 -0.8884      -1.1925      -1.1029      -0.7621      -0.8188
   3      0      -1.2308      -0.4685      -0.3603      -0.9639      -0.5452
                 -0.8873      -1.1924      -1.1034      -0.7601      -0.8170
   4      0      -1.2278      -0.4729      -0.3619      -0.9649      -0.5463
                 -0.8833      -1.1860      -1.1011      -0.7593      -0.8154
   5      0      -1.2264      -0.4682      -0.3652      -0.9599      -0.5440
                 -0.8841      -1.1915      -1.0983      -0.7590      -0.8187
   5     60      -1.2269      -0.4687      -0.3657      -0.9603      -0.5445
                 -0.8845      -1.1920      -1.0988      -0.7595      -0.8192
   5     80      -1.2307      -0.4723      -0.3689      -0.9640      -0.5482
                 -0.8882      -1.1957      -1.1025      -0.7632      -0.8229
   5    100      -1.2404      -0.4819      -0.3775      -0.9736      -0.5579
                 -0.8977      -1.2055      -1.1122      -0.7728      -0.8326
 
 group  inft   Estimated free energy: 3-th solvent contribution (kcal/mol)
   1      0      -2.9281      -3.0742      -3.4967      -3.2580      -3.2443
                 -2.8898      -2.9649      -2.1583      -3.1124      -2.9380
   1     60      -2.9578      -3.1040      -3.5266      -3.2877      -3.2741
                 -2.9194      -2.9944      -2.1877      -3.1422      -2.9677
   1     80      -3.2029      -3.3502      -3.7735      -3.5332      -3.5198
                 -3.1645      -3.2389      -2.4319      -3.3882      -3.2138
   1    100      -4.0703      -4.2213      -4.6458      -4.4013      -4.3882
                 -4.0312      -4.1043      -3.2959      -4.2573      -4.0835
   2      0      -2.9320      -3.0775      -3.5009      -3.2611      -3.2478
                 -2.8933      -2.9693      -2.1644      -3.1165      -2.9409
   3      0      -2.9331      -3.0788      -3.5004      -3.2613      -3.2499
                 -2.8928      -2.9702      -2.1647      -3.1173      -2.9413
   4      0      -2.9331      -3.0770      -3.4930      -3.2618      -3.2507
                 -2.8956      -2.9695      -2.1673      -3.1164      -2.9463
   5      0      -2.9313      -3.0749      -3.4940      -3.2582      -3.2488
                 -2.8888      -2.9699      -2.1672      -3.1124      -2.9409
   5     60      -2.9715      -3.1153      -3.5346      -3.2985      -3.2892
                 -2.9291      -3.0100      -2.2072      -3.1528      -2.9813
   5     80      -3.2765      -3.4215      -3.8416      -3.6038      -3.5948
                 -3.2339      -3.3141      -2.5109      -3.4587      -3.2874
   5    100      -4.0740      -4.2222      -4.6435      -4.4019      -4.3932
                 -4.0308      -4.1098      -3.3051      -4.2577      -4.0867
 
 
 cumulative average & 95% error for solvation free energy
              total             1st component         2nd component         3rd component
  1    -3.9123                0.2516               -1.2308               -2.9331
  2    -3.9009     0.0230    -0.0452     0.5936    -0.8497     0.7623    -3.0059     0.1457
  3    -3.8361     0.1302     0.0213     0.3676    -0.6865     0.5478    -3.1708     0.3402
  4    -3.8508     0.0966     0.0986     0.3024    -0.7559     0.4115    -3.1934     0.2448
  5    -3.8214     0.0952     0.0971     0.2343    -0.7137     0.3297    -3.2047     0.1910
  6    -3.8095     0.0813     0.0860     0.1926    -0.7427     0.2753    -3.1527     0.1874
  7    -3.8216     0.0728     0.1121     0.1709    -0.8069     0.2658    -3.1266     0.1667
  8    -3.8281     0.0644     0.0223     0.2326    -0.8440     0.2418    -3.0064     0.2805
  9    -3.8189     0.0598     0.0346     0.2066    -0.8347     0.2141    -3.0187     0.2486
 10    -3.8243     0.0545     0.0196     0.1872    -0.8329     0.1915    -3.0110     0.2229
