 ERmod 0.3.7, Copyright (C) 2000-2019 Nobuyuki Matubayasi
                            2010-2019 Shun Sakuraba
 ERmod comes with ABSOLUTELY NO WARRANTY.
 This is free software, and you can redistribute it
 and/or modify it under certain conditions.
 See LICENSE file for details.
 ERmod 0.3.7, Copyright (C) 2000-2019 Nobuyuki Matubayasi
                            2010-2019 Shun Sakuraba
 ERmod comes with ABSOLUTELY NO WARRANTY.
 This is free software, and you can redistribute it
 and/or modify it under certain conditions.
 See LICENSE file for details.
 
  Number of the   1-th solvent  =          180
  Number of the   2-th solvent  =          180
  Number of the   3-th solvent  =        10000
 
  Be sure that the solvent distribution is homogeneous (radial distribution function is essentially unity) when the solvent molecule is separated beyond distance of   10.0 Angstrom in any direction from any atom within the solute molecule
 
  LJ long-range correction    =        -0.0084     -0.0079     -0.5695
 
  Self-energy of the solute   =         0.0000  kcal/mol
 
 
 cumulative average & 95% error for solvation energy
              total             1st component         2nd component         3rd component
  1   -13.8174                0.3511               -0.4945              -13.6740
  2   -13.8128     0.0092     0.3408     0.0205    -0.4808     0.0274   -13.6728     0.0023
  3   -13.7902     0.0455     0.3411     0.0119    -0.4807     0.0159   -13.6506     0.0444
  4   -13.7834     0.0349     0.3505     0.0206    -0.4791     0.0116   -13.6548     0.0325
  5   -13.7719     0.0355     0.3520     0.0163    -0.4777     0.0094   -13.6462     0.0305
  6   -13.7675     0.0303     0.3572     0.0169    -0.4749     0.0095   -13.6498     0.0260
  7   -13.7755     0.0302     0.3545     0.0152    -0.4754     0.0081   -13.6547     0.0240
  8   -13.7717     0.0272     0.3568     0.0139    -0.4746     0.0071   -13.6539     0.0208
  9   -13.7761     0.0255     0.3592     0.0133    -0.4754     0.0065   -13.6599     0.0219
 10   -13.7819     0.0256     0.3565     0.0131    -0.4771     0.0067   -13.6613     0.0198
 
 
 group  inft  solvation free energy     error          difference
  total solvation free energy
   1      0          4.07469           0.02253           0.01433
   1     60          4.06265           0.02258           0.00229
   1     80          3.94452           0.02318          -0.11585
   1    100          3.42727           0.02621          -0.63310
   2      0          4.06031           0.02290          -0.00006
   3      0          4.06037           0.02407           0.00000
   4      0          4.03162           0.02341          -0.02874
   5      0          4.08742           0.02208           0.02706
   5     60          4.07063           0.02216           0.01026
   5     80          3.91594           0.02300          -0.14442
   5    100          3.42731           0.02600          -0.63306
 
  contribution from  1-th solvent component
   1      0          0.54457           0.01337           0.00352
   1     60          0.54465           0.01342           0.00360
   1     80          0.54574           0.01399           0.00469
   1    100          0.54854           0.01665           0.00749
   2      0          0.54152           0.01327           0.00047
   3      0          0.54105           0.01367           0.00000
   4      0          0.53968           0.01349          -0.00137
   5      0          0.53900           0.01335          -0.00205
   5     60          0.53909           0.01342          -0.00196
   5     80          0.54016           0.01416          -0.00088
   5    100          0.54174           0.01666           0.00069
 
  contribution from  2-th solvent component
   1      0         -0.37328           0.01357           0.00284
   1     60         -0.37276           0.01360           0.00336
   1     80         -0.36984           0.01390           0.00627
   1    100         -0.36080           0.01549           0.01532
   2      0         -0.37586           0.01302           0.00026
   3      0         -0.37612           0.01317           0.00000
   4      0         -0.37722           0.01301          -0.00110
   5      0         -0.37767           0.01312          -0.00155
   5     60         -0.37702           0.01316          -0.00090
   5     80         -0.37355           0.01356           0.00257
   5    100         -0.36567           0.01512           0.01044
 
  contribution from  3-th solvent component
   1      0          3.90336           0.01667           0.00796
   1     60          3.89072           0.01669          -0.00467
   1     80          3.76858           0.01691          -0.12681
   1    100          3.23948           0.01802          -0.65591
   2      0          3.89461           0.01617          -0.00079
   3      0          3.89539           0.01676           0.00000
   4      0          3.86912           0.01627          -0.02627
   5      0          3.92605           0.01533           0.03066
   5     60          3.90851           0.01536           0.01312
   5     80          3.74928           0.01566          -0.14611
   5    100          3.25120           0.01674          -0.64419
 
 
 group  inft   Estimated free energy: total (kcal/mol)
   1      0       4.0404       4.0566       4.1136       4.1079       4.1255
                  4.0947       4.0211       4.0858       4.0596       4.0417
   1     60       4.0283       4.0445       4.1016       4.0959       4.1136
                  4.0828       4.0089       4.0739       4.0476       4.0295
   1     80       3.9087       3.9252       3.9834       3.9795       3.9963
                  3.9661       3.8895       3.9563       3.9302       3.9101
   1    100       3.3839       3.4027       3.4669       3.4696       3.4835
                  3.4550       3.3663       3.4417       3.4162       3.3869
   2      0       4.0261       4.0371       4.0914       4.0906       4.1184
                  4.0840       4.0147       4.0744       4.0496       4.0169
   3      0       4.0258       4.0356       4.0881       4.0922       4.1232
                  4.0871       4.0159       4.0743       4.0515       4.0100
   4      0       3.9977       4.0071       4.0572       4.0622       4.0945
                  4.0576       3.9911       4.0460       4.0202       3.9827
   5      0       4.0560       4.0676       4.1203       4.1243       4.1395
                  4.1043       4.0395       4.0998       4.0747       4.0481
   5     60       4.0391       4.0507       4.1035       4.1076       4.1228
                  4.0877       4.0225       4.0831       4.0580       4.0312
   5     80       3.8825       3.8945       3.9488       3.9550       3.9694
                  3.9349       3.8661       3.9292       3.9042       3.8747
   5    100       3.3866       3.4006       3.4608       3.4731       3.4853
                  3.4525       3.3718       3.4436       3.4184       3.3803
 
 group  inft   Estimated free energy: 1-th solvent contribution (kcal/mol)
   1      0       0.5455       0.5155       0.5245       0.5713       0.5403
                  0.5556       0.5277       0.5683       0.5712       0.5257
   1     60       0.5455       0.5154       0.5245       0.5715       0.5404
                  0.5558       0.5277       0.5685       0.5714       0.5257
   1     80       0.5460       0.5152       0.5248       0.5737       0.5413
                  0.5578       0.5283       0.5705       0.5737       0.5261
   1    100       0.5460       0.5117       0.5239       0.5818       0.5436
                  0.5643       0.5286       0.5774       0.5824       0.5259
   2      0       0.5427       0.5117       0.5211       0.5678       0.5394
                  0.5525       0.5262       0.5650       0.5671       0.5216
   3      0       0.5418       0.5105       0.5197       0.5678       0.5393
                  0.5517       0.5263       0.5654       0.5680       0.5199
   4      0       0.5406       0.5099       0.5181       0.5664       0.5386
                  0.5506       0.5254       0.5634       0.5656       0.5182
   5      0       0.5401       0.5101       0.5171       0.5653       0.5364
                  0.5485       0.5240       0.5626       0.5663       0.5196
   5     60       0.5401       0.5100       0.5171       0.5655       0.5365
                  0.5487       0.5240       0.5628       0.5665       0.5196
   5     80       0.5404       0.5093       0.5170       0.5680       0.5374
                  0.5510       0.5244       0.5651       0.5692       0.5198
   5    100       0.5397       0.5050       0.5148       0.5746       0.5384
                  0.5560       0.5238       0.5705       0.5762       0.5187
 
 group  inft   Estimated free energy: 2-th solvent contribution (kcal/mol)
   1      0      -0.4164      -0.3463      -0.3567      -0.3638      -0.3655
                 -0.3486      -0.3851      -0.3769      -0.3844      -0.3890
   1     60      -0.4160      -0.3457      -0.3562      -0.3633      -0.3649
                 -0.3480      -0.3846      -0.3764      -0.3839      -0.3886
   1     80      -0.4140      -0.3424      -0.3530      -0.3600      -0.3616
                 -0.3446      -0.3819      -0.3735      -0.3812      -0.3862
   1    100      -0.4104      -0.3311      -0.3423      -0.3488      -0.3508
                 -0.3330      -0.3740      -0.3649      -0.3730      -0.3796
   2      0      -0.4174      -0.3497      -0.3604      -0.3673      -0.3687
                 -0.3522      -0.3856      -0.3792      -0.3855      -0.3927
   3      0      -0.4174      -0.3495      -0.3621      -0.3668      -0.3686
                 -0.3509      -0.3853      -0.3806      -0.3860      -0.3938
   4      0      -0.4188      -0.3514      -0.3636      -0.3700      -0.3682
                 -0.3525      -0.3851      -0.3808      -0.3868      -0.3950
   5      0      -0.4176      -0.3504      -0.3587      -0.3656      -0.3703
                 -0.3578      -0.3890      -0.3829      -0.3911      -0.3932
   5     60      -0.4171      -0.3497      -0.3580      -0.3649      -0.3696
                 -0.3570      -0.3884      -0.3823      -0.3905      -0.3926
   5     80      -0.4149      -0.3457      -0.3541      -0.3610      -0.3656
                 -0.3529      -0.3853      -0.3788      -0.3874      -0.3899
   5    100      -0.4121      -0.3356      -0.3447      -0.3509      -0.3558
                 -0.3424      -0.3787      -0.3714      -0.3806      -0.3845
 
 group  inft   Estimated free energy: 3-th solvent contribution (kcal/mol)
   1      0       3.9113       3.8874       3.9457       3.9003       3.9507
                  3.8876       3.8784       3.8944       3.8727       3.9050
   1     60       3.8987       3.8747       3.9331       3.8877       3.9381
                  3.8750       3.8658       3.8817       3.8601       3.8923
   1     80       3.7768       3.7524       3.8115       3.7658       3.8166
                  3.7527       3.7430       3.7592       3.7377       3.7701
   1    100       3.2482       3.2220       3.2853       3.2366       3.2907
                  3.2237       3.2116       3.2292       3.2068       3.2406
   2      0       3.9007       3.8751       3.9306       3.8900       3.9476
                  3.8836       3.8741       3.8885       3.8679       3.8879
   3      0       3.9013       3.8746       3.9305       3.8911       3.9524
                  3.8863       3.8748       3.8895       3.8695       3.8839
   4      0       3.8759       3.8486       3.9026       3.8657       3.9241
                  3.8594       3.8508       3.8633       3.8413       3.8595
   5      0       3.9335       3.9079       3.9619       3.9246       3.9733
                  3.9136       3.9044       3.9201       3.8995       3.9217
   5     60       3.9160       3.8904       3.9444       3.9070       3.9559
                  3.8960       3.8868       3.9025       3.8820       3.9041
   5     80       3.7570       3.7307       3.7859       3.7479       3.7975
                  3.7368       3.7269       3.7429       3.7224       3.7447
   5    100       3.2591       3.2311       3.2906       3.2493       3.3027
                  3.2390       3.2267       3.2444       3.2228       3.2462
 
 
 cumulative average & 95% error for solvation free energy
              total             1st component         2nd component         3rd component
  1     4.0258                0.5418               -0.4174                3.9013
  2     4.0307     0.0099     0.5262     0.0313    -0.3835     0.0679     3.8880     0.0267
  3     4.0498     0.0387     0.5240     0.0186    -0.3764     0.0417     3.9021     0.0323
  4     4.0604     0.0346     0.5350     0.0255    -0.3740     0.0299     3.8994     0.0235
  5     4.0730     0.0367     0.5358     0.0199    -0.3729     0.0232     3.9100     0.0280
  6     4.0753     0.0303     0.5385     0.0171    -0.3692     0.0203     3.9060     0.0242
  7     4.0668     0.0308     0.5367     0.0148    -0.3715     0.0178     3.9016     0.0223
  8     4.0678     0.0267     0.5403     0.0147    -0.3727     0.0156     3.9001     0.0195
  9     4.0660     0.0238     0.5434     0.0144    -0.3742     0.0141     3.8967     0.0185
 10     4.0604     0.0241     0.5410     0.0137    -0.3761     0.0132     3.8954     0.0168
