 ERmod 0.3.7, Copyright (C) 2000-2019 Nobuyuki Matubayasi
                            2010-2019 Shun Sakuraba
 ERmod comes with ABSOLUTELY NO WARRANTY.
 This is free software, and you can redistribute it
 and/or modify it under certain conditions.
 See LICENSE file for details.
 ERmod 0.3.7, Copyright (C) 2000-2019 Nobuyuki Matubayasi
                            2010-2019 Shun Sakuraba
 ERmod comes with ABSOLUTELY NO WARRANTY.
 This is free software, and you can redistribute it
 and/or modify it under certain conditions.
 See LICENSE file for details.
 
  Number of the   1-th solvent  =           90
  Number of the   2-th solvent  =           90
  Number of the   3-th solvent  =        10000
 
  Be sure that the solvent distribution is homogeneous (radial distribution function is essentially unity) when the solvent molecule is separated beyond distance of   10.0 Angstrom in any direction from any atom within the solute molecule
 
  LJ long-range correction    =        -0.0058     -0.0154     -0.6193
 
  Self-energy of the solute   =        -0.0001  kcal/mol
 
 
 cumulative average & 95% error for solvation energy
              total             1st component         2nd component         3rd component
  1   -28.2509               -0.1916               -1.2148              -26.8444
  2   -28.1773     0.1473    -0.7635     1.1439    -1.1449     0.1399   -26.2689     1.1512
  3   -28.1231     0.1377    -0.4543     0.9047    -0.9977     0.3051   -26.6710     1.0433
  4   -28.1502     0.1115    -0.3110     0.7011    -1.1122     0.3146   -26.7270     0.7462
  5   -28.1514     0.0864    -0.3464     0.5476    -1.0614     0.2640   -26.7435     0.5790
  6   -28.1879     0.1014    -0.2804     0.4662    -1.1230     0.2483   -26.7844     0.4797
  7   -28.2081     0.0948    -0.2601     0.3961    -1.1082     0.2119   -26.8396     0.4202
  8   -28.1824     0.0968    -0.3821     0.4209    -1.0807     0.1916   -26.7195     0.4360
  9   -28.1664     0.0912    -0.3663     0.3725    -1.0592     0.1744   -26.7408     0.3869
 10   -28.1619     0.0820    -0.4793     0.4026    -1.0249     0.1704   -26.6578     0.3839
 
 
 group  inft  solvation free energy     error          difference
  total solvation free energy
   1      0         -3.82039           0.03902           0.00867
   1     60         -3.84223           0.03904          -0.01318
   1     80         -4.04192           0.03919          -0.21287
   1    100         -4.79751           0.03944          -0.96845
   2      0         -3.82801           0.03758           0.00105
   3      0         -3.82906           0.03527           0.00000
   4      0         -3.82842           0.03555           0.00064
   5      0         -3.82436           0.03338           0.00470
   5     60         -3.85433           0.03341          -0.02527
   5     80         -4.10567           0.03358          -0.27661
   5    100         -4.80306           0.03383          -0.97401
 
  contribution from  1-th solvent component
   1      0         -0.05061           0.20590           0.01017
   1     60         -0.05070           0.20591           0.01009
   1     80         -0.05171           0.20600           0.00907
   1    100         -0.05646           0.20639           0.00433
   2      0         -0.05842           0.20232           0.00237
   3      0         -0.06079           0.20029           0.00000
   4      0         -0.06302           0.19941          -0.00224
   5      0         -0.06269           0.19867          -0.00191
   5     60         -0.06284           0.19868          -0.00205
   5     80         -0.06438           0.19872          -0.00359
   5    100         -0.06929           0.19888          -0.00850
 
  contribution from  2-th solvent component
   1      0         -0.57580           0.08397          -0.00447
   1     60         -0.57598           0.08398          -0.00464
   1     80         -0.57757           0.08404          -0.00623
   1    100         -0.58408           0.08420          -0.01274
   2      0         -0.57289           0.08319          -0.00155
   3      0         -0.57134           0.08251           0.00000
   4      0         -0.57042           0.08221           0.00092
   5      0         -0.56936           0.08198           0.00197
   5     60         -0.56960           0.08199           0.00173
   5     80         -0.57176           0.08203          -0.00042
   5    100         -0.57803           0.08213          -0.00669
 
  contribution from  3-th solvent component
   1      0         -3.19390           0.18680           0.00296
   1     60         -3.21548           0.18683          -0.01863
   1     80         -3.41256           0.18704          -0.21571
   1    100         -4.15689           0.18792          -0.96004
   2      0         -3.19663           0.18662           0.00023
   3      0         -3.19686           0.18695           0.00000
   4      0         -3.19490           0.18500           0.00196
   5      0         -3.19222           0.18610           0.00463
   5     60         -3.22181           0.18614          -0.02495
   5     80         -3.46946           0.18639          -0.27260
   5    100         -4.15567           0.18719          -0.95881
 
 
 group  inft   Estimated free energy: total (kcal/mol)
   1      0      -3.8363      -3.8905      -3.6850      -3.8287      -3.8323
                 -3.8860      -3.8482      -3.7701      -3.7756      -3.8511
   1     60      -3.8582      -3.9122      -3.7068      -3.8506      -3.8543
                 -3.9079      -3.8701      -3.7919      -3.7974      -3.8730
   1     80      -4.0581      -4.1109      -3.9058      -4.0504      -4.0546
                 -4.1083      -4.0702      -3.9913      -3.9967      -4.0729
   1    100      -4.8151      -4.8633      -4.6600      -4.8063      -4.8125
                 -4.8651      -4.8264      -4.7460      -4.7515      -4.8288
   2      0      -3.8349      -3.8845      -3.6924      -3.8464      -3.8413
                 -3.8898      -3.8615      -3.7751      -3.7963      -3.8578
   3      0      -3.8414      -3.8776      -3.7025      -3.8504      -3.8448
                 -3.8862      -3.8596      -3.7753      -3.7976      -3.8551
   4      0      -3.8304      -3.8758      -3.6996      -3.8484      -3.8421
                 -3.8932      -3.8574      -3.7818      -3.7978      -3.8578
   5      0      -3.8323      -3.8716      -3.7086      -3.8492      -3.8357
                 -3.8847      -3.8523      -3.7733      -3.7903      -3.8454
   5     60      -3.8623      -3.9014      -3.7385      -3.8792      -3.8658
                 -3.9148      -3.8824      -3.8033      -3.8202      -3.8754
   5     80      -4.1140      -4.1513      -3.9891      -4.1308      -4.1179
                 -4.1670      -4.1342      -4.0542      -4.0713      -4.1269
   5    100      -4.8125      -4.8451      -4.6856      -4.8288      -4.8174
                 -4.8659      -4.8323      -4.7505      -4.7682      -4.8242
 
 group  inft   Estimated free energy: 1-th solvent contribution (kcal/mol)
   1      0       0.0934      -0.4711       0.2766       0.2456      -0.0912
                  0.2235       0.1634      -0.4368       0.0665      -0.5760
   1     60       0.0933      -0.4712       0.2765       0.2455      -0.0912
                  0.2234       0.1634      -0.4369       0.0664      -0.5761
   1     80       0.0921      -0.4725       0.2760       0.2447      -0.0922
                  0.2224       0.1624      -0.4382       0.0654      -0.5772
   1    100       0.0870      -0.4781       0.2727       0.2407      -0.0970
                  0.2177       0.1583      -0.4439       0.0604      -0.5824
   2      0       0.0899      -0.4683       0.2659       0.2297      -0.1026
                  0.2142       0.1502      -0.4328       0.0489      -0.5793
   3      0       0.0871      -0.4639       0.2549       0.2265      -0.1057
                  0.2090       0.1476      -0.4316       0.0474      -0.5791
   4      0       0.0841      -0.4647       0.2529       0.2198      -0.1070
                  0.2039       0.1463      -0.4316       0.0459      -0.5799
   5      0       0.0848      -0.4624       0.2484       0.2196      -0.1063
                  0.2037       0.1450      -0.4283       0.0490      -0.5804
   5     60       0.0846      -0.4626       0.2483       0.2194      -0.1064
                  0.2035       0.1448      -0.4284       0.0488      -0.5805
   5     80       0.0829      -0.4642       0.2473       0.2180      -0.1079
                  0.2018       0.1433      -0.4301       0.0472      -0.5820
   5    100       0.0777      -0.4694       0.2434       0.2135      -0.1128
                  0.1967       0.1387      -0.4355       0.0420      -0.5871
 
 group  inft   Estimated free energy: 2-th solvent contribution (kcal/mol)
   1      0      -0.6611      -0.6824      -0.3857      -0.7735      -0.4646
                 -0.7405      -0.5635      -0.5443      -0.5051      -0.4373
   1     60      -0.6612      -0.6826      -0.3859      -0.7737      -0.4648
                 -0.7407      -0.5637      -0.5444      -0.5053      -0.4375
   1     80      -0.6629      -0.6843      -0.3873      -0.7753      -0.4663
                 -0.7424      -0.5653      -0.5459      -0.5067      -0.4391
   1    100      -0.6698      -0.6911      -0.3933      -0.7821      -0.4725
                 -0.7492      -0.5722      -0.5521      -0.5127      -0.4457
   2      0      -0.6549      -0.6773      -0.3791      -0.7716      -0.4614
                 -0.7305      -0.5624      -0.5495      -0.5057      -0.4365
   3      0      -0.6542      -0.6743      -0.3759      -0.7696      -0.4637
                 -0.7246      -0.5574      -0.5512      -0.5068      -0.4357
   4      0      -0.6449      -0.6717      -0.3760      -0.7673      -0.4614
                 -0.7274      -0.5597      -0.5546      -0.5086      -0.4326
   5      0      -0.6472      -0.6716      -0.3784      -0.7665      -0.4574
                 -0.7222      -0.5578      -0.5536      -0.5088      -0.4301
   5     60      -0.6475      -0.6719      -0.3786      -0.7668      -0.4576
                 -0.7225      -0.5581      -0.5538      -0.5090      -0.4303
   5     80      -0.6497      -0.6741      -0.3806      -0.7690      -0.4598
                 -0.7247      -0.5603      -0.5558      -0.5111      -0.4325
   5    100      -0.6561      -0.6805      -0.3864      -0.7755      -0.4659
                 -0.7311      -0.5668      -0.5620      -0.5171      -0.4388
 
 group  inft   Estimated free energy: 3-th solvent contribution (kcal/mol)
   1      0      -3.2686      -2.7368      -3.5758      -3.3008      -3.2765
                 -3.3689      -3.4481      -2.7889      -3.3369      -2.8377
   1     60      -3.2901      -2.7582      -3.5974      -3.3223      -3.2982
                 -3.3906      -3.4698      -2.8105      -3.3584      -2.8593
   1     80      -3.4872      -2.9540      -3.7944      -3.5197      -3.4960
                 -3.5881      -3.6672      -3.0072      -3.5553      -3.0566
   1    100      -4.2323      -3.6939      -4.5393      -4.2649      -4.2429
                 -4.3335      -4.4124      -3.7499      -4.2991      -3.8006
   2      0      -3.2699      -2.7388      -3.5791      -3.3044      -3.2772
                 -3.3735      -3.4492      -2.7928      -3.3394      -2.8420
   3      0      -3.2743      -2.7393      -3.5814      -3.3072      -3.2753
                 -3.3706      -3.4497      -2.7923      -3.3381      -2.8403
   4      0      -3.2695      -2.7394      -3.5765      -3.3009      -3.2736
                 -3.3696      -3.4439      -2.7955      -3.3350      -2.8451
   5      0      -3.2698      -2.7376      -3.5786      -3.3021      -3.2720
                 -3.3661      -3.4394      -2.7914      -3.3304      -2.8348
   5     60      -3.2994      -2.7669      -3.6082      -3.3317      -3.3017
                 -3.3958      -3.4691      -2.8210      -3.3599      -2.8645
   5     80      -3.5471      -3.0129      -3.8558      -3.5797      -3.5502
                 -3.6440      -3.7171      -3.0682      -3.6073      -3.1123
   5    100      -4.2340      -3.6952      -4.5425      -4.2667      -4.2386
                 -4.3314      -4.4041      -3.7529      -4.2929      -3.7983
 
 
 cumulative average & 95% error for solvation free energy
              total             1st component         2nd component         3rd component
  1    -3.8414                0.0871               -0.6542               -3.2743
  2    -3.8595     0.0362    -0.1884     0.5510    -0.6642     0.0201    -3.0068     0.5349
  3    -3.8072     0.1067    -0.0406     0.4342    -0.5681     0.1925    -3.1984     0.4921
  4    -3.8180     0.0785     0.0261     0.3348    -0.6185     0.1694    -3.2256     0.3522
  5    -3.8234     0.0617    -0.0002     0.2647    -0.5875     0.1451    -3.2355     0.2735
  6    -3.8338     0.0546     0.0346     0.2271    -0.6104     0.1269    -3.2580     0.2278
  7    -3.8375     0.0467     0.0508     0.1946    -0.6028     0.1084    -3.2854     0.2002
  8    -3.8297     0.0434    -0.0095     0.2072    -0.5964     0.0947    -3.2238     0.2127
  9    -3.8262     0.0389    -0.0032     0.1832    -0.5864     0.0859    -3.2365     0.1893
 10    -3.8291     0.0353    -0.0608     0.2003    -0.5713     0.0825    -3.1969     0.1869
