 ERmod 0.3.7, Copyright (C) 2000-2019 Nobuyuki Matubayasi
                            2010-2019 Shun Sakuraba
 ERmod comes with ABSOLUTELY NO WARRANTY.
 This is free software, and you can redistribute it
 and/or modify it under certain conditions.
 See LICENSE file for details.
 ERmod 0.3.7, Copyright (C) 2000-2019 Nobuyuki Matubayasi
                            2010-2019 Shun Sakuraba
 ERmod comes with ABSOLUTELY NO WARRANTY.
 This is free software, and you can redistribute it
 and/or modify it under certain conditions.
 See LICENSE file for details.
 
  Number of the   1-th solvent  =           90
  Number of the   2-th solvent  =           90
  Number of the   3-th solvent  =        10000
 
  Be sure that the solvent distribution is homogeneous (radial distribution function is essentially unity) when the solvent molecule is separated beyond distance of   10.0 Angstrom in any direction from any atom within the solute molecule
 
  LJ long-range correction    =        -0.0030     -0.0102     -0.4073
 
  Self-energy of the solute   =        -0.0001  kcal/mol
 
 
 cumulative average & 95% error for solvation energy
              total             1st component         2nd component         3rd component
  1   -23.3701               -0.3190               -0.8585              -22.1925
  2   -23.5325     0.3248    -0.7675     0.8970    -1.0212     0.3255   -21.7437     0.8977
  3   -23.4574     0.2402    -0.6498     0.5688    -0.9096     0.2918   -21.8979     0.6031
  4   -23.4487     0.1707    -0.5720     0.4313    -0.8853     0.2120   -21.9914     0.4657
  5   -23.4288     0.1381    -0.4790     0.3823    -0.8007     0.2357   -22.1490     0.4790
  6   -23.4055     0.1220    -0.4197     0.3340    -0.7138     0.2594   -22.2720     0.4620
  7   -23.4371     0.1210    -0.3668     0.3014    -0.7071     0.2196   -22.3631     0.4309
  8   -23.4267     0.1068    -0.2835     0.3096    -0.6635     0.2092   -22.4795     0.4398
  9   -23.4509     0.1060    -0.3985     0.3569    -0.7758     0.2907   -22.2765     0.5615
 10   -23.4544     0.0950    -0.3885     0.3199    -0.7717     0.2601   -22.2941     0.5034
 
 
 group  inft  solvation free energy     error          difference
  total solvation free energy
   1      0         -4.21750           0.10554           0.01372
   1     60         -4.23847           0.10554          -0.00725
   1     80         -4.40121           0.10573          -0.16999
   1    100         -4.95728           0.10626          -0.72606
   2      0         -4.22804           0.10373           0.00317
   3      0         -4.23122           0.10029           0.00000
   4      0         -4.22636           0.10206           0.00486
   5      0         -4.23111           0.09968           0.00010
   5     60         -4.25942           0.09969          -0.02820
   5     80         -4.46053           0.09988          -0.22931
   5    100         -4.97221           0.10035          -0.74099
 
  contribution from  1-th solvent component
   1      0         -0.03956           0.18831           0.01255
   1     60         -0.03959           0.18833           0.01252
   1     80         -0.04003           0.18857           0.01208
   1    100         -0.04203           0.18932           0.01007
   2      0         -0.04984           0.18626           0.00226
   3      0         -0.05211           0.18415          -0.00000
   4      0         -0.05312           0.18400          -0.00101
   5      0         -0.05416           0.18301          -0.00205
   5     60         -0.05423           0.18305          -0.00213
   5     80         -0.05501           0.18333          -0.00291
   5    100         -0.05733           0.18401          -0.00523
 
  contribution from  2-th solvent component
   1      0         -0.44285           0.15615          -0.00312
   1     60         -0.44299           0.15617          -0.00326
   1     80         -0.44422           0.15631          -0.00449
   1    100         -0.44883           0.15668          -0.00910
   2      0         -0.44100           0.15518          -0.00127
   3      0         -0.43973           0.15377           0.00000
   4      0         -0.43904           0.15461           0.00069
   5      0         -0.43708           0.15364           0.00265
   5     60         -0.43729           0.15366           0.00244
   5     80         -0.43893           0.15380           0.00080
   5    100         -0.44342           0.15407          -0.00369
 
  contribution from  3-th solvent component
   1      0         -3.73500           0.24459           0.00429
   1     60         -3.75580           0.24463          -0.01651
   1     80         -3.91687           0.24484          -0.17758
   1    100         -4.46632           0.24564          -0.72703
   2      0         -3.73712           0.24436           0.00218
   3      0         -3.73930           0.24464           0.00000
   4      0         -3.73411           0.24359           0.00519
   5      0         -3.73979           0.24375          -0.00049
   5     60         -3.76781           0.24381          -0.02851
   5     80         -3.96650           0.24407          -0.22720
   5    100         -4.47137           0.24476          -0.73207
 
 
 group  inft   Estimated free energy: total (kcal/mol)
   1      0      -4.2798      -4.4908      -4.1146      -4.2314      -4.1395
                 -4.0712      -4.2769      -3.9076      -4.3954      -4.2678
   1     60      -4.3007      -4.5119      -4.1355      -4.2523      -4.1605
                 -4.0921      -4.2979      -3.9286      -4.4164      -4.2887
   1     80      -4.4634      -4.6757      -4.2983      -4.4150      -4.3237
                 -4.2539      -4.4610      -4.0911      -4.5788      -4.4513
   1    100      -5.0196      -5.2348      -4.8541      -4.9708      -4.8813
                 -4.8079      -5.0183      -4.6457      -5.1332      -5.0070
   2      0      -4.2909      -4.4941      -4.1211      -4.2481      -4.1520
                 -4.0963      -4.2900      -3.9137      -4.3914      -4.2829
   3      0      -4.2980      -4.4835      -4.1226      -4.2529      -4.1552
                 -4.1049      -4.2966      -3.9255      -4.3827      -4.2903
   4      0      -4.2850      -4.4847      -4.1149      -4.2450      -4.1542
                 -4.0975      -4.2938      -3.9161      -4.3842      -4.2882
   5      0      -4.2901      -4.4822      -4.1162      -4.2543      -4.1557
                 -4.1090      -4.2975      -3.9292      -4.3836      -4.2933
   5     60      -4.3184      -4.5107      -4.1445      -4.2826      -4.1841
                 -4.1372      -4.3258      -3.9575      -4.4118      -4.3215
   5     80      -4.5195      -4.7129      -4.3456      -4.4837      -4.3858
                 -4.3372      -4.5275      -4.1582      -4.6124      -4.5225
   5    100      -5.0314      -5.2270      -4.8570      -4.9953      -4.8991
                 -4.8472      -5.0406      -4.6683      -5.1223      -5.0340
 
 group  inft   Estimated free energy: 1-th solvent contribution (kcal/mol)
   1      0      -0.0590      -0.4787      -0.0461      -0.0115       0.1034
                  0.0596       0.1393       0.4890      -0.5515      -0.0401
   1     60      -0.0591      -0.4788      -0.0461      -0.0116       0.1034
                  0.0596       0.1393       0.4892      -0.5516      -0.0401
   1     80      -0.0597      -0.4796      -0.0468      -0.0121       0.1030
                  0.0591       0.1389       0.4899      -0.5524      -0.0405
   1    100      -0.0624      -0.4829      -0.0495      -0.0143       0.1011
                  0.0569       0.1371       0.4915      -0.5556      -0.0422
   2      0      -0.0661      -0.4791      -0.0505      -0.0310       0.0904
                  0.0394       0.1242       0.4846      -0.5519      -0.0583
   3      0      -0.0639      -0.4783      -0.0486      -0.0364       0.0835
                  0.0372       0.1180       0.4790      -0.5454      -0.0661
   4      0      -0.0602      -0.4760      -0.0479      -0.0366       0.0773
                  0.0351       0.1135       0.4800      -0.5486      -0.0678
   5      0      -0.0603      -0.4725      -0.0472      -0.0414       0.0779
                  0.0316       0.1114       0.4784      -0.5464      -0.0729
   5     60      -0.0604      -0.4726      -0.0473      -0.0415       0.0778
                  0.0315       0.1113       0.4785      -0.5465      -0.0729
   5     80      -0.0615      -0.4738      -0.0484      -0.0425       0.0770
                  0.0306       0.1105       0.4792      -0.5476      -0.0736
   5    100      -0.0646      -0.4770      -0.0513      -0.0453       0.0747
                  0.0280       0.1082       0.4807      -0.5508      -0.0759
 
 group  inft   Estimated free energy: 2-th solvent contribution (kcal/mol)
   1      0      -0.5463      -0.7615      -0.3837      -0.4982      -0.2594
                 -0.1086      -0.3704      -0.1883      -0.9046      -0.4075
   1     60      -0.5465      -0.7617      -0.3838      -0.4983      -0.2595
                 -0.1086      -0.3706      -0.1884      -0.9047      -0.4077
   1     80      -0.5477      -0.7631      -0.3852      -0.4998      -0.2609
                 -0.1090      -0.3719      -0.1894      -0.9062      -0.4089
   1    100      -0.5524      -0.7683      -0.3902      -0.5051      -0.2657
                 -0.1113      -0.3769      -0.1933      -0.9113      -0.4137
   2      0      -0.5503      -0.7614      -0.3832      -0.4947      -0.2563
                 -0.1127      -0.3662      -0.1867      -0.8963      -0.4020
   3      0      -0.5557      -0.7513      -0.3846      -0.4929      -0.2523
                 -0.1133      -0.3644      -0.1900      -0.8918      -0.4010
   4      0      -0.5553      -0.7532      -0.3827      -0.4929      -0.2499
                 -0.1122      -0.3634      -0.1859      -0.8927      -0.4022
   5      0      -0.5517      -0.7489      -0.3792      -0.4884      -0.2467
                 -0.1124      -0.3624      -0.1911      -0.8905      -0.3995
   5     60      -0.5519      -0.7491      -0.3794      -0.4886      -0.2469
                 -0.1124      -0.3627      -0.1913      -0.8907      -0.3997
   5     80      -0.5536      -0.7510      -0.3812      -0.4905      -0.2487
                 -0.1130      -0.3645      -0.1927      -0.8926      -0.4014
   5    100      -0.5583      -0.7558      -0.3861      -0.4955      -0.2535
                 -0.1155      -0.3693      -0.1968      -0.8973      -0.4060
 
 group  inft   Estimated free energy: 3-th solvent contribution (kcal/mol)
   1      0      -3.6743      -3.2506      -3.6848      -3.7216      -3.9834
                 -4.0221      -4.0457      -4.2082      -2.9393      -3.8200
   1     60      -3.6951      -3.2714      -3.7055      -3.7423      -4.0043
                 -4.0429      -4.0665      -4.2293      -2.9600      -3.8408
   1     80      -3.8559      -3.4329      -3.8662      -3.9030      -4.1657
                 -4.2039      -4.2278      -4.3914      -3.1202      -4.0018
   1    100      -4.4047      -3.9836      -4.4143      -4.4513      -4.7166
                 -4.7534      -4.7784      -4.9438      -3.6662      -4.5510
   2      0      -3.6744      -3.2535      -3.6872      -3.7223      -3.9859
                 -4.0229      -4.0479      -4.2115      -2.9431      -3.8225
   3      0      -3.6783      -3.2538      -3.6892      -3.7235      -3.9864
                 -4.0287      -4.0502      -4.2144      -2.9454      -3.8231
   4      0      -3.6694      -3.2554      -3.6842      -3.7155      -3.9815
                 -4.0203      -4.0438      -4.2101      -2.9428      -3.8182
   5      0      -3.6780      -3.2608      -3.6898      -3.7244      -3.9868
                 -4.0281      -4.0463      -4.2163      -2.9466      -3.8208
   5     60      -3.7059      -3.2889      -3.7177      -3.7523      -4.0149
                 -4.0561      -4.0744      -4.2446      -2.9745      -3.8487
   5     80      -3.9043      -3.4881      -3.9159      -3.9505      -4.2140
                 -4.2547      -4.2734      -4.4446      -3.1721      -4.0473
   5    100      -4.4084      -3.9941      -4.4195      -4.4543      -4.7202
                 -4.7596      -4.7794      -4.9521      -3.6740      -4.5520
 
 
 cumulative average & 95% error for solvation free energy
              total             1st component         2nd component         3rd component
  1    -4.2980               -0.0639               -0.5557               -3.6783
  2    -4.3907     0.1855    -0.2711     0.4144    -0.6535     0.1956    -3.4661     0.4246
  3    -4.3014     0.2084    -0.1970     0.2815    -0.5639     0.2118    -3.5405     0.2867
  4    -4.2892     0.1493    -0.1568     0.2146    -0.5461     0.1539    -3.5862     0.2225
  5    -4.2624     0.1275    -0.1087     0.1921    -0.4874     0.1674    -3.6662     0.2352
  6    -4.2362     0.1166    -0.0844     0.1642    -0.4250     0.1850    -3.7266     0.2269
  7    -4.2448     0.1000    -0.0555     0.1503    -0.4163     0.1573    -3.7729     0.2129
  8    -4.2049     0.1178     0.0113     0.1866    -0.3880     0.1475    -3.8281     0.2149
  9    -4.2247     0.1112    -0.0505     0.2059    -0.4440     0.1717    -3.7300     0.2727
 10    -4.2312     0.1003    -0.0521     0.1841    -0.4397     0.1538    -3.7393     0.2446
