 ERmod 0.3.7, Copyright (C) 2000-2019 Nobuyuki Matubayasi
                            2010-2019 Shun Sakuraba
 ERmod comes with ABSOLUTELY NO WARRANTY.
 This is free software, and you can redistribute it
 and/or modify it under certain conditions.
 See LICENSE file for details.
 ERmod 0.3.7, Copyright (C) 2000-2019 Nobuyuki Matubayasi
                            2010-2019 Shun Sakuraba
 ERmod comes with ABSOLUTELY NO WARRANTY.
 This is free software, and you can redistribute it
 and/or modify it under certain conditions.
 See LICENSE file for details.
 
  Number of the   1-th solvent  =           90
  Number of the   2-th solvent  =           90
  Number of the   3-th solvent  =        10000
 
  Be sure that the solvent distribution is homogeneous (radial distribution function is essentially unity) when the solvent molecule is separated beyond distance of   10.0 Angstrom in any direction from any atom within the solute molecule
 
  LJ long-range correction    =        -0.0042     -0.0236     -0.4477
 
  Self-energy of the solute   =         0.0000  kcal/mol
 
 
 cumulative average & 95% error for solvation energy
              total             1st component         2nd component         3rd component
  1   -11.6287                0.0920               -0.6083              -11.1125
  2   -11.6262     0.0050     0.0967     0.0094    -0.6203     0.0241   -11.1027     0.0196
  3   -11.5954     0.0618     0.1050     0.0175    -0.5715     0.0986   -11.1290     0.0538
  4   -11.5614     0.0807     0.1128     0.0199    -0.5070     0.1466   -11.1673     0.0855
  5   -11.5709     0.0654     0.1042     0.0231    -0.5212     0.1171   -11.1539     0.0714
  6   -11.5657     0.0544     0.1092     0.0213    -0.5210     0.0956   -11.1539     0.0583
  7   -11.5708     0.0471     0.1097     0.0181    -0.5321     0.0838   -11.1484     0.0505
  8   -11.5728     0.0410     0.1121     0.0163    -0.5410     0.0747   -11.1439     0.0446
  9   -11.5596     0.0446     0.1157     0.0161    -0.5258     0.0725   -11.1495     0.0410
 10   -11.5547     0.0411     0.1158     0.0144    -0.5195     0.0661   -11.1511     0.0368
 
 
 group  inft  solvation free energy     error          difference
  total solvation free energy
   1      0          3.02437           0.03888           0.00802
   1     60          3.00878           0.03902          -0.00757
   1     80          2.88309           0.04020          -0.13325
   1    100          2.41584           0.04448          -0.60050
   2      0          3.01356           0.03886          -0.00278
   3      0          3.01634           0.03891           0.00000
   4      0          2.99628           0.03875          -0.02006
   5      0          3.04254           0.03918           0.02620
   5     60          3.02126           0.03936           0.00491
   5     80          2.86242           0.04083          -0.15392
   5    100          2.42682           0.04474          -0.58952
 
  contribution from  1-th solvent component
   1      0          0.21522           0.01908           0.00279
   1     60          0.21535           0.01916           0.00293
   1     80          0.21636           0.01992           0.00394
   1    100          0.21845           0.02268           0.00603
   2      0          0.21307           0.01859           0.00065
   3      0          0.21242           0.01862           0.00000
   4      0          0.21182           0.01863          -0.00061
   5      0          0.21138           0.01842          -0.00105
   5     60          0.21154           0.01854          -0.00089
   5     80          0.21254           0.01950           0.00012
   5    100          0.21394           0.02203           0.00152
 
  contribution from  2-th solvent component
   1      0         -0.25474           0.03511           0.00115
   1     60         -0.25480           0.03516           0.00108
   1     80         -0.25540           0.03553           0.00048
   1    100         -0.25781           0.03684          -0.00192
   2      0         -0.25576           0.03500           0.00013
   3      0         -0.25589           0.03491           0.00000
   4      0         -0.25681           0.03477          -0.00092
   5      0         -0.25693           0.03471          -0.00104
   5     60         -0.25703           0.03478          -0.00114
   5     80         -0.25788           0.03522          -0.00199
   5    100         -0.26027           0.03640          -0.00438
 
  contribution from  3-th solvent component
   1      0          3.06385           0.01437           0.00408
   1     60          3.04819           0.01437          -0.01158
   1     80          2.92210           0.01435          -0.13767
   1    100          2.45516           0.01424          -0.60460
   2      0          3.05621           0.01332          -0.00356
   3      0          3.05977           0.01313           0.00000
   4      0          3.04124           0.01291          -0.01853
   5      0          3.08805           0.01284           0.02829
   5     60          3.06671           0.01284           0.00694
   5     80          2.90772           0.01281          -0.15205
   5    100          2.47311           0.01274          -0.58665
 
 
 group  inft   Estimated free energy: total (kcal/mol)
   1      0       2.9547       2.9661       3.0368       3.1215       2.9952
                  3.0149       2.9953       2.9871       3.1380       3.0340
   1     60       2.9389       2.9503       3.0212       3.1063       2.9794
                  2.9993       2.9796       2.9715       3.1228       3.0183
   1     80       2.8113       2.8229       2.8953       2.9839       2.8522
                  2.8740       2.8533       2.8452       3.0006       2.8923
   1    100       2.3374       2.3498       2.4268       2.5282       2.3789
                  2.4083       2.3831       2.3758       2.5466       2.4235
   2      0       2.9463       2.9551       3.0252       3.1126       2.9824
                  3.0087       2.9831       2.9763       3.1264       3.0196
   3      0       2.9489       2.9584       3.0271       3.1171       2.9853
                  3.0122       2.9851       2.9805       3.1288       3.0199
   4      0       2.9301       2.9366       3.0086       3.0965       2.9634
                  2.9916       2.9665       2.9609       3.1076       3.0009
   5      0       2.9771       2.9835       3.0520       3.1418       3.0105
                  3.0387       3.0130       3.0001       3.1567       3.0520
   5     60       2.9555       2.9619       3.0307       3.1210       2.9890
                  3.0175       2.9916       2.9788       3.1359       3.0306
   5     80       2.7944       2.8010       2.8713       2.9662       2.8282
                  2.8592       2.8319       2.8192       2.9816       2.8712
   5    100       2.3530       2.3603       2.4340       2.5411       2.3873
                  2.4255       2.3934       2.3816       2.5582       2.4340
 
 group  inft   Estimated free energy: 1-th solvent contribution (kcal/mol)
   1      0       0.1887       0.1950       0.2093       0.2380       0.1753
                  0.2253       0.2058       0.2253       0.2828       0.2066
   1     60       0.1887       0.1950       0.2094       0.2383       0.1753
                  0.2255       0.2059       0.2255       0.2832       0.2067
   1     80       0.1885       0.1949       0.2100       0.2410       0.1749
                  0.2270       0.2066       0.2269       0.2866       0.2073
   1    100       0.1863       0.1931       0.2105       0.2488       0.1719
                  0.2310       0.2075       0.2302       0.2973       0.2079
   2      0       0.1870       0.1939       0.2071       0.2353       0.1739
                  0.2233       0.2040       0.2227       0.2788       0.2047
   3      0       0.1868       0.1927       0.2062       0.2347       0.1734
                  0.2219       0.2035       0.2223       0.2785       0.2041
   4      0       0.1859       0.1921       0.2054       0.2348       0.1735
                  0.2208       0.2028       0.2215       0.2780       0.2033
   5      0       0.1858       0.1916       0.2054       0.2337       0.1729
                  0.2213       0.2028       0.2202       0.2767       0.2034
   5     60       0.1858       0.1916       0.2055       0.2341       0.1729
                  0.2215       0.2029       0.2204       0.2772       0.2035
   5     80       0.1853       0.1913       0.2059       0.2371       0.1722
                  0.2232       0.2034       0.2218       0.2813       0.2039
   5    100       0.1828       0.1892       0.2057       0.2438       0.1691
                  0.2264       0.2037       0.2242       0.2907       0.2038
 
 group  inft   Estimated free energy: 2-th solvent contribution (kcal/mol)
   1      0      -0.2975      -0.3098      -0.2364      -0.1351      -0.2837
                 -0.2600      -0.2944      -0.3005      -0.1985      -0.2316
   1     60      -0.2976      -0.3099      -0.2365      -0.1350      -0.2838
                 -0.2601      -0.2945      -0.3006      -0.1985      -0.2317
   1     80      -0.2986      -0.3108      -0.2372      -0.1340      -0.2848
                 -0.2607      -0.2954      -0.3016      -0.1984      -0.2325
   1    100      -0.3023      -0.3146      -0.2398      -0.1311      -0.2884
                 -0.2634      -0.2991      -0.3054      -0.1986      -0.2354
   2      0      -0.2985      -0.3109      -0.2374      -0.1365      -0.2846
                 -0.2605      -0.2951      -0.3014      -0.2000      -0.2327
   3      0      -0.2988      -0.3104      -0.2378      -0.1367      -0.2848
                 -0.2603      -0.2955      -0.3012      -0.2005      -0.2328
   4      0      -0.2992      -0.3118      -0.2387      -0.1381      -0.2859
                 -0.2612      -0.2956      -0.3020      -0.2019      -0.2336
   5      0      -0.2999      -0.3113      -0.2381      -0.1391      -0.2862
                 -0.2618      -0.2957      -0.3023      -0.2016      -0.2331
   5     60      -0.3001      -0.3115      -0.2383      -0.1390      -0.2864
                 -0.2619      -0.2959      -0.3025      -0.2016      -0.2333
   5     80      -0.3014      -0.3128      -0.2392      -0.1380      -0.2877
                 -0.2628      -0.2972      -0.3038      -0.2017      -0.2343
   5    100      -0.3050      -0.3163      -0.2419      -0.1355      -0.2912
                 -0.2654      -0.3007      -0.3075      -0.2022      -0.2371
 
 group  inft   Estimated free energy: 3-th solvent contribution (kcal/mol)
   1      0       3.0635       3.0808       3.0639       3.0185       3.1035
                  3.0496       3.0838       3.0623       3.0536       3.0590
   1     60       3.0478       3.0651       3.0483       3.0029       3.0879
                  3.0339       3.0682       3.0466       3.0380       3.0433
   1     80       2.9213       2.9388       2.9224       2.8770       2.9620
                  2.9077       2.9421       2.9199       2.9124       2.9174
   1    100       2.4534       2.4712       2.4561       2.4104       2.4954
                  2.4407       2.4747       2.4509       2.4478       2.4509
   2      0       3.0577       3.0721       3.0554       3.0137       3.0930
                  3.0459       3.0741       3.0549       3.0476       3.0477
   3      0       3.0609       3.0760       3.0587       3.0191       3.0967
                  3.0506       3.0771       3.0593       3.0508       3.0486
   4      0       3.0434       3.0563       3.0419       2.9998       3.0757
                  3.0320       3.0593       3.0413       3.0314       3.0312
   5      0       3.0911       3.1031       3.0847       3.0472       3.1237
                  3.0791       3.1060       3.0822       3.0815       3.0817
   5     60       3.0698       3.0817       3.0634       3.0259       3.1024
                  3.0578       3.0847       3.0608       3.0603       3.0604
   5     80       2.9104       2.9225       2.9046       2.8671       2.9436
                  2.8988       2.9256       2.9011       2.9020       2.9015
   5    100       2.4751       2.4874       2.4701       2.4327       2.5093
                  2.4644       2.4904       2.4647       2.4696       2.4673
 
 
 cumulative average & 95% error for solvation free energy
              total             1st component         2nd component         3rd component
  1     2.9489                0.1868               -0.2988                3.0609
  2     2.9537     0.0095     0.1898     0.0059    -0.3046     0.0115     3.0685     0.0151
  3     2.9782     0.0493     0.1953     0.0115    -0.2824     0.0450     3.0652     0.0109
  4     3.0129     0.0777     0.2051     0.0213    -0.2459     0.0795     3.0537     0.0243
  5     3.0074     0.0612     0.1988     0.0208    -0.2537     0.0635     3.0623     0.0255
  6     3.0082     0.0500     0.2026     0.0187    -0.2548     0.0519     3.0603     0.0212
  7     3.0049     0.0428     0.2028     0.0158    -0.2606     0.0454     3.0627     0.0185
  8     3.0018     0.0375     0.2052     0.0145    -0.2657     0.0406     3.0623     0.0161
  9     3.0159     0.0435     0.2133     0.0207    -0.2585     0.0386     3.0610     0.0144
 10     3.0163     0.0389     0.2124     0.0186    -0.2559     0.0349     3.0598     0.0131
