 ERmod 0.3.7, Copyright (C) 2000-2019 Nobuyuki Matubayasi
                            2010-2019 Shun Sakuraba
 ERmod comes with ABSOLUTELY NO WARRANTY.
 This is free software, and you can redistribute it
 and/or modify it under certain conditions.
 See LICENSE file for details.
 ERmod 0.3.7, Copyright (C) 2000-2019 Nobuyuki Matubayasi
                            2010-2019 Shun Sakuraba
 ERmod comes with ABSOLUTELY NO WARRANTY.
 This is free software, and you can redistribute it
 and/or modify it under certain conditions.
 See LICENSE file for details.
 
  Number of the   1-th solvent  =           90
  Number of the   2-th solvent  =           90
  Number of the   3-th solvent  =        10000
 
  Be sure that the solvent distribution is homogeneous (radial distribution function is essentially unity) when the solvent molecule is separated beyond distance of   10.0 Angstrom in any direction from any atom within the solute molecule
 
  LJ long-range correction    =        -0.0023     -0.0021     -0.3053
 
  Self-energy of the solute   =        -0.0001  kcal/mol
 
 
 cumulative average & 95% error for solvation energy
              total             1st component         2nd component         3rd component
  1   -21.1852               -0.2900               -0.2843              -20.6108
  2   -21.1224     0.1256    -0.1261     0.3278    -0.3421     0.1156   -20.6541     0.0866
  3   -21.2126     0.1944    -0.3216     0.4345    -0.6778     0.6748   -20.2130     0.8836
  4   -21.2247     0.1396    -0.3942     0.3398    -0.5949     0.5052   -20.2355     0.6264
  5   -21.2374     0.1111    -0.4439     0.2814    -0.4850     0.4488   -20.3084     0.5066
  6   -21.2200     0.0971    -0.3829     0.2601    -0.4151     0.3922   -20.4220     0.4719
  7   -21.2088     0.0851    -0.3555     0.2266    -0.3734     0.3418   -20.4798     0.4153
  8   -21.1901     0.0827    -0.3821     0.2033    -0.3454     0.3013   -20.4624     0.3613
  9   -21.1707     0.0825    -0.4513     0.2264    -0.3176     0.2715   -20.4018     0.3409
 10   -21.1904     0.0836    -0.4221     0.2108    -0.3683     0.2632   -20.3998     0.3050
 
 
 group  inft  solvation free energy     error          difference
  total solvation free energy
   1      0         -4.43930           0.05373           0.00178
   1     60         -4.46207           0.05376          -0.02099
   1     80         -4.61751           0.05393          -0.17643
   1    100         -5.08248           0.05419          -0.64140
   2      0         -4.43743           0.05409           0.00364
   3      0         -4.44108           0.05270           0.00000
   4      0         -4.43549           0.05438           0.00559
   5      0         -4.44062           0.05316           0.00046
   5     60         -4.47107           0.05319          -0.02999
   5     80         -4.65963           0.05336          -0.21856
   5    100         -5.08513           0.05353          -0.64405
 
  contribution from  1-th solvent component
   1      0         -0.09974           0.11828           0.00509
   1     60         -0.09979           0.11830           0.00503
   1     80         -0.10028           0.11846           0.00455
   1    100         -0.10213           0.11893           0.00270
   2      0         -0.10378           0.11625           0.00104
   3      0         -0.10483           0.11456           0.00000
   4      0         -0.10507           0.11395          -0.00024
   5      0         -0.10494           0.11315          -0.00011
   5     60         -0.10505           0.11318          -0.00022
   5     80         -0.10582           0.11334          -0.00100
   5    100         -0.10786           0.11372          -0.00303
 
  contribution from  2-th solvent component
   1      0         -0.22574           0.13671          -0.00669
   1     60         -0.22553           0.13672          -0.00648
   1     80         -0.22461           0.13682          -0.00557
   1    100         -0.22318           0.13710          -0.00413
   2      0         -0.22010           0.13808          -0.00105
   3      0         -0.21905           0.13767           0.00000
   4      0         -0.21943           0.13872          -0.00038
   5      0         -0.21845           0.13825           0.00059
   5     60         -0.21822           0.13826           0.00083
   5     80         -0.21734           0.13840           0.00171
   5    100         -0.21642           0.13868           0.00263
 
  contribution from  3-th solvent component
   1      0         -4.11372           0.16593           0.00338
   1     60         -4.13664           0.16595          -0.01955
   1     80         -4.29251           0.16609          -0.17541
   1    100         -4.75706           0.16685          -0.63996
   2      0         -4.11344           0.16573           0.00365
   3      0         -4.11709           0.16580           0.00000
   4      0         -4.11088           0.16530           0.00621
   5      0         -4.11711           0.16542          -0.00002
   5     60         -4.14769           0.16545          -0.03060
   5     80         -4.33636           0.16564          -0.21927
   5    100         -4.76074           0.16638          -0.64365
 
 
 group  inft   Estimated free energy: total (kcal/mol)
   1      0      -4.4462      -4.3148      -4.4735      -4.5268      -4.5365
                 -4.4011      -4.3704      -4.3557      -4.4005      -4.5676
   1     60      -4.4689      -4.3377      -4.4963      -4.5497      -4.5593
                 -4.4237      -4.3932      -4.3785      -4.4231      -4.5904
   1     80      -4.6235      -4.4934      -4.6519      -4.7058      -4.7153
                 -4.5786      -4.5487      -4.5337      -4.5778      -4.7464
   1    100      -5.0864      -4.9594      -5.1155      -5.1721      -5.1821
                 -5.0429      -5.0139      -4.9984      -5.0417      -5.2123
   2      0      -4.4538      -4.3098      -4.4710      -4.5137      -4.5304
                 -4.3970      -4.3680      -4.3561      -4.3989      -4.5758
   3      0      -4.4613      -4.3111      -4.4713      -4.5084      -4.5306
                 -4.4052      -4.3792      -4.3636      -4.4011      -4.5789
   4      0      -4.4548      -4.3027      -4.4731      -4.5019      -4.5228
                 -4.3967      -4.3714      -4.3546      -4.3954      -4.5815
   5      0      -4.4640      -4.3043      -4.4743      -4.4951      -4.5295
                 -4.4113      -4.3755      -4.3642      -4.4049      -4.5829
   5     60      -4.4943      -4.3348      -4.5049      -4.5257      -4.5601
                 -4.4416      -4.4060      -4.3946      -4.4352      -4.6134
   5     80      -4.6819      -4.5237      -4.6936      -4.7150      -4.7493
                 -4.6296      -4.5948      -4.5829      -4.6228      -4.8027
   5    100      -5.1054      -4.9501      -5.1178      -5.1417      -5.1766
                 -5.0547      -5.0207      -5.0081      -5.0471      -5.2291
 
 group  inft   Estimated free energy: 1-th solvent contribution (kcal/mol)
   1      0      -0.0378       0.2107      -0.2824      -0.2033      -0.2109
                  0.0703       0.0257      -0.1939      -0.3989       0.0232
   1     60      -0.0378       0.2107      -0.2825      -0.2034      -0.2110
                  0.0703       0.0257      -0.1940      -0.3990       0.0231
   1     80      -0.0383       0.2103      -0.2833      -0.2042      -0.2117
                  0.0704       0.0257      -0.1946      -0.3998       0.0227
   1    100      -0.0402       0.2090      -0.2860      -0.2069      -0.2141
                  0.0702       0.0252      -0.1970      -0.4024       0.0211
   2      0      -0.0441       0.2091      -0.2847      -0.1975      -0.2143
                  0.0592       0.0140      -0.2002      -0.3951       0.0157
   3      0      -0.0467       0.2071      -0.2824      -0.1913      -0.2132
                  0.0534       0.0072      -0.2025      -0.3927       0.0128
   4      0      -0.0416       0.2053      -0.2869      -0.1888      -0.2127
                  0.0506       0.0062      -0.1992      -0.3912       0.0078
   5      0      -0.0459       0.2089      -0.2815      -0.1852      -0.2112
                  0.0444       0.0041      -0.2005      -0.3900       0.0075
   5     60      -0.0460       0.2088      -0.2816      -0.1853      -0.2113
                  0.0444       0.0041      -0.2006      -0.3902       0.0074
   5     80      -0.0469       0.2082      -0.2828      -0.1865      -0.2123
                  0.0443       0.0039      -0.2016      -0.3912       0.0067
   5    100      -0.0491       0.2067      -0.2855      -0.1892      -0.2149
                  0.0437       0.0030      -0.2042      -0.3938       0.0047
 
 group  inft   Estimated free energy: 2-th solvent contribution (kcal/mol)
   1      0      -0.1754      -0.2597      -0.6845      -0.2702      -0.1097
                 -0.0261      -0.0665      -0.0625      -0.0920      -0.5107
   1     60      -0.1750      -0.2596      -0.6844      -0.2700      -0.1096
                 -0.0259      -0.0663      -0.0623      -0.0917      -0.5105
   1     80      -0.1731      -0.2591      -0.6837      -0.2693      -0.1090
                 -0.0250      -0.0655      -0.0611      -0.0905      -0.5098
   1    100      -0.1691      -0.2588      -0.6829      -0.2686      -0.1082
                 -0.0234      -0.0644      -0.0588      -0.0883      -0.5091
   2      0      -0.1778      -0.2544      -0.6786      -0.2630      -0.1004
                 -0.0108      -0.0524      -0.0570      -0.0946      -0.5121
   3      0      -0.1804      -0.2507      -0.6783      -0.2601      -0.0981
                 -0.0091      -0.0525      -0.0584      -0.0947      -0.5083
   4      0      -0.1822      -0.2478      -0.6800      -0.2620      -0.0968
                 -0.0051      -0.0521      -0.0585      -0.0959      -0.5139
   5      0      -0.1800      -0.2448      -0.6816      -0.2533      -0.0986
                 -0.0061      -0.0518      -0.0592      -0.0988      -0.5103
   5     60      -0.1795      -0.2446      -0.6815      -0.2531      -0.0985
                 -0.0059      -0.0516      -0.0590      -0.0985      -0.5101
   5     80      -0.1774      -0.2442      -0.6810      -0.2525      -0.0979
                 -0.0049      -0.0509      -0.0577      -0.0973      -0.5096
   5    100      -0.1739      -0.2442      -0.6809      -0.2523      -0.0978
                 -0.0038      -0.0503      -0.0560      -0.0957      -0.5094
 
 group  inft   Estimated free energy: 3-th solvent contribution (kcal/mol)
   1      0      -4.2329      -4.2657      -3.5065      -4.0532      -4.2157
                 -4.4451      -4.3294      -4.0992      -3.9095      -4.0799
   1     60      -4.2559      -4.2886      -3.5294      -4.0761      -4.2386
                 -4.4680      -4.3524      -4.1221      -3.9322      -4.1029
   1     80      -4.4119      -4.4445      -3.6848      -4.2321      -4.3946
                 -4.6240      -4.5087      -4.2779      -4.0874      -4.2592
   1    100      -4.8769      -4.9095      -4.1464      -4.6965      -4.8596
                 -5.0896      -4.9745      -4.7425      -4.5509      -4.7242
   2      0      -4.2318      -4.2643      -3.5076      -4.0530      -4.2156
                 -4.4453      -4.3296      -4.0988      -3.9091      -4.0793
   3      0      -4.2341      -4.2674      -3.5105      -4.0569      -4.2192
                 -4.4494      -4.3338      -4.1026      -3.9136      -4.0833
   4      0      -4.2310      -4.2601      -3.5061      -4.0509      -4.2131
                 -4.4420      -4.3254      -4.0968      -3.9081      -4.0753
   5      0      -4.2379      -4.2683      -3.5111      -4.0565      -4.2196
                 -4.4495      -4.3278      -4.1044      -3.9160      -4.0800
   5     60      -4.2686      -4.2988      -3.5416      -4.0872      -4.2502
                 -4.4800      -4.3585      -4.1349      -3.9464      -4.1106
   5     80      -4.4575      -4.4875      -3.7297      -4.2759      -4.4390
                 -4.6689      -4.5477      -4.3235      -4.1342      -4.2997
   5    100      -4.8823      -4.9124      -4.1513      -4.7002      -4.8639
                 -5.0945      -4.9733      -4.7479      -4.5575      -4.7242
 
 
 cumulative average & 95% error for solvation free energy
              total             1st component         2nd component         3rd component
  1    -4.4613               -0.0467               -0.1804               -4.2341
  2    -4.3862     0.1503     0.0802     0.2538    -0.2156     0.0702    -4.2508     0.0333
  3    -4.4146     0.1037    -0.0406     0.2827    -0.3698     0.3111    -4.0040     0.4939
  4    -4.4380     0.0870    -0.0783     0.2136    -0.3424     0.2267    -4.0172     0.3502
  5    -4.4565     0.0769    -0.1053     0.1740    -0.2935     0.2010    -4.0576     0.2831
  6    -4.4480     0.0651    -0.0788     0.1516    -0.2461     0.1895    -4.1229     0.2655
  7    -4.4382     0.0584    -0.0665     0.1305    -0.2185     0.1694    -4.1531     0.2323
  8    -4.4288     0.0539    -0.0835     0.1180    -0.1984     0.1521    -4.1468     0.2016
  9    -4.4258     0.0479    -0.1179     0.1247    -0.1869     0.1361    -4.1208     0.1852
 10    -4.4411     0.0527    -0.1048     0.1146    -0.2190     0.1377    -4.1171     0.1658
