 ERmod 0.3.7, Copyright (C) 2000-2019 Nobuyuki Matubayasi
                            2010-2019 Shun Sakuraba
 ERmod comes with ABSOLUTELY NO WARRANTY.
 This is free software, and you can redistribute it
 and/or modify it under certain conditions.
 See LICENSE file for details.
 ERmod 0.3.7, Copyright (C) 2000-2019 Nobuyuki Matubayasi
                            2010-2019 Shun Sakuraba
 ERmod comes with ABSOLUTELY NO WARRANTY.
 This is free software, and you can redistribute it
 and/or modify it under certain conditions.
 See LICENSE file for details.
 
  Number of the   1-th solvent  =           90
  Number of the   2-th solvent  =           90
  Number of the   3-th solvent  =        10000
 
  Be sure that the solvent distribution is homogeneous (radial distribution function is essentially unity) when the solvent molecule is separated beyond distance of   10.0 Angstrom in any direction from any atom within the solute molecule
 
  LJ long-range correction    =        -0.0007     -0.0238     -0.4515
 
  Self-energy of the solute   =         0.0000  kcal/mol
 
 
 cumulative average & 95% error for solvation energy
              total             1st component         2nd component         3rd component
  1   -11.5214                0.1582               -0.4006              -11.2791
  2   -11.4941     0.0547     0.1569     0.0027    -0.3922     0.0169   -11.2589     0.0404
  3   -11.5497     0.1156     0.1550     0.0041    -0.5589     0.3336   -11.1458     0.2273
  4   -11.5582     0.0835     0.1536     0.0040    -0.5677     0.2365   -11.1442     0.1608
  5   -11.5618     0.0651     0.1524     0.0039    -0.5549     0.1850   -11.1594     0.1282
  6   -11.5723     0.0571     0.1517     0.0035    -0.5868     0.1640   -11.1373     0.1136
  7   -11.5604     0.0539     0.1518     0.0030    -0.5654     0.1450   -11.1468     0.0979
  8   -11.5665     0.0482     0.1515     0.0026    -0.5581     0.1264   -11.1599     0.0887
  9   -11.5722     0.0440     0.1515     0.0023    -0.5703     0.1142   -11.1534     0.0793
 10   -11.5800     0.0424     0.1508     0.0026    -0.5783     0.1033   -11.1525     0.0710
 
 
 group  inft  solvation free energy     error          difference
  total solvation free energy
   1      0          3.00194           0.02411           0.00880
   1     60          2.98635           0.02414          -0.00679
   1     80          2.86042           0.02444          -0.13272
   1    100          2.39204           0.02566          -0.60110
   2      0          2.99169           0.02456          -0.00145
   3      0          2.99314           0.02494           0.00000
   4      0          2.97403           0.02461          -0.01911
   5      0          3.01965           0.02479           0.02651
   5     60          2.99833           0.02484           0.00520
   5     80          2.83922           0.02523          -0.15392
   5    100          2.40266           0.02641          -0.59048
 
  contribution from  1-th solvent component
   1      0          0.13779           0.00446           0.00231
   1     60          0.13809           0.00447           0.00261
   1     80          0.14053           0.00453           0.00505
   1    100          0.14778           0.00477           0.01230
   2      0          0.13599           0.00391           0.00052
   3      0          0.13548           0.00372           0.00000
   4      0          0.13488           0.00377          -0.00060
   5      0          0.13409           0.00356          -0.00139
   5     60          0.13451           0.00357          -0.00097
   5     80          0.13746           0.00365           0.00198
   5    100          0.14390           0.00389           0.00842
 
  contribution from  2-th solvent component
   1      0         -0.27810           0.04360           0.00169
   1     60         -0.27820           0.04362           0.00159
   1     80         -0.27903           0.04374           0.00076
   1    100         -0.28224           0.04418          -0.00246
   2      0         -0.27933           0.04380           0.00046
   3      0         -0.27979           0.04382           0.00000
   4      0         -0.28041           0.04377          -0.00062
   5      0         -0.28057           0.04381          -0.00078
   5     60         -0.28072           0.04383          -0.00093
   5     80         -0.28185           0.04398          -0.00207
   5    100         -0.28501           0.04437          -0.00522
 
  contribution from  3-th solvent component
   1      0          3.14222           0.03112           0.00481
   1     60          3.12643           0.03114          -0.01098
   1     80          2.99888           0.03130          -0.13853
   1    100          2.52647           0.03199          -0.61094
   2      0          3.13499           0.03070          -0.00242
   3      0          3.13741           0.03057           0.00000
   4      0          3.11952           0.03028          -0.01789
   5      0          3.16609           0.03015           0.02868
   5     60          3.14451           0.03018           0.00709
   5     80          2.98357           0.03036          -0.15384
   5    100          2.54373           0.03097          -0.59368
 
 
 group  inft   Estimated free energy: total (kcal/mol)
   1      0       3.0217       3.0701       2.9738       3.0036       3.0040
                  3.0000       3.0540       2.9650       2.9744       2.9528
   1     60       3.0061       3.0546       2.9582       2.9880       2.9883
                  2.9845       3.0385       2.9493       2.9588       2.9372
   1     80       2.8802       2.9296       2.8322       2.8622       2.8620
                  2.8589       2.9131       2.8227       2.8326       2.8106
   1    100       2.4120       2.4647       2.3641       2.3948       2.3919
                  2.3915       2.4475       2.3507       2.3633       2.3398
   2      0       3.0116       3.0612       2.9609       2.9930       2.9914
                  2.9887       3.0462       2.9558       2.9663       2.9418
   3      0       3.0121       3.0656       2.9606       2.9945       2.9913
                  2.9893       3.0478       2.9575       2.9693       2.9433
   4      0       2.9940       3.0464       2.9414       2.9729       2.9738
                  2.9697       3.0260       2.9391       2.9532       2.9236
   5      0       3.0377       3.0894       2.9862       3.0236       3.0201
                  3.0141       3.0764       2.9857       2.9916       2.9715
   5     60       3.0164       3.0682       2.9649       3.0023       2.9988
                  2.9928       3.0552       2.9643       2.9703       2.9502
   5     80       2.8575       2.9103       2.8056       2.8435       2.8390
                  2.8342       2.8969       2.8042       2.8108       2.7902
   5    100       2.4214       2.4770       2.3691       2.4081       2.4006
                  2.3985       2.4631       2.3642       2.3734       2.3512
 
 group  inft   Estimated free energy: 1-th solvent contribution (kcal/mol)
   1      0       0.1407       0.1496       0.1494       0.1357       0.1365
                  0.1375       0.1299       0.1354       0.1345       0.1289
   1     60       0.1410       0.1499       0.1497       0.1360       0.1368
                  0.1378       0.1302       0.1356       0.1348       0.1291
   1     80       0.1437       0.1527       0.1521       0.1384       0.1390
                  0.1402       0.1327       0.1379       0.1372       0.1314
   1    100       0.1515       0.1608       0.1596       0.1459       0.1457
                  0.1474       0.1402       0.1444       0.1445       0.1377
   2      0       0.1372       0.1463       0.1467       0.1344       0.1349
                  0.1359       0.1291       0.1339       0.1333       0.1282
   3      0       0.1363       0.1459       0.1451       0.1341       0.1347
                  0.1349       0.1287       0.1335       0.1334       0.1283
   4      0       0.1354       0.1456       0.1445       0.1334       0.1340
                  0.1341       0.1280       0.1329       0.1336       0.1273
   5      0       0.1348       0.1440       0.1430       0.1331       0.1332
                  0.1338       0.1272       0.1323       0.1326       0.1269
   5     60       0.1352       0.1444       0.1435       0.1335       0.1336
                  0.1342       0.1276       0.1327       0.1330       0.1273
   5     80       0.1384       0.1477       0.1465       0.1365       0.1364
                  0.1372       0.1306       0.1354       0.1360       0.1300
   5    100       0.1454       0.1551       0.1531       0.1432       0.1423
                  0.1436       0.1373       0.1411       0.1425       0.1354
 
 group  inft   Estimated free energy: 2-th solvent contribution (kcal/mol)
   1      0      -0.1973      -0.1915      -0.4028      -0.2894      -0.2515
                 -0.3514      -0.2157      -0.2542      -0.3157      -0.3116
   1     60      -0.1973      -0.1915      -0.4029      -0.2895      -0.2516
                 -0.3515      -0.2158      -0.2543      -0.3158      -0.3117
   1     80      -0.1978      -0.1919      -0.4039      -0.2904      -0.2525
                 -0.3525      -0.2166      -0.2552      -0.3168      -0.3127
   1    100      -0.1997      -0.1936      -0.4080      -0.2939      -0.2560
                 -0.3565      -0.2196      -0.2585      -0.3203      -0.3164
   2      0      -0.1988      -0.1920      -0.4043      -0.2908      -0.2521
                 -0.3534      -0.2166      -0.2554      -0.3170      -0.3129
   3      0      -0.1994      -0.1919      -0.4049      -0.2910      -0.2533
                 -0.3535      -0.2171      -0.2554      -0.3177      -0.3137
   4      0      -0.2007      -0.1927      -0.4051      -0.2921      -0.2528
                 -0.3544      -0.2175      -0.2563      -0.3179      -0.3147
   5      0      -0.2014      -0.1931      -0.4062      -0.2919      -0.2526
                 -0.3535      -0.2173      -0.2561      -0.3188      -0.3148
   5     60      -0.2015      -0.1932      -0.4064      -0.2920      -0.2528
                 -0.3537      -0.2174      -0.2562      -0.3190      -0.3150
   5     80      -0.2022      -0.1938      -0.4079      -0.2932      -0.2540
                 -0.3551      -0.2184      -0.2574      -0.3203      -0.3163
   5    100      -0.2042      -0.1956      -0.4117      -0.2966      -0.2575
                 -0.3589      -0.2214      -0.2606      -0.3238      -0.3199
 
 group  inft   Estimated free energy: 3-th solvent contribution (kcal/mol)
   1      0       3.0782       3.1119       3.2272       3.1574       3.1189
                  3.2139       3.1398       3.0838       3.1557       3.1355
   1     60       3.0623       3.0962       3.2114       3.1416       3.1031
                  3.1982       3.1241       3.0679       3.1399       3.1197
   1     80       2.9343       2.9689       3.0839       3.0142       2.9754
                  3.0712       2.9970       2.9399       3.0121       2.9919
   1    100       2.4601       2.4975       2.6125       2.5428       2.5022
                  2.6006       2.5269       2.4647       2.5391       2.5185
   2      0       3.0732       3.1067       3.2186       3.1493       3.1086
                  3.2063       3.1336       3.0773       3.1499       3.1265
   3      0       3.0752       3.1117       3.2204       3.1514       3.1099
                  3.2078       3.1362       3.0794       3.1536       3.1287
   4      0       3.0592       3.0935       3.2020       3.1316       3.0925
                  3.1900       3.1155       3.0624       3.1374       3.1110
   5      0       3.1043       3.1385       3.2494       3.1824       3.1395
                  3.2337       3.1665       3.1094       3.1778       3.1594
   5     60       3.0827       3.1169       3.2278       3.1608       3.1179
                  3.2123       3.1450       3.0878       3.1562       3.1378
   5     80       2.9213       2.9563       3.0669       3.0002       2.9566
                  3.0521       2.9847       2.9261       2.9951       2.9765
   5    100       2.4802       2.5174       2.6277       2.5615       2.5157
                  2.6137       2.5471       2.4836       2.5547       2.5357
 
 
 cumulative average & 95% error for solvation free energy
              total             1st component         2nd component         3rd component
  1     3.0121                0.1363               -0.1994                3.0752
  2     3.0389     0.0535     0.1411     0.0096    -0.1957     0.0075     3.0934     0.0365
  3     3.0128     0.0606     0.1424     0.0062    -0.2654     0.1395     3.1357     0.0872
  4     3.0082     0.0438     0.1403     0.0060    -0.2718     0.0995     3.1397     0.0622
  5     3.0048     0.0346     0.1392     0.0052    -0.2681     0.0774     3.1337     0.0496
  6     3.0022     0.0287     0.1385     0.0045    -0.2823     0.0693     3.1461     0.0474
  7     3.0088     0.0276     0.1371     0.0047    -0.2730     0.0615     3.1446     0.0402
  8     3.0023     0.0271     0.1366     0.0042    -0.2708     0.0534     3.1365     0.0384
  9     2.9987     0.0250     0.1363     0.0038    -0.2760     0.0483     3.1384     0.0341
 10     2.9931     0.0249     0.1355     0.0037    -0.2798     0.0438     3.1374     0.0306
