 ERmod 0.3.7, Copyright (C) 2000-2019 Nobuyuki Matubayasi
                            2010-2019 Shun Sakuraba
 ERmod comes with ABSOLUTELY NO WARRANTY.
 This is free software, and you can redistribute it
 and/or modify it under certain conditions.
 See LICENSE file for details.
 ERmod 0.3.7, Copyright (C) 2000-2019 Nobuyuki Matubayasi
                            2010-2019 Shun Sakuraba
 ERmod comes with ABSOLUTELY NO WARRANTY.
 This is free software, and you can redistribute it
 and/or modify it under certain conditions.
 See LICENSE file for details.
 
  Number of the   1-th solvent  =          180
  Number of the   2-th solvent  =          180
  Number of the   3-th solvent  =        10000
 
  Be sure that the solvent distribution is homogeneous (radial distribution function is essentially unity) when the solvent molecule is separated beyond distance of   10.0 Angstrom in any direction from any atom within the solute molecule
 
  LJ long-range correction    =        -0.0060     -0.0201     -0.4028
 
  Self-energy of the solute   =        -0.0001  kcal/mol
 
 
 cumulative average & 95% error for solvation energy
              total             1st component         2nd component         3rd component
  1   -23.3351               -0.4894               -1.0796              -21.7661
  2   -23.5939     0.5175    -0.5786     0.1785    -1.7728     1.3863   -21.2424     1.0473
  3   -23.5482     0.3124    -0.4692     0.2419    -1.6669     0.8279   -21.4121     0.6934
  4   -23.5470     0.2209    -0.6585     0.4155    -1.6922     0.5876   -21.1962     0.6533
  5   -23.5266     0.1760    -0.5451     0.3938    -1.8092     0.5118   -21.1722     0.5083
  6   -23.4949     0.1570    -0.5016     0.3331    -1.6298     0.5508   -21.3636     0.5645
  7   -23.5085     0.1354    -0.5642     0.3081    -1.6330     0.4656   -21.3113     0.4884
  8   -23.5338     0.1277    -0.5736     0.2675    -1.7287     0.4463   -21.2314     0.4521
  9   -23.5155     0.1183    -0.6762     0.3127    -1.6366     0.4345   -21.2026     0.4029
 10   -23.5195     0.1062    -0.7568     0.3228    -1.6223     0.3897   -21.1404     0.3813
 
 
 group  inft  solvation free energy     error          difference
  total solvation free energy
   1      0         -4.14025           0.08467           0.00749
   1     60         -4.16282           0.08468          -0.01508
   1     80         -4.33492           0.08471          -0.18717
   1    100         -4.91452           0.08471          -0.76677
   2      0         -4.14616           0.08394           0.00158
   3      0         -4.14775           0.08434           0.00000
   4      0         -4.14534           0.08508           0.00241
   5      0         -4.14747           0.08307           0.00028
   5     60         -4.17794           0.08308          -0.03019
   5     80         -4.38983           0.08308          -0.24209
   5    100         -4.92291           0.08303          -0.77516
 
  contribution from  1-th solvent component
   1      0         -0.11037           0.16202           0.00741
   1     60         -0.11057           0.16203           0.00721
   1     80         -0.11232           0.16211           0.00546
   1    100         -0.11906           0.16240          -0.00128
   2      0         -0.11595           0.15782           0.00183
   3      0         -0.11778           0.15619           0.00000
   4      0         -0.11866           0.15564          -0.00088
   5      0         -0.11818           0.15480          -0.00040
   5     60         -0.11848           0.15480          -0.00070
   5     80         -0.12090           0.15485          -0.00313
   5    100         -0.12758           0.15496          -0.00980
 
  contribution from  2-th solvent component
   1      0         -0.87026           0.19908          -0.00454
   1     60         -0.87063           0.19909          -0.00491
   1     80         -0.87363           0.19916          -0.00791
   1    100         -0.88420           0.19938          -0.01848
   2      0         -0.86789           0.19651          -0.00217
   3      0         -0.86572           0.19547           0.00000
   4      0         -0.86418           0.19511           0.00154
   5      0         -0.86311           0.19424           0.00261
   5     60         -0.86362           0.19424           0.00210
   5     80         -0.86746           0.19429          -0.00174
   5    100         -0.87738           0.19442          -0.01166
 
  contribution from  3-th solvent component
   1      0         -3.15955           0.18494           0.00462
   1     60         -3.18155           0.18495          -0.01738
   1     80         -3.34889           0.18506          -0.18472
   1    100         -3.91119           0.18553          -0.74702
   2      0         -3.16224           0.18468           0.00193
   3      0         -3.16417           0.18522           0.00000
   4      0         -3.16242           0.18404           0.00175
   5      0         -3.16610           0.18425          -0.00193
   5     60         -3.19576           0.18426          -0.03158
   5     80         -3.40139           0.18441          -0.23722
   5    100         -3.91787           0.18484          -0.75370
 
 
 group  inft   Estimated free energy: total (kcal/mol)
   1      0      -4.0968      -4.4383      -4.0727      -4.1636      -4.0796
                 -3.9457      -4.2281      -4.2184      -4.0423      -4.1172
   1     60      -4.1193      -4.4609      -4.0953      -4.1862      -4.1020
                 -3.9684      -4.2507      -4.2410      -4.0647      -4.1399
   1     80      -4.2912      -4.6333      -4.2674      -4.3583      -4.2733
                 -4.1411      -4.4229      -4.4130      -4.2364      -4.3124
   1    100      -4.8713      -5.2140      -4.8468      -4.9371      -4.8510
                 -4.7224      -5.0020      -4.9918      -4.8155      -4.8933
   2      0      -4.1101      -4.4438      -4.0916      -4.1647      -4.0913
                 -3.9558      -4.2354      -4.2193      -4.0387      -4.1109
   3      0      -4.1138      -4.4470      -4.0967      -4.1650      -4.1018
                 -3.9519      -4.2377      -4.2153      -4.0390      -4.1093
   4      0      -4.1104      -4.4543      -4.0887      -4.1635      -4.0980
                 -3.9573      -4.2317      -4.2068      -4.0334      -4.1093
   5      0      -4.1116      -4.4445      -4.0906      -4.1571      -4.1153
                 -3.9558      -4.2337      -4.2144      -4.0405      -4.1113
   5     60      -4.1420      -4.4751      -4.1211      -4.1876      -4.1456
                 -3.9865      -4.2642      -4.2448      -4.0708      -4.1418
   5     80      -4.3538      -4.6874      -4.3331      -4.3993      -4.3566
                 -4.1992      -4.4761      -4.4565      -4.2822      -4.3541
   5    100      -4.8875      -5.2216      -4.8665      -4.9314      -4.8882
                 -4.7342      -5.0084      -4.9886      -4.8146      -4.8882
 
 group  inft   Estimated free energy: 1-th solvent contribution (kcal/mol)
   1      0       0.0148      -0.1244       0.1338      -0.3443       0.2622
                  0.1750      -0.2517      -0.0859      -0.4477      -0.4356
   1     60       0.0146      -0.1246       0.1337      -0.3445       0.2621
                  0.1748      -0.2519      -0.0861      -0.4479      -0.4358
   1     80       0.0128      -0.1264       0.1322      -0.3463       0.2607
                  0.1729      -0.2537      -0.0877      -0.4499      -0.4378
   1    100       0.0059      -0.1331       0.1262      -0.3533       0.2552
                  0.1656      -0.2607      -0.0941      -0.4572      -0.4451
   2      0       0.0095      -0.1356       0.1170      -0.3449       0.2461
                  0.1688      -0.2554      -0.0924      -0.4411      -0.4315
   3      0       0.0098      -0.1407       0.1107      -0.3438       0.2332
                  0.1738      -0.2537      -0.0964      -0.4361      -0.4346
   4      0       0.0080      -0.1459       0.1117      -0.3431       0.2348
                  0.1650      -0.2576      -0.0906      -0.4373      -0.4316
   5      0       0.0100      -0.1412       0.1114      -0.3431       0.2250
                  0.1701      -0.2540      -0.0928      -0.4379      -0.4293
   5     60       0.0097      -0.1415       0.1111      -0.3434       0.2247
                  0.1697      -0.2543      -0.0931      -0.4382      -0.4296
   5     80       0.0072      -0.1441       0.1089      -0.3458       0.2226
                  0.1670      -0.2566      -0.0953      -0.4407      -0.4322
   5    100       0.0005      -0.1510       0.1026      -0.3525       0.2168
                  0.1598      -0.2633      -0.1017      -0.4476      -0.4392
 
 group  inft   Estimated free energy: 2-th solvent contribution (kcal/mol)
   1      0      -0.6246      -1.3496      -0.7614      -0.9698      -1.1896
                 -0.4044      -0.9269      -1.1970      -0.4904      -0.7887
   1     60      -0.6250      -1.3500      -0.7618      -0.9702      -1.1899
                 -0.4048      -0.9273      -1.1974      -0.4907      -0.7891
   1     80      -0.6279      -1.3531      -0.7649      -0.9733      -1.1930
                 -0.4074      -0.9303      -1.2005      -0.4936      -0.7922
   1    100      -0.6382      -1.3639      -0.7756      -0.9842      -1.2040
                 -0.4171      -0.9409      -1.2114      -0.5038      -0.8029
   2      0      -0.6301      -1.3396      -0.7613      -0.9671      -1.1830
                 -0.4064      -0.9276      -1.1898      -0.4911      -0.7830
   3      0      -0.6308      -1.3375      -0.7581      -0.9651      -1.1792
                 -0.4036      -0.9276      -1.1815      -0.4948      -0.7789
   4      0      -0.6306      -1.3353      -0.7526      -0.9640      -1.1782
                 -0.4050      -0.9229      -1.1800      -0.4927      -0.7806
   5      0      -0.6312      -1.3265      -0.7485      -0.9606      -1.1801
                 -0.4054      -0.9270      -1.1798      -0.4942      -0.7777
   5     60      -0.6317      -1.3270      -0.7490      -0.9611      -1.1806
                 -0.4059      -0.9276      -1.1803      -0.4947      -0.7783
   5     80      -0.6355      -1.3309      -0.7529      -0.9650      -1.1845
                 -0.4094      -0.9314      -1.1842      -0.4985      -0.7822
   5    100      -0.6453      -1.3409      -0.7630      -0.9752      -1.1947
                 -0.4187      -0.9414      -1.1943      -0.5082      -0.7922
 
 group  inft   Estimated free energy: 3-th solvent contribution (kcal/mol)
   1      0      -3.4869      -2.9642      -3.4450      -2.8494      -3.1521
                 -3.7162      -3.0494      -2.9354      -3.1041      -2.8928
   1     60      -3.5088      -2.9862      -3.4671      -2.8714      -3.1740
                 -3.7383      -3.0714      -2.9574      -3.1260      -2.9149
   1     80      -3.6761      -3.1537      -3.6346      -3.0386      -3.3409
                 -3.9065      -3.2388      -3.1247      -3.2928      -3.0823
   1    100      -4.2390      -3.7169      -4.1974      -3.5995      -3.9022
                 -4.4709      -3.8003      -3.6862      -3.8543      -3.6452
   2      0      -3.4893      -2.9685      -3.4473      -2.8527      -3.1543
                 -3.7182      -3.0522      -2.9371      -3.1064      -2.8963
   3      0      -3.4927      -2.9688      -3.4492      -2.8560      -3.1557
                 -3.7220      -3.0563      -2.9373      -3.1080      -2.8957
   4      0      -3.4878      -2.9730      -3.4477      -2.8563      -3.1545
                 -3.7171      -3.0511      -2.9362      -3.1034      -2.8971
   5      0      -3.4903      -2.9768      -3.4534      -2.8533      -3.1601
                 -3.7204      -3.0526      -2.9417      -3.1083      -2.9042
   5     60      -3.5199      -3.0065      -3.4831      -2.8830      -3.1896
                 -3.7502      -3.0823      -2.9714      -3.1378      -2.9339
   5     80      -3.7255      -3.2123      -3.6890      -3.0884      -3.3946
                 -3.9568      -3.2879      -3.1768      -3.3429      -3.1397
   5    100      -4.2425      -3.7296      -4.2060      -3.6036      -3.9102
                 -4.4752      -3.8036      -3.6925      -3.8587      -3.6567
 
 
 cumulative average & 95% error for solvation free energy
              total             1st component         2nd component         3rd component
  1    -4.1138                0.0098               -0.6308               -3.4927
  2    -4.2804     0.3332    -0.0654     0.1504    -0.9842     0.7067    -3.2307     0.5239
  3    -4.2192     0.2280    -0.0067     0.1461    -0.9088     0.4349    -3.3036     0.3357
  4    -4.2057     0.1635    -0.0910     0.1977    -0.9229     0.3088    -3.1917     0.3262
  5    -4.1849     0.1333    -0.0262     0.2007    -0.9742     0.2603    -3.1845     0.2531
  6    -4.1460     0.1337     0.0072     0.1769    -0.8791     0.2852    -3.2741     0.2735
  7    -4.1591     0.1160    -0.0301     0.1670    -0.8860     0.2414    -3.2430     0.2394
  8    -4.1662     0.1014    -0.0384     0.1456    -0.9229     0.2217    -3.2047     0.2210
  9    -4.1520     0.0938    -0.0826     0.1559    -0.8754     0.2175    -3.1940     0.1960
 10    -4.1477     0.0843    -0.1178     0.1562    -0.8657     0.1955    -3.1642     0.1852
