 ERmod 0.3.7, Copyright (C) 2000-2019 Nobuyuki Matubayasi
                            2010-2019 Shun Sakuraba
 ERmod comes with ABSOLUTELY NO WARRANTY.
 This is free software, and you can redistribute it
 and/or modify it under certain conditions.
 See LICENSE file for details.
 ERmod 0.3.7, Copyright (C) 2000-2019 Nobuyuki Matubayasi
                            2010-2019 Shun Sakuraba
 ERmod comes with ABSOLUTELY NO WARRANTY.
 This is free software, and you can redistribute it
 and/or modify it under certain conditions.
 See LICENSE file for details.
 
  Number of the   1-th solvent  =          180
  Number of the   2-th solvent  =          180
  Number of the   3-th solvent  =        10000
 
  Be sure that the solvent distribution is homogeneous (radial distribution function is essentially unity) when the solvent molecule is separated beyond distance of   10.0 Angstrom in any direction from any atom within the solute molecule
 
  LJ long-range correction    =        -0.0098     -0.0329     -0.6592
 
  Self-energy of the solute   =         0.0001  kcal/mol
 
 
 cumulative average & 95% error for solvation energy
              total             1st component         2nd component         3rd component
  1   -16.2227                0.3397               -0.9575              -15.6050
  2   -16.1796     0.0862     0.3789     0.0782    -0.9201     0.0748   -15.6384     0.0668
  3   -16.1793     0.0498     0.3931     0.0534    -0.9322     0.0495   -15.6402     0.0387
  4   -16.1696     0.0401     0.3922     0.0378    -0.9117     0.0539   -15.6502     0.0339
  5   -16.1311     0.0831     0.3998     0.0330    -0.8759     0.0829   -15.6551     0.0281
  6   -16.1335     0.0680     0.3992     0.0270    -0.8582     0.0764   -15.6746     0.0451
  7   -16.1245     0.0602     0.4065     0.0271    -0.8509     0.0662   -15.6802     0.0398
  8   -16.1180     0.0538     0.4031     0.0244    -0.8436     0.0592   -15.6775     0.0349
  9   -16.1131     0.0484     0.4063     0.0225    -0.8449     0.0522   -15.6745     0.0313
 10   -16.1049     0.0463     0.4061     0.0201    -0.8362     0.0498   -15.6748     0.0280
 
 
 group  inft  solvation free energy     error          difference
  total solvation free energy
   1      0          4.18762           0.03013           0.01793
   1     60          4.17391           0.03020           0.00422
   1     80          4.03480           0.03104          -0.13489
   1    100          3.43907           0.03462          -0.73062
   2      0          4.17210           0.03248           0.00241
   3      0          4.16969           0.03374           0.00000
   4      0          4.13979           0.03360          -0.02990
   5      0          4.19303           0.02945           0.02334
   5     60          4.17376           0.02955           0.00407
   5     80          3.99167           0.03064          -0.17802
   5    100          3.42933           0.03403          -0.74036
 
  contribution from  1-th solvent component
   1      0          0.61516           0.01758           0.00355
   1     60          0.61526           0.01763           0.00365
   1     80          0.61605           0.01834           0.00444
   1    100          0.61587           0.02147           0.00426
   2      0          0.61271           0.01735           0.00109
   3      0          0.61161           0.01726           0.00000
   4      0          0.61065           0.01694          -0.00096
   5      0          0.61041           0.01699          -0.00120
   5     60          0.61051           0.01706          -0.00111
   5     80          0.61107           0.01794          -0.00054
   5    100          0.60985           0.02070          -0.00177
 
  contribution from  2-th solvent component
   1      0         -0.46846           0.03366           0.00337
   1     60         -0.46853           0.03371           0.00330
   1     80         -0.46956           0.03421           0.00227
   1    100         -0.47497           0.03617          -0.00314
   2      0         -0.47110           0.03347           0.00074
   3      0         -0.47183           0.03343           0.00000
   4      0         -0.47327           0.03335          -0.00143
   5      0         -0.47369           0.03280          -0.00186
   5     60         -0.47381           0.03287          -0.00198
   5     80         -0.47542           0.03347          -0.00358
   5    100         -0.48095           0.03524          -0.00912
 
  contribution from  3-th solvent component
   1      0          4.04086           0.01180           0.01100
   1     60          4.02713           0.01180          -0.00273
   1     80          3.88825           0.01177          -0.14160
   1    100          3.29812           0.01171          -0.73174
   2      0          4.03044           0.01307           0.00058
   3      0          4.02986           0.01376           0.00000
   4      0          4.00235           0.01326          -0.02751
   5      0          4.05626           0.01345           0.02640
   5     60          4.03701           0.01344           0.00715
   5     80          3.85597           0.01338          -0.17389
   5    100          3.30038           0.01322          -0.72948
 
 
 group  inft   Estimated free energy: total (kcal/mol)
   1      0       4.0993       4.1741       4.1444       4.1567       4.2656
                  4.1813       4.2202       4.1934       4.2097       4.2314
   1     60       4.0854       4.1604       4.1307       4.1429       4.2520
                  4.1676       4.2066       4.1796       4.1961       4.2178
   1     80       3.9434       4.0210       3.9911       4.0029       4.1145
                  4.0280       4.0696       4.0391       4.0586       4.0797
   1    100       3.3357       3.4246       3.3935       3.4035       3.5254
                  3.4302       3.4825       3.4375       3.4706       3.4872
   2      0       4.0822       4.1560       4.1253       4.1391       4.2636
                  4.1589       4.1984       4.1812       4.1989       4.2175
   3      0       4.0779       4.1516       4.1198       4.1386       4.2657
                  4.1511       4.1954       4.1814       4.1991       4.2165
   4      0       4.0486       4.1230       4.0914       4.1076       4.2361
                  4.1227       4.1652       4.1477       4.1663       4.1893
   5      0       4.1105       4.1841       4.1487       4.1580       4.2695
                  4.1807       4.2193       4.2044       4.2167       4.2383
   5     60       4.0909       4.1647       4.1294       4.1387       4.2505
                  4.1614       4.2003       4.1851       4.1976       4.2192
   5     80       3.9051       3.9822       3.9466       3.9556       4.0708
                  3.9787       4.0209       4.0012       4.0175       4.0382
   5    100       3.3314       3.4186       3.3820       3.3904       3.5158
                  3.4144       3.4667       3.4334       3.4621       3.4785
 
 group  inft   Estimated free energy: 1-th solvent contribution (kcal/mol)
   1      0       0.5715       0.6319       0.6352       0.6017       0.6079
                  0.6011       0.6629       0.5881       0.6444       0.6069
   1     60       0.5715       0.6320       0.6354       0.6017       0.6080
                  0.6012       0.6631       0.5881       0.6446       0.6070
   1     80       0.5707       0.6333       0.6367       0.6020       0.6087
                  0.6013       0.6657       0.5876       0.6472       0.6073
   1    100       0.5638       0.6357       0.6389       0.5996       0.6079
                  0.5984       0.6732       0.5814       0.6547       0.6051
   2      0       0.5696       0.6292       0.6322       0.5993       0.6067
                  0.5978       0.6597       0.5860       0.6418       0.6048
   3      0       0.5686       0.6283       0.6303       0.5985       0.6056
                  0.5959       0.6584       0.5858       0.6408       0.6040
   4      0       0.5678       0.6268       0.6295       0.5980       0.6051
                  0.5957       0.6562       0.5848       0.6388       0.6037
   5      0       0.5679       0.6260       0.6292       0.5981       0.6038
                  0.5958       0.6575       0.5844       0.6376       0.6037
   5     60       0.5678       0.6261       0.6294       0.5981       0.6039
                  0.5959       0.6578       0.5844       0.6379       0.6037
   5     80       0.5664       0.6273       0.6304       0.5981       0.6044
                  0.5956       0.6606       0.5833       0.6406       0.6037
   5    100       0.5592       0.6283       0.6311       0.5951       0.6027
                  0.5919       0.6664       0.5768       0.6462       0.6007
 
 group  inft   Estimated free energy: 2-th solvent contribution (kcal/mol)
   1      0      -0.5395      -0.5044      -0.5456      -0.4795      -0.3875
                 -0.4228      -0.4632      -0.4451      -0.4876      -0.4094
   1     60      -0.5397      -0.5046      -0.5458      -0.4796      -0.3874
                 -0.4228      -0.4632      -0.4452      -0.4877      -0.4093
   1     80      -0.5416      -0.5064      -0.5477      -0.4809      -0.3871
                 -0.4234      -0.4642      -0.4462      -0.4890      -0.4091
   1    100      -0.5505      -0.5149      -0.5568      -0.4870      -0.3872
                 -0.4275      -0.4695      -0.4512      -0.4958      -0.4093
   2      0      -0.5417      -0.5066      -0.5480      -0.4821      -0.3895
                 -0.4270      -0.4668      -0.4463      -0.4896      -0.4134
   3      0      -0.5429      -0.5067      -0.5481      -0.4832      -0.3889
                 -0.4285      -0.4676      -0.4472      -0.4901      -0.4151
   4      0      -0.5444      -0.5082      -0.5491      -0.4842      -0.3904
                 -0.4308      -0.4692      -0.4485      -0.4915      -0.4163
   5      0      -0.5442      -0.5076      -0.5486      -0.4850      -0.3939
                 -0.4299      -0.4689      -0.4490      -0.4917      -0.4180
   5     60      -0.5445      -0.5078      -0.5489      -0.4852      -0.3938
                 -0.4300      -0.4690      -0.4491      -0.4919      -0.4180
   5     80      -0.5472      -0.5103      -0.5516      -0.4870      -0.3937
                 -0.4311      -0.4707      -0.4506      -0.4939      -0.4181
   5    100      -0.5559      -0.5186      -0.5604      -0.4932      -0.3943
                 -0.4355      -0.4761      -0.4557      -0.5007      -0.4191
 
 group  inft   Estimated free energy: 3-th solvent contribution (kcal/mol)
   1      0       4.0673       4.0466       4.0548       4.0345       4.0451
                  4.0028       4.0204       4.0504       4.0528       4.0338
   1     60       4.0536       4.0329       4.0411       4.0207       4.0314
                  3.9891       4.0067       4.0366       4.0391       4.0201
   1     80       3.9143       3.8940       3.9022       3.8817       3.8928
                  3.8501       3.8681       3.8976       3.9004       3.8814
   1    100       3.3223       3.3037       3.3114       3.2909       3.3047
                  3.2592       3.2787       3.3073       3.3116       3.2913
   2      0       4.0542       4.0333       4.0410       4.0218       4.0464
                  3.9880       4.0055       4.0415       4.0467       4.0261
   3      0       4.0521       4.0299       4.0376       4.0233       4.0490
                  3.9836       4.0045       4.0427       4.0483       4.0276
   4      0       4.0251       4.0044       4.0109       3.9937       4.0213
                  3.9578       3.9781       4.0114       4.0189       4.0019
   5      0       4.0868       4.0656       4.0681       4.0449       4.0595
                  4.0146       4.0306       4.0689       4.0708       4.0526
   5     60       4.0675       4.0463       4.0488       4.0256       4.0403
                  3.9954       4.0114       4.0497       4.0515       4.0334
   5     80       3.8859       3.8651       3.8677       3.8444       3.8600
                  3.8141       3.8308       3.8684       3.8707       3.8525
   5    100       3.3280       3.3089       3.3113       3.2884       3.3073
                  3.2580       3.2763       3.3122       3.3165       3.2968
 
 
 cumulative average & 95% error for solvation free energy
              total             1st component         2nd component         3rd component
  1     4.0779                0.5686               -0.5429                4.0521
  2     4.1147     0.0737     0.5985     0.0597    -0.5248     0.0362     4.0410     0.0222
  3     4.1164     0.0427     0.6091     0.0405    -0.5326     0.0261     4.0399     0.0130
  4     4.1220     0.0322     0.6064     0.0291    -0.5202     0.0308     4.0357     0.0124
  5     4.1507     0.0626     0.6062     0.0225    -0.4940     0.0577     4.0384     0.0110
  6     4.1508     0.0511     0.6045     0.0187    -0.4831     0.0519     4.0292     0.0203
  7     4.1571     0.0451     0.6122     0.0221    -0.4808     0.0441     4.0257     0.0186
  8     4.1602     0.0395     0.6089     0.0202    -0.4766     0.0391     4.0278     0.0167
  9     4.1645     0.0359     0.6125     0.0192    -0.4781     0.0346     4.0301     0.0154
 10     4.1697     0.0337     0.6116     0.0173    -0.4718     0.0334     4.0299     0.0138
