 ERmod 0.3.7, Copyright (C) 2000-2019 Nobuyuki Matubayasi
                            2010-2019 Shun Sakuraba
 ERmod comes with ABSOLUTELY NO WARRANTY.
 This is free software, and you can redistribute it
 and/or modify it under certain conditions.
 See LICENSE file for details.
 ERmod 0.3.7, Copyright (C) 2000-2019 Nobuyuki Matubayasi
                            2010-2019 Shun Sakuraba
 ERmod comes with ABSOLUTELY NO WARRANTY.
 This is free software, and you can redistribute it
 and/or modify it under certain conditions.
 See LICENSE file for details.
 
  Number of the   1-th solvent  =          180
  Number of the   2-th solvent  =          180
  Number of the   3-th solvent  =        10000
 
  Be sure that the solvent distribution is homogeneous (radial distribution function is essentially unity) when the solvent molecule is separated beyond distance of   10.0 Angstrom in any direction from any atom within the solute molecule
 
  LJ long-range correction    =        -0.0013     -0.0421     -0.3986
 
  Self-energy of the solute   =        -0.0001  kcal/mol
 
 
 cumulative average & 95% error for solvation energy
              total             1st component         2nd component         3rd component
  1   -24.1133               -3.2489               -2.4213              -18.4430
  2   -23.9054     0.4158    -2.5718     1.3542    -2.0733     0.6960   -19.2602     1.6344
  3   -23.7993     0.3204    -1.6951     1.9199    -1.8535     0.5955   -20.2506     2.1941
  4   -23.7619     0.2385    -1.4087     1.4735    -1.8411     0.4218   -20.5121     1.6372
  5   -23.7768     0.1872    -1.4941     1.1541    -1.7758     0.3519   -20.5068     1.2682
  6   -23.7651     0.1546    -1.3490     0.9860    -1.8152     0.2979   -20.6009     1.0525
  7   -23.7467     0.1358    -1.1413     0.9311    -1.8663     0.2717   -20.7391     0.9314
  8   -23.7263     0.1244    -1.0028     0.8526    -1.8802     0.2370   -20.8433     0.8331
  9   -23.7531     0.1221    -0.9193     0.7702    -2.0450     0.3902   -20.7887     0.7428
 10   -23.7506     0.1093    -1.0034     0.7091    -2.0198     0.3526   -20.7273     0.6756
 
 
 group  inft  solvation free energy     error          difference
  total solvation free energy
   1      0         -4.48775           0.09376           0.00344
   1     60         -4.51757           0.09376          -0.02638
   1     80         -4.71825           0.09374          -0.22706
   1    100         -5.32286           0.09348          -0.83168
   2      0         -4.48715           0.09403           0.00404
   3      0         -4.49119           0.09375           0.00000
   4      0         -4.48791           0.09583           0.00328
   5      0         -4.48977           0.09312           0.00141
   5     60         -4.52947           0.09311          -0.03828
   5     80         -4.77254           0.09304          -0.28136
   5    100         -5.32583           0.09273          -0.83464
 
  contribution from  1-th solvent component
   1      0         -0.30365           0.36170           0.00842
   1     60         -0.30299           0.36174           0.00908
   1     80         -0.29876           0.36208           0.01331
   1    100         -0.28806           0.36309           0.02401
   2      0         -0.30804           0.36088           0.00403
   3      0         -0.31207           0.36127           0.00000
   4      0         -0.31162           0.36007           0.00045
   5      0         -0.31263           0.35992          -0.00056
   5     60         -0.31178           0.35998           0.00029
   5     80         -0.30707           0.36040           0.00500
   5    100         -0.29819           0.36136           0.01388
 
  contribution from  2-th solvent component
   1      0         -1.11556           0.18625          -0.01008
   1     60         -1.11638           0.18626          -0.01090
   1     80         -1.12179           0.18629          -0.01631
   1    100         -1.13770           0.18638          -0.03221
   2      0         -1.10807           0.18567          -0.00258
   3      0         -1.10548           0.18603           0.00000
   4      0         -1.10393           0.18499           0.00155
   5      0         -1.10263           0.18456           0.00285
   5     60         -1.10373           0.18456           0.00175
   5     80         -1.11028           0.18460          -0.00480
   5    100         -1.12478           0.18467          -0.01930
 
  contribution from  3-th solvent component
   1      0         -3.06848           0.36439           0.00509
   1     60         -3.09813           0.36444          -0.02457
   1     80         -3.29764           0.36488          -0.22407
   1    100         -3.89704           0.36678          -0.82347
   2      0         -3.07097           0.36455           0.00260
   3      0         -3.07357           0.36434           0.00000
   4      0         -3.07229           0.36437           0.00127
   5      0         -3.07445           0.36366          -0.00088
   5     60         -3.11389           0.36373          -0.04033
   5     80         -3.35513           0.36429          -0.28156
   5    100         -3.90280           0.36605          -0.82923
 
 
 group  inft   Estimated free energy: total (kcal/mol)
   1      0      -4.7368      -4.3301      -4.4341      -4.3898      -4.5984
                 -4.3833      -4.3560      -4.5331      -4.7096      -4.4062
   1     60      -4.7667      -4.3599      -4.4640      -4.4197      -4.6282
                 -4.4132      -4.3859      -4.5626      -4.7395      -4.4360
   1     80      -4.9672      -4.5601      -4.6653      -4.6211      -4.8285
                 -4.6145      -4.5868      -4.7621      -4.9409      -4.6361
   1    100      -5.5698      -5.1625      -5.2729      -5.2284      -5.4313
                 -5.2205      -5.1927      -5.3648      -5.5474      -5.2383
   2      0      -4.7341      -4.3301      -4.4249      -4.3869      -4.6017
                 -4.3860      -4.3561      -4.5479      -4.7047      -4.3990
   3      0      -4.7347      -4.3394      -4.4191      -4.3934      -4.6113
                 -4.3946      -4.3590      -4.5463      -4.7115      -4.4026
   4      0      -4.7324      -4.3300      -4.4101      -4.3841      -4.6039
                 -4.3939      -4.3598      -4.5573      -4.7164      -4.3913
   5      0      -4.7290      -4.3397      -4.4058      -4.3996      -4.6035
                 -4.3936      -4.3622      -4.5536      -4.7119      -4.3988
   5     60      -4.7687      -4.3794      -4.4455      -4.4394      -4.6432
                 -4.4335      -4.4019      -4.5929      -4.7518      -4.4384
   5     80      -5.0115      -4.6219      -4.6893      -4.6835      -4.8858
                 -4.6774      -4.6453      -4.8344      -4.9957      -4.6808
   5    100      -5.5628      -5.1733      -5.2449      -5.2394      -5.4374
                 -5.2322      -5.1998      -5.3855      -5.5508      -5.2321
 
 group  inft   Estimated free energy: 1-th solvent contribution (kcal/mol)
   1      0      -1.4564      -0.7202       0.2394      -0.0437      -0.7716
                 -0.0752       0.3147       0.1290       0.0180      -0.6704
   1     60      -1.4559      -0.7196       0.2401      -0.0431      -0.7710
                 -0.0745       0.3155       0.1299       0.0186      -0.6698
   1     80      -1.4525      -0.7157       0.2447      -0.0391      -0.7674
                 -0.0704       0.3202       0.1359       0.0227      -0.6660
   1    100      -1.4445      -0.7061       0.2570      -0.0291      -0.7584
                 -0.0601       0.3325       0.1513       0.0330      -0.6563
   2      0      -1.4555      -0.7221       0.2451      -0.0491      -0.7780
                 -0.0843       0.3141       0.1102       0.0126      -0.6734
   3      0      -1.4553      -0.7294       0.2510      -0.0534      -0.7846
                 -0.0958       0.3124       0.1071       0.0061      -0.6788
   4      0      -1.4570      -0.7242       0.2573      -0.0532      -0.7804
                 -0.0965       0.3107       0.0964      -0.0003      -0.6691
   5      0      -1.4533      -0.7299       0.2586      -0.0614      -0.7771
                 -0.0964       0.3083       0.0988       0.0034      -0.6772
   5     60      -1.4526      -0.7291       0.2595      -0.0607      -0.7764
                 -0.0956       0.3092       0.1000       0.0042      -0.6765
   5     80      -1.4488      -0.7248       0.2649      -0.0564      -0.7724
                 -0.0912       0.3147       0.1071       0.0086      -0.6723
   5    100      -1.4422      -0.7172       0.2756      -0.0484      -0.7651
                 -0.0830       0.3254       0.1207       0.0169      -0.6646
 
 group  inft   Estimated free energy: 2-th solvent contribution (kcal/mol)
   1      0      -1.4202      -0.9260      -0.8123      -0.9644      -0.9436
                 -1.0860      -1.1237      -1.0941      -1.8124      -0.9729
   1     60      -1.4210      -0.9268      -0.8131      -0.9652      -0.9444
                 -1.0869      -1.1245      -1.0949      -1.8133      -0.9737
   1     80      -1.4264      -0.9322      -0.8185      -0.9706      -0.9497
                 -1.0923      -1.1299      -1.1004      -1.8188      -0.9791
   1    100      -1.4424      -0.9482      -0.8343      -0.9865      -0.9653
                 -1.1081      -1.1458      -1.1166      -1.8351      -0.9948
   2      0      -1.4158      -0.9210      -0.8057      -0.9548      -0.9384
                 -1.0782      -1.1189      -1.0866      -1.8003      -0.9609
   3      0      -1.4137      -0.9184      -0.8031      -0.9534      -0.9370
                 -1.0743      -1.1169      -1.0817      -1.7997      -0.9567
   4      0      -1.4102      -0.9188      -0.8018      -0.9500      -0.9383
                 -1.0727      -1.1137      -1.0835      -1.7940      -0.9563
   5      0      -1.4088      -0.9151      -0.8024      -0.9488      -0.9379
                 -1.0708      -1.1156      -1.0801      -1.7907      -0.9561
   5     60      -1.4099      -0.9162      -0.8035      -0.9499      -0.9390
                 -1.0719      -1.1167      -1.0812      -1.7918      -0.9572
   5     80      -1.4164      -0.9228      -0.8100      -0.9565      -0.9454
                 -1.0784      -1.1232      -1.0879      -1.7985      -0.9637
   5    100      -1.4310      -0.9374      -0.8245      -0.9709      -0.9596
                 -1.0928      -1.1377      -1.1026      -1.8133      -0.9780
 
 group  inft   Estimated free energy: 3-th solvent contribution (kcal/mol)
   1      0      -1.8602      -2.6838      -3.8611      -3.3817      -2.8831
                 -3.2220      -3.5469      -3.5679      -2.9151      -2.7628
   1     60      -1.8897      -2.7134      -3.8909      -3.4114      -2.9127
                 -3.2517      -3.5767      -3.5976      -2.9448      -2.7924
   1     80      -2.0882      -2.9121      -4.0915      -3.6114      -3.1113
                 -3.4517      -3.7770      -3.7975      -3.1447      -2.9910
   1    100      -2.6828      -3.5081      -4.6955      -4.2128      -3.7075
                 -4.0523      -4.3794      -4.3994      -3.7453      -3.5872
   2      0      -1.8628      -2.6869      -3.8643      -3.3829      -2.8852
                 -3.2235      -3.5512      -3.5714      -2.9169      -2.7646
   3      0      -1.8656      -2.6915      -3.8669      -3.3867      -2.8896
                 -3.2245      -3.5545      -3.5717      -2.9178      -2.7670
   4      0      -1.8652      -2.6869      -3.8656      -3.3809      -2.8851
                 -3.2246      -3.5567      -3.5701      -2.9221      -2.7659
   5      0      -1.8669      -2.6947      -3.8618      -3.3893      -2.8885
                 -3.2263      -3.5548      -3.5722      -2.9246      -2.7654
   5     60      -1.9062      -2.7340      -3.9015      -3.4288      -2.9277
                 -3.2659      -3.5944      -3.6117      -2.9641      -2.8047
   5     80      -2.1461      -2.9742      -4.1441      -3.6706      -3.1679
                 -3.5076      -3.8367      -3.8535      -3.2057      -3.0448
   5    100      -2.6895      -3.5186      -4.6960      -4.2201      -3.7126
                 -4.0563      -4.3874      -4.4036      -3.7544      -3.5895
 
 
 cumulative average & 95% error for solvation free energy
              total             1st component         2nd component         3rd component
  1    -4.7347               -1.4553               -1.4137               -1.8656
  2    -4.5370     0.3953    -1.0924     0.7259    -1.1661     0.4953    -2.2786     0.8259
  3    -4.4977     0.2414    -0.6446     0.9888    -1.0451     0.3746    -2.8080     1.1613
  4    -4.4716     0.1785    -0.4968     0.7591    -1.0221     0.2688    -2.9527     0.8707
  5    -4.4996     0.1491    -0.5543     0.5992    -1.0051     0.2110    -2.9401     0.6749
  6    -4.4821     0.1267    -0.4779     0.5125    -1.0166     0.1738    -2.9875     0.5591
  7    -4.4645     0.1127    -0.3650     0.4885    -1.0310     0.1497    -3.0685     0.4995
  8    -4.4747     0.0997    -0.3060     0.4392    -1.0373     0.1302    -3.1314     0.4505
  9    -4.5010     0.1025    -0.2713     0.3935    -1.1220     0.2047    -3.1076     0.4002
 10    -4.4912     0.0937    -0.3121     0.3613    -1.1055     0.1860    -3.0736     0.3643
