 ERmod 0.3.7, Copyright (C) 2000-2019 Nobuyuki Matubayasi
                            2010-2019 Shun Sakuraba
 ERmod comes with ABSOLUTELY NO WARRANTY.
 This is free software, and you can redistribute it
 and/or modify it under certain conditions.
 See LICENSE file for details.
 ERmod 0.3.7, Copyright (C) 2000-2019 Nobuyuki Matubayasi
                            2010-2019 Shun Sakuraba
 ERmod comes with ABSOLUTELY NO WARRANTY.
 This is free software, and you can redistribute it
 and/or modify it under certain conditions.
 See LICENSE file for details.
 
  Number of the   1-th solvent  =          180
  Number of the   2-th solvent  =          180
  Number of the   3-th solvent  =        10000
 
  Be sure that the solvent distribution is homogeneous (radial distribution function is essentially unity) when the solvent molecule is separated beyond distance of   10.0 Angstrom in any direction from any atom within the solute molecule
 
  LJ long-range correction    =        -0.0063     -0.0353     -0.3346
 
  Self-energy of the solute   =         0.0000  kcal/mol
 
 
 cumulative average & 95% error for solvation energy
              total             1st component         2nd component         3rd component
  1    -9.4229                0.1153               -0.8830               -8.6553
  2    -9.4128     0.0202     0.1352     0.0398    -0.8770     0.0121    -8.6711     0.0317
  3    -9.3913     0.0446     0.1349     0.0230    -0.8513     0.0518    -8.6749     0.0198
  4    -9.3929     0.0317     0.1368     0.0167    -0.8487     0.0370    -8.6810     0.0186
  5    -9.3963     0.0255     0.1387     0.0135    -0.8471     0.0288    -8.6879     0.0199
  6    -9.3829     0.0340     0.1381     0.0110    -0.8194     0.0602    -8.7017     0.0319
  7    -9.3745     0.0333     0.1386     0.0094    -0.7929     0.0735    -8.7203     0.0459
  8    -9.3665     0.0330     0.1374     0.0085    -0.7672     0.0818    -8.7367     0.0517
  9    -9.3761     0.0349     0.1389     0.0081    -0.7914     0.0869    -8.7236     0.0526
 10    -9.3708     0.0329     0.1421     0.0096    -0.7851     0.0788    -8.7278     0.0478
 
 
 group  inft  solvation free energy     error          difference
  total solvation free energy
   1      0          2.72213           0.02390           0.00058
   1     60          2.70322           0.02396          -0.01833
   1     80          2.57207           0.02436          -0.14948
   1    100          2.14237           0.02544          -0.57918
   2      0          2.71345           0.02410          -0.00810
   3      0          2.72155           0.02426           0.00000
   4      0          2.70541           0.02362          -0.01614
   5      0          2.75805           0.02488           0.03650
   5     60          2.73252           0.02496           0.01097
   5     80          2.57033           0.02539          -0.15122
   5    100          2.17135           0.02626          -0.55020
 
  contribution from  1-th solvent component
   1      0          0.29419           0.00972           0.00303
   1     60          0.29429           0.00978           0.00314
   1     80          0.29443           0.01021           0.00328
   1    100          0.29235           0.01159           0.00120
   2      0          0.29208           0.00944           0.00092
   3      0          0.29115           0.00921           0.00000
   4      0          0.28981           0.00922          -0.00134
   5      0          0.29020           0.00916          -0.00095
   5     60          0.29027           0.00924          -0.00088
   5     80          0.28996           0.00974          -0.00119
   5    100          0.28730           0.01095          -0.00385
 
  contribution from  2-th solvent component
   1      0         -0.35271           0.03845           0.00295
   1     60         -0.35298           0.03850           0.00268
   1     80         -0.35486           0.03885           0.00080
   1    100         -0.36090           0.03990          -0.00524
   2      0         -0.35451           0.03830           0.00115
   3      0         -0.35566           0.03841          -0.00000
   4      0         -0.35693           0.03812          -0.00127
   5      0         -0.35731           0.03821          -0.00165
   5     60         -0.35770           0.03828          -0.00204
   5     80         -0.36015           0.03870          -0.00449
   5    100         -0.36602           0.03963          -0.01037
 
  contribution from  3-th solvent component
   1      0          2.78062           0.01896          -0.00541
   1     60          2.76188           0.01899          -0.02415
   1     80          2.63248           0.01917          -0.15356
   1    100          2.21089           0.01976          -0.57514
   2      0          2.77585           0.01874          -0.01018
   3      0          2.78603           0.01831           0.00000
   4      0          2.77250           0.01827          -0.01353
   5      0          2.82513           0.01790           0.03910
   5     60          2.79992           0.01793           0.01389
   5     80          2.64048           0.01815          -0.14555
   5    100          2.25004           0.01868          -0.53599
 
 
 group  inft   Estimated free energy: total (kcal/mol)
   1      0       2.7052       2.7042       2.7383       2.6938       2.6877
                  2.7689       2.7734       2.7508       2.6587       2.7402
   1     60       2.6862       2.6853       2.7193       2.6748       2.6688
                  2.7500       2.7548       2.7319       2.6396       2.7215
   1     80       2.5544       2.5543       2.5881       2.5430       2.5371
                  2.6191       2.6253       2.6005       2.5075       2.5914
   1    100       2.1221       2.1252       2.1583       2.1116       2.1057
                  2.1898       2.2001       2.1699       2.0757       2.1653
   2      0       2.6968       2.6958       2.7294       2.6842       2.6801
                  2.7599       2.7662       2.7413       2.6487       2.7321
   3      0       2.7042       2.7018       2.7368       2.6949       2.6895
                  2.7688       2.7752       2.7511       2.6556       2.7376
   4      0       2.6877       2.6876       2.7188       2.6769       2.6752
                  2.7519       2.7580       2.7340       2.6421       2.7218
   5      0       2.7387       2.7392       2.7744       2.7305       2.7260
                  2.8058       2.8138       2.7880       2.6902       2.7739
   5     60       2.7131       2.7137       2.7488       2.7049       2.7003
                  2.7804       2.7886       2.7625       2.6645       2.7486
   5     80       2.5500       2.5518       2.5864       2.5420       2.5375
                  2.6184       2.6283       2.6000       2.5013       2.5875
   5    100       2.1488       2.1535       2.1872       2.1417       2.1369
                  2.2198       2.2331       2.2000       2.1008       2.1916
 
 group  inft   Estimated free energy: 1-th solvent contribution (kcal/mol)
   1      0       0.2754       0.3047       0.2889       0.3029       0.2966
                  0.2825       0.2864       0.2761       0.3035       0.3249
   1     60       0.2754       0.3048       0.2889       0.3030       0.2967
                  0.2826       0.2865       0.2762       0.3036       0.3253
   1     80       0.2747       0.3055       0.2886       0.3037       0.2970
                  0.2820       0.2866       0.2757       0.3037       0.3269
   1    100       0.2699       0.3052       0.2851       0.3028       0.2954
                  0.2778       0.2842       0.2717       0.3020       0.3295
   2      0       0.2738       0.3018       0.2871       0.3009       0.2943
                  0.2809       0.2848       0.2744       0.3006       0.3221
   3      0       0.2732       0.3010       0.2864       0.3000       0.2937
                  0.2803       0.2839       0.2735       0.2994       0.3200
   4      0       0.2722       0.2996       0.2847       0.2986       0.2925
                  0.2787       0.2827       0.2722       0.2982       0.3188
   5      0       0.2725       0.3000       0.2849       0.2991       0.2936
                  0.2792       0.2830       0.2725       0.2986       0.3185
   5     60       0.2724       0.3002       0.2849       0.2993       0.2936
                  0.2792       0.2831       0.2724       0.2987       0.3189
   5     80       0.2711       0.3006       0.2841       0.2996       0.2935
                  0.2781       0.2827       0.2714       0.2984       0.3202
   5    100       0.2662       0.2996       0.2802       0.2980       0.2912
                  0.2736       0.2796       0.2669       0.2961       0.3216
 
 group  inft   Estimated free energy: 2-th solvent contribution (kcal/mol)
   1      0      -0.3963      -0.3954      -0.3653      -0.3867      -0.3803
                 -0.3023      -0.2706      -0.2532      -0.4420      -0.3352
   1     60      -0.3966      -0.3957      -0.3656      -0.3870      -0.3806
                 -0.3026      -0.2707      -0.2533      -0.4423      -0.3354
   1     80      -0.3989      -0.3979      -0.3678      -0.3893      -0.3828
                 -0.3042      -0.2713      -0.2544      -0.4447      -0.3373
   1    100      -0.4063      -0.4049      -0.3747      -0.3968      -0.3897
                 -0.3095      -0.2736      -0.2581      -0.4524      -0.3430
   2      0      -0.3981      -0.3965      -0.3668      -0.3880      -0.3822
                 -0.3039      -0.2729      -0.2554      -0.4437      -0.3375
   3      0      -0.3989      -0.3989      -0.3679      -0.3891      -0.3831
                 -0.3051      -0.2737      -0.2563      -0.4451      -0.3386
   4      0      -0.4005      -0.3994      -0.3690      -0.3892      -0.3840
                 -0.3060      -0.2764      -0.2581      -0.4461      -0.3405
   5      0      -0.4013      -0.3999      -0.3694      -0.3895      -0.3836
                 -0.3063      -0.2761      -0.2588      -0.4472      -0.3410
   5     60      -0.4018      -0.4003      -0.3699      -0.3900      -0.3840
                 -0.3067      -0.2762      -0.2591      -0.4477      -0.3414
   5     80      -0.4047      -0.4031      -0.3727      -0.3930      -0.3868
                 -0.3088      -0.2771      -0.2606      -0.4508      -0.3438
   5    100      -0.4118      -0.4099      -0.3793      -0.4001      -0.3935
                 -0.3139      -0.2796      -0.2645      -0.4582      -0.3495
 
 group  inft   Estimated free energy: 3-th solvent contribution (kcal/mol)
   1      0       2.8261       2.7949       2.8147       2.7775       2.7715
                  2.7886       2.7576       2.7278       2.7972       2.7504
   1     60       2.8074       2.7762       2.7960       2.7587       2.7527
                  2.7700       2.7389       2.7090       2.7783       2.7316
   1     80       2.6786       2.6467       2.6673       2.6287       2.6228
                  2.6413       2.6099       2.5792       2.6485       2.6018
   1    100       2.2585       2.2249       2.2479       2.2055       2.1999
                  2.2215       2.1895       2.1563       2.2261       2.1788
   2      0       2.8212       2.7905       2.8091       2.7713       2.7679
                  2.7829       2.7543       2.7223       2.7917       2.7474
   3      0       2.8298       2.7997       2.8183       2.7839       2.7789
                  2.7935       2.7649       2.7338       2.8012       2.7563
   4      0       2.8161       2.7873       2.8031       2.7676       2.7668
                  2.7791       2.7518       2.7198       2.7899       2.7435
   5      0       2.8675       2.8390       2.8589       2.8209       2.8160
                  2.8329       2.8068       2.7744       2.8387       2.7964
   5     60       2.8424       2.8138       2.8338       2.7955       2.7907
                  2.8078       2.7816       2.7491       2.8134       2.7711
   5     80       2.6836       2.6543       2.6750       2.6354       2.6308
                  2.6491       2.6227       2.5892       2.6536       2.6111
   5    100       2.2944       2.2637       2.2863       2.2437       2.2392
                  2.2601       2.2331       2.1977       2.2628       2.2195
 
 
 cumulative average & 95% error for solvation free energy
              total             1st component         2nd component         3rd component
  1     2.7042                0.2732               -0.3989                2.8298
  2     2.7030     0.0024     0.2871     0.0277    -0.3989     0.0000     2.8148     0.0301
  3     2.7143     0.0226     0.2869     0.0160    -0.3886     0.0206     2.8159     0.0175
  4     2.7094     0.0187     0.2902     0.0131    -0.3887     0.0146     2.8079     0.0202
  5     2.7054     0.0165     0.2909     0.0103    -0.3876     0.0115     2.8021     0.0195
  6     2.7160     0.0250     0.2891     0.0091    -0.3738     0.0291     2.8007     0.0162
  7     2.7245     0.0271     0.2884     0.0078    -0.3595     0.0377     2.7956     0.0171
  8     2.7278     0.0244     0.2865     0.0077    -0.3466     0.0416     2.7879     0.0214
  9     2.7198     0.0268     0.2879     0.0074    -0.3576     0.0427     2.7893     0.0191
 10     2.7215     0.0243     0.2912     0.0092    -0.3557     0.0384     2.7860     0.0183
