 ERmod 0.3.7, Copyright (C) 2000-2019 Nobuyuki Matubayasi
                            2010-2019 Shun Sakuraba
 ERmod comes with ABSOLUTELY NO WARRANTY.
 This is free software, and you can redistribute it
 and/or modify it under certain conditions.
 See LICENSE file for details.
 ERmod 0.3.7, Copyright (C) 2000-2019 Nobuyuki Matubayasi
                            2010-2019 Shun Sakuraba
 ERmod comes with ABSOLUTELY NO WARRANTY.
 This is free software, and you can redistribute it
 and/or modify it under certain conditions.
 See LICENSE file for details.
 
  Number of the   1-th solvent  =          180
  Number of the   2-th solvent  =          180
  Number of the   3-th solvent  =        10000
 
  Be sure that the solvent distribution is homogeneous (radial distribution function is essentially unity) when the solvent molecule is separated beyond distance of   10.0 Angstrom in any direction from any atom within the solute molecule
 
  LJ long-range correction    =        -0.0098     -0.0072     -0.5209
 
  Self-energy of the solute   =        -0.0001  kcal/mol
 
 
 cumulative average & 95% error for solvation energy
              total             1st component         2nd component         3rd component
  1   -26.2181               -1.0314               -2.1887              -22.9978
  2   -26.2532     0.0703    -0.8346     0.3937    -2.6649     0.9523   -22.7536     0.4884
  3   -26.1059     0.2973    -0.6922     0.3644    -2.0110     1.4186   -23.4026     1.3283
  4   -25.9822     0.3247    -0.6838     0.2582    -1.6608     1.2234   -23.6374     1.0501
  5   -25.9545     0.2576    -0.6818     0.2001    -1.5345     0.9807   -23.7380     0.8379
  6   -25.9215     0.2204    -0.7616     0.2284    -1.3532     0.8790   -23.8066     0.6977
  7   -25.9125     0.1871    -0.8361     0.2438    -1.3426     0.7432   -23.7337     0.6074
  8   -25.9660     0.1942    -0.7675     0.2517    -1.5549     0.7711   -23.6435     0.5562
  9   -26.0146     0.1969    -0.7988     0.2307    -1.6200     0.6924   -23.5956     0.4997
 10   -26.0158     0.1761    -0.7115     0.2703    -1.6441     0.6212   -23.6601     0.4652
 
 
 group  inft  solvation free energy     error          difference
  total solvation free energy
   1      0         -3.68371           0.07667           0.01012
   1     60         -3.70519           0.07665          -0.01135
   1     80         -3.88965           0.07654          -0.19581
   1    100         -4.57582           0.07601          -0.88199
   2      0         -3.69002           0.07568           0.00381
   3      0         -3.69383           0.07630           0.00000
   4      0         -3.69378           0.07527           0.00005
   5      0         -3.69397           0.07496          -0.00014
   5     60         -3.72331           0.07492          -0.02948
   5     80         -3.95429           0.07471          -0.26046
   5    100         -4.58817           0.07405          -0.89434
 
  contribution from  1-th solvent component
   1      0         -0.05111           0.15336           0.00335
   1     60         -0.05134           0.15337           0.00311
   1     80         -0.05377           0.15341           0.00069
   1    100         -0.06376           0.15366          -0.00930
   2      0         -0.05422           0.15099           0.00023
   3      0         -0.05445           0.15051           0.00000
   4      0         -0.05496           0.15006          -0.00051
   5      0         -0.05462           0.15033          -0.00017
   5     60         -0.05497           0.15032          -0.00051
   5     80         -0.05814           0.15036          -0.00369
   5    100         -0.06770           0.15051          -0.01324
 
  contribution from  2-th solvent component
   1      0         -0.95306           0.28691           0.00174
   1     60         -0.95272           0.28692           0.00207
   1     80         -0.95157           0.28701           0.00323
   1    100         -0.95117           0.28743           0.00362
   2      0         -0.95348           0.28889           0.00132
   3      0         -0.95480           0.28999           0.00000
   4      0         -0.95490           0.29019          -0.00010
   5      0         -0.95463           0.28999           0.00017
   5     60         -0.95425           0.28999           0.00055
   5     80         -0.95325           0.29010           0.00155
   5    100         -0.95372           0.29051           0.00108
 
  contribution from  3-th solvent component
   1      0         -2.67944           0.25636           0.00504
   1     60         -2.70101           0.25636          -0.01654
   1     80         -2.88420           0.25645          -0.19973
   1    100         -3.56078           0.25785          -0.87631
   2      0         -2.68222           0.25647           0.00226
   3      0         -2.68447           0.25611           0.00000
   4      0         -2.68381           0.25667           0.00066
   5      0         -2.68461           0.25618          -0.00014
   5     60         -2.71398           0.25618          -0.02951
   5     80         -2.94280           0.25634          -0.25833
   5    100         -3.56665           0.25761          -0.88218
 
 
 group  inft   Estimated free energy: total (kcal/mol)
   1      0      -3.7671      -3.8067      -3.6420      -3.6142      -3.6272
                 -3.7443      -3.6716      -3.5687      -3.9014      -3.4939
   1     60      -3.7886      -3.8280      -3.6635      -3.6357      -3.6488
                 -3.7657      -3.6928      -3.5903      -3.9229      -3.5155
   1     80      -3.9734      -4.0117      -3.8475      -3.8194      -3.8335
                 -3.9503      -3.8762      -3.7757      -4.1079      -3.7010
   1    100      -4.6587      -4.6941      -4.5336      -4.5044      -4.5219
                 -4.6400      -4.5597      -4.4614      -4.7939      -4.3906
   2      0      -3.7814      -3.8210      -3.6562      -3.6437      -3.6177
                 -3.7323      -3.6759      -3.5678      -3.8991      -3.5052
   3      0      -3.7814      -3.8354      -3.6638      -3.6506      -3.6131
                 -3.7363      -3.6770      -3.5730      -3.9002      -3.5075
   4      0      -3.7891      -3.8277      -3.6599      -3.6532      -3.6094
                 -3.7290      -3.6814      -3.5710      -3.9004      -3.5166
   5      0      -3.7879      -3.8339      -3.6681      -3.6622      -3.6051
                 -3.7310      -3.6787      -3.5743      -3.8896      -3.5090
   5     60      -3.8173      -3.8631      -3.6974      -3.6915      -3.6344
                 -3.7602      -3.7078      -3.6038      -3.9191      -3.5385
   5     80      -4.0484      -4.0932      -3.9281      -3.9216      -3.8658
                 -3.9914      -3.9375      -3.8358      -4.1505      -3.7708
   5    100      -4.6814      -4.7240      -4.5623      -4.5548      -4.5013
                 -4.6280      -4.5690      -4.4690      -4.7840      -4.4080
 
 group  inft   Estimated free energy: 1-th solvent contribution (kcal/mol)
   1      0      -0.2085      -0.0147       0.1392      -0.0325      -0.0683
                 -0.3562      -0.3028       0.1770      -0.2572       0.4129
   1     60      -0.2087      -0.0149       0.1390      -0.0327      -0.0685
                 -0.3564      -0.3030       0.1767      -0.2575       0.4127
   1     80      -0.2112      -0.0174       0.1366      -0.0352      -0.0710
                 -0.3588      -0.3055       0.1741      -0.2599       0.4106
   1    100      -0.2214      -0.0274       0.1270      -0.0456      -0.0812
                 -0.3693      -0.3155       0.1635      -0.2700       0.4022
   2      0      -0.2090      -0.0177       0.1328      -0.0409      -0.0657
                 -0.3614      -0.2999       0.1774      -0.2549       0.3972
   3      0      -0.2063      -0.0200       0.1311      -0.0408      -0.0619
                 -0.3630      -0.3011       0.1811      -0.2553       0.3916
   4      0      -0.2064      -0.0198       0.1339      -0.0395      -0.0591
                 -0.3665      -0.2990       0.1761      -0.2569       0.3875
   5      0      -0.2043      -0.0205       0.1313      -0.0432      -0.0595
                 -0.3668      -0.3016       0.1781      -0.2510       0.3915
   5     60      -0.2047      -0.0208       0.1309      -0.0436      -0.0599
                 -0.3671      -0.3020       0.1777      -0.2513       0.3911
   5     80      -0.2079      -0.0241       0.1277      -0.0467      -0.0631
                 -0.3703      -0.3052       0.1743      -0.2545       0.3883
   5    100      -0.2175      -0.0337       0.1182      -0.0568      -0.0728
                 -0.3801      -0.3148       0.1644      -0.2639       0.3800
 
 group  inft   Estimated free energy: 2-th solvent contribution (kcal/mol)
   1      0      -1.2427      -1.6986      -0.5628      -0.5185      -0.5947
                 -0.3741      -0.8269      -1.4912      -1.2727      -0.9485
   1     60      -1.2423      -1.6982      -0.5624      -0.5181      -0.5944
                 -0.3738      -0.8265      -1.4909      -1.2724      -0.9482
   1     80      -1.2411      -1.6970      -0.5609      -0.5163      -0.5936
                 -0.3727      -0.8249      -1.4900      -1.2718      -0.9473
   1    100      -1.2407      -1.6969      -0.5596      -0.5137      -0.5940
                 -0.3718      -0.8234      -1.4904      -1.2734      -0.9478
   2      0      -1.2537      -1.7063      -0.5688      -0.5355      -0.5840
                 -0.3542      -0.8322      -1.4900      -1.2694      -0.9407
   3      0      -1.2525      -1.7160      -0.5729      -0.5420      -0.5793
                 -0.3523      -0.8325      -1.4937      -1.2683      -0.9385
   4      0      -1.2591      -1.7116      -0.5725      -0.5495      -0.5780
                 -0.3407      -0.8384      -1.4919      -1.2674      -0.9400
   5      0      -1.2591      -1.7130      -0.5754      -0.5518      -0.5739
                 -0.3435      -0.8342      -1.4928      -1.2635      -0.9392
   5     60      -1.2587      -1.7126      -0.5749      -0.5514      -0.5736
                 -0.3432      -0.8337      -1.4924      -1.2632      -0.9388
   5     80      -1.2576      -1.7115      -0.5735      -0.5496      -0.5730
                 -0.3423      -0.8321      -1.4919      -1.2629      -0.9382
   5    100      -1.2581      -1.7124      -0.5731      -0.5482      -0.5740
                 -0.3420      -0.8315      -1.4932      -1.2650      -0.9396
 
 group  inft   Estimated free energy: 3-th solvent contribution (kcal/mol)
   1      0      -2.3158      -2.0933      -3.2184      -3.0631      -2.9641
                 -3.0139      -2.5417      -2.2543      -2.3714      -2.9583
   1     60      -2.3374      -2.1147      -3.2400      -3.0847      -2.9857
                 -3.0354      -2.5632      -2.2760      -2.3930      -2.9800
   1     80      -2.5210      -2.2971      -3.4232      -3.2678      -3.1687
                 -3.2186      -2.7457      -2.4597      -2.5760      -3.1642
   1    100      -3.1965      -2.9697      -4.1009      -3.9450      -3.8466
                 -3.8988      -3.4207      -3.1344      -3.2504      -3.8449
   2      0      -2.3186      -2.0969      -3.2200      -3.0672      -2.9679
                 -3.0166      -2.5436      -2.2550      -2.3747      -2.9615
   3      0      -2.3224      -2.0993      -3.2219      -3.0677      -2.9719
                 -3.0209      -2.5433      -2.2603      -2.3765      -2.9604
   4      0      -2.3236      -2.0962      -3.2212      -3.0640      -2.9723
                 -3.0216      -2.5440      -2.2551      -2.3760      -2.9640
   5      0      -2.3243      -2.1004      -3.2238      -3.0670      -2.9715
                 -3.0206      -2.5428      -2.2595      -2.3750      -2.9612
   5     60      -2.3538      -2.1295      -3.2533      -3.0964      -3.0009
                 -3.0498      -2.5720      -2.2890      -2.4044      -2.9907
   5     80      -2.5828      -2.3574      -3.4822      -3.3252      -3.2296
                 -3.2787      -2.8001      -2.5182      -2.6330      -3.2208
   5    100      -3.2056      -2.9777      -4.1073      -3.9497      -3.8545
                 -3.9058      -3.4226      -3.1401      -3.2550      -3.8483
 
 
 cumulative average & 95% error for solvation free energy
              total             1st component         2nd component         3rd component
  1    -3.7814               -0.2063               -1.2525               -2.3224
  2    -3.8084     0.0540    -0.1132     0.1863    -1.4843     0.4634    -2.2109     0.2231
  3    -3.7602     0.1013    -0.0317     0.1952    -1.1805     0.6639    -2.5479     0.6862
  4    -3.7328     0.0902    -0.0340     0.1381    -1.0209     0.5677    -2.6778     0.5505
  5    -3.7089     0.0847    -0.0396     0.1075    -0.9325     0.4739    -2.7366     0.4423
  6    -3.7134     0.0698    -0.0935     0.1390    -0.8358     0.4326    -2.7840     0.3734
  7    -3.7082     0.0599    -0.1231     0.1316    -0.8354     0.3656    -2.7496     0.3230
  8    -3.6913     0.0619    -0.0851     0.1370    -0.9176     0.3568    -2.6885     0.3053
  9    -3.7145     0.0717    -0.1040     0.1266    -0.9566     0.3242    -2.6538     0.2780
 10    -3.6938     0.0763    -0.0545     0.1505    -0.9548     0.2900    -2.6845     0.2561
