 ERmod 0.3.7, Copyright (C) 2000-2019 Nobuyuki Matubayasi
                            2010-2019 Shun Sakuraba
 ERmod comes with ABSOLUTELY NO WARRANTY.
 This is free software, and you can redistribute it
 and/or modify it under certain conditions.
 See LICENSE file for details.
 ERmod 0.3.7, Copyright (C) 2000-2019 Nobuyuki Matubayasi
                            2010-2019 Shun Sakuraba
 ERmod comes with ABSOLUTELY NO WARRANTY.
 This is free software, and you can redistribute it
 and/or modify it under certain conditions.
 See LICENSE file for details.
 
  Number of the   1-th solvent  =          180
  Number of the   2-th solvent  =          180
  Number of the   3-th solvent  =        10000
 
  Be sure that the solvent distribution is homogeneous (radial distribution function is essentially unity) when the solvent molecule is separated beyond distance of   10.0 Angstrom in any direction from any atom within the solute molecule
 
  LJ long-range correction    =        -0.0104     -0.0740     -0.7010
 
  Self-energy of the solute   =        -0.0000  kcal/mol
 
 
 cumulative average & 95% error for solvation energy
              total             1st component         2nd component         3rd component
  1   -30.7258               -0.6510               -2.4684              -27.6064
  2   -30.7474     0.0433    -0.8692     0.4364    -2.4040     0.1286   -27.4741     0.2645
  3   -30.7417     0.0275    -0.9000     0.2594    -2.2434     0.3297   -27.5982     0.2914
  4   -30.7335     0.0254    -0.9401     0.2001    -2.1911     0.2556   -27.6024     0.2062
  5   -30.7386     0.0221    -0.8444     0.2462    -2.2912     0.2816   -27.6030     0.1597
  6   -30.7174     0.0460    -0.6231     0.4862    -2.4006     0.3175   -27.6937     0.2234
  7   -30.7023     0.0492    -0.6105     0.4117    -2.3983     0.2684   -27.6935     0.1888
  8   -30.7210     0.0567    -0.7122     0.4105    -2.3282     0.2714   -27.6806     0.1656
  9   -30.7480     0.0736    -0.6754     0.3694    -2.4384     0.3254   -27.6343     0.1730
 10   -30.7527     0.0665    -0.8276     0.4493    -2.4268     0.2919   -27.4982     0.3130
 
 
 group  inft  solvation free energy     error          difference
  total solvation free energy
   1      0         -3.98769           0.06166          -0.00169
   1     60         -4.02710           0.06168          -0.04110
   1     80         -4.32094           0.06182          -0.33494
   1    100         -5.26859           0.06211          -1.28259
   2      0         -3.98869           0.05967          -0.00269
   3      0         -3.98600           0.05853           0.00000
   4      0         -3.98872           0.05911          -0.00272
   5      0         -3.97890           0.05738           0.00710
   5     60         -4.03192           0.05739          -0.04592
   5     80         -4.39208           0.05749          -0.40608
   5    100         -5.26047           0.05760          -1.27447
 
  contribution from  1-th solvent component
   1      0         -0.00820           0.22315           0.00574
   1     60         -0.00849           0.22318           0.00545
   1     80         -0.01123           0.22336           0.00271
   1    100         -0.02206           0.22390          -0.00812
   2      0         -0.01401           0.21901          -0.00007
   3      0         -0.01394           0.21701           0.00000
   4      0         -0.01542           0.21520          -0.00148
   5      0         -0.01402           0.21460          -0.00008
   5     60         -0.01443           0.21462          -0.00049
   5     80         -0.01814           0.21477          -0.00420
   5    100         -0.02855           0.21511          -0.01461
 
  contribution from  2-th solvent component
   1      0         -1.36021           0.14156          -0.01155
   1     60         -1.36119           0.14156          -0.01253
   1     80         -1.36838           0.14159          -0.01972
   1    100         -1.39113           0.14170          -0.04247
   2      0         -1.35144           0.14154          -0.00279
   3      0         -1.34865           0.14251           0.00000
   4      0         -1.34648           0.14131           0.00217
   5      0         -1.34509           0.14221           0.00357
   5     60         -1.34641           0.14222           0.00224
   5     80         -1.35523           0.14225          -0.00657
   5    100         -1.37603           0.14235          -0.02738
 
  contribution from  3-th solvent component
   1      0         -2.61925           0.15432           0.00412
   1     60         -2.65740           0.15433          -0.03402
   1     80         -2.94130           0.15440          -0.31793
   1    100         -3.85537           0.15496          -1.23200
   2      0         -2.62321           0.15397           0.00016
   3      0         -2.62338           0.15474           0.00000
   4      0         -2.62679           0.15427          -0.00341
   5      0         -2.61977           0.15451           0.00361
   5     60         -2.67105           0.15452          -0.04768
   5     80         -3.01869           0.15462          -0.39531
   5    100         -3.85586           0.15513          -1.23249
 
 
 group  inft   Estimated free energy: total (kcal/mol)
   1      0      -3.9689      -4.0398      -3.9397      -4.0509      -4.0307
                 -3.8130      -3.9056      -4.0468      -4.1589      -3.9225
   1     60      -4.0085      -4.0792      -3.9792      -4.0903      -4.0701
                 -3.8522      -3.9450      -4.0863      -4.1984      -3.9619
   1     80      -4.3040      -4.3735      -4.2737      -4.3835      -4.3635
                 -4.1447      -4.2386      -4.3803      -4.4923      -4.2553
   1    100      -5.2569      -5.3226      -5.2230      -5.3299      -5.3105
                 -5.0889      -5.1869      -5.3281      -5.4388      -5.2004
   2      0      -3.9758      -4.0406      -3.9300      -4.0449      -4.0305
                 -3.8270      -3.9188      -4.0395      -4.1625      -3.9173
   3      0      -3.9752      -4.0408      -3.9215      -4.0399      -4.0293
                 -3.8379      -3.9162      -4.0304      -4.1600      -3.9087
   4      0      -3.9813      -4.0441      -3.9186      -4.0363      -4.0315
                 -3.8413      -3.9185      -4.0351      -4.1675      -3.9130
   5      0      -3.9590      -4.0397      -3.9100      -4.0273      -4.0277
                 -3.8463      -3.9072      -4.0179      -4.1527      -3.9012
   5     60      -4.0124      -4.0928      -3.9631      -4.0802      -4.0807
                 -3.8991      -3.9602      -4.0710      -4.2058      -3.9541
   5     80      -4.3746      -4.4536      -4.3240      -4.4395      -4.4403
                 -4.2579      -4.3202      -4.4312      -4.5659      -4.3136
   5    100      -5.2480      -5.3233      -5.1933      -5.3065      -5.3083
                 -5.1239      -5.1893      -5.2994      -5.4332      -5.1795
 
 group  inft   Estimated free energy: 1-th solvent contribution (kcal/mol)
   1      0       0.0777      -0.1309      -0.0626      -0.1409       0.1361
                  0.7052       0.1396      -0.3232       0.1571      -0.6401
   1     60       0.0774      -0.1312      -0.0629      -0.1412       0.1357
                  0.7050       0.1394      -0.3235       0.1569      -0.6404
   1     80       0.0747      -0.1339      -0.0660      -0.1442       0.1328
                  0.7032       0.1366      -0.3265       0.1543      -0.6434
   1    100       0.0640      -0.1446      -0.0778      -0.1556       0.1215
                  0.6951       0.1257      -0.3381       0.1440      -0.6548
   2      0       0.0636      -0.1357      -0.0589      -0.1432       0.1303
                  0.6882       0.1247      -0.3195       0.1467      -0.6364
   3      0       0.0638      -0.1380      -0.0559      -0.1406       0.1307
                  0.6771       0.1243      -0.3162       0.1496      -0.6342
   4      0       0.0537      -0.1351      -0.0543      -0.1406       0.1271
                  0.6756       0.1233      -0.3139       0.1385      -0.6286
   5      0       0.0620      -0.1387      -0.0550      -0.1371       0.1319
                  0.6675       0.1221      -0.3113       0.1481      -0.6296
   5     60       0.0615      -0.1392      -0.0554      -0.1375       0.1314
                  0.6673       0.1217      -0.3118       0.1477      -0.6301
   5     80       0.0578      -0.1430      -0.0594      -0.1414       0.1275
                  0.6644       0.1180      -0.3156       0.1442      -0.6339
   5    100       0.0473      -0.1535      -0.0705      -0.1522       0.1167
                  0.6559       0.1073      -0.3263       0.1344      -0.6446
 
 group  inft   Estimated free energy: 2-th solvent contribution (kcal/mol)
   1      0      -1.3552      -1.3435      -1.1146      -1.2254      -1.4788
                 -1.5730      -1.3271      -1.0835      -1.8356      -1.2653
   1     60      -1.3562      -1.3445      -1.1156      -1.2264      -1.4798
                 -1.5740      -1.3280      -1.0845      -1.8366      -1.2662
   1     80      -1.3634      -1.3518      -1.1227      -1.2335      -1.4869
                 -1.5813      -1.3351      -1.0917      -1.8439      -1.2734
   1    100      -1.3864      -1.3745      -1.1452      -1.2561      -1.5095
                 -1.6043      -1.3578      -1.1143      -1.8671      -1.2961
   2      0      -1.3420      -1.3343      -1.1056      -1.2148      -1.4702
                 -1.5673      -1.3200      -1.0760      -1.8259      -1.2583
   3      0      -1.3408      -1.3331      -1.0995      -1.2117      -1.4684
                 -1.5661      -1.3159      -1.0705      -1.8252      -1.2554
   4      0      -1.3345      -1.3316      -1.1003      -1.2070      -1.4595
                 -1.5655      -1.3126      -1.0728      -1.8205      -1.2605
   5      0      -1.3316      -1.3298      -1.0943      -1.2080      -1.4654
                 -1.5668      -1.3104      -1.0700      -1.8189      -1.2555
   5     60      -1.3330      -1.3312      -1.0956      -1.2094      -1.4667
                 -1.5682      -1.3117      -1.0714      -1.8202      -1.2569
   5     80      -1.3418      -1.3400      -1.1044      -1.2181      -1.4754
                 -1.5771      -1.3204      -1.0802      -1.8292      -1.2656
   5    100      -1.3628      -1.3608      -1.1249      -1.2387      -1.4961
                 -1.5981      -1.3413      -1.1010      -1.8503      -1.2864
 
 group  inft   Estimated free energy: 3-th solvent contribution (kcal/mol)
   1      0      -2.6913      -2.5653      -2.7624      -2.6846      -2.6879
                 -2.9452      -2.7182      -2.6401      -2.4804      -2.0171
   1     60      -2.7296      -2.6035      -2.8007      -2.7226      -2.7260
                 -2.9832      -2.7563      -2.6783      -2.5186      -2.0552
   1     80      -3.0152      -2.8878      -3.0850      -3.0058      -3.0093
                 -3.2666      -3.0401      -2.9622      -2.8026      -2.3385
   1    100      -3.9344      -3.8035      -4.0000      -3.9182      -3.9224
                 -4.1797      -3.9547      -3.8756      -3.7157      -3.2495
   2      0      -2.6974      -2.5706      -2.7655      -2.6870      -2.6906
                 -2.9480      -2.7234      -2.6440      -2.4833      -2.0226
   3      0      -2.6981      -2.5697      -2.7660      -2.6876      -2.6916
                 -2.9490      -2.7246      -2.6437      -2.4844      -2.0191
   4      0      -2.7005      -2.5774      -2.7640      -2.6887      -2.6990
                 -2.9514      -2.7291      -2.6484      -2.4854      -2.0239
   5      0      -2.6893      -2.5711      -2.7606      -2.6821      -2.6942
                 -2.9470      -2.7189      -2.6365      -2.4819      -2.0160
   5     60      -2.7409      -2.6224      -2.8120      -2.7332      -2.7454
                 -2.9981      -2.7702      -2.6878      -2.5332      -2.0672
   5     80      -3.0905      -2.9705      -3.1601      -3.0800      -3.0924
                 -3.3452      -3.1177      -3.0354      -2.8810      -2.4141
   5    100      -3.9325      -3.8090      -3.9979      -3.9156      -3.9289
                 -4.1816      -3.9553      -3.8721      -3.7173      -3.2485
 
 
 cumulative average & 95% error for solvation free energy
              total             1st component         2nd component         3rd component
  1    -3.9752                0.0638               -1.3408               -2.6981
  2    -4.0080     0.0656    -0.0371     0.2018    -1.3369     0.0078    -2.6339     0.1284
  3    -3.9791     0.0690    -0.0434     0.1172    -1.2578     0.1583    -2.6779     0.1151
  4    -3.9943     0.0575    -0.0677     0.0961    -1.2463     0.1143    -2.6804     0.0816
  5    -4.0013     0.0467    -0.0280     0.1088    -1.2907     0.1254    -2.6826     0.0633
  6    -3.9741     0.0665     0.0895     0.2513    -1.3366     0.1375    -2.7270     0.1027
  7    -3.9658     0.0586     0.0945     0.2126    -1.3336     0.1164    -2.7267     0.0868
  8    -3.9739     0.0532     0.0432     0.2108    -1.3007     0.1204    -2.7163     0.0780
  9    -3.9946     0.0626     0.0550     0.1874    -1.3590     0.1576    -2.6905     0.0860
 10    -3.9860     0.0585    -0.0139     0.2170    -1.3487     0.1425    -2.6234     0.1547
