 ERmod 0.3.7, Copyright (C) 2000-2019 Nobuyuki Matubayasi
                            2010-2019 Shun Sakuraba
 ERmod comes with ABSOLUTELY NO WARRANTY.
 This is free software, and you can redistribute it
 and/or modify it under certain conditions.
 See LICENSE file for details.
 ERmod 0.3.7, Copyright (C) 2000-2019 Nobuyuki Matubayasi
                            2010-2019 Shun Sakuraba
 ERmod comes with ABSOLUTELY NO WARRANTY.
 This is free software, and you can redistribute it
 and/or modify it under certain conditions.
 See LICENSE file for details.
 
  Number of the   1-th solvent  =           90
  Number of the   2-th solvent  =           90
  Number of the   3-th solvent  =        10000
 
  Be sure that the solvent distribution is homogeneous (radial distribution function is essentially unity) when the solvent molecule is separated beyond distance of   10.0 Angstrom in any direction from any atom within the solute molecule
 
  LJ long-range correction    =        -0.0009     -0.0141     -0.5643
 
  Self-energy of the solute   =         0.0000  kcal/mol
 
 
 cumulative average & 95% error for solvation energy
              total             1st component         2nd component         3rd component
  1   -13.8167                0.2034               -0.3979              -13.6223
  2   -13.8259     0.0184     0.1969     0.0132    -0.4092     0.0226   -13.6136     0.0174
  3   -13.8246     0.0109     0.1947     0.0087    -0.4227     0.0300   -13.5967     0.0354
  4   -13.8210     0.0106     0.1950     0.0062    -0.4139     0.0277   -13.6022     0.0273
  5   -13.7953     0.0519     0.1966     0.0058    -0.3948     0.0437   -13.5972     0.0234
  6   -13.7777     0.0551     0.1968     0.0047    -0.3879     0.0383   -13.5866     0.0285
  7   -13.7790     0.0467     0.1979     0.0046    -0.3937     0.0344   -13.5832     0.0250
  8   -13.7709     0.0435     0.1988     0.0043    -0.3819     0.0380   -13.5878     0.0235
  9   -13.7660     0.0397     0.1991     0.0039    -0.3781     0.0344   -13.5871     0.0208
 10   -13.7668     0.0355     0.1990     0.0035    -0.3804     0.0311   -13.5854     0.0189
 
 
 group  inft  solvation free energy     error          difference
  total solvation free energy
   1      0          3.53887           0.02836           0.01721
   1     60          3.52695           0.02841           0.00529
   1     80          3.40866           0.02899          -0.11300
   1    100          2.90260           0.03143          -0.61907
   2      0          3.52305           0.02876           0.00139
   3      0          3.52166           0.02938           0.00000
   4      0          3.49506           0.02899          -0.02661
   5      0          3.55569           0.02759           0.03403
   5     60          3.53901           0.02766           0.01735
   5     80          3.38526           0.02838          -0.13640
   5    100          2.90856           0.03058          -0.61310
 
  contribution from  1-th solvent component
   1      0          0.17534           0.00391           0.00271
   1     60          0.17565           0.00392           0.00301
   1     80          0.17856           0.00402           0.00592
   1    100          0.18772           0.00443           0.01509
   2      0          0.17336           0.00329           0.00072
   3      0          0.17264           0.00330           0.00000
   4      0          0.17177           0.00325          -0.00086
   5      0          0.17134           0.00323          -0.00129
   5     60          0.17177           0.00324          -0.00087
   5     80          0.17541           0.00338           0.00277
   5    100          0.18369           0.00379           0.01105
 
  contribution from  2-th solvent component
   1      0         -0.20531           0.02265           0.00220
   1     60         -0.20532           0.02270           0.00219
   1     80         -0.20561           0.02316           0.00190
   1    100         -0.20759           0.02498          -0.00008
   2      0         -0.20702           0.02237           0.00049
   3      0         -0.20751           0.02246           0.00000
   4      0         -0.20835           0.02215          -0.00085
   5      0         -0.20818           0.02219          -0.00068
   5     60         -0.20822           0.02226          -0.00071
   5     80         -0.20876           0.02282          -0.00125
   5    100         -0.21093           0.02439          -0.00342
 
  contribution from  3-th solvent component
   1      0          3.56879           0.01670           0.01230
   1     60          3.55658           0.01672           0.00008
   1     80          3.43567           0.01693          -0.12082
   1    100          2.92242           0.01794          -0.63407
   2      0          3.55667           0.01757           0.00017
   3      0          3.55649           0.01769           0.00000
   4      0          3.53159           0.01744          -0.02490
   5      0          3.59249           0.01740           0.03599
   5     60          3.57542           0.01742           0.01893
   5     80          3.41857           0.01767          -0.13792
   5    100          2.93576           0.01857          -0.62074
 
 
 group  inft   Estimated free energy: total (kcal/mol)
   1      0       3.4908       3.4888       3.5166       3.4914       3.5991
                  3.5812       3.5164       3.6031       3.5607       3.5406
   1     60       3.4789       3.4768       3.5046       3.4794       3.5873
                  3.5692       3.5044       3.5914       3.5488       3.5287
   1     80       3.3600       3.3573       3.3858       3.3602       3.4701
                  3.4511       3.3858       3.4754       3.4307       3.4102
   1    100       2.8508       2.8463       2.8773       2.8509       2.9687
                  2.9462       2.8786       2.9782       2.9252       2.9038
   2      0       3.4662       3.4738       3.5030       3.4790       3.5802
                  3.5692       3.4983       3.5860       3.5486       3.5261
   3      0       3.4620       3.4727       3.5019       3.4779       3.5797
                  3.5694       3.4963       3.5861       3.5482       3.5223
   4      0       3.4366       3.4483       3.4746       3.4502       3.5521
                  3.5440       3.4709       3.5584       3.5203       3.4951
   5      0       3.5030       3.5081       3.5392       3.5108       3.6154
                  3.6021       3.5322       3.6117       3.5751       3.5593
   5     60       3.4863       3.4913       3.5224       3.4940       3.5989
                  3.5855       3.5154       3.5953       3.5584       3.5426
   5     80       3.3316       3.3360       3.3679       3.3392       3.4465
                  3.4319       3.3613       3.4444       3.4050       3.3887
   5    100       2.8517       2.8546       2.8886       2.8598       2.9736
                  2.9564       2.8837       2.9758       2.9295       2.9119
 
 group  inft   Estimated free energy: 1-th solvent contribution (kcal/mol)
   1      0       0.1819       0.1684       0.1727       0.1688       0.1812
                  0.1716       0.1810       0.1804       0.1805       0.1669
   1     60       0.1822       0.1687       0.1730       0.1691       0.1815
                  0.1719       0.1813       0.1807       0.1809       0.1672
   1     80       0.1853       0.1713       0.1757       0.1720       0.1846
                  0.1747       0.1843       0.1838       0.1840       0.1699
   1    100       0.1951       0.1796       0.1841       0.1810       0.1943
                  0.1835       0.1938       0.1936       0.1939       0.1782
   2      0       0.1777       0.1677       0.1718       0.1678       0.1789
                  0.1696       0.1789       0.1774       0.1776       0.1663
   3      0       0.1766       0.1670       0.1712       0.1663       0.1788
                  0.1693       0.1781       0.1762       0.1770       0.1659
   4      0       0.1750       0.1664       0.1711       0.1651       0.1782
                  0.1684       0.1774       0.1755       0.1754       0.1653
   5      0       0.1751       0.1662       0.1699       0.1648       0.1779
                  0.1680       0.1767       0.1750       0.1748       0.1650
   5     60       0.1755       0.1666       0.1703       0.1652       0.1783
                  0.1684       0.1772       0.1755       0.1753       0.1654
   5     80       0.1793       0.1699       0.1737       0.1687       0.1822
                  0.1720       0.1810       0.1794       0.1792       0.1688
   5    100       0.1882       0.1773       0.1812       0.1767       0.1912
                  0.1799       0.1897       0.1883       0.1883       0.1762
 
 group  inft   Estimated free energy: 2-th solvent contribution (kcal/mol)
   1      0      -0.2189      -0.2310      -0.2468      -0.2134      -0.1663
                 -0.1978      -0.2369      -0.1284      -0.1923      -0.2211
   1     60      -0.2189      -0.2311      -0.2469      -0.2135      -0.1663
                 -0.1979      -0.2370      -0.1282      -0.1923      -0.2212
   1     80      -0.2195      -0.2318      -0.2476      -0.2141      -0.1659
                 -0.1984      -0.2377      -0.1264      -0.1927      -0.2219
   1    100      -0.2227      -0.2355      -0.2513      -0.2174      -0.1653
                 -0.2014      -0.2414      -0.1205      -0.1951      -0.2253
   2      0      -0.2210      -0.2329      -0.2480      -0.2145      -0.1680
                 -0.1993      -0.2385      -0.1315      -0.1942      -0.2224
   3      0      -0.2217      -0.2330      -0.2490      -0.2149      -0.1687
                 -0.1993      -0.2390      -0.1316      -0.1948      -0.2230
   4      0      -0.2221      -0.2335      -0.2493      -0.2157      -0.1697
                 -0.2003      -0.2396      -0.1338      -0.1958      -0.2237
   5      0      -0.2219      -0.2337      -0.2495      -0.2157      -0.1687
                 -0.2000      -0.2388      -0.1338      -0.1961      -0.2237
   5     60      -0.2219      -0.2338      -0.2496      -0.2158      -0.1686
                 -0.2000      -0.2389      -0.1336      -0.1961      -0.2238
   5     80      -0.2229      -0.2349      -0.2507      -0.2168      -0.1683
                 -0.2009      -0.2399      -0.1317      -0.1968      -0.2248
   5    100      -0.2262      -0.2386      -0.2544      -0.2200      -0.1682
                 -0.2039      -0.2436      -0.1270      -0.1992      -0.2282
 
 group  inft   Estimated free energy: 3-th solvent contribution (kcal/mol)
   1      0       3.5278       3.5514       3.5906       3.5359       3.5842
                  3.6074       3.5723       3.5511       3.5724       3.5948
   1     60       3.5156       3.5392       3.5784       3.5237       3.5720
                  3.5952       3.5601       3.5389       3.5602       3.5826
   1     80       3.3942       3.4178       3.4577       3.4023       3.4514
                  3.4747       3.4391       3.4180       3.4394       3.4621
   1    100       2.8783       2.9022       2.9445       2.8873       2.9396
                  2.9640       2.9261       2.9050       2.9264       2.9508
   2      0       3.5095       3.5390       3.5791       3.5256       3.5694
                  3.5988       3.5579       3.5400       3.5652       3.5821
   3      0       3.5071       3.5386       3.5797       3.5265       3.5695
                  3.5994       3.5571       3.5415       3.5661       3.5793
   4      0       3.4837       3.5153       3.5529       3.5008       3.5436
                  3.5758       3.5331       3.5167       3.5407       3.5534
   5      0       3.5498       3.5756       3.6187       3.5617       3.6062
                  3.6341       3.5942       3.5705       3.5962       3.6179
   5     60       3.5327       3.5585       3.6016       3.5446       3.5891
                  3.6170       3.5771       3.5534       3.5792       3.6009
   5     80       3.3751       3.4010       3.4448       3.3872       3.4325
                  3.4608       3.4202       3.3967       3.4225       3.4447
   5    100       2.8895       2.9159       2.9618       2.9031       2.9506
                  2.9804       2.9376       2.9145       2.9403       2.9639
 
 
 cumulative average & 95% error for solvation free energy
              total             1st component         2nd component         3rd component
  1     3.4620                0.1766               -0.2217                3.5071
  2     3.4674     0.0107     0.1718     0.0096    -0.2274     0.0112     3.5229     0.0315
  3     3.4789     0.0238     0.1716     0.0055    -0.2346     0.0158     3.5418     0.0420
  4     3.4786     0.0169     0.1703     0.0047    -0.2297     0.0149     3.5380     0.0307
  5     3.4989     0.0425     0.1720     0.0050    -0.2175     0.0270     3.5443     0.0269
  6     3.5106     0.0419     0.1715     0.0042    -0.2144     0.0229     3.5535     0.0286
  7     3.5086     0.0357     0.1725     0.0040    -0.2179     0.0205     3.5540     0.0242
  8     3.5183     0.0365     0.1729     0.0036    -0.2072     0.0280     3.5524     0.0212
  9     3.5216     0.0328     0.1734     0.0033    -0.2058     0.0248     3.5540     0.0190
 10     3.5217     0.0294     0.1726     0.0033    -0.2075     0.0225     3.5565     0.0177
