 ERmod 0.3.7, Copyright (C) 2000-2019 Nobuyuki Matubayasi
                            2010-2019 Shun Sakuraba
 ERmod comes with ABSOLUTELY NO WARRANTY.
 This is free software, and you can redistribute it
 and/or modify it under certain conditions.
 See LICENSE file for details.
 ERmod 0.3.7, Copyright (C) 2000-2019 Nobuyuki Matubayasi
                            2010-2019 Shun Sakuraba
 ERmod comes with ABSOLUTELY NO WARRANTY.
 This is free software, and you can redistribute it
 and/or modify it under certain conditions.
 See LICENSE file for details.
 
  Number of the   1-th solvent  =          180
  Number of the   2-th solvent  =          180
  Number of the   3-th solvent  =        10000
 
  Be sure that the solvent distribution is homogeneous (radial distribution function is essentially unity) when the solvent molecule is separated beyond distance of   10.0 Angstrom in any direction from any atom within the solute molecule
 
  LJ long-range correction    =        -0.0058     -0.0415     -0.3931
 
  Self-energy of the solute   =        -0.0000  kcal/mol
 
 
 cumulative average & 95% error for solvation energy
              total             1st component         2nd component         3rd component
  1   -23.7826               -2.0753               -2.2902              -19.4171
  2   -23.6260     0.3133    -1.3223     1.5060    -1.8441     0.8922   -20.4596     2.0849
  3   -23.6248     0.1809    -1.3514     0.8714    -1.7390     0.5564   -20.5344     1.2130
  4   -23.6136     0.1299    -1.1809     0.7042    -2.0122     0.6733   -20.4204     0.8875
  5   -23.6091     0.1010    -1.0854     0.5779    -1.9754     0.5267   -20.5482     0.7335
  6   -23.5985     0.0851    -1.1683     0.5001    -1.9863     0.4306   -20.4439     0.6342
  7   -23.6116     0.0766    -1.2135     0.4323    -1.9616     0.3673   -20.4364     0.5362
  8   -23.6156     0.0668    -1.1914     0.3770    -2.0357     0.3510   -20.3884     0.4742
  9   -23.6161     0.0589    -1.1044     0.3753    -1.9751     0.3325   -20.5366     0.5126
 10   -23.6247     0.0554    -1.1025     0.3357    -1.9630     0.2983   -20.5592     0.4607
 
 
 group  inft  solvation free energy     error          difference
  total solvation free energy
   1      0         -4.56580           0.10605          -0.00224
   1     60         -4.59586           0.10601          -0.03230
   1     80         -4.79792           0.10578          -0.23436
   1    100         -5.40617           0.10525          -0.84261
   2      0         -4.56357           0.10350          -0.00001
   3      0         -4.56356           0.10237           0.00000
   4      0         -4.56116           0.10261           0.00240
   5      0         -4.55872           0.09972           0.00484
   5     60         -4.59881           0.09966          -0.03525
   5     80         -4.84336           0.09937          -0.27980
   5    100         -5.39960           0.09883          -0.83604
 
  contribution from  1-th solvent component
   1      0         -0.30379           0.18396           0.00063
   1     60         -0.30404           0.18397           0.00038
   1     80         -0.30602           0.18403          -0.00160
   1    100         -0.31287           0.18418          -0.00845
   2      0         -0.30478           0.18144          -0.00036
   3      0         -0.30442           0.18140           0.00000
   4      0         -0.30394           0.18090           0.00048
   5      0         -0.30201           0.17902           0.00241
   5     60         -0.30238           0.17903           0.00204
   5     80         -0.30501           0.17907          -0.00059
   5    100         -0.31166           0.17914          -0.00724
 
  contribution from  2-th solvent component
   1      0         -1.11143           0.15949          -0.00839
   1     60         -1.11225           0.15949          -0.00921
   1     80         -1.11753           0.15950          -0.01449
   1    100         -1.13306           0.15951          -0.03002
   2      0         -1.10510           0.15874          -0.00206
   3      0         -1.10304           0.15787           0.00000
   4      0         -1.10129           0.15747           0.00175
   5      0         -1.09855           0.15745           0.00449
   5     60         -1.09963           0.15745           0.00341
   5     80         -1.10604           0.15744          -0.00300
   5    100         -1.12022           0.15743          -0.01718
 
  contribution from  3-th solvent component
   1      0         -3.15053           0.21017           0.00552
   1     60         -3.17952           0.21026          -0.02347
   1     80         -3.37432           0.21075          -0.21827
   1    100         -3.96019           0.21188          -0.80414
   2      0         -3.15365           0.20996           0.00240
   3      0         -3.15605           0.21004           0.00000
   4      0         -3.15588           0.20909           0.00017
   5      0         -3.15811           0.20884          -0.00206
   5     60         -3.19675           0.20895          -0.04070
   5     80         -3.43226           0.20950          -0.27621
   5    100         -3.96768           0.21051          -0.81163
 
 
 group  inft   Estimated free energy: total (kcal/mol)
   1      0      -4.9386      -4.4044      -4.4608      -4.4111      -4.4393
                 -4.7193      -4.6602      -4.5693      -4.4986      -4.5565
   1     60      -4.9685      -4.4346      -4.4909      -4.4410      -4.4695
                 -4.7492      -4.6902      -4.5992      -4.5288      -4.5866
   1     80      -5.1700      -4.6374      -4.6934      -4.6422      -4.6723
                 -4.9506      -4.8920      -4.8006      -4.7321      -4.7887
   1    100      -5.7769      -5.2480      -5.3023      -5.2484      -5.2825
                 -5.5578      -5.4997      -5.4070      -5.3429      -5.3963
   2      0      -4.9286      -4.4116      -4.4559      -4.4092      -4.4364
                 -4.7088      -4.6579      -4.5662      -4.5096      -4.5516
   3      0      -4.9284      -4.4147      -4.4596      -4.4110      -4.4375
                 -4.6984      -4.6610      -4.5592      -4.5110      -4.5548
   4      0      -4.9258      -4.4137      -4.4538      -4.4105      -4.4288
                 -4.6981      -4.6548      -4.5662      -4.5088      -4.5511
   5      0      -4.9143      -4.4145      -4.4559      -4.4173      -4.4320
                 -4.6936      -4.6474      -4.5624      -4.4971      -4.5528
   5     60      -4.9542      -4.4548      -4.4960      -4.4572      -4.4722
                 -4.7334      -4.6874      -4.6023      -4.5375      -4.5929
   5     80      -5.1980      -4.7003      -4.7409      -4.7008      -4.7176
                 -4.9770      -4.9318      -4.8461      -4.7835      -4.8375
   5    100      -5.7527      -5.2590      -5.2976      -5.2552      -5.2755
                 -5.5320      -5.4879      -5.4005      -5.3423      -5.3933
 
 group  inft   Estimated free energy: 1-th solvent contribution (kcal/mol)
   1      0      -0.8465      -0.0451      -0.3977      -0.0230      -0.0720
                 -0.5647      -0.5410      -0.3079       0.0626      -0.3027
   1     60      -0.8467      -0.0454      -0.3980      -0.0232      -0.0722
                 -0.5650      -0.5412      -0.3082       0.0624      -0.3029
   1     80      -0.8488      -0.0470      -0.4001      -0.0251      -0.0742
                 -0.5671      -0.5432      -0.3102       0.0606      -0.3050
   1    100      -0.8558      -0.0532      -0.4072      -0.0317      -0.0811
                 -0.5743      -0.5502      -0.3174       0.0542      -0.3119
   2      0      -0.8402      -0.0487      -0.3944      -0.0224      -0.0742
                 -0.5614      -0.5441      -0.3067       0.0479      -0.3035
   3      0      -0.8394      -0.0489      -0.3954      -0.0223      -0.0741
                 -0.5589      -0.5474      -0.3019       0.0479      -0.3036
   4      0      -0.8388      -0.0462      -0.3896      -0.0223      -0.0712
                 -0.5607      -0.5420      -0.3067       0.0431      -0.3050
   5      0      -0.8285      -0.0468      -0.3923      -0.0249      -0.0764
                 -0.5560      -0.5330      -0.3087       0.0516      -0.3051
   5     60      -0.8289      -0.0472      -0.3927      -0.0252      -0.0768
                 -0.5564      -0.5333      -0.3091       0.0513      -0.3054
   5     80      -0.8316      -0.0496      -0.3955      -0.0278      -0.0795
                 -0.5591      -0.5360      -0.3118       0.0487      -0.3081
   5    100      -0.8381      -0.0558      -0.4023      -0.0341      -0.0862
                 -0.5658      -0.5429      -0.3187       0.0423      -0.3148
 
 group  inft   Estimated free energy: 2-th solvent contribution (kcal/mol)
   1      0      -1.4686      -0.7673      -0.8858      -1.4459      -0.9973
                 -1.2674      -1.0410      -1.3466      -0.8698      -1.0246
   1     60      -1.4695      -0.7681      -0.8866      -1.4467      -0.9982
                 -1.2682      -1.0418      -1.3474      -0.8706      -1.0254
   1     80      -1.4748      -0.7734      -0.8919      -1.4520      -1.0035
                 -1.2736      -1.0469      -1.3527      -0.8759      -1.0307
   1    100      -1.4905      -0.7889      -0.9075      -1.4677      -1.0191
                 -1.2891      -1.0621      -1.3680      -0.8916      -1.0461
   2      0      -1.4625      -0.7667      -0.8820      -1.4402      -0.9885
                 -1.2565      -1.0329      -1.3406      -0.8653      -1.0158
   3      0      -1.4600      -0.7676      -0.8817      -1.4378      -0.9867
                 -1.2498      -1.0300      -1.3372      -0.8648      -1.0149
   4      0      -1.4559      -0.7676      -0.8848      -1.4377      -0.9828
                 -1.2463      -1.0284      -1.3361      -0.8621      -1.0113
   5      0      -1.4541      -0.7676      -0.8812      -1.4384      -0.9803
                 -1.2425      -1.0262      -1.3284      -0.8570      -1.0096
   5     60      -1.4552      -0.7687      -0.8823      -1.4395      -0.9814
                 -1.2436      -1.0273      -1.3295      -0.8581      -1.0107
   5     80      -1.4617      -0.7752      -0.8887      -1.4460      -0.9878
                 -1.2500      -1.0335      -1.3359      -0.8646      -1.0171
   5    100      -1.4760      -0.7895      -0.9029      -1.4603      -1.0021
                 -1.2641      -1.0473      -1.3499      -0.8790      -1.0313
 
 group  inft   Estimated free energy: 3-th solvent contribution (kcal/mol)
   1      0      -2.6234      -3.5919      -3.1772      -2.9422      -3.3700
                 -2.8871      -3.0782      -2.9147      -3.6913      -3.2292
   1     60      -2.6522      -3.6211      -3.2063      -2.9710      -3.3990
                 -2.9159      -3.1072      -2.9436      -3.7206      -3.2583
   1     80      -2.8463      -3.8169      -3.4013      -3.1651      -3.5945
                 -3.1098      -3.3018      -3.1377      -3.9168      -3.4530
   1    100      -3.4306      -4.4058      -3.9875      -3.7489      -4.1822
                 -3.6944      -3.8873      -3.7215      -4.5054      -4.0382
   2      0      -2.6260      -3.5961      -3.1794      -2.9466      -3.3736
                 -2.8908      -3.0808      -2.9188      -3.6921      -3.2323
   3      0      -2.6289      -3.5982      -3.1824      -2.9509      -3.3767
                 -2.8896      -3.0836      -2.9200      -3.6940      -3.2362
   4      0      -2.6311      -3.5998      -3.1794      -2.9504      -3.3747
                 -2.8910      -3.0845      -2.9234      -3.6897      -3.2348
   5      0      -2.6316      -3.6000      -3.1823      -2.9539      -3.3753
                 -2.8950      -3.0882      -2.9252      -3.6916      -3.2381
   5     60      -2.6700      -3.6388      -3.2210      -2.9924      -3.4140
                 -2.9334      -3.1268      -2.9637      -3.7306      -3.2768
   5     80      -2.9047      -3.8755      -3.4567      -3.2271      -3.6503
                 -3.1679      -3.3622      -3.1984      -3.9676      -3.5122
   5    100      -3.4386      -4.4136      -3.9924      -3.7607      -4.1872
                 -3.7020      -3.8976      -3.7319      -4.5056      -4.0471
 
 
 cumulative average & 95% error for solvation free energy
              total             1st component         2nd component         3rd component
  1    -4.9284               -0.8394               -1.4600               -2.6289
  2    -4.6716     0.5137    -0.4442     0.7905    -1.1138     0.6925    -3.1135     0.9693
  3    -4.6009     0.3285    -0.4279     0.4576    -1.0364     0.4287    -3.1365     0.5615
  4    -4.5534     0.2510    -0.3265     0.3819    -1.1368     0.3635    -3.0901     0.4077
  5    -4.5302     0.1998    -0.2760     0.3126    -1.1067     0.2879    -3.1474     0.3360
  6    -4.5583     0.1725    -0.3232     0.2721    -1.1306     0.2399    -3.1044     0.2875
  7    -4.5729     0.1487    -0.3552     0.2387    -1.1162     0.2048    -3.1015     0.2430
  8    -4.5712     0.1289    -0.3486     0.2071    -1.1438     0.1857    -3.0788     0.2153
  9    -4.5645     0.1144    -0.3045     0.2028    -1.1128     0.1751    -3.1471     0.2340
 10    -4.5636     0.1024    -0.3044     0.1814    -1.1030     0.1579    -3.1561     0.2100
