 ERmod 0.3.7, Copyright (C) 2000-2019 Nobuyuki Matubayasi
                            2010-2019 Shun Sakuraba
 ERmod comes with ABSOLUTELY NO WARRANTY.
 This is free software, and you can redistribute it
 and/or modify it under certain conditions.
 See LICENSE file for details.
 ERmod 0.3.7, Copyright (C) 2000-2019 Nobuyuki Matubayasi
                            2010-2019 Shun Sakuraba
 ERmod comes with ABSOLUTELY NO WARRANTY.
 This is free software, and you can redistribute it
 and/or modify it under certain conditions.
 See LICENSE file for details.
 
  Number of the   1-th solvent  =          180
  Number of the   2-th solvent  =          180
  Number of the   3-th solvent  =        10000
 
  Be sure that the solvent distribution is homogeneous (radial distribution function is essentially unity) when the solvent molecule is separated beyond distance of   10.0 Angstrom in any direction from any atom within the solute molecule
 
  LJ long-range correction    =        -0.0036     -0.0034     -0.2451
 
  Self-energy of the solute   =         0.0000  kcal/mol
 
 
 cumulative average & 95% error for solvation energy
              total             1st component         2nd component         3rd component
  1    -6.7363                0.0934               -0.1607               -6.6689
  2    -6.7534     0.0344     0.0940     0.0012    -0.1628     0.0042    -6.6846     0.0314
  3    -6.7580     0.0218     0.0994     0.0107    -0.1630     0.0024    -6.6944     0.0266
  4    -6.7673     0.0242     0.0968     0.0092    -0.1655     0.0053    -6.6986     0.0206
  5    -6.7642     0.0197     0.0992     0.0086    -0.1668     0.0048    -6.6967     0.0165
  6    -6.7651     0.0162     0.1007     0.0077    -0.1655     0.0046    -6.7004     0.0154
  7    -6.7657     0.0137     0.1017     0.0068    -0.1647     0.0043    -6.7027     0.0138
  8    -6.7676     0.0125     0.0992     0.0078    -0.1663     0.0050    -6.7004     0.0128
  9    -6.7705     0.0125     0.0986     0.0070    -0.1680     0.0055    -6.7011     0.0114
 10    -6.7749     0.0143     0.0953     0.0091    -0.1691     0.0054    -6.7012     0.0102
 
 
 group  inft  solvation free energy     error          difference
  total solvation free energy
   1      0          3.00243           0.01310          -0.00361
   1     60          2.98880           0.01318          -0.01724
   1     80          2.88968           0.01383          -0.11637
   1    100          2.56400           0.01602          -0.44205
   2      0          2.99847           0.01229          -0.00757
   3      0          3.00605           0.01192           0.00000
   4      0          3.01394           0.01233           0.00790
   5      0          3.06877           0.01225           0.06272
   5     60          3.05043           0.01236           0.04438
   5     80          2.92844           0.01314          -0.07760
   5    100          2.62659           0.01515          -0.37945
 
  contribution from  1-th solvent component
   1      0          0.21276           0.00852           0.00324
   1     60          0.21280           0.00856           0.00328
   1     80          0.21310           0.00905           0.00359
   1    100          0.21302           0.01095           0.00350
   2      0          0.21051           0.00818           0.00099
   3      0          0.20952           0.00801          -0.00000
   4      0          0.20840           0.00805          -0.00112
   5      0          0.20886           0.00793          -0.00066
   5     60          0.20888           0.00798          -0.00063
   5     80          0.20891           0.00858          -0.00061
   5    100          0.20819           0.01030          -0.00133
 
  contribution from  2-th solvent component
   1      0         -0.09455           0.00946           0.00355
   1     60         -0.09406           0.00950           0.00403
   1     80         -0.09190           0.00978           0.00620
   1    100         -0.08728           0.01087           0.01082
   2      0         -0.09695           0.00902           0.00115
   3      0         -0.09810           0.00899           0.00000
   4      0         -0.09842           0.00917          -0.00032
   5      0         -0.10002           0.00902          -0.00192
   5     60         -0.09940           0.00907          -0.00131
   5     80         -0.09681           0.00944           0.00129
   5    100         -0.09269           0.01050           0.00541
 
  contribution from  3-th solvent component
   1      0          2.88421           0.01048          -0.01040
   1     60          2.87006           0.01051          -0.02455
   1     80          2.76846           0.01076          -0.12615
   1    100          2.43825           0.01158          -0.45637
   2      0          2.88490           0.01033          -0.00971
   3      0          2.89461           0.01045           0.00000
   4      0          2.90395           0.01028           0.00933
   5      0          2.95992           0.00996           0.06530
   5     60          2.94094           0.01000           0.04633
   5     80          2.81633           0.01030          -0.07828
   5    100          2.51108           0.01103          -0.38353
 
 
 group  inft   Estimated free energy: total (kcal/mol)
   1      0       3.0244       3.0190       3.0158       2.9728       2.9889
                  3.0091       3.0264       3.0098       2.9864       2.9718
   1     60       3.0109       3.0054       3.0023       2.9590       2.9753
                  2.9956       3.0129       2.9961       2.9726       2.9579
   1     80       2.9123       2.9065       2.9046       2.8585       2.8764
                  2.8975       2.9153       2.8963       2.8727       2.8567
   1    100       2.5873       2.5816       2.5834       2.5281       2.5513
                  2.5755       2.5954       2.5684       2.5448       2.5241
   2      0       3.0204       3.0129       3.0110       2.9697       2.9869
                  3.0038       3.0206       3.0056       2.9841       2.9699
   3      0       3.0287       3.0185       3.0171       2.9792       2.9939
                  3.0092       3.0279       3.0147       2.9939       2.9773
   4      0       3.0338       3.0277       3.0280       2.9851       3.0011
                  3.0190       3.0374       3.0219       3.0002       2.9854
   5      0       3.0913       3.0804       3.0791       3.0409       3.0577
                  3.0701       3.0952       3.0752       3.0587       3.0390
   5     60       3.0732       3.0621       3.0609       3.0224       3.0393
                  3.0519       3.0771       3.0567       3.0402       3.0203
   5     80       2.9519       2.9404       2.9405       2.8988       2.9176
                  2.9312       2.9571       2.9339       2.9174       2.8958
   5    100       2.6508       2.6394       2.6426       2.5926       2.6161
                  2.6327       2.6606       2.6302       2.6135       2.5876
 
 group  inft   Estimated free energy: 1-th solvent contribution (kcal/mol)
   1      0       0.2085       0.2065       0.2252       0.2045       0.2168
                  0.2307       0.2289       0.1993       0.2178       0.1893
   1     60       0.2085       0.2066       0.2253       0.2045       0.2170
                  0.2308       0.2290       0.1993       0.2178       0.1893
   1     80       0.2080       0.2065       0.2266       0.2041       0.2182
                  0.2318       0.2303       0.1988       0.2183       0.1885
   1    100       0.2048       0.2050       0.2302       0.2014       0.2212
                  0.2343       0.2340       0.1956       0.2193       0.1843
   2      0       0.2067       0.2043       0.2218       0.2023       0.2142
                  0.2277       0.2262       0.1975       0.2163       0.1882
   3      0       0.2056       0.2026       0.2209       0.2013       0.2136
                  0.2250       0.2256       0.1973       0.2157       0.1875
   4      0       0.2037       0.2016       0.2196       0.2006       0.2122
                  0.2250       0.2243       0.1958       0.2144       0.1869
   5      0       0.2037       0.2027       0.2204       0.2011       0.2140
                  0.2230       0.2248       0.1964       0.2155       0.1871
   5     60       0.2036       0.2027       0.2205       0.2011       0.2142
                  0.2231       0.2250       0.1963       0.2154       0.1869
   5     80       0.2027       0.2022       0.2217       0.2003       0.2153
                  0.2239       0.2262       0.1954       0.2158       0.1857
   5    100       0.1992       0.2002       0.2243       0.1972       0.2174
                  0.2252       0.2290       0.1919       0.2161       0.1813
 
 group  inft   Estimated free energy: 2-th solvent contribution (kcal/mol)
   1      0      -0.1041      -0.0680      -0.0864      -0.1006      -0.1083
                 -0.0956      -0.0725      -0.0972      -0.1150      -0.0978
   1     60      -0.1035      -0.0674      -0.0859      -0.1001      -0.1079
                 -0.0950      -0.0719      -0.0967      -0.1146      -0.0974
   1     80      -0.1011      -0.0645      -0.0835      -0.0981      -0.1063
                 -0.0925      -0.0691      -0.0948      -0.1133      -0.0957
   1    100      -0.0959      -0.0571      -0.0781      -0.0939      -0.1037
                 -0.0865      -0.0623      -0.0907      -0.1120      -0.0926
   2      0      -0.1068      -0.0707      -0.0895      -0.1022      -0.1102
                 -0.0990      -0.0765      -0.0995      -0.1156      -0.0996
   3      0      -0.1081      -0.0718      -0.0917      -0.1025      -0.1122
                 -0.1007      -0.0777      -0.0994      -0.1166      -0.1002
   4      0      -0.1092      -0.0715      -0.0913      -0.1031      -0.1136
                 -0.1000      -0.0781      -0.1004      -0.1167      -0.1002
   5      0      -0.1071      -0.0746      -0.0954      -0.1070      -0.1149
                 -0.1008      -0.0773      -0.1021      -0.1176      -0.1034
   5     60      -0.1064      -0.0738      -0.0948      -0.1064      -0.1143
                 -0.1001      -0.0765      -0.1016      -0.1171      -0.1029
   5     80      -0.1034      -0.0703      -0.0919      -0.1040      -0.1124
                 -0.0970      -0.0731      -0.0993      -0.1156      -0.1010
   5    100      -0.0985      -0.0635      -0.0871      -0.1005      -0.1103
                 -0.0915      -0.0668      -0.0957      -0.1146      -0.0984
 
 group  inft   Estimated free energy: 3-th solvent contribution (kcal/mol)
   1      0       2.9199       2.8804       2.8770       2.8689       2.8804
                  2.8740       2.8699       2.9077       2.8836       2.8803
   1     60       2.9059       2.8662       2.8629       2.8547       2.8663
                  2.8598       2.8557       2.8936       2.8694       2.8661
   1     80       2.8054       2.7644       2.7615       2.7525       2.7645
                  2.7582       2.7541       2.7923       2.7677       2.7639
   1    100       2.4784       2.4336       2.4313       2.4207       2.4337
                  2.4276       2.4236       2.4635       2.4375       2.4324
   2      0       2.9205       2.8793       2.8786       2.8696       2.8828
                  2.8751       2.8708       2.9076       2.8834       2.8813
   3      0       2.9312       2.8877       2.8880       2.8804       2.8925
                  2.8848       2.8800       2.9168       2.8947       2.8900
   4      0       2.9393       2.8977       2.8998       2.8876       2.9024
                  2.8940       2.8912       2.9264       2.9025       2.8986
   5      0       2.9947       2.9523       2.9541       2.9468       2.9585
                  2.9479       2.9477       2.9809       2.9609       2.9554
   5     60       2.9759       2.9333       2.9352       2.9278       2.9395
                  2.9289       2.9287       2.9620       2.9419       2.9363
   5     80       2.8526       2.8084       2.8107       2.8025       2.8147
                  2.8043       2.8040       2.8378       2.8172       2.8110
   5    100       2.5501       2.5026       2.5053       2.4959       2.5090
                  2.4990       2.4984       2.5340       2.5119       2.5047
 
 
 cumulative average & 95% error for solvation free energy
              total             1st component         2nd component         3rd component
  1     3.0287                0.2056               -0.1081                2.9312
  2     3.0236     0.0101     0.2041     0.0029    -0.0900     0.0363     2.9094     0.0435
  3     3.0214     0.0073     0.2097     0.0113    -0.0906     0.0210     2.9023     0.0289
  4     3.0109     0.0218     0.2076     0.0090    -0.0935     0.0160     2.8968     0.0232
  5     3.0075     0.0182     0.2088     0.0074    -0.0973     0.0145     2.8960     0.0180
  6     3.0078     0.0148     0.2115     0.0081    -0.0978     0.0119     2.8941     0.0152
  7     3.0106     0.0138     0.2135     0.0079    -0.0950     0.0116     2.8921     0.0135
  8     3.0112     0.0120     0.2115     0.0080    -0.0955     0.0101     2.8952     0.0132
  9     3.0092     0.0113     0.2120     0.0071    -0.0979     0.0100     2.8951     0.0116
 10     3.0060     0.0119     0.2095     0.0080    -0.0981     0.0090     2.8946     0.0105
