 
  Number of the   1-th solvent  =          180
  Number of the   2-th solvent  =          180
  Number of the   3-th solvent  =        10000
 
  Be sure that the solvent distribution is homogeneous (radial distribution function is essentially unity) when the solvent molecule is separated beyond distance of   10.0 Angstrom in any direction from any atom within the solute molecule
 
  LJ long-range correction    =        -0.0007     -0.0332     -0.6650
 
  Self-energy of the solute   =         0.0001  kcal/mol
 
 
 cumulative average & 95% error for solvation energy
              total             1st component         2nd component         3rd component
  1   -15.8960                0.5179               -0.7221              -15.6918
  2   -16.0203     0.2485     0.5127     0.0105    -0.8356     0.2270   -15.6974     0.0111
  3   -16.0272     0.1441     0.5162     0.0093    -0.8003     0.1489   -15.7432     0.0919
  4   -16.0629     0.1245     0.5116     0.0114    -0.8271     0.1182   -15.7474     0.0655
  5   -16.0713     0.0979     0.5118     0.0088    -0.8226     0.0920   -15.7605     0.0571
  6   -16.0705     0.0799     0.5089     0.0092    -0.8331     0.0780   -15.7463     0.0546
  7   -16.0569     0.0728     0.5104     0.0084    -0.8152     0.0750   -15.7523     0.0476
  8   -16.0589     0.0631     0.5096     0.0074    -0.8186     0.0653   -15.7499     0.0415
  9   -16.0733     0.0627     0.5099     0.0066    -0.8348     0.0661   -15.7484     0.0367
 10   -16.0686     0.0569     0.5080     0.0070    -0.8286     0.0604   -15.7480     0.0329
 
 
 group  inft  solvation free energy     error          difference
  total solvation free energy
   1      0          3.89827           0.04549           0.01040
   1     60          3.88567           0.04559          -0.00220
   1     80          3.75565           0.04672          -0.13222
   1    100          3.18691           0.05184          -0.70096
   2      0          3.88819           0.04595           0.00032
   3      0          3.88787           0.04604           0.00000
   4      0          3.85974           0.04517          -0.02813
   5      0          3.91088           0.04515           0.02301
   5     60          3.89311           0.04529           0.00525
   5     80          3.72301           0.04677          -0.16486
   5    100          3.18618           0.05152          -0.70169
 
  contribution from  1-th solvent component
   1      0          0.46215           0.00901           0.00190
   1     60          0.46301           0.00901           0.00276
   1     80          0.47039           0.00905           0.01013
   1    100          0.49246           0.00927           0.03221
   2      0          0.46099           0.00908           0.00074
   3      0          0.46025           0.00934           0.00000
   4      0          0.45948           0.00916          -0.00077
   5      0          0.45892           0.00912          -0.00133
   5     60          0.46010           0.00912          -0.00015
   5     80          0.46921           0.00918           0.00896
   5    100          0.48940           0.00938           0.02915
 
  contribution from  2-th solvent component
   1      0         -0.46058           0.04301           0.00288
   1     60         -0.46059           0.04311           0.00288
   1     80         -0.46112           0.04409           0.00235
   1    100         -0.46468           0.04820          -0.00122
   2      0         -0.46278           0.04283           0.00068
   3      0         -0.46347           0.04292           0.00000
   4      0         -0.46475           0.04277          -0.00129
   5      0         -0.46486           0.04274          -0.00139
   5     60         -0.46490           0.04287          -0.00143
   5     80         -0.46586           0.04411          -0.00239
   5    100         -0.46975           0.04784          -0.00629
 
  contribution from  3-th solvent component
   1      0          3.89664           0.02217           0.00562
   1     60          3.88319           0.02219          -0.00784
   1     80          3.74633           0.02244          -0.14470
   1    100          3.15908           0.02372          -0.73195
   2      0          3.88992           0.02278          -0.00111
   3      0          3.89103           0.02306           0.00000
   4      0          3.86495           0.02290          -0.02607
   5      0          3.91675           0.02054           0.02573
   5     60          3.89785           0.02057           0.00683
   5     80          3.71959           0.02093          -0.17143
   5    100          3.16648           0.02223          -0.72455
 
 
 group  inft   Estimated free energy: total (kcal/mol)
   1      0       4.0533       3.8508       3.9463       3.8243       3.8608
                  3.9041       3.9335       3.8684       3.8097       3.9315
   1     60       4.0410       3.8381       3.9339       3.8115       3.8482
                  3.8914       3.9211       3.8557       3.7970       3.9189
   1     80       3.9146       3.7069       3.8057       3.6797       3.7173
                  3.7604       3.7931       3.7247       3.6649       3.7891
   1    100       3.3628       3.1323       3.2436       3.1035       3.1445
                  3.1877       3.2340       3.1515       3.0875       3.2218
   2      0       4.0447       3.8459       3.9383       3.8168       3.8386
                  3.8909       3.9279       3.8621       3.7988       3.9181
   3      0       4.0438       3.8475       3.9403       3.8161       3.8322
                  3.8883       3.9288       3.8649       3.8000       3.9168
   4      0       4.0121       3.8211       3.9109       3.7886       3.8059
                  3.8621       3.8995       3.8386       3.7712       3.8874
   5      0       4.0653       3.8641       3.9642       3.8448       3.8675
                  3.9109       3.9484       3.8805       3.8237       3.9394
   5     60       4.0480       3.8462       3.9466       3.8268       3.8497
                  3.8930       3.9309       3.8626       3.8057       3.9217
   5     80       3.8826       3.6746       3.7789       3.6544       3.6783
                  3.7217       3.7635       3.6913       3.6329       3.7517
   5    100       3.3613       3.1328       3.2482       3.1107       3.1372
                  3.1812       3.2355       3.1508       3.0879       3.2162
 
 group  inft   Estimated free energy: 1-th solvent contribution (kcal/mol)
   1      0       0.4741       0.4612       0.4769       0.4653       0.4622
                  0.4562       0.4424       0.4567       0.4856       0.4409
   1     60       0.4750       0.4620       0.4778       0.4661       0.4631
                  0.4570       0.4433       0.4576       0.4865       0.4418
   1     80       0.4824       0.4693       0.4853       0.4735       0.4705
                  0.4643       0.4506       0.4649       0.4940       0.4491
   1    100       0.5049       0.4908       0.5081       0.4954       0.4925
                  0.4858       0.4730       0.4865       0.5168       0.4707
   2      0       0.4736       0.4614       0.4744       0.4643       0.4604
                  0.4543       0.4404       0.4560       0.4850       0.4402
   3      0       0.4726       0.4606       0.4751       0.4638       0.4589
                  0.4534       0.4379       0.4560       0.4844       0.4397
   4      0       0.4708       0.4606       0.4736       0.4639       0.4585
                  0.4524       0.4362       0.4557       0.4831       0.4400
   5      0       0.4714       0.4602       0.4713       0.4632       0.4588
                  0.4518       0.4356       0.4548       0.4825       0.4395
   5     60       0.4726       0.4614       0.4725       0.4644       0.4600
                  0.4530       0.4368       0.4560       0.4837       0.4407
   5     80       0.4818       0.4704       0.4819       0.4734       0.4691
                  0.4620       0.4459       0.4650       0.4930       0.4496
   5    100       0.5025       0.4899       0.5030       0.4934       0.4892
                  0.4816       0.4664       0.4848       0.5138       0.4694
 
 group  inft   Estimated free energy: 2-th solvent contribution (kcal/mol)
   1      0      -0.3643      -0.5406      -0.3935      -0.5172      -0.4544
                 -0.5047      -0.3835      -0.4840      -0.5484      -0.4152
   1     60      -0.3640      -0.5407      -0.3933      -0.5173      -0.4545
                 -0.5049      -0.3833      -0.4841      -0.5486      -0.4152
   1     80      -0.3618      -0.5428      -0.3922      -0.5192      -0.4554
                 -0.5067      -0.3817      -0.4854      -0.5505      -0.4155
   1    100      -0.3534      -0.5526      -0.3894      -0.5284      -0.4602
                 -0.5159      -0.3763      -0.4922      -0.5600      -0.4184
   2      0      -0.3674      -0.5417      -0.3952      -0.5184      -0.4586
                 -0.5071      -0.3855      -0.4857      -0.5508      -0.4174
   3      0      -0.3684      -0.5422      -0.3952      -0.5195      -0.4602
                 -0.5080      -0.3849      -0.4860      -0.5514      -0.4186
   4      0      -0.3699      -0.5426      -0.3963      -0.5198      -0.4624
                 -0.5094      -0.3868      -0.4877      -0.5529      -0.4199
   5      0      -0.3680      -0.5436      -0.3976      -0.5202      -0.4601
                 -0.5084      -0.3899      -0.4887      -0.5529      -0.4193
   5     60      -0.3676      -0.5438      -0.3974      -0.5204      -0.4602
                 -0.5087      -0.3896      -0.4888      -0.5531      -0.4193
   5     80      -0.3651      -0.5467      -0.3963      -0.5231      -0.4616
                 -0.5113      -0.3879      -0.4908      -0.5559      -0.4201
   5    100      -0.3582      -0.5562      -0.3945      -0.5321      -0.4667
                 -0.5202      -0.3835      -0.4975      -0.5653      -0.4234
 
 group  inft   Estimated free energy: 3-th solvent contribution (kcal/mol)
   1      0       3.9434       3.9301       3.8628       3.8761       3.8530
                  3.9526       3.8746       3.8957       3.8725       3.9057
   1     60       3.9300       3.9167       3.8494       3.8626       3.8395
                  3.9392       3.8611       3.8822       3.8590       3.8922
   1     80       3.7939       3.7803       3.7126       3.7254       3.7022
                  3.8028       3.7242       3.7452       3.7214       3.7554
   1    100       3.2112       3.1940       3.1248       3.1365       3.1122
                  3.2177       3.1373       3.1571       3.1306       3.1694
   2      0       3.9384       3.9262       3.8591       3.8708       3.8367
                  3.9436       3.8729       3.8917       3.8645       3.8952
   3      0       3.9396       3.9290       3.8604       3.8718       3.8334
                  3.9429       3.8758       3.8948       3.8670       3.8956
   4      0       3.9111       3.9030       3.8335       3.8445       3.8098
                  3.9190       3.8500       3.8705       3.8409       3.8672
   5      0       3.9618       3.9474       3.8904       3.9017       3.8687
                  3.9674       3.9026       3.9143       3.8940       3.9192
   5     60       3.9430       3.9286       3.8715       3.8828       3.8498
                  3.9486       3.8837       3.8954       3.8750       3.9002
   5     80       3.7659       3.7509       3.6933       3.7040       3.6708
                  3.7709       3.7054       3.7171       3.6957       3.7221
   5    100       3.2170       3.1990       3.1396       3.1493       3.1146
                  3.2198       3.1526       3.1634       3.1394       3.1701
 
 
 cumulative average & 95% error for solvation free energy
              total             1st component         2nd component         3rd component
  1     4.0438                0.4726               -0.3684                3.9396
  2     3.9457     0.1963     0.4666     0.0120    -0.4553     0.1738     3.9343     0.0105
  3     3.9439     0.1134     0.4695     0.0089    -0.4353     0.1080     3.9096     0.0497
  4     3.9119     0.1025     0.4680     0.0069    -0.4564     0.0872     3.9002     0.0399
  5     3.8960     0.0856     0.4662     0.0065    -0.4571     0.0676     3.8868     0.0408
  6     3.8947     0.0699     0.4641     0.0068    -0.4656     0.0577     3.8962     0.0382
  7     3.8996     0.0599     0.4603     0.0094    -0.4541     0.0540     3.8933     0.0328
  8     3.8952     0.0526     0.4598     0.0082    -0.4581     0.0474     3.8935     0.0284
  9     3.8847     0.0510     0.4625     0.0091    -0.4685     0.0467     3.8905     0.0258
 10     3.8879     0.0460     0.4603     0.0093    -0.4635     0.0429     3.8910     0.0231
