 ERmod 0.3.7, Copyright (C) 2000-2019 Nobuyuki Matubayasi
                            2010-2019 Shun Sakuraba
 ERmod comes with ABSOLUTELY NO WARRANTY.
 This is free software, and you can redistribute it
 and/or modify it under certain conditions.
 See LICENSE file for details.
 ERmod 0.3.7, Copyright (C) 2000-2019 Nobuyuki Matubayasi
                            2010-2019 Shun Sakuraba
 ERmod comes with ABSOLUTELY NO WARRANTY.
 This is free software, and you can redistribute it
 and/or modify it under certain conditions.
 See LICENSE file for details.
 
  Number of the   1-th solvent  =           90
  Number of the   2-th solvent  =           90
  Number of the   3-th solvent  =        10000
 
  Be sure that the solvent distribution is homogeneous (radial distribution function is essentially unity) when the solvent molecule is separated beyond distance of   10.0 Angstrom in any direction from any atom within the solute molecule
 
  LJ long-range correction    =        -0.0014     -0.0101     -0.1915
 
  Self-energy of the solute   =        -0.0001  kcal/mol
 
 
 cumulative average & 95% error for solvation energy
              total             1st component         2nd component         3rd component
  1   -18.1116               -1.0943               -0.7911              -16.2261
  2   -18.0453     0.1326    -1.0113     0.1659    -0.6179     0.3465   -16.4160     0.3798
  3   -18.0534     0.0783    -0.8558     0.3254    -0.5546     0.2367   -16.6429     0.5040
  4   -18.0463     0.0571    -0.8028     0.2534    -0.6617     0.2718   -16.5818     0.3768
  5   -18.0889     0.0959    -0.9210     0.3073    -0.6704     0.2113   -16.4973     0.3372
  6   -18.0873     0.0784    -0.9307     0.2516    -0.7062     0.1868   -16.4503     0.2909
  7   -18.0854     0.0663    -0.8808     0.2349    -0.6880     0.1620   -16.5164     0.2791
  8   -18.0872     0.0576    -0.8190     0.2380    -0.7371     0.1712   -16.5310     0.2435
  9   -18.0810     0.0523    -0.8118     0.2104    -0.7580     0.1567   -16.5110     0.2184
 10   -18.0819     0.0468    -0.7734     0.2033    -0.7620     0.1403   -16.5464     0.2078
 
 
 group  inft  solvation free energy     error          difference
  total solvation free energy
   1      0         -4.61938           0.03757          -0.00614
   1     60         -4.64718           0.03758          -0.03394
   1     80         -4.79899           0.03766          -0.18575
   1    100         -5.20099           0.03792          -0.58775
   2      0         -4.61439           0.03644          -0.00115
   3      0         -4.61324           0.03531           0.00000
   4      0         -4.60464           0.03717           0.00860
   5      0         -4.60770           0.03507           0.00554
   5     60         -4.64395           0.03508          -0.03071
   5     80         -4.82449           0.03518          -0.21125
   5    100         -5.18992           0.03539          -0.57668
 
  contribution from  1-th solvent component
   1      0         -0.30502           0.10176           0.00107
   1     60         -0.30512           0.10177           0.00098
   1     80         -0.30569           0.10181           0.00041
   1    100         -0.30741           0.10194          -0.00132
   2      0         -0.30687           0.09947          -0.00078
   3      0         -0.30609           0.09822          -0.00000
   4      0         -0.30621           0.09756          -0.00012
   5      0         -0.30454           0.09772           0.00155
   5     60         -0.30469           0.09773           0.00140
   5     80         -0.30554           0.09774           0.00055
   5    100         -0.30743           0.09778          -0.00133
 
  contribution from  2-th solvent component
   1      0         -0.43221           0.08115          -0.00915
   1     60         -0.43265           0.08116          -0.00959
   1     80         -0.43497           0.08121          -0.01191
   1    100         -0.44084           0.08130          -0.01778
   2      0         -0.42530           0.07969          -0.00224
   3      0         -0.42306           0.07931          -0.00000
   4      0         -0.42084           0.07953           0.00222
   5      0         -0.41962           0.07957           0.00344
   5     60         -0.42021           0.07958           0.00286
   5     80         -0.42300           0.07961           0.00006
   5    100         -0.42837           0.07965          -0.00530
 
  contribution from  3-th solvent component
   1      0         -3.88207           0.10095           0.00194
   1     60         -3.90933           0.10100          -0.02532
   1     80         -4.05825           0.10118          -0.17424
   1    100         -4.45266           0.10160          -0.56866
   2      0         -3.88214           0.10069           0.00187
   3      0         -3.88401           0.10055           0.00000
   4      0         -3.87751           0.10048           0.00650
   5      0         -3.88346           0.10061           0.00055
   5     60         -3.91897           0.10066          -0.03496
   5     80         -4.09587           0.10087          -0.21186
   5    100         -4.45405           0.10125          -0.57004
 
 
 group  inft   Estimated free energy: total (kcal/mol)
   1      0      -4.6413      -4.5467      -4.5546      -4.6371      -4.7082
                 -4.6630      -4.5514      -4.6670      -4.5638      -4.6608
   1     60      -4.6691      -4.5744      -4.5825      -4.6648      -4.7361
                 -4.6907      -4.5793      -4.6948      -4.5915      -4.6886
   1     80      -4.8204      -4.7258      -4.7347      -4.8162      -4.8885
                 -4.8424      -4.7313      -4.8469      -4.7429      -4.8409
   1    100      -5.2210      -5.1266      -5.1375      -5.2178      -5.2918
                 -5.2442      -5.1335      -5.2493      -5.1440      -5.2442
   2      0      -4.6335      -4.5492      -4.5652      -4.6302      -4.7017
                 -4.6589      -4.5476      -4.6644      -4.5447      -4.6485
   3      0      -4.6284      -4.5536      -4.5650      -4.6285      -4.6938
                 -4.6594      -4.5489      -4.6650      -4.5419      -4.6478
   4      0      -4.6218      -4.5403      -4.5575      -4.6211      -4.6876
                 -4.6506      -4.5346      -4.6626      -4.5297      -4.6406
   5      0      -4.6233      -4.5502      -4.5582      -4.6172      -4.6870
                 -4.6514      -4.5427      -4.6679      -4.5402      -4.6390
   5     60      -4.6595      -4.5864      -4.5947      -4.6533      -4.7234
                 -4.6876      -4.5790      -4.7042      -4.5763      -4.6753
   5     80      -4.8394      -4.7664      -4.7758      -4.8333      -4.9045
                 -4.8679      -4.7599      -4.8851      -4.7562      -4.8564
   5    100      -5.2033      -5.1310      -5.1422      -5.1983      -5.2709
                 -5.2331      -5.1258      -5.2510      -5.1206      -5.2230
 
 group  inft   Estimated free energy: 1-th solvent contribution (kcal/mol)
   1      0      -0.4802      -0.3897      -0.1638      -0.2559      -0.6130
                 -0.3951      -0.1994      -0.1232      -0.2832      -0.1467
   1     60      -0.4804      -0.3898      -0.1638      -0.2560      -0.6131
                 -0.3952      -0.1995      -0.1232      -0.2833      -0.1468
   1     80      -0.4811      -0.3903      -0.1642      -0.2566      -0.6138
                 -0.3958      -0.2000      -0.1236      -0.2840      -0.1474
   1    100      -0.4831      -0.3919      -0.1654      -0.2584      -0.6158
                 -0.3976      -0.2017      -0.1249      -0.2862      -0.1492
   2      0      -0.4814      -0.3934      -0.1777      -0.2570      -0.6059
                 -0.3954      -0.2031      -0.1285      -0.2767      -0.1496
   3      0      -0.4767      -0.3926      -0.1776      -0.2548      -0.6019
                 -0.3955      -0.2065      -0.1309      -0.2739      -0.1504
   4      0      -0.4765      -0.3912      -0.1809      -0.2560      -0.6008
                 -0.3945      -0.2015      -0.1349      -0.2738      -0.1521
   5      0      -0.4766      -0.3932      -0.1783      -0.2487      -0.5973
                 -0.3930      -0.2025      -0.1353      -0.2733      -0.1471
   5     60      -0.4768      -0.3934      -0.1784      -0.2488      -0.5975
                 -0.3932      -0.2027      -0.1354      -0.2735      -0.1473
   5     80      -0.4777      -0.3941      -0.1792      -0.2497      -0.5983
                 -0.3940      -0.2035      -0.1362      -0.2745      -0.1482
   5    100      -0.4797      -0.3959      -0.1809      -0.2516      -0.6003
                 -0.3959      -0.2054      -0.1378      -0.2766      -0.1502
 
 group  inft   Estimated free energy: 2-th solvent contribution (kcal/mol)
   1      0      -0.4508      -0.2507      -0.2489      -0.5536      -0.4096
                 -0.5321      -0.3008      -0.6157      -0.4966      -0.4634
   1     60      -0.4512      -0.2511      -0.2493      -0.5541      -0.4100
                 -0.5325      -0.3012      -0.6162      -0.4970      -0.4639
   1     80      -0.4535      -0.2533      -0.2516      -0.5565      -0.4123
                 -0.5349      -0.3035      -0.6186      -0.4994      -0.4663
   1    100      -0.4592      -0.2589      -0.2573      -0.5625      -0.4181
                 -0.5409      -0.3092      -0.6247      -0.5053      -0.4723
   2      0      -0.4407      -0.2490      -0.2477      -0.5475      -0.4093
                 -0.5269      -0.2920      -0.6059      -0.4850      -0.4488
   3      0      -0.4397      -0.2519      -0.2437      -0.5432      -0.4041
                 -0.5244      -0.2903      -0.6050      -0.4817      -0.4468
   4      0      -0.4374      -0.2478      -0.2418      -0.5423      -0.4054
                 -0.5238      -0.2867      -0.6014      -0.4786      -0.4433
   5      0      -0.4325      -0.2520      -0.2365      -0.5415      -0.4037
                 -0.5203      -0.2873      -0.6043      -0.4775      -0.4406
   5     60      -0.4331      -0.2525      -0.2371      -0.5421      -0.4043
                 -0.5209      -0.2879      -0.6049      -0.4781      -0.4412
   5     80      -0.4358      -0.2552      -0.2399      -0.5450      -0.4071
                 -0.5238      -0.2906      -0.6077      -0.4809      -0.4441
   5    100      -0.4410      -0.2605      -0.2452      -0.5504      -0.4125
                 -0.5292      -0.2959      -0.6133      -0.4862      -0.4495
 
 group  inft   Estimated free energy: 3-th solvent contribution (kcal/mol)
   1      0      -3.7103      -3.9062      -4.1418      -3.8275      -3.6855
                 -3.7357      -4.0511      -3.9280      -3.7839      -4.0506
   1     60      -3.7374      -3.9335      -4.1693      -3.8546      -3.7129
                 -3.7629      -4.0784      -3.9553      -3.8111      -4.0779
   1     80      -3.8858      -4.0821      -4.3189      -4.0030      -3.8623
                 -3.9115      -4.2277      -4.1046      -3.9594      -4.2271
   1    100      -4.2785      -4.4758      -4.7147      -4.3969      -4.2578
                 -4.3056      -4.6226      -4.4997      -4.3525      -4.6226
   2      0      -3.7113      -3.9067      -4.1396      -3.8256      -3.6864
                 -3.7365      -4.0524      -3.9299      -3.7828      -4.0500
   3      0      -3.7119      -3.9091      -4.1437      -3.8304      -3.6877
                 -3.7395      -4.0520      -3.9291      -3.7863      -4.0505
   4      0      -3.7078      -3.9013      -4.1348      -3.8227      -3.6814
                 -3.7322      -4.0464      -3.9263      -3.7772      -4.0450
   5      0      -3.7141      -3.9049      -4.1434      -3.8269      -3.6859
                 -3.7379      -4.0528      -3.9282      -3.7893      -4.0511
   5     60      -3.7495      -3.9404      -4.1791      -3.8622      -3.7216
                 -3.7734      -4.0884      -3.9638      -3.8246      -4.0867
   5     80      -3.9258      -4.1170      -4.3567      -4.0386      -3.8990
                 -3.9500      -4.2657      -4.1411      -4.0008      -4.2640
   5    100      -4.2824      -4.4745      -4.7161      -4.3963      -4.2581
                 -4.3079      -4.6244      -4.4998      -4.3577      -4.6232
 
 
 cumulative average & 95% error for solvation free energy
              total             1st component         2nd component         3rd component
  1    -4.6284               -0.4767               -0.4397               -3.7119
  2    -4.5910     0.0747    -0.4346     0.0840    -0.3458     0.1879    -3.8105     0.1972
  3    -4.5823     0.0465    -0.3490     0.1781    -0.3118     0.1281    -3.9215     0.2496
  4    -4.5939     0.0402    -0.3254     0.1344    -0.3696     0.1469    -3.8988     0.1823
  5    -4.6139     0.0506    -0.3807     0.1519    -0.3765     0.1146    -3.8565     0.1645
  6    -4.6215     0.0441    -0.3832     0.1241    -0.4012     0.1058    -3.8370     0.1399
  7    -4.6111     0.0426    -0.3579     0.1164    -0.3853     0.0949    -3.8677     0.1332
  8    -4.6178     0.0393    -0.3296     0.1157    -0.4128     0.0988    -3.8754     0.1164
  9    -4.6094     0.0385    -0.3234     0.1028    -0.4204     0.0885    -3.8655     0.1045
 10    -4.6132     0.0353    -0.3061     0.0982    -0.4231     0.0793    -3.8840     0.1006
