 ERmod 0.3.7, Copyright (C) 2000-2019 Nobuyuki Matubayasi
                            2010-2019 Shun Sakuraba
 ERmod comes with ABSOLUTELY NO WARRANTY.
 This is free software, and you can redistribute it
 and/or modify it under certain conditions.
 See LICENSE file for details.
 ERmod 0.3.7, Copyright (C) 2000-2019 Nobuyuki Matubayasi
                            2010-2019 Shun Sakuraba
 ERmod comes with ABSOLUTELY NO WARRANTY.
 This is free software, and you can redistribute it
 and/or modify it under certain conditions.
 See LICENSE file for details.
 
  Number of the   1-th solvent  =          180
  Number of the   2-th solvent  =          180
  Number of the   3-th solvent  =        10000
 
  Be sure that the solvent distribution is homogeneous (radial distribution function is essentially unity) when the solvent molecule is separated beyond distance of   10.0 Angstrom in any direction from any atom within the solute molecule
 
  LJ long-range correction    =        -0.0004     -0.0139     -0.1319
 
  Self-energy of the solute   =         0.0000  kcal/mol
 
 
 cumulative average & 95% error for solvation energy
              total             1st component         2nd component         3rd component
  1    -4.1273                0.0421               -0.3833               -3.7861
  2    -4.1142     0.0262     0.0446     0.0050    -0.3709     0.0249    -3.7879     0.0037
  3    -4.1070     0.0209     0.0443     0.0029    -0.3544     0.0360    -3.7970     0.0182
  4    -4.1045     0.0156     0.0449     0.0024    -0.3401     0.0382    -3.8093     0.0278
  5    -4.1002     0.0149     0.0453     0.0020    -0.3272     0.0393    -3.8183     0.0281
  6    -4.0982     0.0128     0.0456     0.0017    -0.3208     0.0345    -3.8229     0.0247
  7    -4.0984     0.0108     0.0456     0.0015    -0.3150     0.0314    -3.8290     0.0242
  8    -4.1049     0.0160     0.0454     0.0014    -0.3274     0.0367    -3.8229     0.0243
  9    -4.1044     0.0142     0.0456     0.0013    -0.3301     0.0328    -3.8198     0.0223
 10    -4.1017     0.0138     0.0455     0.0012    -0.3247     0.0313    -3.8225     0.0207
 
 
 group  inft  solvation free energy     error          difference
  total solvation free energy
   1      0          2.58081           0.00868           0.00793
   1     60          2.55981           0.00871          -0.01307
   1     80          2.44517           0.00899          -0.12772
   1    100          2.12710           0.00981          -0.44579
   2      0          2.58086           0.00834           0.00797
   3      0          2.57288           0.00796           0.00000
   4      0          2.63199           0.00788           0.05910
   5      0          2.59115           0.00753           0.01827
   5     60          2.56373           0.00757          -0.00915
   5     80          2.42495           0.00787          -0.14793
   5    100          2.13028           0.00861          -0.44260
 
  contribution from  1-th solvent component
   1      0          0.05595           0.00381           0.00453
   1     60          0.05645           0.00379           0.00503
   1     80          0.05929           0.00381           0.00787
   1    100          0.06516           0.00402           0.01373
   2      0          0.05451           0.00329           0.00309
   3      0          0.05142           0.00324          -0.00000
   4      0          0.05104           0.00297          -0.00038
   5      0          0.05047           0.00289          -0.00095
   5     60          0.05115           0.00287          -0.00027
   5     80          0.05427           0.00290           0.00285
   5    100          0.05912           0.00312           0.00770
 
  contribution from  2-th solvent component
   1      0         -0.05995           0.01390           0.00430
   1     60         -0.06043           0.01392           0.00381
   1     80         -0.06307           0.01405           0.00118
   1    100         -0.06960           0.01437          -0.00536
   2      0         -0.06294           0.01379           0.00130
   3      0         -0.06424           0.01396           0.00000
   4      0         -0.06602           0.01381          -0.00178
   5      0         -0.06636           0.01379          -0.00212
   5     60         -0.06703           0.01381          -0.00278
   5     80         -0.07030           0.01394          -0.00606
   5    100         -0.07653           0.01419          -0.01229
 
  contribution from  3-th solvent component
   1      0          2.58480           0.01277          -0.00090
   1     60          2.56379           0.01281          -0.02191
   1     80          2.44894           0.01302          -0.13676
   1    100          2.13153           0.01372          -0.45417
   2      0          2.58929           0.01233           0.00359
   3      0          2.58570           0.01252           0.00000
   4      0          2.64697           0.01123           0.06127
   5      0          2.60704           0.01255           0.02134
   5     60          2.57960           0.01260          -0.00610
   5     80          2.44098           0.01290          -0.14472
   5    100          2.14769           0.01356          -0.43801
 
 
 group  inft   Estimated free energy: total (kcal/mol)
   1      0       2.5652       2.6044       2.5812       2.5742       2.5925
                  2.5765       2.5707       2.5625       2.5845       2.5965
   1     60       2.5443       2.5835       2.5602       2.5531       2.5714
                  2.5554       2.5496       2.5415       2.5635       2.5757
   1     80       2.4294       2.4695       2.4450       2.4381       2.4568
                  2.4406       2.4345       2.4264       2.4492       2.4622
   1    100       2.1097       2.1539       2.1252       2.1198       2.1389
                  2.1224       2.1147       2.1078       2.1321       2.1465
   2      0       2.5658       2.6029       2.5825       2.5759       2.5921
                  2.5775       2.5696       2.5624       2.5848       2.5951
   3      0       2.5602       2.5940       2.5737       2.5665       2.5831
                  2.5696       2.5624       2.5550       2.5769       2.5875
   4      0       2.6169       2.6501       2.6331       2.6282       2.6438
                  2.6312       2.6226       2.6125       2.6350       2.6464
   5      0       2.5792       2.6120       2.5907       2.5865       2.6022
                  2.5875       2.5805       2.5756       2.5929       2.6046
   5     60       2.5518       2.5848       2.5632       2.5589       2.5747
                  2.5599       2.5530       2.5481       2.5655       2.5774
   5     80       2.4127       2.4471       2.4239       2.4198       2.4358
                  2.4210       2.4136       2.4091       2.4271       2.4394
   5    100       2.1166       2.1552       2.1278       2.1249       2.1411
                  2.1264       2.1173       2.1141       2.1335       2.1461
 
 group  inft   Estimated free energy: 1-th solvent contribution (kcal/mol)
   1      0       0.0471       0.0678       0.0603       0.0545       0.0583
                  0.0578       0.0565       0.0517       0.0572       0.0483
   1     60       0.0477       0.0682       0.0608       0.0550       0.0588
                  0.0583       0.0570       0.0522       0.0577       0.0488
   1     80       0.0504       0.0711       0.0636       0.0578       0.0617
                  0.0611       0.0599       0.0550       0.0606       0.0516
   1    100       0.0552       0.0774       0.0686       0.0642       0.0681
                  0.0674       0.0658       0.0608       0.0670       0.0571
   2      0       0.0470       0.0643       0.0595       0.0541       0.0557
                  0.0550       0.0542       0.0521       0.0562       0.0470
   3      0       0.0446       0.0603       0.0569       0.0514       0.0531
                  0.0519       0.0505       0.0492       0.0532       0.0431
   4      0       0.0450       0.0591       0.0563       0.0510       0.0525
                  0.0509       0.0500       0.0493       0.0530       0.0433
   5      0       0.0441       0.0582       0.0549       0.0512       0.0521
                  0.0507       0.0494       0.0482       0.0527       0.0432
   5     60       0.0449       0.0589       0.0557       0.0518       0.0528
                  0.0513       0.0501       0.0488       0.0533       0.0440
   5     80       0.0479       0.0620       0.0587       0.0550       0.0560
                  0.0545       0.0532       0.0519       0.0566       0.0470
   5    100       0.0516       0.0673       0.0627       0.0604       0.0614
                  0.0598       0.0580       0.0567       0.0620       0.0514
 
 group  inft   Estimated free energy: 2-th solvent contribution (kcal/mol)
   1      0      -0.0836      -0.0774      -0.0645      -0.0486      -0.0374
                 -0.0460      -0.0402      -0.0970      -0.0718      -0.0329
   1     60      -0.0841      -0.0779      -0.0650      -0.0491      -0.0379
                 -0.0465      -0.0406      -0.0975      -0.0723      -0.0333
   1     80      -0.0868      -0.0808      -0.0679      -0.0517      -0.0405
                 -0.0490      -0.0430      -0.1004      -0.0751      -0.0355
   1    100      -0.0937      -0.0879      -0.0749      -0.0583      -0.0469
                 -0.0552      -0.0488      -0.1076      -0.0819      -0.0409
   2      0      -0.0866      -0.0795      -0.0670      -0.0511      -0.0395
                 -0.0487      -0.0442      -0.0998      -0.0758      -0.0371
   3      0      -0.0884      -0.0804      -0.0682      -0.0530      -0.0413
                 -0.0500      -0.0451      -0.1019      -0.0769      -0.0372
   4      0      -0.0902      -0.0818      -0.0704      -0.0544      -0.0431
                 -0.0514      -0.0473      -0.1032      -0.0785      -0.0401
   5      0      -0.0905      -0.0819      -0.0706      -0.0551      -0.0429
                 -0.0507      -0.0480      -0.1032      -0.0797      -0.0410
   5     60      -0.0912      -0.0826      -0.0713      -0.0558      -0.0436
                 -0.0513      -0.0486      -0.1039      -0.0804      -0.0416
   5     80      -0.0946      -0.0860      -0.0748      -0.0591      -0.0468
                 -0.0544      -0.0516      -0.1074      -0.0838      -0.0444
   5    100      -0.1012      -0.0927      -0.0815      -0.0654      -0.0529
                 -0.0603      -0.0573      -0.1141      -0.0903      -0.0497
 
 group  inft   Estimated free energy: 3-th solvent contribution (kcal/mol)
   1      0       2.6017       2.6141       2.5854       2.5683       2.5715
                  2.5647       2.5543       2.6078       2.5991       2.5811
   1     60       2.5807       2.5932       2.5644       2.5472       2.5505
                  2.5436       2.5332       2.5868       2.5781       2.5601
   1     80       2.4658       2.4792       2.4493       2.4320       2.4356
                  2.4285       2.4176       2.4718       2.4636       2.4461
   1    100       2.1483       2.1644       2.1315       2.1139       2.1176
                  2.1102       2.0977       2.1545       2.1470       2.1302
   2      0       2.6053       2.6182       2.5900       2.5730       2.5759
                  2.5712       2.5597       2.6101       2.6044       2.5852
   3      0       2.6040       2.6142       2.5850       2.5682       2.5713
                  2.5676       2.5570       2.6076       2.6005       2.5816
   4      0       2.6621       2.6728       2.6472       2.6315       2.6344
                  2.6317       2.6199       2.6664       2.6605       2.6431
   5      0       2.6256       2.6356       2.6063       2.5904       2.5929
                  2.5874       2.5792       2.6306       2.6199       2.6024
   5     60       2.5981       2.6084       2.5789       2.5629       2.5655
                  2.5599       2.5516       2.6032       2.5925       2.5750
   5     80       2.4595       2.4711       2.4401       2.4239       2.4266
                  2.4209       2.4120       2.4646       2.4543       2.4368
   5    100       2.1661       2.1805       2.1465       2.1299       2.1327
                  2.1269       2.1166       2.1715       2.1618       2.1443
 
 
 cumulative average & 95% error for solvation free energy
              total             1st component         2nd component         3rd component
  1     2.5602                0.0446               -0.0884                2.6040
  2     2.5771     0.0338     0.0524     0.0156    -0.0844     0.0080     2.6091     0.0101
  3     2.5760     0.0197     0.0539     0.0095    -0.0790     0.0118     2.6011     0.0171
  4     2.5736     0.0147     0.0533     0.0068    -0.0725     0.0154     2.5928     0.0204
  5     2.5755     0.0120     0.0532     0.0053    -0.0663     0.0173     2.5885     0.0180
  6     2.5745     0.0100     0.0530     0.0043    -0.0636     0.0151     2.5850     0.0163
  7     2.5728     0.0091     0.0527     0.0037    -0.0609     0.0138     2.5810     0.0159
  8     2.5706     0.0091     0.0522     0.0034    -0.0660     0.0157     2.5844     0.0153
  9     2.5713     0.0081     0.0524     0.0030    -0.0672     0.0141     2.5862     0.0140
 10     2.5729     0.0080     0.0514     0.0032    -0.0642     0.0140     2.5857     0.0125
