 ERmod 0.3.7, Copyright (C) 2000-2019 Nobuyuki Matubayasi
                            2010-2019 Shun Sakuraba
 ERmod comes with ABSOLUTELY NO WARRANTY.
 This is free software, and you can redistribute it
 and/or modify it under certain conditions.
 See LICENSE file for details.
 ERmod 0.3.7, Copyright (C) 2000-2019 Nobuyuki Matubayasi
                            2010-2019 Shun Sakuraba
 ERmod comes with ABSOLUTELY NO WARRANTY.
 This is free software, and you can redistribute it
 and/or modify it under certain conditions.
 See LICENSE file for details.
 
  Number of the   1-th solvent  =        10000
 
  Be sure that the solvent distribution is homogeneous (radial distribution function is essentially unity) when the solvent molecule is separated beyond distance of   10.0 Angstrom in any direction from any atom within the solute molecule
 
  LJ long-range correction    =        -0.1362
 
  Self-energy of the solute   =         0.0000  kcal/mol
 
 
 cumulative average & 95% error for solvation energy
  1    -3.9664
  2    -3.9714     0.0100
  3    -3.9646     0.0146
  4    -3.9637     0.0105
  5    -3.9648     0.0084
  6    -3.9629     0.0079
  7    -3.9639     0.0069
  8    -3.9627     0.0064
  9    -3.9625     0.0057
 10    -3.9627     0.0051
 
 
 group  inft  solvation free energy     error          difference
   1      0          2.54043           0.00539          -0.00029
   1     60          2.52527           0.00542          -0.01544
   1     80          2.43500           0.00563          -0.10572
   1    100          2.16382           0.00628          -0.37689
   2      0          2.54526           0.00522           0.00455
   3      0          2.54072           0.00519           0.00000
   4      0          2.60479           0.00476           0.06407
   5      0          2.56115           0.00535           0.02043
   5     60          2.54150           0.00539           0.00078
   5     80          2.43213           0.00565          -0.10859
   5    100          2.18065           0.00627          -0.36006
 
 
 group  inft   Estimated free energy (kcal/mol)
   1      0       2.5591       2.5322       2.5324       2.5375       2.5358
                  2.5458       2.5395       2.5426       2.5471       2.5324
   1     60       2.5440       2.5170       2.5171       2.5224       2.5206
                  2.5307       2.5243       2.5274       2.5319       2.5172
   1     80       2.4547       2.4266       2.4266       2.4319       2.4302
                  2.4405       2.4340       2.4371       2.4417       2.4266
   1    100       2.1862       2.1548       2.1546       2.1605       2.1584
                  2.1699       2.1630       2.1658       2.1708       2.1543
   2      0       2.5636       2.5366       2.5376       2.5421       2.5405
                  2.5507       2.5449       2.5471       2.5510       2.5385
   3      0       2.5583       2.5321       2.5333       2.5377       2.5359
                  2.5470       2.5397       2.5422       2.5474       2.5336
   4      0       2.6214       2.5962       2.5979       2.6028       2.6006
                  2.6098       2.6043       2.6061       2.6100       2.5988
   5      0       2.5792       2.5529       2.5533       2.5587       2.5545
                  2.5693       2.5605       2.5634       2.5654       2.5542
   5     60       2.5597       2.5332       2.5336       2.5391       2.5349
                  2.5497       2.5409       2.5438       2.5458       2.5345
   5     80       2.4514       2.4236       2.4237       2.4295       2.4253
                  2.4406       2.4315       2.4343       2.4365       2.4247
   5    100       2.2023       2.1714       2.1713       2.1781       2.1733
                  2.1899       2.1802       2.1826       2.1853       2.1722
 
 
 cumulative average & 95% error for solvation free energy
  1     2.5583
  2     2.5452     0.0261
  3     2.5412     0.0170
  4     2.5403     0.0122
  5     2.5395     0.0096
  6     2.5407     0.0082
  7     2.5406     0.0070
  8     2.5408     0.0060
  9     2.5415     0.0055
 10     2.5407     0.0052
