 ERmod 0.3.7, Copyright (C) 2000-2019 Nobuyuki Matubayasi
                            2010-2019 Shun Sakuraba
 ERmod comes with ABSOLUTELY NO WARRANTY.
 This is free software, and you can redistribute it
 and/or modify it under certain conditions.
 See LICENSE file for details.
 ERmod 0.3.7, Copyright (C) 2000-2019 Nobuyuki Matubayasi
                            2010-2019 Shun Sakuraba
 ERmod comes with ABSOLUTELY NO WARRANTY.
 This is free software, and you can redistribute it
 and/or modify it under certain conditions.
 See LICENSE file for details.
 
  Number of the   1-th solvent  =          180
  Number of the   2-th solvent  =          180
  Number of the   3-th solvent  =        10000
 
  Be sure that the solvent distribution is homogeneous (radial distribution function is essentially unity) when the solvent molecule is separated beyond distance of   10.0 Angstrom in any direction from any atom within the solute molecule
 
  LJ long-range correction    =        -0.0089     -0.0632     -0.5984
 
  Self-energy of the solute   =        -0.0000  kcal/mol
 
 
 cumulative average & 95% error for solvation energy
              total             1st component         2nd component         3rd component
  1   -28.4052               -0.0289               -2.7875              -25.5888
  2   -28.4511     0.0919    -0.5261     0.9945    -2.2741     1.0267   -25.6509     0.1242
  3   -28.4979     0.1074    -0.5170     0.5745    -2.1560     0.6382   -25.8249     0.3553
  4   -28.5263     0.0949    -0.5027     0.4072    -2.1671     0.4518   -25.8564     0.2590
  5   -28.5408     0.0790    -0.6627     0.4493    -2.1811     0.3511   -25.6970     0.3767
  6   -28.5274     0.0699    -0.5732     0.4082    -2.1645     0.2886   -25.7896     0.3591
  7   -28.5135     0.0653    -0.6637     0.3895    -2.1483     0.2460   -25.7015     0.3510
  8   -28.5145     0.0566    -0.6803     0.3390    -2.1347     0.2148   -25.6994     0.3040
  9   -28.5324     0.0613    -0.6610     0.3015    -2.1452     0.1906   -25.7262     0.2734
 10   -28.5304     0.0550    -0.7123     0.2885    -2.2552     0.2783   -25.5629     0.4080
 
 
 group  inft  solvation free energy     error          difference
  total solvation free energy
   1      0         -4.30429           0.06593           0.00941
   1     60         -4.34043           0.06595          -0.02672
   1     80         -4.60547           0.06602          -0.29176
   1    100         -5.44326           0.06604          -1.12955
   2      0         -4.31073           0.06376           0.00298
   3      0         -4.31371           0.06412           0.00000
   4      0         -4.31277           0.06328           0.00094
   5      0         -4.30761           0.06207           0.00610
   5     60         -4.35624           0.06210          -0.04253
   5     80         -4.67979           0.06219          -0.36608
   5    100         -5.44725           0.06225          -1.13354
 
  contribution from  1-th solvent component
   1      0         -0.02186           0.15006           0.01546
   1     60         -0.02208           0.15007           0.01525
   1     80         -0.02437           0.15017           0.01296
   1    100         -0.03321           0.15047           0.00411
   2      0         -0.03356           0.14633           0.00376
   3      0         -0.03732           0.14478           0.00000
   4      0         -0.03866           0.14397          -0.00133
   5      0         -0.03766           0.14411          -0.00034
   5     60         -0.03802           0.14412          -0.00070
   5     80         -0.04117           0.14416          -0.00384
   5    100         -0.05008           0.14426          -0.01276
 
  contribution from  2-th solvent component
   1      0         -1.31552           0.12534          -0.00992
   1     60         -1.31644           0.12535          -0.01084
   1     80         -1.32307           0.12536          -0.01748
   1    100         -1.34364           0.12539          -0.03805
   2      0         -1.30745           0.12468          -0.00185
   3      0         -1.30559           0.12428           0.00000
   4      0         -1.30321           0.12447           0.00239
   5      0         -1.30053           0.12492           0.00506
   5     60         -1.30178           0.12492           0.00382
   5     80         -1.30988           0.12493          -0.00429
   5    100         -1.32866           0.12495          -0.02307
 
  contribution from  3-th solvent component
   1      0         -2.96688           0.19654           0.00388
   1     60         -3.00188           0.19659          -0.03113
   1     80         -3.25800           0.19697          -0.28724
   1    100         -4.06637           0.19822          -1.09562
   2      0         -2.96969           0.19575           0.00107
   3      0         -2.97076           0.19583           0.00000
   4      0         -2.97087           0.19423          -0.00012
   5      0         -2.96938           0.19537           0.00137
   5     60         -3.01641           0.19544          -0.04565
   5     80         -3.32871           0.19589          -0.35795
   5    100         -4.06847           0.19703          -1.09772
 
 
 group  inft   Estimated free energy: total (kcal/mol)
   1      0      -4.1930      -4.3672      -4.2285      -4.2891      -4.4916
                 -4.3118      -4.1688      -4.4315      -4.3293      -4.2322
   1     60      -4.2291      -4.4034      -4.2648      -4.3253      -4.5278
                 -4.3479      -4.2049      -4.4676      -4.3655      -4.2681
   1     80      -4.4944      -4.6690      -4.5306      -4.5905      -4.7930
                 -4.6133      -4.4696      -4.7322      -4.6307      -4.5316
   1    100      -5.3337      -5.5086      -5.3707      -5.4287      -5.6300
                 -5.4521      -5.3061      -5.5688      -5.4693      -5.3647
   2      0      -4.1996      -4.3634      -4.2375      -4.3123      -4.4929
                 -4.3216      -4.1732      -4.4219      -4.3460      -4.2388
   3      0      -4.2036      -4.3655      -4.2429      -4.3192      -4.4967
                 -4.3281      -4.1701      -4.4176      -4.3556      -4.2379
   4      0      -4.2044      -4.3660      -4.2400      -4.3299      -4.4939
                 -4.3217      -4.1695      -4.4135      -4.3477      -4.2410
   5      0      -4.1950      -4.3456      -4.2396      -4.3204      -4.4856
                 -4.3314      -4.1672      -4.4027      -4.3510      -4.2376
   5     60      -4.2436      -4.3943      -4.2884      -4.3691      -4.5343
                 -4.3801      -4.2158      -4.4512      -4.3997      -4.2859
   5     80      -4.5675      -4.7183      -4.6129      -4.6931      -4.8580
                 -4.7041      -4.5388      -4.7741      -4.7236      -4.6075
   5    100      -5.3364      -5.4870      -5.3825      -5.4616      -5.6246
                 -5.4729      -5.3048      -5.5400      -5.4922      -5.3705
 
 group  inft   Estimated free energy: 1-th solvent contribution (kcal/mol)
   1      0       0.3298      -0.1864       0.1145       0.0964      -0.3614
                  0.2866      -0.2490      -0.1289       0.0930      -0.2132
   1     60       0.3296      -0.1866       0.1143       0.0963      -0.3617
                  0.2864      -0.2492      -0.1292       0.0928      -0.2134
   1     80       0.3274      -0.1890       0.1121       0.0945      -0.3641
                  0.2843      -0.2518      -0.1319       0.0907      -0.2157
   1    100       0.3188      -0.1980       0.1031       0.0868      -0.3733
                  0.2762      -0.2617      -0.1421       0.0823      -0.2244
   2      0       0.3144      -0.1912       0.1011       0.0703      -0.3671
                  0.2681      -0.2553      -0.1265       0.0727      -0.2222
   3      0       0.3072      -0.1905       0.0932       0.0632      -0.3749
                  0.2636      -0.2526      -0.1235       0.0628      -0.2219
   4      0       0.3060      -0.2002       0.0973       0.0564      -0.3718
                  0.2561      -0.2530      -0.1214       0.0638      -0.2197
   5      0       0.3115      -0.1921       0.0950       0.0593      -0.3722
                  0.2532      -0.2545      -0.1172       0.0635      -0.2231
   5     60       0.3111      -0.1925       0.0946       0.0590      -0.3726
                  0.2529      -0.2549      -0.1176       0.0632      -0.2234
   5     80       0.3080      -0.1957       0.0915       0.0563      -0.3758
                  0.2498      -0.2581      -0.1211       0.0601      -0.2265
   5    100       0.2992      -0.2044       0.0824       0.0479      -0.3849
                  0.2412      -0.2676      -0.1307       0.0513      -0.2352
 
 group  inft   Estimated free energy: 2-th solvent contribution (kcal/mol)
   1      0      -1.5368      -1.1445      -1.0937      -1.2673      -1.4341
                 -1.2700      -1.1625      -1.2499      -1.2602      -1.7361
   1     60      -1.5377      -1.1455      -1.0946      -1.2682      -1.4350
                 -1.2710      -1.1634      -1.2508      -1.2611      -1.7370
   1     80      -1.5444      -1.1522      -1.1013      -1.2748      -1.4416
                 -1.2777      -1.1700      -1.2574      -1.2678      -1.7437
   1    100      -1.5653      -1.1731      -1.1219      -1.2953      -1.4621
                 -1.2984      -1.1902      -1.2775      -1.2883      -1.7643
   2      0      -1.5251      -1.1344      -1.0880      -1.2622      -1.4251
                 -1.2581      -1.1578      -1.2418      -1.2543      -1.7276
   3      0      -1.5219      -1.1362      -1.0854      -1.2598      -1.4196
                 -1.2589      -1.1569      -1.2401      -1.2510      -1.7262
   4      0      -1.5194      -1.1311      -1.0849      -1.2634      -1.4175
                 -1.2501      -1.1554      -1.2394      -1.2459      -1.7250
   5      0      -1.5189      -1.1199      -1.0845      -1.2565      -1.4144
                 -1.2512      -1.1509      -1.2381      -1.2486      -1.7222
   5     60      -1.5201      -1.1212      -1.0858      -1.2578      -1.4157
                 -1.2524      -1.1521      -1.2393      -1.2499      -1.7235
   5     80      -1.5283      -1.1294      -1.0939      -1.2658      -1.4238
                 -1.2606      -1.1601      -1.2473      -1.2580      -1.7316
   5    100      -1.5474      -1.1484      -1.1127      -1.2846      -1.4424
                 -1.2795      -1.1787      -1.2657      -1.2767      -1.7504
 
 group  inft   Estimated free energy: 3-th solvent contribution (kcal/mol)
   1      0      -2.9860      -3.0362      -3.2493      -3.1182      -2.6960
                 -3.3283      -2.7572      -3.0526      -3.1620      -2.2829
   1     60      -3.0210      -3.0713      -3.2844      -3.1533      -2.7311
                 -3.3634      -2.7921      -3.0875      -3.1971      -2.3176
   1     80      -3.2773      -3.3277      -3.5413      -3.4101      -2.9872
                 -3.6199      -3.0478      -3.3429      -3.4536      -2.5722
   1    100      -4.0873      -4.1375      -4.3519      -4.2202      -3.7946
                 -4.4299      -3.8541      -4.1492      -4.2633      -3.3759
   2      0      -2.9889      -3.0377      -3.2506      -3.1204      -2.7007
                 -3.3316      -2.7600      -3.0536      -3.1644      -2.2890
   3      0      -2.9888      -3.0388      -3.2507      -3.1225      -2.7022
                 -3.3327      -2.7606      -3.0540      -3.1674      -2.2898
   4      0      -2.9910      -3.0347      -3.2523      -3.1229      -2.7045
                 -3.3277      -2.7611      -3.0527      -3.1656      -2.2963
   5      0      -2.9876      -3.0335      -3.2501      -3.1231      -2.6989
                 -3.3334      -2.7618      -3.0473      -3.1658      -2.2922
   5     60      -3.0346      -3.0806      -3.2973      -3.1703      -2.7460
                 -3.3805      -2.8088      -3.0942      -3.2129      -2.3389
   5     80      -3.3471      -3.3932      -3.6104      -3.4834      -3.0583
                 -3.6933      -3.1205      -3.4057      -3.5257      -2.6494
   5    100      -4.0882      -4.1341      -4.3521      -4.2248      -3.7973
                 -4.4346      -3.8584      -4.1436      -4.2667      -3.3849
 
 
 cumulative average & 95% error for solvation free energy
              total             1st component         2nd component         3rd component
  1    -4.2036                0.3072               -1.5219               -2.9888
  2    -4.2845     0.1619     0.0583     0.4977    -1.3290     0.3857    -3.0138     0.0500
  3    -4.2707     0.0975     0.0699     0.2883    -1.2478     0.2756    -3.0928     0.1605
  4    -4.2828     0.0731     0.0683     0.2039    -1.2508     0.1950    -3.1002     0.1145
  5    -4.3256     0.1026    -0.0204     0.2374    -1.2846     0.1654    -3.0206     0.1822
  6    -4.3260     0.0838     0.0270     0.2157    -1.2803     0.1354    -3.0726     0.1816
  7    -4.3037     0.0837    -0.0130     0.1990    -1.2627     0.1197    -3.0280     0.1775
  8    -4.3180     0.0779    -0.0268     0.1746    -1.2599     0.1038    -3.0313     0.1538
  9    -4.3221     0.0692    -0.0168     0.1552    -1.2589     0.0916    -3.0464     0.1390
 10    -4.3137     0.0641    -0.0373     0.1448    -1.3056     0.1243    -2.9708     0.1958
