 ERmod 0.3.7, Copyright (C) 2000-2019 Nobuyuki Matubayasi
                            2010-2019 Shun Sakuraba
 ERmod comes with ABSOLUTELY NO WARRANTY.
 This is free software, and you can redistribute it
 and/or modify it under certain conditions.
 See LICENSE file for details.
 ERmod 0.3.7, Copyright (C) 2000-2019 Nobuyuki Matubayasi
                            2010-2019 Shun Sakuraba
 ERmod comes with ABSOLUTELY NO WARRANTY.
 This is free software, and you can redistribute it
 and/or modify it under certain conditions.
 See LICENSE file for details.
 
  Number of the   1-th solvent  =           90
  Number of the   2-th solvent  =           90
  Number of the   3-th solvent  =        10000
 
  Be sure that the solvent distribution is homogeneous (radial distribution function is essentially unity) when the solvent molecule is separated beyond distance of   10.0 Angstrom in any direction from any atom within the solute molecule
 
  LJ long-range correction    =        -0.0013     -0.0009     -0.1366
 
  Self-energy of the solute   =         0.0000  kcal/mol
 
 
 cumulative average & 95% error for solvation energy
              total             1st component         2nd component         3rd component
  1    -4.0084                0.0076               -0.0367               -3.9794
  2    -4.0075     0.0018     0.0042     0.0068    -0.0394     0.0053    -3.9724     0.0139
  3    -4.0049     0.0054     0.0073     0.0073    -0.0394     0.0031    -3.9727     0.0081
  4    -4.0032     0.0051     0.0062     0.0056    -0.0383     0.0031    -3.9711     0.0066
  5    -3.9990     0.0092     0.0057     0.0044    -0.0370     0.0036    -3.9678     0.0084
  6    -4.0012     0.0086     0.0049     0.0040    -0.0377     0.0032    -3.9684     0.0069
  7    -3.9991     0.0084     0.0053     0.0035    -0.0373     0.0029    -3.9672     0.0063
  8    -3.9983     0.0075     0.0054     0.0030    -0.0372     0.0025    -3.9665     0.0057
  9    -3.9968     0.0072     0.0067     0.0038    -0.0372     0.0022    -3.9664     0.0050
 10    -3.9996     0.0085     0.0061     0.0036    -0.0384     0.0032    -3.9672     0.0048
 
 
 group  inft  solvation free energy     error          difference
  total solvation free energy
   1      0          2.70143           0.00947           0.00370
   1     60          2.68481           0.00952          -0.01292
   1     80          2.58812           0.00987          -0.10961
   1    100          2.30822           0.01101          -0.38952
   2      0          2.70300           0.00871           0.00527
   3      0          2.69773           0.00859           0.00000
   4      0          2.76056           0.00850           0.06283
   5      0          2.71574           0.00857           0.01801
   5     60          2.69409           0.00864          -0.00364
   5     80          2.57722           0.00907          -0.12052
   5    100          2.31807           0.01016          -0.37966
 
  contribution from  1-th solvent component
   1      0          0.05829           0.00607           0.00264
   1     60          0.05831           0.00611           0.00266
   1     80          0.05834           0.00650           0.00269
   1    100          0.05779           0.00775           0.00214
   2      0          0.05673           0.00543           0.00107
   3      0          0.05565           0.00522           0.00000
   4      0          0.05518           0.00514          -0.00048
   5      0          0.05488           0.00520          -0.00078
   5     60          0.05488           0.00526          -0.00077
   5     80          0.05470           0.00574          -0.00096
   5    100          0.05377           0.00688          -0.00188
 
  contribution from  2-th solvent component
   1      0         -0.00710           0.00836           0.00217
   1     60         -0.00680           0.00840           0.00247
   1     80         -0.00593           0.00864           0.00334
   1    100         -0.00435           0.00944           0.00491
   2      0         -0.00941           0.00752          -0.00015
   3      0         -0.00927           0.00739           0.00000
   4      0         -0.01000           0.00720          -0.00074
   5      0         -0.00995           0.00701          -0.00068
   5     60         -0.00961           0.00706          -0.00034
   5     80         -0.00863           0.00736           0.00064
   5    100         -0.00723           0.00810           0.00204
 
  contribution from  3-th solvent component
   1      0          2.65023           0.00707          -0.00111
   1     60          2.63329           0.00710          -0.01805
   1     80          2.53570           0.00738          -0.11564
   1    100          2.25477           0.00812          -0.39657
   2      0          2.65568           0.00682           0.00434
   3      0          2.65134           0.00642           0.00000
   4      0          2.71539           0.00637           0.06404
   5      0          2.67081           0.00581           0.01946
   5     60          2.64881           0.00586          -0.00253
   5     80          2.53115           0.00614          -0.12020
   5    100          2.27152           0.00678          -0.37982
 
 
 group  inft   Estimated free energy: total (kcal/mol)
   1      0       2.6813       2.6899       2.6958       2.7007       2.7288
                  2.7102       2.7083       2.6944       2.7187       2.6863
   1     60       2.6646       2.6731       2.6792       2.6841       2.7122
                  2.6936       2.6917       2.6778       2.7022       2.6695
   1     80       2.5672       2.5758       2.5830       2.5872       2.6159
                  2.5971       2.5952       2.5809       2.6070       2.5719
   1    100       2.2851       2.2937       2.3050       2.3069       2.3374
                  2.3173       2.3163       2.3002       2.3314       2.2889
   2      0       2.6828       2.6923       2.6986       2.7041       2.7271
                  2.7134       2.7080       2.6958       2.7180       2.6899
   3      0       2.6790       2.6874       2.6934       2.6967       2.7232
                  2.7069       2.7024       2.6906       2.7125       2.6852
   4      0       2.7419       2.7487       2.7574       2.7609       2.7857
                  2.7696       2.7650       2.7521       2.7748       2.7495
   5      0       2.6981       2.7029       2.7143       2.7161       2.7419
                  2.7218       2.7186       2.7088       2.7314       2.7034
   5     60       2.6764       2.6811       2.6927       2.6944       2.7204
                  2.7002       2.6970       2.6871       2.7100       2.6816
   5     80       2.5588       2.5633       2.5764       2.5775       2.6041
                  2.5834       2.5804       2.5700       2.5948       2.5636
   5    100       2.2976       2.3019       2.3191       2.3183       2.3465
                  2.3242       2.3218       2.3103       2.3393       2.3016
 
 group  inft   Estimated free energy: 1-th solvent contribution (kcal/mol)
   1      0       0.0552       0.0537       0.0760       0.0531       0.0520
                  0.0511       0.0532       0.0561       0.0765       0.0560
   1     60       0.0553       0.0536       0.0761       0.0531       0.0519
                  0.0511       0.0533       0.0561       0.0767       0.0560
   1     80       0.0551       0.0533       0.0772       0.0529       0.0516
                  0.0507       0.0533       0.0558       0.0780       0.0557
   1    100       0.0539       0.0514       0.0805       0.0514       0.0497
                  0.0488       0.0526       0.0543       0.0811       0.0542
   2      0       0.0539       0.0525       0.0727       0.0520       0.0507
                  0.0506       0.0522       0.0555       0.0729       0.0543
   3      0       0.0525       0.0520       0.0714       0.0514       0.0499
                  0.0496       0.0513       0.0544       0.0708       0.0533
   4      0       0.0522       0.0513       0.0709       0.0511       0.0493
                  0.0490       0.0512       0.0541       0.0697       0.0530
   5      0       0.0521       0.0507       0.0714       0.0509       0.0491
                  0.0491       0.0511       0.0531       0.0692       0.0521
   5     60       0.0521       0.0506       0.0715       0.0509       0.0491
                  0.0490       0.0511       0.0531       0.0694       0.0520
   5     80       0.0517       0.0500       0.0728       0.0503       0.0484
                  0.0484       0.0508       0.0526       0.0706       0.0514
   5    100       0.0500       0.0480       0.0753       0.0485       0.0463
                  0.0463       0.0496       0.0509       0.0730       0.0497
 
 group  inft   Estimated free energy: 2-th solvent contribution (kcal/mol)
   1      0      -0.0076      -0.0159      -0.0135       0.0024       0.0213
                 -0.0128       0.0055      -0.0142      -0.0121      -0.0241
   1     60      -0.0073      -0.0157      -0.0132       0.0027       0.0218
                 -0.0125       0.0058      -0.0139      -0.0119      -0.0239
   1     80      -0.0064      -0.0150      -0.0125       0.0040       0.0234
                 -0.0120       0.0070      -0.0130      -0.0111      -0.0236
   1    100      -0.0046      -0.0141      -0.0113       0.0070       0.0273
                 -0.0116       0.0097      -0.0115      -0.0099      -0.0243
   2      0      -0.0101      -0.0171      -0.0148      -0.0002       0.0160
                 -0.0144       0.0020      -0.0161      -0.0151      -0.0242
   3      0      -0.0096      -0.0169      -0.0148      -0.0016       0.0167
                 -0.0139       0.0016      -0.0162      -0.0148      -0.0231
   4      0      -0.0105      -0.0180      -0.0151      -0.0024       0.0153
                 -0.0147       0.0004      -0.0164      -0.0153      -0.0233
   5      0      -0.0104      -0.0172      -0.0157      -0.0019       0.0153
                 -0.0152      -0.0017      -0.0153      -0.0146      -0.0230
   5     60      -0.0100      -0.0169      -0.0154      -0.0015       0.0158
                 -0.0149      -0.0013      -0.0149      -0.0143      -0.0228
   5     80      -0.0090      -0.0161      -0.0146      -0.0000       0.0178
                 -0.0144       0.0001      -0.0139      -0.0135      -0.0225
   5    100      -0.0075      -0.0154      -0.0137       0.0027       0.0214
                 -0.0142       0.0024      -0.0125      -0.0125      -0.0231
 
 group  inft   Estimated free energy: 3-th solvent contribution (kcal/mol)
   1      0       2.6337       2.6521       2.6333       2.6452       2.6555
                  2.6719       2.6495       2.6525       2.6543       2.6543
   1     60       2.6167       2.6352       2.6163       2.6282       2.6385
                  2.6551       2.6326       2.6356       2.6374       2.6374
   1     80       2.5185       2.5376       2.5182       2.5303       2.5410
                  2.5585       2.5349       2.5381       2.5402       2.5399
   1    100       2.2359       2.2564       2.2359       2.2486       2.2604
                  2.2801       2.2539       2.2573       2.2602       2.2590
   2      0       2.6390       2.6568       2.6407       2.6523       2.6603
                  2.6772       2.6538       2.6565       2.6603       2.6598
   3      0       2.6361       2.6524       2.6369       2.6469       2.6566
                  2.6712       2.6495       2.6524       2.6565       2.6550
   4      0       2.7002       2.7155       2.7015       2.7122       2.7211
                  2.7353       2.7134       2.7144       2.7203       2.7199
   5      0       2.6564       2.6693       2.6586       2.6671       2.6774
                  2.6879       2.6692       2.6709       2.6768       2.6744
   5     60       2.6343       2.6473       2.6365       2.6450       2.6555
                  2.6661       2.6472       2.6489       2.6549       2.6524
   5     80       2.5161       2.5294       2.5183       2.5272       2.5379
                  2.5494       2.5295       2.5314       2.5376       2.5347
   5    100       2.2550       2.2693       2.2574       2.2671       2.2788
                  2.2920       2.2698       2.2719       2.2788       2.2750
 
 
 cumulative average & 95% error for solvation free energy
              total             1st component         2nd component         3rd component
  1     2.6790                0.0525               -0.0096                2.6361
  2     2.6832     0.0084     0.0522     0.0005    -0.0133     0.0073     2.6442     0.0162
  3     2.6866     0.0084     0.0586     0.0128    -0.0138     0.0043     2.6418     0.0106
  4     2.6891     0.0078     0.0568     0.0097    -0.0107     0.0068     2.6431     0.0079
  5     2.6959     0.0149     0.0554     0.0080    -0.0053     0.0122     2.6458     0.0082
  6     2.6978     0.0127     0.0545     0.0068    -0.0067     0.0103     2.6500     0.0108
  7     2.6984     0.0108     0.0540     0.0058    -0.0055     0.0091     2.6499     0.0091
  8     2.6974     0.0096     0.0541     0.0051    -0.0068     0.0083     2.6502     0.0079
  9     2.6991     0.0091     0.0559     0.0058    -0.0077     0.0075     2.6509     0.0071
 10     2.6977     0.0086     0.0557     0.0052    -0.0093     0.0074     2.6513     0.0064
