 ERmod 0.3.7, Copyright (C) 2000-2019 Nobuyuki Matubayasi
                            2010-2019 Shun Sakuraba
 ERmod comes with ABSOLUTELY NO WARRANTY.
 This is free software, and you can redistribute it
 and/or modify it under certain conditions.
 See LICENSE file for details.
 ERmod 0.3.7, Copyright (C) 2000-2019 Nobuyuki Matubayasi
                            2010-2019 Shun Sakuraba
 ERmod comes with ABSOLUTELY NO WARRANTY.
 This is free software, and you can redistribute it
 and/or modify it under certain conditions.
 See LICENSE file for details.
 
  Number of the   1-th solvent  =           90
  Number of the   2-th solvent  =           90
  Number of the   3-th solvent  =        10000
 
  Be sure that the solvent distribution is homogeneous (radial distribution function is essentially unity) when the solvent molecule is separated beyond distance of   10.0 Angstrom in any direction from any atom within the solute molecule
 
  LJ long-range correction    =        -0.0010     -0.0156     -0.6245
 
  Self-energy of the solute   =        -0.0001  kcal/mol
 
 
 cumulative average & 95% error for solvation energy
              total             1st component         2nd component         3rd component
  1   -28.4074               -0.3817               -0.9536              -27.0720
  2   -28.2820     0.2509    -0.2531     0.2572    -0.7929     0.3213   -27.2358     0.3276
  3   -28.2430     0.1645    -0.0802     0.3763    -0.7141     0.2434   -27.4486     0.4656
  4   -28.2768     0.1345    -0.5920     1.0575    -1.0351     0.6646   -26.6496     1.6315
  5   -28.2550     0.1129    -0.5005     0.8393    -0.9948     0.5211   -26.7596     1.2827
  6   -28.2398     0.0971    -0.3661     0.7362    -1.0076     0.4262   -26.8660     1.0688
  7   -28.2425     0.0822    -0.2937     0.6388    -1.0058     0.3602   -26.9428     0.9162
  8   -28.2434     0.0712    -0.2413     0.5631    -0.9966     0.3125   -27.0054     0.8033
  9   -28.2492     0.0639    -0.2984     0.5096    -0.9284     0.3076   -27.0223     0.7092
 10   -28.2501     0.0572    -0.3375     0.4624    -0.9196     0.2756   -26.9929     0.6371
 
 
 group  inft  solvation free energy     error          difference
  total solvation free energy
   1      0         -3.84614           0.11335           0.00369
   1     60         -3.86769           0.11334          -0.01786
   1     80         -4.06559           0.11337          -0.21576
   1    100         -4.81493           0.11386          -0.96510
   2      0         -3.84870           0.11250           0.00113
   3      0         -3.84983           0.11306           0.00000
   4      0         -3.84958           0.11219           0.00025
   5      0         -3.84731           0.11085           0.00252
   5     60         -3.87680           0.11083          -0.02697
   5     80         -4.12581           0.11087          -0.27599
   5    100         -4.81758           0.11138          -0.96775
 
  contribution from  1-th solvent component
   1      0         -0.06160           0.23811           0.00382
   1     60         -0.06120           0.23812           0.00421
   1     80         -0.05822           0.23828           0.00719
   1    100         -0.04917           0.23888           0.01624
   2      0         -0.06505           0.23611           0.00036
   3      0         -0.06541           0.23589          -0.00000
   4      0         -0.06739           0.23516          -0.00198
   5      0         -0.06703           0.23460          -0.00161
   5     60         -0.06651           0.23463          -0.00110
   5     80         -0.06297           0.23485           0.00244
   5    100         -0.05522           0.23546           0.01019
 
  contribution from  2-th solvent component
   1      0         -0.55641           0.13024          -0.00474
   1     60         -0.55658           0.13025          -0.00490
   1     80         -0.55816           0.13031          -0.00648
   1    100         -0.56462           0.13051          -0.01295
   2      0         -0.55293           0.12966          -0.00125
   3      0         -0.55167           0.12835           0.00000
   4      0         -0.55193           0.12887          -0.00026
   5      0         -0.54928           0.12730           0.00239
   5     60         -0.54953           0.12731           0.00214
   5     80         -0.55168           0.12736          -0.00000
   5    100         -0.55795           0.12748          -0.00628
 
  contribution from  3-th solvent component
   1      0         -3.22804           0.34167           0.00462
   1     60         -3.24983           0.34166          -0.01716
   1     80         -3.44913           0.34169          -0.21647
   1    100         -4.20106           0.34288          -0.96840
   2      0         -3.23064           0.34155           0.00203
   3      0         -3.23266           0.34169           0.00000
   4      0         -3.23018           0.34081           0.00249
   5      0         -3.23092           0.34063           0.00175
   5     60         -3.26068           0.34062          -0.02802
   5     80         -3.51108           0.34071          -0.27842
   5    100         -4.20433           0.34186          -0.97167
 
 
 group  inft   Estimated free energy: total (kcal/mol)
   1      0      -4.2822      -3.7369      -3.7386      -3.6766      -3.8171
                 -3.7497      -3.8042      -3.7770      -4.0187      -3.8604
   1     60      -4.3037      -3.7584      -3.7601      -3.6983      -3.8386
                 -3.7712      -3.8258      -3.7986      -4.0403      -3.8819
   1     80      -4.5017      -3.9558      -3.9575      -3.8968      -4.0358
                 -3.9691      -4.0241      -3.9968      -4.2385      -4.0797
   1    100      -5.2514      -4.7038      -4.7057      -4.6432      -4.7836
                 -4.7180      -4.7768      -4.7472      -4.9905      -4.8291
   2      0      -4.2817      -3.7378      -3.7524      -3.6685      -3.8170
                 -3.7542      -3.8050      -3.7897      -4.0148      -3.8658
   3      0      -4.2824      -3.7346      -3.7608      -3.6625      -3.8151
                 -3.7564      -3.7965      -3.7950      -4.0157      -3.8793
   4      0      -4.2802      -3.7396      -3.7637      -3.6690      -3.8085
                 -3.7503      -3.7952      -3.7978      -4.0166      -3.8750
   5      0      -4.2683      -3.7402      -3.7594      -3.6609      -3.8023
                 -3.7556      -3.7906      -3.8021      -4.0166      -3.8771
   5     60      -4.2978      -3.7696      -3.7889      -3.6905      -3.8317
                 -3.7851      -3.8201      -3.8317      -4.0461      -3.9065
   5     80      -4.5467      -4.0181      -4.0373      -3.9400      -4.0799
                 -4.0341      -4.0696      -4.0810      -4.2957      -4.1556
   5    100      -5.2387      -4.7086      -4.7280      -4.6287      -4.7705
                 -4.7256      -4.7641      -4.7734      -4.9902      -4.8480
 
 group  inft   Estimated free energy: 1-th solvent contribution (kcal/mol)
   1      0      -0.2432       0.0536       0.2792      -0.9005       0.0130
                  0.3174       0.2122       0.2262      -0.2667      -0.3072
   1     60      -0.2428       0.0540       0.2797      -0.9002       0.0134
                  0.3178       0.2126       0.2266      -0.2663      -0.3068
   1     80      -0.2401       0.0572       0.2829      -0.8977       0.0164
                  0.3209       0.2157       0.2302      -0.2636      -0.3041
   1    100      -0.2316       0.0668       0.2928      -0.8902       0.0255
                  0.3305       0.2249       0.2413      -0.2557      -0.2961
   2      0      -0.2422       0.0489       0.2719      -0.8974       0.0148
                  0.3115       0.2082       0.2148      -0.2695      -0.3115
   3      0      -0.2444       0.0509       0.2683      -0.8963       0.0187
                  0.3121       0.2104       0.2097      -0.2706      -0.3129
   4      0      -0.2392       0.0472       0.2664      -0.8985       0.0183
                  0.3051       0.2098       0.2038      -0.2713      -0.3154
   5      0      -0.2362       0.0455       0.2662      -0.8952       0.0198
                  0.3080       0.2082       0.2018      -0.2767      -0.3119
   5     60      -0.2357       0.0461       0.2668      -0.8947       0.0204
                  0.3085       0.2088       0.2024      -0.2762      -0.3114
   5     80      -0.2323       0.0500       0.2706      -0.8918       0.0240
                  0.3122       0.2124       0.2068      -0.2733      -0.3083
   5    100      -0.2250       0.0584       0.2793      -0.8855       0.0318
                  0.3205       0.2205       0.2166      -0.2670      -0.3019
 
 group  inft   Estimated free energy: 2-th solvent contribution (kcal/mol)
   1      0      -0.7590      -0.3691      -0.3402      -1.0249      -0.4854
                 -0.6184      -0.5401      -0.5549      -0.4122      -0.4598
   1     60      -0.7592      -0.3693      -0.3403      -1.0251      -0.4856
                 -0.6185      -0.5403      -0.5551      -0.4124      -0.4600
   1     80      -0.7609      -0.3709      -0.3413      -1.0268      -0.4872
                 -0.6201      -0.5420      -0.5568      -0.4141      -0.4614
   1    100      -0.7676      -0.3774      -0.3461      -1.0337      -0.4938
                 -0.6267      -0.5488      -0.5637      -0.4210      -0.4674
   2      0      -0.7588      -0.3610      -0.3455      -1.0170      -0.4844
                 -0.6167      -0.5329      -0.5520      -0.4031      -0.4578
   3      0      -0.7544      -0.3581      -0.3486      -1.0114      -0.4835
                 -0.6156      -0.5265      -0.5522      -0.4010      -0.4655
   4      0      -0.7615      -0.3608      -0.3524      -1.0136      -0.4805
                 -0.6132      -0.5234      -0.5495      -0.4008      -0.4637
   5      0      -0.7498      -0.3609      -0.3494      -1.0078      -0.4767
                 -0.6109      -0.5204      -0.5499      -0.4013      -0.4658
   5     60      -0.7500      -0.3612      -0.3496      -1.0081      -0.4770
                 -0.6111      -0.5206      -0.5501      -0.4016      -0.4660
   5     80      -0.7522      -0.3634      -0.3510      -1.0103      -0.4793
                 -0.6133      -0.5229      -0.5524      -0.4039      -0.4681
   5    100      -0.7586      -0.3698      -0.3559      -1.0168      -0.4858
                 -0.6198      -0.5293      -0.5591      -0.4104      -0.4742
 
 group  inft   Estimated free energy: 3-th solvent contribution (kcal/mol)
   1      0      -3.2799      -3.4213      -3.6775      -1.7510      -3.3446
                 -3.4486      -3.4763      -3.4482      -3.3398      -3.0933
   1     60      -3.3016      -3.4431      -3.6994      -1.7729      -3.3663
                 -3.4704      -3.4980      -3.4701      -3.3615      -3.1150
   1     80      -3.5006      -3.6420      -3.8990      -1.9722      -3.5649
                 -3.6698      -3.6977      -3.6702      -3.5607      -3.3141
   1    100      -4.2521      -4.3930      -4.6524      -2.7192      -4.3153
                 -4.4217      -4.4528      -4.4248      -4.3138      -4.0656
   2      0      -3.2806      -3.4256      -3.6787      -1.7540      -3.3473
                 -3.4490      -3.4801      -3.4524      -3.3422      -3.0965
   3      0      -3.2836      -3.4274      -3.6803      -1.7547      -3.3502
                 -3.4529      -3.4804      -3.4523      -3.3440      -3.1008
   4      0      -3.2794      -3.4260      -3.6775      -1.7569      -3.3462
                 -3.4420      -3.4816      -3.4520      -3.3444      -3.0958
   5      0      -3.2823      -3.4247      -3.6762      -1.7578      -3.3453
                 -3.4527      -3.4783      -3.4540      -3.3385      -3.0993
   5     60      -3.3120      -3.4545      -3.7060      -1.7877      -3.3749
                 -3.4824      -3.5081      -3.4839      -3.3682      -3.1290
   5     80      -3.5621      -3.7046      -3.9568      -2.0379      -3.6246
                 -3.7329      -3.7591      -3.7353      -3.6185      -3.3791
   5    100      -4.2550      -4.3971      -4.6514      -2.7263      -4.3165
                 -4.4262      -4.4552      -4.4309      -4.3128      -4.0719
 
 
 cumulative average & 95% error for solvation free energy
              total             1st component         2nd component         3rd component
  1    -4.2824               -0.2444               -0.7544               -3.2836
  2    -4.0085     0.5479    -0.0967     0.2953    -0.5562     0.3964    -3.3555     0.1438
  3    -3.9259     0.3568     0.0249     0.2971    -0.4870     0.2674    -3.4637     0.2319
  4    -3.8601     0.2846    -0.2054     0.5063    -0.6181     0.3233    -3.0365     0.8701
  5    -3.8511     0.2212    -0.1606     0.4023    -0.5912     0.2561    -3.0992     0.6856
  6    -3.8353     0.1834    -0.0818     0.3643    -0.5953     0.2093    -3.1582     0.5720
  7    -3.8298     0.1554    -0.0400     0.3190    -0.5854     0.1780    -3.2042     0.4922
  8    -3.8254     0.1348    -0.0088     0.2832    -0.5813     0.1543    -3.2352     0.4307
  9    -3.8466     0.1262    -0.0379     0.2565    -0.5612     0.1419    -3.2473     0.3806
 10    -3.8498     0.1131    -0.0654     0.2359    -0.5517     0.1283    -3.2327     0.3417
