 ERmod 0.3.7, Copyright (C) 2000-2019 Nobuyuki Matubayasi
                            2010-2019 Shun Sakuraba
 ERmod comes with ABSOLUTELY NO WARRANTY.
 This is free software, and you can redistribute it
 and/or modify it under certain conditions.
 See LICENSE file for details.
 ERmod 0.3.7, Copyright (C) 2000-2019 Nobuyuki Matubayasi
                            2010-2019 Shun Sakuraba
 ERmod comes with ABSOLUTELY NO WARRANTY.
 This is free software, and you can redistribute it
 and/or modify it under certain conditions.
 See LICENSE file for details.
 
  Number of the   1-th solvent  =          180
  Number of the   2-th solvent  =          180
  Number of the   3-th solvent  =        10000
 
  Be sure that the solvent distribution is homogeneous (radial distribution function is essentially unity) when the solvent molecule is separated beyond distance of   10.0 Angstrom in any direction from any atom within the solute molecule
 
  LJ long-range correction    =        -0.0016     -0.0257     -0.5150
 
  Self-energy of the solute   =        -0.0001  kcal/mol
 
 
 cumulative average & 95% error for solvation energy
              total             1st component         2nd component         3rd component
  1   -25.9390               -1.7440               -1.8337              -22.3611
  2   -25.9083     0.0613    -0.9465     1.5950    -1.7523     0.1629   -23.2094     1.6966
  3   -25.8153     0.1893    -0.4789     1.3125    -1.5482     0.4189   -23.7881     1.5163
  4   -25.8435     0.1453    -0.2437     1.0405    -1.6641     0.3762   -23.9356     1.1120
  5   -25.8394     0.1128    -0.1344     0.8351    -1.7021     0.3011   -24.0028     0.8718
  6   -25.8340     0.0927    -0.0943     0.6865    -1.6981     0.2460   -24.0415     0.7160
  7   -25.8394     0.0791    -0.1086     0.5809    -1.5953     0.2923   -24.1354     0.6336
  8   -25.8297     0.0712    -0.0691     0.5093    -1.5733     0.2569   -24.1872     0.5584
  9   -25.8419     0.0674    -0.0516     0.4505    -1.6728     0.3015   -24.1174     0.5118
 10   -25.8868     0.1081    -0.3013     0.6418    -1.6729     0.2697   -23.9124     0.6146
 
 
 group  inft  solvation free energy     error          difference
  total solvation free energy
   1      0         -3.77918           0.06015           0.00172
   1     60         -3.80210           0.06020          -0.02120
   1     80         -3.99104           0.06046          -0.21014
   1    100         -4.67028           0.06080          -0.88938
   2      0         -3.78003           0.05884           0.00087
   3      0         -3.78090           0.05883           0.00000
   4      0         -3.77738           0.06054           0.00352
   5      0         -3.78126           0.05886          -0.00036
   5     60         -3.81228           0.05892          -0.03138
   5     80         -4.04833           0.05923          -0.26743
   5    100         -4.67388           0.05967          -0.89299
 
  contribution from  1-th solvent component
   1      0          0.13388           0.33602           0.00479
   1     60          0.13461           0.33606           0.00552
   1     80          0.13949           0.33637           0.01040
   1    100          0.15323           0.33744           0.02414
   2      0          0.13096           0.33563           0.00187
   3      0          0.12909           0.33546           0.00000
   4      0          0.12968           0.33464           0.00059
   5      0          0.12781           0.33241          -0.00128
   5     60          0.12874           0.33247          -0.00035
   5     80          0.13437           0.33288           0.00528
   5    100          0.14622           0.33398           0.01713
 
  contribution from  2-th solvent component
   1      0         -0.90496           0.14567          -0.00749
   1     60         -0.90535           0.14568          -0.00788
   1     80         -0.90878           0.14572          -0.01131
   1    100         -0.92169           0.14587          -0.02422
   2      0         -0.90005           0.14464          -0.00258
   3      0         -0.89747           0.14493           0.00000
   4      0         -0.89632           0.14400           0.00115
   5      0         -0.89695           0.14451           0.00052
   5     60         -0.89750           0.14452          -0.00003
   5     80         -0.90190           0.14454          -0.00443
   5    100         -0.91397           0.14462          -0.01650
 
  contribution from  3-th solvent component
   1      0         -3.00800           0.34014           0.00442
   1     60         -3.03127           0.34012          -0.01884
   1     80         -3.22165           0.34015          -0.20923
   1    100         -3.90172           0.34157          -0.88930
   2      0         -3.01084           0.34013           0.00158
   3      0         -3.01242           0.34010           0.00000
   4      0         -3.01064           0.33829           0.00178
   5      0         -3.01202           0.33981           0.00040
   5     60         -3.04342           0.33978          -0.03100
   5     80         -3.28070           0.33988          -0.26828
   5    100         -3.90604           0.34124          -0.89361
 
 
 group  inft   Estimated free energy: total (kcal/mol)
   1      0      -3.8459      -3.8102      -3.5398      -3.8340      -3.8146
                 -3.7298      -3.7558      -3.7588      -3.8683      -3.8346
   1     60      -3.8689      -3.8331      -3.5625      -3.8569      -3.8375
                 -3.7527      -3.7788      -3.7816      -3.8912      -3.8578
   1     80      -4.0577      -4.0221      -3.7500      -4.0456      -4.0258
                 -3.9422      -3.9682      -3.9702      -4.0804      -4.0481
   1    100      -4.7342      -4.7018      -4.4262      -4.7254      -4.7042
                 -4.6238      -4.6494      -4.6504      -4.7610      -4.7264
   2      0      -3.8444      -3.8204      -3.5444      -3.8268      -3.8150
                 -3.7229      -3.7651      -3.7670      -3.8632      -3.8310
   3      0      -3.8396      -3.8254      -3.5437      -3.8254      -3.8125
                 -3.7247      -3.7788      -3.7609      -3.8634      -3.8345
   4      0      -3.8399      -3.8233      -3.5358      -3.8217      -3.8126
                 -3.7130      -3.7767      -3.7572      -3.8652      -3.8285
   5      0      -3.8347      -3.8315      -3.5480      -3.8343      -3.8146
                 -3.7139      -3.7910      -3.7577      -3.8689      -3.8181
   5     60      -3.8658      -3.8625      -3.5787      -3.8652      -3.8455
                 -3.7450      -3.8221      -3.7886      -3.8999      -3.8495
   5     80      -4.1016      -4.0989      -3.8130      -4.1010      -4.0808
                 -3.9816      -4.0590      -4.0244      -4.1361      -4.0869
   5    100      -4.7252      -4.7254      -4.4354      -4.7270      -4.7053
                 -4.6090      -4.6869      -4.6510      -4.7625      -4.7113
 
 group  inft   Estimated free energy: 1-th solvent contribution (kcal/mol)
   1      0      -0.6131       0.2113       0.6229       0.4926       0.4153
                  0.3382       0.1770       0.3994       0.3342      -1.0389
   1     60      -0.6125       0.2120       0.6238       0.4933       0.4161
                  0.3390       0.1777       0.4001       0.3349      -1.0383
   1     80      -0.6083       0.2168       0.6298       0.4985       0.4211
                  0.3440       0.1823       0.4050       0.3398      -1.0343
   1    100      -0.5971       0.2304       0.6474       0.5131       0.4355
                  0.3581       0.1957       0.4192       0.3536      -1.0236
   2      0      -0.6153       0.2016       0.6133       0.4925       0.4178
                  0.3437       0.1679       0.3919       0.3359      -1.0397
   3      0      -0.6093       0.1943       0.6103       0.4883       0.4228
                  0.3413       0.1580       0.3939       0.3356      -1.0444
   4      0      -0.6082       0.1934       0.6117       0.4885       0.4220
                  0.3442       0.1598       0.3934       0.3316      -1.0396
   5      0      -0.6008       0.1869       0.6034       0.4890       0.4169
                  0.3438       0.1523       0.3937       0.3284      -1.0355
   5     60      -0.6000       0.1878       0.6046       0.4900       0.4179
                  0.3448       0.1532       0.3946       0.3293      -1.0347
   5     80      -0.5954       0.1931       0.6118       0.4960       0.4238
                  0.3507       0.1585       0.4004       0.3350      -1.0302
   5    100      -0.5864       0.2043       0.6277       0.5088       0.4365
                  0.3633       0.1697       0.4126       0.3471      -1.0213
 
 group  inft   Estimated free energy: 2-th solvent contribution (kcal/mol)
   1      0      -1.0313      -0.9228      -0.6078      -1.0556      -1.0138
                 -0.8829      -0.5344      -0.7842      -1.3356      -0.8812
   1     60      -1.0317      -0.9232      -0.6082      -1.0560      -1.0142
                 -0.8833      -0.5348      -0.7846      -1.3360      -0.8815
   1     80      -1.0352      -0.9267      -0.6117      -1.0596      -1.0174
                 -0.8866      -0.5380      -0.7880      -1.3396      -0.8849
   1    100      -1.0483      -0.9400      -0.6248      -1.0727      -1.0299
                 -0.8994      -0.5502      -0.8010      -1.3531      -0.8975
   2      0      -1.0239      -0.9193      -0.6013      -1.0444      -1.0138
                 -0.8784      -0.5339      -0.7821      -1.3278      -0.8756
   3      0      -1.0238      -0.9163      -0.5966      -1.0383      -1.0137
                 -0.8752      -0.5350      -0.7760      -1.3278      -0.8719
   4      0      -1.0213      -0.9139      -0.5974      -1.0365      -1.0138
                 -0.8713      -0.5368      -0.7785      -1.3245      -0.8690
   5      0      -1.0209      -0.9162      -0.5940      -1.0430      -1.0141
                 -0.8726      -0.5394      -0.7760      -1.3252      -0.8682
   5     60      -1.0215      -0.9167      -0.5946      -1.0436      -1.0146
                 -0.8731      -0.5399      -0.7765      -1.3258      -0.8687
   5     80      -1.0259      -0.9212      -0.5991      -1.0480      -1.0188
                 -0.8775      -0.5441      -0.7809      -1.3303      -0.8730
   5    100      -1.0380      -0.9337      -0.6114      -1.0602      -1.0305
                 -0.8896      -0.5558      -0.7931      -1.3428      -0.8847
 
 group  inft   Estimated free energy: 3-th solvent contribution (kcal/mol)
   1      0      -2.2014      -3.0986      -3.5547      -3.2709      -3.2160
                 -3.1850      -3.3982      -3.3739      -2.8668      -1.9145
   1     60      -2.2246      -3.1218      -3.5779      -3.2941      -3.2393
                 -3.2084      -3.4215      -3.3970      -2.8900      -1.9379
   1     80      -2.4141      -3.3121      -3.7680      -3.4844      -3.4294
                 -3.3995      -3.6125      -3.5872      -3.0805      -2.1288
   1    100      -3.0887      -3.9920      -4.4488      -4.1656      -4.1096
                 -4.0824      -4.2948      -4.2685      -3.7615      -2.8052
   2      0      -2.2051      -3.1027      -3.5562      -3.2748      -3.2189
                 -3.1882      -3.3989      -3.3767      -2.8712      -1.9156
   3      0      -2.2064      -3.1033      -3.5573      -3.2753      -3.2215
                 -3.1908      -3.4017      -3.3787      -2.8710      -1.9182
   4      0      -2.2102      -3.1028      -3.5499      -3.2736      -3.2207
                 -3.1858      -3.3996      -3.3719      -2.8722      -1.9198
   5      0      -2.2128      -3.1021      -3.5573      -3.2803      -3.2172
                 -3.1850      -3.4038      -3.3753      -2.8720      -1.9143
   5     60      -2.2442      -3.1335      -3.5886      -3.3116      -3.2486
                 -3.2166      -3.4353      -3.4066      -2.9033      -1.9460
   5     80      -2.4802      -3.3706      -3.8257      -3.5489      -3.4857
                 -3.4547      -3.6733      -3.6437      -3.1407      -2.1836
   5    100      -3.1007      -3.9959      -4.4517      -4.1754      -4.1113
                 -4.0825      -4.3007      -4.2703      -3.7667      -2.8052
 
 
 cumulative average & 95% error for solvation free energy
              total             1st component         2nd component         3rd component
  1    -3.8396               -0.6093               -1.0238               -2.2064
  2    -3.8325     0.0142    -0.2075     0.8036    -0.9701     0.1075    -2.6548     0.8970
  3    -3.7363     0.1927     0.0651     0.7159    -0.8456     0.2566    -2.9557     0.7938
  4    -3.7585     0.1433     0.1709     0.5487    -0.8938     0.2054    -3.0356     0.5836
  5    -3.7693     0.1131     0.2213     0.4368    -0.9178     0.1662    -3.0728     0.4582
  6    -3.7619     0.0935     0.2413     0.3589    -0.9107     0.1364    -3.0924     0.3761
  7    -3.7643     0.0792     0.2294     0.3042    -0.8570     0.1575    -3.1366     0.3300
  8    -3.7639     0.0686     0.2500     0.2667    -0.8469     0.1379    -3.1669     0.2921
  9    -3.7749     0.0644     0.2595     0.2359    -0.9003     0.1619    -3.1340     0.2659
 10    -3.7809     0.0588     0.1291     0.3355    -0.8975     0.1449    -3.0124     0.3401
