 ERmod 0.3.7, Copyright (C) 2000-2019 Nobuyuki Matubayasi
                            2010-2019 Shun Sakuraba
 ERmod comes with ABSOLUTELY NO WARRANTY.
 This is free software, and you can redistribute it
 and/or modify it under certain conditions.
 See LICENSE file for details.
 ERmod 0.3.7, Copyright (C) 2000-2019 Nobuyuki Matubayasi
                            2010-2019 Shun Sakuraba
 ERmod comes with ABSOLUTELY NO WARRANTY.
 This is free software, and you can redistribute it
 and/or modify it under certain conditions.
 See LICENSE file for details.
 
  Number of the   1-th solvent  =           90
  Number of the   2-th solvent  =           90
  Number of the   3-th solvent  =        10000
 
  Be sure that the solvent distribution is homogeneous (radial distribution function is essentially unity) when the solvent molecule is separated beyond distance of   10.0 Angstrom in any direction from any atom within the solute molecule
 
  LJ long-range correction    =        -0.0038     -0.0128     -0.5137
 
  Self-energy of the solute   =        -0.0001  kcal/mol
 
 
 cumulative average & 95% error for solvation energy
              total             1st component         2nd component         3rd component
  1   -25.7308               -0.3863               -1.1163              -24.2282
  2   -25.7434     0.0251    -0.3830     0.0066    -0.8961     0.4403   -24.4641     0.4720
  3   -25.6999     0.0881    -0.5003     0.2345    -0.6943     0.4770   -24.5053     0.2846
  4   -25.7311     0.0881    -0.6535     0.3485    -0.7846     0.3825   -24.2929     0.4700
  5   -25.7122     0.0780    -0.5032     0.4041    -0.7645     0.2990   -24.4444     0.4737
  6   -25.7181     0.0648    -0.5843     0.3677    -0.8782     0.3337   -24.2554     0.5408
  7   -25.7079     0.0584    -0.4994     0.3542    -0.8481     0.2884   -24.3603     0.5029
  8   -25.6918     0.0599    -0.4758     0.3103    -0.8071     0.2629   -24.4088     0.4462
  9   -25.6974     0.0541    -0.4538     0.2772    -0.8125     0.2321   -24.4310     0.3960
 10   -25.6865     0.0531    -0.4295     0.2527    -0.7986     0.2094   -24.4584     0.3584
 
 
 group  inft  solvation free energy     error          difference
  total solvation free energy
   1      0         -3.96157           0.05509           0.01211
   1     60         -3.98306           0.05510          -0.00938
   1     80         -4.16547           0.05521          -0.19178
   1    100         -4.82654           0.05541          -0.85285
   2      0         -3.96755           0.05340           0.00614
   3      0         -3.97369           0.05217           0.00000
   4      0         -3.96584           0.05280           0.00785
   5      0         -3.97292           0.05159           0.00077
   5     60         -4.00208           0.05161          -0.02840
   5     80         -4.23004           0.05173          -0.25636
   5    100         -4.83951           0.05191          -0.86583
 
  contribution from  1-th solvent component
   1      0         -0.05870           0.12648           0.00708
   1     60         -0.05877           0.12649           0.00701
   1     80         -0.05959           0.12659           0.00619
   1    100         -0.06313           0.12695           0.00265
   2      0         -0.06243           0.12538           0.00335
   3      0         -0.06578           0.12444           0.00000
   4      0         -0.06354           0.12406           0.00224
   5      0         -0.06630           0.12354          -0.00052
   5     60         -0.06643           0.12355          -0.00065
   5     80         -0.06765           0.12365          -0.00187
   5    100         -0.07140           0.12390          -0.00562
 
  contribution from  2-th solvent component
   1      0         -0.44990           0.11074           0.00082
   1     60         -0.45005           0.11075           0.00067
   1     80         -0.45142           0.11084          -0.00070
   1    100         -0.45690           0.11112          -0.00618
   2      0         -0.45036           0.10930           0.00036
   3      0         -0.45072           0.10862           0.00000
   4      0         -0.44951           0.10823           0.00121
   5      0         -0.44988           0.10738           0.00084
   5     60         -0.45010           0.10739           0.00062
   5     80         -0.45199           0.10746          -0.00127
   5    100         -0.45738           0.10762          -0.00666
 
  contribution from  3-th solvent component
   1      0         -3.45288           0.17724           0.00421
   1     60         -3.47415           0.17727          -0.01706
   1     80         -3.65436           0.17747          -0.19727
   1    100         -4.30641           0.17843          -0.84932
   2      0         -3.45467           0.17749           0.00242
   3      0         -3.45709           0.17746           0.00000
   4      0         -3.45269           0.17647           0.00440
   5      0         -3.45664           0.17691           0.00045
   5     60         -3.48546           0.17694          -0.02837
   5     80         -3.71031           0.17719          -0.25322
   5    100         -4.31064           0.17806          -0.85355
 
 
 group  inft   Estimated free energy: total (kcal/mol)
   1      0      -3.9613      -4.0226      -3.8867      -4.0292      -3.9102
                 -3.9649      -3.9100      -3.9217      -4.1525      -3.8566
   1     60      -3.9828      -4.0441      -3.9082      -4.0507      -3.9316
                 -3.9863      -3.9315      -3.9433      -4.1741      -3.8780
   1     80      -4.1653      -4.2271      -4.0904      -4.2330      -4.1137
                 -4.1684      -4.1142      -4.1261      -4.3567      -4.0598
   1    100      -4.8267      -4.8897      -4.7505      -4.8924      -4.7742
                 -4.8281      -4.7773      -4.7893      -5.0184      -4.7187
   2      0      -3.9624      -4.0282      -3.8977      -4.0315      -3.9161
                 -3.9619      -3.9120      -3.9409      -4.1556      -3.8692
   3      0      -3.9695      -4.0391      -3.9086      -4.0302      -3.9224
                 -3.9622      -3.9184      -3.9531      -4.1574      -3.8759
   4      0      -3.9683      -4.0309      -3.8983      -4.0209      -3.9155
                 -3.9568      -3.9063      -3.9431      -4.1514      -3.8669
   5      0      -3.9718      -4.0407      -3.9027      -4.0274      -3.9194
                 -3.9569      -3.9238      -3.9475      -4.1553      -3.8837
   5     60      -4.0010      -4.0700      -3.9318      -4.0565      -3.9486
                 -3.9859      -3.9530      -3.9768      -4.1845      -3.9128
   5     80      -4.2291      -4.2986      -4.1596      -4.2842      -4.1761
                 -4.2133      -4.1815      -4.2052      -4.4127      -4.1401
   5    100      -4.8388      -4.9096      -4.7683      -4.8918      -4.7852
                 -4.8212      -4.7931      -4.8167      -5.0226      -4.7478
 
 group  inft   Estimated free energy: 1-th solvent contribution (kcal/mol)
   1      0      -0.0017      -0.0304      -0.2268      -0.3885       0.2063
                 -0.3151       0.1965      -0.0330      -0.0664       0.0720
   1     60      -0.0017      -0.0304      -0.2268      -0.3886       0.2063
                 -0.3152       0.1964      -0.0330      -0.0665       0.0719
   1     80      -0.0025      -0.0312      -0.2277      -0.3897       0.2059
                 -0.3162       0.1957      -0.0338      -0.0675       0.0710
   1    100      -0.0056      -0.0344      -0.2316      -0.3940       0.2039
                 -0.3205       0.1924      -0.0374      -0.0716       0.0674
   2      0      -0.0070      -0.0386      -0.2333      -0.3883       0.2002
                 -0.3106       0.1958      -0.0405      -0.0695       0.0675
   3      0      -0.0127      -0.0451      -0.2378      -0.3859       0.1986
                 -0.3107       0.1931      -0.0477      -0.0696       0.0601
   4      0      -0.0155      -0.0452      -0.2346      -0.3831       0.1983
                 -0.3057       0.1977      -0.0431      -0.0686       0.0643
   5      0      -0.0194      -0.0470      -0.2336      -0.3852       0.2017
                 -0.3080       0.1887      -0.0455      -0.0726       0.0578
   5     60      -0.0195      -0.0471      -0.2337      -0.3853       0.2017
                 -0.3082       0.1886      -0.0457      -0.0727       0.0576
   5     80      -0.0207      -0.0483      -0.2350      -0.3867       0.2011
                 -0.3096       0.1874      -0.0469      -0.0741       0.0563
   5    100      -0.0243      -0.0520      -0.2389      -0.3909       0.1989
                 -0.3138       0.1837      -0.0508      -0.0782       0.0523
 
 group  inft   Estimated free energy: 2-th solvent contribution (kcal/mol)
   1      0      -0.6124      -0.4253      -0.1712      -0.6177      -0.3626
                 -0.7270      -0.3601      -0.2862      -0.5759      -0.3607
   1     60      -0.6125      -0.4254      -0.1713      -0.6179      -0.3628
                 -0.7271      -0.3603      -0.2863      -0.5761      -0.3609
   1     80      -0.6141      -0.4270      -0.1725      -0.6194      -0.3641
                 -0.7286      -0.3617      -0.2872      -0.5775      -0.3621
   1    100      -0.6201      -0.4330      -0.1772      -0.6252      -0.3693
                 -0.7345      -0.3675      -0.2915      -0.5834      -0.3673
   2      0      -0.6070      -0.4200      -0.1757      -0.6209      -0.3610
                 -0.7258      -0.3601      -0.2927      -0.5731      -0.3674
   3      0      -0.6068      -0.4220      -0.1761      -0.6191      -0.3628
                 -0.7237      -0.3615      -0.2965      -0.5738      -0.3649
   4      0      -0.6052      -0.4183      -0.1770      -0.6192      -0.3631
                 -0.7217      -0.3611      -0.2946      -0.5707      -0.3643
   5      0      -0.6023      -0.4218      -0.1751      -0.6163      -0.3652
                 -0.7205      -0.3649      -0.2950      -0.5686      -0.3692
   5     60      -0.6026      -0.4220      -0.1753      -0.6165      -0.3654
                 -0.7207      -0.3651      -0.2952      -0.5688      -0.3694
   5     80      -0.6046      -0.4241      -0.1771      -0.6185      -0.3672
                 -0.7226      -0.3672      -0.2966      -0.5708      -0.3712
   5    100      -0.6102      -0.4298      -0.1820      -0.6241      -0.3726
                 -0.7282      -0.3728      -0.3010      -0.5765      -0.3765
 
 group  inft   Estimated free energy: 3-th solvent contribution (kcal/mol)
   1      0      -3.3472      -3.5669      -3.4887      -3.0229      -3.7538
                 -2.9228      -3.7463      -3.6025      -3.5101      -3.5677
   1     60      -3.3685      -3.5882      -3.5100      -3.0441      -3.7751
                 -2.9439      -3.7675      -3.6239      -3.5314      -3.5890
   1     80      -3.5487      -3.7688      -3.6902      -3.2239      -3.9555
                 -3.1234      -3.9480      -3.8050      -3.7116      -3.7686
   1    100      -4.2009      -4.4222      -4.3415      -3.8732      -4.6087
                 -3.7730      -4.6022      -4.4603      -4.3633      -4.4188
   2      0      -3.3484      -3.5696      -3.4887      -3.0222      -3.7552
                 -2.9254      -3.7476      -3.6076      -3.5129      -3.5692
   3      0      -3.3500      -3.5720      -3.4947      -3.0251      -3.7581
                 -2.9277      -3.7498      -3.6088      -3.5139      -3.5710
   4      0      -3.3475      -3.5674      -3.4866      -3.0185      -3.7507
                 -2.9292      -3.7428      -3.6053      -3.5121      -3.5668
   5      0      -3.3500      -3.5719      -3.4939      -3.0258      -3.7559
                 -2.9283      -3.7476      -3.6069      -3.5140      -3.5722
   5     60      -3.3789      -3.6007      -3.5227      -3.0546      -3.7848
                 -2.9570      -3.7764      -3.6358      -3.5429      -3.6009
   5     80      -3.6037      -3.8261      -3.7475      -3.2789      -4.0099
                 -3.1810      -4.0016      -3.8617      -3.7677      -3.8251
   5    100      -4.2041      -4.4277      -4.3472      -3.8767      -4.6114
                 -3.7792      -4.6039      -4.4648      -4.3678      -4.4235
 
 
 cumulative average & 95% error for solvation free energy
              total             1st component         2nd component         3rd component
  1    -3.9695               -0.0127               -0.6068               -3.3500
  2    -4.0043     0.0696    -0.0289     0.0324    -0.5144     0.1848    -3.4610     0.2220
  3    -3.9724     0.0754    -0.0985     0.1405    -0.4016     0.2495    -3.4722     0.1301
  4    -3.9869     0.0606    -0.1704     0.1747    -0.4560     0.2072    -3.3604     0.2418
  5    -3.9740     0.0536    -0.0966     0.2002    -0.4373     0.1648    -3.4400     0.2457
  6    -3.9720     0.0439    -0.1323     0.1784    -0.4851     0.1650    -3.3546     0.2635
  7    -3.9644     0.0401    -0.0858     0.1771    -0.4674     0.1438    -3.4110     0.2497
  8    -3.9629     0.0349    -0.0810     0.1537    -0.4461     0.1317    -3.4358     0.2218
  9    -3.9845     0.0530    -0.0798     0.1356    -0.4603     0.1196    -3.4444     0.1964
 10    -3.9737     0.0522    -0.0658     0.1244    -0.4507     0.1086    -3.4571     0.1775
