 ERmod 0.3.7, Copyright (C) 2000-2019 Nobuyuki Matubayasi
                            2010-2019 Shun Sakuraba
 ERmod comes with ABSOLUTELY NO WARRANTY.
 This is free software, and you can redistribute it
 and/or modify it under certain conditions.
 See LICENSE file for details.
 ERmod 0.3.7, Copyright (C) 2000-2019 Nobuyuki Matubayasi
                            2010-2019 Shun Sakuraba
 ERmod comes with ABSOLUTELY NO WARRANTY.
 This is free software, and you can redistribute it
 and/or modify it under certain conditions.
 See LICENSE file for details.
 
  Number of the   1-th solvent  =           90
  Number of the   2-th solvent  =           90
  Number of the   3-th solvent  =        10000
 
  Be sure that the solvent distribution is homogeneous (radial distribution function is essentially unity) when the solvent molecule is separated beyond distance of   10.0 Angstrom in any direction from any atom within the solute molecule
 
  LJ long-range correction    =        -0.0062     -0.0347     -0.6576
 
  Self-energy of the solute   =         0.0001  kcal/mol
 
 
 cumulative average & 95% error for solvation energy
              total             1st component         2nd component         3rd component
  1   -16.0338                0.2103               -0.7336              -15.5105
  2   -16.0275     0.0124     0.2087     0.0032    -0.7037     0.0598   -15.5326     0.0442
  3   -16.0167     0.0229     0.2088     0.0019    -0.6661     0.0827   -15.5594     0.0593
  4   -16.0366     0.0430     0.2072     0.0033    -0.7109     0.1069   -15.5330     0.0673
  5   -16.0594     0.0564     0.1995     0.0157    -0.7414     0.1029   -15.5176     0.0606
  6   -16.0693     0.0502     0.2040     0.0156    -0.7549     0.0883   -15.5184     0.0495
  7   -16.0799     0.0474     0.2059     0.0137    -0.7446     0.0774   -15.5412     0.0620
  8   -16.0883     0.0443     0.2030     0.0131    -0.7584     0.0725   -15.5330     0.0562
  9   -16.0973     0.0431     0.2035     0.0116    -0.7827     0.0803   -15.5182     0.0576
 10   -16.1035     0.0405     0.2062     0.0118    -0.7974     0.0776   -15.5123     0.0529
 
 
 group  inft  solvation free energy     error          difference
  total solvation free energy
   1      0          3.68853           0.02437           0.01295
   1     60          3.66994           0.02441          -0.00564
   1     80          3.51099           0.02486          -0.16459
   1    100          2.89860           0.02679          -0.77698
   2      0          3.67633           0.02445           0.00075
   3      0          3.67558           0.02473           0.00000
   4      0          3.64879           0.02401          -0.02679
   5      0          3.70200           0.02442           0.02641
   5     60          3.67638           0.02449           0.00080
   5     80          3.47348           0.02510          -0.20210
   5    100          2.89955           0.02698          -0.77603
 
  contribution from  1-th solvent component
   1      0          0.33295           0.01728           0.00284
   1     60          0.33320           0.01736           0.00309
   1     80          0.33522           0.01811           0.00511
   1    100          0.34044           0.02086           0.01033
   2      0          0.33093           0.01701           0.00083
   3      0          0.33011           0.01708           0.00000
   4      0          0.32923           0.01699          -0.00088
   5      0          0.32904           0.01717          -0.00107
   5     60          0.32934           0.01728          -0.00077
   5     80          0.33149           0.01822           0.00138
   5    100          0.33553           0.02079           0.00542
 
  contribution from  2-th solvent component
   1      0         -0.42152           0.03432           0.00145
   1     60         -0.42161           0.03434           0.00136
   1     80         -0.42253           0.03448           0.00043
   1    100         -0.42643           0.03499          -0.00346
   2      0         -0.42252           0.03449           0.00045
   3      0         -0.42297           0.03454           0.00000
   4      0         -0.42344           0.03451          -0.00047
   5      0         -0.42393           0.03441          -0.00096
   5     60         -0.42407           0.03444          -0.00111
   5     80         -0.42538           0.03460          -0.00241
   5    100         -0.42924           0.03505          -0.00627
 
  contribution from  3-th solvent component
   1      0          3.77705           0.02674           0.00866
   1     60          3.75829           0.02676          -0.01009
   1     80          3.59826           0.02691          -0.17013
   1    100          2.98453           0.02779          -0.78385
   2      0          3.76786           0.02593          -0.00053
   3      0          3.76839           0.02531           0.00000
   4      0          3.74294           0.02502          -0.02544
   5      0          3.79684           0.02461           0.02845
   5     60          3.77106           0.02463           0.00267
   5     80          3.56732           0.02480          -0.20107
   5    100          2.99321           0.02551          -0.77518
 
 
 group  inft   Estimated free energy: total (kcal/mol)
   1      0       3.7435       3.7317       3.7321       3.7025       3.6495
                  3.6921       3.6547       3.6474       3.6437       3.6881
   1     60       3.7250       3.7131       3.7135       3.6839       3.6307
                  3.6736       3.6362       3.6287       3.6250       3.6697
   1     80       3.5674       3.5543       3.5544       3.5251       3.4696
                  3.5160       3.4779       3.4683       3.4652       3.5118
   1    100       2.9602       2.9434       2.9413       2.9140       2.8497
                  2.9078       2.8665       2.8497       2.8499       2.9035
   2      0       3.7297       3.7176       3.7260       3.6882       3.6365
                  3.6768       3.6458       3.6386       3.6279       3.6759
   3      0       3.7260       3.7180       3.7289       3.6875       3.6340
                  3.6735       3.6469       3.6385       3.6255       3.6771
   4      0       3.6983       3.6895       3.7008       3.6591       3.6087
                  3.6488       3.6210       3.6130       3.5998       3.6489
   5      0       3.7547       3.7346       3.7566       3.7112       3.6585
                  3.7087       3.6746       3.6624       3.6545       3.7042
   5     60       3.7292       3.7090       3.7309       3.6856       3.6326
                  3.6832       3.6491       3.6365       3.6287       3.6788
   5     80       3.5280       3.5065       3.5277       3.4829       3.4270
                  3.4820       3.4471       3.4316       3.4247       3.4774
   5    100       2.9590       2.9346       2.9528       2.9099       2.8461
                  2.9117       2.8742       2.8517       2.8479       2.9076
 
 group  inft   Estimated free energy: 1-th solvent contribution (kcal/mol)
   1      0       0.3460       0.3246       0.3174       0.3301       0.2932
                  0.3675       0.3478       0.3010       0.3229       0.3790
   1     60       0.3463       0.3248       0.3175       0.3304       0.2932
                  0.3679       0.3482       0.3011       0.3231       0.3794
   1     80       0.3494       0.3265       0.3187       0.3325       0.2932
                  0.3714       0.3514       0.3019       0.3245       0.3827
   1    100       0.3586       0.3304       0.3206       0.3380       0.2911
                  0.3823       0.3609       0.3023       0.3277       0.3927
   2      0       0.3438       0.3227       0.3164       0.3286       0.2911
                  0.3640       0.3474       0.2996       0.3200       0.3757
   3      0       0.3430       0.3221       0.3153       0.3271       0.2905
                  0.3628       0.3464       0.2990       0.3189       0.3761
   4      0       0.3420       0.3212       0.3145       0.3264       0.2899
                  0.3616       0.3451       0.2983       0.3181       0.3752
   5      0       0.3436       0.3212       0.3132       0.3256       0.2895
                  0.3626       0.3449       0.2976       0.3180       0.3742
   5     60       0.3441       0.3215       0.3133       0.3259       0.2895
                  0.3631       0.3454       0.2977       0.3182       0.3747
   5     80       0.3476       0.3232       0.3144       0.3281       0.2891
                  0.3672       0.3490       0.2982       0.3196       0.3786
   5    100       0.3554       0.3260       0.3154       0.3322       0.2866
                  0.3764       0.3568       0.2978       0.3215       0.3873
 
 group  inft   Estimated free energy: 2-th solvent contribution (kcal/mol)
   1      0      -0.3973      -0.3681      -0.3247      -0.4453      -0.4532
                 -0.4357      -0.3722      -0.4412      -0.4939      -0.4836
   1     60      -0.3974      -0.3682      -0.3247      -0.4454      -0.4533
                 -0.4358      -0.3722      -0.4413      -0.4940      -0.4837
   1     80      -0.3986      -0.3690      -0.3250      -0.4466      -0.4544
                 -0.4369      -0.3729      -0.4422      -0.4951      -0.4848
   1    100      -0.4032      -0.3726      -0.3266      -0.4513      -0.4588
                 -0.4411      -0.3757      -0.4460      -0.4998      -0.4891
   2      0      -0.3982      -0.3692      -0.3249      -0.4463      -0.4535
                 -0.4367      -0.3733      -0.4424      -0.4952      -0.4855
   3      0      -0.3986      -0.3698      -0.3249      -0.4467      -0.4540
                 -0.4373      -0.3737      -0.4433      -0.4958      -0.4856
   4      0      -0.3988      -0.3704      -0.3254      -0.4476      -0.4537
                 -0.4376      -0.3744      -0.4440      -0.4962      -0.4863
   5      0      -0.3994      -0.3705      -0.3264      -0.4477      -0.4543
                 -0.4377      -0.3750      -0.4454      -0.4960      -0.4869
   5     60      -0.3996      -0.3706      -0.3265      -0.4479      -0.4544
                 -0.4378      -0.3751      -0.4455      -0.4962      -0.4870
   5     80      -0.4012      -0.3719      -0.3270      -0.4494      -0.4559
                 -0.4392      -0.3761      -0.4469      -0.4977      -0.4885
   5    100      -0.4057      -0.3755      -0.3289      -0.4540      -0.4602
                 -0.4434      -0.3790      -0.4507      -0.5022      -0.4928
 
 group  inft   Estimated free energy: 3-th solvent contribution (kcal/mol)
   1      0       3.7948       3.7751       3.7394       3.8176       3.8095
                  3.7603       3.6790       3.7875       3.8146       3.7927
   1     60       3.7761       3.7564       3.7206       3.7989       3.7907
                  3.7415       3.6602       3.7687       3.7958       3.7739
   1     80       3.6165       3.5968       3.5607       3.6392       3.6307
                  3.5814       3.4993       3.6085       3.6357       3.6138
   1    100       3.0047       2.9857       2.9472       3.0272       3.0173
                  2.9666       2.8814       2.9934       3.0220       2.9998
   2      0       3.7841       3.7640       3.7345       3.8059       3.7988
                  3.7495       3.6717       3.7813       3.8031       3.7856
   3      0       3.7816       3.7656       3.7384       3.8070       3.7974
                  3.7479       3.6741       3.7828       3.8024       3.7866
   4      0       3.7551       3.7387       3.7116       3.7802       3.7724
                  3.7247       3.6502       3.7586       3.7779       3.7600
   5      0       3.8105       3.7838       3.7698       3.8333       3.8233
                  3.7837       3.7047       3.8102       3.8325       3.8168
   5     60       3.7847       3.7581       3.7440       3.8075       3.7975
                  3.7579       3.6788       3.7843       3.8067       3.7910
   5     80       3.5815       3.5551       3.5403       3.6042       3.5937
                  3.5540       3.4741       3.5803       3.6028       3.5873
   5    100       3.0093       2.9839       2.9662       3.0317       3.0197
                  2.9786       2.8963       3.0046       3.0286       3.0131
 
 
 cumulative average & 95% error for solvation free energy
              total             1st component         2nd component         3rd component
  1     3.7260                0.3430               -0.3986                3.7816
  2     3.7220     0.0081     0.3326     0.0209    -0.3842     0.0288     3.7736     0.0159
  3     3.7243     0.0065     0.3268     0.0167    -0.3644     0.0429     3.7619     0.0252
  4     3.7151     0.0190     0.3269     0.0118    -0.3850     0.0511     3.7732     0.0288
  5     3.6989     0.0356     0.3196     0.0172    -0.3988     0.0482     3.7780     0.0243
  6     3.6946     0.0303     0.3268     0.0201    -0.4052     0.0414     3.7730     0.0222
  7     3.6878     0.0290     0.3296     0.0179    -0.4007     0.0362     3.7589     0.0339
  8     3.6817     0.0280     0.3258     0.0173    -0.4060     0.0331     3.7619     0.0300
  9     3.6754     0.0277     0.3250     0.0153    -0.4160     0.0353     3.7664     0.0279
 10     3.6756     0.0247     0.3301     0.0171    -0.4230     0.0345     3.7684     0.0253
