 ERmod 0.3.7, Copyright (C) 2000-2019 Nobuyuki Matubayasi
                            2010-2019 Shun Sakuraba
 ERmod comes with ABSOLUTELY NO WARRANTY.
 This is free software, and you can redistribute it
 and/or modify it under certain conditions.
 See LICENSE file for details.
 ERmod 0.3.7, Copyright (C) 2000-2019 Nobuyuki Matubayasi
                            2010-2019 Shun Sakuraba
 ERmod comes with ABSOLUTELY NO WARRANTY.
 This is free software, and you can redistribute it
 and/or modify it under certain conditions.
 See LICENSE file for details.
 
  Number of the   1-th solvent  =        10000
 
  Be sure that the solvent distribution is homogeneous (radial distribution function is essentially unity) when the solvent molecule is separated beyond distance of   10.0 Angstrom in any direction from any atom within the solute molecule
 
  LJ long-range correction    =        -0.5661
 
  Self-energy of the solute   =         0.0000  kcal/mol
 
 
 cumulative average & 95% error for solvation energy
  1   -13.6184
  2   -13.6332     0.0295
  3   -13.6334     0.0170
  4   -13.6300     0.0138
  5   -13.6126     0.0364
  6   -13.6169     0.0310
  7   -13.6116     0.0282
  8   -13.6081     0.0254
  9   -13.6087     0.0225
 10   -13.6112     0.0207
 
 
 group  inft  solvation free energy     error          difference
   1      0          3.37366           0.01828           0.00863
   1     60          3.36246           0.01830          -0.00257
   1     80          3.24840           0.01855          -0.11663
   1    100          2.75764           0.01979          -0.60739
   2      0          3.36462           0.01842          -0.00041
   3      0          3.36503           0.01846           0.00000
   4      0          3.34286           0.01839          -0.02217
   5      0          3.40308           0.01750           0.03805
   5     60          3.38736           0.01752           0.02233
   5     80          3.23903           0.01784          -0.12600
   5    100          2.77775           0.01893          -0.58728
 
 
 group  inft   Estimated free energy (kcal/mol)
   1      0       3.3701       3.3556       3.3546       3.3631       3.4235
                  3.3401       3.4121       3.3996       3.3750       3.3429
   1     60       3.3589       3.3444       3.3433       3.3519       3.4124
                  3.3289       3.4009       3.3884       3.3638       3.3317
   1     80       3.2449       3.2302       3.2289       3.2376       3.2989
                  3.2144       3.2874       3.2748       3.2498       3.2172
   1    100       2.7541       2.7383       2.7366       2.7457       2.8110
                  2.7218       2.7998       2.7860       2.7590       2.7242
   2      0       3.3624       3.3470       3.3454       3.3528       3.4159
                  3.3306       3.4031       3.3905       3.3635       3.3351
   3      0       3.3623       3.3470       3.3441       3.3525       3.4150
                  3.3303       3.4044       3.3927       3.3639       3.3381
   4      0       3.3421       3.3253       3.3226       3.3297       3.3936
                  3.3090       3.3827       3.3675       3.3416       3.3146
   5      0       3.4001       3.3827       3.3857       3.3924       3.4516
                  3.3714       3.4358       3.4315       3.4050       3.3747
   5     60       3.3843       3.3670       3.3699       3.3766       3.4360
                  3.3556       3.4201       3.4158       3.3893       3.3589
   5     80       3.2361       3.2185       3.2212       3.2280       3.2883
                  3.2067       3.2726       3.2681       3.2409       3.2100
   5    100       2.7751       2.7565       2.7586       2.7656       2.8294
                  2.7436       2.8146       2.8083       2.7793       2.7467
 
 
 cumulative average & 95% error for solvation free energy
  1     3.3623
  2     3.3547     0.0153
  3     3.3512     0.0113
  4     3.3515     0.0080
  5     3.3642     0.0261
  6     3.3585     0.0241
  7     3.3651     0.0243
  8     3.3685     0.0221
  9     3.3680     0.0195
 10     3.3650     0.0185
