 ERmod 0.3.7, Copyright (C) 2000-2019 Nobuyuki Matubayasi
                            2010-2019 Shun Sakuraba
 ERmod comes with ABSOLUTELY NO WARRANTY.
 This is free software, and you can redistribute it
 and/or modify it under certain conditions.
 See LICENSE file for details.
 ERmod 0.3.7, Copyright (C) 2000-2019 Nobuyuki Matubayasi
                            2010-2019 Shun Sakuraba
 ERmod comes with ABSOLUTELY NO WARRANTY.
 This is free software, and you can redistribute it
 and/or modify it under certain conditions.
 See LICENSE file for details.
 
  Number of the   1-th solvent  =          180
  Number of the   2-th solvent  =          180
  Number of the   3-th solvent  =        10000
 
  Be sure that the solvent distribution is homogeneous (radial distribution function is essentially unity) when the solvent molecule is separated beyond distance of   10.0 Angstrom in any direction from any atom within the solute molecule
 
  LJ long-range correction    =        -0.0058     -0.0042     -0.3052
 
  Self-energy of the solute   =        -0.0001  kcal/mol
 
 
 cumulative average & 95% error for solvation energy
              total             1st component         2nd component         3rd component
  1   -21.1582               -1.5969               -0.3530              -19.2081
  2   -21.3403     0.3642    -1.1175     0.9588    -0.8857     1.0655   -19.3369     0.2575
  3   -21.3422     0.2103    -1.0137     0.5912    -0.9920     0.6508   -19.3364     0.1487
  4   -21.3864     0.1729    -0.8930     0.4827    -1.0068     0.4612   -19.4864     0.3178
  5   -21.3888     0.1340    -0.8833     0.3744    -1.1514     0.4596   -19.3539     0.3616
  6   -21.4065     0.1150    -0.7707     0.3797    -1.2208     0.4001   -19.4148     0.3194
  7   -21.4344     0.1121    -0.8997     0.4117    -1.2875     0.3635   -19.2471     0.4306
  8   -21.4024     0.1163    -0.8185     0.3918    -1.1519     0.4155   -19.4319     0.5250
  9   -21.3880     0.1066    -0.7656     0.3614    -1.0658     0.4049   -19.5565     0.5258
 10   -21.3742     0.0993    -0.7633     0.3232    -1.0068     0.3809   -19.6040     0.4798
 
 
 group  inft  solvation free energy     error          difference
  total solvation free energy
   1      0         -4.35743           0.09271           0.00847
   1     60         -4.38116           0.09274          -0.01526
   1     80         -4.54325           0.09295          -0.17735
   1    100         -5.02452           0.09320          -0.65862
   2      0         -4.36122           0.09196           0.00468
   3      0         -4.36590           0.09082           0.00000
   4      0         -4.36095           0.09320           0.00495
   5      0         -4.36321           0.08834           0.00269
   5     60         -4.39509           0.08837          -0.02919
   5     80         -4.59134           0.08857          -0.22544
   5    100         -5.03203           0.08874          -0.66613
 
  contribution from  1-th solvent component
   1      0         -0.17061           0.18372           0.00574
   1     60         -0.17085           0.18373           0.00550
   1     80         -0.17273           0.18386           0.00362
   1    100         -0.17888           0.18423          -0.00253
   2      0         -0.17482           0.17961           0.00153
   3      0         -0.17635           0.17729           0.00000
   4      0         -0.17676           0.17795          -0.00041
   5      0         -0.17549           0.17676           0.00086
   5     60         -0.17585           0.17677           0.00050
   5     80         -0.17832           0.17685          -0.00197
   5    100         -0.18436           0.17703          -0.00801
 
  contribution from  2-th solvent component
   1      0         -0.59355           0.21000          -0.00214
   1     60         -0.59328           0.21003          -0.00187
   1     80         -0.59241           0.21028          -0.00100
   1    100         -0.59177           0.21094          -0.00036
   2      0         -0.59141           0.21064           0.00000
   3      0         -0.59141           0.21228           0.00000
   4      0         -0.59132           0.21169           0.00009
   5      0         -0.58867           0.21180           0.00274
   5     60         -0.58839           0.21185           0.00303
   5     80         -0.58772           0.21215           0.00369
   5    100         -0.58781           0.21280           0.00361
 
  contribution from  3-th solvent component
   1      0         -3.59315           0.25206           0.00488
   1     60         -3.61691           0.25210          -0.01888
   1     80         -3.77800           0.25242          -0.17997
   1    100         -4.25376           0.25369          -0.65573
   2      0         -3.59489           0.25222           0.00314
   3      0         -3.59803           0.25205           0.00000
   4      0         -3.59276           0.25106           0.00527
   5      0         -3.59893           0.25249          -0.00090
   5     60         -3.63074           0.25255          -0.03272
   5     80         -3.82519           0.25296          -0.22716
   5    100         -4.25976           0.25413          -0.66173
 
 
 group  inft   Estimated free energy: total (kcal/mol)
   1      0      -4.1938      -4.4044      -4.3885      -4.4049      -4.4326
                 -4.2541      -4.6685      -4.1819      -4.4090      -4.2365
   1     60      -4.2174      -4.4282      -4.4122      -4.4288      -4.4564
                 -4.2779      -4.6922      -4.2055      -4.4328      -4.2602
   1     80      -4.3786      -4.5912      -4.5744      -4.5922      -4.6188
                 -4.4400      -4.8538      -4.3665      -4.5957      -4.4215
   1    100      -4.8582      -5.0742      -5.0563      -5.0755      -5.1006
                 -4.9208      -5.3323      -4.8457      -5.0808      -4.9009
   2      0      -4.1799      -4.4135      -4.3933      -4.4074      -4.4294
                 -4.2554      -4.6640      -4.1968      -4.4250      -4.2477
   3      0      -4.1781      -4.4173      -4.3978      -4.4172      -4.4386
                 -4.2688      -4.6633      -4.2058      -4.4180      -4.2540
   4      0      -4.1671      -4.4285      -4.3882      -4.3998      -4.4304
                 -4.2571      -4.6679      -4.2106      -4.4212      -4.2387
   5      0      -4.1731      -4.4213      -4.3858      -4.4036      -4.4388
                 -4.2711      -4.6520      -4.2195      -4.4168      -4.2501
   5     60      -4.2048      -4.4534      -4.4176      -4.4358      -4.4706
                 -4.3030      -4.6838      -4.2512      -4.4488      -4.2819
   5     80      -4.3998      -4.6507      -4.6138      -4.6334      -4.6671
                 -4.4995      -4.8793      -4.4465      -4.6459      -4.4773
   5    100      -4.8385      -5.0930      -5.0549      -5.0759      -5.1081
                 -4.9403      -5.3172      -4.8858      -5.0898      -4.9167
 
 group  inft   Estimated free energy: 1-th solvent contribution (kcal/mol)
   1      0      -0.5415      -0.1161      -0.2021      -0.0831      -0.2503
                  0.1862      -0.7439       0.1467       0.0457      -0.1477
   1     60      -0.5418      -0.1164      -0.2024      -0.0834      -0.2505
                  0.1859      -0.7441       0.1466       0.0455      -0.1479
   1     80      -0.5440      -0.1184      -0.2045      -0.0854      -0.2527
                  0.1841      -0.7461       0.1455       0.0438      -0.1496
   1    100      -0.5509      -0.1249      -0.2112      -0.0920      -0.2596
                  0.1783      -0.7528       0.1415       0.0382      -0.1554
   2      0      -0.5331      -0.1227      -0.2064      -0.0883      -0.2430
                  0.1806      -0.7404       0.1298       0.0306      -0.1553
   3      0      -0.5304      -0.1230      -0.2058      -0.0943      -0.2415
                  0.1732      -0.7354       0.1216       0.0319      -0.1598
   4      0      -0.5278      -0.1313      -0.2081      -0.0838      -0.2422
                  0.1766      -0.7425       0.1148       0.0302      -0.1536
   5      0      -0.5281      -0.1243      -0.2007      -0.0864      -0.2379
                  0.1745      -0.7372       0.1112       0.0321      -0.1579
   5     60      -0.5285      -0.1247      -0.2011      -0.0868      -0.2383
                  0.1741      -0.7376       0.1109       0.0318      -0.1582
   5     80      -0.5312      -0.1273      -0.2038      -0.0895      -0.2410
                  0.1716      -0.7401       0.1092       0.0295      -0.1605
   5    100      -0.5377      -0.1338      -0.2101      -0.0960      -0.2474
                  0.1655      -0.7462       0.1046       0.0238      -0.1663
 
 group  inft   Estimated free energy: 2-th solvent contribution (kcal/mol)
   1      0      -0.2157      -0.7898      -0.7144      -0.5955      -0.9696
                 -0.8289      -1.0715      -0.1523      -0.3361      -0.2617
   1     60      -0.2154      -0.7895      -0.7142      -0.5953      -0.9694
                 -0.8286      -1.0713      -0.1519      -0.3359      -0.2613
   1     80      -0.2139      -0.7888      -0.7138      -0.5947      -0.9689
                 -0.8277      -1.0709      -0.1503      -0.3353      -0.2597
   1    100      -0.2117      -0.7885      -0.7143      -0.5948      -0.9692
                 -0.8271      -1.0717      -0.1476      -0.3357      -0.2571
   2      0      -0.2073      -0.7910      -0.7136      -0.5914      -0.9712
                 -0.8222      -1.0702      -0.1481      -0.3350      -0.2642
   3      0      -0.2057      -0.7921      -0.7177      -0.5899      -0.9775
                 -0.8241      -1.0706      -0.1450      -0.3277      -0.2639
   4      0      -0.1988      -0.7950      -0.7154      -0.5945      -0.9717
                 -0.8212      -1.0711      -0.1511      -0.3351      -0.2594
   5      0      -0.2017      -0.7933      -0.7110      -0.5850      -0.9781
                 -0.8247      -1.0607      -0.1469      -0.3264      -0.2591
   5     60      -0.2013      -0.7931      -0.7108      -0.5848      -0.9778
                 -0.8244      -1.0605      -0.1465      -0.3261      -0.2587
   5     80      -0.1999      -0.7926      -0.7107      -0.5845      -0.9776
                 -0.8237      -1.0605      -0.1449      -0.3257      -0.2572
   5    100      -0.1984      -0.7931      -0.7119      -0.5851      -0.9785
                 -0.8240      -1.0619      -0.1430      -0.3265      -0.2556
 
 group  inft   Estimated free energy: 3-th solvent contribution (kcal/mol)
   1      0      -3.4364      -3.4983      -3.4718      -3.7262      -3.2126
                 -3.6113      -2.8530      -4.1762      -4.1186      -3.8270
   1     60      -3.4601      -3.5222      -3.4954      -3.7501      -3.2363
                 -3.6351      -2.8767      -4.2000      -4.1424      -3.8508
   1     80      -3.6206      -3.6839      -3.6559      -3.9119      -3.3971
                 -3.7963      -3.0366      -4.3616      -4.3040      -4.0121
   1    100      -4.0955      -4.1607      -4.1307      -4.3886      -3.8718
                 -4.2719      -3.5077      -4.8395      -4.7831      -4.4882
   2      0      -3.4394      -3.4997      -3.4732      -3.7275      -3.2151
                 -3.6137      -2.8533      -4.1784      -4.1205      -3.8281
   3      0      -3.4420      -3.5021      -3.4742      -3.7328      -3.2195
                 -3.6178      -2.8573      -4.1823      -4.1221      -3.8302
   4      0      -3.4404      -3.5021      -3.4646      -3.7213      -3.2163
                 -3.6125      -2.8543      -4.1742      -4.1163      -3.8256
   5      0      -3.4432      -3.5036      -3.4739      -3.7321      -3.2227
                 -3.6207      -2.8540      -4.1837      -4.1225      -3.8330
   5     60      -3.4749      -3.5356      -3.5056      -3.7640      -3.2544
                 -3.6526      -2.8856      -4.2156      -4.1543      -3.8649
   5     80      -3.6686      -3.7306      -3.6993      -3.9593      -3.4484
                 -3.8473      -3.0786      -4.4107      -4.3495      -4.0596
   5    100      -4.1023      -4.1660      -4.1328      -4.3947      -3.8820
                 -4.2817      -3.5090      -4.8473      -4.7870      -4.4946
 
 
 cumulative average & 95% error for solvation free energy
              total             1st component         2nd component         3rd component
  1    -4.1781               -0.5304               -0.2057               -3.4420
  2    -4.2977     0.2391    -0.3267     0.4074    -0.4989     0.5864    -3.4720     0.0601
  3    -4.3311     0.1534    -0.2864     0.2487    -0.5718     0.3687    -3.4728     0.0347
  4    -4.3526     0.1167    -0.2384     0.2004    -0.5764     0.2608    -3.5378     0.1323
  5    -4.3698     0.0967    -0.2390     0.1552    -0.6566     0.2580    -3.4741     0.1635
  6    -4.3530     0.0858    -0.1703     0.1869    -0.6845     0.2179    -3.4981     0.1418
  7    -4.3973     0.1146    -0.2510     0.2259    -0.7396     0.2147    -3.4065     0.2188
  8    -4.3734     0.1102    -0.2045     0.2167    -0.6653     0.2381    -3.5035     0.2712
  9    -4.3783     0.0977    -0.1782     0.1982    -0.6278     0.2229    -3.5722     0.2758
 10    -4.3659     0.0908    -0.1764     0.1773    -0.5914     0.2123    -3.5980     0.2521
