 ERmod 0.3.7, Copyright (C) 2000-2019 Nobuyuki Matubayasi
                            2010-2019 Shun Sakuraba
 ERmod comes with ABSOLUTELY NO WARRANTY.
 This is free software, and you can redistribute it
 and/or modify it under certain conditions.
 See LICENSE file for details.
 ERmod 0.3.7, Copyright (C) 2000-2019 Nobuyuki Matubayasi
                            2010-2019 Shun Sakuraba
 ERmod comes with ABSOLUTELY NO WARRANTY.
 This is free software, and you can redistribute it
 and/or modify it under certain conditions.
 See LICENSE file for details.
 
  Number of the   1-th solvent  =           90
  Number of the   2-th solvent  =           90
  Number of the   3-th solvent  =        10000
 
  Be sure that the solvent distribution is homogeneous (radial distribution function is essentially unity) when the solvent molecule is separated beyond distance of   10.0 Angstrom in any direction from any atom within the solute molecule
 
  LJ long-range correction    =        -0.0028     -0.0157     -0.2969
 
  Self-energy of the solute   =        -0.0001  kcal/mol
 
 
 cumulative average & 95% error for solvation energy
              total             1st component         2nd component         3rd component
  1   -21.2250               -0.8897               -1.3827              -18.9525
  2   -21.2727     0.0953    -1.3586     0.9378    -1.1981     0.3691   -18.7159     0.4733
  3   -21.2441     0.0794    -0.9921     0.9114    -1.1794     0.2164   -19.0726     0.7640
  4   -21.2463     0.0563    -0.9065     0.6668    -1.2291     0.1825   -19.1107     0.5455
  5   -21.2304     0.0541    -0.8622     0.5240    -1.1328     0.2388   -19.2353     0.4906
  6   -21.2335     0.0446    -0.7312     0.5017    -1.0537     0.2511   -19.4485     0.5851
  7   -21.2158     0.0517    -0.6672     0.4429    -1.0124     0.2277   -19.5361     0.5246
  8   -21.2239     0.0476    -0.6424     0.3868    -0.9679     0.2163   -19.6135     0.4800
  9   -21.2242     0.0420    -0.6710     0.3459    -0.9913     0.1965   -19.5618     0.4358
 10   -21.2161     0.0409    -0.6301     0.3200    -1.0008     0.1767   -19.5852     0.3926
 
 
 group  inft  solvation free energy     error          difference
  total solvation free energy
   1      0         -4.71278           0.05142          -0.00307
   1     60         -4.73898           0.05138          -0.02927
   1     80         -4.90717           0.05118          -0.19745
   1    100         -5.38715           0.05074          -0.67743
   2      0         -4.71055           0.04905          -0.00083
   3      0         -4.70972           0.04649          -0.00000
   4      0         -4.70212           0.04791           0.00760
   5      0         -4.70758           0.04607           0.00213
   5     60         -4.74234           0.04601          -0.03262
   5     80         -4.94494           0.04573          -0.23523
   5    100         -5.38258           0.04526          -0.67286
 
  contribution from  1-th solvent component
   1      0         -0.20283           0.16562           0.00243
   1     60         -0.20295           0.16564           0.00231
   1     80         -0.20378           0.16575           0.00148
   1    100         -0.20638           0.16603          -0.00112
   2      0         -0.20580           0.16272          -0.00054
   3      0         -0.20526           0.16109           0.00000
   4      0         -0.20485           0.16098           0.00041
   5      0         -0.20481           0.15966           0.00045
   5     60         -0.20500           0.15967           0.00026
   5     80         -0.20616           0.15974          -0.00090
   5    100         -0.20890           0.15987          -0.00364
 
  contribution from  2-th solvent component
   1      0         -0.54748           0.09807          -0.00972
   1     60         -0.54786           0.09808          -0.01009
   1     80         -0.55018           0.09809          -0.01242
   1    100         -0.55663           0.09810          -0.01887
   2      0         -0.54053           0.09709          -0.00277
   3      0         -0.53776           0.09690           0.00000
   4      0         -0.53622           0.09674           0.00154
   5      0         -0.53535           0.09649           0.00241
   5     60         -0.53586           0.09649           0.00191
   5     80         -0.53868           0.09650          -0.00091
   5    100         -0.54455           0.09650          -0.00679
 
  contribution from  3-th solvent component
   1      0         -3.96239           0.18633           0.00423
   1     60         -3.98810           0.18638          -0.02148
   1     80         -4.15313           0.18670          -0.18652
   1    100         -4.62406           0.18747          -0.65744
   2      0         -3.96413           0.18593           0.00249
   3      0         -3.96661           0.18643           0.00000
   4      0         -3.96097           0.18534           0.00565
   5      0         -3.96734           0.18535          -0.00072
   5     60         -4.00140           0.18543          -0.03479
   5     80         -4.20003           0.18579          -0.23341
   5    100         -4.62904           0.18644          -0.66243
 
 
 group  inft   Estimated free energy: total (kcal/mol)
   1      0      -4.7920      -4.8755      -4.6579      -4.7842      -4.6834
                 -4.6627      -4.6182      -4.6853      -4.7287      -4.6399
   1     60      -4.8181      -4.9015      -4.6841      -4.8104      -4.7096
                 -4.6889      -4.6444      -4.7117      -4.7550      -4.6661
   1     80      -4.9861      -5.0685      -4.8527      -4.9786      -4.8777
                 -4.8573      -4.8125      -4.8807      -4.9235      -4.8341
   1    100      -5.4656      -5.5459      -5.3334      -5.4585      -5.3577
                 -5.3380      -5.2927      -5.3624      -5.4042      -5.3131
   2      0      -4.7848      -4.8685      -4.6609      -4.7786      -4.6751
                 -4.6708      -4.6254      -4.6886      -4.7192      -4.6334
   3      0      -4.7824      -4.8603      -4.6538      -4.7713      -4.6768
                 -4.6770      -4.6320      -4.6887      -4.7164      -4.6384
   4      0      -4.7795      -4.8551      -4.6497      -4.7664      -4.6607
                 -4.6747      -4.6169      -4.6773      -4.7092      -4.6316
   5      0      -4.7825      -4.8547      -4.6549      -4.7695      -4.6709
                 -4.6829      -4.6296      -4.6843      -4.7119      -4.6347
   5     60      -4.8171      -4.8891      -4.6897      -4.8043      -4.7056
                 -4.7177      -4.6644      -4.7192      -4.7468      -4.6694
   5     80      -5.0194      -5.0902      -4.8928      -5.0069      -4.9081
                 -4.9207      -4.8670      -4.9228      -4.9497      -4.8719
   5    100      -5.4565      -5.5252      -5.3312      -5.4444      -5.3456
                 -5.3593      -5.3049      -5.3619      -5.3878      -5.3089
 
 group  inft   Estimated free energy: 1-th solvent contribution (kcal/mol)
   1      0      -0.3713      -0.7888      -0.0010      -0.2598      -0.2374
                  0.1042      -0.0110      -0.1170      -0.3464       0.0001
   1     60      -0.3714      -0.7890      -0.0011      -0.2599      -0.2376
                  0.1041      -0.0110      -0.1171      -0.3466       0.0001
   1     80      -0.3724      -0.7900      -0.0020      -0.2608      -0.2386
                  0.1037      -0.0116      -0.1179      -0.3475      -0.0005
   1    100      -0.3755      -0.7932      -0.0046      -0.2635      -0.2418
                  0.1019      -0.0136      -0.1206      -0.3506      -0.0022
   2      0      -0.3703      -0.7848      -0.0053      -0.2622      -0.2354
                  0.0965      -0.0253      -0.1237      -0.3418      -0.0057
   3      0      -0.3664      -0.7794      -0.0006      -0.2579      -0.2355
                  0.0926      -0.0287      -0.1246      -0.3413      -0.0108
   4      0      -0.3694      -0.7803      -0.0025      -0.2575      -0.2294
                  0.0894      -0.0259      -0.1236      -0.3383      -0.0111
   5      0      -0.3676      -0.7759      -0.0005      -0.2549      -0.2328
                  0.0825      -0.0292      -0.1248      -0.3368      -0.0082
   5     60      -0.3678      -0.7761      -0.0007      -0.2551      -0.2330
                  0.0824      -0.0294      -0.1250      -0.3370      -0.0083
   5     80      -0.3691      -0.7774      -0.0019      -0.2562      -0.2344
                  0.0815      -0.0304      -0.1262      -0.3382      -0.0093
   5    100      -0.3720      -0.7804      -0.0047      -0.2590      -0.2375
                  0.0792      -0.0328      -0.1291      -0.3412      -0.0115
 
 group  inft   Estimated free energy: 2-th solvent contribution (kcal/mol)
   1      0      -0.7654      -0.6385      -0.5944      -0.7399      -0.4090
                 -0.3677      -0.4069      -0.3441      -0.6384      -0.5706
   1     60      -0.7657      -0.6389      -0.5947      -0.7403      -0.4093
                 -0.3681      -0.4072      -0.3445      -0.6388      -0.5710
   1     80      -0.7681      -0.6412      -0.5971      -0.7426      -0.4116
                 -0.3704      -0.4096      -0.3467      -0.6411      -0.5734
   1    100      -0.7745      -0.6476      -0.6036      -0.7491      -0.4180
                 -0.3769      -0.4160      -0.3531      -0.6476      -0.5800
   2      0      -0.7578      -0.6333      -0.5905      -0.7295      -0.4015
                 -0.3672      -0.3994      -0.3390      -0.6292      -0.5581
   3      0      -0.7557      -0.6282      -0.5880      -0.7259      -0.3989
                 -0.3655      -0.3982      -0.3357      -0.6280      -0.5536
   4      0      -0.7543      -0.6274      -0.5850      -0.7243      -0.3964
                 -0.3675      -0.3957      -0.3335      -0.6248      -0.5534
   5      0      -0.7518      -0.6249      -0.5867      -0.7220      -0.3973
                 -0.3646      -0.3968      -0.3324      -0.6264      -0.5507
   5     60      -0.7523      -0.6254      -0.5872      -0.7225      -0.3978
                 -0.3651      -0.3973      -0.3329      -0.6269      -0.5512
   5     80      -0.7551      -0.6283      -0.5900      -0.7253      -0.4005
                 -0.3680      -0.4001      -0.3356      -0.6297      -0.5541
   5    100      -0.7609      -0.6341      -0.5959      -0.7312      -0.4063
                 -0.3740      -0.4061      -0.3414      -0.6355      -0.5601
 
 group  inft   Estimated free energy: 3-th solvent contribution (kcal/mol)
   1      0      -3.6552      -3.4481      -4.0624      -3.7844      -4.0369
                 -4.3991      -4.2003      -4.2242      -3.7438      -4.0693
   1     60      -3.6809      -3.4735      -4.0882      -3.8101      -4.0626
                 -4.4249      -4.2261      -4.2501      -3.7696      -4.0951
   1     80      -3.8455      -3.6372      -4.2535      -3.9751      -4.2274
                 -4.5904      -4.3913      -4.4160      -3.9348      -4.2601
   1    100      -4.3155      -4.1050      -4.7251      -4.4458      -4.6978
                 -5.0630      -4.8629      -4.8887      -4.4060      -4.7308
   2      0      -3.6566      -3.4504      -4.0651      -3.7868      -4.0382
                 -4.4001      -4.2006      -4.2258      -3.7482      -4.0694
   3      0      -3.6602      -3.4526      -4.0652      -3.7875      -4.0423
                 -4.4040      -4.2050      -4.2284      -3.7471      -4.0739
   4      0      -3.6557      -3.4474      -4.0621      -3.7845      -4.0348
                 -4.3966      -4.1953      -4.2200      -3.7460      -4.0671
   5      0      -3.6630      -3.4537      -4.0676      -3.7926      -4.0408
                 -4.4007      -4.2035      -4.2270      -3.7487      -4.0757
   5     60      -3.6970      -3.4874      -4.1018      -3.8266      -4.0748
                 -4.4349      -4.2376      -4.2613      -3.7829      -4.1098
   5     80      -3.8951      -3.6844      -4.3008      -4.0252      -4.2731
                 -4.6341      -4.4364      -4.4609      -3.9817      -4.3084
   5    100      -4.3234      -4.1107      -4.7305      -4.4541      -4.7018
                 -5.0645      -4.8660      -4.8914      -4.4110      -4.7371
 
 
 cumulative average & 95% error for solvation free energy
              total             1st component         2nd component         3rd component
  1    -4.7824               -0.3664               -0.7557               -3.6602
  2    -4.8213     0.0779    -0.5729     0.4130    -0.6920     0.1275    -3.5564     0.2077
  3    -4.7655     0.1204    -0.3821     0.4499    -0.6573     0.1011    -3.7260     0.3598
  4    -4.7670     0.0852    -0.3511     0.3242    -0.6744     0.0793    -3.7414     0.2563
  5    -4.7489     0.0752    -0.3280     0.2553    -0.6193     0.1262    -3.8016     0.2322
  6    -4.7369     0.0659    -0.2579     0.2512    -0.5770     0.1333    -3.9020     0.2761
  7    -4.7219     0.0633    -0.2251     0.2222    -0.5515     0.1237    -3.9453     0.2489
  8    -4.7178     0.0554    -0.2126     0.1940    -0.5245     0.1200    -3.9807     0.2269
  9    -4.7176     0.0489    -0.2269     0.1735    -0.5360     0.1083    -3.9547     0.2067
 10    -4.7097     0.0465    -0.2053     0.1611    -0.5378     0.0969    -3.9666     0.1864
