 ERmod 0.3.7, Copyright (C) 2000-2019 Nobuyuki Matubayasi
                            2010-2019 Shun Sakuraba
 ERmod comes with ABSOLUTELY NO WARRANTY.
 This is free software, and you can redistribute it
 and/or modify it under certain conditions.
 See LICENSE file for details.
 ERmod 0.3.7, Copyright (C) 2000-2019 Nobuyuki Matubayasi
                            2010-2019 Shun Sakuraba
 ERmod comes with ABSOLUTELY NO WARRANTY.
 This is free software, and you can redistribute it
 and/or modify it under certain conditions.
 See LICENSE file for details.
 
  Number of the   1-th solvent  =           90
  Number of the   2-th solvent  =           90
  Number of the   3-th solvent  =        10000
 
  Be sure that the solvent distribution is homogeneous (radial distribution function is essentially unity) when the solvent molecule is separated beyond distance of   10.0 Angstrom in any direction from any atom within the solute molecule
 
  LJ long-range correction    =        -0.0006     -0.0102     -0.4102
 
  Self-energy of the solute   =        -0.0001  kcal/mol
 
 
 cumulative average & 95% error for solvation energy
              total             1st component         2nd component         3rd component
  1   -23.6908               -0.2745               -1.0112              -22.4050
  2   -23.5684     0.2447    -0.1935     0.1619    -0.7204     0.5815   -22.6543     0.4987
  3   -23.5166     0.1752    -0.4050     0.4330    -0.7944     0.3669   -22.3171     0.7333
  4   -23.4797     0.1441    -0.2638     0.4165    -0.6557     0.3798   -22.5601     0.7107
  5   -23.4531     0.1237    -0.2300     0.3296    -0.7416     0.3408   -22.4814     0.5726
  6   -23.4388     0.1050    -0.1649     0.2990    -0.8101     0.3101   -22.4637     0.4689
  7   -23.4265     0.0921    -0.1860     0.2562    -0.7509     0.2876   -22.4895     0.3996
  8   -23.4299     0.0800    -0.1713     0.2238    -0.8405     0.3068   -22.4181     0.3744
  9   -23.4345     0.0711    -0.1798     0.1981    -0.8033     0.2806   -22.4513     0.3368
 10   -23.4253     0.0663    -0.1324     0.2009    -0.7945     0.2516   -22.4983     0.3155
 
 
 group  inft  solvation free energy     error          difference
  total solvation free energy
   1      0         -4.16243           0.06495           0.00940
   1     60         -4.18329           0.06498          -0.01146
   1     80         -4.34517           0.06520          -0.17333
   1    100         -4.89775           0.06590          -0.72592
   2      0         -4.16608           0.06276           0.00575
   3      0         -4.17183           0.06287           0.00000
   4      0         -4.16777           0.06285           0.00406
   5      0         -4.17162           0.06323           0.00021
   5     60         -4.19998           0.06326          -0.02814
   5     80         -4.39973           0.06351          -0.22790
   5    100         -4.90853           0.06409          -0.73669
 
  contribution from  1-th solvent component
   1      0          0.04442           0.11301           0.00514
   1     60          0.04476           0.11301           0.00548
   1     80          0.04700           0.11302           0.00772
   1    100          0.05337           0.11309           0.01409
   2      0          0.04217           0.11660           0.00289
   3      0          0.03928           0.11817          -0.00000
   4      0          0.03773           0.11951          -0.00156
   5      0          0.03743           0.11966          -0.00185
   5     60          0.03784           0.11966          -0.00144
   5     80          0.04036           0.11969           0.00108
   5    100          0.04562           0.11981           0.00634
 
  contribution from  2-th solvent component
   1      0         -0.42763           0.13788          -0.00011
   1     60         -0.42777           0.13790          -0.00025
   1     80         -0.42896           0.13803          -0.00144
   1    100         -0.43346           0.13839          -0.00594
   2      0         -0.42702           0.13593           0.00050
   3      0         -0.42752           0.13607          -0.00000
   4      0         -0.42612           0.13473           0.00140
   5      0         -0.42496           0.13545           0.00256
   5     60         -0.42517           0.13547           0.00234
   5     80         -0.42680           0.13559           0.00072
   5    100         -0.43123           0.13585          -0.00371
 
  contribution from  3-th solvent component
   1      0         -3.77913           0.16215           0.00437
   1     60         -3.80018           0.16216          -0.01668
   1     80         -3.96311           0.16234          -0.17961
   1    100         -4.51756           0.16318          -0.73406
   2      0         -3.78114           0.16220           0.00236
   3      0         -3.78350           0.16197           0.00000
   4      0         -3.77928           0.16214           0.00422
   5      0         -3.78400           0.16175          -0.00050
   5     60         -3.81255           0.16177          -0.02905
   5     80         -4.01319           0.16199          -0.22969
   5    100         -4.52283           0.16274          -0.73933
 
 
 group  inft   Estimated free energy: total (kcal/mol)
   1      0      -4.3802      -4.1693      -4.1150      -4.0328      -4.1393
                 -4.1131      -4.0767      -4.2957      -4.1468      -4.1555
   1     60      -4.4013      -4.1902      -4.1359      -4.0535      -4.1601
                 -4.1339      -4.0976      -4.3164      -4.1678      -4.1764
   1     80      -4.5645      -4.3524      -4.2974      -4.2147      -4.3216
                 -4.2952      -4.2593      -4.4775      -4.3303      -4.3387
   1    100      -5.1209      -4.9054      -4.8476      -4.7665      -4.8728
                 -4.8465      -4.8115      -5.0290      -4.8839      -4.8935
   2      0      -4.3842      -4.1749      -4.1366      -4.0482      -4.1327
                 -4.1219      -4.0796      -4.2884      -4.1507      -4.1436
   3      0      -4.3907      -4.1808      -4.1513      -4.0561      -4.1373
                 -4.1286      -4.0806      -4.2928      -4.1595      -4.1407
   4      0      -4.3913      -4.1693      -4.1448      -4.0478      -4.1307
                 -4.1300      -4.0846      -4.2835      -4.1537      -4.1420
   5      0      -4.3942      -4.1705      -4.1533      -4.0533      -4.1378
                 -4.1350      -4.0824      -4.2909      -4.1641      -4.1347
   5     60      -4.4228      -4.1990      -4.1816      -4.0815      -4.1661
                 -4.1633      -4.1108      -4.3190      -4.1926      -4.1631
   5     80      -4.6241      -4.3990      -4.3810      -4.2806      -4.3652
                 -4.3624      -4.3104      -4.5177      -4.3933      -4.3635
   5    100      -5.1366      -4.9081      -4.8879      -4.7888      -4.8724
                 -4.8701      -4.8187      -5.0252      -4.9034      -4.8742
 
 group  inft   Estimated free energy: 1-th solvent contribution (kcal/mol)
   1      0      -0.0643       0.0668      -0.3410       0.2740       0.0533
                  0.1997      -0.0505       0.0635       0.0022       0.2406
   1     60      -0.0640       0.0672      -0.3406       0.2744       0.0536
                  0.2000      -0.0502       0.0638       0.0025       0.2409
   1     80      -0.0620       0.0699      -0.3381       0.2769       0.0558
                  0.2023      -0.0482       0.0661       0.0045       0.2429
   1    100      -0.0565       0.0775      -0.3312       0.2844       0.0620
                  0.2088      -0.0425       0.0724       0.0100       0.2488
   2      0      -0.0718       0.0624      -0.3617       0.2665       0.0573
                  0.2012      -0.0461       0.0645      -0.0011       0.2505
   3      0      -0.0737       0.0596      -0.3726       0.2614       0.0566
                  0.2021      -0.0486       0.0612      -0.0048       0.2516
   4      0      -0.0804       0.0605      -0.3766       0.2676       0.0571
                  0.2006      -0.0510       0.0586      -0.0089       0.2498
   5      0      -0.0776       0.0615      -0.3795       0.2651       0.0536
                  0.2023      -0.0486       0.0571      -0.0098       0.2501
   5     60      -0.0772       0.0619      -0.3791       0.2656       0.0541
                  0.2027      -0.0482       0.0575      -0.0094       0.2505
   5     80      -0.0751       0.0650      -0.3763       0.2685       0.0567
                  0.2054      -0.0461       0.0601      -0.0074       0.2528
   5    100      -0.0710       0.0716      -0.3707       0.2748       0.0620
                  0.2110      -0.0415       0.0654      -0.0032       0.2576
 
 group  inft   Estimated free energy: 2-th solvent contribution (kcal/mol)
   1      0      -0.6075      -0.2611      -0.4717      -0.1062      -0.5828
                 -0.5584      -0.1965      -0.8117      -0.2901      -0.3903
   1     60      -0.6076      -0.2613      -0.4719      -0.1063      -0.5829
                 -0.5585      -0.1966      -0.8119      -0.2902      -0.3904
   1     80      -0.6091      -0.2626      -0.4732      -0.1070      -0.5843
                 -0.5594      -0.1974      -0.8134      -0.2914      -0.3917
   1    100      -0.6144      -0.2673      -0.4781      -0.1103      -0.5893
                 -0.5634      -0.2008      -0.8188      -0.2959      -0.3962
   2      0      -0.6016      -0.2619      -0.4701      -0.1103      -0.5782
                 -0.5654      -0.2015      -0.8045      -0.2896      -0.3870
   3      0      -0.6012      -0.2609      -0.4713      -0.1120      -0.5800
                 -0.5733      -0.1998      -0.8021      -0.2909      -0.3836
   4      0      -0.5995      -0.2587      -0.4683      -0.1146      -0.5759
                 -0.5698      -0.2013      -0.7969      -0.2888      -0.3871
   5      0      -0.5966      -0.2599      -0.4681      -0.1114      -0.5753
                 -0.5747      -0.1997      -0.7976      -0.2861      -0.3803
   5     60      -0.5968      -0.2602      -0.4684      -0.1115      -0.5756
                 -0.5749      -0.1998      -0.7978      -0.2863      -0.3805
   5     80      -0.5987      -0.2619      -0.4702      -0.1126      -0.5774
                 -0.5763      -0.2010      -0.7997      -0.2879      -0.3822
   5    100      -0.6036      -0.2667      -0.4750      -0.1161      -0.5822
                 -0.5804      -0.2044      -0.8047      -0.2924      -0.3868
 
 group  inft   Estimated free energy: 3-th solvent contribution (kcal/mol)
   1      0      -3.7083      -3.9749      -3.3022      -4.2004      -3.6097
                 -3.7543      -3.8296      -3.5474      -3.8588      -4.0057
   1     60      -3.7295      -3.9961      -3.3233      -4.2215      -3.6307
                 -3.7753      -3.8507      -3.5682      -3.8799      -4.0267
   1     80      -3.8932      -4.1596      -3.4860      -4.3845      -3.7931
                 -3.9380      -4.0136      -3.7301      -4.0432      -4.1899
   1    100      -4.4499      -4.7155      -4.0382      -4.9404      -4.3454
                 -4.4919      -4.5681      -4.2824      -4.5978      -4.7460
   2      0      -3.7107      -3.9752      -3.3048      -4.2044      -3.6117
                 -3.7575      -3.8319      -3.5483      -3.8599      -4.0071
   3      0      -3.7156      -3.9794      -3.3073      -4.2053      -3.6138
                 -3.7573      -3.8322      -3.5519      -3.8637      -4.0086
   4      0      -3.7113      -3.9709      -3.2998      -4.2007      -3.6118
                 -3.7607      -3.8321      -3.5451      -3.8559      -4.0046
   5      0      -3.7199      -3.9719      -3.3055      -4.2069      -3.6160
                 -3.7625      -3.8340      -3.5504      -3.8682      -4.0045
   5     60      -3.7487      -4.0007      -3.3341      -4.2354      -3.6445
                 -3.7910      -3.8626      -3.5786      -3.8968      -4.0330
   5     80      -3.9503      -4.2020      -3.5345      -4.4363      -3.8445
                 -3.9914      -4.0632      -3.7780      -4.0979      -4.2339
   5    100      -4.4619      -4.7129      -4.0422      -4.9474      -4.3522
                 -4.5006      -4.5727      -4.2858      -4.6077      -4.7449
 
 
 cumulative average & 95% error for solvation free energy
              total             1st component         2nd component         3rd component
  1    -4.3907               -0.0737               -0.6012               -3.7156
  2    -4.2857     0.2099    -0.0070     0.1334    -0.4311     0.3403    -3.8475     0.2638
  3    -4.2409     0.1507    -0.1289     0.2556    -0.4445     0.1983    -3.6675     0.3910
  4    -4.1947     0.1411    -0.0313     0.2660    -0.3614     0.2175    -3.8019     0.3857
  5    -4.1832     0.1117    -0.0137     0.2090    -0.4051     0.1898    -3.7643     0.3081
  6    -4.1741     0.0930     0.0222     0.1852    -0.4331     0.1648    -3.7631     0.2516
  7    -4.1608     0.0830     0.0121     0.1578    -0.3998     0.1544    -3.7730     0.2135
  8    -4.1773     0.0791     0.0183     0.1372    -0.4501     0.1673    -3.7453     0.1930
  9    -4.1753     0.0699     0.0157     0.1211    -0.4324     0.1517    -3.7585     0.1722
 10    -4.1718     0.0629     0.0393     0.1182    -0.4275     0.1361    -3.7835     0.1620
