 ERmod 0.3.7, Copyright (C) 2000-2019 Nobuyuki Matubayasi
                            2010-2019 Shun Sakuraba
 ERmod comes with ABSOLUTELY NO WARRANTY.
 This is free software, and you can redistribute it
 and/or modify it under certain conditions.
 See LICENSE file for details.
 ERmod 0.3.7, Copyright (C) 2000-2019 Nobuyuki Matubayasi
                            2010-2019 Shun Sakuraba
 ERmod comes with ABSOLUTELY NO WARRANTY.
 This is free software, and you can redistribute it
 and/or modify it under certain conditions.
 See LICENSE file for details.
 
  Number of the   1-th solvent  =          180
  Number of the   2-th solvent  =          180
  Number of the   3-th solvent  =        10000
 
  Be sure that the solvent distribution is homogeneous (radial distribution function is essentially unity) when the solvent molecule is separated beyond distance of   10.0 Angstrom in any direction from any atom within the solute molecule
 
  LJ long-range correction    =        -0.0025     -0.0066     -0.1330
 
  Self-energy of the solute   =         0.0000  kcal/mol
 
 
 cumulative average & 95% error for solvation energy
              total             1st component         2nd component         3rd component
  1    -4.0494                0.0028               -0.1397               -3.9125
  2    -4.0680     0.0372    -0.0043     0.0144    -0.1695     0.0596    -3.8942     0.0367
  3    -4.0735     0.0241    -0.0102     0.0143    -0.1804     0.0408    -3.8829     0.0310
  4    -4.0720     0.0173    -0.0052     0.0142    -0.1823     0.0291    -3.8844     0.0221
  5    -4.0629     0.0226    -0.0029     0.0119    -0.1801     0.0230    -3.8798     0.0194
  6    -4.0596     0.0195    -0.0004     0.0110    -0.1787     0.0190    -3.8806     0.0159
  7    -4.0584     0.0167     0.0023     0.0107    -0.1793     0.0161    -3.8813     0.0136
  8    -4.0571     0.0147     0.0008     0.0097    -0.1786     0.0140    -3.8794     0.0124
  9    -4.0554     0.0134     0.0013     0.0086    -0.1750     0.0143    -3.8818     0.0119
 10    -4.0531     0.0129     0.0026     0.0082    -0.1741     0.0129    -3.8816     0.0107
 
 
 group  inft  solvation free energy     error          difference
  total solvation free energy
   1      0          2.70499           0.00900           0.00569
   1     60          2.68668           0.00907          -0.01261
   1     80          2.58279           0.00948          -0.11651
   1    100          2.28877           0.01065          -0.41053
   2      0          2.70606           0.00908           0.00677
   3      0          2.69930           0.00930           0.00000
   4      0          2.76221           0.00878           0.06291
   5      0          2.71843           0.00924           0.01913
   5     60          2.69447           0.00933          -0.00483
   5     80          2.56875           0.00979          -0.13055
   5    100          2.29618           0.01079          -0.40312
 
  contribution from  1-th solvent component
   1      0          0.10305           0.00521           0.00343
   1     60          0.10297           0.00524           0.00336
   1     80          0.10225           0.00545           0.00264
   1    100          0.09887           0.00607          -0.00075
   2      0          0.10133           0.00512           0.00171
   3      0          0.09962           0.00508           0.00000
   4      0          0.09894           0.00487          -0.00067
   5      0          0.09851           0.00488          -0.00111
   5     60          0.09837           0.00492          -0.00124
   5     80          0.09718           0.00515          -0.00244
   5    100          0.09352           0.00563          -0.00610
 
  contribution from  2-th solvent component
   1      0         -0.01744           0.00777           0.00303
   1     60         -0.01764           0.00780           0.00283
   1     80         -0.01920           0.00797           0.00127
   1    100         -0.02395           0.00838          -0.00348
   2      0         -0.01966           0.00762           0.00081
   3      0         -0.02047           0.00771           0.00000
   4      0         -0.02164           0.00765          -0.00117
   5      0         -0.02175           0.00751          -0.00128
   5     60         -0.02208           0.00755          -0.00161
   5     80         -0.02411           0.00774          -0.00364
   5    100         -0.02869           0.00808          -0.00822
 
  contribution from  3-th solvent component
   1      0          2.61937           0.00447          -0.00077
   1     60          2.60135           0.00449          -0.01880
   1     80          2.49973           0.00459          -0.12042
   1    100          2.21386           0.00494          -0.40629
   2      0          2.62439           0.00440           0.00424
   3      0          2.62015           0.00464           0.00000
   4      0          2.68491           0.00419           0.06476
   5      0          2.64167           0.00493           0.02152
   5     60          2.61817           0.00495          -0.00198
   5     80          2.49568           0.00507          -0.12447
   5    100          2.23135           0.00540          -0.38880
 
 
 group  inft   Estimated free energy: total (kcal/mol)
   1      0       2.7226       2.6919       2.6817       2.7012       2.7076
                  2.7056       2.6967       2.6993       2.7137       2.7295
   1     60       2.7045       2.6735       2.6632       2.6829       2.6892
                  2.6873       2.6784       2.6810       2.6955       2.7113
   1     80       2.6017       2.5691       2.5582       2.5791       2.5847
                  2.5833       2.5748       2.5765       2.5917       2.6087
   1    100       2.3100       2.2733       2.2612       2.2852       2.2899
                  2.2892       2.2815       2.2809       2.2978       2.3186
   2      0       2.7257       2.6948       2.6820       2.7007       2.7091
                  2.7072       2.6981       2.6994       2.7145       2.7294
   3      0       2.7197       2.6881       2.6752       2.6929       2.7026
                  2.7011       2.6911       2.6924       2.7059       2.7240
   4      0       2.7826       2.7501       2.7404       2.7562       2.7646
                  2.7633       2.7531       2.7570       2.7713       2.7836
   5      0       2.7382       2.7072       2.6953       2.7105       2.7243
                  2.7196       2.7099       2.7124       2.7230       2.7438
   5     60       2.7145       2.6832       2.6712       2.6865       2.7003
                  2.6956       2.6860       2.6883       2.6991       2.7201
   5     80       2.5899       2.5568       2.5442       2.5607       2.5742
                  2.5698       2.5606       2.5620       2.5735       2.5958
   5    100       2.3192       2.2827       2.2690       2.2879       2.3012
                  2.2971       2.2887       2.2883       2.3011       2.3267
 
 group  inft   Estimated free energy: 1-th solvent contribution (kcal/mol)
   1      0       0.1018       0.0944       0.0906       0.1115       0.1043
                  0.1083       0.1142       0.0937       0.1007       0.1109
   1     60       0.1017       0.0943       0.0905       0.1115       0.1042
                  0.1083       0.1142       0.0936       0.1006       0.1109
   1     80       0.1008       0.0933       0.0894       0.1111       0.1034
                  0.1076       0.1141       0.0925       0.0997       0.1106
   1    100       0.0968       0.0889       0.0850       0.1087       0.0999
                  0.1046       0.1123       0.0880       0.0957       0.1087
   2      0       0.1007       0.0932       0.0894       0.1087       0.1027
                  0.1068       0.1123       0.0909       0.0994       0.1091
   3      0       0.0993       0.0914       0.0873       0.1071       0.1008
                  0.1047       0.1107       0.0896       0.0983       0.1069
   4      0       0.0984       0.0904       0.0878       0.1062       0.0999
                  0.1036       0.1100       0.0897       0.0974       0.1061
   5      0       0.0982       0.0901       0.0867       0.1052       0.0993
                  0.1031       0.1095       0.0897       0.0972       0.1061
   5     60       0.0980       0.0899       0.0865       0.1052       0.0991
                  0.1030       0.1095       0.0895       0.0970       0.1060
   5     80       0.0966       0.0884       0.0849       0.1043       0.0978
                  0.1019       0.1090       0.0879       0.0956       0.1053
   5    100       0.0924       0.0840       0.0806       0.1014       0.0941
                  0.0984       0.1067       0.0834       0.0915       0.1028
 
 group  inft   Estimated free energy: 2-th solvent contribution (kcal/mol)
   1      0       0.0027      -0.0295      -0.0335      -0.0266      -0.0170
                 -0.0167      -0.0260      -0.0172       0.0016      -0.0122
   1     60       0.0027      -0.0297      -0.0338      -0.0268      -0.0173
                 -0.0169      -0.0263      -0.0175       0.0015      -0.0124
   1     80       0.0017      -0.0315      -0.0356      -0.0286      -0.0189
                 -0.0186      -0.0279      -0.0191       0.0004      -0.0140
   1    100      -0.0016      -0.0367      -0.0410      -0.0338      -0.0240
                 -0.0236      -0.0329      -0.0239      -0.0033      -0.0188
   2      0       0.0010      -0.0309      -0.0354      -0.0281      -0.0197
                 -0.0192      -0.0282      -0.0200      -0.0012      -0.0150
   3      0       0.0007      -0.0319      -0.0362      -0.0299      -0.0201
                 -0.0193      -0.0294      -0.0209      -0.0028      -0.0149
   4      0      -0.0003      -0.0329      -0.0371      -0.0310      -0.0213
                 -0.0202      -0.0307      -0.0219      -0.0043      -0.0166
   5      0      -0.0008      -0.0326      -0.0371      -0.0312      -0.0210
                 -0.0203      -0.0306      -0.0224      -0.0051      -0.0163
   5     60      -0.0010      -0.0329      -0.0375      -0.0316      -0.0214
                 -0.0206      -0.0310      -0.0228      -0.0054      -0.0166
   5     80      -0.0023      -0.0352      -0.0398      -0.0338      -0.0235
                 -0.0228      -0.0332      -0.0249      -0.0070      -0.0187
   5    100      -0.0056      -0.0401      -0.0449      -0.0388      -0.0283
                 -0.0275      -0.0379      -0.0296      -0.0108      -0.0233
 
 group  inft   Estimated free energy: 3-th solvent contribution (kcal/mol)
   1      0       2.6181       2.6269       2.6246       2.6163       2.6203
                  2.6140       2.6085       2.6229       2.6114       2.6308
   1     60       2.6002       2.6089       2.6065       2.5982       2.6022
                  2.5960       2.5904       2.6049       2.5933       2.6129
   1     80       2.4992       2.5073       2.5044       2.4966       2.5002
                  2.4943       2.4886       2.5031       2.4916       2.5121
   1    100       2.2147       2.2210       2.2172       2.2103       2.2139
                  2.2082       2.2021       2.2168       2.2054       2.2288
   2      0       2.6240       2.6324       2.6280       2.6200       2.6261
                  2.6195       2.6139       2.6284       2.6162       2.6353
   3      0       2.6197       2.6286       2.6241       2.6157       2.6219
                  2.6157       2.6098       2.6236       2.6104       2.6321
   4      0       2.6846       2.6926       2.6897       2.6810       2.6860
                  2.6800       2.6738       2.6892       2.6782       2.6941
   5      0       2.6408       2.6497       2.6458       2.6364       2.6461
                  2.6368       2.6311       2.6451       2.6309       2.6541
   5     60       2.6174       2.6262       2.6222       2.6129       2.6225
                  2.6133       2.6075       2.6216       2.6074       2.6307
   5     80       2.4956       2.5036       2.4991       2.4902       2.4998
                  2.4907       2.4847       2.4990       2.4848       2.5092
   5    100       2.2324       2.2388       2.2334       2.2253       2.2355
                  2.2262       2.2199       2.2345       2.2204       2.2472
 
 
 cumulative average & 95% error for solvation free energy
              total             1st component         2nd component         3rd component
  1     2.7197                0.0993                0.0007                2.6197
  2     2.7039     0.0316     0.0954     0.0079    -0.0156     0.0326     2.6241     0.0089
  3     2.6943     0.0264     0.0927     0.0070    -0.0225     0.0233     2.6241     0.0051
  4     2.6940     0.0187     0.0963     0.0088    -0.0243     0.0169     2.6220     0.0055
  5     2.6957     0.0149     0.0972     0.0070    -0.0235     0.0132     2.6220     0.0043
  6     2.6966     0.0123     0.0984     0.0063    -0.0228     0.0109     2.6209     0.0041
  7     2.6958     0.0105     0.1002     0.0063    -0.0237     0.0094     2.6193     0.0047
  8     2.6954     0.0091     0.0989     0.0061    -0.0234     0.0081     2.6199     0.0042
  9     2.6965     0.0084     0.0988     0.0054    -0.0211     0.0085     2.6188     0.0043
 10     2.6993     0.0093     0.0996     0.0051    -0.0205     0.0077     2.6201     0.0046
