 ERmod 0.3.7, Copyright (C) 2000-2019 Nobuyuki Matubayasi
                            2010-2019 Shun Sakuraba
 ERmod comes with ABSOLUTELY NO WARRANTY.
 This is free software, and you can redistribute it
 and/or modify it under certain conditions.
 See LICENSE file for details.
 ERmod 0.3.7, Copyright (C) 2000-2019 Nobuyuki Matubayasi
                            2010-2019 Shun Sakuraba
 ERmod comes with ABSOLUTELY NO WARRANTY.
 This is free software, and you can redistribute it
 and/or modify it under certain conditions.
 See LICENSE file for details.
 
  Number of the   1-th solvent  =          180
  Number of the   2-th solvent  =          180
  Number of the   3-th solvent  =        10000
 
  Be sure that the solvent distribution is homogeneous (radial distribution function is essentially unity) when the solvent molecule is separated beyond distance of   10.0 Angstrom in any direction from any atom within the solute molecule
 
  LJ long-range correction    =        -0.0014     -0.0227     -0.4551
 
  Self-energy of the solute   =         0.0000  kcal/mol
 
 
 cumulative average & 95% error for solvation energy
              total             1st component         2nd component         3rd component
  1   -11.5929                0.3070               -0.5445              -11.3553
  2   -11.5775     0.0307     0.3087     0.0033    -0.5507     0.0122   -11.3356     0.0396
  3   -11.5554     0.0477     0.3071     0.0036    -0.5379     0.0265   -11.3247     0.0315
  4   -11.5764     0.0539     0.3084     0.0036    -0.5706     0.0681   -11.3142     0.0306
  5   -11.5629     0.0497     0.3087     0.0028    -0.5691     0.0529   -11.3025     0.0333
  6   -11.5685     0.0422     0.3091     0.0025    -0.5773     0.0462   -11.3004     0.0275
  7   -11.5712     0.0360     0.3090     0.0021    -0.5859     0.0427   -11.2943     0.0263
  8   -11.5711     0.0312     0.3085     0.0022    -0.5907     0.0382   -11.2889     0.0252
  9   -11.5774     0.0303     0.3077     0.0024    -0.5885     0.0340   -11.2966     0.0272
 10   -11.5735     0.0281     0.3081     0.0022    -0.5826     0.0326   -11.2990     0.0248
 
 
 group  inft  solvation free energy     error          difference
  total solvation free energy
   1      0          3.34899           0.01609           0.01147
   1     60          3.33669           0.01611          -0.00082
   1     80          3.22579           0.01632          -0.11172
   1    100          2.77437           0.01738          -0.56314
   2      0          3.33594           0.01666          -0.00157
   3      0          3.33751           0.01687           0.00000
   4      0          3.31482           0.01727          -0.02269
   5      0          3.36128           0.01597           0.02377
   5     60          3.34429           0.01599           0.00678
   5     80          3.20179           0.01628          -0.13572
   5    100          2.77775           0.01727          -0.55976
 
  contribution from  1-th solvent component
   1      0          0.27430           0.00554           0.00327
   1     60          0.27487           0.00554           0.00384
   1     80          0.27972           0.00561           0.00869
   1    100          0.29392           0.00589           0.02289
   2      0          0.27183           0.00514           0.00081
   3      0          0.27103           0.00505          -0.00000
   4      0          0.26985           0.00521          -0.00118
   5      0          0.26894           0.00510          -0.00209
   5     60          0.26974           0.00511          -0.00129
   5     80          0.27565           0.00518           0.00462
   5    100          0.28837           0.00544           0.01734
 
  contribution from  2-th solvent component
   1      0         -0.29937           0.01921           0.00279
   1     60         -0.29946           0.01924           0.00270
   1     80         -0.30059           0.01951           0.00158
   1    100         -0.30587           0.02054          -0.00370
   2      0         -0.30151           0.01920           0.00065
   3      0         -0.30217           0.01907           0.00000
   4      0         -0.30341           0.01917          -0.00124
   5      0         -0.30372           0.01892          -0.00155
   5     60         -0.30387           0.01897          -0.00171
   5     80         -0.30548           0.01931          -0.00332
   5    100         -0.31068           0.02029          -0.00851
 
  contribution from  3-th solvent component
   1      0          3.37403           0.01569           0.00541
   1     60          3.36125           0.01570          -0.00737
   1     80          3.24662           0.01584          -0.12199
   1    100          2.78629           0.01656          -0.58233
   2      0          3.36558           0.01445          -0.00303
   3      0          3.36862           0.01475           0.00000
   4      0          3.34834           0.01454          -0.02028
   5      0          3.39603           0.01490           0.02741
   5     60          3.37839           0.01491           0.00977
   5     80          3.23160           0.01508          -0.13702
   5    100          2.80003           0.01571          -0.56858
 
 
 group  inft   Estimated free energy: total (kcal/mol)
   1      0       3.3342       3.3572       3.3767       3.3151       3.3803
                  3.3321       3.3636       3.3560       3.3072       3.3676
   1     60       3.3219       3.3449       3.3644       3.3027       3.3680
                  3.3198       3.3513       3.3436       3.2948       3.3554
   1     80       3.2107       3.2343       3.2542       3.1914       3.2568
                  3.2089       3.2406       3.2327       3.1832       3.2451
   1    100       2.7571       2.7846       2.8053       2.7382       2.8049
                  2.7576       2.7903       2.7815       2.7282       2.7961
   2      0       3.3241       3.3395       3.3669       3.2988       3.3702
                  3.3201       3.3463       3.3362       3.2961       3.3611
   3      0       3.3257       3.3400       3.3668       3.3010       3.3739
                  3.3213       3.3482       3.3379       3.2966       3.3637
   4      0       3.3030       3.3185       3.3440       3.2774       3.3504
                  3.2962       3.3277       3.3138       3.2737       3.3437
   5      0       3.3462       3.3642       3.3870       3.3258       3.3945
                  3.3512       3.3718       3.3632       3.3215       3.3873
   5     60       3.3293       3.3473       3.3701       3.3087       3.3775
                  3.3342       3.3548       3.3462       3.3044       3.3704
   5     80       3.1864       3.2051       3.2284       3.1657       3.2348
                  3.1917       3.2125       3.2036       3.1610       3.2288
   5    100       2.7605       2.7827       2.8066       2.7400       2.8104
                  2.7675       2.7894       2.7797       2.7336       2.8072
 
 group  inft   Estimated free energy: 1-th solvent contribution (kcal/mol)
   1      0       0.2714       0.2742       0.2615       0.2846       0.2804
                  0.2780       0.2854       0.2690       0.2603       0.2782
   1     60       0.2720       0.2748       0.2621       0.2852       0.2809
                  0.2786       0.2859       0.2696       0.2608       0.2788
   1     80       0.2766       0.2797       0.2668       0.2901       0.2855
                  0.2837       0.2911       0.2745       0.2656       0.2837
   1    100       0.2891       0.2944       0.2805       0.3046       0.2984
                  0.2989       0.3067       0.2890       0.2793       0.2982
   2      0       0.2687       0.2715       0.2607       0.2805       0.2783
                  0.2761       0.2817       0.2663       0.2585       0.2761
   3      0       0.2678       0.2720       0.2594       0.2784       0.2773
                  0.2760       0.2805       0.2656       0.2579       0.2753
   4      0       0.2664       0.2708       0.2581       0.2775       0.2764
                  0.2741       0.2804       0.2642       0.2565       0.2742
   5      0       0.2658       0.2693       0.2576       0.2765       0.2760
                  0.2734       0.2779       0.2631       0.2556       0.2740
   5     60       0.2666       0.2701       0.2584       0.2773       0.2768
                  0.2743       0.2788       0.2639       0.2564       0.2748
   5     80       0.2721       0.2761       0.2641       0.2833       0.2823
                  0.2805       0.2851       0.2700       0.2621       0.2808
   5    100       0.2833       0.2893       0.2764       0.2963       0.2937
                  0.2943       0.2991       0.2830       0.2744       0.2939
 
 group  inft   Estimated free energy: 2-th solvent contribution (kcal/mol)
   1      0      -0.2809      -0.2822      -0.2518      -0.3496      -0.2947
                 -0.3186      -0.3307      -0.3236      -0.2916      -0.2701
   1     60      -0.2809      -0.2823      -0.2518      -0.3497      -0.2948
                 -0.3187      -0.3308      -0.3238      -0.2917      -0.2701
   1     80      -0.2819      -0.2830      -0.2521      -0.3513      -0.2961
                 -0.3201      -0.3324      -0.3253      -0.2930      -0.2706
   1    100      -0.2865      -0.2868      -0.2545      -0.3585      -0.3018
                 -0.3265      -0.3395      -0.3319      -0.2991      -0.2736
   2      0      -0.2824      -0.2850      -0.2545      -0.3511      -0.2962
                 -0.3215      -0.3324      -0.3268      -0.2938      -0.2715
   3      0      -0.2835      -0.2866      -0.2564      -0.3517      -0.2957
                 -0.3217      -0.3330      -0.3275      -0.2945      -0.2711
   4      0      -0.2843      -0.2879      -0.2571      -0.3532      -0.2973
                 -0.3237      -0.3336      -0.3289      -0.2959      -0.2721
   5      0      -0.2844      -0.2868      -0.2585      -0.3531      -0.2985
                 -0.3243      -0.3335      -0.3282      -0.2965      -0.2733
   5     60      -0.2846      -0.2869      -0.2586      -0.3534      -0.2986
                 -0.3245      -0.3338      -0.3284      -0.2967      -0.2733
   5     80      -0.2859      -0.2881      -0.2592      -0.3556      -0.3004
                 -0.3265      -0.3359      -0.3305      -0.2986      -0.2742
   5    100      -0.2904      -0.2918      -0.2617      -0.3626      -0.3061
                 -0.3329      -0.3427      -0.3370      -0.3046      -0.2771
 
 group  inft   Estimated free energy: 3-th solvent contribution (kcal/mol)
   1      0       3.3436       3.3652       3.3669       3.3800       3.3946
                  3.3726       3.4089       3.4105       3.3385       3.3594
   1     60       3.3308       3.3524       3.3541       3.3672       3.3819
                  3.3598       3.3961       3.3978       3.3256       3.3466
   1     80       3.2160       3.2376       3.2395       3.2526       3.2674
                  3.2453       3.2818       3.2834       3.2106       3.2320
   1    100       2.7544       2.7769       2.7792       2.7920       2.8083
                  2.7851       2.8231       2.8244       2.7480       2.7715
   2      0       3.3378       3.3529       3.3606       3.3694       3.3881
                  3.3654       3.3970       3.3967       3.3314       3.3564
   3      0       3.3413       3.3546       3.3637       3.3743       3.3922
                  3.3671       3.4006       3.3997       3.3332       3.3594
   4      0       3.3208       3.3356       3.3429       3.3530       3.3713
                  3.3458       3.3808       3.3784       3.3131       3.3416
   5      0       3.3648       3.3818       3.3879       3.4023       3.4169
                  3.4020       3.4274       3.4283       3.3624       3.3865
   5     60       3.3471       3.3641       3.3703       3.3847       3.3992
                  3.3844       3.4098       3.4106       3.3447       3.3689
   5     80       3.2001       3.2171       3.2234       3.2379       3.2528
                  3.2376       3.2633       3.2641       3.1974       3.2222
   5    100       2.7676       2.7852       2.7918       2.8063       2.8228
                  2.8060       2.8330       2.8336       2.7637       2.7903
 
 
 cumulative average & 95% error for solvation free energy
              total             1st component         2nd component         3rd component
  1     3.3257                0.2678               -0.2835                3.3413
  2     3.3328     0.0143     0.2699     0.0042    -0.2851     0.0031     3.3479     0.0133
  3     3.3441     0.0241     0.2664     0.0074    -0.2755     0.0192     3.3532     0.0130
  4     3.3334     0.0275     0.2694     0.0079    -0.2946     0.0405     3.3585     0.0140
  5     3.3415     0.0268     0.2710     0.0069    -0.2948     0.0313     3.3652     0.0173
  6     3.3381     0.0229     0.2718     0.0059    -0.2993     0.0271     3.3655     0.0142
  7     3.3396     0.0195     0.2731     0.0056    -0.3041     0.0249     3.3705     0.0156
  8     3.3394     0.0169     0.2721     0.0052    -0.3070     0.0223     3.3742     0.0154
  9     3.3346     0.0177     0.2706     0.0055    -0.3056     0.0199     3.3696     0.0163
 10     3.3375     0.0169     0.2710     0.0051    -0.3022     0.0191     3.3686     0.0147
