 ERmod 0.3.7, Copyright (C) 2000-2019 Nobuyuki Matubayasi
                            2010-2019 Shun Sakuraba
 ERmod comes with ABSOLUTELY NO WARRANTY.
 This is free software, and you can redistribute it
 and/or modify it under certain conditions.
 See LICENSE file for details.
 ERmod 0.3.7, Copyright (C) 2000-2019 Nobuyuki Matubayasi
                            2010-2019 Shun Sakuraba
 ERmod comes with ABSOLUTELY NO WARRANTY.
 This is free software, and you can redistribute it
 and/or modify it under certain conditions.
 See LICENSE file for details.
 
  Number of the   1-th solvent  =           90
  Number of the   2-th solvent  =           90
  Number of the   3-th solvent  =        10000
 
  Be sure that the solvent distribution is homogeneous (radial distribution function is essentially unity) when the solvent molecule is separated beyond distance of   10.0 Angstrom in any direction from any atom within the solute molecule
 
  LJ long-range correction    =        -0.0046     -0.0155     -0.6201
 
  Self-energy of the solute   =        -0.0001  kcal/mol
 
 
 cumulative average & 95% error for solvation energy
              total             1st component         2nd component         3rd component
  1   -28.2106               -0.5699               -0.8885              -26.7522
  2   -28.2167     0.0122    -0.2753     0.5891    -0.7664     0.2441   -27.1749     0.8454
  3   -28.1760     0.0816    -0.1160     0.4660    -0.8697     0.2501   -27.1903     0.4891
  4   -28.1782     0.0579    -0.1396     0.3329    -0.8851     0.1795   -27.1534     0.3536
  5   -28.2011     0.0641    -0.1383     0.2579    -0.9396     0.1766   -27.1232     0.2805
  6   -28.2361     0.0873    -0.1112     0.2174    -0.9511     0.1460   -27.1737     0.2503
  7   -28.2239     0.0777    -0.2312     0.3024    -0.9567     0.1239   -27.0359     0.3475
  8   -28.2182     0.0683    -0.2445     0.2632    -0.9851     0.1214   -26.9886     0.3155
  9   -28.2003     0.0700    -0.2023     0.2470    -0.9481     0.1301   -27.0498     0.3040
 10   -28.2079     0.0644    -0.3188     0.3210    -0.8923     0.1612   -26.9967     0.2919
 
 
 group  inft  solvation free energy     error          difference
  total solvation free energy
   1      0         -3.80337           0.04736           0.00773
   1     60         -3.82533           0.04737          -0.01423
   1     80         -4.02570           0.04756          -0.21459
   1    100         -4.78146           0.04832          -0.97035
   2      0         -3.80927           0.04581           0.00184
   3      0         -3.81110           0.04342           0.00000
   4      0         -3.80849           0.04622           0.00261
   5      0         -3.80790           0.04509           0.00320
   5     60         -3.83805           0.04511          -0.02695
   5     80         -4.09012           0.04532          -0.27902
   5    100         -4.78746           0.04594          -0.97636
 
  contribution from  1-th solvent component
   1      0          0.04393           0.17735           0.01039
   1     60          0.04387           0.17736           0.01033
   1     80          0.04303           0.17749           0.00949
   1    100          0.03921           0.17806           0.00567
   2      0          0.03669           0.17588           0.00315
   3      0          0.03354           0.17426           0.00000
   4      0          0.03126           0.17423          -0.00228
   5      0          0.03125           0.17315          -0.00229
   5     60          0.03114           0.17316          -0.00241
   5     80          0.02986           0.17330          -0.00368
   5    100          0.02577           0.17371          -0.00777
 
  contribution from  2-th solvent component
   1      0         -0.51148           0.07407          -0.00572
   1     60         -0.51165           0.07407          -0.00589
   1     80         -0.51328           0.07409          -0.00752
   1    100         -0.51984           0.07418          -0.01408
   2      0         -0.50736           0.07421          -0.00161
   3      0         -0.50576           0.07411           0.00000
   4      0         -0.50341           0.07444           0.00235
   5      0         -0.50280           0.07537           0.00296
   5     60         -0.50304           0.07538           0.00271
   5     80         -0.50526           0.07540           0.00050
   5    100         -0.51160           0.07548          -0.00584
 
  contribution from  3-th solvent component
   1      0         -3.33574           0.14204           0.00307
   1     60         -3.35747           0.14206          -0.01866
   1     80         -3.55537           0.14215          -0.21655
   1    100         -4.30075           0.14258          -0.96194
   2      0         -3.33851           0.14135           0.00030
   3      0         -3.33881           0.14205           0.00000
   4      0         -3.33627           0.14028           0.00255
   5      0         -3.33628           0.14030           0.00253
   5     60         -3.36607           0.14032          -0.02726
   5     80         -3.61465           0.14044          -0.27583
   5    100         -4.30155           0.14083          -0.96274
 
 
 group  inft   Estimated free energy: total (kcal/mol)
   1      0      -3.8205      -3.8047      -3.7311      -3.7761      -3.8530
                 -3.8780      -3.8343      -3.8157      -3.6350      -3.8853
   1     60      -3.8424      -3.8267      -3.7531      -3.7981      -3.8749
                 -3.9000      -3.8562      -3.8376      -3.6569      -3.9073
   1     80      -4.0423      -4.0271      -3.9535      -3.9992      -4.0749
                 -4.1011      -4.0562      -4.0382      -3.8563      -4.1081
   1    100      -4.7957      -4.7841      -4.7097      -4.7566      -4.8293
                 -4.8591      -4.8113      -4.7962      -4.6077      -4.8649
   2      0      -3.8361      -3.8056      -3.7439      -3.7798      -3.8447
                 -3.8790      -3.8489      -3.8266      -3.6431      -3.8850
   3      0      -3.8374      -3.8090      -3.7524      -3.7772      -3.8446
                 -3.8835      -3.8517      -3.8208      -3.6550      -3.8794
   4      0      -3.8322      -3.8059      -3.7464      -3.7701      -3.8444
                 -3.8803      -3.8659      -3.8198      -3.6425      -3.8774
   5      0      -3.8363      -3.8030      -3.7569      -3.7687      -3.8386
                 -3.8810      -3.8537      -3.8271      -3.6410      -3.8726
   5     60      -3.8664      -3.8331      -3.7871      -3.7990      -3.8687
                 -3.9113      -3.8838      -3.8573      -3.6711      -3.9028
   5     80      -4.1180      -4.0853      -4.0393      -4.0519      -4.1204
                 -4.1642      -4.1354      -4.1096      -3.9219      -4.1553
   5    100      -4.8133      -4.7836      -4.7374      -4.7506      -4.8166
                 -4.8635      -4.8320      -4.8089      -4.6155      -4.8531
 
 group  inft   Estimated free energy: 1-th solvent contribution (kcal/mol)
   1      0      -0.1155       0.2202       0.3068       0.0922       0.1070
                  0.2573      -0.3184       0.0406       0.3549      -0.5058
   1     60      -0.1156       0.2201       0.3068       0.0921       0.1070
                  0.2573      -0.3185       0.0406       0.3549      -0.5059
   1     80      -0.1165       0.2193       0.3061       0.0910       0.1063
                  0.2566      -0.3195       0.0396       0.3546      -0.5071
   1    100      -0.1208       0.2157       0.3027       0.0866       0.1028
                  0.2537      -0.3244       0.0353       0.3530      -0.5124
   2      0      -0.1293       0.2150       0.2948       0.0881       0.1063
                  0.2491      -0.3238       0.0306       0.3418      -0.5058
   3      0      -0.1339       0.2134       0.2862       0.0878       0.1023
                  0.2452      -0.3239       0.0310       0.3322      -0.5046
   4      0      -0.1359       0.2101       0.2827       0.0922       0.0968
                  0.2416      -0.3309       0.0288       0.3313      -0.5040
   5      0      -0.1369       0.2101       0.2793       0.0918       0.0986
                  0.2420      -0.3279       0.0264       0.3293      -0.5002
   5     60      -0.1370       0.2100       0.2792       0.0917       0.0985
                  0.2419      -0.3280       0.0262       0.3292      -0.5003
   5     80      -0.1384       0.2088       0.2780       0.0901       0.0974
                  0.2408      -0.3295       0.0247       0.3286      -0.5019
   5    100      -0.1430       0.2049       0.2741       0.0855       0.0936
                  0.2373      -0.3343       0.0202       0.3264      -0.5069
 
 group  inft   Estimated free energy: 2-th solvent contribution (kcal/mol)
   1      0      -0.5004      -0.3955      -0.5813      -0.5284      -0.6215
                 -0.5820      -0.5687      -0.6524      -0.4024      -0.2822
   1     60      -0.5006      -0.3957      -0.5815      -0.5286      -0.6217
                 -0.5821      -0.5688      -0.6526      -0.4025      -0.2823
   1     80      -0.5023      -0.3973      -0.5831      -0.5302      -0.6233
                 -0.5839      -0.5703      -0.6543      -0.4042      -0.2838
   1    100      -0.5089      -0.4038      -0.5897      -0.5367      -0.6298
                 -0.5908      -0.5766      -0.6612      -0.4109      -0.2900
   2      0      -0.4999      -0.3886      -0.5800      -0.5259      -0.6111
                 -0.5720      -0.5723      -0.6491      -0.3968      -0.2779
   3      0      -0.4949      -0.3900      -0.5792      -0.5219      -0.6087
                 -0.5715      -0.5755      -0.6451      -0.3949      -0.2758
   4      0      -0.4951      -0.3870      -0.5777      -0.5196      -0.6060
                 -0.5671      -0.5769      -0.6424      -0.3886      -0.2736
   5      0      -0.4915      -0.3831      -0.5832      -0.5194      -0.6042
                 -0.5681      -0.5730      -0.6457      -0.3889      -0.2710
   5     60      -0.4917      -0.3833      -0.5835      -0.5196      -0.6044
                 -0.5684      -0.5732      -0.6460      -0.3891      -0.2712
   5     80      -0.4940      -0.3855      -0.5857      -0.5219      -0.6067
                 -0.5707      -0.5753      -0.6483      -0.3914      -0.2733
   5    100      -0.5003      -0.3918      -0.5921      -0.5282      -0.6130
                 -0.5773      -0.5815      -0.6548      -0.3978      -0.2792
 
 group  inft   Estimated free energy: 3-th solvent contribution (kcal/mol)
   1      0      -3.2044      -3.6293      -3.4565      -3.3397      -3.3384
                 -3.5533      -2.9472      -3.2038      -3.5875      -3.0973
   1     60      -3.2262      -3.6510      -3.4783      -3.3616      -3.3602
                 -3.5751      -2.9689      -3.2254      -3.6092      -3.1190
   1     80      -3.4235      -3.8491      -3.6764      -3.5599      -3.5578
                 -3.7738      -3.1663      -3.4233      -3.8065      -3.3171
   1    100      -4.1660      -4.5959      -4.4226      -4.3064      -4.3022
                 -4.5219      -3.9102      -4.1702      -4.5497      -4.0625
   2      0      -3.2068      -3.6319      -3.4587      -3.3420      -3.3398
                 -3.5560      -2.9527      -3.2080      -3.5880      -3.1013
   3      0      -3.2085      -3.6323      -3.4593      -3.3430      -3.3382
                 -3.5570      -2.9521      -3.2066      -3.5922      -3.0989
   4      0      -3.2011      -3.6289      -3.4514      -3.3427      -3.3351
                 -3.5547      -2.9580      -3.2062      -3.5850      -3.0997
   5      0      -3.2079      -3.6299      -3.4529      -3.3411      -3.3329
                 -3.5548      -2.9528      -3.2077      -3.5814      -3.1014
   5     60      -3.2377      -3.6597      -3.4827      -3.3710      -3.3627
                 -3.5847      -2.9825      -3.2374      -3.6111      -3.1312
   5     80      -3.4856      -3.9085      -3.7315      -3.6200      -3.6110
                 -3.8342      -3.2305      -3.4861      -3.8591      -3.3800
   5    100      -4.1700      -4.5967      -4.4193      -4.3077      -4.2971
                 -4.5234      -3.9161      -4.1743      -4.5441      -4.0669
 
 
 cumulative average & 95% error for solvation free energy
              total             1st component         2nd component         3rd component
  1    -3.8374               -0.1339               -0.4949               -3.2085
  2    -3.8232     0.0284     0.0397     0.3473    -0.4424     0.1050    -3.4204     0.4238
  3    -3.7996     0.0500     0.1219     0.2592    -0.4880     0.1095    -3.4334     0.2461
  4    -3.7940     0.0371     0.1133     0.1841    -0.4965     0.0793    -3.4108     0.1798
  5    -3.8041     0.0351     0.1111     0.1427    -0.5189     0.0760    -3.3963     0.1422
  6    -3.8174     0.0390     0.1335     0.1248    -0.5277     0.0645    -3.4230     0.1279
  7    -3.8223     0.0344     0.0681     0.1679    -0.5345     0.0562    -3.3558     0.1726
  8    -3.8221     0.0298     0.0635     0.1457    -0.5484     0.0560    -3.3371     0.1540
  9    -3.8035     0.0455     0.0933     0.1417    -0.5313     0.0600    -3.3655     0.1472
 10    -3.8111     0.0434     0.0335     0.1743    -0.5058     0.0741    -3.3388     0.1421
