 ERmod 0.3.7, Copyright (C) 2000-2019 Nobuyuki Matubayasi
                            2010-2019 Shun Sakuraba
 ERmod comes with ABSOLUTELY NO WARRANTY.
 This is free software, and you can redistribute it
 and/or modify it under certain conditions.
 See LICENSE file for details.
 ERmod 0.3.7, Copyright (C) 2000-2019 Nobuyuki Matubayasi
                            2010-2019 Shun Sakuraba
 ERmod comes with ABSOLUTELY NO WARRANTY.
 This is free software, and you can redistribute it
 and/or modify it under certain conditions.
 See LICENSE file for details.
 
  Number of the   1-th solvent  =           90
  Number of the   2-th solvent  =           90
  Number of the   3-th solvent  =        10000
 
  Be sure that the solvent distribution is homogeneous (radial distribution function is essentially unity) when the solvent molecule is separated beyond distance of   10.0 Angstrom in any direction from any atom within the solute molecule
 
  LJ long-range correction    =        -0.0010     -0.0326     -0.6168
 
  Self-energy of the solute   =        -0.0001  kcal/mol
 
 
 cumulative average & 95% error for solvation energy
              total             1st component         2nd component         3rd component
  1   -28.3009                0.0906               -0.9087              -27.4827
  2   -28.3687     0.1356     0.1222     0.0632    -1.6789     1.5403   -26.8120     1.3415
  3   -28.3893     0.0884     0.0618     0.1260    -1.5709     0.9151   -26.8802     0.7865
  4   -28.3766     0.0675     0.0278     0.1122    -1.4511     0.6900   -26.9532     0.5750
  5   -28.3632     0.0587     0.0121     0.0924    -1.3736     0.5565   -27.0017     0.4558
  6   -28.3802     0.0588    -0.0509     0.1468    -1.2652     0.5035   -27.0641     0.3925
  7   -28.3694     0.0542    -0.0181     0.1403    -1.2737     0.4259   -27.0775     0.3328
  8   -28.3280     0.0952    -0.0196     0.1216    -1.2792     0.3690   -27.0291     0.3041
  9   -28.3234     0.0844    -0.0141     0.1078    -1.3077     0.3303   -27.0016     0.2738
 10   -28.3320     0.0774    -0.1221     0.2364    -1.3010     0.2958   -26.9088     0.3072
 
 
 group  inft  solvation free energy     error          difference
  total solvation free energy
   1      0         -4.08110           0.06154           0.00157
   1     60         -4.10938           0.06152          -0.02671
   1     80         -4.33489           0.06144          -0.25222
   1    100         -5.11482           0.06143          -1.03215
   2      0         -4.08221           0.06083           0.00047
   3      0         -4.08267           0.06134           0.00000
   4      0         -4.08061           0.06215           0.00207
   5      0         -4.07864           0.06066           0.00403
   5     60         -4.11681           0.06063          -0.03413
   5     80         -4.39614           0.06051          -0.31347
   5    100         -5.11346           0.06042          -1.03079
 
  contribution from  1-th solvent component
   1      0          0.05954           0.13538           0.00489
   1     60          0.06001           0.13540           0.00536
   1     80          0.06328           0.13552           0.00864
   1    100          0.07256           0.13594           0.01792
   2      0          0.05677           0.13653           0.00213
   3      0          0.05465           0.13665           0.00000
   4      0          0.05459           0.13764          -0.00006
   5      0          0.05361           0.13714          -0.00104
   5     60          0.05420           0.13716          -0.00045
   5     80          0.05795           0.13731           0.00331
   5    100          0.06591           0.13772           0.01126
 
  contribution from  2-th solvent component
   1      0         -0.73340           0.13794          -0.00681
   1     60         -0.73374           0.13794          -0.00715
   1     80         -0.73649           0.13796          -0.00990
   1    100         -0.74605           0.13799          -0.01946
   2      0         -0.72893           0.13609          -0.00234
   3      0         -0.72659           0.13596           0.00000
   4      0         -0.72712           0.13555          -0.00053
   5      0         -0.72567           0.13556           0.00092
   5     60         -0.72615           0.13557           0.00044
   5     80         -0.72960           0.13557          -0.00301
   5    100         -0.73845           0.13558          -0.01186
 
  contribution from  3-th solvent component
   1      0         -3.40717           0.15220           0.00349
   1     60         -3.43557           0.15222          -0.02491
   1     80         -3.66161           0.15236          -0.25095
   1    100         -4.44126           0.15302          -1.03060
   2      0         -3.40998           0.15209           0.00068
   3      0         -3.41066           0.15207           0.00000
   4      0         -3.40801           0.15095           0.00265
   5      0         -3.40650           0.15149           0.00416
   5     60         -3.44479           0.15152          -0.03413
   5     80         -3.72442           0.15170          -0.31376
   5    100         -4.44085           0.15228          -1.03019
 
 
 group  inft   Estimated free energy: total (kcal/mol)
   1      0      -4.0254      -4.1745      -4.1973      -4.1348      -4.1550
                 -4.0280      -4.0226      -3.9117      -3.9898      -4.1720
   1     60      -4.0536      -4.2027      -4.2256      -4.1629      -4.1832
                 -4.0565      -4.0509      -3.9400      -4.0181      -4.2003
   1     80      -4.2789      -4.4275      -4.4513      -4.3873      -4.4088
                 -4.2829      -4.2767      -4.1654      -4.2439      -4.4262
   1    100      -5.0581      -5.2061      -5.2329      -5.1652      -5.1895
                 -5.0644      -5.0578      -4.9448      -5.0236      -5.2059
   2      0      -4.0351      -4.1660      -4.1962      -4.1432      -4.1381
                 -4.0380      -4.0234      -3.9114      -3.9865      -4.1843
   3      0      -4.0356      -4.1655      -4.1997      -4.1457      -4.1377
                 -4.0451      -4.0183      -3.9099      -3.9859      -4.1833
   4      0      -4.0296      -4.1661      -4.1951      -4.1394      -4.1321
                 -4.0414      -4.0181      -3.9055      -3.9857      -4.1931
   5      0      -4.0337      -4.1648      -4.1975      -4.1364      -4.1242
                 -4.0444      -4.0143      -3.9101      -3.9804      -4.1807
   5     60      -4.0718      -4.2028      -4.2357      -4.1743      -4.1624
                 -4.0828      -4.0525      -3.9482      -4.0187      -4.2189
   5     80      -4.3509      -4.4812      -4.5151      -4.4524      -4.4417
                 -4.3634      -4.3321      -4.2274      -4.2984      -4.4987
   5    100      -5.0676      -5.1971      -5.2334      -5.1678      -5.1596
                 -5.0826      -5.0504      -4.9442      -5.0160      -5.2160
 
 group  inft   Estimated free energy: 1-th solvent contribution (kcal/mol)
   1      0       0.2113       0.1636       0.0694       0.0566       0.0595
                 -0.0351       0.2504       0.1390       0.1799      -0.4992
   1     60       0.2118       0.1641       0.0699       0.0572       0.0599
                 -0.0346       0.2508       0.1395       0.1803      -0.4989
   1     80       0.2155       0.1673       0.0734       0.0613       0.0630
                 -0.0315       0.2538       0.1429       0.1833      -0.4962
   1    100       0.2260       0.1766       0.0832       0.0726       0.0716
                 -0.0226       0.2624       0.1529       0.1920      -0.4891
   2      0       0.2016       0.1628       0.0686       0.0475       0.0694
                 -0.0428       0.2516       0.1389       0.1769      -0.5069
   3      0       0.1987       0.1627       0.0657       0.0453       0.0701
                 -0.0525       0.2516       0.1371       0.1750      -0.5072
   4      0       0.2014       0.1570       0.0635       0.0488       0.0687
                 -0.0507       0.2528       0.1434       0.1733      -0.5125
   5      0       0.1950       0.1595       0.0624       0.0465       0.0725
                 -0.0519       0.2529       0.1418       0.1691      -0.5116
   5     60       0.1956       0.1601       0.0630       0.0472       0.0730
                 -0.0514       0.2534       0.1424       0.1697      -0.5112
   5     80       0.1999       0.1639       0.0671       0.0520       0.0765
                 -0.0479       0.2569       0.1464       0.1730      -0.5082
   5    100       0.2090       0.1720       0.0759       0.0621       0.0840
                 -0.0408       0.2643       0.1550       0.1799      -0.5023
 
 group  inft   Estimated free energy: 2-th solvent contribution (kcal/mol)
   1      0      -0.5508      -1.2620      -0.7812      -0.6173      -0.6607
                 -0.4386      -0.7395      -0.7195      -0.8171      -0.7474
   1     60      -0.5511      -1.2623      -0.7816      -0.6177      -0.6610
                 -0.4389      -0.7398      -0.7199      -0.8174      -0.7477
   1     80      -0.5539      -1.2651      -0.7843      -0.6203      -0.6638
                 -0.4417      -0.7426      -0.7226      -0.8202      -0.7504
   1    100      -0.5635      -1.2748      -0.7940      -0.6295      -0.6734
                 -0.4512      -0.7523      -0.7321      -0.8298      -0.7599
   2      0      -0.5493      -1.2496      -0.7772      -0.6155      -0.6498
                 -0.4377      -0.7362      -0.7161      -0.8090      -0.7488
   3      0      -0.5461      -1.2468      -0.7764      -0.6157      -0.6485
                 -0.4352      -0.7315      -0.7125      -0.8053      -0.7479
   4      0      -0.5487      -1.2457      -0.7751      -0.6149      -0.6461
                 -0.4366      -0.7353      -0.7140      -0.8050      -0.7499
   5      0      -0.5497      -1.2460      -0.7747      -0.6136      -0.6439
                 -0.4363      -0.7298      -0.7156      -0.8027      -0.7445
   5     60      -0.5502      -1.2465      -0.7752      -0.6140      -0.6444
                 -0.4368      -0.7302      -0.7160      -0.8032      -0.7449
   5     80      -0.5537      -1.2500      -0.7787      -0.6174      -0.6479
                 -0.4403      -0.7337      -0.7194      -0.8067      -0.7483
   5    100      -0.5626      -1.2589      -0.7876      -0.6261      -0.6567
                 -0.4491      -0.7427      -0.7282      -0.8155      -0.7571
 
 group  inft   Estimated free energy: 3-th solvent contribution (kcal/mol)
   1      0      -3.6858      -3.0761      -3.4855      -3.5740      -3.5537
                 -3.5542      -3.5335      -3.3311      -3.3525      -2.9253
   1     60      -3.7142      -3.1044      -3.5139      -3.6024      -3.5821
                 -3.5828      -3.5619      -3.3595      -3.3809      -2.9537
   1     80      -3.9404      -3.3297      -3.7403      -3.8282      -3.8079
                 -3.8097      -3.7878      -3.5856      -3.6070      -3.1795
   1    100      -4.7205      -4.1078      -4.5220      -4.6082      -4.5876
                 -4.5906      -4.5678      -4.3655      -4.3857      -3.9568
   2      0      -3.6874      -3.0792      -3.4875      -3.5751      -3.5576
                 -3.5574      -3.5387      -3.3341      -3.3543      -2.9285
   3      0      -3.6881      -3.0812      -3.4889      -3.5752      -3.5593
                 -3.5574      -3.5383      -3.3345      -3.3555      -2.9281
   4      0      -3.6822      -3.0774      -3.4834      -3.5733      -3.5546
                 -3.5541      -3.5355      -3.3349      -3.3540      -2.9306
   5      0      -3.6789      -3.0782      -3.4852      -3.5693      -3.5527
                 -3.5560      -3.5373      -3.3362      -3.3468      -2.9245
   5     60      -3.7172      -3.1163      -3.5234      -3.6075      -3.5909
                 -3.5946      -3.5756      -3.3745      -3.3851      -2.9627
   5     80      -3.9971      -3.3951      -3.8034      -3.8870      -3.8704
                 -3.8752      -3.8552      -3.6542      -3.6647      -3.2420
   5    100      -4.7139      -4.1101      -4.5216      -4.6037      -4.5868
                 -4.5926      -4.5720      -4.3709      -4.3803      -3.9564
 
 
 cumulative average & 95% error for solvation free energy
              total             1st component         2nd component         3rd component
  1    -4.0356                0.1987               -0.5461               -3.6881
  2    -4.1005     0.1299     0.1807     0.0360    -0.8965     0.7007    -3.3847     0.6069
  3    -4.1336     0.1000     0.1424     0.0794    -0.8565     0.4124    -3.4194     0.3572
  4    -4.1366     0.0709     0.1181     0.0742    -0.7963     0.3155    -3.4584     0.2643
  5    -4.1368     0.0550     0.1085     0.0606    -0.7667     0.2514    -3.4785     0.2087
  6    -4.1216     0.0543     0.0817     0.0730    -0.7115     0.2331    -3.4917     0.1724
  7    -4.1068     0.0546     0.1059     0.0785    -0.7143     0.1971    -3.4984     0.1463
  8    -4.0822     0.0682     0.1098     0.0684    -0.7141     0.1707    -3.4779     0.1332
  9    -4.0715     0.0639     0.1171     0.0621    -0.7242     0.1519    -3.4643     0.1206
 10    -4.0827     0.0613     0.0546     0.1366    -0.7266     0.1360    -3.4107     0.1521
