 ERmod 0.3.7, Copyright (C) 2000-2019 Nobuyuki Matubayasi
                            2010-2019 Shun Sakuraba
 ERmod comes with ABSOLUTELY NO WARRANTY.
 This is free software, and you can redistribute it
 and/or modify it under certain conditions.
 See LICENSE file for details.
 ERmod 0.3.7, Copyright (C) 2000-2019 Nobuyuki Matubayasi
                            2010-2019 Shun Sakuraba
 ERmod comes with ABSOLUTELY NO WARRANTY.
 This is free software, and you can redistribute it
 and/or modify it under certain conditions.
 See LICENSE file for details.
 
  Number of the   1-th solvent  =          180
  Number of the   2-th solvent  =          180
  Number of the   3-th solvent  =        10000
 
  Be sure that the solvent distribution is homogeneous (radial distribution function is essentially unity) when the solvent molecule is separated beyond distance of   10.0 Angstrom in any direction from any atom within the solute molecule
 
  LJ long-range correction    =        -0.0091     -0.0306     -0.6131
 
  Self-energy of the solute   =        -0.0001  kcal/mol
 
 
 cumulative average & 95% error for solvation energy
              total             1st component         2nd component         3rd component
  1   -28.1515               -0.8230               -1.2823              -26.0461
  2   -28.3068     0.3107    -0.8139     0.0182    -1.5489     0.5332   -25.9439     0.2043
  3   -28.2830     0.1856    -0.6354     0.3571    -1.3539     0.4969   -26.2936     0.7093
  4   -28.2844     0.1312    -0.6348     0.2525    -1.4046     0.3657   -26.2450     0.5109
  5   -28.2746     0.1035    -0.5541     0.2535    -1.4669     0.3095   -26.2534     0.3961
  6   -28.2901     0.0901    -0.7986     0.5309    -1.4388     0.2589   -26.0526     0.5156
  7   -28.2837     0.0772    -0.7854     0.4495    -1.4057     0.2287   -26.0925     0.4430
  8   -28.2728     0.0703    -0.7571     0.3934    -1.3080     0.2781   -26.2077     0.4475
  9   -28.2809     0.0641    -0.7739     0.3486    -1.4474     0.3714   -26.0596     0.4935
 10   -28.2972     0.0659    -0.6621     0.3836    -1.5103     0.3552   -26.1247     0.4602
 
 
 group  inft  solvation free energy     error          difference
  total solvation free energy
   1      0         -3.66543           0.06844           0.00806
   1     60         -3.68927           0.06845          -0.01577
   1     80         -3.90049           0.06866          -0.22699
   1    100         -4.68763           0.06941          -1.01414
   2      0         -3.67361           0.06607          -0.00011
   3      0         -3.67350           0.06458           0.00000
   4      0         -3.67012           0.06567           0.00337
   5      0         -3.66852           0.06330           0.00498
   5     60         -3.70099           0.06332          -0.02749
   5     80         -3.96614           0.06354          -0.29264
   5    100         -4.69224           0.06423          -1.01874
 
  contribution from  1-th solvent component
   1      0          0.05657           0.20561           0.00849
   1     60          0.05638           0.20564           0.00831
   1     80          0.05423           0.20586           0.00615
   1    100          0.04482           0.20667          -0.00325
   2      0          0.04847           0.20015           0.00039
   3      0          0.04808           0.19898           0.00000
   4      0          0.04879           0.19648           0.00071
   5      0          0.04816           0.19497           0.00008
   5     60          0.04787           0.19500          -0.00020
   5     80          0.04490           0.19521          -0.00317
   5    100          0.03561           0.19577          -0.01247
 
  contribution from  2-th solvent component
   1      0         -0.85526           0.16867          -0.00429
   1     60         -0.85565           0.16868          -0.00469
   1     80         -0.85921           0.16878          -0.00824
   1    100         -0.87302           0.16914          -0.02205
   2      0         -0.85231           0.16631          -0.00134
   3      0         -0.85097           0.16536           0.00000
   4      0         -0.85179           0.16417          -0.00083
   5      0         -0.85018           0.16440           0.00079
   5     60         -0.85074           0.16441           0.00023
   5     80         -0.85541           0.16451          -0.00444
   5    100         -0.86854           0.16475          -0.01757
 
  contribution from  3-th solvent component
   1      0         -2.86668           0.21965           0.00386
   1     60         -2.88993           0.21968          -0.01939
   1     80         -3.09545           0.21994          -0.22491
   1    100         -3.85937           0.22130          -0.98883
   2      0         -2.86971           0.21961           0.00084
   3      0         -2.87054           0.22023           0.00000
   4      0         -2.86705           0.21912           0.00349
   5      0         -2.86643           0.21985           0.00411
   5     60         -2.89806           0.21989          -0.02752
   5     80         -3.15557           0.22022          -0.28503
   5    100         -3.85925           0.22149          -0.98870
 
 
 group  inft   Estimated free energy: total (kcal/mol)
   1      0      -3.5289      -3.8299      -3.5654      -3.8200      -3.6092
                 -3.7498      -3.7141      -3.5894      -3.5797      -3.6678
   1     60      -3.5526      -3.8538      -3.5894      -3.8439      -3.6331
                 -3.7737      -3.7379      -3.6133      -3.6034      -3.6916
   1     80      -3.7629      -4.0657      -3.8013      -4.0556      -3.8446
                 -3.9850      -3.9492      -3.8243      -3.8138      -3.9023
   1    100      -4.5477      -4.8561      -4.5905      -4.8442      -4.6334
                 -4.7710      -4.7370      -4.6115      -4.5961      -4.6888
   2      0      -3.5343      -3.8357      -3.5853      -3.8145      -3.6264
                 -3.7473      -3.7208      -3.6045      -3.5743      -3.6930
   3      0      -3.5375      -3.8339      -3.5938      -3.8101      -3.6326
                 -3.7408      -3.7197      -3.6097      -3.5648      -3.6921
   4      0      -3.5333      -3.8369      -3.5898      -3.8059      -3.6240
                 -3.7296      -3.7167      -3.6058      -3.5576      -3.7017
   5      0      -3.5386      -3.8272      -3.5901      -3.8039      -3.6267
                 -3.7196      -3.7136      -3.6011      -3.5613      -3.7031
   5     60      -3.5709      -3.8597      -3.6227      -3.8364      -3.6592
                 -3.7521      -3.7460      -3.6336      -3.5936      -3.7355
   5     80      -3.8351      -4.1257      -3.8889      -4.1020      -3.9250
                 -4.0173      -4.0112      -3.8987      -3.8575      -4.0000
   5    100      -4.5589      -4.8543      -4.6174      -4.8290      -4.6532
                 -4.7420      -4.7376      -4.6256      -4.5788      -4.7256
 
 group  inft   Estimated free energy: 1-th solvent contribution (kcal/mol)
   1      0      -0.0349      -0.0367       0.2929      -0.0238       0.2685
                 -0.6331       0.0052       0.1171      -0.0275       0.6379
   1     60      -0.0351      -0.0369       0.2927      -0.0240       0.2684
                 -0.6333       0.0049       0.1169      -0.0277       0.6379
   1     80      -0.0375      -0.0393       0.2909      -0.0265       0.2663
                 -0.6357       0.0025       0.1148      -0.0300       0.6369
   1    100      -0.0483      -0.0494       0.2826      -0.0369       0.2570
                 -0.6462      -0.0078       0.1053      -0.0396       0.6315
   2      0      -0.0367      -0.0459       0.2748      -0.0210       0.2523
                 -0.6250       0.0006       0.1046      -0.0346       0.6156
   3      0      -0.0351      -0.0438       0.2663      -0.0181       0.2502
                 -0.6240      -0.0009       0.1038      -0.0307       0.6131
   4      0      -0.0325      -0.0467       0.2704      -0.0162       0.2492
                 -0.6124      -0.0009       0.1013      -0.0306       0.6062
   5      0      -0.0361      -0.0448       0.2647      -0.0153       0.2496
                 -0.6091      -0.0001       0.1068      -0.0334       0.5992
   5     60      -0.0364      -0.0451       0.2645      -0.0157       0.2493
                 -0.6094      -0.0004       0.1065      -0.0337       0.5991
   5     80      -0.0396      -0.0483       0.2617      -0.0190       0.2463
                 -0.6126      -0.0037       0.1035      -0.0367       0.5974
   5    100      -0.0498      -0.0581       0.2529      -0.0289       0.2368
                 -0.6224      -0.0135       0.0938      -0.0461       0.5915
 
 group  inft   Estimated free energy: 2-th solvent contribution (kcal/mol)
   1      0      -0.6412      -1.0219      -0.5962      -0.9619      -0.9436
                 -0.7741      -0.7606      -0.4178      -1.2908      -1.1445
   1     60      -0.6416      -1.0223      -0.5966      -0.9623      -0.9440
                 -0.7745      -0.7610      -0.4181      -1.2912      -1.1449
   1     80      -0.6444      -1.0261      -0.6004      -0.9659      -0.9476
                 -0.7780      -0.7647      -0.4215      -1.2950      -1.1486
   1    100      -0.6558      -1.0404      -0.6146      -0.9801      -0.9617
                 -0.7918      -0.7786      -0.4346      -1.3095      -1.1630
   2      0      -0.6439      -1.0157      -0.5950      -0.9538      -0.9402
                 -0.7753      -0.7595      -0.4186      -1.2767      -1.1443
   3      0      -0.6441      -1.0146      -0.5939      -0.9546      -0.9423
                 -0.7724      -0.7576      -0.4196      -1.2706      -1.1399
   4      0      -0.6498      -1.0145      -0.5972      -0.9526      -0.9350
                 -0.7713      -0.7607      -0.4237      -1.2675      -1.1457
   5      0      -0.6523      -1.0130      -0.5932      -0.9496      -0.9380
                 -0.7700      -0.7581      -0.4194      -1.2668      -1.1414
   5     60      -0.6528      -1.0136      -0.5938      -0.9502      -0.9386
                 -0.7706      -0.7586      -0.4200      -1.2674      -1.1419
   5     80      -0.6567      -1.0184      -0.5987      -0.9549      -0.9434
                 -0.7753      -0.7634      -0.4244      -1.2722      -1.1467
   5    100      -0.6680      -1.0319      -0.6122      -0.9683      -0.9568
                 -0.7885      -0.7766      -0.4370      -1.2857      -1.1604
 
 group  inft   Estimated free energy: 3-th solvent contribution (kcal/mol)
   1      0      -2.8527      -2.7713      -3.2620      -2.8343      -2.9341
                 -2.3426      -2.9585      -3.2887      -2.2613      -3.1612
   1     60      -2.8759      -2.7945      -3.2854      -2.8576      -2.9574
                 -2.3659      -2.9817      -3.3120      -2.2845      -3.1845
   1     80      -3.0810      -3.0003      -3.4918      -3.0631      -3.1632
                 -2.5712      -3.1870      -3.5175      -2.4888      -3.3906
   1    100      -3.8435      -3.7662      -4.2584      -3.8271      -3.9287
                 -3.3330      -3.9505      -4.2822      -3.2470      -4.1572
   2      0      -2.8536      -2.7740      -3.2650      -2.8396      -2.9384
                 -2.3469      -2.9618      -3.2905      -2.2630      -3.1642
   3      0      -2.8582      -2.7754      -3.2661      -2.8373      -2.9405
                 -2.3443      -2.9611      -3.2938      -2.2635      -3.1652
   4      0      -2.8510      -2.7757      -3.2629      -2.8370      -2.9381
                 -2.3458      -2.9551      -3.2834      -2.2594      -3.1621
   5      0      -2.8502      -2.7694      -3.2615      -2.8388      -2.9382
                 -2.3404      -2.9553      -3.2884      -2.2611      -3.1608
   5     60      -2.8817      -2.8010      -3.2933      -2.8705      -2.9699
                 -2.3721      -2.9869      -3.3201      -2.2925      -3.1926
   5     80      -3.1387      -3.0589      -3.5519      -3.1280      -3.2278
                 -2.6293      -3.2441      -3.5778      -2.5485      -3.4507
   5    100      -3.8411      -3.7642      -4.2581      -3.8317      -3.9331
                 -3.3311      -3.9474      -4.2824      -3.2469      -4.1566
 
 
 cumulative average & 95% error for solvation free energy
              total             1st component         2nd component         3rd component
  1    -3.5375               -0.0351               -0.6441               -2.8582
  2    -3.6857     0.2965    -0.0394     0.0087    -0.8294     0.3705    -2.8168     0.0828
  3    -3.6551     0.1818     0.0625     0.2039    -0.7509     0.2653    -2.9666     0.3033
  4    -3.6938     0.1501     0.0423     0.1497    -0.8018     0.2135    -2.9343     0.2240
  5    -3.6816     0.1188     0.0839     0.1427    -0.8299     0.1747    -2.9355     0.1735
  6    -3.6915     0.0990    -0.0341     0.2632    -0.8203     0.1439    -2.8370     0.2427
  7    -3.6955     0.0841    -0.0293     0.2226    -0.8114     0.1229    -2.8547     0.2082
  8    -3.6848     0.0759    -0.0127     0.1956    -0.7624     0.1447    -2.9096     0.2111
  9    -3.6714     0.0721    -0.0147     0.1726    -0.8189     0.1704    -2.8378     0.2351
 10    -3.6735     0.0646     0.0481     0.1990    -0.8510     0.1654    -2.8705     0.2202
