 ERmod 0.3.7, Copyright (C) 2000-2019 Nobuyuki Matubayasi
                            2010-2019 Shun Sakuraba
 ERmod comes with ABSOLUTELY NO WARRANTY.
 This is free software, and you can redistribute it
 and/or modify it under certain conditions.
 See LICENSE file for details.
 ERmod 0.3.7, Copyright (C) 2000-2019 Nobuyuki Matubayasi
                            2010-2019 Shun Sakuraba
 ERmod comes with ABSOLUTELY NO WARRANTY.
 This is free software, and you can redistribute it
 and/or modify it under certain conditions.
 See LICENSE file for details.
 
  Number of the   1-th solvent  =           90
  Number of the   2-th solvent  =           90
  Number of the   3-th solvent  =        10000
 
  Be sure that the solvent distribution is homogeneous (radial distribution function is essentially unity) when the solvent molecule is separated beyond distance of   10.0 Angstrom in any direction from any atom within the solute molecule
 
  LJ long-range correction    =        -0.0043     -0.0113     -0.4534
 
  Self-energy of the solute   =         0.0000  kcal/mol
 
 
 cumulative average & 95% error for solvation energy
              total             1st component         2nd component         3rd component
  1   -11.4919                0.1110               -0.3427              -11.2602
  2   -11.4780     0.0278     0.1164     0.0108    -0.3240     0.0374   -11.2704     0.0204
  3   -11.4819     0.0178     0.1113     0.0118    -0.3255     0.0218   -11.2678     0.0129
  4   -11.4999     0.0383     0.1063     0.0131    -0.3463     0.0444   -11.2599     0.0181
  5   -11.5187     0.0478     0.1007     0.0151    -0.3615     0.0459   -11.2579     0.0146
  6   -11.5117     0.0415     0.1028     0.0131    -0.3507     0.0433   -11.2638     0.0168
  7   -11.4958     0.0472     0.1068     0.0136    -0.3338     0.0499   -11.2689     0.0175
  8   -11.4925     0.0414     0.1101     0.0135    -0.3295     0.0440   -11.2732     0.0174
  9   -11.4850     0.0395     0.1103     0.0119    -0.3196     0.0435   -11.2757     0.0162
 10   -11.4820     0.0359     0.1123     0.0114    -0.3170     0.0393   -11.2774     0.0148
 
 
 group  inft  solvation free energy     error          difference
  total solvation free energy
   1      0          3.23052           0.03099           0.00988
   1     60          3.21903           0.03106          -0.00162
   1     80          3.11184           0.03183          -0.10881
   1    100          2.67346           0.03486          -0.54719
   2      0          3.21885           0.03172          -0.00179
   3      0          3.22065           0.03187           0.00000
   4      0          3.20039           0.03208          -0.02025
   5      0          3.24500           0.03035           0.02435
   5     60          3.22910           0.03044           0.00846
   5     80          3.09122           0.03140          -0.12942
   5    100          2.67965           0.03414          -0.54100
 
  contribution from  1-th solvent component
   1      0          0.20683           0.01121           0.00266
   1     60          0.20689           0.01125           0.00272
   1     80          0.20732           0.01170           0.00315
   1    100          0.20808           0.01366           0.00391
   2      0          0.20457           0.01056           0.00040
   3      0          0.20417           0.01055           0.00000
   4      0          0.20334           0.01037          -0.00083
   5      0          0.20299           0.01043          -0.00118
   5     60          0.20304           0.01048          -0.00112
   5     80          0.20337           0.01106          -0.00080
   5    100          0.20344           0.01283          -0.00073
 
  contribution from  2-th solvent component
   1      0         -0.16152           0.02420           0.00217
   1     60         -0.16154           0.02423           0.00215
   1     80         -0.16193           0.02449           0.00177
   1    100         -0.16407           0.02547          -0.00037
   2      0         -0.16320           0.02388           0.00050
   3      0         -0.16370           0.02381           0.00000
   4      0         -0.16415           0.02364          -0.00046
   5      0         -0.16501           0.02283          -0.00132
   5     60         -0.16506           0.02287          -0.00136
   5     80         -0.16569           0.02318          -0.00199
   5    100         -0.16788           0.02404          -0.00419
 
  contribution from  3-th solvent component
   1      0          3.18518           0.00704           0.00504
   1     60          3.17365           0.00705          -0.00649
   1     80          3.06641           0.00720          -0.11373
   1    100          2.62941           0.00779          -0.55072
   2      0          3.17745           0.00681          -0.00269
   3      0          3.18014           0.00681           0.00000
   4      0          3.16117           0.00712          -0.01896
   5      0          3.20699           0.00612           0.02685
   5     60          3.19108           0.00614           0.01095
   5     80          3.05351           0.00635          -0.12663
   5    100          2.64405           0.00690          -0.53609
 
 
 group  inft   Estimated free energy: total (kcal/mol)
   1      0       3.2077       3.2196       3.2292       3.1779       3.1364
                  3.2318       3.3044       3.2604       3.2730       3.2648
   1     60       3.1962       3.2080       3.2177       3.1662       3.1248
                  3.2203       3.2931       3.2490       3.2616       3.2534
   1     80       3.0884       3.1002       3.1101       3.0578       3.0157
                  3.1126       3.1882       3.1432       3.1549       3.1474
   1    100       2.6473       2.6604       2.6700       2.6143       2.5698
                  2.6720       2.7588       2.7102       2.7175       2.7143
   2      0       3.1980       3.2048       3.2150       3.1615       3.1261
                  3.2213       3.2965       3.2467       3.2631       3.2555
   3      0       3.1990       3.2070       3.2157       3.1639       3.1278
                  3.2228       3.2995       3.2473       3.2652       3.2583
   4      0       3.1800       3.1856       3.1972       3.1424       3.1070
                  3.2015       3.2793       3.2263       3.2459       3.2388
   5      0       3.2237       3.2326       3.2406       3.1903       3.1560
                  3.2467       3.3172       3.2736       3.2852       3.2841
   5     60       3.2077       3.2166       3.2247       3.1742       3.1398
                  3.2308       3.3015       3.2578       3.2694       3.2684
   5     80       3.0689       3.0780       3.0862       3.0348       2.9997
                  3.0924       3.1666       3.1215       3.1319       3.1321
   5    100       2.6545       2.6649       2.6729       2.6188       2.5817
                  2.6793       2.7634       2.7146       2.7210       2.7254
 
 group  inft   Estimated free energy: 1-th solvent contribution (kcal/mol)
   1      0       0.2036       0.2095       0.1956       0.1924       0.1832
                  0.2051       0.2141       0.2401       0.1937       0.2310
   1     60       0.2037       0.2095       0.1956       0.1924       0.1832
                  0.2051       0.2142       0.2402       0.1938       0.2312
   1     80       0.2039       0.2100       0.1956       0.1921       0.1828
                  0.2052       0.2154       0.2418       0.1937       0.2327
   1    100       0.2041       0.2109       0.1941       0.1897       0.1800
                  0.2047       0.2193       0.2474       0.1921       0.2384
   2      0       0.2018       0.2055       0.1937       0.1903       0.1824
                  0.2038       0.2124       0.2347       0.1924       0.2285
   3      0       0.2014       0.2047       0.1935       0.1899       0.1821
                  0.2031       0.2125       0.2346       0.1922       0.2277
   4      0       0.2014       0.2037       0.1930       0.1888       0.1814
                  0.2024       0.2113       0.2324       0.1916       0.2272
   5      0       0.2004       0.2033       0.1924       0.1886       0.1811
                  0.2022       0.2111       0.2321       0.1914       0.2273
   5     60       0.2004       0.2033       0.1924       0.1886       0.1811
                  0.2022       0.2112       0.2323       0.1914       0.2275
   5     80       0.2006       0.2035       0.1921       0.1880       0.1804
                  0.2022       0.2125       0.2340       0.1911       0.2293
   5    100       0.2001       0.2034       0.1901       0.1853       0.1775
                  0.2011       0.2155       0.2385       0.1890       0.2339
 
 group  inft   Estimated free energy: 2-th solvent contribution (kcal/mol)
   1      0      -0.1811      -0.1605      -0.1723      -0.2125      -0.2164
                 -0.1572      -0.0989      -0.1579      -0.1065      -0.1519
   1     60      -0.1812      -0.1605      -0.1724      -0.2125      -0.2164
                 -0.1572      -0.0989      -0.1579      -0.1065      -0.1520
   1     80      -0.1818      -0.1610      -0.1730      -0.2133      -0.2172
                 -0.1578      -0.0982      -0.1584      -0.1062      -0.1524
   1    100      -0.1849      -0.1638      -0.1762      -0.2167      -0.2205
                 -0.1606      -0.0965      -0.1607      -0.1058      -0.1549
   2      0      -0.1824      -0.1617      -0.1739      -0.2143      -0.2179
                 -0.1580      -0.1021      -0.1586      -0.1099      -0.1531
   3      0      -0.1829      -0.1620      -0.1743      -0.2149      -0.2186
                 -0.1579      -0.1019      -0.1591      -0.1121      -0.1534
   4      0      -0.1837      -0.1628      -0.1747      -0.2147      -0.2183
                 -0.1585      -0.1024      -0.1598      -0.1130      -0.1538
   5      0      -0.1832      -0.1625      -0.1745      -0.2148      -0.2191
                 -0.1588      -0.1070      -0.1598      -0.1165      -0.1540
   5     60      -0.1833      -0.1625      -0.1745      -0.2148      -0.2192
                 -0.1589      -0.1069      -0.1599      -0.1165      -0.1541
   5     80      -0.1843      -0.1634      -0.1755      -0.2159      -0.2202
                 -0.1597      -0.1063      -0.1606      -0.1163      -0.1548
   5    100      -0.1873      -0.1661      -0.1786      -0.2192      -0.2235
                 -0.1626      -0.1050      -0.1629      -0.1163      -0.1574
 
 group  inft   Estimated free energy: 3-th solvent contribution (kcal/mol)
   1      0       3.1852       3.1706       3.2059       3.1979       3.1696
                  3.1838       3.1892       3.1782       3.1858       3.1856
   1     60       3.1737       3.1590       3.1944       3.1864       3.1580
                  3.1723       3.1777       3.1667       3.1743       3.1741
   1     80       3.0662       3.0513       3.0875       3.0789       3.0500
                  3.0651       3.0709       3.0597       3.0673       3.0671
   1    100       2.6280       2.6133       2.6520       2.6412       2.6103
                  2.6279       2.6359       2.6235       2.6311       2.6309
   2      0       3.1786       3.1610       3.1952       3.1855       3.1616
                  3.1754       3.1861       3.1706       3.1805       3.1801
   3      0       3.1804       3.1643       3.1966       3.1888       3.1642
                  3.1775       3.1888       3.1717       3.1850       3.1840
   4      0       3.1621       3.1447       3.1788       3.1682       3.1438
                  3.1576       3.1703       3.1536       3.1672       3.1653
   5      0       3.2065       3.1918       3.2226       3.2164       3.1939
                  3.2033       3.2130       3.2012       3.2103       3.2108
   5     60       3.1906       3.1758       3.2068       3.2005       3.1779
                  3.1874       3.1972       3.1853       3.1944       3.1949
   5     80       3.0526       3.0378       3.0696       3.0627       3.0395
                  3.0499       3.0603       3.0480       3.0571       3.0576
   5    100       2.6417       2.6276       2.6613       2.6526       2.6277
                  2.6407       2.6528       2.6390       2.6482       2.6489
 
 
 cumulative average & 95% error for solvation free energy
              total             1st component         2nd component         3rd component
  1     3.1990                0.2014               -0.1829                3.1804
  2     3.2030     0.0080     0.2031     0.0032    -0.1724     0.0209     3.1724     0.0162
  3     3.2073     0.0096     0.1999     0.0067    -0.1731     0.0121     3.1804     0.0186
  4     3.1964     0.0227     0.1974     0.0069    -0.1835     0.0226     3.1825     0.0138
  5     3.1827     0.0326     0.1943     0.0081    -0.1905     0.0224     3.1789     0.0130
  6     3.1894     0.0298     0.1958     0.0072    -0.1851     0.0213     3.1786     0.0106
  7     3.2051     0.0403     0.1982     0.0078    -0.1732     0.0298     3.1801     0.0094
  8     3.2104     0.0365     0.2027     0.0113    -0.1714     0.0261     3.1790     0.0084
  9     3.2165     0.0344     0.2016     0.0103    -0.1648     0.0265     3.1797     0.0075
 10     3.2206     0.0319     0.2042     0.0106    -0.1637     0.0238     3.1801     0.0068
