 ERmod 0.3.7, Copyright (C) 2000-2019 Nobuyuki Matubayasi
                            2010-2019 Shun Sakuraba
 ERmod comes with ABSOLUTELY NO WARRANTY.
 This is free software, and you can redistribute it
 and/or modify it under certain conditions.
 See LICENSE file for details.
 ERmod 0.3.7, Copyright (C) 2000-2019 Nobuyuki Matubayasi
                            2010-2019 Shun Sakuraba
 ERmod comes with ABSOLUTELY NO WARRANTY.
 This is free software, and you can redistribute it
 and/or modify it under certain conditions.
 See LICENSE file for details.
 
  Number of the   1-th solvent  =          180
  Number of the   2-th solvent  =          180
  Number of the   3-th solvent  =        10000
 
  Be sure that the solvent distribution is homogeneous (radial distribution function is essentially unity) when the solvent molecule is separated beyond distance of   10.0 Angstrom in any direction from any atom within the solute molecule
 
  LJ long-range correction    =        -0.0028     -0.0096     -0.1917
 
  Self-energy of the solute   =        -0.0001  kcal/mol
 
 
 cumulative average & 95% error for solvation energy
              total             1st component         2nd component         3rd component
  1   -18.1390               -1.4202               -1.0851              -15.6336
  2   -18.1885     0.0990    -0.9451     0.9501    -1.3835     0.5967   -15.8598     0.4524
  3   -18.1829     0.0582    -1.2991     0.8957    -1.2030     0.4990   -15.6807     0.4433
  4   -18.2155     0.0771    -1.1498     0.7002    -1.5961     0.8618   -15.4695     0.5260
  5   -18.2040     0.0640    -1.0784     0.5609    -1.5749     0.6689   -15.5506     0.4385
  6   -18.2121     0.0547    -1.1291     0.4691    -1.5485     0.5487   -15.5344     0.3595
  7   -18.2285     0.0567    -1.0935     0.4028    -1.5877     0.4703   -15.5473     0.3050
  8   -18.2402     0.0545    -1.0855     0.3492    -1.5625     0.4104   -15.5922     0.2790
  9   -18.2483     0.0506    -1.1925     0.3751    -1.5695     0.3622   -15.4862     0.3248
 10   -18.2415     0.0473    -1.1230     0.3631    -1.5182     0.3398   -15.6002     0.3694
 
 
 group  inft  solvation free energy     error          difference
  total solvation free energy
   1      0         -4.59830           0.07446          -0.01015
   1     60         -4.62778           0.07443          -0.03962
   1     80         -4.78456           0.07436          -0.19640
   1    100         -5.19122           0.07419          -0.60306
   2      0         -4.59337           0.07070          -0.00522
   3      0         -4.58815           0.06891           0.00000
   4      0         -4.58454           0.07024           0.00362
   5      0         -4.58623           0.06627           0.00192
   5     60         -4.62458           0.06624          -0.03642
   5     80         -4.81045           0.06613          -0.22229
   5    100         -5.17997           0.06591          -0.59181
 
  contribution from  1-th solvent component
   1      0         -0.42360           0.18030          -0.00405
   1     60         -0.42385           0.18032          -0.00431
   1     80         -0.42528           0.18039          -0.00573
   1    100         -0.42944           0.18060          -0.00989
   2      0         -0.42269           0.17682          -0.00315
   3      0         -0.41955           0.17600           0.00000
   4      0         -0.41935           0.17512           0.00019
   5      0         -0.41659           0.17605           0.00295
   5     60         -0.41695           0.17606           0.00260
   5     80         -0.41881           0.17611           0.00074
   5    100         -0.42292           0.17621          -0.00338
 
  contribution from  2-th solvent component
   1      0         -0.82349           0.17535          -0.00794
   1     60         -0.82405           0.17536          -0.00849
   1     80         -0.82708           0.17542          -0.01153
   1    100         -0.83509           0.17556          -0.01954
   2      0         -0.81883           0.17214          -0.00328
   3      0         -0.81556           0.17063           0.00000
   4      0         -0.81420           0.17105           0.00135
   5      0         -0.81276           0.16884           0.00280
   5     60         -0.81350           0.16885           0.00205
   5     80         -0.81723           0.16888          -0.00168
   5    100         -0.82470           0.16894          -0.00915
 
  contribution from  3-th solvent component
   1      0         -3.35112           0.17391           0.00184
   1     60         -3.37979           0.17400          -0.02682
   1     80         -3.53211           0.17435          -0.17915
   1    100         -3.92660           0.17509          -0.57364
   2      0         -3.35176           0.17396           0.00120
   3      0         -3.35297           0.17413           0.00000
   4      0         -3.35090           0.17313           0.00207
   5      0         -3.35679           0.17382          -0.00383
   5     60         -3.39404           0.17393          -0.04107
   5     80         -3.57432           0.17434          -0.22135
   5    100         -3.93226           0.17502          -0.57929
 
 
 group  inft   Estimated free energy: total (kcal/mol)
   1      0      -4.4688      -4.4554      -4.4632      -4.7230      -4.5684
                 -4.7401      -4.6924      -4.6607      -4.7053      -4.5057
   1     60      -4.4982      -4.4850      -4.4927      -4.7523      -4.5979
                 -4.7695      -4.7220      -4.6903      -4.7345      -4.5353
   1     80      -4.6547      -4.6422      -4.6493      -4.9085      -4.7546
                 -4.9263      -4.8795      -4.8478      -4.8902      -4.6924
   1    100      -5.0613      -5.0495      -5.0561      -5.3140      -5.1608
                 -5.3327      -5.2876      -5.2559      -5.2948      -5.0995
   2      0      -4.4585      -4.4544      -4.4595      -4.7101      -4.5770
                 -4.7287      -4.6897      -4.6456      -4.6843      -4.5259
   3      0      -4.4540      -4.4479      -4.4567      -4.7025      -4.5738
                 -4.7171      -4.6843      -4.6386      -4.6732      -4.5336
   4      0      -4.4501      -4.4422      -4.4474      -4.7013      -4.5781
                 -4.7106      -4.6855      -4.6327      -4.6742      -4.5233
   5      0      -4.4519      -4.4558      -4.4615      -4.6952      -4.5810
                 -4.7075      -4.6790      -4.6315      -4.6722      -4.5267
   5     60      -4.4901      -4.4943      -4.4999      -4.7334      -4.6193
                 -4.7458      -4.7175      -4.6700      -4.7102      -4.5651
   5     80      -4.6758      -4.6808      -4.6856      -4.9185      -4.8052
                 -4.9315      -4.9042      -4.8566      -4.8947      -4.7516
   5    100      -5.0452      -5.0510      -5.0551      -5.2867      -5.1745
                 -5.3004      -5.2751      -5.2273      -5.2622      -5.1221
 
 group  inft   Estimated free energy: 1-th solvent contribution (kcal/mol)
   1      0      -0.5405      -0.0454      -0.7964      -0.2878      -0.2486
                 -0.5876      -0.3303      -0.3957      -0.9130      -0.0908
   1     60      -0.5408      -0.0456      -0.7967      -0.2880      -0.2488
                 -0.5879      -0.3305      -0.3960      -0.9133      -0.0909
   1     80      -0.5424      -0.0470      -0.7981      -0.2895      -0.2501
                 -0.5894      -0.3318      -0.3976      -0.9149      -0.0920
   1    100      -0.5472      -0.0511      -0.8024      -0.2937      -0.2538
                 -0.5937      -0.3357      -0.4020      -0.9195      -0.0952
   2      0      -0.5329      -0.0508      -0.7944      -0.2890      -0.2587
                 -0.5812      -0.3348      -0.3813      -0.9037      -0.1001
   3      0      -0.5272      -0.0444      -0.7897      -0.2875      -0.2552
                 -0.5758      -0.3324      -0.3777      -0.9000      -0.1055
   4      0      -0.5242      -0.0464      -0.7871      -0.2896      -0.2577
                 -0.5755      -0.3344      -0.3747      -0.8985      -0.1054
   5      0      -0.5242      -0.0438      -0.7867      -0.2823      -0.2534
                 -0.5715      -0.3284      -0.3704      -0.9004      -0.1049
   5     60      -0.5246      -0.0442      -0.7870      -0.2827      -0.2537
                 -0.5719      -0.3288      -0.3707      -0.9008      -0.1052
   5     80      -0.5267      -0.0461      -0.7889      -0.2845      -0.2555
                 -0.5738      -0.3306      -0.3727      -0.9028      -0.1067
   5    100      -0.5313      -0.0502      -0.7930      -0.2886      -0.2593
                 -0.5780      -0.3347      -0.3769      -0.9071      -0.1102
 
 group  inft   Estimated free energy: 2-th solvent contribution (kcal/mol)
   1      0      -0.5470      -0.8402      -0.4423      -1.4273      -0.8331
                 -0.8737      -0.9987      -0.7964      -0.9064      -0.5700
   1     60      -0.5475      -0.8408      -0.4428      -1.4279      -0.8336
                 -0.8743      -0.9992      -0.7969      -0.9069      -0.5705
   1     80      -0.5504      -0.8438      -0.4457      -1.4311      -0.8366
                 -0.8774      -1.0024      -0.8000      -0.9100      -0.5734
   1    100      -0.5578      -0.8519      -0.4535      -1.4395      -0.8446
                 -0.8858      -1.0105      -0.8081      -0.9180      -0.5812
   2      0      -0.5450      -0.8339      -0.4402      -1.4127      -0.8324
                 -0.8676      -0.9897      -0.7943      -0.8937      -0.5789
   3      0      -0.5433      -0.8322      -0.4413      -1.4051      -0.8321
                 -0.8612      -0.9859      -0.7909      -0.8851      -0.5785
   4      0      -0.5449      -0.8303      -0.4380      -1.4050      -0.8357
                 -0.8585      -0.9843      -0.7878      -0.8842      -0.5735
   5      0      -0.5449      -0.8333      -0.4466      -1.3985      -0.8329
                 -0.8521      -0.9795      -0.7861      -0.8801      -0.5737
   5     60      -0.5456      -0.8340      -0.4473      -1.3992      -0.8336
                 -0.8528      -0.9802      -0.7869      -0.8809      -0.5745
   5     80      -0.5492      -0.8377      -0.4510      -1.4030      -0.8373
                 -0.8566      -0.9840      -0.7906      -0.8846      -0.5782
   5    100      -0.5563      -0.8452      -0.4584      -1.4107      -0.8448
                 -0.8643      -0.9915      -0.7982      -0.8920      -0.5857
 
 group  inft   Estimated free energy: 3-th solvent contribution (kcal/mol)
   1      0      -3.3812      -3.5697      -3.2245      -3.0078      -3.4867
                 -3.2787      -3.3634      -3.4685      -2.8859      -3.8449
   1     60      -3.4098      -3.5985      -3.2531      -3.0363      -3.5154
                 -3.3073      -3.3922      -3.4973      -2.9142      -3.8738
   1     80      -3.5619      -3.7513      -3.4054      -3.1879      -3.6678
                 -3.4594      -3.5452      -3.6501      -3.0653      -4.0268
   1    100      -3.9562      -4.1465      -3.8000      -3.5808      -4.0623
                 -3.8531      -3.9413      -4.0457      -3.4572      -4.4230
   2      0      -3.3806      -3.5696      -3.2247      -3.0084      -3.4859
                 -3.2797      -3.3652      -3.4699      -2.8868      -3.8468
   3      0      -3.3834      -3.5712      -3.2256      -3.0098      -3.4864
                 -3.2801      -3.3658      -3.4699      -2.8880      -3.8495
   4      0      -3.3809      -3.5654      -3.2223      -3.0066      -3.4847
                 -3.2765      -3.3667      -3.4702      -2.8914      -3.8443
   5      0      -3.3827      -3.5787      -3.2282      -3.0144      -3.4947
                 -3.2839      -3.3710      -3.4749      -2.8916      -3.8480
   5     60      -3.4198      -3.6161      -3.2654      -3.0514      -3.5319
                 -3.3210      -3.4084      -3.5123      -2.9285      -3.8854
   5     80      -3.5998      -3.7969      -3.4457      -3.2309      -3.7123
                 -3.5009      -3.5895      -3.6932      -3.1073      -4.0666
   5    100      -3.9576      -4.1554      -3.8036      -3.5874      -4.0703
                 -3.8580      -3.9489      -4.0521      -3.4631      -4.4262
 
 
 cumulative average & 95% error for solvation free energy
              total             1st component         2nd component         3rd component
  1    -4.4540               -0.5272               -0.5433               -3.3834
  2    -4.4509     0.0061    -0.2858     0.4828    -0.6878     0.2889    -3.4773     0.1878
  3    -4.4528     0.0052    -0.4538     0.4366    -0.6056     0.2341    -3.3934     0.1998
  4    -4.5153     0.1249    -0.4122     0.3197    -0.8055     0.4327    -3.2975     0.2382
  5    -4.5270     0.0995    -0.3808     0.2555    -0.8108     0.3353    -3.3353     0.1994
  6    -4.5587     0.1030    -0.4133     0.2185    -0.8192     0.2743    -3.3261     0.1639
  7    -4.5766     0.0942    -0.4017     0.1861    -0.8430     0.2367    -3.3318     0.1390
  8    -4.5843     0.0830    -0.3987     0.1613    -0.8365     0.2054    -3.3490     0.1252
  9    -4.5942     0.0758    -0.4544     0.1807    -0.8419     0.1815    -3.2978     0.1506
 10    -4.5882     0.0689    -0.4195     0.1760    -0.8156     0.1706    -3.3530     0.1741
