 ERmod 0.3.7, Copyright (C) 2000-2019 Nobuyuki Matubayasi
                            2010-2019 Shun Sakuraba
 ERmod comes with ABSOLUTELY NO WARRANTY.
 This is free software, and you can redistribute it
 and/or modify it under certain conditions.
 See LICENSE file for details.
 ERmod 0.3.7, Copyright (C) 2000-2019 Nobuyuki Matubayasi
                            2010-2019 Shun Sakuraba
 ERmod comes with ABSOLUTELY NO WARRANTY.
 This is free software, and you can redistribute it
 and/or modify it under certain conditions.
 See LICENSE file for details.
 
  Number of the   1-th solvent  =          180
  Number of the   2-th solvent  =          180
  Number of the   3-th solvent  =        10000
 
  Be sure that the solvent distribution is homogeneous (radial distribution function is essentially unity) when the solvent molecule is separated beyond distance of   10.0 Angstrom in any direction from any atom within the solute molecule
 
  LJ long-range correction    =        -0.0106     -0.0358     -0.7183
 
  Self-energy of the solute   =        -0.0001  kcal/mol
 
 
 cumulative average & 95% error for solvation energy
              total             1st component         2nd component         3rd component
  1   -30.3533               -0.3854               -1.2245              -28.7433
  2   -30.3905     0.0743    -0.5320     0.2932    -1.3277     0.2065   -28.5306     0.4253
  3   -30.4479     0.1227    -0.4234     0.2755    -1.4528     0.2771   -28.5718     0.2590
  4   -30.5020     0.1386    -0.2344     0.4251    -1.6579     0.4546   -28.6096     0.1981
  5   -30.5279     0.1192    -0.3197     0.3708    -1.6846     0.3562   -28.5235     0.2306
  6   -30.5504     0.1072    -0.3513     0.3093    -1.5477     0.3995   -28.6513     0.3175
  7   -30.5570     0.0916    -0.2476     0.3337    -1.4710     0.3708   -28.8384     0.4604
  8   -30.5535     0.0796    -0.2183     0.2948    -1.4622     0.3216   -28.8730     0.4047
  9   -30.5666     0.0749    -0.3348     0.3492    -1.3969     0.3122   -28.8347     0.3650
 10   -30.5539     0.0716    -0.4204     0.3562    -1.3510     0.2940   -28.7824     0.3428
 
 
 group  inft  solvation free energy     error          difference
  total solvation free energy
   1      0         -3.35821           0.05033           0.01706
   1     60         -3.38250           0.05035          -0.00723
   1     80         -3.61333           0.05054          -0.23806
   1    100         -4.50351           0.05107          -1.12824
   2      0         -3.37039           0.04752           0.00488
   3      0         -3.37527           0.04531           0.00000
   4      0         -3.37598           0.04686          -0.00070
   5      0         -3.36986           0.04354           0.00541
   5     60         -3.40346           0.04356          -0.02819
   5     80         -3.69500           0.04369          -0.31972
   5    100         -4.51748           0.04387          -1.14221
 
  contribution from  1-th solvent component
   1      0          0.20303           0.19744           0.01522
   1     60          0.20284           0.19745           0.01503
   1     80          0.20041           0.19754           0.01260
   1    100          0.18929           0.19798           0.00149
   2      0          0.19178           0.19434           0.00397
   3      0          0.18781           0.19301           0.00000
   4      0          0.18615           0.19043          -0.00166
   5      0          0.18550           0.18911          -0.00231
   5     60          0.18520           0.18911          -0.00261
   5     80          0.18176           0.18915          -0.00605
   5    100          0.17073           0.18936          -0.01708
 
  contribution from  2-th solvent component
   1      0         -0.77846           0.14396          -0.00158
   1     60         -0.77885           0.14397          -0.00197
   1     80         -0.78259           0.14409          -0.00571
   1    100         -0.79772           0.14449          -0.02084
   2      0         -0.77644           0.14133           0.00044
   3      0         -0.77688           0.13975           0.00000
   4      0         -0.77548           0.13830           0.00140
   5      0         -0.77412           0.13730           0.00276
   5     60         -0.77468           0.13731           0.00220
   5     80         -0.77963           0.13740          -0.00275
   5    100         -0.79406           0.13763          -0.01718
 
  contribution from  3-th solvent component
   1      0         -2.78272           0.16166           0.00342
   1     60         -2.80643           0.16170          -0.02029
   1     80         -3.03109           0.16202          -0.24495
   1    100         -3.89502           0.16317          -1.10888
   2      0         -2.78567           0.16135           0.00047
   3      0         -2.78614           0.16157           0.00000
   4      0         -2.78659           0.16084          -0.00045
   5      0         -2.78118           0.16088           0.00496
   5     60         -2.81392           0.16093          -0.02778
   5     80         -3.09706           0.16132          -0.31092
   5    100         -3.89409           0.16237          -1.10795
 
 
 group  inft   Estimated free energy: total (kcal/mol)
   1      0      -3.2572      -3.3161      -3.2763      -3.3351      -3.4974
                 -3.4466      -3.2958      -3.3360      -3.4291      -3.3925
   1     60      -3.2813      -3.3403      -3.3006      -3.3595      -3.5216
                 -3.4711      -3.3202      -3.3602      -3.4535      -3.4167
   1     80      -3.5099      -3.5709      -3.5319      -3.5907      -3.7522
                 -3.7028      -3.5522      -3.5907      -3.6853      -3.6467
   1    100      -4.3933      -4.4610      -4.4232      -4.4824      -4.6405
                 -4.5961      -4.4460      -4.4796      -4.5787      -4.5344
   2      0      -3.3008      -3.3206      -3.2802      -3.3456      -3.5107
                 -3.4584      -3.3172      -3.3458      -3.4253      -3.3993
   3      0      -3.3208      -3.3206      -3.2877      -3.3432      -3.5089
                 -3.4621      -3.3276      -3.3514      -3.4231      -3.4072
   4      0      -3.3183      -3.3159      -3.2889      -3.3505      -3.5201
                 -3.4648      -3.3333      -3.3447      -3.4224      -3.4009
   5      0      -3.3182      -3.3034      -3.2868      -3.3509      -3.4871
                 -3.4608      -3.3293      -3.3396      -3.4240      -3.3985
   5     60      -3.3515      -3.3369      -3.3205      -3.3845      -3.5207
                 -3.4946      -3.3632      -3.3732      -3.4577      -3.4319
   5     80      -3.6406      -3.6281      -3.6126      -3.6766      -3.8118
                 -3.7871      -3.6563      -3.6643      -3.7503      -3.7224
   5    100      -4.4575      -4.4502      -4.4361      -4.5007      -4.6323
                 -4.6121      -4.4827      -4.4859      -4.5749      -4.5425
 
 group  inft   Estimated free energy: 1-th solvent contribution (kcal/mol)
   1      0       0.1359       0.1002       0.3508       0.6637       0.0481
                  0.1095       0.6568       0.3973      -0.2322      -0.1997
   1     60       0.1358       0.1000       0.3506       0.6635       0.0479
                  0.1093       0.6566       0.3971      -0.2325      -0.1999
   1     80       0.1338       0.0972       0.3482       0.6614       0.0453
                  0.1070       0.6542       0.3946      -0.2353      -0.2024
   1    100       0.1238       0.0849       0.3375       0.6522       0.0337
                  0.0958       0.6436       0.3831      -0.2476      -0.2140
   2      0       0.1125       0.0921       0.3374       0.6435       0.0351
                  0.0995       0.6373       0.3957      -0.2259      -0.2092
   3      0       0.1044       0.0943       0.3263       0.6381       0.0343
                  0.0991       0.6291       0.3924      -0.2251      -0.2148
   4      0       0.1051       0.0949       0.3259       0.6279       0.0255
                  0.0973       0.6239       0.3887      -0.2195      -0.2081
   5      0       0.1042       0.1025       0.3185       0.6262       0.0371
                  0.0939       0.6191       0.3840      -0.2212      -0.2094
   5     60       0.1040       0.1021       0.3182       0.6259       0.0368
                  0.0936       0.6188       0.3837      -0.2215      -0.2097
   5     80       0.1011       0.0983       0.3148       0.6228       0.0332
                  0.0903       0.6153       0.3801      -0.2252      -0.2131
   5    100       0.0909       0.0865       0.3038       0.6129       0.0217
                  0.0795       0.6043       0.3689      -0.2368      -0.2245
 
 group  inft   Estimated free energy: 2-th solvent contribution (kcal/mol)
   1      0      -0.6437      -0.8349      -0.8938      -1.2139      -1.0681
                 -0.5390      -0.6151      -0.7981      -0.5581      -0.6198
   1     60      -0.6439      -0.8353      -0.8942      -1.2143      -1.0685
                 -0.5394      -0.6155      -0.7985      -0.5585      -0.6203
   1     80      -0.6462      -0.8392      -0.8983      -1.2185      -1.0724
                 -0.5433      -0.6194      -0.8022      -0.5622      -0.6243
   1    100      -0.6567      -0.8548      -0.9142      -1.2351      -1.0881
                 -0.5592      -0.6348      -0.8174      -0.5771      -0.6400
   2      0      -0.6603      -0.8309      -0.8803      -1.2020      -1.0645
                 -0.5374      -0.6166      -0.8017      -0.5565      -0.6142
   3      0      -0.6708      -0.8290      -0.8787      -1.1963      -1.0629
                 -0.5387      -0.6177      -0.8028      -0.5563      -0.6155
   4      0      -0.6699      -0.8300      -0.8769      -1.1917      -1.0588
                 -0.5400      -0.6205      -0.7924      -0.5568      -0.6176
   5      0      -0.6743      -0.8256      -0.8745      -1.1932      -1.0477
                 -0.5353      -0.6173      -0.7929      -0.5637      -0.6168
   5     60      -0.6747      -0.8262      -0.8750      -1.1938      -1.0483
                 -0.5359      -0.6179      -0.7934      -0.5643      -0.6174
   5     80      -0.6780      -0.8312      -0.8803      -1.1991      -1.0534
                 -0.5411      -0.6230      -0.7985      -0.5691      -0.6226
   5    100      -0.6888      -0.8460      -0.8953      -1.2145      -1.0682
                 -0.5562      -0.6378      -0.8131      -0.5834      -0.6374
 
 group  inft   Estimated free energy: 3-th solvent contribution (kcal/mol)
   1      0      -2.7494      -2.5813      -2.7332      -2.7849      -2.4772
                 -3.0171      -3.3374      -2.9352      -2.6387      -2.5729
   1     60      -2.7731      -2.6049      -2.7569      -2.8086      -2.5009
                 -3.0409      -3.3612      -2.9588      -2.6625      -2.5965
   1     80      -2.9975      -2.8289      -2.9818      -3.0335      -2.7250
                 -3.2663      -3.5870      -3.1829      -2.8878      -2.8200
   1    100      -3.8604      -3.6911      -3.8463      -3.8995      -3.5860
                 -4.1327      -4.4547      -4.0452      -3.7539      -3.6803
   2      0      -2.7529      -2.5818      -2.7372      -2.7870      -2.4813
                 -3.0204      -3.3378      -2.9397      -2.6428      -2.5759
   3      0      -2.7543      -2.5859      -2.7352      -2.7850      -2.4803
                 -3.0224      -3.3389      -2.9410      -2.6416      -2.5768
   4      0      -2.7533      -2.5807      -2.7378      -2.7867      -2.4867
                 -3.0220      -3.3366      -2.9409      -2.6460      -2.5751
   5      0      -2.7480      -2.5802      -2.7309      -2.7839      -2.4764
                 -3.0194      -3.3311      -2.9307      -2.6390      -2.5722
   5     60      -2.7808      -2.6128      -2.7636      -2.8166      -2.5091
                 -3.0522      -3.3640      -2.9634      -2.6718      -2.6048
   5     80      -3.0636      -2.8951      -3.0471      -3.1002      -2.7915
                 -3.3363      -3.6486      -3.2459      -2.9558      -2.8866
   5    100      -3.8595      -3.6907      -3.8445      -3.8991      -3.5858
                 -4.1353      -4.4492      -4.0416      -3.7546      -3.6805
 
 
 cumulative average & 95% error for solvation free energy
              total             1st component         2nd component         3rd component
  1    -3.3208                0.1044               -0.6708               -2.7543
  2    -3.3207     0.0002     0.0993     0.0100    -0.7499     0.1582    -2.6701     0.1684
  3    -3.3097     0.0220     0.1750     0.1514    -0.7929     0.1254    -2.6918     0.1065
  4    -3.3181     0.0228     0.2908     0.2551    -0.8937     0.2203    -2.7151     0.0886
  5    -3.3563     0.0784     0.2395     0.2226    -0.9276     0.1836    -2.6681     0.1163
  6    -3.3739     0.0731     0.2161     0.1877    -0.8627     0.1982    -2.7272     0.1515
  7    -3.3673     0.0632     0.2751     0.1977    -0.8277     0.1815    -2.8146     0.2167
  8    -3.3653     0.0548     0.2897     0.1737    -0.8246     0.1573    -2.8304     0.1903
  9    -3.3717     0.0500     0.2325     0.1912    -0.7948     0.1510    -2.8094     0.1730
 10    -3.3753     0.0453     0.1878     0.1930    -0.7769     0.1398    -2.7861     0.1616
