 ERmod 0.3.7, Copyright (C) 2000-2019 Nobuyuki Matubayasi
                            2010-2019 Shun Sakuraba
 ERmod comes with ABSOLUTELY NO WARRANTY.
 This is free software, and you can redistribute it
 and/or modify it under certain conditions.
 See LICENSE file for details.
 ERmod 0.3.7, Copyright (C) 2000-2019 Nobuyuki Matubayasi
                            2010-2019 Shun Sakuraba
 ERmod comes with ABSOLUTELY NO WARRANTY.
 This is free software, and you can redistribute it
 and/or modify it under certain conditions.
 See LICENSE file for details.
 
  Number of the   1-th solvent  =           90
  Number of the   2-th solvent  =           90
  Number of the   3-th solvent  =        10000
 
  Be sure that the solvent distribution is homogeneous (radial distribution function is essentially unity) when the solvent molecule is separated beyond distance of   10.0 Angstrom in any direction from any atom within the solute molecule
 
  LJ long-range correction    =        -0.0018     -0.0017     -0.2447
 
  Self-energy of the solute   =         0.0000  kcal/mol
 
 
 cumulative average & 95% error for solvation energy
              total             1st component         2nd component         3rd component
  1    -6.7356                0.0373               -0.0839               -6.6890
  2    -6.7267     0.0179     0.0375     0.0003    -0.0848     0.0018    -6.6793     0.0194
  3    -6.7300     0.0123     0.0357     0.0036    -0.0873     0.0051    -6.6784     0.0114
  4    -6.7230     0.0164     0.0386     0.0062    -0.0859     0.0046    -6.6757     0.0096
  5    -6.7247     0.0131     0.0404     0.0061    -0.0847     0.0042    -6.6804     0.0120
  6    -6.7239     0.0108     0.0412     0.0052    -0.0839     0.0038    -6.6813     0.0100
  7    -6.7261     0.0101     0.0410     0.0044    -0.0844     0.0034    -6.6827     0.0089
  8    -6.7276     0.0092     0.0428     0.0052    -0.0842     0.0030    -6.6862     0.0103
  9    -6.7270     0.0082     0.0443     0.0054    -0.0838     0.0027    -6.6874     0.0094
 10    -6.7267     0.0074     0.0428     0.0057    -0.0834     0.0026    -6.6862     0.0088
 
 
 group  inft  solvation free energy     error          difference
  total solvation free energy
   1      0          2.80193           0.01041          -0.00477
   1     60          2.78903           0.01044          -0.01767
   1     80          2.69305           0.01073          -0.11365
   1    100          2.37488           0.01174          -0.43182
   2      0          2.79881           0.00996          -0.00789
   3      0          2.80670           0.00975           0.00000
   4      0          2.81567           0.00983           0.00897
   5      0          2.87029           0.00951           0.06360
   5     60          2.85290           0.00956           0.04620
   5     80          2.73469           0.00986          -0.07201
   5    100          2.43980           0.01072          -0.36690
 
  contribution from  1-th solvent component
   1      0          0.10068           0.00564           0.00201
   1     60          0.10070           0.00567           0.00204
   1     80          0.10080           0.00590           0.00214
   1    100          0.10031           0.00679           0.00165
   2      0          0.09922           0.00524           0.00056
   3      0          0.09866           0.00512          -0.00000
   4      0          0.09816           0.00509          -0.00050
   5      0          0.09824           0.00502          -0.00042
   5     60          0.09825           0.00504          -0.00041
   5     80          0.09815           0.00533          -0.00051
   5    100          0.09728           0.00612          -0.00138
 
  contribution from  2-th solvent component
   1      0         -0.04408           0.00805           0.00401
   1     60         -0.04381           0.00807           0.00428
   1     80         -0.04261           0.00824           0.00548
   1    100         -0.04003           0.00887           0.00806
   2      0         -0.04676           0.00755           0.00133
   3      0         -0.04809           0.00734           0.00000
   4      0         -0.04860           0.00720          -0.00051
   5      0         -0.04938           0.00700          -0.00129
   5     60         -0.04904           0.00703          -0.00095
   5     80         -0.04765           0.00725           0.00044
   5    100         -0.04539           0.00786           0.00270
 
  contribution from  3-th solvent component
   1      0          2.74532           0.00903          -0.01080
   1     60          2.73213           0.00906          -0.02399
   1     80          2.63485           0.00926          -0.12126
   1    100          2.31459           0.00997          -0.44152
   2      0          2.74633           0.00887          -0.00978
   3      0          2.75612           0.00888           0.00000
   4      0          2.76610           0.00856           0.00998
   5      0          2.82143           0.00859           0.06531
   5     60          2.80368           0.00862           0.04756
   5     80          2.68418           0.00884          -0.07194
   5    100          2.38789           0.00945          -0.36823
 
 
 group  inft   Estimated free energy: total (kcal/mol)
   1      0       2.8099       2.8031       2.7871       2.8213       2.8105
                  2.8170       2.7746       2.7797       2.7992       2.8169
   1     60       2.7970       2.7902       2.7741       2.8085       2.7977
                  2.8042       2.7615       2.7668       2.7864       2.8040
   1     80       2.7011       2.6940       2.6772       2.7130       2.7021
                  2.7089       2.6644       2.6709       2.6909       2.7080
   1    100       2.3829       2.3752       2.3565       2.3970       2.3844
                  2.3936       2.3424       2.3528       2.3739       2.3901
   2      0       2.8052       2.8016       2.7863       2.8176       2.8060
                  2.8130       2.7729       2.7768       2.7942       2.8144
   3      0       2.8131       2.8119       2.7945       2.8257       2.8138
                  2.8172       2.7810       2.7860       2.8005       2.8232
   4      0       2.8207       2.8185       2.8036       2.8364       2.8204
                  2.8307       2.7902       2.7953       2.8104       2.8305
   5      0       2.8762       2.8727       2.8577       2.8901       2.8767
                  2.8844       2.8476       2.8493       2.8638       2.8844
   5     60       2.8588       2.8553       2.8402       2.8728       2.8594
                  2.8672       2.8300       2.8318       2.8465       2.8670
   5     80       2.7406       2.7368       2.7210       2.7551       2.7415
                  2.7499       2.7104       2.7137       2.7289       2.7489
   5    100       2.4455       2.4415       2.4239       2.4618       2.4471
                  2.4577       2.4121       2.4190       2.4350       2.4544
 
 group  inft   Estimated free energy: 1-th solvent contribution (kcal/mol)
   1      0       0.0956       0.0959       0.0958       0.1035       0.0982
                  0.1016       0.0970       0.1186       0.1124       0.0882
   1     60       0.0956       0.0959       0.0958       0.1035       0.0982
                  0.1016       0.0971       0.1187       0.1125       0.0882
   1     80       0.0954       0.0956       0.0955       0.1037       0.0984
                  0.1019       0.0969       0.1195       0.1132       0.0878
   1    100       0.0940       0.0939       0.0938       0.1035       0.0981
                  0.1021       0.0956       0.1215       0.1149       0.0858
   2      0       0.0944       0.0947       0.0944       0.1012       0.0974
                  0.1003       0.0966       0.1155       0.1106       0.0873
   3      0       0.0933       0.0943       0.0943       0.1005       0.0970
                  0.0996       0.0963       0.1145       0.1098       0.0870
   4      0       0.0928       0.0935       0.0938       0.1004       0.0963
                  0.0999       0.0957       0.1136       0.1092       0.0864
   5      0       0.0929       0.0937       0.0940       0.1003       0.0971
                  0.0998       0.0958       0.1135       0.1089       0.0866
   5     60       0.0928       0.0936       0.0940       0.1003       0.0971
                  0.0998       0.0957       0.1136       0.1090       0.0865
   5     80       0.0924       0.0931       0.0935       0.1002       0.0970
                  0.0999       0.0954       0.1144       0.1096       0.0859
   5    100       0.0906       0.0911       0.0917       0.0994       0.0964
                  0.0997       0.0938       0.1158       0.1107       0.0838
 
 group  inft   Estimated free energy: 2-th solvent contribution (kcal/mol)
   1      0      -0.0426      -0.0477      -0.0586      -0.0494      -0.0361
                 -0.0308      -0.0542      -0.0561      -0.0477      -0.0175
   1     60      -0.0423      -0.0475      -0.0584      -0.0492      -0.0358
                 -0.0305      -0.0539      -0.0558      -0.0474      -0.0172
   1     80      -0.0412      -0.0463      -0.0575      -0.0481      -0.0345
                 -0.0289      -0.0531      -0.0548      -0.0462      -0.0155
   1    100      -0.0386      -0.0434      -0.0561      -0.0459      -0.0316
                 -0.0250      -0.0520      -0.0526      -0.0441      -0.0109
   2      0      -0.0460      -0.0491      -0.0597      -0.0516      -0.0395
                 -0.0351      -0.0560      -0.0578      -0.0518      -0.0210
   3      0      -0.0471      -0.0499      -0.0600      -0.0524      -0.0429
                 -0.0364      -0.0567      -0.0582      -0.0549      -0.0224
   4      0      -0.0483      -0.0504      -0.0601      -0.0521      -0.0439
                 -0.0356      -0.0569      -0.0588      -0.0558      -0.0240
   5      0      -0.0486      -0.0511      -0.0616      -0.0530      -0.0455
                 -0.0360      -0.0574      -0.0592      -0.0555      -0.0260
   5     60      -0.0483      -0.0508      -0.0613      -0.0527      -0.0451
                 -0.0355      -0.0571      -0.0589      -0.0551      -0.0256
   5     80      -0.0470      -0.0494      -0.0603      -0.0514      -0.0435
                 -0.0337      -0.0562      -0.0576      -0.0538      -0.0236
   5    100      -0.0448      -0.0469      -0.0592      -0.0495      -0.0410
                 -0.0301      -0.0553      -0.0558      -0.0519      -0.0194
 
 group  inft   Estimated free energy: 3-th solvent contribution (kcal/mol)
   1      0       2.7569       2.7549       2.7499       2.7672       2.7484
                  2.7463       2.7316       2.7172       2.7344       2.7462
   1     60       2.7438       2.7417       2.7367       2.7541       2.7353
                  2.7331       2.7184       2.7039       2.7212       2.7330
   1     80       2.6469       2.6446       2.6392       2.6575       2.6382
                  2.6360       2.6206       2.6062       2.6239       2.6356
   1    100       2.3275       2.3248       2.3187       2.3394       2.3179
                  2.3165       2.2989       2.2840       2.3030       2.3152
   2      0       2.7568       2.7560       2.7516       2.7681       2.7481
                  2.7479       2.7323       2.7191       2.7355       2.7480
   3      0       2.7670       2.7675       2.7602       2.7776       2.7597
                  2.7540       2.7414       2.7297       2.7456       2.7585
   4      0       2.7762       2.7754       2.7698       2.7882       2.7680
                  2.7665       2.7514       2.7405       2.7570       2.7681
   5      0       2.8320       2.8302       2.8253       2.8428       2.8251
                  2.8206       2.8092       2.7949       2.8104       2.8239
   5     60       2.8143       2.8125       2.8075       2.8252       2.8074
                  2.8029       2.7913       2.7770       2.7926       2.8061
   5     80       2.6952       2.6931       2.6878       2.7063       2.6880
                  2.6836       2.6712       2.6570       2.6731       2.6865
   5    100       2.3997       2.3973       2.3914       2.4119       2.3917
                  2.3881       2.3737       2.3589       2.3763       2.3900
 
 
 cumulative average & 95% error for solvation free energy
              total             1st component         2nd component         3rd component
  1     2.8131                0.0933               -0.0471                2.7670
  2     2.8125     0.0012     0.0938     0.0011    -0.0485     0.0028     2.7672     0.0005
  3     2.8065     0.0120     0.0940     0.0007    -0.0523     0.0079     2.7649     0.0047
  4     2.8113     0.0128     0.0956     0.0033    -0.0524     0.0056     2.7681     0.0072
  5     2.8118     0.0100     0.0959     0.0026    -0.0505     0.0057     2.7664     0.0065
  6     2.8127     0.0083     0.0965     0.0025    -0.0481     0.0066     2.7643     0.0067
  7     2.8082     0.0115     0.0965     0.0021    -0.0493     0.0061     2.7610     0.0087
  8     2.8054     0.0114     0.0987     0.0049    -0.0505     0.0057     2.7571     0.0109
  9     2.8049     0.0101     0.1000     0.0049    -0.0509     0.0052     2.7558     0.0099
 10     2.8067     0.0097     0.0987     0.0051    -0.0481     0.0073     2.7561     0.0089
