 ERmod 0.3.7, Copyright (C) 2000-2019 Nobuyuki Matubayasi
                            2010-2019 Shun Sakuraba
 ERmod comes with ABSOLUTELY NO WARRANTY.
 This is free software, and you can redistribute it
 and/or modify it under certain conditions.
 See LICENSE file for details.
 ERmod 0.3.7, Copyright (C) 2000-2019 Nobuyuki Matubayasi
                            2010-2019 Shun Sakuraba
 ERmod comes with ABSOLUTELY NO WARRANTY.
 This is free software, and you can redistribute it
 and/or modify it under certain conditions.
 See LICENSE file for details.
 
  Number of the   1-th solvent  =           90
  Number of the   2-th solvent  =           90
  Number of the   3-th solvent  =        10000
 
  Be sure that the solvent distribution is homogeneous (radial distribution function is essentially unity) when the solvent molecule is separated beyond distance of   10.0 Angstrom in any direction from any atom within the solute molecule
 
  LJ long-range correction    =        -0.0038     -0.0212     -0.4018
 
  Self-energy of the solute   =        -0.0001  kcal/mol
 
 
 cumulative average & 95% error for solvation energy
              total             1st component         2nd component         3rd component
  1   -23.4173               -0.4543               -0.8986              -22.0643
  2   -23.5337     0.2330    -1.0140     1.1196    -1.0398     0.2824   -21.4798     1.1690
  3   -23.4905     0.1600    -1.0918     0.6648    -0.9679     0.2174   -21.4306     0.6820
  4   -23.4355     0.1578    -0.8226     0.7147    -0.9759     0.1545   -21.6369     0.6346
  5   -23.4702     0.1406    -0.8702     0.5617    -1.0543     0.1974   -21.5456     0.5243
  6   -23.4747     0.1152    -0.8122     0.4730    -1.0373     0.1647   -21.6251     0.4566
  7   -23.4574     0.1033    -0.7778     0.4057    -0.9845     0.1747   -21.6950     0.4105
  8   -23.4516     0.0902    -0.6859     0.3965    -0.9334     0.1826   -21.8322     0.4491
  9   -23.4428     0.0815    -0.7139     0.3541    -0.9379     0.1613   -21.7908     0.4047
 10   -23.4280     0.0787    -0.6567     0.3368    -0.9517     0.1469   -21.8195     0.3665
 
 
 group  inft  solvation free energy     error          difference
  total solvation free energy
   1      0         -4.40175           0.06607           0.00128
   1     60         -4.42654           0.06608          -0.02351
   1     80         -4.60557           0.06619          -0.20254
   1    100         -5.17814           0.06655          -0.77511
   2      0         -4.40240           0.06222           0.00063
   3      0         -4.40303           0.06122           0.00000
   4      0         -4.39883           0.06274           0.00420
   5      0         -4.40010           0.06065           0.00293
   5     60         -4.43332           0.06065          -0.03029
   5     80         -4.65212           0.06073          -0.24909
   5    100         -5.17725           0.06094          -0.77422
 
  contribution from  1-th solvent component
   1      0         -0.20831           0.17716           0.00347
   1     60         -0.20840           0.17718           0.00337
   1     80         -0.20930           0.17727           0.00248
   1    100         -0.21268           0.17755          -0.00090
   2      0         -0.21096           0.17441           0.00082
   3      0         -0.21178           0.17257           0.00000
   4      0         -0.21113           0.17207           0.00065
   5      0         -0.21058           0.17145           0.00120
   5     60         -0.21074           0.17146           0.00103
   5     80         -0.21203           0.17152          -0.00026
   5    100         -0.21548           0.17164          -0.00371
 
  contribution from  2-th solvent component
   1      0         -0.54051           0.08507          -0.00640
   1     60         -0.54084           0.08507          -0.00673
   1     80         -0.54312           0.08509          -0.00902
   1    100         -0.55037           0.08515          -0.01626
   2      0         -0.53597           0.08449          -0.00186
   3      0         -0.53411           0.08418          -0.00000
   4      0         -0.53345           0.08523           0.00066
   5      0         -0.53204           0.08417           0.00207
   5     60         -0.53248           0.08418           0.00163
   5     80         -0.53530           0.08419          -0.00119
   5    100         -0.54195           0.08423          -0.00784
 
  contribution from  3-th solvent component
   1      0         -3.65286           0.17696           0.00421
   1     60         -3.67723           0.17697          -0.02016
   1     80         -3.85307           0.17703          -0.19600
   1    100         -4.41502           0.17723          -0.75795
   2      0         -3.65539           0.17683           0.00168
   3      0         -3.65707           0.17628           0.00000
   4      0         -3.65418           0.17486           0.00289
   5      0         -3.65741           0.17562          -0.00034
   5     60         -3.69002           0.17563          -0.03295
   5     80         -3.90470           0.17570          -0.24764
   5    100         -4.41974           0.17587          -0.76267
 
 
 group  inft   Estimated free energy: total (kcal/mol)
   1      0      -4.3833      -4.5667      -4.4083      -4.3197      -4.5908
                 -4.4460      -4.3563      -4.2944      -4.3498      -4.3022
   1     60      -4.4081      -4.5916      -4.4331      -4.3445      -4.6155
                 -4.4708      -4.3810      -4.3193      -4.3745      -4.3269
   1     80      -4.5872      -4.7716      -4.6122      -4.5233      -4.7942
                 -4.6501      -4.5600      -4.4984      -4.5530      -4.5057
   1    100      -5.1602      -5.3465      -5.1844      -5.0948      -5.3659
                 -5.2242      -5.1331      -5.0711      -5.1240      -5.0772
   2      0      -4.3860      -4.5584      -4.4007      -4.3281      -4.5832
                 -4.4429      -4.3561      -4.3020      -4.3545      -4.3122
   3      0      -4.3864      -4.5567      -4.3957      -4.3361      -4.5809
                 -4.4467      -4.3561      -4.3090      -4.3541      -4.3086
   4      0      -4.3817      -4.5594      -4.3914      -4.3257      -4.5813
                 -4.4380      -4.3480      -4.3038      -4.3519      -4.3070
   5      0      -4.3768      -4.5514      -4.3924      -4.3279      -4.5784
                 -4.4447      -4.3526      -4.3124      -4.3557      -4.3087
   5     60      -4.4100      -4.5848      -4.4257      -4.3612      -4.6115
                 -4.4780      -4.3858      -4.3457      -4.3888      -4.3418
   5     80      -4.6289      -4.8046      -4.6443      -4.5799      -4.8298
                 -4.6972      -4.6045      -4.5648      -4.6070      -4.5604
   5    100      -5.1545      -5.3314      -5.1687      -5.1043      -5.3539
                 -5.2237      -5.1301      -5.0904      -5.1308      -5.0847
 
 group  inft   Estimated free energy: 1-th solvent contribution (kcal/mol)
   1      0      -0.0904      -0.6833      -0.5263       0.0920      -0.4282
                 -0.1497      -0.1647       0.1545      -0.3455       0.0585
   1     60      -0.0904      -0.6834      -0.5264       0.0920      -0.4284
                 -0.1498      -0.1648       0.1545      -0.3455       0.0584
   1     80      -0.0913      -0.6846      -0.5275       0.0911      -0.4294
                 -0.1508      -0.1658       0.1541      -0.3463       0.0575
   1    100      -0.0945      -0.6885      -0.5317       0.0880      -0.4331
                 -0.1545      -0.1695       0.1520      -0.3493       0.0542
   2      0      -0.0963      -0.6819      -0.5206       0.0847      -0.4242
                 -0.1503      -0.1672       0.1468      -0.3500       0.0494
   3      0      -0.0977      -0.6781      -0.5190       0.0776      -0.4215
                 -0.1554      -0.1677       0.1420      -0.3480       0.0501
   4      0      -0.0958      -0.6791      -0.5163       0.0803      -0.4202
                 -0.1548      -0.1666       0.1357      -0.3453       0.0509
   5      0      -0.0946      -0.6734      -0.5164       0.0791      -0.4198
                 -0.1573      -0.1644       0.1360      -0.3469       0.0518
   5     60      -0.0947      -0.6736      -0.5166       0.0789      -0.4200
                 -0.1575      -0.1646       0.1359      -0.3470       0.0517
   5     80      -0.0960      -0.6750      -0.5181       0.0776      -0.4213
                 -0.1589      -0.1660       0.1350      -0.3481       0.0503
   5    100      -0.0993      -0.6787      -0.5219       0.0742      -0.4248
                 -0.1626      -0.1697       0.1324      -0.3512       0.0468
 
 group  inft   Estimated free energy: 2-th solvent contribution (kcal/mol)
   1      0      -0.5062      -0.6854      -0.4867      -0.5792      -0.7880
                 -0.5276      -0.3840      -0.3238      -0.5274      -0.5968
   1     60      -0.5065      -0.6858      -0.4870      -0.5795      -0.7884
                 -0.5279      -0.3843      -0.3241      -0.5277      -0.5971
   1     80      -0.5089      -0.6881      -0.4893      -0.5818      -0.7907
                 -0.5302      -0.3866      -0.3263      -0.5299      -0.5994
   1    100      -0.5162      -0.6954      -0.4964      -0.5892      -0.7981
                 -0.5374      -0.3938      -0.3334      -0.5371      -0.6067
   2      0      -0.4999      -0.6764      -0.4802      -0.5789      -0.7823
                 -0.5218      -0.3801      -0.3213      -0.5254      -0.5933
   3      0      -0.4992      -0.6749      -0.4751      -0.5764      -0.7806
                 -0.5194      -0.3791      -0.3225      -0.5226      -0.5913
   4      0      -0.4978      -0.6781      -0.4745      -0.5769      -0.7808
                 -0.5135      -0.3755      -0.3194      -0.5256      -0.5924
   5      0      -0.4899      -0.6733      -0.4719      -0.5742      -0.7779
                 -0.5164      -0.3780      -0.3216      -0.5255      -0.5916
   5     60      -0.4903      -0.6737      -0.4723      -0.5747      -0.7784
                 -0.5169      -0.3785      -0.3220      -0.5259      -0.5920
   5     80      -0.4932      -0.6766      -0.4751      -0.5776      -0.7812
                 -0.5197      -0.3813      -0.3248      -0.5287      -0.5949
   5    100      -0.4999      -0.6833      -0.4816      -0.5844      -0.7880
                 -0.5262      -0.3878      -0.3314      -0.5353      -0.6016
 
 group  inft   Estimated free energy: 3-th solvent contribution (kcal/mol)
   1      0      -3.7867      -3.1979      -3.3952      -3.8325      -3.3745
                 -3.7686      -3.8075      -4.1251      -3.4769      -3.7638
   1     60      -3.8110      -3.2223      -3.4196      -3.8568      -3.3987
                 -3.7930      -3.8318      -4.1496      -3.5012      -3.7881
   1     80      -3.9869      -3.3988      -3.5952      -4.0325      -3.5740
                 -3.9691      -4.0076      -4.3261      -3.6767      -3.9637
   1    100      -4.5495      -3.9625      -4.1562      -4.5935      -4.1347
                 -4.5323      -4.5698      -4.8896      -4.2375      -4.5246
   2      0      -3.7897      -3.2001      -3.3998      -3.8338      -3.3765
                 -3.7706      -3.8087      -4.1273      -3.4791      -3.7682
   3      0      -3.7895      -3.2036      -3.4015      -3.8372      -3.3787
                 -3.7719      -3.8092      -4.1284      -3.4834      -3.7673
   4      0      -3.7880      -3.2021      -3.4005      -3.8290      -3.3802
                 -3.7696      -3.8059      -4.1200      -3.4810      -3.7655
   5      0      -3.7922      -3.2047      -3.4040      -3.8327      -3.3806
                 -3.7709      -3.8100      -4.1268      -3.4833      -3.7689
   5     60      -3.8248      -3.2374      -3.4367      -3.8653      -3.4131
                 -3.8036      -3.8426      -4.1595      -3.5158      -3.8014
   5     80      -4.0396      -3.4529      -3.6510      -4.0798      -3.6271
                 -4.0185      -4.0572      -4.3750      -3.7301      -4.0158
   5    100      -4.5552      -3.9694      -4.1651      -4.5941      -4.1411
                 -4.5347      -4.5725      -4.8913      -4.2442      -4.5299
 
 
 cumulative average & 95% error for solvation free energy
              total             1st component         2nd component         3rd component
  1    -4.3864               -0.0977               -0.4992               -3.7895
  2    -4.4716     0.1703    -0.3879     0.5804    -0.5871     0.1757    -3.4965     0.5859
  3    -4.4463     0.1105    -0.4316     0.3463    -0.5497     0.1259    -3.4649     0.3441
  4    -4.4187     0.0956    -0.3043     0.3533    -0.5564     0.0900    -3.5579     0.3064
  5    -4.4512     0.0985    -0.3278     0.2776    -0.6012     0.1136    -3.5221     0.2479
  6    -4.4504     0.0804    -0.2990     0.2338    -0.5876     0.0967    -3.5637     0.2189
  7    -4.4369     0.0731    -0.2803     0.2012    -0.5578     0.1011    -3.5988     0.1978
  8    -4.4209     0.0709    -0.2275     0.2037    -0.5284     0.1055    -3.6650     0.2165
  9    -4.4135     0.0643    -0.2409     0.1816    -0.5278     0.0930    -3.6448     0.1952
 10    -4.4030     0.0612    -0.2118     0.1726    -0.5341     0.0842    -3.6571     0.1763
