 ERmod 0.3.7, Copyright (C) 2000-2019 Nobuyuki Matubayasi
                            2010-2019 Shun Sakuraba
 ERmod comes with ABSOLUTELY NO WARRANTY.
 This is free software, and you can redistribute it
 and/or modify it under certain conditions.
 See LICENSE file for details.
 ERmod 0.3.7, Copyright (C) 2000-2019 Nobuyuki Matubayasi
                            2010-2019 Shun Sakuraba
 ERmod comes with ABSOLUTELY NO WARRANTY.
 This is free software, and you can redistribute it
 and/or modify it under certain conditions.
 See LICENSE file for details.
 
  Number of the   1-th solvent  =           90
  Number of the   2-th solvent  =           90
  Number of the   3-th solvent  =        10000
 
  Be sure that the solvent distribution is homogeneous (radial distribution function is essentially unity) when the solvent molecule is separated beyond distance of   10.0 Angstrom in any direction from any atom within the solute molecule
 
  LJ long-range correction    =        -0.0054     -0.0181     -0.7264
 
  Self-energy of the solute   =        -0.0001  kcal/mol
 
 
 cumulative average & 95% error for solvation energy
              total             1st component         2nd component         3rd component
  1   -30.4935               -0.3659               -0.5706              -29.5569
  2   -30.4954     0.0038    -0.4997     0.2676    -0.9111     0.6811   -29.0845     0.9448
  3   -30.4775     0.0358    -0.4412     0.1938    -0.9567     0.4037   -29.0795     0.5456
  4   -30.4656     0.0347    -0.3625     0.2086    -0.8409     0.3676   -29.2621     0.5312
  5   -30.4605     0.0288    -0.4072     0.1847    -0.8645     0.2886   -29.1887     0.4369
  6   -30.4511     0.0300    -0.3899     0.1547    -0.8666     0.2357   -29.1946     0.3569
  7   -30.4477     0.0263    -0.3576     0.1459    -0.8310     0.2115   -29.2590     0.3280
  8   -30.4473     0.0228    -0.3436     0.1294    -0.8150     0.1859   -29.2886     0.2902
  9   -30.4382     0.0271    -0.3107     0.1316    -0.8252     0.1652   -29.3022     0.2574
 10   -30.4287     0.0308    -0.2361     0.1901    -0.8505     0.1562   -29.3421     0.2436
 
 
 group  inft  solvation free energy     error          difference
  total solvation free energy
   1      0         -3.49027           0.04640           0.01247
   1     60         -3.51294           0.04640          -0.01019
   1     80         -3.73032           0.04652          -0.22758
   1    100         -4.58369           0.04694          -1.08094
   2      0         -3.49887           0.04781           0.00388
   3      0         -3.50274           0.04726           0.00000
   4      0         -3.49898           0.04862           0.00376
   5      0         -3.49995           0.04553           0.00279
   5     60         -3.53128           0.04553          -0.02854
   5     80         -3.80742           0.04563          -0.30468
   5    100         -4.59565           0.04591          -1.09291
 
  contribution from  1-th solvent component
   1      0          0.10442           0.10995           0.01259
   1     60          0.10438           0.10996           0.01254
   1     80          0.10345           0.11008           0.01161
   1    100          0.09904           0.11057           0.00720
   2      0          0.09619           0.11089           0.00436
   3      0          0.09183           0.11068           0.00000
   4      0          0.09238           0.11053           0.00054
   5      0          0.08989           0.11002          -0.00195
   5     60          0.08977           0.11003          -0.00206
   5     80          0.08834           0.11020          -0.00350
   5    100          0.08362           0.11067          -0.00821
 
  contribution from  2-th solvent component
   1      0         -0.47775           0.08160          -0.00485
   1     60         -0.47790           0.08161          -0.00501
   1     80         -0.47948           0.08173          -0.00658
   1    100         -0.48623           0.08215          -0.01333
   2      0         -0.47417           0.08134          -0.00128
   3      0         -0.47289           0.08072           0.00000
   4      0         -0.47141           0.08021           0.00148
   5      0         -0.47141           0.08047           0.00149
   5     60         -0.47164           0.08049           0.00125
   5     80         -0.47384           0.08064          -0.00095
   5    100         -0.48049           0.08099          -0.00760
 
  contribution from  3-th solvent component
   1      0         -3.11687           0.12368           0.00474
   1     60         -3.13934           0.12369          -0.01773
   1     80         -3.35422           0.12372          -0.23261
   1    100         -4.19642           0.12423          -1.07481
   2      0         -3.12081           0.12357           0.00080
   3      0         -3.12161           0.12358           0.00000
   4      0         -3.11988           0.12306           0.00173
   5      0         -3.11836           0.12312           0.00325
   5     60         -3.14934           0.12313          -0.02773
   5     80         -3.42184           0.12321          -0.30023
   5    100         -4.19871           0.12373          -1.07710
 
 
 group  inft   Estimated free energy: total (kcal/mol)
   1      0      -3.6315      -3.5319      -3.5263      -3.5140      -3.5055
                 -3.5148      -3.4179      -3.4647      -3.4221      -3.3739
   1     60      -3.6542      -3.5546      -3.5490      -3.5365      -3.5282
                 -3.5375      -3.4407      -3.4874      -3.4447      -3.3966
   1     80      -3.8719      -3.7722      -3.7665      -3.7527      -3.7459
                 -3.7554      -3.6579      -3.7056      -3.6620      -3.6133
   1    100      -4.7262      -4.6254      -4.6202      -4.6041      -4.5997
                 -4.6100      -4.5098      -4.5617      -4.5156      -4.4643
   2      0      -3.6513      -3.5403      -3.5296      -3.5247      -3.5097
                 -3.5219      -3.4302      -3.4704      -3.4291      -3.3814
   3      0      -3.6593      -3.5399      -3.5348      -3.5221      -3.5032
                 -3.5271      -3.4422      -3.4785      -3.4327      -3.3878
   4      0      -3.6569      -3.5384      -3.5288      -3.5267      -3.5031
                 -3.5248      -3.4336      -3.4712      -3.4248      -3.3815
   5      0      -3.6499      -3.5328      -3.5289      -3.5237      -3.5105
                 -3.5200      -3.4462      -3.4699      -3.4278      -3.3897
   5     60      -3.6813      -3.5641      -3.5602      -3.5548      -3.5418
                 -3.5514      -3.4776      -3.5014      -3.4591      -3.4210
   5     80      -3.9578      -3.8404      -3.8365      -3.8294      -3.8183
                 -3.8282      -3.7536      -3.7785      -3.7353      -3.6963
   5    100      -4.7469      -4.6281      -4.6250      -4.6160      -4.6064
                 -4.6175      -4.5408      -4.5692      -4.5240      -4.4826
 
 group  inft   Estimated free energy: 1-th solvent contribution (kcal/mol)
   1      0      -0.0075      -0.0797       0.0455       0.1498      -0.0989
                  0.0682       0.1530       0.0876       0.2201       0.5061
   1     60      -0.0076      -0.0798       0.0454       0.1498      -0.0989
                  0.0682       0.1530       0.0875       0.2201       0.5061
   1     80      -0.0086      -0.0809       0.0443       0.1493      -0.1000
                  0.0671       0.1521       0.0864       0.2191       0.5056
   1    100      -0.0132      -0.0861       0.0393       0.1464      -0.1052
                  0.0623       0.1479       0.0813       0.2147       0.5031
   2      0      -0.0239      -0.0871       0.0373       0.1426      -0.1076
                  0.0650       0.1421       0.0751       0.2182       0.5001
   3      0      -0.0281      -0.0900       0.0311       0.1421      -0.1087
                  0.0600       0.1346       0.0682       0.2128       0.4965
   4      0      -0.0268      -0.0867       0.0321       0.1378      -0.1121
                  0.0616       0.1375       0.0714       0.2129       0.4963
   5      0      -0.0283      -0.0893       0.0327       0.1375      -0.1146
                  0.0594       0.1283       0.0698       0.2118       0.4915
   5     60      -0.0284      -0.0894       0.0326       0.1374      -0.1147
                  0.0593       0.1282       0.0697       0.2116       0.4914
   5     80      -0.0300      -0.0911       0.0309       0.1366      -0.1163
                  0.0576       0.1268       0.0681       0.2102       0.4906
   5    100      -0.0350      -0.0964       0.0255       0.1333      -0.1217
                  0.0524       0.1221       0.0627       0.2055       0.4878
 
 group  inft   Estimated free energy: 2-th solvent contribution (kcal/mol)
   1      0      -0.4087      -0.6955      -0.5824      -0.2761      -0.5246
                 -0.5341      -0.3340      -0.3795      -0.4641      -0.5784
   1     60      -0.4089      -0.6957      -0.5825      -0.2762      -0.5248
                 -0.5343      -0.3342      -0.3796      -0.4643      -0.5786
   1     80      -0.4103      -0.6975      -0.5843      -0.2772      -0.5266
                 -0.5361      -0.3357      -0.3812      -0.4658      -0.5801
   1    100      -0.4168      -0.7051      -0.5918      -0.2823      -0.5340
                 -0.5435      -0.3419      -0.3880      -0.4721      -0.5868
   2      0      -0.4085      -0.6917      -0.5733      -0.2743      -0.5159
                 -0.5344      -0.3315      -0.3688      -0.4663      -0.5769
   3      0      -0.4106      -0.6883      -0.5731      -0.2739      -0.5077
                 -0.5331      -0.3327      -0.3689      -0.4618      -0.5788
   4      0      -0.4103      -0.6887      -0.5677      -0.2778      -0.5082
                 -0.5326      -0.3283      -0.3666      -0.4606      -0.5732
   5      0      -0.4097      -0.6869      -0.5639      -0.2737      -0.5083
                 -0.5333      -0.3302      -0.3668      -0.4620      -0.5793
   5     60      -0.4100      -0.6872      -0.5641      -0.2738      -0.5085
                 -0.5335      -0.3305      -0.3670      -0.4622      -0.5795
   5     80      -0.4120      -0.6897      -0.5666      -0.2753      -0.5110
                 -0.5360      -0.3325      -0.3692      -0.4644      -0.5818
   5    100      -0.4184      -0.6969      -0.5738      -0.2804      -0.5181
                 -0.5432      -0.3389      -0.3758      -0.4709      -0.5885
 
 group  inft   Estimated free energy: 3-th solvent contribution (kcal/mol)
   1      0      -3.2152      -2.7566      -2.9893      -3.3876      -2.8820
                 -3.0488      -3.2368      -3.1727      -3.1780      -3.3016
   1     60      -3.2377      -2.7791      -3.0117      -3.4100      -2.9044
                 -3.0713      -3.2594      -3.1952      -3.2005      -3.3240
   1     80      -3.4529      -2.9937      -3.2264      -3.6247      -3.1192
                 -3.2864      -3.4742      -3.4107      -3.4152      -3.5388
   1    100      -4.2961      -3.8341      -4.0676      -4.4681      -3.9604
                 -4.1287      -4.3157      -4.2549      -4.2580      -4.3806
   2      0      -3.2189      -2.7614      -2.9935      -3.3930      -2.8862
                 -3.0524      -3.2407      -3.1766      -3.1810      -3.3045
   3      0      -3.2205      -2.7616      -2.9927      -3.3901      -2.8867
                 -3.0539      -3.2439      -3.1777      -3.1836      -3.3054
   4      0      -3.2197      -2.7629      -2.9932      -3.3866      -2.8827
                 -3.0538      -3.2427      -3.1759      -3.1769      -3.3045
   5      0      -3.2118      -2.7565      -2.9977      -3.3874      -2.8876
                 -3.0461      -3.2443      -3.1729      -3.1775      -3.3018
   5     60      -3.2429      -2.7874      -3.0286      -3.4183      -2.9186
                 -3.0771      -3.2753      -3.2040      -3.2084      -3.3328
   5     80      -3.5158      -3.0595      -3.3008      -3.6906      -3.1909
                 -3.3498      -3.5478      -3.4772      -3.4809      -3.6051
   5    100      -4.2935      -3.8347      -4.0766      -4.4688      -3.9666
                 -4.1266      -4.3240      -4.2560      -4.2585      -4.3818
 
 
 cumulative average & 95% error for solvation free energy
              total             1st component         2nd component         3rd component
  1    -3.6593               -0.0281               -0.4106               -3.2205
  2    -3.5996     0.1193    -0.0590     0.0619    -0.5495     0.2777    -2.9910     0.4589
  3    -3.5780     0.0813    -0.0290     0.0699    -0.5574     0.1611    -2.9916     0.2650
  4    -3.5640     0.0639     0.0138     0.0988    -0.4865     0.1818    -3.0912     0.2735
  5    -3.5519     0.0552    -0.0107     0.0909    -0.4907     0.1411    -3.0503     0.2271
  6    -3.5477     0.0458     0.0011     0.0778    -0.4978     0.1161    -3.0509     0.1854
  7    -3.5326     0.0491     0.0201     0.0760    -0.4742     0.1089    -3.0785     0.1661
  8    -3.5259     0.0446     0.0261     0.0669    -0.4610     0.0979    -3.0909     0.1460
  9    -3.5155     0.0445     0.0469     0.0722    -0.4611     0.0863    -3.1012     0.1304
 10    -3.5027     0.0473     0.0918     0.1107    -0.4729     0.0807    -3.1216     0.1236
