 ERmod 0.3.7, Copyright (C) 2000-2019 Nobuyuki Matubayasi
                            2010-2019 Shun Sakuraba
 ERmod comes with ABSOLUTELY NO WARRANTY.
 This is free software, and you can redistribute it
 and/or modify it under certain conditions.
 See LICENSE file for details.
 ERmod 0.3.7, Copyright (C) 2000-2019 Nobuyuki Matubayasi
                            2010-2019 Shun Sakuraba
 ERmod comes with ABSOLUTELY NO WARRANTY.
 This is free software, and you can redistribute it
 and/or modify it under certain conditions.
 See LICENSE file for details.
 
  Number of the   1-th solvent  =          180
  Number of the   2-th solvent  =          180
  Number of the   3-th solvent  =        10000
 
  Be sure that the solvent distribution is homogeneous (radial distribution function is essentially unity) when the solvent molecule is separated beyond distance of   10.0 Angstrom in any direction from any atom within the solute molecule
 
  LJ long-range correction    =        -0.0046     -0.0034     -0.2446
 
  Self-energy of the solute   =         0.0000  kcal/mol
 
 
 cumulative average & 95% error for solvation energy
              total             1st component         2nd component         3rd component
  1    -6.7772                0.0710               -0.1720               -6.6763
  2    -6.7969     0.0393     0.0577     0.0266    -0.1788     0.0135    -6.6758     0.0009
  3    -6.8035     0.0263     0.0613     0.0169    -0.1821     0.0103    -6.6827     0.0137
  4    -6.8024     0.0187     0.0659     0.0151    -0.1786     0.0101    -6.6898     0.0172
  5    -6.8014     0.0146     0.0667     0.0118    -0.1774     0.0082    -6.6908     0.0135
  6    -6.7942     0.0188     0.0723     0.0148    -0.1743     0.0091    -6.6922     0.0113
  7    -6.7933     0.0160     0.0743     0.0131    -0.1741     0.0077    -6.6935     0.0099
  8    -6.7923     0.0140     0.0742     0.0113    -0.1740     0.0067    -6.6926     0.0088
  9    -6.7878     0.0152     0.0763     0.0108    -0.1724     0.0067    -6.6918     0.0079
 10    -6.7899     0.0142     0.0764     0.0097    -0.1720     0.0060    -6.6943     0.0087
 
 
 group  inft  solvation free energy     error          difference
  total solvation free energy
   1      0          2.98185           0.01486          -0.00428
   1     60          2.96816           0.01495          -0.01797
   1     80          2.86863           0.01574          -0.11751
   1    100          2.54099           0.01848          -0.44514
   2      0          2.97797           0.01415          -0.00816
   3      0          2.98614           0.01387           0.00000
   4      0          2.99436           0.01368           0.00822
   5      0          3.04922           0.01311           0.06308
   5     60          3.03078           0.01322           0.04465
   5     80          2.90835           0.01417          -0.07779
   5    100          2.60460           0.01664          -0.38154
 
  contribution from  1-th solvent component
   1      0          0.20610           0.00703           0.00287
   1     60          0.20609           0.00707           0.00286
   1     80          0.20584           0.00747           0.00261
   1    100          0.20376           0.00892           0.00053
   2      0          0.20405           0.00678           0.00082
   3      0          0.20323           0.00689           0.00000
   4      0          0.20230           0.00656          -0.00093
   5      0          0.20219           0.00653          -0.00104
   5     60          0.20213           0.00658          -0.00110
   5     80          0.20149           0.00705          -0.00174
   5    100          0.19897           0.00832          -0.00426
 
  contribution from  2-th solvent component
   1      0         -0.10117           0.00980           0.00282
   1     60         -0.10072           0.00983           0.00327
   1     80         -0.09876           0.01017           0.00523
   1    100         -0.09511           0.01142           0.00887
   2      0         -0.10361           0.00903           0.00038
   3      0         -0.10399           0.00869           0.00000
   4      0         -0.10441           0.00859          -0.00042
   5      0         -0.10565           0.00844          -0.00166
   5     60         -0.10506           0.00849          -0.00107
   5     80         -0.10279           0.00892           0.00120
   5    100         -0.09957           0.01011           0.00442
 
  contribution from  3-th solvent component
   1      0          2.87691           0.00700          -0.00997
   1     60          2.86278           0.00703          -0.02411
   1     80          2.76153           0.00722          -0.12535
   1    100          2.43234           0.00770          -0.45454
   2      0          2.87753           0.00658          -0.00935
   3      0          2.88688           0.00621           0.00000
   4      0          2.89646           0.00640           0.00958
   5      0          2.95266           0.00607           0.06578
   5     60          2.93370           0.00609           0.04681
   5     80          2.80964           0.00626          -0.07725
   5    100          2.50519           0.00659          -0.38170
 
 
 group  inft   Estimated free energy: total (kcal/mol)
   1      0       2.9660       2.9518       2.9684       2.9894       2.9728
                  2.9951       2.9859       2.9808       3.0381       2.9701
   1     60       2.9521       2.9379       2.9546       2.9758       2.9590
                  2.9816       2.9723       2.9671       3.0247       2.9564
   1     80       2.8513       2.8365       2.8542       2.8770       2.8590
                  2.8833       2.8733       2.8673       2.9277       2.8566
   1    100       2.5198       2.5024       2.5228       2.5522       2.5298
                  2.5612       2.5472       2.5384       2.6083       2.5278
   2      0       2.9640       2.9492       2.9651       2.9851       2.9690
                  2.9905       2.9806       2.9762       3.0320       2.9679
   3      0       2.9721       2.9584       2.9725       2.9914       2.9782
                  3.0012       2.9887       2.9849       3.0385       2.9754
   4      0       2.9808       2.9676       2.9816       3.0007       2.9877
                  3.0073       2.9957       2.9933       3.0467       2.9822
   5      0       3.0358       3.0253       3.0368       3.0558       3.0417
                  3.0631       3.0520       3.0483       3.0987       3.0348
   5     60       3.0172       3.0066       3.0182       3.0374       3.0231
                  3.0448       3.0337       3.0298       3.0807       3.0163
   5     80       2.8932       2.8818       2.8946       2.9160       2.9001
                  2.9241       2.9118       2.9071       2.9612       2.8936
   5    100       2.5861       2.5720       2.5875       2.6148       2.5948
                  2.6255       2.6096       2.6023       2.6647       2.5888
 
 group  inft   Estimated free energy: 1-th solvent contribution (kcal/mol)
   1      0       0.1992       0.1837       0.2060       0.2102       0.2015
                  0.2244       0.2151       0.2043       0.2151       0.2014
   1     60       0.1991       0.1836       0.2060       0.2102       0.2014
                  0.2245       0.2152       0.2043       0.2152       0.2013
   1     80       0.1984       0.1826       0.2055       0.2102       0.2007
                  0.2257       0.2154       0.2036       0.2156       0.2006
   1    100       0.1947       0.1777       0.2028       0.2091       0.1968
                  0.2285       0.2150       0.1999       0.2161       0.1970
   2      0       0.1978       0.1826       0.2041       0.2089       0.1994
                  0.2219       0.2120       0.2020       0.2128       0.1989
   3      0       0.1968       0.1816       0.2032       0.2078       0.1987
                  0.2214       0.2116       0.2007       0.2125       0.1980
   4      0       0.1962       0.1820       0.2020       0.2070       0.1980
                  0.2198       0.2104       0.1999       0.2108       0.1968
   5      0       0.1956       0.1820       0.2016       0.2066       0.1978
                  0.2196       0.2104       0.1997       0.2108       0.1976
   5     60       0.1955       0.1819       0.2015       0.2065       0.1977
                  0.2197       0.2105       0.1996       0.2109       0.1975
   5     80       0.1944       0.1803       0.2007       0.2062       0.1965
                  0.2206       0.2103       0.1985       0.2110       0.1964
   5    100       0.1903       0.1755       0.1976       0.2046       0.1923
                  0.2224       0.2093       0.1946       0.2106       0.1925
 
 group  inft   Estimated free energy: 2-th solvent contribution (kcal/mol)
   1      0      -0.1069      -0.1160      -0.1219      -0.0967      -0.1031
                 -0.0816      -0.1062      -0.1088      -0.0698      -0.1009
   1     60      -0.1065      -0.1156      -0.1215      -0.0962      -0.1027
                 -0.0810      -0.1057      -0.1084      -0.0692      -0.1005
   1     80      -0.1049      -0.1144      -0.1203      -0.0939      -0.1007
                 -0.0784      -0.1038      -0.1064      -0.0663      -0.0984
   1    100      -0.1028      -0.1135      -0.1199      -0.0890      -0.0968
                 -0.0728      -0.1005      -0.1027      -0.0591      -0.0941
   2      0      -0.1083      -0.1169      -0.1231      -0.0995      -0.1056
                 -0.0859      -0.1086      -0.1107      -0.0745      -0.1029
   3      0      -0.1085      -0.1166      -0.1235      -0.1007      -0.1058
                 -0.0865      -0.1085      -0.1103      -0.0765      -0.1030
   4      0      -0.1093      -0.1162      -0.1235      -0.1010      -0.1064
                 -0.0872      -0.1089      -0.1104      -0.0767      -0.1044
   5      0      -0.1096      -0.1188      -0.1234      -0.1019      -0.1077
                 -0.0894      -0.1097      -0.1114      -0.0779      -0.1067
   5     60      -0.1091      -0.1183      -0.1229      -0.1012      -0.1071
                 -0.0887      -0.1091      -0.1108      -0.0772      -0.1061
   5     80      -0.1074      -0.1170      -0.1217      -0.0986      -0.1048
                 -0.0857      -0.1070      -0.1085      -0.0737      -0.1037
   5    100      -0.1056      -0.1164      -0.1213      -0.0942      -0.1014
                 -0.0805      -0.1041      -0.1052      -0.0671      -0.0999
 
 group  inft   Estimated free energy: 3-th solvent contribution (kcal/mol)
   1      0       2.8736       2.8841       2.8842       2.8759       2.8744
                  2.8523       2.8769       2.8853       2.8927       2.8697
   1     60       2.8594       2.8699       2.8701       2.8618       2.8602
                  2.8380       2.8628       2.8712       2.8787       2.8556
   1     80       2.7578       2.7683       2.7689       2.7607       2.7590
                  2.7361       2.7617       2.7701       2.7783       2.7544
   1    100       2.4278       2.4382       2.4399       2.4320       2.4299
                  2.4055       2.4327       2.4411       2.4513       2.4249
   2      0       2.8746       2.8835       2.8841       2.8758       2.8752
                  2.8545       2.8772       2.8848       2.8937       2.8719
   3      0       2.8838       2.8934       2.8929       2.8843       2.8853
                  2.8663       2.8856       2.8945       2.9025       2.8804
   4      0       2.8939       2.9018       2.9030       2.8947       2.8960
                  2.8747       2.8941       2.9039       2.9127       2.8899
   5      0       2.9498       2.9620       2.9585       2.9510       2.9515
                  2.9329       2.9513       2.9600       2.9658       2.9438
   5     60       2.9307       2.9430       2.9396       2.9321       2.9325
                  2.9138       2.9323       2.9410       2.9469       2.9249
   5     80       2.8063       2.8184       2.8156       2.8083       2.8084
                  2.7891       2.8084       2.8171       2.8238       2.8010
   5    100       2.5013       2.5130       2.5112       2.5044       2.5039
                  2.4836       2.5043       2.5128       2.5212       2.4962
 
 
 cumulative average & 95% error for solvation free energy
              total             1st component         2nd component         3rd component
  1     2.9721                0.1968               -0.1085                2.8838
  2     2.9652     0.0136     0.1892     0.0152    -0.1125     0.0081     2.8886     0.0096
  3     2.9677     0.0093     0.1939     0.0128    -0.1162     0.0087     2.8900     0.0062
  4     2.9736     0.0136     0.1974     0.0114    -0.1123     0.0099     2.8886     0.0053
  5     2.9745     0.0107     0.1976     0.0089    -0.1110     0.0081     2.8879     0.0043
  6     2.9790     0.0124     0.2016     0.0107    -0.1069     0.0105     2.8843     0.0080
  7     2.9804     0.0109     0.2030     0.0095    -0.1071     0.0089     2.8845     0.0068
  8     2.9809     0.0095     0.2027     0.0083    -0.1075     0.0077     2.8857     0.0064
  9     2.9873     0.0153     0.2038     0.0076    -0.1041     0.0097     2.8876     0.0068
 10     2.9861     0.0139     0.2032     0.0069    -0.1040     0.0087     2.8869     0.0062
