 ERmod 0.3.7, Copyright (C) 2000-2019 Nobuyuki Matubayasi
                            2010-2019 Shun Sakuraba
 ERmod comes with ABSOLUTELY NO WARRANTY.
 This is free software, and you can redistribute it
 and/or modify it under certain conditions.
 See LICENSE file for details.
 ERmod 0.3.7, Copyright (C) 2000-2019 Nobuyuki Matubayasi
                            2010-2019 Shun Sakuraba
 ERmod comes with ABSOLUTELY NO WARRANTY.
 This is free software, and you can redistribute it
 and/or modify it under certain conditions.
 See LICENSE file for details.
 
  Number of the   1-th solvent  =           90
  Number of the   2-th solvent  =           90
  Number of the   3-th solvent  =        10000
 
  Be sure that the solvent distribution is homogeneous (radial distribution function is essentially unity) when the solvent molecule is separated beyond distance of   10.0 Angstrom in any direction from any atom within the solute molecule
 
  LJ long-range correction    =        -0.0018     -0.0048     -0.1937
 
  Self-energy of the solute   =        -0.0001  kcal/mol
 
 
 cumulative average & 95% error for solvation energy
              total             1st component         2nd component         3rd component
  1   -18.1709               -0.5245               -0.6915              -16.9548
  2   -18.1680     0.0056    -0.3518     0.3453    -0.9929     0.6026   -16.8233     0.2629
  3   -18.1692     0.0039    -0.4979     0.3537    -0.8112     0.5030   -16.8600     0.1686
  4   -18.1659     0.0071    -0.5698     0.2885    -0.7055     0.4138   -16.8906     0.1340
  5   -18.1564     0.0199    -0.5542     0.2256    -0.6705     0.3281   -16.9316     0.1323
  6   -18.1668     0.0265    -0.6922     0.3318    -0.7229     0.2876   -16.7517     0.3756
  7   -18.1713     0.0241    -0.6032     0.3321    -0.7376     0.2449   -16.8304     0.3544
  8   -18.1640     0.0255    -0.6189     0.2894    -0.6849     0.2368   -16.8601     0.3126
  9   -18.1676     0.0236    -0.6459     0.2608    -0.6963     0.2101   -16.8253     0.2843
 10   -18.1656     0.0215    -0.6557     0.2341    -0.6644     0.1984   -16.8455     0.2574
 
 
 group  inft  solvation free energy     error          difference
  total solvation free energy
   1      0         -4.54540           0.02754           0.00024
   1     60         -4.57267           0.02753          -0.02702
   1     80         -4.72040           0.02749          -0.17475
   1    100         -5.11363           0.02743          -0.56798
   2      0         -4.54557           0.02469           0.00007
   3      0         -4.54564           0.02325           0.00000
   4      0         -4.53748           0.02225           0.00816
   5      0         -4.54516           0.02176           0.00048
   5     60         -4.58056           0.02174          -0.03492
   5     80         -4.75651           0.02166          -0.21086
   5    100         -5.11438           0.02157          -0.56874
 
  contribution from  1-th solvent component
   1      0         -0.24177           0.12403           0.00043
   1     60         -0.24187           0.12405           0.00034
   1     80         -0.24251           0.12413          -0.00031
   1    100         -0.24450           0.12434          -0.00230
   2      0         -0.24317           0.12001          -0.00097
   3      0         -0.24220           0.11923           0.00000
   4      0         -0.24156           0.11722           0.00064
   5      0         -0.24291           0.11714          -0.00071
   5     60         -0.24308           0.11715          -0.00088
   5     80         -0.24402           0.11720          -0.00181
   5    100         -0.24613           0.11731          -0.00393
 
  contribution from  2-th solvent component
   1      0         -0.34337           0.10515          -0.00227
   1     60         -0.34359           0.10517          -0.00249
   1     80         -0.34483           0.10527          -0.00372
   1    100         -0.34827           0.10550          -0.00717
   2      0         -0.34193           0.10265          -0.00083
   3      0         -0.34111           0.10160           0.00000
   4      0         -0.34031           0.10118           0.00079
   5      0         -0.34046           0.10062           0.00065
   5     60         -0.34077           0.10063           0.00033
   5     80         -0.34238           0.10072          -0.00128
   5    100         -0.34577           0.10087          -0.00466
 
  contribution from  3-th solvent component
   1      0         -3.96017           0.11902           0.00207
   1     60         -3.98712           0.11906          -0.02487
   1     80         -4.13297           0.11928          -0.17072
   1    100         -4.52076           0.11983          -0.55852
   2      0         -3.96037           0.11879           0.00187
   3      0         -3.96224           0.11884           0.00000
   4      0         -3.95551           0.11857           0.00673
   5      0         -3.96170           0.11888           0.00054
   5     60         -3.99662           0.11893          -0.03437
   5     80         -4.17001           0.11918          -0.20777
   5    100         -4.52239           0.11968          -0.56015
 
 
 group  inft   Estimated free energy: total (kcal/mol)
   1      0      -4.6019      -4.5348      -4.5506      -4.5093      -4.5133
                 -4.6130      -4.5169      -4.4918      -4.5976      -4.5248
   1     60      -4.6292      -4.5620      -4.5778      -4.5366      -4.5407
                 -4.6401      -4.5442      -4.5190      -4.6250      -4.5521
   1     80      -4.7772      -4.7094      -4.7253      -4.6843      -4.6888
                 -4.7870      -4.6921      -4.6666      -4.7732      -4.7002
   1    100      -5.1714      -5.1016      -5.1184      -5.0773      -5.0828
                 -5.1783      -5.0855      -5.0595      -5.1673      -5.0941
   2      0      -4.5968      -4.5365      -4.5641      -4.5097      -4.5190
                 -4.6025      -4.5277      -4.4935      -4.5867      -4.5192
   3      0      -4.5950      -4.5329      -4.5671      -4.5098      -4.5231
                 -4.6000      -4.5304      -4.4991      -4.5805      -4.5185
   4      0      -4.5808      -4.5333      -4.5604      -4.4947      -4.5193
                 -4.5917      -4.5265      -4.4945      -4.5656      -4.5081
   5      0      -4.5892      -4.5396      -4.5700      -4.5008      -4.5315
                 -4.5950      -4.5262      -4.5097      -4.5750      -4.5147
   5     60      -4.6246      -4.5749      -4.6053      -4.5362      -4.5670
                 -4.6301      -4.5617      -4.5450      -4.6106      -4.5502
   5     80      -4.8008      -4.7505      -4.7810      -4.7121      -4.7434
                 -4.8051      -4.7380      -4.7209      -4.7869      -4.7264
   5    100      -5.1595      -5.1076      -5.1391      -5.0696      -5.1020
                 -5.1611      -5.0962      -5.0787      -5.1453      -5.0848
 
 group  inft   Estimated free energy: 1-th solvent contribution (kcal/mol)
   1      0      -0.1709       0.0173      -0.3063      -0.3157      -0.1455
                 -0.6114       0.0724      -0.3042      -0.3536      -0.2999
   1     60      -0.1710       0.0173      -0.3064      -0.3158      -0.1456
                 -0.6115       0.0724      -0.3043      -0.3537      -0.3000
   1     80      -0.1717       0.0170      -0.3070      -0.3165      -0.1462
                 -0.6123       0.0719      -0.3048      -0.3545      -0.3009
   1    100      -0.1738       0.0159      -0.3090      -0.3187      -0.1480
                 -0.6147       0.0703      -0.3067      -0.3569      -0.3034
   2      0      -0.1751       0.0101      -0.3060      -0.3148      -0.1500
                 -0.6031       0.0571      -0.3066      -0.3496      -0.2937
   3      0      -0.1740       0.0104      -0.3030      -0.3164      -0.1533
                 -0.6004       0.0562      -0.3056      -0.3444      -0.2916
   4      0      -0.1753       0.0053      -0.3033      -0.3097      -0.1547
                 -0.5956       0.0523      -0.3025      -0.3418      -0.2904
   5      0      -0.1770       0.0055      -0.3030      -0.3134      -0.1611
                 -0.5960       0.0518      -0.3051      -0.3425      -0.2884
   5     60      -0.1772       0.0054      -0.3031      -0.3135      -0.1613
                 -0.5962       0.0517      -0.3053      -0.3427      -0.2886
   5     80      -0.1782       0.0049      -0.3041      -0.3145      -0.1622
                 -0.5972       0.0508      -0.3061      -0.3437      -0.2897
   5    100      -0.1805       0.0034      -0.3062      -0.3167      -0.1643
                 -0.5995       0.0487      -0.3080      -0.3460      -0.2922
 
 group  inft   Estimated free energy: 2-th solvent contribution (kcal/mol)
   1      0      -0.4086      -0.6451      -0.2239      -0.1894      -0.2851
                 -0.4955      -0.4245      -0.1298      -0.4487      -0.1831
   1     60      -0.4088      -0.6454      -0.2240      -0.1897      -0.2853
                 -0.4957      -0.4247      -0.1300      -0.4490      -0.1834
   1     80      -0.4102      -0.6468      -0.2248      -0.1909      -0.2866
                 -0.4970      -0.4261      -0.1308      -0.4504      -0.1845
   1    100      -0.4141      -0.6506      -0.2274      -0.1944      -0.2901
                 -0.5007      -0.4299      -0.1335      -0.4543      -0.1877
   2      0      -0.4003      -0.6376      -0.2378      -0.1897      -0.2861
                 -0.4917      -0.4198      -0.1289      -0.4434      -0.1841
   3      0      -0.3977      -0.6332      -0.2404      -0.1840      -0.2885
                 -0.4907      -0.4195      -0.1330      -0.4398      -0.1843
   4      0      -0.3937      -0.6335      -0.2444      -0.1847      -0.2861
                 -0.4915      -0.4177      -0.1348      -0.4350      -0.1817
   5      0      -0.3906      -0.6339      -0.2441      -0.1844      -0.2857
                 -0.4909      -0.4148      -0.1379      -0.4370      -0.1854
   5     60      -0.3910      -0.6342      -0.2443      -0.1847      -0.2860
                 -0.4912      -0.4151      -0.1382      -0.4373      -0.1857
   5     80      -0.3928      -0.6359      -0.2455      -0.1863      -0.2877
                 -0.4929      -0.4169      -0.1395      -0.4391      -0.1872
   5    100      -0.3964      -0.6395      -0.2483      -0.1896      -0.2913
                 -0.4965      -0.4205      -0.1423      -0.4427      -0.1904
 
 group  inft   Estimated free energy: 3-th solvent contribution (kcal/mol)
   1      0      -4.0223      -3.9069      -4.0203      -4.0041      -4.0827
                 -3.5061      -4.1647      -4.0577      -3.7952      -4.0417
   1     60      -4.0493      -3.9338      -4.0473      -4.0310      -4.1097
                 -3.5328      -4.1917      -4.0847      -3.8222      -4.0687
   1     80      -4.1951      -4.0795      -4.1933      -4.1768      -4.2559
                 -3.6776      -4.3378      -4.2308      -3.9681      -4.2147
   1    100      -4.5833      -4.4668      -4.5819      -4.5642      -4.6446
                 -4.0629      -4.7258      -4.6193      -4.3560      -4.6028
   2      0      -4.0213      -3.9089      -4.0203      -4.0051      -4.0828
                 -3.5077      -4.1648      -4.0579      -3.7937      -4.0412
   3      0      -4.0232      -3.9099      -4.0236      -4.0094      -4.0812
                 -3.5088      -4.1671      -4.0604      -3.7963      -4.0425
   4      0      -4.0117      -3.9050      -4.0125      -4.0002      -4.0784
                 -3.5045      -4.1611      -4.0570      -3.7887      -4.0359
   5      0      -4.0215      -3.9112      -4.0228      -4.0029      -4.0846
                 -3.5080      -4.1631      -4.0665      -3.7955      -4.0409
   5     60      -4.0563      -3.9461      -4.0577      -4.0379      -4.1196
                 -3.5426      -4.1981      -4.1015      -3.8305      -4.0758
   5     80      -4.2298      -4.1193      -4.2313      -4.2112      -4.2933
                 -3.7149      -4.3718      -4.2752      -4.0040      -4.2494
   5    100      -4.5825      -4.4714      -4.5845      -4.5632      -4.6463
                 -4.0649      -4.7243      -4.6283      -4.3564      -4.6020
 
 
 cumulative average & 95% error for solvation free energy
              total             1st component         2nd component         3rd component
  1    -4.5950               -0.1740               -0.3977               -4.0232
  2    -4.5639     0.0622    -0.0818     0.1844    -0.5154     0.2355    -3.9666     0.1133
  3    -4.5650     0.0360    -0.1555     0.1819    -0.4238     0.2283    -3.9856     0.0756
  4    -4.5512     0.0375    -0.1957     0.1517    -0.3638     0.2011    -3.9915     0.0548
  5    -4.5456     0.0311    -0.1873     0.1187    -0.3488     0.1586    -4.0095     0.0556
  6    -4.5547     0.0312    -0.2561     0.1684    -0.3724     0.1379    -3.9260     0.1729
  7    -4.5512     0.0273    -0.2115     0.1680    -0.3791     0.1173    -3.9605     0.1616
  8    -4.5447     0.0270    -0.2233     0.1474    -0.3484     0.1188    -3.9730     0.1421
  9    -4.5487     0.0251    -0.2367     0.1327    -0.3585     0.1067    -3.9533     0.1314
 10    -4.5456     0.0232    -0.2422     0.1192    -0.3411     0.1016    -3.9622     0.1188
