 ERmod 0.3.7, Copyright (C) 2000-2019 Nobuyuki Matubayasi
                            2010-2019 Shun Sakuraba
 ERmod comes with ABSOLUTELY NO WARRANTY.
 This is free software, and you can redistribute it
 and/or modify it under certain conditions.
 See LICENSE file for details.
 ERmod 0.3.7, Copyright (C) 2000-2019 Nobuyuki Matubayasi
                            2010-2019 Shun Sakuraba
 ERmod comes with ABSOLUTELY NO WARRANTY.
 This is free software, and you can redistribute it
 and/or modify it under certain conditions.
 See LICENSE file for details.
 
  Number of the   1-th solvent  =           90
  Number of the   2-th solvent  =           90
  Number of the   3-th solvent  =        10000
 
  Be sure that the solvent distribution is homogeneous (radial distribution function is essentially unity) when the solvent molecule is separated beyond distance of   10.0 Angstrom in any direction from any atom within the solute molecule
 
  LJ long-range correction    =        -0.0007     -0.0029     -0.4161
 
  Self-energy of the solute   =        -0.0001  kcal/mol
 
 
 cumulative average & 95% error for solvation energy
              total             1st component         2nd component         3rd component
  1   -23.4019               -0.1525               -0.6818              -22.5674
  2   -23.3594     0.0850    -0.2205     0.1360    -0.5308     0.3020   -22.6079     0.0810
  3   -23.3894     0.0776    -0.1961     0.0925    -0.5063     0.1811   -22.6869     0.1647
  4   -23.4474     0.1283    -0.6313     0.8728    -0.3474     0.3427   -22.4686     0.4518
  5   -23.4899     0.1308    -0.5755     0.6852    -0.4342     0.3172   -22.4801     0.3507
  6   -23.4752     0.1108    -0.5370     0.5647    -0.4097     0.2636   -22.5284     0.3022
  7   -23.4934     0.1004    -0.9564     0.9651    -0.3726     0.2348   -22.1643     0.7718
  8   -23.4787     0.0918    -0.8495     0.8627    -0.3768     0.2035   -22.2523     0.6912
  9   -23.4870     0.0827    -0.7375     0.7931    -0.3940     0.1828   -22.3554     0.6435
 10   -23.4946     0.0755    -0.8100     0.7241    -0.3919     0.1635   -22.2925     0.5891
 
 
 group  inft  solvation free energy     error          difference
  total solvation free energy
   1      0         -4.07505           0.04004           0.00029
   1     60         -4.09541           0.04002          -0.02007
   1     80         -4.25518           0.04014          -0.17984
   1    100         -4.80953           0.04149          -0.73419
   2      0         -4.07381           0.03904           0.00153
   3      0         -4.07534           0.03890           0.00000
   4      0         -4.07209           0.03709           0.00325
   5      0         -4.07266           0.03647           0.00268
   5     60         -4.10016           0.03647          -0.02482
   5     80         -4.29803           0.03670          -0.22269
   5    100         -4.80868           0.03800          -0.73334
 
  contribution from  1-th solvent component
   1      0         -0.28962           0.35573           0.00148
   1     60         -0.28935           0.35574           0.00175
   1     80         -0.28740           0.35585           0.00370
   1    100         -0.28177           0.35622           0.00933
   2      0         -0.29024           0.35768           0.00085
   3      0         -0.29110           0.35909           0.00000
   4      0         -0.29104           0.35852           0.00006
   5      0         -0.28963           0.35715           0.00147
   5     60         -0.28930           0.35716           0.00180
   5     80         -0.28709           0.35729           0.00401
   5    100         -0.28246           0.35765           0.00863
 
  contribution from  2-th solvent component
   1      0         -0.28399           0.09617          -0.00552
   1     60         -0.28378           0.09618          -0.00531
   1     80         -0.28304           0.09631          -0.00457
   1    100         -0.28199           0.09679          -0.00352
   2      0         -0.27992           0.09672          -0.00144
   3      0         -0.27847           0.09696           0.00000
   4      0         -0.27820           0.09613           0.00027
   5      0         -0.27605           0.09583           0.00242
   5     60         -0.27582           0.09585           0.00265
   5     80         -0.27512           0.09602           0.00335
   5    100         -0.27457           0.09647           0.00390
 
  contribution from  3-th solvent component
   1      0         -3.50133           0.32531           0.00433
   1     60         -3.52216           0.32530          -0.01650
   1     80         -3.68463           0.32547          -0.17898
   1    100         -4.24565           0.32693          -0.73999
   2      0         -3.50353           0.32530           0.00212
   3      0         -3.50566           0.32583           0.00000
   4      0         -3.50274           0.32348           0.00292
   5      0         -3.50686           0.32389          -0.00120
   5     60         -3.53492           0.32389          -0.02927
   5     80         -3.73571           0.32414          -0.23005
   5    100         -4.25153           0.32551          -0.74587
 
 
 group  inft   Estimated free energy: total (kcal/mol)
   1      0      -4.0603      -4.1448      -4.1543      -3.9450      -4.0817
                 -4.1037      -4.0264      -4.0833      -4.1228      -4.0281
   1     60      -4.0806      -4.1651      -4.1747      -3.9654      -4.1023
                 -4.1241      -4.0468      -4.1036      -4.1431      -4.0484
   1     80      -4.2402      -4.3246      -4.3351      -4.1250      -4.2634
                 -4.2838      -4.2062      -4.2632      -4.3027      -4.2075
   1    100      -4.7950      -4.8799      -4.8934      -4.6763      -4.8219
                 -4.8386      -4.7565      -4.8176      -4.8575      -4.7586
   2      0      -4.0508      -4.1452      -4.1521      -3.9470      -4.0869
                 -4.0936      -4.0334      -4.0832      -4.1187      -4.0272
   3      0      -4.0480      -4.1426      -4.1509      -3.9497      -4.0985
                 -4.0962      -4.0361      -4.0829      -4.1228      -4.0257
   4      0      -4.0453      -4.1417      -4.1444      -3.9517      -4.0903
                 -4.0963      -4.0440      -4.0773      -4.1087      -4.0211
   5      0      -4.0455      -4.1336      -4.1435      -3.9517      -4.0963
                 -4.0885      -4.0370      -4.0810      -4.1175      -4.0319
   5     60      -4.0729      -4.1610      -4.1711      -3.9793      -4.1241
                 -4.1160      -4.0645      -4.1084      -4.1450      -4.0593
   5     80      -4.2705      -4.3585      -4.3698      -4.1767      -4.3238
                 -4.3139      -4.2619      -4.3061      -4.3427      -4.2563
   5    100      -4.7814      -4.8697      -4.8842      -4.6843      -4.8387
                 -4.8252      -4.7688      -4.8167      -4.8538      -4.7640
 
 group  inft   Estimated free energy: 1-th solvent contribution (kcal/mol)
   1      0       0.0591      -0.0535       0.0342      -0.8609      -0.0323
                 -0.0645      -1.5754       0.0441       0.1939      -0.6409
   1     60       0.0594      -0.0532       0.0344      -0.8606      -0.0320
                 -0.0642      -1.5751       0.0444       0.1942      -0.6407
   1     80       0.0613      -0.0512       0.0365      -0.8587      -0.0300
                 -0.0623      -1.5736       0.0464       0.1965      -0.6389
   1    100       0.0669      -0.0453       0.0426      -0.8532      -0.0243
                 -0.0568      -1.5695       0.0523       0.2034      -0.6338
   2      0       0.0654      -0.0532       0.0359      -0.8695      -0.0389
                 -0.0575      -1.5799       0.0467       0.1936      -0.6449
   3      0       0.0684      -0.0507       0.0358      -0.8740      -0.0500
                 -0.0572      -1.5852       0.0546       0.1933      -0.6459
   4      0       0.0678      -0.0527       0.0390      -0.8747      -0.0464
                 -0.0603      -1.5823       0.0503       0.1937      -0.6447
   5      0       0.0688      -0.0478       0.0414      -0.8724      -0.0527
                 -0.0609      -1.5722       0.0562       0.1919      -0.6486
   5     60       0.0691      -0.0474       0.0417      -0.8720      -0.0524
                 -0.0606      -1.5720       0.0565       0.1923      -0.6482
   5     80       0.0713      -0.0451       0.0441      -0.8698      -0.0503
                 -0.0585      -1.5703       0.0588       0.1950      -0.6462
   5    100       0.0762      -0.0400       0.0491      -0.8653      -0.0460
                 -0.0541      -1.5669       0.0638       0.2009      -0.6423
 
 group  inft   Estimated free energy: 2-th solvent contribution (kcal/mol)
   1      0      -0.4440      -0.3626      -0.3486       0.0856      -0.4284
                 -0.2854      -0.1933      -0.3038      -0.3348      -0.2247
   1     60      -0.4438      -0.3624      -0.3484       0.0858      -0.4282
                 -0.2852      -0.1931      -0.3035      -0.3346      -0.2244
   1     80      -0.4432      -0.3619      -0.3480       0.0871      -0.4276
                 -0.2845      -0.1924      -0.3027      -0.3338      -0.2234
   1    100      -0.4426      -0.3615      -0.3480       0.0899      -0.4271
                 -0.2835      -0.1911      -0.3015      -0.3329      -0.2214
   2      0      -0.4384      -0.3607      -0.3456       0.0942      -0.4224
                 -0.2805      -0.1932      -0.3040      -0.3293      -0.2192
   3      0      -0.4349      -0.3581      -0.3451       0.0964      -0.4215
                 -0.2811      -0.1906      -0.3065      -0.3297      -0.2138
   4      0      -0.4344      -0.3559      -0.3441       0.0954      -0.4185
                 -0.2832      -0.1943      -0.3051      -0.3258      -0.2163
   5      0      -0.4304      -0.3522      -0.3415       0.0968      -0.4169
                 -0.2705      -0.1967      -0.3081      -0.3273      -0.2136
   5     60      -0.4302      -0.3521      -0.3413       0.0971      -0.4167
                 -0.2703      -0.1965      -0.3079      -0.3271      -0.2133
   5     80      -0.4296      -0.3516      -0.3410       0.0984      -0.4162
                 -0.2696      -0.1958      -0.3071      -0.3264      -0.2122
   5    100      -0.4296      -0.3515      -0.3415       0.1007      -0.4163
                 -0.2692      -0.1952      -0.3066      -0.3259      -0.2108
 
 group  inft   Estimated free energy: 3-th solvent contribution (kcal/mol)
   1      0      -3.6753      -3.7286      -3.8398      -3.1696      -3.6209
                 -3.7538      -2.2576      -3.8236      -3.9817      -3.1624
   1     60      -3.6960      -3.7493      -3.8606      -3.1905      -3.6419
                 -3.7746      -2.2784      -3.8444      -4.0026      -3.1832
   1     80      -3.8582      -3.9114      -4.0236      -3.3533      -3.8056
                 -3.9370      -2.4401      -4.0068      -4.1653      -3.3452
   1    100      -4.4191      -4.4729      -4.5879      -3.9129      -4.3704
                 -4.4982      -2.9958      -4.5682      -4.7279      -3.9033
   2      0      -3.6777      -3.7312      -3.8423      -3.1717      -3.6254
                 -3.7554      -2.2601      -3.8257      -3.9829      -3.1630
   3      0      -3.6815      -3.7337      -3.8415      -3.1720      -3.6269
                 -3.7578      -2.2601      -3.8309      -3.9862      -3.1659
   4      0      -3.6786      -3.7330      -3.8393      -3.1723      -3.6253
                 -3.7527      -2.2673      -3.8224      -3.9765      -3.1599
   5      0      -3.6837      -3.7334      -3.8433      -3.1760      -3.6266
                 -3.7570      -2.2679      -3.8290      -3.9820      -3.1696
   5     60      -3.7117      -3.7614      -3.8714      -3.2042      -3.6549
                 -3.7850      -2.2960      -3.8570      -4.0101      -3.1977
   5     80      -3.9121      -3.9618      -4.0728      -3.4052      -3.8571
                 -3.9857      -2.4957      -4.0577      -4.2112      -3.3978
   5    100      -4.4279      -4.4780      -4.5917      -3.9196      -4.3763
                 -4.5018      -3.0066      -4.5739      -4.7287      -3.9108
 
 
 cumulative average & 95% error for solvation free energy
              total             1st component         2nd component         3rd component
  1    -4.0480                0.0684               -0.4349               -3.6815
  2    -4.0953     0.0946     0.0089     0.1191    -0.3965     0.0768    -3.7076     0.0522
  3    -4.1138     0.0660     0.0178     0.0711    -0.3793     0.0560    -3.7522     0.0942
  4    -4.0728     0.0944    -0.2051     0.4487    -0.2604     0.2411    -3.6072     0.2976
  5    -4.0779     0.0738    -0.1741     0.3531    -0.2926     0.1976    -3.6111     0.2307
  6    -4.0810     0.0606    -0.1546     0.2909    -0.2907     0.1614    -3.6356     0.1946
  7    -4.0746     0.0528    -0.3590     0.4770    -0.2764     0.1394    -3.4391     0.4260
  8    -4.0756     0.0458    -0.3073     0.4258    -0.2802     0.1209    -3.4881     0.3817
  9    -4.0809     0.0417    -0.2517     0.3917    -0.2857     0.1072    -3.5434     0.3544
 10    -4.0753     0.0389    -0.2911     0.3591    -0.2785     0.0970    -3.5057     0.3258
