 ERmod 0.3.7, Copyright (C) 2000-2019 Nobuyuki Matubayasi
                            2010-2019 Shun Sakuraba
 ERmod comes with ABSOLUTELY NO WARRANTY.
 This is free software, and you can redistribute it
 and/or modify it under certain conditions.
 See LICENSE file for details.
 ERmod 0.3.7, Copyright (C) 2000-2019 Nobuyuki Matubayasi
                            2010-2019 Shun Sakuraba
 ERmod comes with ABSOLUTELY NO WARRANTY.
 This is free software, and you can redistribute it
 and/or modify it under certain conditions.
 See LICENSE file for details.
 
  Number of the   1-th solvent  =           90
  Number of the   2-th solvent  =           90
  Number of the   3-th solvent  =        10000
 
  Be sure that the solvent distribution is homogeneous (radial distribution function is essentially unity) when the solvent molecule is separated beyond distance of   10.0 Angstrom in any direction from any atom within the solute molecule
 
  LJ long-range correction    =        -0.0042     -0.0140     -0.5603
 
  Self-energy of the solute   =         0.0000  kcal/mol
 
 
 cumulative average & 95% error for solvation energy
              total             1st component         2nd component         3rd component
  1   -13.7910                0.1503               -0.3725              -13.5688
  2   -13.7906     0.0008     0.1524     0.0041    -0.3495     0.0459   -13.5935     0.0492
  3   -13.7562     0.0687     0.1542     0.0043    -0.3371     0.0364   -13.5734     0.0493
  4   -13.7346     0.0650     0.1613     0.0146    -0.3297     0.0296   -13.5662     0.0376
  5   -13.7418     0.0523     0.1597     0.0117    -0.3353     0.0255   -13.5662     0.0291
  6   -13.7433     0.0428     0.1637     0.0125    -0.3420     0.0248   -13.5650     0.0239
  7   -13.7543     0.0423     0.1633     0.0106    -0.3637     0.0481   -13.5539     0.0300
  8   -13.7493     0.0380     0.1633     0.0092    -0.3606     0.0421   -13.5520     0.0263
  9   -13.7453     0.0344     0.1665     0.0104    -0.3549     0.0389   -13.5570     0.0252
 10   -13.7504     0.0324     0.1658     0.0094    -0.3613     0.0371   -13.5549     0.0229
 
 
 group  inft  solvation free energy     error          difference
  total solvation free energy
   1      0          3.56354           0.02761           0.01562
   1     60          3.55148           0.02767           0.00355
   1     80          3.43185           0.02835          -0.11608
   1    100          2.92348           0.03125          -0.62445
   2      0          3.54883           0.02827           0.00091
   3      0          3.54793           0.02820           0.00000
   4      0          3.52280           0.02813          -0.02513
   5      0          3.58218           0.02582           0.03425
   5     60          3.56527           0.02591           0.01734
   5     80          3.40986           0.02678          -0.13807
   5    100          2.93091           0.02949          -0.61702
 
  contribution from  1-th solvent component
   1      0          0.26230           0.01261           0.00303
   1     60          0.26236           0.01265           0.00310
   1     80          0.26299           0.01304           0.00372
   1    100          0.26422           0.01479           0.00495
   2      0          0.26010           0.01192           0.00084
   3      0          0.25926           0.01147           0.00000
   4      0          0.25832           0.01144          -0.00094
   5      0          0.25825           0.01151          -0.00101
   5     60          0.25832           0.01155          -0.00094
   5     80          0.25888           0.01206          -0.00039
   5    100          0.25940           0.01369           0.00014
 
  contribution from  2-th solvent component
   1      0         -0.19586           0.02261           0.00231
   1     60         -0.19586           0.02265           0.00231
   1     80         -0.19606           0.02295           0.00211
   1    100         -0.19769           0.02410           0.00047
   2      0         -0.19759           0.02242           0.00058
   3      0         -0.19817           0.02252          -0.00000
   4      0         -0.19890           0.02228          -0.00074
   5      0         -0.19897           0.02217          -0.00080
   5     60         -0.19898           0.02221          -0.00081
   5     80         -0.19941           0.02257          -0.00125
   5    100         -0.20124           0.02359          -0.00308
 
  contribution from  3-th solvent component
   1      0          3.49706           0.01148           0.01028
   1     60          3.48493           0.01148          -0.00186
   1     80          3.36487           0.01157          -0.12191
   1    100          2.85691           0.01212          -0.62988
   2      0          3.48627           0.01182          -0.00052
   3      0          3.48679           0.01185           0.00000
   4      0          3.46334           0.01215          -0.02345
   5      0          3.52285           0.01089           0.03606
   5     60          3.50588           0.01089           0.01910
   5     80          3.35035           0.01100          -0.13644
   5    100          2.87271           0.01147          -0.61408
 
 
 group  inft   Estimated free energy: total (kcal/mol)
   1      0       3.5318       3.5293       3.5979       3.6430       3.5315
                  3.5808       3.5109       3.5860       3.6001       3.5244
   1     60       3.5196       3.5172       3.5858       3.6311       3.5193
                  3.5688       3.4987       3.5739       3.5882       3.5122
   1     80       3.3992       3.3968       3.4665       3.5136       3.3986
                  3.4500       3.3782       3.4541       3.4701       3.3913
   1    100       2.8877       2.8850       2.9596       3.0147       2.8860
                  2.9453       2.8663       2.9448       2.9674       2.8781
   2      0       3.5157       3.5181       3.5904       3.6240       3.5131
                  3.5602       3.4933       3.5758       3.5897       3.5080
   3      0       3.5163       3.5216       3.5917       3.6206       3.5120
                  3.5575       3.4899       3.5783       3.5864       3.5049
   4      0       3.4898       3.4948       3.5656       3.5944       3.4847
                  3.5315       3.4677       3.5542       3.5639       3.4814
   5      0       3.5505       3.5534       3.6189       3.6515       3.5490
                  3.5984       3.5316       3.6050       3.6176       3.5459
   5     60       3.5335       3.5364       3.6020       3.6349       3.5319
                  3.5816       3.5145       3.5881       3.6009       3.5289
   5     80       3.3771       3.3802       3.4470       3.4822       3.3751
                  3.4272       3.3579       3.4324       3.4475       3.3719
   5    100       2.8950       2.8985       2.9695       3.0120       2.8920
                  2.9514       2.8755       2.9527       2.9741       2.8883
 
 group  inft   Estimated free energy: 1-th solvent contribution (kcal/mol)
   1      0       0.2460       0.2434       0.2437       0.2833       0.2484
                  0.2978       0.2670       0.2549       0.2858       0.2528
   1     60       0.2461       0.2434       0.2437       0.2835       0.2484
                  0.2979       0.2670       0.2549       0.2859       0.2528
   1     80       0.2463       0.2436       0.2439       0.2848       0.2486
                  0.2995       0.2678       0.2550       0.2875       0.2528
   1    100       0.2462       0.2428       0.2429       0.2893       0.2479
                  0.3053       0.2698       0.2538       0.2926       0.2516
   2      0       0.2444       0.2429       0.2431       0.2792       0.2455
                  0.2933       0.2654       0.2528       0.2830       0.2514
   3      0       0.2438       0.2431       0.2429       0.2774       0.2455
                  0.2908       0.2643       0.2520       0.2822       0.2507
   4      0       0.2431       0.2426       0.2423       0.2759       0.2436
                  0.2903       0.2635       0.2513       0.2809       0.2497
   5      0       0.2430       0.2423       0.2421       0.2763       0.2437
                  0.2903       0.2637       0.2507       0.2808       0.2497
   5     60       0.2430       0.2423       0.2421       0.2764       0.2437
                  0.2905       0.2638       0.2507       0.2810       0.2497
   5     80       0.2431       0.2423       0.2421       0.2778       0.2437
                  0.2923       0.2645       0.2505       0.2828       0.2496
   5    100       0.2423       0.2412       0.2407       0.2811       0.2422
                  0.2970       0.2658       0.2488       0.2872       0.2478
 
 group  inft   Estimated free energy: 2-th solvent contribution (kcal/mol)
   1      0      -0.2038      -0.1768      -0.1585      -0.1516      -0.1970
                 -0.2123      -0.2696      -0.1885      -0.1692      -0.2312
   1     60      -0.2039      -0.1768      -0.1584      -0.1514      -0.1970
                 -0.2123      -0.2697      -0.1885      -0.1692      -0.2313
   1     80      -0.2044      -0.1770      -0.1581      -0.1504      -0.1974
                 -0.2129      -0.2704      -0.1888      -0.1690      -0.2320
   1    100      -0.2075      -0.1786      -0.1578      -0.1476      -0.1996
                 -0.2160      -0.2743      -0.1907      -0.1691      -0.2356
   2      0      -0.2055      -0.1783      -0.1604      -0.1544      -0.1986
                 -0.2141      -0.2709      -0.1895      -0.1714      -0.2328
   3      0      -0.2059      -0.1788      -0.1606      -0.1555      -0.1995
                 -0.2145      -0.2721      -0.1899      -0.1716      -0.2333
   4      0      -0.2066      -0.1799      -0.1617      -0.1569      -0.2003
                 -0.2155      -0.2717      -0.1901      -0.1722      -0.2340
   5      0      -0.2065      -0.1802      -0.1631      -0.1557      -0.2007
                 -0.2152      -0.2716      -0.1900      -0.1732      -0.2336
   5     60      -0.2065      -0.1802      -0.1630      -0.1555      -0.2007
                 -0.2152      -0.2717      -0.1901      -0.1731      -0.2337
   5     80      -0.2074      -0.1806      -0.1628      -0.1545      -0.2013
                 -0.2161      -0.2728      -0.1906      -0.1731      -0.2348
   5    100      -0.2106      -0.1823      -0.1628      -0.1524      -0.2036
                 -0.2193      -0.2766      -0.1927      -0.1737      -0.2384
 
 group  inft   Estimated free energy: 3-th solvent contribution (kcal/mol)
   1      0       3.4895       3.4627       3.5126       3.5112       3.4800
                  3.4953       3.5134       3.5196       3.4835       3.5028
   1     60       3.4774       3.4506       3.5005       3.4990       3.4679
                  3.4832       3.5013       3.5075       3.4714       3.4906
   1     80       3.3573       3.3302       3.3807       3.3792       3.3474
                  3.3633       3.3808       3.3879       3.3516       3.3704
   1    100       2.8490       2.8208       2.8745       2.8729       2.8376
                  2.8560       2.8708       2.8816       2.8439       2.8621
   2      0       3.4768       3.4534       3.5076       3.4992       3.4662
                  3.4809       3.4988       3.5125       3.4780       3.4893
   3      0       3.4783       3.4572       3.5093       3.4987       3.4660
                  3.4812       3.4976       3.5162       3.4758       3.4874
   4      0       3.4533       3.4322       3.4850       3.4754       3.4413
                  3.4567       3.4759       3.4930       3.4552       3.4655
   5      0       3.5139       3.4913       3.5398       3.5309       3.5059
                  3.5233       3.5394       3.5443       3.5099       3.5298
   5     60       3.4970       3.4743       3.5228       3.5139       3.4889
                  3.5063       3.5224       3.5274       3.4930       3.5128
   5     80       3.3414       3.3185       3.3676       3.3589       3.3328
                  3.3509       3.3662       3.3725       3.3378       3.3570
   5    100       2.8633       2.8397       2.8915       2.8833       2.8534
                  2.8736       2.8862       2.8966       2.8606       2.8788
 
 
 cumulative average & 95% error for solvation free energy
              total             1st component         2nd component         3rd component
  1     3.5163                0.2438               -0.2059                3.4783
  2     3.5190     0.0054     0.2435     0.0007    -0.1923     0.0271     3.4678     0.0211
  3     3.5432     0.0486     0.2433     0.0005    -0.1817     0.0263     3.4816     0.0302
  4     3.5626     0.0518     0.2518     0.0171    -0.1752     0.0228     3.4859     0.0230
  5     3.5525     0.0449     0.2505     0.0135    -0.1800     0.0201     3.4819     0.0195
  6     3.5533     0.0367     0.2572     0.0174    -0.1858     0.0201     3.4818     0.0160
  7     3.5442     0.0359     0.2583     0.0148    -0.1981     0.0299     3.4841     0.0142
  8     3.5485     0.0322     0.2575     0.0129    -0.1971     0.0260     3.4881     0.0147
  9     3.5527     0.0297     0.2602     0.0126    -0.1943     0.0236     3.4867     0.0132
 10     3.5479     0.0282     0.2593     0.0115    -0.1982     0.0225     3.4868     0.0119
