 ERmod 0.3.7, Copyright (C) 2000-2019 Nobuyuki Matubayasi
                            2010-2019 Shun Sakuraba
 ERmod comes with ABSOLUTELY NO WARRANTY.
 This is free software, and you can redistribute it
 and/or modify it under certain conditions.
 See LICENSE file for details.
 ERmod 0.3.7, Copyright (C) 2000-2019 Nobuyuki Matubayasi
                            2010-2019 Shun Sakuraba
 ERmod comes with ABSOLUTELY NO WARRANTY.
 This is free software, and you can redistribute it
 and/or modify it under certain conditions.
 See LICENSE file for details.
 
  Number of the   1-th solvent  =          180
  Number of the   2-th solvent  =          180
  Number of the   3-th solvent  =        10000
 
  Be sure that the solvent distribution is homogeneous (radial distribution function is essentially unity) when the solvent molecule is separated beyond distance of   10.0 Angstrom in any direction from any atom within the solute molecule
 
  LJ long-range correction    =        -0.0052     -0.0049     -0.3533
 
  Self-energy of the solute   =         0.0000  kcal/mol
 
 
 cumulative average & 95% error for solvation energy
              total             1st component         2nd component         3rd component
  1    -9.2493                0.1686               -0.2862               -9.1316
  2    -9.2263     0.0460     0.1679     0.0014    -0.2777     0.0170    -9.1165     0.0304
  3    -9.2177     0.0316     0.1710     0.0063    -0.2750     0.0112    -9.1137     0.0184
  4    -9.2165     0.0225     0.1723     0.0052    -0.2731     0.0088    -9.1157     0.0136
  5    -9.2207     0.0193     0.1684     0.0088    -0.2770     0.0104    -9.1120     0.0128
  6    -9.2168     0.0175     0.1712     0.0092    -0.2764     0.0086    -9.1117     0.0105
  7    -9.2180     0.0150     0.1747     0.0104    -0.2772     0.0074    -9.1156     0.0118
  8    -9.2230     0.0163     0.1744     0.0091    -0.2776     0.0065    -9.1198     0.0132
  9    -9.2175     0.0181     0.1750     0.0081    -0.2749     0.0078    -9.1176     0.0124
 10    -9.2163     0.0163     0.1749     0.0072    -0.2751     0.0070    -9.1161     0.0115
 
 
 group  inft  solvation free energy     error          difference
  total solvation free energy
   1      0          3.30218           0.02432           0.00108
   1     60          3.29080           0.02438          -0.01030
   1     80          3.19214           0.02492          -0.10896
   1    100          2.80950           0.02702          -0.49160
   2      0          3.29119           0.02459          -0.00991
   3      0          3.30110           0.02448           0.00000
   4      0          3.28262           0.02473          -0.01848
   5      0          3.33813           0.02384           0.03703
   5     60          3.32243           0.02392           0.02133
   5     80          3.19698           0.02460          -0.10412
   5    100          2.83869           0.02659          -0.46241
 
  contribution from  1-th solvent component
   1      0          0.31859           0.00985           0.00387
   1     60          0.31860           0.00988           0.00388
   1     80          0.31889           0.01028           0.00417
   1    100          0.31855           0.01211           0.00383
   2      0          0.31576           0.00955           0.00104
   3      0          0.31472           0.00937           0.00000
   4      0          0.31328           0.00922          -0.00145
   5      0          0.31423           0.00943          -0.00050
   5     60          0.31423           0.00946          -0.00050
   5     80          0.31423           0.00997          -0.00049
   5    100          0.31318           0.01165          -0.00155
 
  contribution from  2-th solvent component
   1      0         -0.18604           0.02224           0.00282
   1     60         -0.18558           0.02228           0.00329
   1     80         -0.18331           0.02268           0.00555
   1    100         -0.17784           0.02450           0.01102
   2      0         -0.18855           0.02178           0.00032
   3      0         -0.18887           0.02161           0.00000
   4      0         -0.18917           0.02171          -0.00030
   5      0         -0.19039           0.02115          -0.00153
   5     60         -0.18980           0.02120          -0.00093
   5     80         -0.18711           0.02173           0.00176
   5    100         -0.18219           0.02345           0.00668
 
  contribution from  3-th solvent component
   1      0          3.16962           0.00945          -0.00560
   1     60          3.15775           0.00947          -0.01747
   1     80          3.05654           0.00964          -0.11868
   1    100          2.66877           0.01031          -0.50645
   2      0          3.16395           0.00967          -0.01127
   3      0          3.17522           0.00959           0.00000
   4      0          3.15849           0.00954          -0.01673
   5      0          3.21427           0.00922           0.03905
   5     60          3.19798           0.00924           0.02276
   5     80          3.06983           0.00946          -0.10539
   5    100          2.70767           0.01005          -0.46755
 
 
 group  inft   Estimated free energy: total (kcal/mol)
   1      0       3.2612       3.3071       3.2842       3.3104       3.2838
                  3.3122       3.2926       3.2748       3.4015       3.2940
   1     60       3.2497       3.2957       3.2728       3.2990       3.2723
                  3.3009       3.2813       3.2633       3.3904       3.2826
   1     80       3.1497       3.1970       3.1737       3.2008       3.1724
                  3.2029       3.1832       3.1642       3.2936       3.1838
   1    100       2.7617       2.8144       2.7887       2.8203       2.7852
                  2.8233       2.8034       2.7793       2.9180       2.8008
   2      0       3.2502       3.2966       3.2705       3.2999       3.2747
                  3.3018       3.2814       3.2621       3.3912       3.2835
   3      0       3.2604       3.3058       3.2800       3.3094       3.2860
                  3.3117       3.2919       3.2712       3.4007       3.2938
   4      0       3.2418       3.2867       3.2613       3.2902       3.2647
                  3.2950       3.2733       3.2535       3.3832       3.2767
   5      0       3.2976       3.3419       3.3196       3.3513       3.3218
                  3.3492       3.3266       3.3091       3.4340       3.3303
   5     60       3.2818       3.3261       3.3039       3.3356       3.3059
                  3.3336       3.3109       3.2933       3.4186       3.3146
   5     80       3.1549       3.2006       3.1778       3.2107       3.1790
                  3.2090       3.1862       3.1671       3.2956       3.1889
   5    100       2.7919       2.8422       2.8174       2.8544       2.8166
                  2.8536       2.8307       2.8063       2.9441       2.8298
 
 group  inft   Estimated free energy: 1-th solvent contribution (kcal/mol)
   1      0       0.3237       0.3072       0.3091       0.3152       0.3021
                  0.3310       0.3553       0.3127       0.3082       0.3215
   1     60       0.3237       0.3071       0.3091       0.3152       0.3020
                  0.3311       0.3554       0.3127       0.3082       0.3215
   1     80       0.3239       0.3070       0.3091       0.3155       0.3016
                  0.3316       0.3574       0.3127       0.3083       0.3218
   1    100       0.3235       0.3049       0.3070       0.3150       0.2981
                  0.3325       0.3647       0.3110       0.3070       0.3218
   2      0       0.3213       0.3050       0.3058       0.3121       0.3000
                  0.3281       0.3511       0.3090       0.3063       0.3188
   3      0       0.3192       0.3041       0.3050       0.3110       0.2997
                  0.3274       0.3496       0.3085       0.3056       0.3172
   4      0       0.3186       0.3030       0.3037       0.3096       0.2979
                  0.3261       0.3470       0.3068       0.3040       0.3160
   5      0       0.3199       0.3040       0.3047       0.3109       0.2988
                  0.3266       0.3492       0.3071       0.3046       0.3162
   5     60       0.3198       0.3040       0.3047       0.3109       0.2988
                  0.3267       0.3494       0.3071       0.3046       0.3162
   5     80       0.3198       0.3035       0.3043       0.3109       0.2979
                  0.3270       0.3515       0.3067       0.3044       0.3162
   5    100       0.3188       0.3007       0.3018       0.3097       0.2941
                  0.3271       0.3575       0.3043       0.3024       0.3154
 
 group  inft   Estimated free energy: 2-th solvent contribution (kcal/mol)
   1      0      -0.2239      -0.1771      -0.1903      -0.1611      -0.2061
                 -0.1978      -0.2096      -0.1929      -0.0991      -0.2023
   1     60      -0.2235      -0.1767      -0.1899      -0.1606      -0.2057
                 -0.1974      -0.2092      -0.1925      -0.0985      -0.2019
   1     80      -0.2222      -0.1741      -0.1877      -0.1577      -0.2040
                 -0.1949      -0.2076      -0.1903      -0.0948      -0.1998
   1    100      -0.2216      -0.1671      -0.1827      -0.1491      -0.2005
                 -0.1887      -0.2053      -0.1847      -0.0836      -0.1951
   2      0      -0.2261      -0.1802      -0.1947      -0.1644      -0.2069
                 -0.2000      -0.2110      -0.1941      -0.1031      -0.2049
   3      0      -0.2264      -0.1808      -0.1952      -0.1653      -0.2065
                 -0.1998      -0.2106      -0.1950      -0.1038      -0.2054
   4      0      -0.2262      -0.1812      -0.1956      -0.1654      -0.2074
                 -0.2001      -0.2108      -0.1955      -0.1036      -0.2058
   5      0      -0.2264      -0.1821      -0.1957      -0.1669      -0.2082
                 -0.2020      -0.2126      -0.1978      -0.1073      -0.2050
   5     60      -0.2258      -0.1814      -0.1951      -0.1662      -0.2077
                 -0.2014      -0.2121      -0.1972      -0.1065      -0.2044
   5     80      -0.2244      -0.1784      -0.1925      -0.1627      -0.2056
                 -0.1985      -0.2103      -0.1946      -0.1020      -0.2019
   5    100      -0.2240      -0.1721      -0.1882      -0.1548      -0.2025
                 -0.1929      -0.2083      -0.1898      -0.0915      -0.1977
 
 group  inft   Estimated free energy: 3-th solvent contribution (kcal/mol)
   1      0       3.1614       3.1771       3.1654       3.1563       3.1878
                  3.1789       3.1470       3.1550       3.1924       3.1748
   1     60       3.1495       3.1652       3.1535       3.1444       3.1760
                  3.1671       3.1351       3.1431       3.1806       3.1630
   1     80       3.0480       3.0641       3.0523       3.0430       3.0748
                  3.0662       3.0334       3.0417       3.0801       3.0618
   1    100       2.6598       2.6766       2.6644       2.6544       2.6876
                  2.6795       2.6440       2.6529       2.6945       2.6740
   2      0       3.1550       3.1717       3.1594       3.1522       3.1815
                  3.1736       3.1412       3.1473       3.1879       3.1696
   3      0       3.1675       3.1825       3.1701       3.1636       3.1928
                  3.1841       3.1529       3.1578       3.1989       3.1819
   4      0       3.1494       3.1648       3.1531       3.1460       3.1742
                  3.1690       3.1370       3.1422       3.1828       3.1665
   5      0       3.2041       3.2198       3.2105       3.2072       3.2311
                  3.2245       3.1900       3.1998       3.2367       3.2190
   5     60       3.1878       3.2036       3.1942       3.1909       3.2148
                  3.2083       3.1736       3.1835       3.2205       3.2027
   5     80       3.0594       3.0755       3.0660       3.0625       3.0867
                  3.0805       3.0450       3.0550       3.0932       3.0745
   5    100       2.6971       2.7135       2.7038       2.6994       2.7251
                  2.7194       2.6815       2.6917       2.7331       2.7121
 
 
 cumulative average & 95% error for solvation free energy
              total             1st component         2nd component         3rd component
  1     3.2604                0.3192               -0.2264                3.1675
  2     3.2831     0.0455     0.3116     0.0151    -0.2036     0.0456     3.1750     0.0150
  3     3.2821     0.0263     0.3094     0.0098    -0.2008     0.0269     3.1734     0.0092
  4     3.2889     0.0231     0.3098     0.0070    -0.1919     0.0260     3.1710     0.0082
  5     3.2883     0.0179     0.3078     0.0067    -0.1948     0.0210     3.1753     0.0108
  6     3.2922     0.0166     0.3111     0.0086    -0.1956     0.0172     3.1768     0.0093
  7     3.2922     0.0140     0.3166     0.0132    -0.1978     0.0152     3.1734     0.0104
  8     3.2896     0.0132     0.3156     0.0116    -0.1974     0.0132     3.1714     0.0098
  9     3.3019     0.0273     0.3145     0.0105    -0.1870     0.0238     3.1745     0.0106
 10     3.3011     0.0245     0.3147     0.0094    -0.1889     0.0216     3.1752     0.0096
