 ERmod 0.3.7, Copyright (C) 2000-2019 Nobuyuki Matubayasi
                            2010-2019 Shun Sakuraba
 ERmod comes with ABSOLUTELY NO WARRANTY.
 This is free software, and you can redistribute it
 and/or modify it under certain conditions.
 See LICENSE file for details.
 ERmod 0.3.7, Copyright (C) 2000-2019 Nobuyuki Matubayasi
                            2010-2019 Shun Sakuraba
 ERmod comes with ABSOLUTELY NO WARRANTY.
 This is free software, and you can redistribute it
 and/or modify it under certain conditions.
 See LICENSE file for details.
 
  Number of the   1-th solvent  =           90
  Number of the   2-th solvent  =           90
  Number of the   3-th solvent  =        10000
 
  Be sure that the solvent distribution is homogeneous (radial distribution function is essentially unity) when the solvent molecule is separated beyond distance of   10.0 Angstrom in any direction from any atom within the solute molecule
 
  LJ long-range correction    =        -0.0053     -0.0140     -0.5596
 
  Self-energy of the solute   =         0.0000  kcal/mol
 
 
 cumulative average & 95% error for solvation energy
              total             1st component         2nd component         3rd component
  1   -13.7620                0.1348               -0.4333              -13.4635
  2   -13.7750     0.0261     0.1496     0.0296    -0.4626     0.0586   -13.4620     0.0029
  3   -13.7666     0.0226     0.1544     0.0196    -0.4281     0.0767   -13.4929     0.0617
  4   -13.7582     0.0231     0.1614     0.0197    -0.4155     0.0598   -13.5041     0.0491
  5   -13.7615     0.0191     0.1586     0.0162    -0.4093     0.0480   -13.5109     0.0403
  6   -13.7656     0.0176     0.1528     0.0176    -0.4001     0.0433   -13.5183     0.0362
  7   -13.7623     0.0163     0.1534     0.0149    -0.3887     0.0431   -13.5269     0.0351
  8   -13.7568     0.0178     0.1540     0.0130    -0.3773     0.0438   -13.5336     0.0332
  9   -13.7545     0.0164     0.1551     0.0117    -0.3740     0.0392   -13.5357     0.0295
 10   -13.7547     0.0147     0.1550     0.0104    -0.3830     0.0394   -13.5268     0.0318
 
 
 group  inft  solvation free energy     error          difference
  total solvation free energy
   1      0          3.55828           0.01641           0.01324
   1     60          3.54619           0.01646           0.00115
   1     80          3.42688           0.01698          -0.11817
   1    100          2.91963           0.01889          -0.62542
   2      0          3.54547           0.01663           0.00042
   3      0          3.54505           0.01616           0.00000
   4      0          3.52047           0.01703          -0.02458
   5      0          3.57663           0.01718           0.03158
   5     60          3.55971           0.01725           0.01466
   5     80          3.40435           0.01784          -0.14070
   5    100          2.92691           0.01945          -0.61814
 
  contribution from  1-th solvent component
   1      0          0.26092           0.01077           0.00248
   1     60          0.26097           0.01080           0.00253
   1     80          0.26157           0.01114           0.00314
   1    100          0.26270           0.01265           0.00427
   2      0          0.25916           0.01042           0.00072
   3      0          0.25844           0.01039           0.00000
   4      0          0.25783           0.01039          -0.00061
   5      0          0.25756           0.01039          -0.00087
   5     60          0.25761           0.01043          -0.00082
   5     80          0.25811           0.01085          -0.00032
   5    100          0.25852           0.01222           0.00009
 
  contribution from  2-th solvent component
   1      0         -0.20872           0.02445           0.00176
   1     60         -0.20874           0.02449           0.00174
   1     80         -0.20914           0.02477           0.00134
   1    100         -0.21151           0.02586          -0.00103
   2      0         -0.21014           0.02421           0.00033
   3      0         -0.21048           0.02405           0.00000
   4      0         -0.21105           0.02409          -0.00057
   5      0         -0.21132           0.02414          -0.00084
   5     60         -0.21136           0.02418          -0.00088
   5     80         -0.21201           0.02453          -0.00153
   5    100         -0.21444           0.02552          -0.00396
 
  contribution from  3-th solvent component
   1      0          3.50604           0.01396           0.00900
   1     60          3.49392           0.01396          -0.00313
   1     80          3.37440           0.01401          -0.12264
   1    100          2.86839           0.01431          -0.62866
   2      0          3.49641           0.01413          -0.00063
   3      0          3.49705           0.01439           0.00000
   4      0          3.47365           0.01433          -0.02340
   5      0          3.53034           0.01333           0.03330
   5     60          3.51341           0.01333           0.01636
   5     80          3.35820           0.01341          -0.13884
   5    100          2.88278           0.01373          -0.61426
 
 
 group  inft   Estimated free energy: total (kcal/mol)
   1      0       3.5584       3.5228       3.5688       3.5729       3.5305
                  3.5379       3.5767       3.6054       3.5737       3.5360
   1     60       3.5462       3.5106       3.5567       3.5608       3.5183
                  3.5258       3.5647       3.5934       3.5616       3.5238
   1     80       3.4264       3.3905       3.4380       3.4420       3.3984
                  3.4054       3.4460       3.4757       3.4428       3.4035
   1    100       2.9171       2.8810       2.9341       2.9373       2.8892
                  2.8932       2.9406       2.9736       2.9375       2.8928
   2      0       3.5441       3.5102       3.5513       3.5614       3.5139
                  3.5261       3.5659       3.5910       3.5659       3.5251
   3      0       3.5439       3.5116       3.5475       3.5607       3.5164
                  3.5246       3.5642       3.5893       3.5678       3.5244
   4      0       3.5195       3.4865       3.5221       3.5359       3.4884
                  3.5006       3.5432       3.5674       3.5428       3.4983
   5      0       3.5739       3.5348       3.5828       3.5925       3.5486
                  3.5603       3.5951       3.6251       3.5972       3.5560
   5     60       3.5569       3.5178       3.5659       3.5757       3.5316
                  3.5433       3.5783       3.6084       3.5804       3.5390
   5     80       3.4009       3.3617       3.4114       3.4210       3.3755
                  3.3866       3.4237       3.4549       3.4255       3.3824
   5    100       2.9216       2.8827       2.9369       2.9459       2.8960
                  2.9049       2.9477       2.9820       2.9497       2.9017
 
 group  inft   Estimated free energy: 1-th solvent contribution (kcal/mol)
   1      0       0.2465       0.2678       0.2765       0.2974       0.2536
                  0.2353       0.2559       0.2544       0.2627       0.2589
   1     60       0.2465       0.2678       0.2766       0.2975       0.2537
                  0.2353       0.2560       0.2545       0.2627       0.2590
   1     80       0.2465       0.2684       0.2780       0.2991       0.2543
                  0.2350       0.2563       0.2552       0.2636       0.2592
   1    100       0.2451       0.2696       0.2826       0.3045       0.2554
                  0.2321       0.2562       0.2568       0.2661       0.2586
   2      0       0.2453       0.2656       0.2744       0.2941       0.2510
                  0.2341       0.2550       0.2530       0.2616       0.2574
   3      0       0.2441       0.2650       0.2733       0.2932       0.2509
                  0.2336       0.2544       0.2518       0.2613       0.2568
   4      0       0.2434       0.2639       0.2721       0.2930       0.2497
                  0.2330       0.2543       0.2518       0.2607       0.2564
   5      0       0.2430       0.2641       0.2725       0.2925       0.2495
                  0.2329       0.2537       0.2517       0.2598       0.2559
   5     60       0.2430       0.2641       0.2727       0.2927       0.2495
                  0.2329       0.2538       0.2517       0.2599       0.2559
   5     80       0.2427       0.2646       0.2742       0.2945       0.2500
                  0.2323       0.2539       0.2524       0.2607       0.2558
   5    100       0.2408       0.2650       0.2778       0.2988       0.2504
                  0.2292       0.2532       0.2532       0.2621       0.2547
 
 group  inft   Estimated free energy: 2-th solvent contribution (kcal/mol)
   1      0      -0.2397      -0.2685      -0.1987      -0.2138      -0.2115
                 -0.1950      -0.1734      -0.1385      -0.1928      -0.2553
   1     60      -0.2398      -0.2685      -0.1987      -0.2138      -0.2115
                 -0.1950      -0.1733      -0.1384      -0.1928      -0.2554
   1     80      -0.2406      -0.2693      -0.1992      -0.2145      -0.2122
                 -0.1954      -0.1732      -0.1376      -0.1933      -0.2561
   1    100      -0.2444      -0.2732      -0.2018      -0.2178      -0.2154
                 -0.1979      -0.1733      -0.1354      -0.1959      -0.2599
   2      0      -0.2417      -0.2694      -0.1999      -0.2148      -0.2131
                 -0.1958      -0.1752      -0.1415      -0.1938      -0.2563
   3      0      -0.2418      -0.2697      -0.2006      -0.2153      -0.2131
                 -0.1959      -0.1752      -0.1428      -0.1942      -0.2563
   4      0      -0.2426      -0.2702      -0.2013      -0.2158      -0.2135
                 -0.1962      -0.1762      -0.1432      -0.1944      -0.2572
   5      0      -0.2427      -0.2710      -0.2011      -0.2163      -0.2135
                 -0.1966      -0.1762      -0.1435      -0.1951      -0.2574
   5     60      -0.2428      -0.2711      -0.2011      -0.2164      -0.2136
                 -0.1966      -0.1761      -0.1434      -0.1951      -0.2575
   5     80      -0.2439      -0.2722      -0.2019      -0.2174      -0.2145
                 -0.1973      -0.1761      -0.1425      -0.1959      -0.2585
   5    100      -0.2476      -0.2760      -0.2045      -0.2208      -0.2177
                 -0.1999      -0.1765      -0.1407      -0.1985      -0.2622
 
 group  inft   Estimated free energy: 3-th solvent contribution (kcal/mol)
   1      0       3.5516       3.5234       3.4909       3.4892       3.4883
                  3.4975       3.4940       3.4894       3.5037       3.5323
   1     60       3.5395       3.5112       3.4788       3.4771       3.4762
                  3.4854       3.4819       3.4773       3.4916       3.5202
   1     80       3.4204       3.3914       3.3592       3.3573       3.3563
                  3.3658       3.3628       3.3580       3.3724       3.4004
   1    100       2.9164       2.8845       2.8533       2.8505       2.8491
                  2.8590       2.8576       2.8522       2.8672       2.8940
   2      0       3.5405       3.5140       3.4768       3.4821       3.4758
                  3.4878       3.4860       3.4793       3.4980       3.5239
   3      0       3.5416       3.5163       3.4747       3.4827       3.4785
                  3.4869       3.4850       3.4803       3.5007       3.5238
   4      0       3.5186       3.4927       3.4513       3.4586       3.4522
                  3.4637       3.4650       3.4588       3.4765       3.4990
   5      0       3.5735       3.5416       3.5112       3.5163       3.5126
                  3.5239       3.5175       3.5169       3.5324       3.5575
   5     60       3.5566       3.5247       3.4943       3.4994       3.4956
                  3.5069       3.5006       3.5000       3.5155       3.5405
   5     80       3.4020       3.3692       3.3390       3.3439       3.3399
                  3.3516       3.3458       3.3449       3.3606       3.3850
   5    100       2.9284       2.8936       2.8636       2.8678       2.8632
                  2.8755       2.8710       2.8695       2.8860       2.9091
 
 
 cumulative average & 95% error for solvation free energy
              total             1st component         2nd component         3rd component
  1     3.5439                0.2441               -0.2418                3.5416
  2     3.5278     0.0323     0.2545     0.0209    -0.2558     0.0279     3.5289     0.0253
  3     3.5343     0.0228     0.2608     0.0174    -0.2374     0.0401     3.5108     0.0390
  4     3.5409     0.0208     0.2689     0.0204    -0.2318     0.0305     3.5038     0.0310
  5     3.5360     0.0189     0.2653     0.0173    -0.2281     0.0248     3.4987     0.0260
  6     3.5341     0.0159     0.2600     0.0177    -0.2227     0.0229     3.4968     0.0216
  7     3.5384     0.0159     0.2592     0.0150    -0.2159     0.0236     3.4951     0.0186
  8     3.5448     0.0188     0.2583     0.0131    -0.2068     0.0274     3.4932     0.0165
  9     3.5473     0.0173     0.2586     0.0116    -0.2054     0.0244     3.4941     0.0147
 10     3.5450     0.0162     0.2584     0.0104    -0.2105     0.0241     3.4970     0.0144
