 ERmod 0.3.7, Copyright (C) 2000-2019 Nobuyuki Matubayasi
                            2010-2019 Shun Sakuraba
 ERmod comes with ABSOLUTELY NO WARRANTY.
 This is free software, and you can redistribute it
 and/or modify it under certain conditions.
 See LICENSE file for details.
 ERmod 0.3.7, Copyright (C) 2000-2019 Nobuyuki Matubayasi
                            2010-2019 Shun Sakuraba
 ERmod comes with ABSOLUTELY NO WARRANTY.
 This is free software, and you can redistribute it
 and/or modify it under certain conditions.
 See LICENSE file for details.
 
  Number of the   1-th solvent  =          180
  Number of the   2-th solvent  =          180
  Number of the   3-th solvent  =        10000
 
  Be sure that the solvent distribution is homogeneous (radial distribution function is essentially unity) when the solvent molecule is separated beyond distance of   10.0 Angstrom in any direction from any atom within the solute molecule
 
  LJ long-range correction    =        -0.0014     -0.0469     -0.4442
 
  Self-energy of the solute   =         0.0000  kcal/mol
 
 
 cumulative average & 95% error for solvation energy
              total             1st component         2nd component         3rd component
  1   -11.7884                0.2994               -1.1998              -10.8880
  2   -11.8342     0.0916     0.3018     0.0048    -1.2651     0.1306   -10.8709     0.0342
  3   -11.8531     0.0650     0.2993     0.0057    -1.2912     0.0916   -10.8612     0.0276
  4   -11.8183     0.0835     0.2985     0.0043    -1.2208     0.1550   -10.8961     0.0723
  5   -11.8076     0.0681     0.2987     0.0034    -1.1925     0.1327   -10.9139     0.0664
  6   -11.8118     0.0562     0.2996     0.0033    -1.2046     0.1111   -10.9068     0.0561
  7   -11.8044     0.0497     0.2978     0.0044    -1.1722     0.1140   -10.9300     0.0664
  8   -11.8046     0.0431     0.2976     0.0039    -1.1701     0.0989   -10.9321     0.0576
  9   -11.7950     0.0426     0.2973     0.0035    -1.1519     0.0945   -10.9404     0.0535
 10   -11.7914     0.0388     0.2966     0.0034    -1.1376     0.0892   -10.9504     0.0518
 
 
 group  inft  solvation free energy     error          difference
  total solvation free energy
   1      0          2.91715           0.02114           0.01410
   1     60          2.89664           0.02116          -0.00641
   1     80          2.74783           0.02129          -0.15522
   1    100          2.23983           0.02171          -0.66322
   2      0          2.90248           0.02189          -0.00058
   3      0          2.90305           0.02208           0.00000
   4      0          2.88144           0.02175          -0.02161
   5      0          2.92812           0.02228           0.02507
   5     60          2.90039           0.02230          -0.00266
   5     80          2.71513           0.02245          -0.18792
   5    100          2.24353           0.02279          -0.65953
 
  contribution from  1-th solvent component
   1      0          0.27682           0.00743           0.00320
   1     60          0.27755           0.00745           0.00393
   1     80          0.28288           0.00763           0.00925
   1    100          0.29742           0.00821           0.02379
   2      0          0.27445           0.00707           0.00083
   3      0          0.27363           0.00695           0.00000
   4      0          0.27253           0.00671          -0.00110
   5      0          0.27107           0.00671          -0.00255
   5     60          0.27207           0.00674          -0.00155
   5     80          0.27843           0.00697           0.00481
   5    100          0.29143           0.00754           0.01781
 
  contribution from  2-th solvent component
   1      0         -0.55329           0.03717           0.00304
   1     60         -0.55361           0.03719           0.00271
   1     80         -0.55592           0.03733           0.00041
   1    100         -0.56383           0.03777          -0.00751
   2      0         -0.55557           0.03716           0.00076
   3      0         -0.55633           0.03725           0.00000
   4      0         -0.55799           0.03721          -0.00166
   5      0         -0.55742           0.03714          -0.00110
   5     60         -0.55788           0.03717          -0.00155
   5     80         -0.56090           0.03733          -0.00457
   5    100         -0.56849           0.03773          -0.01217
 
  contribution from  3-th solvent component
   1      0          3.19358           0.02030           0.00787
   1     60          3.17267           0.02032          -0.01305
   1     80          3.02084           0.02047          -0.16488
   1    100          2.50621           0.02099          -0.67950
   2      0          3.18355           0.02005          -0.00216
   3      0          3.18572           0.02050           0.00000
   4      0          3.16687           0.02054          -0.01885
   5      0          3.21444           0.01910           0.02872
   5     60          3.18615           0.01914           0.00044
   5     80          2.99755           0.01934          -0.18816
   5    100          2.52055           0.01987          -0.66517
 
 
 group  inft   Estimated free energy: total (kcal/mol)
   1      0       2.9346       2.8817       2.8605       2.9699       2.9333
                  2.8940       2.9100       2.9142       2.9576       2.9157
   1     60       2.9142       2.8612       2.8399       2.9495       2.9128
                  2.8735       2.8894       2.8937       2.9371       2.8951
   1     80       2.7660       2.7128       2.6903       2.8013       2.7639
                  2.7249       2.7399       2.7453       2.7880       2.7460
   1    100       2.2604       2.2063       2.1799       2.2947       2.2552
                  2.2170       2.2295       2.2386       2.2796       2.2370
   2      0       2.9217       2.8661       2.8407       2.9597       2.9233
                  2.8789       2.9007       2.9018       2.9341       2.8978
   3      0       2.9227       2.8672       2.8399       2.9617       2.9262
                  2.8821       2.9011       2.9008       2.9322       2.8966
   4      0       2.9007       2.8468       2.8190       2.9393       2.9041
                  2.8591       2.8823       2.8802       2.9089       2.8740
   5      0       2.9438       2.8909       2.8640       2.9852       2.9461
                  2.9059       2.9270       2.9242       2.9646       2.9296
   5     60       2.9162       2.8632       2.8361       2.9576       2.9184
                  2.8782       2.8991       2.8965       2.9368       2.9018
   5     80       2.7320       2.6786       2.6499       2.7731       2.7329
                  2.6931       2.7130       2.7117       2.7511       2.7160
   5    100       2.2630       2.2087       2.1761       2.3028       2.2605
                  2.2216       2.2393       2.2412       2.2787       2.2432
 
 group  inft   Estimated free energy: 1-th solvent contribution (kcal/mol)
   1      0       0.2936       0.2849       0.2731       0.2840       0.2836
                  0.2878       0.2587       0.2699       0.2721       0.2605
   1     60       0.2944       0.2857       0.2738       0.2847       0.2843
                  0.2886       0.2594       0.2706       0.2728       0.2612
   1     80       0.3002       0.2915       0.2790       0.2901       0.2895
                  0.2944       0.2645       0.2758       0.2777       0.2661
   1    100       0.3161       0.3074       0.2933       0.3049       0.3036
                  0.3103       0.2785       0.2899       0.2909       0.2792
   2      0       0.2903       0.2821       0.2712       0.2823       0.2815
                  0.2839       0.2578       0.2682       0.2691       0.2582
   3      0       0.2891       0.2812       0.2711       0.2808       0.2806
                  0.2831       0.2574       0.2667       0.2689       0.2575
   4      0       0.2872       0.2801       0.2698       0.2797       0.2791
                  0.2820       0.2571       0.2660       0.2674       0.2569
   5      0       0.2862       0.2788       0.2679       0.2777       0.2779
                  0.2801       0.2561       0.2649       0.2664       0.2550
   5     60       0.2872       0.2798       0.2689       0.2787       0.2788
                  0.2812       0.2570       0.2658       0.2673       0.2559
   5     80       0.2942       0.2867       0.2751       0.2852       0.2850
                  0.2881       0.2631       0.2720       0.2732       0.2617
   5    100       0.3086       0.3011       0.2880       0.2985       0.2974
                  0.3025       0.2756       0.2845       0.2850       0.2732
 
 group  inft   Estimated free energy: 2-th solvent contribution (kcal/mol)
   1      0      -0.5851      -0.6319      -0.6388      -0.5017      -0.5357
                 -0.6022      -0.4823      -0.5596      -0.5001      -0.4957
   1     60      -0.5854      -0.6322      -0.6392      -0.5020      -0.5360
                 -0.6025      -0.4826      -0.5599      -0.5004      -0.4959
   1     80      -0.5880      -0.6349      -0.6418      -0.5041      -0.5384
                 -0.6048      -0.4847      -0.5622      -0.5026      -0.4978
   1    100      -0.5966      -0.6438      -0.6507      -0.5114      -0.5466
                 -0.6128      -0.4921      -0.5700      -0.5100      -0.5043
   2      0      -0.5868      -0.6337      -0.6417      -0.5040      -0.5373
                 -0.6051      -0.4839      -0.5611      -0.5029      -0.4991
   3      0      -0.5877      -0.6344      -0.6436      -0.5041      -0.5377
                 -0.6051      -0.4843      -0.5618      -0.5045      -0.5001
   4      0      -0.5891      -0.6362      -0.6447      -0.5061      -0.5390
                 -0.6073      -0.4856      -0.5635      -0.5058      -0.5026
   5      0      -0.5889      -0.6352      -0.6434      -0.5061      -0.5401
                 -0.6073      -0.4855      -0.5624      -0.5047      -0.5007
   5     60      -0.5894      -0.6357      -0.6439      -0.5065      -0.5406
                 -0.6077      -0.4859      -0.5628      -0.5052      -0.5010
   5     80      -0.5927      -0.6391      -0.6473      -0.5093      -0.5437
                 -0.6108      -0.4888      -0.5658      -0.5080      -0.5035
   5    100      -0.6009      -0.6476      -0.6558      -0.5163      -0.5515
                 -0.6185      -0.4959      -0.5733      -0.5152      -0.5099
 
 group  inft   Estimated free energy: 3-th solvent contribution (kcal/mol)
   1      0       3.2260       3.2286       3.2262       3.1876       3.1854
                  3.2083       3.1335       3.2038       3.1856       3.1508
   1     60       3.2052       3.2077       3.2052       3.1668       3.1645
                  3.1874       3.1125       3.1829       3.1647       3.1298
   1     80       3.0538       3.0562       3.0530       3.0153       3.0128
                  3.0353       2.9600       3.0316       3.0128       2.9776
   1    100       2.5409       2.5427       2.5373       2.5012       2.4982
                  2.5195       2.4430       2.5186       2.4986       2.4621
   2      0       3.2182       3.2178       3.2112       3.1814       3.1791
                  3.2001       3.1267       3.1947       3.1678       3.1386
   3      0       3.2212       3.2204       3.2124       3.1850       3.1832
                  3.2042       3.1280       3.1959       3.1678       3.1391
   4      0       3.2026       3.2029       3.1938       3.1657       3.1639
                  3.1843       3.1108       3.1777       3.1473       3.1196
   5      0       3.2465       3.2473       3.2395       3.2135       3.2084
                  3.2330       3.1564       3.2217       3.2029       3.1752
   5     60       3.2183       3.2191       3.2111       3.1853       3.1801
                  3.2047       3.1280       3.1935       3.1746       3.1468
   5     80       3.0304       3.0309       3.0220       2.9971       2.9916
                  3.0157       2.9386       3.0055       2.9859       2.9578
   5    100       2.5553       2.5551       2.5439       2.5206       2.5146
                  2.5376       2.4596       2.5299       2.5088       2.4798
 
 
 cumulative average & 95% error for solvation free energy
              total             1st component         2nd component         3rd component
  1     2.9227                0.2891               -0.5877                3.2212
  2     2.8950     0.0555     0.2852     0.0079    -0.6110     0.0468     3.2208     0.0008
  3     2.8766     0.0487     0.2805     0.0104    -0.6219     0.0346     3.2180     0.0057
  4     2.8979     0.0547     0.2805     0.0074    -0.5924     0.0638     3.2098     0.0170
  5     2.9035     0.0439     0.2805     0.0057    -0.5815     0.0541     3.2044     0.0169
  6     2.9000     0.0365     0.2810     0.0047    -0.5854     0.0448     3.2044     0.0138
  7     2.9001     0.0309     0.2776     0.0078    -0.5710     0.0476     3.1935     0.0248
  8     2.9002     0.0267     0.2762     0.0073    -0.5698     0.0413     3.1938     0.0214
  9     2.9038     0.0246     0.2754     0.0067    -0.5626     0.0392     3.1909     0.0198
 10     2.9031     0.0221     0.2736     0.0069    -0.5563     0.0372     3.1857     0.0205
