 ERmod 0.3.7, Copyright (C) 2000-2019 Nobuyuki Matubayasi
                            2010-2019 Shun Sakuraba
 ERmod comes with ABSOLUTELY NO WARRANTY.
 This is free software, and you can redistribute it
 and/or modify it under certain conditions.
 See LICENSE file for details.
 ERmod 0.3.7, Copyright (C) 2000-2019 Nobuyuki Matubayasi
                            2010-2019 Shun Sakuraba
 ERmod comes with ABSOLUTELY NO WARRANTY.
 This is free software, and you can redistribute it
 and/or modify it under certain conditions.
 See LICENSE file for details.
 
  Number of the   1-th solvent  =           90
  Number of the   2-th solvent  =           90
  Number of the   3-th solvent  =        10000
 
  Be sure that the solvent distribution is homogeneous (radial distribution function is essentially unity) when the solvent molecule is separated beyond distance of   10.0 Angstrom in any direction from any atom within the solute molecule
 
  LJ long-range correction    =        -0.0012     -0.0051     -0.7421
 
  Self-energy of the solute   =        -0.0001  kcal/mol
 
 
 cumulative average & 95% error for solvation energy
              total             1st component         2nd component         3rd component
  1   -30.3518               -0.0434               -0.2310              -30.0774
  2   -30.2723     0.1592     0.0819     0.2506    -0.2826     0.1033   -30.0714     0.0118
  3   -30.2794     0.0930     0.0976     0.1481    -0.2593     0.0757   -30.1176     0.0926
  4   -30.3277     0.1168     0.0772     0.1124    -0.4362     0.3579   -29.9686     0.3051
  5   -30.3486     0.0997     0.0668     0.0895    -0.4360     0.2772   -29.9793     0.2373
  6   -30.3944     0.1225    -0.2599     0.6575    -0.3890     0.2451   -29.7454     0.5064
  7   -30.4100     0.1082    -0.4039     0.6259    -0.3661     0.2121   -29.6400     0.4771
  8   -30.4059     0.0941    -0.3909     0.5426    -0.3510     0.1862   -29.6639     0.4159
  9   -30.4147     0.0848    -0.5385     0.5623    -0.3478     0.1643   -29.5284     0.4561
 10   -30.4044     0.0786    -0.4775     0.5175    -0.3782     0.1591   -29.5486     0.4099
 
 
 group  inft  solvation free energy     error          difference
  total solvation free energy
   1      0         -3.33412           0.05410           0.00456
   1     60         -3.35571           0.05414          -0.01702
   1     80         -3.56497           0.05457          -0.22629
   1    100         -4.40707           0.05609          -1.06839
   2      0         -3.33770           0.05586           0.00098
   3      0         -3.33868           0.05636           0.00000
   4      0         -3.34016           0.05782          -0.00148
   5      0         -3.33562           0.05608           0.00306
   5     60         -3.36521           0.05614          -0.02653
   5     80         -3.63101           0.05666          -0.29233
   5    100         -4.41082           0.05804          -1.07214
 
  contribution from  1-th solvent component
   1      0         -0.12742           0.26744           0.01006
   1     60         -0.12701           0.26745           0.01047
   1     80         -0.12376           0.26754           0.01373
   1    100         -0.11415           0.26791           0.02333
   2      0         -0.13529           0.26811           0.00219
   3      0         -0.13748           0.26844           0.00000
   4      0         -0.13973           0.26835          -0.00225
   5      0         -0.14015           0.26878          -0.00267
   5     60         -0.13960           0.26880          -0.00212
   5     80         -0.13572           0.26893           0.00176
   5    100         -0.12754           0.26937           0.00995
 
  contribution from  2-th solvent component
   1      0         -0.29987           0.09930          -0.00980
   1     60         -0.29965           0.09931          -0.00959
   1     80         -0.29850           0.09938          -0.00844
   1    100         -0.29658           0.09990          -0.00651
   2      0         -0.29217           0.10263          -0.00210
   3      0         -0.29007           0.10304           0.00000
   4      0         -0.28951           0.10356           0.00055
   5      0         -0.28726           0.10353           0.00281
   5     60         -0.28700           0.10353           0.00306
   5     80         -0.28586           0.10361           0.00421
   5    100         -0.28463           0.10406           0.00544
 
  contribution from  3-th solvent component
   1      0         -2.90673           0.24085           0.00430
   1     60         -2.92894           0.24081          -0.01791
   1     80         -3.14261           0.24053          -0.23158
   1    100         -3.99624           0.24093          -1.08521
   2      0         -2.91014           0.24070           0.00089
   3      0         -2.91103           0.24086           0.00000
   4      0         -2.91082           0.23981           0.00021
   5      0         -2.90811           0.24158           0.00292
   5     60         -2.93850           0.24152          -0.02748
   5     80         -3.20933           0.24122          -0.29830
   5    100         -3.99855           0.24166          -1.08753
 
 
 group  inft   Estimated free energy: total (kcal/mol)
   1      0      -3.2381      -3.2559      -3.2378      -3.4804      -3.4192
                 -3.4140      -3.3433      -3.3720      -3.2698      -3.3106
   1     60      -3.2595      -3.2774      -3.2593      -3.5020      -3.4408
                 -3.4358      -3.3651      -3.3936      -3.2914      -3.3321
   1     80      -3.4673      -3.4853      -3.4680      -3.7111      -3.6509
                 -3.6468      -3.5754      -3.6032      -3.5006      -3.5410
   1    100      -4.3054      -4.3235      -4.3093      -4.5547      -4.4975
                 -4.4905      -4.4201      -4.4471      -4.3388      -4.3839
   2      0      -3.2210      -3.2686      -3.2359      -3.4961      -3.4147
                 -3.4167      -3.3388      -3.3776      -3.2916      -3.3159
   3      0      -3.2223      -3.2675      -3.2335      -3.5025      -3.4102
                 -3.4143      -3.3432      -3.3802      -3.2944      -3.3188
   4      0      -3.2221      -3.2713      -3.2319      -3.5067      -3.4112
                 -3.4246      -3.3399      -3.3863      -3.2955      -3.3121
   5      0      -3.2145      -3.2684      -3.2334      -3.4974      -3.4089
                 -3.4064      -3.3406      -3.3817      -3.2922      -3.3126
   5     60      -3.2438      -3.2978      -3.2629      -3.5269      -3.4386
                 -3.4363      -3.3704      -3.4114      -3.3219      -3.3421
   5     80      -3.5078      -3.5618      -3.5280      -3.7925      -3.7056
                 -3.7042      -3.6376      -3.6777      -3.5874      -3.6075
   5    100      -4.2838      -4.3375      -4.3071      -4.5737      -4.4901
                 -4.4853      -4.4198      -4.4592      -4.3638      -4.3878
 
 group  inft   Estimated free energy: 1-th solvent contribution (kcal/mol)
   1      0       0.0598       0.2359       0.2182       0.0683       0.1360
                 -0.8859      -0.4967      -0.0730      -0.7483       0.2115
   1     60       0.0602       0.2363       0.2186       0.0688       0.1364
                 -0.8856      -0.4964      -0.0725      -0.7479       0.2118
   1     80       0.0636       0.2399       0.2219       0.0723       0.1395
                 -0.8828      -0.4934      -0.0688      -0.7446       0.2149
   1    100       0.0734       0.2510       0.2318       0.0824       0.1486
                 -0.8746      -0.4848      -0.0581      -0.7353       0.2241
   2      0       0.0608       0.2281       0.2115       0.0608       0.1258
                 -0.8901      -0.5046      -0.0900      -0.7630       0.2079
   3      0       0.0623       0.2281       0.2116       0.0566       0.1215
                 -0.8893      -0.5097      -0.0971      -0.7671       0.2082
   4      0       0.0577       0.2231       0.2070       0.0556       0.1180
                 -0.8957      -0.5052      -0.0993      -0.7688       0.2104
   5      0       0.0580       0.2266       0.2080       0.0545       0.1146
                 -0.8947      -0.5097      -0.0996      -0.7701       0.2110
   5     60       0.0585       0.2272       0.2086       0.0551       0.1151
                 -0.8943      -0.5092      -0.0990      -0.7696       0.2115
   5     80       0.0626       0.2315       0.2125       0.0594       0.1187
                 -0.8910      -0.5057      -0.0945      -0.7658       0.2151
   5    100       0.0713       0.2413       0.2212       0.0683       0.1260
                 -0.8843      -0.4986      -0.0853      -0.7582       0.2230
 
 group  inft   Estimated free energy: 2-th solvent contribution (kcal/mol)
   1      0      -0.0730      -0.3048      -0.1775      -0.6186      -0.3750
                 -0.2367      -0.2314      -0.2428      -0.2542      -0.4847
   1     60      -0.0727      -0.3045      -0.1773      -0.6184      -0.3749
                 -0.2365      -0.2312      -0.2426      -0.2539      -0.4845
   1     80      -0.0708      -0.3030      -0.1762      -0.6172      -0.3741
                 -0.2358      -0.2303      -0.2420      -0.2522      -0.4834
   1    100      -0.0653      -0.3002      -0.1740      -0.6161      -0.3736
                 -0.2345      -0.2295      -0.2417      -0.2488      -0.4820
   2      0      -0.0541      -0.3044      -0.1665      -0.6223      -0.3575
                 -0.2319      -0.2147      -0.2298      -0.2576      -0.4828
   3      0      -0.0538      -0.3041      -0.1640      -0.6230      -0.3479
                 -0.2296      -0.2125      -0.2245      -0.2568      -0.4843
   4      0      -0.0494      -0.3045      -0.1621      -0.6244      -0.3441
                 -0.2292      -0.2102      -0.2308      -0.2570      -0.4835
   5      0      -0.0469      -0.3050      -0.1616      -0.6214      -0.3433
                 -0.2239      -0.2098      -0.2237      -0.2561      -0.4809
   5     60      -0.0466      -0.3046      -0.1614      -0.6211      -0.3431
                 -0.2237      -0.2096      -0.2235      -0.2558      -0.4807
   5     80      -0.0445      -0.3030      -0.1604      -0.6200      -0.3424
                 -0.2230      -0.2088      -0.2230      -0.2540      -0.4796
   5    100      -0.0399      -0.3008      -0.1592      -0.6196      -0.3424
                 -0.2225      -0.2084      -0.2233      -0.2513      -0.4788
 
 group  inft   Estimated free energy: 3-th solvent contribution (kcal/mol)
   1      0      -3.2248      -3.1869      -3.2784      -2.9300      -3.1801
                 -2.2913      -2.6151      -3.0561      -2.2673      -3.0372
   1     60      -3.2469      -3.2091      -3.3005      -2.9523      -3.2023
                 -2.3136      -2.6374      -3.0784      -2.2896      -3.0593
   1     80      -3.4600      -3.4221      -3.5136      -3.1661      -3.4162
                 -2.5281      -2.8516      -3.2924      -2.5036      -3.2724
   1    100      -4.3134      -4.2741      -4.3670      -4.0209      -4.2724
                 -3.3812      -3.7058      -4.1471      -3.3545      -4.1259
   2      0      -3.2276      -3.1921      -3.2808      -2.9345      -3.1829
                 -2.2946      -2.6194      -3.0577      -2.2709      -3.0409
   3      0      -3.2307      -3.1913      -3.2810      -2.9360      -3.1837
                 -2.2953      -2.6209      -3.0585      -2.2704      -3.0426
   4      0      -3.2303      -3.1898      -3.2767      -2.9378      -3.1850
                 -2.2996      -2.6244      -3.0560      -2.2696      -3.0389
   5      0      -3.2254      -3.1899      -3.2797      -2.9304      -3.1802
                 -2.2877      -2.6210      -3.0584      -2.2659      -3.0425
   5     60      -3.2556      -3.2202      -3.3100      -2.9608      -3.2105
                 -2.3183      -2.6515      -3.0889      -2.2964      -3.0728
   5     80      -3.5258      -3.4903      -3.5801      -3.2318      -3.4818
                 -2.5900      -2.9229      -3.3601      -2.5676      -3.3429
   5    100      -4.3151      -4.2780      -4.3690      -4.0223      -4.2736
                 -3.3785      -3.7126      -4.1505      -3.3541      -4.1319
 
 
 cumulative average & 95% error for solvation free energy
              total             1st component         2nd component         3rd component
  1    -3.2223                0.0623               -0.0538               -3.2307
  2    -3.2449     0.0452     0.1452     0.1657    -0.1790     0.2503    -3.2110     0.0394
  3    -3.2411     0.0272     0.1673     0.1054    -0.1740     0.1449    -3.2343     0.0519
  4    -3.3064     0.1321     0.1397     0.0928    -0.2863     0.2468    -3.1597     0.1536
  5    -3.3272     0.1104     0.1360     0.0723    -0.2986     0.1927    -3.1645     0.1194
  6    -3.3417     0.0947    -0.0349     0.3468    -0.2871     0.1590    -3.0197     0.3057
  7    -3.3419     0.0801    -0.1027     0.3230    -0.2764     0.1361    -2.9627     0.2824
  8    -3.3467     0.0700    -0.1020     0.2797    -0.2700     0.1186    -2.9747     0.2457
  9    -3.3409     0.0628    -0.1759     0.2876    -0.2685     0.1046    -2.8964     0.2673
 10    -3.3387     0.0564    -0.1375     0.2684    -0.2901     0.1030    -2.9110     0.2409
