 ERmod 0.3.7, Copyright (C) 2000-2019 Nobuyuki Matubayasi
                            2010-2019 Shun Sakuraba
 ERmod comes with ABSOLUTELY NO WARRANTY.
 This is free software, and you can redistribute it
 and/or modify it under certain conditions.
 See LICENSE file for details.
 ERmod 0.3.7, Copyright (C) 2000-2019 Nobuyuki Matubayasi
                            2010-2019 Shun Sakuraba
 ERmod comes with ABSOLUTELY NO WARRANTY.
 This is free software, and you can redistribute it
 and/or modify it under certain conditions.
 See LICENSE file for details.
 
  Number of the   1-th solvent  =          180
  Number of the   2-th solvent  =          180
  Number of the   3-th solvent  =        10000
 
  Be sure that the solvent distribution is homogeneous (radial distribution function is essentially unity) when the solvent molecule is separated beyond distance of   10.0 Angstrom in any direction from any atom within the solute molecule
 
  LJ long-range correction    =        -0.0017     -0.0073     -0.5291
 
  Self-energy of the solute   =        -0.0001  kcal/mol
 
 
 cumulative average & 95% error for solvation energy
              total             1st component         2nd component         3rd component
  1   -26.0560               -1.4366               -0.6150              -24.0043
  2   -25.9208     0.2703    -0.8802     1.1129    -0.4479     0.3342   -24.5927     1.1768
  3   -25.8656     0.1911    -0.5324     0.9470    -0.5037     0.2229   -24.8295     0.8282
  4   -25.8307     0.1522    -0.3014     0.8135    -0.7084     0.4388   -24.8207     0.5859
  5   -25.8128     0.1232    -0.4406     0.6889    -0.7544     0.3521   -24.6177     0.6090
  6   -25.8431     0.1173    -0.4923     0.5719    -0.6977     0.3091   -24.6529     0.5022
  7   -26.0064     0.3413    -0.4440     0.4929    -1.3844     1.3980   -24.1779     1.0406
  8   -26.0404     0.3033    -0.4689     0.4298    -1.4233     1.2132   -24.1481     0.9031
  9   -25.9888     0.2868    -0.4308     0.3866    -1.3430     1.0819   -24.2149     0.8076
 10   -25.9626     0.2618    -0.3978     0.3520    -1.2736     0.9776   -24.2910     0.7382
 
 
 group  inft  solvation free energy     error          difference
  total solvation free energy
   1      0         -3.56813           0.11187           0.00297
   1     60         -3.58937           0.11191          -0.01827
   1     80         -3.77095           0.11222          -0.19985
   1    100         -4.44685           0.11265          -0.87575
   2      0         -3.56932           0.11601           0.00178
   3      0         -3.57110           0.11831           0.00000
   4      0         -3.57260           0.12042          -0.00150
   5      0         -3.57024           0.11744           0.00086
   5     60         -3.59908           0.11748          -0.02798
   5     80         -3.82629           0.11783          -0.25519
   5    100         -4.45116           0.11827          -0.88007
 
  contribution from  1-th solvent component
   1      0          0.01956           0.19156           0.00493
   1     60          0.02019           0.19157           0.00555
   1     80          0.02455           0.19165           0.00992
   1    100          0.03706           0.19205           0.02243
   2      0          0.01610           0.19614           0.00147
   3      0          0.01463           0.19864           0.00000
   4      0          0.01284           0.19883          -0.00179
   5      0          0.01490           0.19847           0.00027
   5     60          0.01572           0.19848           0.00108
   5     80          0.02080           0.19864           0.00617
   5    100          0.03151           0.19920           0.01687
 
  contribution from  2-th solvent component
   1      0         -0.73443           0.45595          -0.00585
   1     60         -0.73413           0.45597          -0.00555
   1     80         -0.73319           0.45617          -0.00461
   1    100         -0.73305           0.45693          -0.00448
   2      0         -0.72951           0.45538          -0.00093
   3      0         -0.72858           0.45620           0.00000
   4      0         -0.72938           0.45588          -0.00081
   5      0         -0.72621           0.45622           0.00237
   5     60         -0.72585           0.45625           0.00272
   5     80         -0.72506           0.45649           0.00352
   5    100         -0.72566           0.45719           0.00292
 
  contribution from  3-th solvent component
   1      0         -2.85314           0.42460           0.00389
   1     60         -2.87530           0.42456          -0.01827
   1     80         -3.06219           0.42449          -0.20516
   1    100         -3.75073           0.42606          -0.89370
   2      0         -2.85579           0.42492           0.00124
   3      0         -2.85703           0.42532           0.00000
   4      0         -2.85593           0.42265           0.00110
   5      0         -2.85881           0.42382          -0.00178
   5     60         -2.88882           0.42378          -0.03179
   5     80         -3.12191           0.42378          -0.26488
   5    100         -3.75689           0.42532          -0.89986
 
 
 group  inft   Estimated free energy: total (kcal/mol)
   1      0      -3.6066      -3.4916      -3.4811      -3.5274      -3.3577
                 -3.6400      -3.7261      -3.9379      -3.5765      -3.3362
   1     60      -3.6280      -3.5128      -3.5023      -3.5485      -3.3790
                 -3.6613      -3.7475      -3.9594      -3.5974      -3.3575
   1     80      -3.8104      -3.6942      -3.6842      -3.7294      -3.5602
                 -3.8434      -3.9296      -4.1421      -3.7773      -3.5386
   1    100      -4.4887      -4.3715      -4.3632      -4.4050      -4.2332
                 -4.5206      -4.6010      -4.8211      -4.4506      -4.2136
   2      0      -3.6077      -3.4898      -3.4691      -3.5218      -3.3642
                 -3.6557      -3.7244      -3.9555      -3.5803      -3.3246
   3      0      -3.6054      -3.4965      -3.4732      -3.5232      -3.3678
                 -3.6593      -3.7174      -3.9708      -3.5831      -3.3144
   4      0      -3.6035      -3.4965      -3.4617      -3.5243      -3.3712
                 -3.6613      -3.7410      -3.9742      -3.5781      -3.3141
   5      0      -3.6054      -3.5025      -3.4631      -3.5262      -3.3652
                 -3.6569      -3.7323      -3.9520      -3.5916      -3.3074
   5     60      -3.6344      -3.5312      -3.4920      -3.5548      -3.3941
                 -3.6858      -3.7613      -3.9810      -3.6199      -3.3362
   5     80      -3.8628      -3.7582      -3.7197      -3.7814      -3.6208
                 -3.9138      -3.9887      -4.2097      -3.8451      -3.5628
   5    100      -4.4900      -4.3845      -4.3472      -4.4060      -4.2430
                 -4.5404      -4.6087      -4.8378      -4.4678      -4.1864
 
 group  inft   Estimated free energy: 1-th solvent contribution (kcal/mol)
   1      0      -0.4662       0.1219       0.3746       0.4831      -0.2384
                 -0.2156       0.0766      -0.2405       0.0742       0.2258
   1     60      -0.4656       0.1226       0.3752       0.4838      -0.2378
                 -0.2150       0.0773      -0.2399       0.0750       0.2264
   1     80      -0.4618       0.1272       0.3793       0.4882      -0.2337
                 -0.2107       0.0819      -0.2355       0.0800       0.2306
   1    100      -0.4512       0.1407       0.3914       0.5015      -0.2219
                 -0.1988       0.0948      -0.2232       0.0945       0.2429
   2      0      -0.4716       0.1258       0.3806       0.4887      -0.2430
                 -0.2322       0.0721      -0.2616       0.0674       0.2347
   3      0      -0.4735       0.1217       0.3845       0.4889      -0.2467
                 -0.2428       0.0792      -0.2736       0.0660       0.2426
   4      0      -0.4686       0.1220       0.3903       0.4874      -0.2494
                 -0.2494       0.0659      -0.2748       0.0634       0.2416
   5      0      -0.4685       0.1189       0.3849       0.4890      -0.2474
                 -0.2459       0.0752      -0.2705       0.0617       0.2517
   5     60      -0.4678       0.1198       0.3856       0.4898      -0.2467
                 -0.2451       0.0761      -0.2697       0.0627       0.2524
   5     80      -0.4635       0.1252       0.3906       0.4950      -0.2421
                 -0.2404       0.0817      -0.2647       0.0687       0.2574
   5    100      -0.4549       0.1370       0.4013       0.5066      -0.2323
                 -0.2308       0.0931      -0.2547       0.0815       0.2682
 
 group  inft   Estimated free energy: 2-th solvent contribution (kcal/mol)
   1      0      -0.4574      -0.2427      -0.4629      -0.8463      -0.5349
                 -0.3168      -2.6502      -1.0809      -0.4517      -0.3005
   1     60      -0.4572      -0.2424      -0.4626      -0.8460      -0.5345
                 -0.3165      -2.6500      -1.0807      -0.4513      -0.3002
   1     80      -0.4565      -0.2413      -0.4621      -0.8450      -0.5326
                 -0.3155      -2.6497      -1.0805      -0.4500      -0.2987
   1    100      -0.4578      -0.2408      -0.4634      -0.8456      -0.5293
                 -0.3150      -2.6522      -1.0826      -0.4486      -0.2951
   2      0      -0.4499      -0.2426      -0.4561      -0.8434      -0.5359
                 -0.3120      -2.6426      -1.0750      -0.4446      -0.2930
   3      0      -0.4442      -0.2453      -0.4612      -0.8449      -0.5325
                 -0.3027      -2.6438      -1.0774      -0.4441      -0.2897
   4      0      -0.4487      -0.2474      -0.4607      -0.8449      -0.5357
                 -0.3030      -2.6430      -1.0791      -0.4413      -0.2901
   5      0      -0.4463      -0.2498      -0.4536      -0.8442      -0.5296
                 -0.2967      -2.6451      -1.0639      -0.4425      -0.2905
   5     60      -0.4460      -0.2494      -0.4532      -0.8438      -0.5291
                 -0.2963      -2.6448      -1.0636      -0.4421      -0.2901
   5     80      -0.4455      -0.2485      -0.4530      -0.8430      -0.5272
                 -0.2955      -2.6449      -1.0637      -0.4408      -0.2884
   5    100      -0.4474      -0.2489      -0.4550      -0.8443      -0.5248
                 -0.2959      -2.6479      -1.0662      -0.4405      -0.2857
 
 group  inft   Estimated free energy: 3-th solvent contribution (kcal/mol)
   1      0      -2.6829      -3.3708      -3.3926      -3.1641      -2.5844
                 -3.1075      -1.1524      -2.6164      -3.1990      -3.2614
   1     60      -2.7051      -3.3929      -3.4147      -3.1862      -2.6066
                 -3.1297      -1.1747      -2.6386      -3.2210      -3.2835
   1     80      -2.8920      -3.5799      -3.6014      -3.3725      -2.7937
                 -3.3170      -1.3617      -2.8260      -3.4072      -3.4705
   1    100      -3.5795      -4.2712      -4.2911      -4.0608      -3.4818
                 -4.0066      -2.0435      -3.5152      -4.0964      -4.1613
   2      0      -2.6861      -3.3729      -3.3935      -3.1670      -2.5852
                 -3.1114      -1.1538      -2.6187      -3.2029      -3.2662
   3      0      -2.6876      -3.3728      -3.3964      -3.1671      -2.5885
                 -3.1137      -1.1526      -2.6197      -3.2048      -3.2672
   4      0      -2.6861      -3.3710      -3.3912      -3.1667      -2.5859
                 -3.1088      -1.1638      -2.6202      -3.2001      -3.2655
   5      0      -2.6905      -3.3715      -3.3943      -3.1708      -2.5880
                 -3.1141      -1.1624      -2.6175      -3.2106      -3.2684
   5     60      -2.7206      -3.4015      -3.4243      -3.2007      -2.6181
                 -3.1443      -1.1925      -2.6476      -3.2404      -3.2984
   5     80      -2.9536      -3.6348      -3.6572      -3.4332      -2.8514
                 -3.3778      -1.4253      -2.8812      -3.4729      -3.5316
   5    100      -3.5875      -4.2724      -4.2933      -4.0682      -3.4858
                 -4.0136      -2.0538      -3.5167      -4.1087      -4.1687
 
 
 cumulative average & 95% error for solvation free energy
              total             1st component         2nd component         3rd component
  1    -3.6054               -0.4735               -0.4442               -2.6876
  2    -3.5510     0.1089    -0.1759     0.5952    -0.3448     0.1990    -3.0302     0.6852
  3    -3.5250     0.0815     0.0109     0.5076    -0.3836     0.1386    -3.1522     0.4649
  4    -3.5246     0.0576     0.1304     0.4312    -0.4989     0.2506    -3.1559     0.3288
  5    -3.4932     0.0770     0.0550     0.3665    -0.5056     0.1946    -3.0425     0.3411
  6    -3.5209     0.0838     0.0054     0.3153    -0.4718     0.1727    -3.0543     0.2796
  7    -3.5490     0.0903     0.0159     0.2673    -0.7821     0.6375    -2.7827     0.5925
  8    -3.6017     0.1313    -0.0203     0.2425    -0.8190     0.5570    -2.7623     0.5147
  9    -3.5996     0.1159    -0.0107     0.2147    -0.7773     0.4983    -2.8115     0.4645
 10    -3.5711     0.1183     0.0146     0.1986    -0.7286     0.4562    -2.8570     0.4253
