 ERmod 0.3.7, Copyright (C) 2000-2019 Nobuyuki Matubayasi
                            2010-2019 Shun Sakuraba
 ERmod comes with ABSOLUTELY NO WARRANTY.
 This is free software, and you can redistribute it
 and/or modify it under certain conditions.
 See LICENSE file for details.
 ERmod 0.3.7, Copyright (C) 2000-2019 Nobuyuki Matubayasi
                            2010-2019 Shun Sakuraba
 ERmod comes with ABSOLUTELY NO WARRANTY.
 This is free software, and you can redistribute it
 and/or modify it under certain conditions.
 See LICENSE file for details.
 
  Number of the   1-th solvent  =           90
  Number of the   2-th solvent  =           90
  Number of the   3-th solvent  =        10000
 
  Be sure that the solvent distribution is homogeneous (radial distribution function is essentially unity) when the solvent molecule is separated beyond distance of   10.0 Angstrom in any direction from any atom within the solute molecule
 
  LJ long-range correction    =        -0.0033     -0.0087     -0.3471
 
  Self-energy of the solute   =         0.0000  kcal/mol
 
 
 cumulative average & 95% error for solvation energy
              total             1st component         2nd component         3rd component
  1    -9.2067                0.0661               -0.2434               -9.0294
  2    -9.1984     0.0165     0.0762     0.0202    -0.2364     0.0140    -9.0383     0.0177
  3    -9.1904     0.0187     0.0769     0.0118    -0.2285     0.0177    -9.0388     0.0103
  4    -9.1915     0.0134     0.0754     0.0088    -0.2273     0.0127    -9.0395     0.0074
  5    -9.1881     0.0124     0.0757     0.0069    -0.2309     0.0121    -9.0329     0.0144
  6    -9.1904     0.0111     0.0751     0.0057    -0.2339     0.0116    -9.0316     0.0120
  7    -9.1828     0.0178     0.0750     0.0048    -0.2254     0.0197    -9.0324     0.0103
  8    -9.1824     0.0154     0.0749     0.0042    -0.2219     0.0184    -9.0354     0.0107
  9    -9.1858     0.0152     0.0724     0.0062    -0.2236     0.0166    -9.0346     0.0096
 10    -9.1828     0.0148     0.0733     0.0059    -0.2180     0.0185    -9.0381     0.0111
 
 
 group  inft  solvation free energy     error          difference
  total solvation free energy
   1      0          2.92846           0.01612          -0.00155
   1     60          2.91715           0.01617          -0.01285
   1     80          2.81953           0.01663          -0.11047
   1    100          2.44747           0.01834          -0.48254
   2      0          2.92078           0.01577          -0.00922
   3      0          2.93000           0.01557           0.00000
   4      0          2.91423           0.01521          -0.01577
   5      0          2.97004           0.01521           0.04004
   5     60          2.95462           0.01528           0.02462
   5     80          2.83083           0.01584          -0.09917
   5    100          2.48273           0.01739          -0.44727
 
  contribution from  1-th solvent component
   1      0          0.15100           0.00538           0.00203
   1     60          0.15102           0.00539           0.00205
   1     80          0.15114           0.00563           0.00218
   1    100          0.15072           0.00659           0.00175
   2      0          0.14953           0.00509           0.00056
   3      0          0.14897           0.00511           0.00000
   4      0          0.14824           0.00506          -0.00072
   5      0          0.14861           0.00515          -0.00036
   5     60          0.14862           0.00518          -0.00035
   5     80          0.14857           0.00546          -0.00040
   5    100          0.14773           0.00631          -0.00124
 
  contribution from  2-th solvent component
   1      0         -0.09574           0.01674           0.00245
   1     60         -0.09573           0.01678           0.00246
   1     80         -0.09593           0.01714           0.00227
   1    100         -0.09716           0.01840           0.00103
   2      0         -0.09772           0.01628           0.00047
   3      0         -0.09819           0.01615          -0.00000
   4      0         -0.09884           0.01603          -0.00065
   5      0         -0.09945           0.01574          -0.00126
   5     60         -0.09946           0.01580          -0.00126
   5     80         -0.09982           0.01624          -0.00163
   5    100         -0.10118           0.01743          -0.00299
 
  contribution from  3-th solvent component
   1      0          2.87317           0.00672          -0.00603
   1     60          2.86184           0.00672          -0.01736
   1     80          2.76429           0.00678          -0.11492
   1    100          2.39388           0.00702          -0.48532
   2      0          2.86895           0.00655          -0.01025
   3      0          2.87920           0.00636           0.00000
   4      0          2.86480           0.00646          -0.01441
   5      0          2.92086           0.00601           0.04166
   5     60          2.90544           0.00602           0.02624
   5     80          2.78205           0.00609          -0.09715
   5    100          2.43616           0.00630          -0.44305
 
 
 group  inft   Estimated free energy: total (kcal/mol)
   1      0       2.8955       2.9346       2.9190       2.9090       2.9286
                  2.9151       2.9771       2.9321       2.9088       2.9647
   1     60       2.8840       2.9234       2.9076       2.8977       2.9173
                  2.9038       2.9659       2.9209       2.8974       2.9535
   1     80       2.7855       2.8263       2.8097       2.7996       2.8194
                  2.8057       2.8691       2.8235       2.7990       2.8574
   1    100       2.4100       2.4570       2.4362       2.4252       2.4462
                  2.4326       2.5003       2.4526       2.4239       2.4906
   2      0       2.8902       2.9260       2.9102       2.9003       2.9219
                  2.9083       2.9683       2.9243       2.9014       2.9569
   3      0       2.8987       2.9346       2.9201       2.9103       2.9294
                  2.9190       2.9759       2.9353       2.9103       2.9664
   4      0       2.8838       2.9183       2.9025       2.8960       2.9148
                  2.9037       2.9587       2.9189       2.8950       2.9505
   5      0       2.9388       2.9736       2.9594       2.9552       2.9695
                  2.9575       3.0163       2.9757       2.9503       3.0041
   5     60       2.9232       2.9583       2.9439       2.9397       2.9540
                  2.9421       3.0010       2.9604       2.9348       2.9889
   5     80       2.7983       2.8353       2.8197       2.8151       2.8298
                  2.8179       2.8783       2.8369       2.8100       2.8669
   5    100       2.4472       2.4898       2.4703       2.4646       2.4804
                  2.4692       2.5332       2.4899       2.4592       2.5236
 
 group  inft   Estimated free energy: 1-th solvent contribution (kcal/mol)
   1      0       0.1455       0.1706       0.1522       0.1467       0.1540
                  0.1524       0.1470       0.1511       0.1374       0.1532
   1     60       0.1455       0.1707       0.1522       0.1467       0.1540
                  0.1524       0.1470       0.1511       0.1374       0.1532
   1     80       0.1453       0.1717       0.1525       0.1466       0.1540
                  0.1526       0.1470       0.1513       0.1370       0.1535
   1    100       0.1434       0.1750       0.1524       0.1451       0.1534
                  0.1523       0.1461       0.1512       0.1346       0.1539
   2      0       0.1445       0.1678       0.1496       0.1451       0.1528
                  0.1511       0.1461       0.1499       0.1364       0.1520
   3      0       0.1435       0.1672       0.1494       0.1445       0.1513
                  0.1507       0.1458       0.1496       0.1357       0.1519
   4      0       0.1431       0.1664       0.1485       0.1439       0.1514
                  0.1497       0.1450       0.1489       0.1351       0.1506
   5      0       0.1434       0.1672       0.1493       0.1444       0.1515
                  0.1501       0.1453       0.1491       0.1352       0.1506
   5     60       0.1433       0.1673       0.1493       0.1444       0.1515
                  0.1501       0.1453       0.1491       0.1352       0.1507
   5     80       0.1428       0.1684       0.1494       0.1440       0.1513
                  0.1501       0.1451       0.1492       0.1345       0.1508
   5    100       0.1407       0.1709       0.1488       0.1422       0.1502
                  0.1493       0.1439       0.1486       0.1321       0.1507
 
 group  inft   Estimated free energy: 2-th solvent contribution (kcal/mol)
   1      0      -0.1164      -0.1087      -0.0977      -0.1031      -0.1182
                 -0.1190      -0.0508      -0.0847      -0.1106      -0.0483
   1     60      -0.1164      -0.1087      -0.0977      -0.1031      -0.1182
                 -0.1191      -0.0507      -0.0846      -0.1106      -0.0482
   1     80      -0.1170      -0.1093      -0.0981      -0.1034      -0.1188
                 -0.1197      -0.0501      -0.0847      -0.1111      -0.0472
   1    100      -0.1195      -0.1117      -0.0999      -0.1052      -0.1215
                 -0.1225      -0.0483      -0.0854      -0.1135      -0.0442
   2      0      -0.1181      -0.1101      -0.0993      -0.1054      -0.1195
                 -0.1200      -0.0541      -0.0875      -0.1120      -0.0513
   3      0      -0.1183      -0.1101      -0.0998      -0.1062      -0.1199
                 -0.1202      -0.0558      -0.0881      -0.1123      -0.0513
   4      0      -0.1184      -0.1110      -0.1004      -0.1067      -0.1203
                 -0.1204      -0.0569      -0.0888      -0.1135      -0.0520
   5      0      -0.1192      -0.1111      -0.1014      -0.1068      -0.1204
                 -0.1211      -0.0572      -0.0892      -0.1133      -0.0547
   5     60      -0.1192      -0.1112      -0.1015      -0.1068      -0.1205
                 -0.1211      -0.0571      -0.0892      -0.1134      -0.0545
   5     80      -0.1200      -0.1120      -0.1021      -0.1074      -0.1214
                 -0.1220      -0.0563      -0.0894      -0.1141      -0.0534
   5    100      -0.1226      -0.1144      -0.1040      -0.1094      -0.1241
                 -0.1248      -0.0549      -0.0903      -0.1166      -0.0507
 
 group  inft   Estimated free energy: 3-th solvent contribution (kcal/mol)
   1      0       2.8663       2.8727       2.8645       2.8653       2.8928
                  2.8817       2.8809       2.8657       2.8820       2.8598
   1     60       2.8549       2.8614       2.8531       2.8540       2.8815
                  2.8704       2.8696       2.8544       2.8707       2.8485
   1     80       2.7571       2.7639       2.7553       2.7564       2.7842
                  2.7728       2.7721       2.7568       2.7731       2.7510
   1    100       2.3861       2.3937       2.3836       2.3853       2.4143
                  2.4028       2.4025       2.3868       2.4028       2.3808
   2      0       2.8637       2.8683       2.8598       2.8606       2.8886
                  2.8773       2.8762       2.8619       2.8770       2.8562
   3      0       2.8735       2.8774       2.8705       2.8720       2.8979
                  2.8885       2.8858       2.8737       2.8869       2.8658
   4      0       2.8591       2.8629       2.8545       2.8588       2.8837
                  2.8743       2.8706       2.8587       2.8734       2.8519
   5      0       2.9145       2.9175       2.9115       2.9175       2.9384
                  2.9285       2.9282       2.9158       2.9284       2.9082
   5     60       2.8991       2.9021       2.8961       2.9021       2.9230
                  2.9131       2.9128       2.9004       2.9129       2.8927
   5     80       2.7755       2.7788       2.7724       2.7785       2.7999
                  2.7899       2.7895       2.7771       2.7896       2.7695
   5    100       2.4291       2.4333       2.4254       2.4318       2.4543
                  2.4446       2.4441       2.4315       2.4437       2.4237
 
 
 cumulative average & 95% error for solvation free energy
              total             1st component         2nd component         3rd component
  1     2.8987                0.1435               -0.1183                2.8735
  2     2.9167     0.0359     0.1554     0.0237    -0.1142     0.0083     2.8755     0.0039
  3     2.9178     0.0209     0.1534     0.0143    -0.1094     0.0107     2.8738     0.0040
  4     2.9159     0.0152     0.1512     0.0110    -0.1086     0.0077     2.8734     0.0030
  5     2.9186     0.0129     0.1512     0.0085    -0.1109     0.0075     2.8783     0.0101
  6     2.9187     0.0106     0.1511     0.0070    -0.1124     0.0069     2.8800     0.0089
  7     2.9269     0.0186     0.1503     0.0061    -0.1043     0.0172     2.8808     0.0077
  8     2.9279     0.0163     0.1503     0.0053    -0.1023     0.0154     2.8799     0.0069
  9     2.9260     0.0149     0.1486     0.0057    -0.1034     0.0138     2.8807     0.0063
 10     2.9300     0.0156     0.1490     0.0051    -0.0982     0.0161     2.8792     0.0064
