 ERmod 0.3.7, Copyright (C) 2000-2019 Nobuyuki Matubayasi
                            2010-2019 Shun Sakuraba
 ERmod comes with ABSOLUTELY NO WARRANTY.
 This is free software, and you can redistribute it
 and/or modify it under certain conditions.
 See LICENSE file for details.
 ERmod 0.3.7, Copyright (C) 2000-2019 Nobuyuki Matubayasi
                            2010-2019 Shun Sakuraba
 ERmod comes with ABSOLUTELY NO WARRANTY.
 This is free software, and you can redistribute it
 and/or modify it under certain conditions.
 See LICENSE file for details.
 
  Number of the   1-th solvent  =          180
  Number of the   2-th solvent  =          180
  Number of the   3-th solvent  =        10000
 
  Be sure that the solvent distribution is homogeneous (radial distribution function is essentially unity) when the solvent molecule is separated beyond distance of   10.0 Angstrom in any direction from any atom within the solute molecule
 
  LJ long-range correction    =        -0.0006     -0.0028     -0.1997
 
  Self-energy of the solute   =        -0.0001  kcal/mol
 
 
 cumulative average & 95% error for solvation energy
              total             1st component         2nd component         3rd component
  1   -18.3915               -0.5296               -1.4523              -16.4095
  2   -18.8990     1.0149    -0.9612     0.8634    -3.0125     3.1205   -14.9251     2.9689
  3   -18.8431     0.5966    -0.9712     0.4988    -2.6712     1.9267   -15.2006     1.8005
  4   -18.7629     0.4513    -0.9218     0.3663    -2.2675     1.5836   -15.5734     1.4754
  5   -18.6536     0.4123    -1.1506     0.5383    -1.8721     1.4595   -15.6308     1.1486
  6   -18.7268     0.3671    -1.2863     0.5166    -2.1100     1.2831   -15.3304     1.1138
  7   -18.6811     0.3234    -1.2751     0.4372    -1.8956     1.1661   -15.5102     1.0077
  8   -18.6667     0.2816    -1.1958     0.4105    -1.8129     1.0233   -15.6578     0.9212
  9   -18.6057     0.2766    -1.0828     0.4267    -1.6565     0.9551   -15.8662     0.9131
 10   -18.5702     0.2574    -1.0851     0.3817    -1.5457     0.8826   -15.9393     0.8297
 
 
 group  inft  solvation free energy     error          difference
  total solvation free energy
   1      0         -4.42762           0.10379           0.00917
   1     60         -4.45755           0.10383          -0.02076
   1     80         -4.61579           0.10392          -0.17900
   1    100         -5.01921           0.10375          -0.58242
   2      0         -4.43304           0.10649           0.00375
   3      0         -4.43679           0.10728           0.00000
   4      0         -4.43548           0.10662           0.00131
   5      0         -4.43957           0.10776          -0.00278
   5     60         -4.47851           0.10781          -0.04172
   5     80         -4.66636           0.10791          -0.22957
   5    100         -5.03326           0.10776          -0.59647
 
  contribution from  1-th solvent component
   1      0         -0.40404           0.20223           0.01054
   1     60         -0.40361           0.20224           0.01097
   1     80         -0.40145           0.20230           0.01314
   1    100         -0.39688           0.20246           0.01770
   2      0         -0.41280           0.20427           0.00178
   3      0         -0.41458           0.20551           0.00000
   4      0         -0.41719           0.20536          -0.00261
   5      0         -0.41681           0.20604          -0.00223
   5     60         -0.41630           0.20605          -0.00172
   5     80         -0.41415           0.20612           0.00043
   5    100         -0.41075           0.20630           0.00383
 
  contribution from  2-th solvent component
   1      0         -0.79914           0.40540          -0.00309
   1     60         -0.79896           0.40541          -0.00291
   1     80         -0.79864           0.40549          -0.00260
   1    100         -0.79900           0.40572          -0.00296
   2      0         -0.79594           0.40743           0.00010
   3      0         -0.79604           0.40903           0.00000
   4      0         -0.79768           0.40842          -0.00164
   5      0         -0.79618           0.40990          -0.00014
   5     60         -0.79603           0.40992           0.00002
   5     80         -0.79602           0.41003           0.00002
   5    100         -0.79701           0.41027          -0.00097
 
  contribution from  3-th solvent component
   1      0         -3.22431           0.41272           0.00173
   1     60         -3.25485           0.41273          -0.02881
   1     80         -3.41557           0.41304          -0.18953
   1    100         -3.82320           0.41426          -0.59716
   2      0         -3.22417           0.41300           0.00186
   3      0         -3.22604           0.41276           0.00000
   4      0         -3.22049           0.41301           0.00555
   5      0         -3.22645           0.41336          -0.00041
   5     60         -3.26605           0.41338          -0.04001
   5     80         -3.45606           0.41377          -0.23002
   5    100         -3.82537           0.41491          -0.59933
 
 
 group  inft   Estimated free energy: total (kcal/mol)
   1      0      -4.3268      -4.7125      -4.4681      -4.4944      -4.2167
                 -4.6038      -4.4298      -4.5138      -4.2196      -4.2907
   1     60      -4.3567      -4.7424      -4.4981      -4.5245      -4.2465
                 -4.6338      -4.4598      -4.5438      -4.2494      -4.3205
   1     80      -4.5149      -4.9001      -4.6566      -4.6837      -4.4038
                 -4.7915      -4.6189      -4.7026      -4.4072      -4.4784
   1    100      -4.9183      -5.3010      -5.0608      -5.0888      -4.8054
                 -5.1927      -5.0254      -5.1074      -4.8110      -4.8813
   2      0      -4.3347      -4.7248      -4.4650      -4.5012      -4.2156
                 -4.6076      -4.4403      -4.5309      -4.2105      -4.2998
   3      0      -4.3352      -4.7377      -4.4603      -4.5112      -4.2257
                 -4.6091      -4.4319      -4.5394      -4.2158      -4.3013
   4      0      -4.3479      -4.7275      -4.4543      -4.5027      -4.2213
                 -4.6122      -4.4389      -4.5418      -4.2113      -4.2967
   5      0      -4.3527      -4.7388      -4.4676      -4.5086      -4.2271
                 -4.6070      -4.4381      -4.5476      -4.2039      -4.3044
   5     60      -4.3916      -4.7776      -4.5067      -4.5478      -4.2659
                 -4.6459      -4.4771      -4.5867      -4.2426      -4.3432
   5     80      -4.5795      -4.9648      -4.6951      -4.7366      -4.4525
                 -4.8331      -4.6660      -4.7753      -4.4300      -4.5307
   5    100      -4.9464      -5.3293      -5.0628      -5.1048      -4.8176
                 -5.1982      -5.0356      -5.1435      -4.7972      -4.8972
 
 group  inft   Estimated free energy: 1-th solvent contribution (kcal/mol)
   1      0      -0.1078      -0.5358      -0.3668      -0.3016      -0.9326
                 -0.8413      -0.4799      -0.2039       0.1314      -0.4022
   1     60      -0.1073      -0.5354      -0.3664      -0.3011      -0.9321
                 -0.8409      -0.4795      -0.2035       0.1320      -0.4017
   1     80      -0.1048      -0.5336      -0.3644      -0.2991      -0.9296
                 -0.8388      -0.4777      -0.2015       0.1347      -0.3996
   1    100      -0.0996      -0.5299      -0.3602      -0.2947      -0.9243
                 -0.8346      -0.4738      -0.1971       0.1405      -0.3951
   2      0      -0.1123      -0.5425      -0.3738      -0.3123      -0.9444
                 -0.8501      -0.4949      -0.2167       0.1360      -0.4170
   3      0      -0.1116      -0.5418      -0.3763      -0.3169      -0.9523
                 -0.8507      -0.4942      -0.2194       0.1399      -0.4227
   4      0      -0.1212      -0.5473      -0.3730      -0.3131      -0.9569
                 -0.8501      -0.4989      -0.2243       0.1386      -0.4256
   5      0      -0.1204      -0.5438      -0.3794      -0.3166      -0.9602
                 -0.8478      -0.4954      -0.2252       0.1451      -0.4244
   5     60      -0.1198      -0.5433      -0.3789      -0.3162      -0.9597
                 -0.8473      -0.4950      -0.2247       0.1457      -0.4239
   5     80      -0.1174      -0.5415      -0.3769      -0.3142      -0.9571
                 -0.8453      -0.4932      -0.2228       0.1486      -0.4218
   5    100      -0.1133      -0.5389      -0.3738      -0.3110      -0.9530
                 -0.8422      -0.4904      -0.2198       0.1534      -0.4186
 
 group  inft   Estimated free energy: 2-th solvent contribution (kcal/mol)
   1      0      -0.7764      -2.1540      -1.0210      -0.6274      -0.1065
                 -1.5921      -0.3874      -0.7260      -0.2680      -0.3327
   1     60      -0.7763      -2.1537      -1.0209      -0.6272      -0.1063
                 -1.5920      -0.3872      -0.7258      -0.2678      -0.3324
   1     80      -0.7761      -2.1534      -1.0209      -0.6271      -0.1056
                 -1.5919      -0.3870      -0.7255      -0.2674      -0.3316
   1    100      -0.7765      -2.1538      -1.0223      -0.6278      -0.1054
                 -1.5930      -0.3874      -0.7257      -0.2674      -0.3306
   2      0      -0.7794      -2.1614      -1.0111      -0.6231      -0.0960
                 -1.5865      -0.3813      -0.7295      -0.2628      -0.3283
   3      0      -0.7803      -2.1718      -1.0008      -0.6266      -0.0927
                 -1.5864      -0.3747      -0.7335      -0.2692      -0.3245
   4      0      -0.7859      -2.1655      -1.0072      -0.6300      -0.0933
                 -1.5906      -0.3796      -0.7345      -0.2683      -0.3221
   5      0      -0.7893      -2.1721      -1.0042      -0.6235      -0.0919
                 -1.5870      -0.3719      -0.7365      -0.2619      -0.3234
   5     60      -0.7892      -2.1720      -1.0041      -0.6234      -0.0916
                 -1.5870      -0.3718      -0.7364      -0.2617      -0.3231
   5     80      -0.7894      -2.1720      -1.0046      -0.6235      -0.0912
                 -1.5873      -0.3717      -0.7364      -0.2616      -0.3224
   5    100      -0.7906      -2.1731      -1.0068      -0.6247      -0.0916
                 -1.5889      -0.3726      -0.7373      -0.2624      -0.3221
 
 group  inft   Estimated free energy: 3-th solvent contribution (kcal/mol)
   1      0      -3.4425      -2.0226      -3.0801      -3.5653      -3.1775
                 -2.1703      -3.5624      -3.5838      -4.0829      -3.5557
   1     60      -3.4731      -2.0531      -3.1107      -3.5960      -3.2080
                 -2.2008      -3.5930      -3.6144      -4.1134      -3.5862
   1     80      -3.6339      -2.2130      -3.2712      -3.7573      -3.3685
                 -2.3605      -3.7542      -3.7755      -4.2744      -3.7471
   1    100      -4.0420      -2.6171      -3.6781      -4.1662      -3.7755
                 -2.7650      -4.1641      -4.1844      -4.6839      -4.1555
   2      0      -3.4428      -2.0208      -3.0800      -3.5657      -3.1751
                 -2.1709      -3.5640      -3.5845      -4.0835      -3.5543
   3      0      -3.4432      -2.0241      -3.0831      -3.5677      -3.1807
                 -2.1720      -3.5629      -3.5864      -4.0864      -3.5540
   4      0      -3.4408      -2.0146      -3.0740      -3.5595      -3.1710
                 -2.1714      -3.5603      -3.5828      -4.0815      -3.5489
   5      0      -3.4429      -2.0227      -3.0839      -3.5683      -3.1749
                 -2.1720      -3.5706      -3.5857      -4.0869      -3.5565
   5     60      -3.4824      -2.0622      -3.1235      -3.6081      -3.2144
                 -2.2115      -3.6103      -3.6254      -4.1265      -3.5961
   5     80      -3.6726      -2.2512      -3.3134      -3.7988      -3.4041
                 -2.4004      -3.8010      -3.8159      -4.3169      -3.7864
   5    100      -4.0423      -2.6172      -3.6821      -4.1690      -3.7728
                 -2.7669      -4.1725      -4.1863      -4.6882      -4.1564
 
 
 cumulative average & 95% error for solvation free energy
              total             1st component         2nd component         3rd component
  1    -4.3352               -0.1116               -0.7803               -3.4432
  2    -4.5365     0.4025    -0.3267     0.4302    -1.4760     1.3915    -2.7336     1.4192
  3    -4.5111     0.2379    -0.3432     0.2506    -1.3176     0.8636    -2.8501     0.8518
  4    -4.5111     0.1682    -0.3366     0.1777    -1.1449     0.7016    -3.0295     0.7011
  5    -4.4541     0.1732    -0.4598     0.2821    -0.9344     0.6874    -3.0597     0.5464
  6    -4.4799     0.1506    -0.5249     0.2646    -1.0431     0.6019    -2.9118     0.5354
  7    -4.4730     0.1280    -0.5205     0.2238    -0.9476     0.5433    -3.0048     0.4892
  8    -4.4813     0.1121    -0.4829     0.2079    -0.9208     0.4736    -3.0775     0.4479
  9    -4.4518     0.1151    -0.4137     0.2298    -0.8484     0.4420    -3.1896     0.4542
 10    -4.4368     0.1073    -0.4146     0.2055    -0.7960     0.4090    -3.2260     0.4128
