 ERmod 0.3.7, Copyright (C) 2000-2019 Nobuyuki Matubayasi
                            2010-2019 Shun Sakuraba
 ERmod comes with ABSOLUTELY NO WARRANTY.
 This is free software, and you can redistribute it
 and/or modify it under certain conditions.
 See LICENSE file for details.
 ERmod 0.3.7, Copyright (C) 2000-2019 Nobuyuki Matubayasi
                            2010-2019 Shun Sakuraba
 ERmod comes with ABSOLUTELY NO WARRANTY.
 This is free software, and you can redistribute it
 and/or modify it under certain conditions.
 See LICENSE file for details.
 
  Number of the   1-th solvent  =          180
  Number of the   2-th solvent  =          180
  Number of the   3-th solvent  =        10000
 
  Be sure that the solvent distribution is homogeneous (radial distribution function is essentially unity) when the solvent molecule is separated beyond distance of   10.0 Angstrom in any direction from any atom within the solute molecule
 
  LJ long-range correction    =        -0.0068     -0.0064     -0.4614
 
  Self-energy of the solute   =         0.0000  kcal/mol
 
 
 cumulative average & 95% error for solvation energy
              total             1st component         2nd component         3rd component
  1   -11.5304                0.2759               -0.3823              -11.4240
  2   -11.5340     0.0071     0.2596     0.0325    -0.3828     0.0009   -11.4109     0.0263
  3   -11.5293     0.0102     0.2603     0.0188    -0.3828     0.0005   -11.4068     0.0172
  4   -11.5176     0.0245     0.2618     0.0136    -0.3783     0.0091   -11.4012     0.0166
  5   -11.5169     0.0190     0.2650     0.0123    -0.3786     0.0071   -11.4033     0.0136
  6   -11.5069     0.0254     0.2661     0.0103    -0.3740     0.0108   -11.3989     0.0140
  7   -11.5242     0.0407     0.2500     0.0333    -0.3765     0.0104   -11.3977     0.0121
  8   -11.5200     0.0362     0.2517     0.0290    -0.3751     0.0095   -11.3967     0.0107
  9   -11.5125     0.0353     0.2572     0.0279    -0.3744     0.0085   -11.3954     0.0098
 10   -11.5151     0.0320     0.2565     0.0250    -0.3756     0.0080   -11.3960     0.0088
 
 
 group  inft  solvation free energy     error          difference
  total solvation free energy
   1      0          3.67043           0.03779           0.01178
   1     60          3.65889           0.03789           0.00023
   1     80          3.55174           0.03887          -0.10692
   1    100          3.10206           0.04330          -0.55660
   2      0          3.65681           0.03816          -0.00185
   3      0          3.65866           0.03856           0.00000
   4      0          3.63476           0.03857          -0.02390
   5      0          3.68351           0.03730           0.02486
   5     60          3.66751           0.03744           0.00886
   5     80          3.52889           0.03873          -0.12977
   5    100          3.10574           0.04295          -0.55292
 
  contribution from  1-th solvent component
   1      0          0.42929           0.03022           0.00355
   1     60          0.42936           0.03028           0.00362
   1     80          0.43008           0.03111           0.00434
   1    100          0.43129           0.03497           0.00556
   2      0          0.42655           0.02925           0.00082
   3      0          0.42574           0.02920           0.00000
   4      0          0.42466           0.02900          -0.00107
   5      0          0.42426           0.02896          -0.00148
   5     60          0.42433           0.02905          -0.00141
   5     80          0.42490           0.03011          -0.00084
   5    100          0.42514           0.03368          -0.00060
 
  contribution from  2-th solvent component
   1      0         -0.27962           0.02568           0.00237
   1     60         -0.27918           0.02572           0.00281
   1     80         -0.27680           0.02613           0.00520
   1    100         -0.27058           0.02812           0.01142
   2      0         -0.28164           0.02538           0.00035
   3      0         -0.28200           0.02523           0.00000
   4      0         -0.28266           0.02522          -0.00066
   5      0         -0.28321           0.02482          -0.00121
   5     60         -0.28265           0.02487          -0.00066
   5     80         -0.27994           0.02542           0.00206
   5    100         -0.27447           0.02735           0.00753
 
  contribution from  3-th solvent component
   1      0          3.52073           0.00853           0.00585
   1     60          3.50868           0.00854          -0.00621
   1     80          3.39842           0.00870          -0.11646
   1    100          2.94131           0.00933          -0.57357
   2      0          3.51186           0.00917          -0.00302
   3      0          3.51488           0.00916           0.00000
   4      0          3.49272           0.00956          -0.02216
   5      0          3.54243           0.00846           0.02755
   5     60          3.52580           0.00849           0.01092
   5     80          3.38389           0.00870          -0.13099
   5    100          2.95504           0.00929          -0.55984
 
 
 group  inft   Estimated free energy: total (kcal/mol)
   1      0       3.6360       3.6192       3.6621       3.7011       3.6776
                  3.7783       3.6045       3.6655       3.7544       3.6057
   1     60       3.6244       3.6075       3.6505       3.6896       3.6661
                  3.7670       3.5927       3.6539       3.7431       3.5940
   1     80       3.5168       3.4987       3.5434       3.5832       3.5600
                  3.6618       3.4832       3.5467       3.6385       3.4850
   1    100       3.0648       3.0405       3.0935       3.1375       3.1156
                  3.2200       3.0237       3.0972       3.2010       3.0268
   2      0       3.6166       3.6090       3.6505       3.6914       3.6630
                  3.7675       3.5817       3.6535       3.7361       3.5986
   3      0       3.6191       3.6112       3.6518       3.6948       3.6639
                  3.7703       3.5774       3.6565       3.7375       3.6042
   4      0       3.5932       3.5894       3.6290       3.6721       3.6394
                  3.7473       3.5543       3.6317       3.7121       3.5790
   5      0       3.6488       3.6344       3.6739       3.7146       3.6931
                  3.7923       3.6129       3.6776       3.7627       3.6249
   5     60       3.6327       3.6182       3.6579       3.6987       3.6771
                  3.7766       3.5966       3.6615       3.7470       3.6087
   5     80       3.4935       3.4773       3.5191       3.5612       3.5400
                  3.6404       3.4549       3.5229       3.6119       3.4677
   5    100       3.0684       3.0459       3.0951       3.1420       3.1221
                  3.2245       3.0227       3.1000       3.2004       3.0363
 
 group  inft   Estimated free energy: 1-th solvent contribution (kcal/mol)
   1      0       0.4456       0.4062       0.4216       0.4175       0.4646
                  0.4126       0.3591       0.4180       0.5409       0.4067
   1     60       0.4457       0.4062       0.4216       0.4176       0.4647
                  0.4127       0.3590       0.4181       0.5412       0.4067
   1     80       0.4468       0.4058       0.4222       0.4181       0.4666
                  0.4132       0.3580       0.4186       0.5450       0.4065
   1    100       0.4500       0.4018       0.4226       0.4182       0.4738
                  0.4133       0.3513       0.4185       0.5600       0.4033
   2      0       0.4423       0.4037       0.4179       0.4166       0.4607
                  0.4116       0.3573       0.4163       0.5340       0.4051
   3      0       0.4411       0.4028       0.4172       0.4157       0.4606
                  0.4120       0.3559       0.4156       0.5325       0.4040
   4      0       0.4395       0.4013       0.4157       0.4146       0.4586
                  0.4111       0.3558       0.4148       0.5313       0.4039
   5      0       0.4402       0.4011       0.4156       0.4145       0.4587
                  0.4096       0.3558       0.4141       0.5304       0.4027
   5     60       0.4403       0.4010       0.4156       0.4145       0.4589
                  0.4097       0.3557       0.4141       0.5308       0.4027
   5     80       0.4414       0.4002       0.4159       0.4148       0.4610
                  0.4100       0.3542       0.4144       0.5352       0.4020
   5    100       0.4437       0.3954       0.4152       0.4140       0.4667
                  0.4091       0.3474       0.4133       0.5483       0.3981
 
 group  inft   Estimated free energy: 2-th solvent contribution (kcal/mol)
   1      0      -0.3110      -0.2988      -0.2887      -0.2494      -0.3031
                 -0.1787      -0.2821      -0.2684      -0.3111      -0.3048
   1     60      -0.3106      -0.2984      -0.2883      -0.2489      -0.3027
                 -0.1781      -0.2817      -0.2680      -0.3107      -0.3044
   1     80      -0.3088      -0.2965      -0.2860      -0.2457      -0.3005
                 -0.1743      -0.2796      -0.2653      -0.3087      -0.3025
   1    100      -0.3059      -0.2929      -0.2801      -0.2353      -0.2951
                 -0.1611      -0.2745      -0.2575      -0.3048      -0.2985
   2      0      -0.3126      -0.2998      -0.2902      -0.2509      -0.3051
                 -0.1821      -0.2859      -0.2710      -0.3139      -0.3051
   3      0      -0.3123      -0.2994      -0.2901      -0.2501      -0.3060
                 -0.1838      -0.2869      -0.2708      -0.3150      -0.3056
   4      0      -0.3131      -0.2993      -0.2903      -0.2508      -0.3074
                 -0.1844      -0.2881      -0.2718      -0.3155      -0.3059
   5      0      -0.3132      -0.3024      -0.2943      -0.2544      -0.3041
                 -0.1854      -0.2839      -0.2730      -0.3141      -0.3075
   5     60      -0.3127      -0.3019      -0.2937      -0.2538      -0.3035
                 -0.1846      -0.2834      -0.2724      -0.3135      -0.3070
   5     80      -0.3108      -0.2998      -0.2912      -0.2500      -0.3010
                 -0.1799      -0.2811      -0.2693      -0.3113      -0.3050
   5    100      -0.3084      -0.2968      -0.2863      -0.2404      -0.2962
                 -0.1677      -0.2768      -0.2624      -0.3077      -0.3019
 
 group  inft   Estimated free energy: 3-th solvent contribution (kcal/mol)
   1      0       3.5013       3.5117       3.5292       3.5330       3.5161
                  3.5444       3.5274       3.5158       3.5246       3.5037
   1     60       3.4892       3.4997       3.5171       3.5209       3.5041
                  3.5325       3.5154       3.5038       3.5125       3.4916
   1     80       3.3788       3.3894       3.4072       3.4109       3.3938
                  3.4228       3.4048       3.3934       3.4022       3.3810
   1    100       2.9206       2.9316       2.9509       2.9545       2.9369
                  2.9677       2.9469       2.9362       2.9457       2.9220
   2      0       3.4869       3.5050       3.5228       3.5257       3.5073
                  3.5380       3.5103       3.5081       3.5160       3.4986
   3      0       3.4903       3.5078       3.5246       3.5291       3.5093
                  3.5421       3.5083       3.5116       3.5200       3.5058
   4      0       3.4668       3.4874       3.5035       3.5082       3.4882
                  3.5205       3.4866       3.4887       3.4963       3.4810
   5      0       3.5218       3.5357       3.5526       3.5545       3.5384
                  3.5680       3.5409       3.5364       3.5463       3.5297
   5     60       3.5051       3.5191       3.5360       3.5379       3.5217
                  3.5515       3.5242       3.5198       3.5297       3.5130
   5     80       3.3629       3.3770       3.3944       3.3963       3.3800
                  3.4103       3.3818       3.3777       3.3879       3.3706
   5    100       2.9330       2.9472       2.9662       2.9684       2.9515
                  2.9831       2.9521       2.9490       2.9598       2.9400
 
 
 cumulative average & 95% error for solvation free energy
              total             1st component         2nd component         3rd component
  1     3.6191                0.4411               -0.3123                3.4903
  2     3.6151     0.0079     0.4219     0.0383    -0.3059     0.0128     3.4990     0.0175
  3     3.6274     0.0248     0.4204     0.0223    -0.3006     0.0128     3.5076     0.0198
  4     3.6442     0.0380     0.4192     0.0160    -0.2880     0.0269     3.5129     0.0177
  5     3.6481     0.0305     0.4275     0.0207    -0.2916     0.0220     3.5122     0.0138
  6     3.6685     0.0477     0.4249     0.0176    -0.2736     0.0402     3.5172     0.0150
  7     3.6555     0.0480     0.4150     0.0247    -0.2755     0.0342     3.5159     0.0129
  8     3.6556     0.0416     0.4151     0.0214    -0.2749     0.0296     3.5154     0.0113
  9     3.6647     0.0409     0.4281     0.0322    -0.2794     0.0276     3.5159     0.0100
 10     3.6587     0.0386     0.4257     0.0292    -0.2820     0.0252     3.5149     0.0092
