 ERmod 0.3.7, Copyright (C) 2000-2019 Nobuyuki Matubayasi
                            2010-2019 Shun Sakuraba
 ERmod comes with ABSOLUTELY NO WARRANTY.
 This is free software, and you can redistribute it
 and/or modify it under certain conditions.
 See LICENSE file for details.
 ERmod 0.3.7, Copyright (C) 2000-2019 Nobuyuki Matubayasi
                            2010-2019 Shun Sakuraba
 ERmod comes with ABSOLUTELY NO WARRANTY.
 This is free software, and you can redistribute it
 and/or modify it under certain conditions.
 See LICENSE file for details.
 
  Number of the   1-th solvent  =           90
  Number of the   2-th solvent  =           90
  Number of the   3-th solvent  =        10000
 
  Be sure that the solvent distribution is homogeneous (radial distribution function is essentially unity) when the solvent molecule is separated beyond distance of   10.0 Angstrom in any direction from any atom within the solute molecule
 
  LJ long-range correction    =        -0.0005     -0.0076     -0.3031
 
  Self-energy of the solute   =        -0.0001  kcal/mol
 
 
 cumulative average & 95% error for solvation energy
              total             1st component         2nd component         3rd component
  1   -21.2075               -0.2590               -0.6071              -20.3413
  2   -21.2254     0.0359    -0.0943     0.3295    -0.7069     0.1997   -20.4241     0.1657
  3   -21.2734     0.0983    -0.2842     0.4248    -0.9837     0.5654   -20.0055     0.8427
  4   -21.3119     0.1036    -0.4371     0.4286    -1.3321     0.8034   -19.5426     1.1009
  5   -21.2830     0.0989    -0.3207     0.4054    -1.2348     0.6520   -19.7273     0.9293
  6   -21.2582     0.0948    -0.3236     0.3311    -1.0774     0.6185   -19.8572     0.8020
  7   -21.2439     0.0850    -0.2787     0.2938    -0.9881     0.5524   -19.9770     0.7189
  8   -21.2380     0.0746    -0.2621     0.2566    -0.9500     0.4844   -20.0258     0.6302
  9   -21.2494     0.0696    -0.2408     0.2303    -0.9647     0.4282   -20.0439     0.5570
 10   -21.2683     0.0728    -0.2415     0.2060    -1.0131     0.3951   -20.0136     0.5018
 
 
 group  inft  solvation free energy     error          difference
  total solvation free energy
   1      0         -4.54522           0.05966           0.00047
   1     60         -4.56874           0.05968          -0.02305
   1     80         -4.72621           0.05984          -0.18052
   1    100         -5.18868           0.06031          -0.64299
   2      0         -4.54507           0.05703           0.00062
   3      0         -4.54569           0.05420           0.00000
   4      0         -4.53989           0.05683           0.00580
   5      0         -4.54666           0.05342          -0.00097
   5     60         -4.57802           0.05344          -0.03233
   5     80         -4.76854           0.05362          -0.22285
   5    100         -5.19125           0.05401          -0.64556
 
  contribution from  1-th solvent component
   1      0         -0.02705           0.10617           0.00133
   1     60         -0.02673           0.10619           0.00166
   1     80         -0.02476           0.10638           0.00362
   1    100         -0.01972           0.10688           0.00866
   2      0         -0.02814           0.10502           0.00025
   3      0         -0.02838           0.10513           0.00000
   4      0         -0.02846           0.10489          -0.00008
   5      0         -0.02971           0.10385          -0.00132
   5     60         -0.02931           0.10388          -0.00093
   5     80         -0.02717           0.10413           0.00122
   5    100         -0.02303           0.10466           0.00535
 
  contribution from  2-th solvent component
   1      0         -0.52526           0.18949          -0.00451
   1     60         -0.52542           0.18951          -0.00468
   1     80         -0.52666           0.18966          -0.00591
   1    100         -0.53059           0.19001          -0.00984
   2      0         -0.52280           0.18787          -0.00205
   3      0         -0.52075           0.18675           0.00000
   4      0         -0.52094           0.18678          -0.00019
   5      0         -0.52033           0.18642           0.00041
   5     60         -0.52057           0.18644           0.00018
   5     80         -0.52218           0.18659          -0.00143
   5    100         -0.52597           0.18684          -0.00522
 
  contribution from  3-th solvent component
   1      0         -3.99281           0.25076           0.00365
   1     60         -4.01648           0.25080          -0.02003
   1     80         -4.17469           0.25100          -0.17823
   1    100         -4.63826           0.25166          -0.64181
   2      0         -3.99403           0.25055           0.00243
   3      0         -3.99646           0.25088           0.00000
   4      0         -3.99038           0.24938           0.00607
   5      0         -3.99652           0.25055          -0.00006
   5     60         -4.02804           0.25060          -0.03158
   5     80         -4.21908           0.25085          -0.22263
   5    100         -4.64215           0.25145          -0.64569
 
 
 group  inft   Estimated free energy: total (kcal/mol)
   1      0      -4.5400      -4.6202      -4.6286      -4.5593      -4.4876
                 -4.3872      -4.4514      -4.5131      -4.5487      -4.7160
   1     60      -4.5637      -4.6437      -4.6522      -4.5828      -4.5111
                 -4.4107      -4.4749      -4.5365      -4.5722      -4.7396
   1     80      -4.7217      -4.8014      -4.8100      -4.7401      -4.6683
                 -4.5679      -4.6323      -4.6934      -4.7295      -4.8975
   1    100      -5.1855      -5.2647      -5.2732      -5.2018      -5.1302
                 -5.0291      -5.0944      -5.1550      -5.1913      -5.3615
   2      0      -4.5474      -4.6226      -4.6246      -4.5529      -4.4994
                 -4.3983      -4.4363      -4.5148      -4.5533      -4.7010
   3      0      -4.5528      -4.6186      -4.6270      -4.5509      -4.5092
                 -4.4060      -4.4400      -4.5090      -4.5542      -4.6893
   4      0      -4.5527      -4.6135      -4.6252      -4.5445      -4.5061
                 -4.3982      -4.4234      -4.4969      -4.5466      -4.6919
   5      0      -4.5550      -4.6209      -4.6299      -4.5448      -4.5178
                 -4.4147      -4.4378      -4.5018      -4.5578      -4.6862
   5     60      -4.5865      -4.6523      -4.6614      -4.5761      -4.5491
                 -4.4460      -4.4692      -4.5329      -4.5892      -4.7175
   5     80      -4.7778      -4.8430      -4.8523      -4.7664      -4.7393
                 -4.6364      -4.6595      -4.7227      -4.7795      -4.9085
   5    100      -5.2020      -5.2665      -5.2756      -5.1884      -5.1614
                 -5.0586      -5.0817      -5.1444      -5.2015      -5.3325
 
 group  inft   Estimated free energy: 1-th solvent contribution (kcal/mol)
   1      0      -0.0389       0.0721      -0.2466      -0.3763       0.1586
                 -0.0251       0.1306       0.0286       0.0757      -0.0493
   1     60      -0.0387       0.0725      -0.2463      -0.3761       0.1590
                 -0.0248       0.1309       0.0290       0.0761      -0.0490
   1     80      -0.0371       0.0748      -0.2445      -0.3747       0.1615
                 -0.0229       0.1328       0.0315       0.0783      -0.0473
   1    100      -0.0330       0.0808      -0.2401      -0.3713       0.1679
                 -0.0181       0.1376       0.0380       0.0838      -0.0428
   2      0      -0.0440       0.0687      -0.2494      -0.3729       0.1492
                 -0.0275       0.1369       0.0269       0.0665      -0.0358
   3      0      -0.0485       0.0716      -0.2515      -0.3732       0.1442
                 -0.0284       0.1387       0.0289       0.0643      -0.0300
   4      0      -0.0518       0.0684      -0.2529      -0.3707       0.1428
                 -0.0279       0.1418       0.0307       0.0625      -0.0274
   5      0      -0.0510       0.0677      -0.2526      -0.3681       0.1390
                 -0.0354       0.1397       0.0319       0.0572      -0.0255
   5     60      -0.0507       0.0682      -0.2523      -0.3678       0.1395
                 -0.0350       0.1400       0.0324       0.0577      -0.0251
   5     80      -0.0491       0.0708      -0.2505      -0.3664       0.1424
                 -0.0331       0.1421       0.0352       0.0601      -0.0232
   5    100      -0.0461       0.0759      -0.2471      -0.3639       0.1480
                 -0.0295       0.1461       0.0409       0.0647      -0.0195
 
 group  inft   Estimated free energy: 2-th solvent contribution (kcal/mol)
   1      0      -0.3614      -0.4452      -0.8121      -1.1256      -0.4224
                 -0.1381      -0.2585      -0.3456      -0.5600      -0.7837
   1     60      -0.3616      -0.4454      -0.8123      -1.1258      -0.4225
                 -0.1381      -0.2586      -0.3458      -0.5602      -0.7839
   1     80      -0.3629      -0.4467      -0.8138      -1.1272      -0.4237
                 -0.1385      -0.2597      -0.3471      -0.5617      -0.7854
   1    100      -0.3670      -0.4509      -0.8184      -1.1315      -0.4274
                 -0.1401      -0.2632      -0.3513      -0.5662      -0.7900
   2      0      -0.3626      -0.4444      -0.8041      -1.1211      -0.4236
                 -0.1455      -0.2486      -0.3461      -0.5529      -0.7792
   3      0      -0.3620      -0.4405      -0.8023      -1.1158      -0.4240
                 -0.1499      -0.2478      -0.3401      -0.5498      -0.7753
   4      0      -0.3618      -0.4375      -0.8022      -1.1149      -0.4283
                 -0.1515      -0.2462      -0.3404      -0.5467      -0.7798
   5      0      -0.3604      -0.4383      -0.8027      -1.1140      -0.4283
                 -0.1555      -0.2443      -0.3373      -0.5463      -0.7762
   5     60      -0.3607      -0.4386      -0.8030      -1.1143      -0.4285
                 -0.1556      -0.2445      -0.3376      -0.5466      -0.7765
   5     80      -0.3624      -0.4403      -0.8049      -1.1160      -0.4301
                 -0.1561      -0.2459      -0.3394      -0.5484      -0.7783
   5    100      -0.3663      -0.4443      -0.8091      -1.1200      -0.4339
                 -0.1581      -0.2493      -0.3434      -0.5527      -0.7826
 
 group  inft   Estimated free energy: 3-th solvent contribution (kcal/mol)
   1      0      -4.1396      -4.2469      -3.5699      -3.0572      -4.2237
                 -4.2239      -4.3235      -4.1961      -4.0643      -3.8830
   1     60      -4.1633      -4.2707      -3.5935      -3.0808      -4.2475
                 -4.2477      -4.3471      -4.2196      -4.0880      -3.9066
   1     80      -4.3216      -4.4294      -3.7516      -3.2381      -4.4061
                 -4.4064      -4.5053      -4.3777      -4.2460      -4.0647
   1    100      -4.7854      -4.8945      -4.2146      -3.6989      -4.8706
                 -4.8708      -4.9688      -4.8416      -4.7088      -4.5286
   2      0      -4.1407      -4.2468      -3.5710      -3.0589      -4.2249
                 -4.2252      -4.3246      -4.1954      -4.0668      -3.8859
   3      0      -4.1422      -4.2496      -3.5731      -3.0617      -4.2293
                 -4.2276      -4.3308      -4.1978      -4.0686      -3.8839
   4      0      -4.1390      -4.2442      -3.5700      -3.0587      -4.2206
                 -4.2186      -4.3188      -4.1871      -4.0623      -3.8845
   5      0      -4.1435      -4.2501      -3.5745      -3.0626      -4.2284
                 -4.2237      -4.3331      -4.1962      -4.0686      -3.8844
   5     60      -4.1751      -4.2818      -3.6060      -3.0940      -4.2600
                 -4.2554      -4.3646      -4.2276      -4.1002      -3.9159
   5     80      -4.3662      -4.4734      -3.7969      -3.2839      -4.4514
                 -4.4470      -4.5556      -4.4185      -4.2910      -4.1069
   5    100      -4.7894      -4.8980      -4.2193      -3.7044      -4.8754
                 -4.8709      -4.9785      -4.8418      -4.7135      -4.5303
 
 
 cumulative average & 95% error for solvation free energy
              total             1st component         2nd component         3rd component
  1    -4.5528               -0.0485               -0.3620               -4.1422
  2    -4.5857     0.0658     0.0116     0.1201    -0.4013     0.0786    -4.1959     0.1074
  3    -4.5995     0.0470    -0.0761     0.1886    -0.5349     0.2712    -3.9883     0.4198
  4    -4.5873     0.0411    -0.1504     0.1996    -0.6802     0.3480    -3.7566     0.5502
  5    -4.5717     0.0446    -0.0915     0.1944    -0.6289     0.2884    -3.8512     0.4663
  6    -4.5441     0.0662    -0.0810     0.1601    -0.5491     0.2845    -3.9139     0.4008
  7    -4.5292     0.0634    -0.0496     0.1492    -0.5060     0.2554    -3.9735     0.3591
  8    -4.5267     0.0551    -0.0398     0.1307    -0.4853     0.2250    -4.0015     0.3160
  9    -4.5297     0.0490    -0.0282     0.1175    -0.4925     0.1990    -4.0090     0.2791
 10    -4.5457     0.0542    -0.0284     0.1051    -0.5207     0.1868    -3.9965     0.2509
