 ERmod 0.3.7, Copyright (C) 2000-2019 Nobuyuki Matubayasi
                            2010-2019 Shun Sakuraba
 ERmod comes with ABSOLUTELY NO WARRANTY.
 This is free software, and you can redistribute it
 and/or modify it under certain conditions.
 See LICENSE file for details.
 ERmod 0.3.7, Copyright (C) 2000-2019 Nobuyuki Matubayasi
                            2010-2019 Shun Sakuraba
 ERmod comes with ABSOLUTELY NO WARRANTY.
 This is free software, and you can redistribute it
 and/or modify it under certain conditions.
 See LICENSE file for details.
 
  Number of the   1-th solvent  =          180
  Number of the   2-th solvent  =          180
  Number of the   3-th solvent  =        10000
 
  Be sure that the solvent distribution is homogeneous (radial distribution function is essentially unity) when the solvent molecule is separated beyond distance of   10.0 Angstrom in any direction from any atom within the solute molecule
 
  LJ long-range correction    =        -0.0121     -0.0678     -0.6418
 
  Self-energy of the solute   =         0.0001  kcal/mol
 
 
 cumulative average & 95% error for solvation energy
              total             1st component         2nd component         3rd component
  1   -16.4406                0.3364               -1.6586              -15.1185
  2   -16.3702     0.1408     0.3546     0.0365    -1.5756     0.1661   -15.1493     0.0617
  3   -16.3303     0.1139     0.3790     0.0532    -1.5120     0.1592   -15.1974     0.1026
  4   -16.3060     0.0941     0.3799     0.0376    -1.4408     0.1816   -15.2452     0.1200
  5   -16.2992     0.0741     0.3881     0.0335    -1.3981     0.1645   -15.2893     0.1282
  6   -16.2744     0.0782     0.3970     0.0326    -1.3651     0.1497   -15.3064     0.1101
  7   -16.2733     0.0662     0.3891     0.0318    -1.3649     0.1265   -15.2975     0.0947
  8   -16.2810     0.0593     0.3906     0.0277    -1.3706     0.1101   -15.3010     0.0823
  9   -16.3012     0.0662     0.3881     0.0249    -1.4125     0.1283   -15.2768     0.0873
 10   -16.2974     0.0597     0.3885     0.0223    -1.3870     0.1256   -15.2990     0.0898
 
 
 group  inft  solvation free energy     error          difference
  total solvation free energy
   1      0          3.62218           0.04754           0.01554
   1     60          3.59697           0.04777          -0.00966
   1     80          3.40700           0.04959          -0.19964
   1    100          2.74130           0.05560          -0.86534
   2      0          3.60682           0.04888           0.00018
   3      0          3.60664           0.04883           0.00000
   4      0          3.57635           0.04888          -0.03029
   5      0          3.62996           0.04781           0.02332
   5     60          3.59563           0.04811          -0.01101
   5     80          3.35656           0.05031          -0.25008
   5    100          2.73617           0.05573          -0.87047
 
  contribution from  1-th solvent component
   1      0          0.62195           0.02665           0.00466
   1     60          0.62239           0.02687           0.00511
   1     80          0.62492           0.02860           0.00764
   1    100          0.62835           0.03407           0.01106
   2      0          0.61861           0.02615           0.00132
   3      0          0.61728           0.02592           0.00000
   4      0          0.61590           0.02583          -0.00139
   5      0          0.61553           0.02601          -0.00175
   5     60          0.61603           0.02630          -0.00125
   5     80          0.61841           0.02836           0.00113
   5    100          0.62044           0.03322           0.00316
 
  contribution from  2-th solvent component
   1      0         -0.74007           0.05958           0.00238
   1     60         -0.74034           0.05963           0.00212
   1     80         -0.74238           0.05996           0.00008
   1    100         -0.75003           0.06099          -0.00757
   2      0         -0.74213           0.05979           0.00032
   3      0         -0.74246           0.05998           0.00000
   4      0         -0.74449           0.05979          -0.00203
   5      0         -0.74525           0.05957          -0.00280
   5     60         -0.74565           0.05963          -0.00319
   5     80         -0.74846           0.06000          -0.00600
   5    100         -0.75605           0.06090          -0.01359
 
  contribution from  3-th solvent component
   1      0          3.74024           0.03683           0.00849
   1     60          3.71486           0.03686          -0.01689
   1     80          3.52440           0.03700          -0.20736
   1    100          2.86292           0.03763          -0.86883
   2      0          3.73029           0.03488          -0.00146
   3      0          3.73175           0.03532           0.00000
   4      0          3.70489           0.03480          -0.02686
   5      0          3.75962           0.03536           0.02787
   5     60          3.72519           0.03539          -0.00657
   5     80          3.48654           0.03552          -0.24521
   5    100          2.87172           0.03599          -0.86003
 
 
 group  inft   Estimated free energy: total (kcal/mol)
   1      0       3.5172       3.5980       3.6942       3.6427       3.6436
                  3.7582       3.6193       3.6234       3.5011       3.6242
   1     60       3.4915       3.5725       3.6695       3.6172       3.6186
                  3.7336       3.5938       3.5986       3.4754       3.5991
   1     80       3.2972       3.3806       3.4837       3.4255       3.4302
                  3.5487       3.4015       3.4114       3.2817       3.4094
   1    100       2.6178       2.7096       2.8313       2.7547       2.7687
                  2.9003       2.7287       2.7539       2.6046       2.7434
   2      0       3.4949       3.5775       3.6814       3.6387       3.6308
                  3.7411       3.6031       3.6030       3.4838       3.6140
   3      0       3.4942       3.5791       3.6820       3.6428       3.6294
                  3.7388       3.6046       3.5998       3.4834       3.6123
   4      0       3.4631       3.5471       3.6525       3.6127       3.6019
                  3.7074       3.5738       3.5680       3.4538       3.5832
   5      0       3.5213       3.6020       3.6986       3.6573       3.6516
                  3.7640       3.6260       3.6366       3.5080       3.6342
   5     60       3.4862       3.5673       3.6649       3.6226       3.6176
                  3.7305       3.5913       3.6028       3.4731       3.6000
   5     80       3.2419       3.3258       3.4309       3.3817       3.3804
                  3.4976       3.3495       3.3668       3.2298       3.3613
   5    100       2.6087       2.7005       2.8227       2.7570       2.7638
                  2.8929       2.7227       2.7531       2.5997       2.7405
 
 group  inft   Estimated free energy: 1-th solvent contribution (kcal/mol)
   1      0       0.5828       0.5916       0.6876       0.6008       0.6408
                  0.6904       0.5714       0.6444       0.5981       0.6114
   1     60       0.5829       0.5918       0.6885       0.6011       0.6415
                  0.6913       0.5715       0.6452       0.5982       0.6120
   1     80       0.5826       0.5918       0.6951       0.6020       0.6456
                  0.6976       0.5711       0.6503       0.5981       0.6151
   1    100       0.5775       0.5876       0.7109       0.6003       0.6538
                  0.7136       0.5653       0.6615       0.5934       0.6197
   2      0       0.5798       0.5885       0.6843       0.5987       0.6372
                  0.6840       0.5689       0.6413       0.5956       0.6078
   3      0       0.5784       0.5880       0.6833       0.5981       0.6351
                  0.6819       0.5682       0.6391       0.5947       0.6060
   4      0       0.5773       0.5858       0.6817       0.5963       0.6342
                  0.6802       0.5680       0.6377       0.5930       0.6046
   5      0       0.5765       0.5855       0.6813       0.5951       0.6333
                  0.6802       0.5666       0.6389       0.5933       0.6047
   5     60       0.5765       0.5856       0.6825       0.5953       0.6340
                  0.6813       0.5666       0.6398       0.5934       0.6053
   5     80       0.5757       0.5849       0.6897       0.5957       0.6382
                  0.6882       0.5655       0.6452       0.5927       0.6083
   5    100       0.5703       0.5801       0.7028       0.5932       0.6443
                  0.7015       0.5593       0.6540       0.5876       0.6112
 
 group  inft   Estimated free energy: 2-th solvent contribution (kcal/mol)
   1      0      -0.8723      -0.7852      -0.7458      -0.6773      -0.6642
                 -0.6506      -0.7240      -0.7427      -0.9119      -0.6268
   1     60      -0.8727      -0.7854      -0.7461      -0.6776      -0.6644
                 -0.6508      -0.7243      -0.7429      -0.9123      -0.6270
   1     80      -0.8757      -0.7873      -0.7484      -0.6799      -0.6660
                 -0.6523      -0.7261      -0.7444      -0.9154      -0.6283
   1    100      -0.8863      -0.7946      -0.7569      -0.6885      -0.6723
                 -0.6585      -0.7331      -0.7502      -0.9262      -0.6337
   2      0      -0.8743      -0.7884      -0.7471      -0.6783      -0.6661
                 -0.6524      -0.7267      -0.7455      -0.9143      -0.6281
   3      0      -0.8748      -0.7893      -0.7476      -0.6784      -0.6657
                 -0.6526      -0.7270      -0.7457      -0.9152      -0.6282
   4      0      -0.8765      -0.7925      -0.7494      -0.6793      -0.6683
                 -0.6558      -0.7289      -0.7479      -0.9161      -0.6303
   5      0      -0.8757      -0.7917      -0.7504      -0.6803      -0.6692
                 -0.6570      -0.7313      -0.7474      -0.9178      -0.6317
   5     60      -0.8762      -0.7921      -0.7509      -0.6807      -0.6695
                 -0.6573      -0.7316      -0.7477      -0.9184      -0.6320
   5     80      -0.8801      -0.7947      -0.7540      -0.6840      -0.6718
                 -0.6595      -0.7342      -0.7499      -0.9223      -0.6340
   5    100      -0.8904      -0.8019      -0.7624      -0.6925      -0.6782
                 -0.6657      -0.7413      -0.7558      -0.9328      -0.6397
 
 group  inft   Estimated free energy: 3-th solvent contribution (kcal/mol)
   1      0       3.8066       3.7914       3.7524       3.7190       3.6668
                  3.7183       3.7718       3.7216       3.8148       3.6396
   1     60       3.7812       3.7661       3.7270       3.6937       3.6414
                  3.6930       3.7465       3.6962       3.7895       3.6141
   1     80       3.5902       3.5761       3.5370       3.5034       3.4506
                  3.5033       3.5564       3.5054       3.5989       3.4226
   1    100       2.9265       2.9167       2.8773       2.8428       2.7872
                  2.8451       2.8965       2.8425       2.9374       2.7572
   2      0       3.7894       3.7773       3.7441       3.7183       3.6597
                  3.7094       3.7609       3.7072       3.8025       3.6342
   3      0       3.7905       3.7803       3.7462       3.7231       3.6600
                  3.7094       3.7634       3.7064       3.8039       3.6343
   4      0       3.7622       3.7537       3.7202       3.6956       3.6359
                  3.6829       3.7346       3.6781       3.7769       3.6088
   5      0       3.8204       3.8081       3.7676       3.7424       3.6875
                  3.7408       3.7906       3.7451       3.8325       3.6611
   5     60       3.7859       3.7737       3.7332       3.7081       3.6530
                  3.7065       3.7563       3.7106       3.7981       3.6266
   5     80       3.5463       3.5355       3.4952       3.4699       3.4139
                  3.4688       3.5181       3.4714       3.5594       3.3869
   5    100       2.9287       2.9223       2.8822       2.8563       2.7976
                  2.8570       2.9046       2.8548       2.9448       2.7689
 
 
 cumulative average & 95% error for solvation free energy
              total             1st component         2nd component         3rd component
  1     3.4942                0.5784               -0.8748                3.7905
  2     3.5366     0.0849     0.5832     0.0096    -0.8320     0.0854     3.7854     0.0102
  3     3.5851     0.1086     0.6166     0.0670    -0.8039     0.0749     3.7723     0.0268
  4     3.5995     0.0820     0.6120     0.0483    -0.7725     0.0821     3.7600     0.0310
  5     3.6055     0.0647     0.6166     0.0385    -0.7512     0.0766     3.7400     0.0467
  6     3.6277     0.0690     0.6275     0.0382    -0.7347     0.0706     3.7349     0.0395
  7     3.6244     0.0587     0.6190     0.0365    -0.7336     0.0597     3.7390     0.0343
  8     3.6213     0.0512     0.6215     0.0320    -0.7351     0.0518     3.7349     0.0308
  9     3.6060     0.0546     0.6185     0.0288    -0.7552     0.0608     3.7426     0.0312
 10     3.6066     0.0488     0.6173     0.0259    -0.7425     0.0600     3.7318     0.0353
