 ERmod 0.3.7, Copyright (C) 2000-2019 Nobuyuki Matubayasi
                            2010-2019 Shun Sakuraba
 ERmod comes with ABSOLUTELY NO WARRANTY.
 This is free software, and you can redistribute it
 and/or modify it under certain conditions.
 See LICENSE file for details.
 ERmod 0.3.7, Copyright (C) 2000-2019 Nobuyuki Matubayasi
                            2010-2019 Shun Sakuraba
 ERmod comes with ABSOLUTELY NO WARRANTY.
 This is free software, and you can redistribute it
 and/or modify it under certain conditions.
 See LICENSE file for details.
 
  Number of the   1-th solvent  =          180
  Number of the   2-th solvent  =          180
  Number of the   3-th solvent  =        10000
 
  Be sure that the solvent distribution is homogeneous (radial distribution function is essentially unity) when the solvent molecule is separated beyond distance of   10.0 Angstrom in any direction from any atom within the solute molecule
 
  LJ long-range correction    =        -0.0087     -0.0063     -0.4603
 
  Self-energy of the solute   =         0.0000  kcal/mol
 
 
 cumulative average & 95% error for solvation energy
              total             1st component         2nd component         3rd component
  1   -11.6154                0.1937               -0.4119              -11.3972
  2   -11.5638     0.1032     0.2102     0.0330    -0.3910     0.0419   -11.3830     0.0283
  3   -11.5514     0.0646     0.2194     0.0265    -0.3855     0.0265   -11.3852     0.0169
  4   -11.5543     0.0461     0.2284     0.0260    -0.3846     0.0189   -11.3982     0.0285
  5   -11.5412     0.0443     0.2370     0.0266    -0.3807     0.0165   -11.3976     0.0221
  6   -11.5492     0.0395     0.2322     0.0237    -0.3814     0.0135   -11.4000     0.0187
  7   -11.5464     0.0338     0.2346     0.0206    -0.3810     0.0115   -11.4000     0.0158
  8   -11.5413     0.0310     0.2353     0.0179    -0.3794     0.0105   -11.3973     0.0147
  9   -11.5508     0.0333     0.2347     0.0159    -0.3805     0.0095   -11.4050     0.0201
 10   -11.5452     0.0318     0.2368     0.0148    -0.3798     0.0086   -11.4022     0.0189
 
 
 group  inft  solvation free energy     error          difference
  total solvation free energy
   1      0          3.63614           0.03325           0.01447
   1     60          3.62449           0.03333           0.00282
   1     80          3.51693           0.03425          -0.10474
   1    100          3.06513           0.03845          -0.55654
   2      0          3.62088           0.03378          -0.00079
   3      0          3.62167           0.03413           0.00000
   4      0          3.59784           0.03457          -0.02383
   5      0          3.65077           0.03333           0.02910
   5     60          3.63466           0.03344           0.01299
   5     80          3.49541           0.03461          -0.12626
   5    100          3.07016           0.03855          -0.55151
 
  contribution from  1-th solvent component
   1      0          0.42346           0.01454           0.00366
   1     60          0.42349           0.01458           0.00370
   1     80          0.42379           0.01510           0.00399
   1    100          0.42333           0.01753           0.00354
   2      0          0.42066           0.01424           0.00086
   3      0          0.41980           0.01418           0.00000
   4      0          0.41858           0.01426          -0.00122
   5      0          0.41836           0.01407          -0.00144
   5     60          0.41838           0.01412          -0.00142
   5     80          0.41842           0.01478          -0.00138
   5    100          0.41722           0.01697          -0.00258
 
  contribution from  2-th solvent component
   1      0         -0.28632           0.01314           0.00274
   1     60         -0.28588           0.01316           0.00319
   1     80         -0.28345           0.01348           0.00561
   1    100         -0.27689           0.01515           0.01218
   2      0         -0.28849           0.01296           0.00057
   3      0         -0.28907           0.01294           0.00000
   4      0         -0.29004           0.01298          -0.00097
   5      0         -0.28886           0.01272           0.00020
   5     60         -0.28829           0.01276           0.00078
   5     80         -0.28547           0.01318           0.00360
   5    100         -0.27974           0.01477           0.00932
 
  contribution from  3-th solvent component
   1      0          3.49897           0.01839           0.00807
   1     60          3.48684           0.01842          -0.00406
   1     80          3.37656           0.01876          -0.11435
   1    100          2.91865           0.02009          -0.57225
   2      0          3.48868           0.01913          -0.00223
   3      0          3.49090           0.01933           0.00000
   4      0          3.46927           0.01941          -0.02163
   5      0          3.52125           0.01878           0.03034
   5     60          3.50453           0.01882           0.01363
   5     80          3.36242           0.01924          -0.12848
   5    100          2.93266           0.02047          -0.55825
 
 
 group  inft   Estimated free energy: total (kcal/mol)
   1      0       3.5847       3.6698       3.6493       3.6155       3.7322
                  3.6030       3.6334       3.6438       3.5470       3.6828
   1     60       3.5729       3.6581       3.6377       3.6039       3.7208
                  3.5912       3.6218       3.6321       3.5352       3.6712
   1     80       3.4631       3.5507       3.5305       3.4967       3.6164
                  3.4824       3.5143       3.5245       3.4258       3.5649
   1    100       3.0006       3.0993       3.0803       3.0465       3.1788
                  3.0248       3.0629       3.0722       2.9663       3.1196
   2      0       3.5648       3.6571       3.6363       3.5993       3.7172
                  3.5911       3.6195       3.6276       3.5299       3.6660
   3      0       3.5643       3.6592       3.6386       3.5983       3.7190
                  3.5914       3.6233       3.6271       3.5303       3.6653
   4      0       3.5388       3.6354       3.6150       3.5773       3.6975
                  3.5671       3.5978       3.6024       3.5058       3.6414
   5      0       3.5991       3.6860       3.6641       3.6306       3.7470
                  3.6169       3.6497       3.6572       3.5613       3.6959
   5     60       3.5827       3.6699       3.6480       3.6145       3.7313
                  3.6007       3.6336       3.6411       3.5449       3.6799
   5     80       3.4406       3.5308       3.5092       3.4758       3.5962
                  3.4599       3.4945       3.5016       3.4033       3.5422
   5    100       3.0053       3.1060       3.0852       3.0520       3.1846
                  3.0294       3.0696       3.0758       2.9710       3.1228
 
 group  inft   Estimated free energy: 1-th solvent contribution (kcal/mol)
   1      0       0.3965       0.4020       0.4212       0.4495       0.4655
                  0.3959       0.4357       0.4182       0.4157       0.4344
   1     60       0.3964       0.4020       0.4212       0.4496       0.4657
                  0.3959       0.4358       0.4182       0.4157       0.4344
   1     80       0.3957       0.4015       0.4217       0.4506       0.4676
                  0.3952       0.4363       0.4183       0.4158       0.4352
   1    100       0.3904       0.3971       0.4222       0.4540       0.4744
                  0.3902       0.4372       0.4166       0.4143       0.4369
   2      0       0.3939       0.4003       0.4182       0.4464       0.4622
                  0.3939       0.4324       0.4153       0.4132       0.4307
   3      0       0.3934       0.3994       0.4173       0.4454       0.4613
                  0.3935       0.4318       0.4143       0.4121       0.4296
   4      0       0.3920       0.3984       0.4155       0.4440       0.4608
                  0.3922       0.4307       0.4134       0.4108       0.4280
   5      0       0.3913       0.3983       0.4153       0.4445       0.4590
                  0.3926       0.4300       0.4134       0.4110       0.4282
   5     60       0.3912       0.3982       0.4153       0.4446       0.4592
                  0.3925       0.4300       0.4134       0.4110       0.4282
   5     80       0.3899       0.3973       0.4156       0.4457       0.4612
                  0.3914       0.4304       0.4132       0.4107       0.4288
   5    100       0.3844       0.3926       0.4151       0.4480       0.4666
                  0.3861       0.4304       0.4108       0.4086       0.4296
 
 group  inft   Estimated free energy: 2-th solvent contribution (kcal/mol)
   1      0      -0.3191      -0.2576      -0.2866      -0.3070      -0.2600
                 -0.2877      -0.3025      -0.2786      -0.2979      -0.2663
   1     60      -0.3187      -0.2571      -0.2862      -0.3066      -0.2594
                 -0.2873      -0.3021      -0.2781      -0.2975      -0.2658
   1     80      -0.3173      -0.2542      -0.2839      -0.3044      -0.2562
                 -0.2851      -0.2998      -0.2755      -0.2953      -0.2628
   1    100      -0.3160      -0.2449      -0.2782      -0.2994      -0.2454
                 -0.2797      -0.2940      -0.2682      -0.2901      -0.2531
   2      0      -0.3215      -0.2600      -0.2884      -0.3096      -0.2630
                 -0.2893      -0.3039      -0.2808      -0.2992      -0.2692
   3      0      -0.3221      -0.2613      -0.2884      -0.3100      -0.2630
                 -0.2895      -0.3041      -0.2822      -0.3005      -0.2695
   4      0      -0.3231      -0.2620      -0.2895      -0.3116      -0.2639
                 -0.2897      -0.3052      -0.2837      -0.3010      -0.2707
   5      0      -0.3199      -0.2623      -0.2896      -0.3087      -0.2611
                 -0.2918      -0.3039      -0.2820      -0.3002      -0.2690
   5     60      -0.3195      -0.2617      -0.2890      -0.3082      -0.2604
                 -0.2912      -0.3034      -0.2814      -0.2997      -0.2684
   5     80      -0.3179      -0.2582      -0.2864      -0.3057      -0.2565
                 -0.2888      -0.3008      -0.2784      -0.2972      -0.2648
   5    100      -0.3170      -0.2501      -0.2816      -0.3013      -0.2466
                 -0.2844      -0.2957      -0.2719      -0.2928      -0.2560
 
 group  inft   Estimated free energy: 3-th solvent contribution (kcal/mol)
   1      0       3.5073       3.5253       3.5147       3.4730       3.5266
                  3.4947       3.5002       3.5041       3.4292       3.5147
   1     60       3.4951       3.5132       3.5026       3.4609       3.5145
                  3.4826       3.4880       3.4920       3.4169       3.5026
   1     80       3.3847       3.4034       3.3927       3.3505       3.4049
                  3.3722       3.3777       3.3816       3.3053       3.3925
   1    100       2.9261       2.9471       2.9364       2.8918       2.9498
                  2.9142       2.9196       2.9237       2.8420       2.9358
   2      0       3.4923       3.5168       3.5064       3.4625       3.5179
                  3.4865       3.4910       3.4931       3.4159       3.5044
   3      0       3.4930       3.5210       3.5097       3.4629       3.5207
                  3.4874       3.4956       3.4950       3.4187       3.5051
   4      0       3.4699       3.4990       3.4890       3.4448       3.5005
                  3.4646       3.4722       3.4726       3.3960       3.4841
   5      0       3.5277       3.5499       3.5383       3.4948       3.5491
                  3.5161       3.5236       3.5257       3.4505       3.5368
   5     60       3.5109       3.5333       3.5217       3.4781       3.5325
                  3.4994       3.5069       3.5090       3.4336       3.5201
   5     80       3.3685       3.3917       3.3800       3.3358       3.3914
                  3.3573       3.3648       3.3668       3.2898       3.3782
   5    100       2.9379       2.9634       2.9516       2.9052       2.9646
                  2.9277       2.9350       2.9368       2.8552       2.9492
 
 
 cumulative average & 95% error for solvation free energy
              total             1st component         2nd component         3rd component
  1     3.5643                0.3934               -0.3221                3.4930
  2     3.6117     0.0949     0.3964     0.0060    -0.2917     0.0608     3.5070     0.0281
  3     3.6207     0.0576     0.4034     0.0144    -0.2906     0.0352     3.5079     0.0163
  4     3.6151     0.0423     0.4139     0.0233    -0.2955     0.0267     3.4967     0.0253
  5     3.6359     0.0529     0.4233     0.0262    -0.2890     0.0244     3.5015     0.0218
  6     3.6285     0.0457     0.4184     0.0236    -0.2891     0.0199     3.4991     0.0184
  7     3.6277     0.0386     0.4203     0.0203    -0.2912     0.0174     3.4986     0.0156
  8     3.6276     0.0335     0.4195     0.0177    -0.2901     0.0152     3.4982     0.0135
  9     3.6168     0.0366     0.4187     0.0157    -0.2912     0.0136     3.4893     0.0213
 10     3.6217     0.0341     0.4198     0.0142    -0.2891     0.0129     3.4909     0.0193
