 ERmod 0.3.7, Copyright (C) 2000-2019 Nobuyuki Matubayasi
                            2010-2019 Shun Sakuraba
 ERmod comes with ABSOLUTELY NO WARRANTY.
 This is free software, and you can redistribute it
 and/or modify it under certain conditions.
 See LICENSE file for details.
 ERmod 0.3.7, Copyright (C) 2000-2019 Nobuyuki Matubayasi
                            2010-2019 Shun Sakuraba
 ERmod comes with ABSOLUTELY NO WARRANTY.
 This is free software, and you can redistribute it
 and/or modify it under certain conditions.
 See LICENSE file for details.
 
  Number of the   1-th solvent  =          180
  Number of the   2-th solvent  =          180
  Number of the   3-th solvent  =        10000
 
  Be sure that the solvent distribution is homogeneous (radial distribution function is essentially unity) when the solvent molecule is separated beyond distance of   10.0 Angstrom in any direction from any atom within the solute molecule
 
  LJ long-range correction    =        -0.0021     -0.0689     -0.6523
 
  Self-energy of the solute   =         0.0001  kcal/mol
 
 
 cumulative average & 95% error for solvation energy
              total             1st component         2nd component         3rd component
  1   -16.6573                0.4545               -2.0999              -15.0120
  2   -16.4396     0.4354     0.4788     0.0485    -1.6548     0.8901   -15.2636     0.5032
  3   -16.3861     0.2732     0.4795     0.0280    -1.5080     0.5919   -15.3577     0.3462
  4   -16.3665     0.1971     0.4849     0.0226    -1.4614     0.4288   -15.3902     0.2532
  5   -16.3295     0.1697     0.4876     0.0183    -1.3743     0.3750   -15.4428     0.2227
  6   -16.3635     0.1543     0.4865     0.0151    -1.4628     0.3537   -15.3872     0.2132
  7   -16.3716     0.1314     0.4861     0.0128    -1.4766     0.3002   -15.3812     0.1806
  8   -16.3731     0.1139     0.4865     0.0111    -1.4844     0.2605   -15.3752     0.1569
  9   -16.3590     0.1043     0.4867     0.0098    -1.4847     0.2297   -15.3611     0.1412
 10   -16.3563     0.0934     0.4873     0.0088    -1.4768     0.2061   -15.3669     0.1268
 
 
 group  inft  solvation free energy     error          difference
  total solvation free energy
   1      0          3.57340           0.04652           0.01594
   1     60          3.54838           0.04662          -0.00908
   1     80          3.35914           0.04730          -0.19831
   1    100          2.69645           0.04924          -0.86100
   2      0          3.55852           0.04712           0.00107
   3      0          3.55745           0.04703           0.00000
   4      0          3.52754           0.04704          -0.02991
   5      0          3.58009           0.04672           0.02264
   5     60          3.54598           0.04685          -0.01147
   5     80          3.30882           0.04772          -0.24863
   5    100          2.69115           0.04955          -0.86630
 
  contribution from  1-th solvent component
   1      0          0.43783           0.01109           0.00334
   1     60          0.43894           0.01113           0.00445
   1     80          0.44730           0.01148           0.01281
   1    100          0.47073           0.01240           0.03624
   2      0          0.43542           0.01021           0.00093
   3      0          0.43449           0.00976           0.00000
   4      0          0.43315           0.00992          -0.00134
   5      0          0.43238           0.00973          -0.00211
   5     60          0.43391           0.00979          -0.00058
   5     80          0.44406           0.01020           0.00957
   5    100          0.46518           0.01108           0.03069
 
  contribution from  2-th solvent component
   1      0         -0.77951           0.09637           0.00298
   1     60         -0.77981           0.09645           0.00268
   1     80         -0.78217           0.09698           0.00032
   1    100         -0.79097           0.09864          -0.00848
   2      0         -0.78157           0.09636           0.00091
   3      0         -0.78249           0.09659           0.00000
   4      0         -0.78403           0.09628          -0.00154
   5      0         -0.78424           0.09629          -0.00175
   5     60         -0.78468           0.09638          -0.00219
   5     80         -0.78787           0.09701          -0.00538
   5    100         -0.79645           0.09848          -0.01396
 
  contribution from  3-th solvent component
   1      0          3.91502           0.05718           0.00962
   1     60          3.88919           0.05723          -0.01621
   1     80          3.69396           0.05751          -0.21144
   1    100          3.01663           0.05858          -0.88876
   2      0          3.90462           0.05652          -0.00078
   3      0          3.90539           0.05659           0.00000
   4      0          3.87837           0.05619          -0.02703
   5      0          3.93189           0.05512           0.02650
   5     60          3.89670           0.05517          -0.00869
   5     80          3.65257           0.05548          -0.25282
   5    100          3.02236           0.05639          -0.88304
 
 
 group  inft   Estimated free energy: total (kcal/mol)
   1      0       3.4374       3.6587       3.5920       3.5987       3.6609
                  3.4858       3.5258       3.5640       3.6388       3.5720
   1     60       3.4122       3.6339       3.5669       3.5738       3.6360
                  3.4607       3.5006       3.5390       3.6139       3.5468
   1     80       3.2215       3.4466       3.3772       3.3857       3.4478
                  3.2703       3.3097       3.3498       3.4257       3.3570
   1    100       2.5550       2.7894       2.7140       2.7252       2.7870
                  2.6041       2.6424       2.6871       2.7675       2.6928
   2      0       3.4212       3.6446       3.5758       3.5853       3.6496
                  3.4719       3.5144       3.5425       3.6266       3.5534
   3      0       3.4199       3.6418       3.5771       3.5843       3.6475
                  3.4706       3.5146       3.5416       3.6268       3.5502
   4      0       3.3901       3.6123       3.5450       3.5564       3.6191
                  3.4442       3.4846       3.5063       3.5975       3.5199
   5      0       3.4473       3.6672       3.5990       3.6068       3.6736
                  3.4857       3.5362       3.5710       3.6363       3.5779
   5     60       3.4129       3.6334       3.5648       3.5729       3.6397
                  3.4514       3.5018       3.5369       3.6024       3.5436
   5     80       3.1737       3.3985       3.3273       3.3371       3.4038
                  3.2131       3.2627       3.2996       3.3668       3.3056
   5    100       2.5520       2.7859       2.7093       2.7216       2.7878
                  2.5925       2.6408       2.6815       2.7537       2.6863
 
 group  inft   Estimated free energy: 1-th solvent contribution (kcal/mol)
   1      0       0.4217       0.4691       0.4174       0.4575       0.4281
                  0.4568       0.4283       0.4383       0.4366       0.4245
   1     60       0.4227       0.4704       0.4185       0.4588       0.4292
                  0.4579       0.4293       0.4394       0.4376       0.4256
   1     80       0.4303       0.4797       0.4267       0.4684       0.4374
                  0.4662       0.4368       0.4481       0.4458       0.4336
   1    100       0.4515       0.5055       0.4498       0.4951       0.4600
                  0.4895       0.4577       0.4727       0.4689       0.4565
   2      0       0.4214       0.4643       0.4155       0.4533       0.4259
                  0.4527       0.4273       0.4359       0.4345       0.4236
   3      0       0.4216       0.4619       0.4157       0.4512       0.4242
                  0.4514       0.4268       0.4356       0.4339       0.4226
   4      0       0.4209       0.4610       0.4133       0.4495       0.4221
                  0.4507       0.4260       0.4342       0.4324       0.4212
   5      0       0.4193       0.4596       0.4129       0.4487       0.4226
                  0.4496       0.4251       0.4340       0.4308       0.4212
   5     60       0.4207       0.4613       0.4144       0.4505       0.4241
                  0.4511       0.4265       0.4356       0.4323       0.4227
   5     80       0.4299       0.4726       0.4244       0.4622       0.4341
                  0.4611       0.4355       0.4463       0.4421       0.4324
   5    100       0.4489       0.4961       0.4451       0.4865       0.4545
                  0.4821       0.4543       0.4686       0.4628       0.4529
 
 group  inft   Estimated free energy: 2-th solvent contribution (kcal/mol)
   1      0      -1.0492      -0.6525      -0.6580      -0.7127      -0.5469
                 -0.9826      -0.8322      -0.8212      -0.7906      -0.7491
   1     60      -1.0496      -0.6527      -0.6583      -0.7130      -0.5470
                 -0.9831      -0.8326      -0.8216      -0.7910      -0.7493
   1     80      -1.0529      -0.6539      -0.6603      -0.7153      -0.5474
                 -0.9864      -0.8356      -0.8245      -0.7938      -0.7515
   1    100      -1.0647      -0.6591      -0.6681      -0.7239      -0.5505
                 -0.9982      -0.8464      -0.8352      -0.8040      -0.7597
   2      0      -1.0517      -0.6540      -0.6607      -0.7141      -0.5494
                 -0.9845      -0.8334      -0.8236      -0.7928      -0.7516
   3      0      -1.0531      -0.6545      -0.6610      -0.7149      -0.5503
                 -0.9865      -0.8344      -0.8244      -0.7935      -0.7523
   4      0      -1.0536      -0.6565      -0.6626      -0.7165      -0.5523
                 -0.9869      -0.8353      -0.8270      -0.7953      -0.7543
   5      0      -1.0533      -0.6578      -0.6623      -0.7176      -0.5522
                 -0.9882      -0.8360      -0.8259      -0.7953      -0.7537
   5     60      -1.0539      -0.6581      -0.6626      -0.7180      -0.5523
                 -0.9888      -0.8365      -0.8265      -0.7959      -0.7541
   5     80      -1.0583      -0.6599      -0.6655      -0.7211      -0.5533
                 -0.9932      -0.8405      -0.8304      -0.7996      -0.7571
   5    100      -1.0695      -0.6652      -0.6732      -0.7294      -0.5568
                 -1.0045      -0.8507      -0.8406      -0.8094      -0.7651
 
 group  inft   Estimated free energy: 3-th solvent contribution (kcal/mol)
   1      0       4.0648       3.8420       3.8325       3.8539       3.7797
                  4.0116       3.9297       3.9469       3.9927       3.8964
   1     60       4.0390       3.8161       3.8066       3.8280       3.7538
                  3.9858       3.9038       3.9211       3.9671       3.8705
   1     80       3.8441       3.6207       3.6108       3.6326       3.5578
                  3.7905       3.7085       3.7262       3.7736       3.6748
   1    100       3.1682       2.9428       2.9322       2.9539       2.8774
                  3.1128       3.0310       3.0496       3.1025       2.9959
   2      0       4.0513       3.8343       3.8209       3.8460       3.7731
                  4.0036       3.9204       3.9302       3.9848       3.8814
   3      0       4.0513       3.8344       3.8224       3.8480       3.7735
                  4.0056       3.9222       3.9304       3.9864       3.8798
   4      0       4.0228       3.8077       3.7942       3.8233       3.7492
                  3.9802       3.8938       3.8991       3.9604       3.8529
   5      0       4.0812       3.8654       3.8483       3.8756       3.8032
                  4.0243       3.9470       3.9628       4.0008       3.9103
   5     60       4.0461       3.8302       3.8130       3.8404       3.7679
                  3.9891       3.9118       3.9277       3.9659       3.8750
   5     80       3.8020       3.5858       3.5684       3.5960       3.5230
                  3.7451       3.6675       3.6836       3.7241       3.6303
   5    100       3.1725       2.9551       2.9373       2.9645       2.8900
                  3.1149       3.0372       3.0535       3.1002       2.9984
 
 
 cumulative average & 95% error for solvation free energy
              total             1st component         2nd component         3rd component
  1     3.4199                0.4216               -1.0531                4.0513
  2     3.5309     0.2220     0.4418     0.0403    -0.8538     0.3985     3.9428     0.2168
  3     3.5463     0.1318     0.4331     0.0290    -0.7896     0.2635     3.9027     0.1487
  4     3.5558     0.0951     0.4376     0.0224    -0.7709     0.1900     3.8890     0.1087
  5     3.5741     0.0823     0.4349     0.0182    -0.7268     0.1716     3.8659     0.0960
  6     3.5569     0.0756     0.4377     0.0158    -0.7701     0.1647     3.8892     0.0912
  7     3.5508     0.0650     0.4361     0.0137    -0.7792     0.1404     3.8939     0.0776
  8     3.5497     0.0563     0.4361     0.0119    -0.7849     0.1221     3.8985     0.0678
  9     3.5583     0.0526     0.4358     0.0105    -0.7858     0.1077     3.9082     0.0629
 10     3.5575     0.0470     0.4345     0.0098    -0.7825     0.0966     3.9054     0.0566
