 ERmod 0.3.7, Copyright (C) 2000-2019 Nobuyuki Matubayasi
                            2010-2019 Shun Sakuraba
 ERmod comes with ABSOLUTELY NO WARRANTY.
 This is free software, and you can redistribute it
 and/or modify it under certain conditions.
 See LICENSE file for details.
 ERmod 0.3.7, Copyright (C) 2000-2019 Nobuyuki Matubayasi
                            2010-2019 Shun Sakuraba
 ERmod comes with ABSOLUTELY NO WARRANTY.
 This is free software, and you can redistribute it
 and/or modify it under certain conditions.
 See LICENSE file for details.
 
  Number of the   1-th solvent  =          180
  Number of the   2-th solvent  =          180
  Number of the   3-th solvent  =        10000
 
  Be sure that the solvent distribution is homogeneous (radial distribution function is essentially unity) when the solvent molecule is separated beyond distance of   10.0 Angstrom in any direction from any atom within the solute molecule
 
  LJ long-range correction    =        -0.0020     -0.0066     -0.1333
 
  Self-energy of the solute   =         0.0000  kcal/mol
 
 
 cumulative average & 95% error for solvation energy
              total             1st component         2nd component         3rd component
  1    -4.0459                0.0182               -0.1556               -3.9086
  2    -4.0403     0.0112     0.0116     0.0132    -0.1650     0.0188    -3.8870     0.0432
  3    -4.0368     0.0096     0.0114     0.0076    -0.1561     0.0208    -3.8920     0.0269
  4    -4.0346     0.0081     0.0146     0.0085    -0.1561     0.0147    -3.8931     0.0192
  5    -4.0400     0.0126     0.0149     0.0066    -0.1588     0.0126    -3.8962     0.0160
  6    -4.0390     0.0105     0.0153     0.0054    -0.1578     0.0105    -3.8966     0.0131
  7    -4.0402     0.0092     0.0158     0.0047    -0.1603     0.0102    -3.8957     0.0112
  8    -4.0484     0.0181     0.0152     0.0042    -0.1725     0.0260    -3.8911     0.0134
  9    -4.0457     0.0169     0.0160     0.0040    -0.1693     0.0238    -3.8924     0.0121
 10    -4.0471     0.0154     0.0161     0.0036    -0.1686     0.0214    -3.8947     0.0118
 
 
 group  inft  solvation free energy     error          difference
  total solvation free energy
   1      0          2.71329           0.01180           0.00507
   1     60          2.69490           0.01187          -0.01332
   1     80          2.59086           0.01232          -0.11736
   1    100          2.29580           0.01362          -0.41241
   2      0          2.71426           0.01137           0.00604
   3      0          2.70822           0.01114           0.00000
   4      0          2.77119           0.01150           0.06297
   5      0          2.72656           0.01087           0.01834
   5     60          2.70247           0.01096          -0.00575
   5     80          2.57665           0.01144          -0.13157
   5    100          2.30303           0.01254          -0.40519
 
  contribution from  1-th solvent component
   1      0          0.10389           0.00240           0.00318
   1     60          0.10385           0.00242           0.00314
   1     80          0.10325           0.00253           0.00254
   1    100          0.10003           0.00286          -0.00068
   2      0          0.10247           0.00223           0.00176
   3      0          0.10071           0.00226           0.00000
   4      0          0.10011           0.00213          -0.00060
   5      0          0.09966           0.00203          -0.00105
   5     60          0.09958           0.00205          -0.00114
   5     80          0.09851           0.00216          -0.00220
   5    100          0.09499           0.00242          -0.00572
 
  contribution from  2-th solvent component
   1      0         -0.01359           0.01123           0.00309
   1     60         -0.01379           0.01126           0.00289
   1     80         -0.01532           0.01141           0.00136
   1    100         -0.01998           0.01178          -0.00330
   2      0         -0.01620           0.01090           0.00048
   3      0         -0.01668           0.01100           0.00000
   4      0         -0.01805           0.01091          -0.00137
   5      0         -0.01843           0.01076          -0.00175
   5     60         -0.01875           0.01079          -0.00206
   5     80         -0.02074           0.01095          -0.00406
   5    100         -0.02524           0.01123          -0.00856
 
  contribution from  3-th solvent component
   1      0          2.62298           0.00647          -0.00120
   1     60          2.60483           0.00650          -0.01935
   1     80          2.50292           0.00671          -0.12126
   1    100          2.21575           0.00734          -0.40843
   2      0          2.62799           0.00635           0.00380
   3      0          2.62418           0.00647           0.00000
   4      0          2.68913           0.00628           0.06495
   5      0          2.64533           0.00617           0.02115
   5     60          2.62164           0.00621          -0.00255
   5     80          2.49888           0.00640          -0.12531
   5    100          2.23327           0.00691          -0.39091
 
 
 group  inft   Estimated free energy: total (kcal/mol)
   1      0       2.7021       2.7144       2.7369       2.7168       2.7044
                  2.7356       2.6989       2.6763       2.7291       2.7183
   1     60       2.6836       2.6960       2.7187       2.6985       2.6859
                  2.7174       2.6804       2.6577       2.7109       2.7000
   1     80       2.5791       2.5913       2.6155       2.5947       2.5813
                  2.6144       2.5756       2.5526       2.6077       2.5963
   1    100       2.2825       2.2952       2.3229       2.3006       2.2850
                  2.3221       2.2785       2.2543       2.3148       2.3022
   2      0       2.7016       2.7160       2.7375       2.7169       2.7052
                  2.7346       2.7031       2.6781       2.7294       2.7202
   3      0       2.6957       2.7095       2.7301       2.7117       2.6999
                  2.7300       2.6965       2.6733       2.7235       2.7120
   4      0       2.7584       2.7733       2.7949       2.7735       2.7611
                  2.7923       2.7628       2.7340       2.7859       2.7755
   5      0       2.7160       2.7289       2.7474       2.7310       2.7196
                  2.7483       2.7152       2.6911       2.7397       2.7284
   5     60       2.6919       2.7047       2.7236       2.7070       2.6954
                  2.7244       2.6909       2.6667       2.7157       2.7044
   5     80       2.5657       2.5783       2.5988       2.5816       2.5691
                  2.5996       2.5642       2.5397       2.5907       2.5789
   5    100       2.2908       2.3037       2.3274       2.3089       2.2944
                  2.3283       2.2888       2.2632       2.3188       2.3059
 
 group  inft   Estimated free energy: 1-th solvent contribution (kcal/mol)
   1      0       0.1055       0.0970       0.0983       0.1073       0.1035
                  0.1033       0.1087       0.1030       0.1074       0.1050
   1     60       0.1054       0.0970       0.0982       0.1073       0.1034
                  0.1033       0.1086       0.1029       0.1074       0.1049
   1     80       0.1049       0.0961       0.0974       0.1070       0.1027
                  0.1027       0.1081       0.1021       0.1071       0.1045
   1    100       0.1017       0.0920       0.0934       0.1044       0.0990
                  0.0998       0.1051       0.0984       0.1046       0.1018
   2      0       0.1037       0.0963       0.0972       0.1058       0.1018
                  0.1017       0.1071       0.1017       0.1056       0.1038
   3      0       0.1017       0.0942       0.0951       0.1036       0.1006
                  0.1002       0.1051       0.1005       0.1039       0.1022
   4      0       0.1010       0.0942       0.0951       0.1029       0.0995
                  0.0995       0.1050       0.1002       0.1027       0.1011
   5      0       0.1011       0.0938       0.0951       0.1025       0.0992
                  0.0986       0.1039       0.0992       0.1020       0.1012
   5     60       0.1011       0.0937       0.0950       0.1025       0.0991
                  0.0985       0.1038       0.0990       0.1019       0.1011
   5     80       0.1001       0.0924       0.0937       0.1018       0.0978
                  0.0975       0.1029       0.0978       0.1011       0.1002
   5    100       0.0966       0.0882       0.0895       0.0989       0.0940
                  0.0942       0.0996       0.0939       0.0980       0.0971
 
 group  inft   Estimated free energy: 2-th solvent contribution (kcal/mol)
   1      0      -0.0084      -0.0163       0.0071      -0.0087      -0.0158
                 -0.0035      -0.0214      -0.0582       0.0001      -0.0108
   1     60      -0.0086      -0.0166       0.0070      -0.0089      -0.0160
                 -0.0037      -0.0217      -0.0585       0.0000      -0.0110
   1     80      -0.0100      -0.0183       0.0059      -0.0104      -0.0178
                 -0.0050      -0.0234      -0.0604      -0.0013      -0.0126
   1    100      -0.0143      -0.0233       0.0024      -0.0149      -0.0230
                 -0.0091      -0.0288      -0.0661      -0.0053      -0.0174
   2      0      -0.0120      -0.0189       0.0038      -0.0111      -0.0177
                 -0.0074      -0.0226      -0.0600      -0.0030      -0.0133
   3      0      -0.0118      -0.0199       0.0028      -0.0113      -0.0188
                 -0.0073      -0.0228      -0.0609      -0.0031      -0.0138
   4      0      -0.0136      -0.0208       0.0012      -0.0129      -0.0200
                 -0.0085      -0.0234      -0.0622      -0.0048      -0.0156
   5      0      -0.0135      -0.0212       0.0005      -0.0130      -0.0210
                 -0.0093      -0.0237      -0.0619      -0.0055      -0.0156
   5     60      -0.0138      -0.0216       0.0003      -0.0133      -0.0214
                 -0.0096      -0.0240      -0.0624      -0.0058      -0.0159
   5     80      -0.0157      -0.0238      -0.0013      -0.0152      -0.0236
                 -0.0113      -0.0263      -0.0648      -0.0075      -0.0180
   5    100      -0.0200      -0.0286      -0.0049      -0.0195      -0.0286
                 -0.0154      -0.0313      -0.0701      -0.0115      -0.0226
 
 group  inft   Estimated free energy: 3-th solvent contribution (kcal/mol)
   1      0       2.6050       2.6337       2.6315       2.6182       2.6167
                  2.6359       2.6117       2.6314       2.6216       2.6241
   1     60       2.5868       2.6155       2.6135       2.6001       2.5985
                  2.6178       2.5934       2.6132       2.6034       2.6060
   1     80       2.4842       2.5135       2.5122       2.4981       2.4965
                  2.5166       2.4909       2.5109       2.5018       2.5044
   1    100       2.1951       2.2265       2.2271       2.2111       2.2090
                  2.2314       2.2021       2.2219       2.2156       2.2178
   2      0       2.6098       2.6385       2.6365       2.6222       2.6211
                  2.6403       2.6186       2.6363       2.6268       2.6297
   3      0       2.6058       2.6352       2.6321       2.6195       2.6181
                  2.6371       2.6142       2.6337       2.6226       2.6235
   4      0       2.6710       2.7000       2.6986       2.6835       2.6817
                  2.7014       2.6812       2.6960       2.6880       2.6901
   5      0       2.6285       2.6563       2.6519       2.6415       2.6414
                  2.6591       2.6349       2.6538       2.6432       2.6428
   5     60       2.6047       2.6325       2.6283       2.6178       2.6177
                  2.6355       2.6111       2.6301       2.6195       2.6192
   5     80       2.4813       2.5097       2.5064       2.4950       2.4948
                  2.5135       2.4877       2.5067       2.4971       2.4967
   5    100       2.2142       2.2441       2.2427       2.2296       2.2290
                  2.2496       2.2205       2.2394       2.2322       2.2314
 
 
 cumulative average & 95% error for solvation free energy
              total             1st component         2nd component         3rd component
  1     2.6957                0.1017               -0.0118                2.6058
  2     2.7026     0.0138     0.0979     0.0075    -0.0158     0.0081     2.6205     0.0294
  3     2.7118     0.0200     0.0970     0.0047    -0.0096     0.0133     2.6243     0.0187
  4     2.7118     0.0141     0.0986     0.0047    -0.0100     0.0094     2.6231     0.0134
  5     2.7094     0.0119     0.0990     0.0037    -0.0118     0.0081     2.6221     0.0106
  6     2.7128     0.0119     0.0992     0.0031    -0.0110     0.0068     2.6246     0.0100
  7     2.7105     0.0111     0.1001     0.0031    -0.0127     0.0066     2.6231     0.0089
  8     2.7058     0.0134     0.1001     0.0027    -0.0187     0.0133     2.6245     0.0082
  9     2.7078     0.0124     0.1005     0.0025    -0.0170     0.0123     2.6243     0.0072
 10     2.7082     0.0111     0.1007     0.0023    -0.0167     0.0110     2.6242     0.0065
