 ERmod 0.3.7, Copyright (C) 2000-2019 Nobuyuki Matubayasi
                            2010-2019 Shun Sakuraba
 ERmod comes with ABSOLUTELY NO WARRANTY.
 This is free software, and you can redistribute it
 and/or modify it under certain conditions.
 See LICENSE file for details.
 ERmod 0.3.7, Copyright (C) 2000-2019 Nobuyuki Matubayasi
                            2010-2019 Shun Sakuraba
 ERmod comes with ABSOLUTELY NO WARRANTY.
 This is free software, and you can redistribute it
 and/or modify it under certain conditions.
 See LICENSE file for details.
 
  Number of the   1-th solvent  =           90
  Number of the   2-th solvent  =           90
  Number of the   3-th solvent  =        10000
 
  Be sure that the solvent distribution is homogeneous (radial distribution function is essentially unity) when the solvent molecule is separated beyond distance of   10.0 Angstrom in any direction from any atom within the solute molecule
 
  LJ long-range correction    =        -0.0008     -0.0270     -0.5110
 
  Self-energy of the solute   =        -0.0001  kcal/mol
 
 
 cumulative average & 95% error for solvation energy
              total             1st component         2nd component         3rd component
  1   -25.6515               -0.2957               -1.7776              -23.5780
  2   -25.7480     0.1930    -0.1867     0.2181    -1.4009     0.7534   -24.1603     1.1645
  3   -25.7746     0.1235    -0.3360     0.3240    -1.4918     0.4714   -23.9467     0.7965
  4   -25.7410     0.1101    -0.1883     0.3737    -1.3845     0.3965   -24.1681     0.7165
  5   -25.7085     0.1073    -0.1701     0.2918    -1.2556     0.4009   -24.2826     0.6004
  6   -25.7291     0.0968    -0.1055     0.2710    -1.1798     0.3607   -24.4437     0.5865
  7   -25.7446     0.0875    -0.1789     0.2720    -1.1517     0.3100   -24.4140     0.4992
  8   -25.7607     0.0823    -0.1372     0.2499    -1.1970     0.2834   -24.4263     0.4331
  9   -25.7732     0.0768    -0.1376     0.2204    -1.2822     0.3025   -24.3533     0.4089
 10   -25.7636     0.0713    -0.1071     0.2063    -1.2587     0.2746   -24.3977     0.3764
 
 
 group  inft  solvation free energy     error          difference
  total solvation free energy
   1      0         -4.11968           0.05537           0.00508
   1     60         -4.14609           0.05538          -0.02133
   1     80         -4.34851           0.05547          -0.22375
   1    100         -5.02703           0.05584          -0.90227
   2      0         -4.12093           0.05398           0.00383
   3      0         -4.12476           0.05277          -0.00000
   4      0         -4.11922           0.05318           0.00554
   5      0         -4.12307           0.05276           0.00169
   5     60         -4.15866           0.05277          -0.03391
   5     80         -4.40816           0.05286          -0.28340
   5    100         -5.03171           0.05306          -0.90695
 
  contribution from  1-th solvent component
   1      0          0.07800           0.11612           0.00664
   1     60          0.07841           0.11615           0.00705
   1     80          0.08144           0.11633           0.01008
   1    100          0.08993           0.11693           0.01857
   2      0          0.07450           0.11765           0.00314
   3      0          0.07136           0.11813           0.00000
   4      0          0.07079           0.11898          -0.00057
   5      0          0.06901           0.11894          -0.00235
   5     60          0.06954           0.11898          -0.00182
   5     80          0.07293           0.11925           0.00156
   5    100          0.08010           0.11993           0.00873
 
  contribution from  2-th solvent component
   1      0         -0.66834           0.13829          -0.00644
   1     60         -0.66867           0.13830          -0.00677
   1     80         -0.67119           0.13834          -0.00929
   1    100         -0.67966           0.13846          -0.01776
   2      0         -0.66359           0.13743          -0.00169
   3      0         -0.66190           0.13725           0.00000
   4      0         -0.66092           0.13691           0.00098
   5      0         -0.66001           0.13666           0.00188
   5     60         -0.66047           0.13666           0.00143
   5     80         -0.66362           0.13670          -0.00172
   5    100         -0.67145           0.13678          -0.00955
 
  contribution from  3-th solvent component
   1      0         -3.52925           0.18273           0.00488
   1     60         -3.55574           0.18278          -0.02161
   1     80         -3.75867           0.18314          -0.22454
   1    100         -4.43721           0.18441          -0.90308
   2      0         -3.53175           0.18222           0.00238
   3      0         -3.53414           0.18245           0.00000
   4      0         -3.52900           0.18122           0.00514
   5      0         -3.53197           0.18136           0.00216
   5     60         -3.56765           0.18143          -0.03351
   5     80         -3.81737           0.18187          -0.28324
   5    100         -4.44026           0.18306          -0.90613
 
 
 group  inft   Estimated free energy: total (kcal/mol)
   1      0      -4.0823      -4.1734      -4.1785      -4.0820      -3.9521
                 -4.1023      -4.1168      -4.1934      -4.2653      -4.0506
   1     60      -4.1087      -4.2001      -4.2048      -4.1083      -3.9784
                 -4.1288      -4.1433      -4.2199      -4.2916      -4.0770
   1     80      -4.3107      -4.4043      -4.4066      -4.3100      -4.1804
                 -4.3315      -4.3463      -4.4225      -4.4935      -4.2793
   1    100      -4.9883      -5.0880      -5.0827      -4.9875      -4.8571
                 -5.0113      -5.0246      -5.1017      -5.1712      -4.9579
   2      0      -4.0828      -4.1637      -4.1844      -4.0914      -3.9560
                 -4.1044      -4.1290      -4.1830      -4.2653      -4.0492
   3      0      -4.0896      -4.1663      -4.1832      -4.1003      -3.9654
                 -4.1084      -4.1368      -4.1760      -4.2718      -4.0498
   4      0      -4.0824      -4.1556      -4.1885      -4.0966      -3.9608
                 -4.0984      -4.1387      -4.1702      -4.2627      -4.0383
   5      0      -4.0892      -4.1703      -4.1834      -4.1001      -3.9663
                 -4.0987      -4.1430      -4.1733      -4.2654      -4.0410
   5     60      -4.1247      -4.2062      -4.2189      -4.1356      -4.0018
                 -4.1343      -4.1787      -4.2090      -4.3009      -4.0766
   5     80      -4.3738      -4.4579      -4.4677      -4.3842      -4.2509
                 -4.3840      -4.4289      -4.4587      -4.5496      -4.3258
   5    100      -4.9969      -5.0865      -5.0891      -5.0066      -4.8731
                 -5.0085      -5.0524      -5.0828      -5.1719      -4.9493
 
 group  inft   Estimated free energy: 1-th solvent contribution (kcal/mol)
   1      0      -0.0222       0.0673      -0.2133       0.2563       0.1106
                  0.2937      -0.2117       0.2009       0.0497       0.2487
   1     60      -0.0219       0.0677      -0.2130       0.2568       0.1110
                  0.2942      -0.2113       0.2013       0.0501       0.2491
   1     80      -0.0192       0.0702      -0.2105       0.2605       0.1139
                  0.2980      -0.2084       0.2043       0.0533       0.2521
   1    100      -0.0118       0.0772      -0.2035       0.2709       0.1222
                  0.3091      -0.2003       0.2127       0.0623       0.2605
   2      0      -0.0254       0.0727      -0.2204       0.2416       0.1073
                  0.2931      -0.2251       0.2061       0.0478       0.2473
   3      0      -0.0308       0.0709      -0.2205       0.2357       0.0978
                  0.2906      -0.2307       0.2090       0.0426       0.2490
   4      0      -0.0297       0.0755      -0.2261       0.2307       0.0956
                  0.2925      -0.2347       0.2091       0.0460       0.2491
   5      0      -0.0316       0.0671      -0.2248       0.2292       0.0924
                  0.2916      -0.2356       0.2102       0.0420       0.2496
   5     60      -0.0312       0.0675      -0.2243       0.2299       0.0929
                  0.2923      -0.2351       0.2108       0.0425       0.2501
   5     80      -0.0284       0.0703      -0.2216       0.2342       0.0960
                  0.2969      -0.2320       0.2142       0.0463       0.2534
   5    100      -0.0226       0.0759      -0.2161       0.2434       0.1029
                  0.3069      -0.2256       0.2214       0.0543       0.2605
 
 group  inft   Estimated free energy: 2-th solvent contribution (kcal/mol)
   1      0      -0.9116      -0.5495      -0.8760      -0.5671      -0.3912
                 -0.4477      -0.5364      -0.7983      -1.0348      -0.5706
   1     60      -0.9120      -0.5499      -0.8764      -0.5675      -0.3915
                 -0.4480      -0.5367      -0.7987      -1.0351      -0.5710
   1     80      -0.9145      -0.5524      -0.8790      -0.5700      -0.3938
                 -0.4504      -0.5392      -0.8013      -1.0378      -0.5735
   1    100      -0.9230      -0.5610      -0.8876      -0.5786      -0.4017
                 -0.4586      -0.5477      -0.8099      -1.0465      -0.5820
   2      0      -0.9054      -0.5431      -0.8702      -0.5601      -0.3901
                 -0.4476      -0.5328      -0.7890      -1.0309      -0.5668
   3      0      -0.9042      -0.5398      -0.8689      -0.5598      -0.3871
                 -0.4471      -0.5326      -0.7854      -1.0281      -0.5659
   4      0      -0.9007      -0.5407      -0.8682      -0.5576      -0.3887
                 -0.4449      -0.5347      -0.7801      -1.0295      -0.5640
   5      0      -0.9030      -0.5428      -0.8662      -0.5572      -0.3868
                 -0.4462      -0.5316      -0.7802      -1.0250      -0.5611
   5     60      -0.9035      -0.5432      -0.8666      -0.5577      -0.3872
                 -0.4466      -0.5321      -0.7807      -1.0255      -0.5615
   5     80      -0.9066      -0.5464      -0.8698      -0.5609      -0.3902
                 -0.4497      -0.5352      -0.7839      -1.0288      -0.5647
   5    100      -0.9145      -0.5543      -0.8777      -0.5687      -0.3976
                 -0.4574      -0.5431      -0.7919      -1.0367      -0.5725
 
 group  inft   Estimated free energy: 3-th solvent contribution (kcal/mol)
   1      0      -3.1484      -3.6911      -3.0890      -3.7711      -3.6714
                 -3.9482      -3.3686      -3.5959      -3.2801      -3.7286
   1     60      -3.1747      -3.7178      -3.1154      -3.7975      -3.6979
                 -3.9748      -3.3953      -3.6224      -3.3065      -3.7551
   1     80      -3.3769      -3.9220      -3.3171      -4.0005      -3.9004
                 -4.1790      -3.5986      -3.8254      -3.5090      -3.9578
   1    100      -4.0534      -4.6041      -3.9916      -4.6798      -4.5775
                 -4.8617      -4.2764      -4.5044      -4.1869      -4.6363
   2      0      -3.1520      -3.6933      -3.0937      -3.7729      -3.6731
                 -3.9498      -3.3710      -3.6000      -3.2821      -3.7296
   3      0      -3.1545      -3.6973      -3.0937      -3.7761      -3.6760
                 -3.9518      -3.3735      -3.5995      -3.2862      -3.7327
   4      0      -3.1520      -3.6903      -3.0940      -3.7696      -3.6676
                 -3.9458      -3.3691      -3.5992      -3.2791      -3.7234
   5      0      -3.1544      -3.6945      -3.0924      -3.7720      -3.6718
                 -3.9440      -3.3756      -3.6033      -3.2823      -3.7295
   5     60      -3.1899      -3.7304      -3.1278      -3.8077      -3.7074
                 -3.9799      -3.4115      -3.6390      -3.3178      -3.7651
   5     80      -3.4387      -3.9817      -3.3761      -4.0574      -3.9566
                 -4.2312      -3.6616      -3.8888      -3.5671      -4.0145
   5    100      -4.0598      -4.6080      -3.9952      -4.6812      -4.5783
                 -4.8579      -4.2836      -4.5122      -4.1894      -4.6372
 
 
 cumulative average & 95% error for solvation free energy
              total             1st component         2nd component         3rd component
  1    -4.0896               -0.0308               -0.9042               -3.1545
  2    -4.1280     0.0768     0.0200     0.1017    -0.7220     0.3644    -3.4259     0.5428
  3    -4.1464     0.0576    -0.0601     0.1708    -0.7710     0.2321    -3.3152     0.3838
  4    -4.1349     0.0468     0.0138     0.1909    -0.7182     0.1951    -3.4304     0.3561
  5    -4.1010     0.0769     0.0306     0.1517    -0.6520     0.2010    -3.4795     0.2928
  6    -4.1022     0.0628     0.0740     0.1512    -0.6178     0.1777    -3.5582     0.2862
  7    -4.1071     0.0540     0.0304     0.1546    -0.6056     0.1522    -3.5318     0.2476
  8    -4.1157     0.0498     0.0528     0.1411    -0.6281     0.1392    -3.5403     0.2151
  9    -4.1331     0.0560     0.0516     0.1245    -0.6726     0.1516    -3.5121     0.1979
 10    -4.1248     0.0528     0.0714     0.1181    -0.6619     0.1373    -3.5341     0.1825
