 ERmod 0.3.7, Copyright (C) 2000-2019 Nobuyuki Matubayasi
                            2010-2019 Shun Sakuraba
 ERmod comes with ABSOLUTELY NO WARRANTY.
 This is free software, and you can redistribute it
 and/or modify it under certain conditions.
 See LICENSE file for details.
 ERmod 0.3.7, Copyright (C) 2000-2019 Nobuyuki Matubayasi
                            2010-2019 Shun Sakuraba
 ERmod comes with ABSOLUTELY NO WARRANTY.
 This is free software, and you can redistribute it
 and/or modify it under certain conditions.
 See LICENSE file for details.
 
  Number of the   1-th solvent  =          180
  Number of the   2-th solvent  =          180
  Number of the   3-th solvent  =        10000
 
  Be sure that the solvent distribution is homogeneous (radial distribution function is essentially unity) when the solvent molecule is separated beyond distance of   10.0 Angstrom in any direction from any atom within the solute molecule
 
  LJ long-range correction    =        -0.0065     -0.0462     -0.4380
 
  Self-energy of the solute   =         0.0000  kcal/mol
 
 
 cumulative average & 95% error for solvation energy
              total             1st component         2nd component         3rd component
  1   -11.7086                0.2079               -0.9510              -10.9656
  2   -11.7451     0.0729     0.2175     0.0191    -1.0321     0.1621   -10.9306     0.0700
  3   -11.7513     0.0439     0.2202     0.0123    -1.0641     0.1134   -10.9074     0.0615
  4   -11.7525     0.0311     0.2226     0.0099    -1.0504     0.0848   -10.9248     0.0558
  5   -11.7507     0.0244     0.2218     0.0079    -1.0554     0.0664   -10.9172     0.0458
  6   -11.7392     0.0304     0.2212     0.0065    -1.0363     0.0663   -10.9242     0.0399
  7   -11.7401     0.0257     0.2216     0.0056    -1.0318     0.0568   -10.9300     0.0357
  8   -11.7296     0.0306     0.2259     0.0098    -1.0165     0.0579   -10.9391     0.0359
  9   -11.7299     0.0269     0.2282     0.0098    -1.0228     0.0526   -10.9353     0.0326
 10   -11.7177     0.0343     0.2310     0.0104    -0.9990     0.0671   -10.9497     0.0410
 
 
 group  inft  solvation free energy     error          difference
  total solvation free energy
   1      0          2.97210           0.02261           0.01237
   1     60          2.95152           0.02269          -0.00821
   1     80          2.80145           0.02325          -0.15828
   1    100          2.29077           0.02517          -0.66896
   2      0          2.95938           0.02303          -0.00035
   3      0          2.95973           0.02281           0.00000
   4      0          2.93934           0.02303          -0.02040
   5      0          2.98458           0.02343           0.02485
   5     60          2.95671           0.02354          -0.00302
   5     80          2.76996           0.02426          -0.18977
   5    100          2.29575           0.02607          -0.66398
 
  contribution from  1-th solvent component
   1      0          0.39186           0.00881           0.00305
   1     60          0.39201           0.00888           0.00321
   1     80          0.39250           0.00938           0.00369
   1    100          0.39089           0.01104           0.00208
   2      0          0.38962           0.00873           0.00081
   3      0          0.38881           0.00868           0.00000
   4      0          0.38792           0.00873          -0.00089
   5      0          0.38735           0.00865          -0.00146
   5     60          0.38750           0.00873          -0.00131
   5     80          0.38760           0.00935          -0.00121
   5    100          0.38530           0.01087          -0.00351
 
  contribution from  2-th solvent component
   1      0         -0.49322           0.03326           0.00285
   1     60         -0.49351           0.03330           0.00257
   1     80         -0.49555           0.03356           0.00052
   1    100         -0.50259           0.03438          -0.00651
   2      0         -0.49506           0.03326           0.00101
   3      0         -0.49608           0.03322           0.00000
   4      0         -0.49740           0.03320          -0.00133
   5      0         -0.49761           0.03312          -0.00153
   5     60         -0.49801           0.03317          -0.00193
   5     80         -0.50071           0.03348          -0.00463
   5    100         -0.50749           0.03422          -0.01142
 
  contribution from  3-th solvent component
   1      0          3.07343           0.01861           0.00647
   1     60          3.05298           0.01864          -0.01398
   1     80          2.90446           0.01880          -0.16250
   1    100          2.40243           0.01926          -0.66453
   2      0          3.06479           0.01769          -0.00217
   3      0          3.06696           0.01759           0.00000
   4      0          3.04878           0.01766          -0.01818
   5      0          3.09480           0.01673           0.02784
   5     60          3.06718           0.01676           0.00022
   5     80          2.88303           0.01693          -0.18393
   5    100          2.41791           0.01730          -0.64905
 
 
 group  inft   Estimated free energy: total (kcal/mol)
   1      0       2.9910       2.9294       2.9546       2.9314       2.9604
                  2.9850       2.9531       3.0005       2.9670       3.0487
   1     60       2.9704       2.9087       2.9339       2.9107       2.9398
                  2.9643       2.9325       2.9801       2.9465       3.0284
   1     80       2.8195       2.7580       2.7832       2.7597       2.7895
                  2.8136       2.7817       2.8313       2.7972       2.8807
   1    100       2.3061       2.2454       2.2707       2.2455       2.2775
                  2.3008       2.2697       2.3248       2.2891       2.3781
   2      0       2.9753       2.9148       2.9437       2.9219       2.9427
                  2.9751       2.9389       2.9909       2.9533       3.0373
   3      0       2.9731       2.9163       2.9435       2.9229       2.9422
                  2.9763       2.9407       2.9923       2.9530       3.0371
   4      0       2.9544       2.8949       2.9236       2.9023       2.9218
                  2.9553       2.9188       2.9734       2.9326       3.0162
   5      0       2.9950       2.9426       2.9653       2.9472       2.9686
                  3.0020       2.9637       3.0163       2.9789       3.0663
   5     60       2.9670       2.9146       2.9373       2.9191       2.9407
                  2.9740       2.9357       2.9887       2.9511       3.0388
   5     80       2.7794       2.7270       2.7499       2.7312       2.7535
                  2.7865       2.7484       2.8035       2.7652       2.8550
   5    100       2.3031       2.2506       2.2742       2.2537       2.2779
                  2.3103       2.2735       2.3330       2.2932       2.3882
 
 group  inft   Estimated free energy: 1-th solvent contribution (kcal/mol)
   1      0       0.3720       0.3913       0.3912       0.3888       0.3803
                  0.3757       0.3917       0.4072       0.4146       0.4059
   1     60       0.3720       0.3914       0.3913       0.3890       0.3804
                  0.3758       0.3918       0.4075       0.4148       0.4062
   1     80       0.3714       0.3919       0.3911       0.3896       0.3802
                  0.3755       0.3921       0.4093       0.4163       0.4077
   1    100       0.3661       0.3905       0.3877       0.3880       0.3765
                  0.3712       0.3899       0.4118       0.4180       0.4094
   2      0       0.3694       0.3891       0.3892       0.3868       0.3783
                  0.3741       0.3887       0.4053       0.4118       0.4035
   3      0       0.3691       0.3875       0.3879       0.3861       0.3775
                  0.3737       0.3876       0.4046       0.4107       0.4033
   4      0       0.3680       0.3868       0.3876       0.3860       0.3764
                  0.3723       0.3863       0.4035       0.4098       0.4024
   5      0       0.3674       0.3861       0.3870       0.3849       0.3764
                  0.3721       0.3858       0.4029       0.4091       0.4017
   5     60       0.3674       0.3862       0.3870       0.3851       0.3765
                  0.3721       0.3859       0.4033       0.4095       0.4021
   5     80       0.3661       0.3862       0.3863       0.3853       0.3758
                  0.3713       0.3857       0.4050       0.4108       0.4034
   5    100       0.3606       0.3838       0.3825       0.3830       0.3717
                  0.3666       0.3828       0.4065       0.4115       0.4041
 
 group  inft   Estimated free energy: 2-th solvent contribution (kcal/mol)
   1      0      -0.4718      -0.5491      -0.5545      -0.5000      -0.5270
                 -0.4595      -0.5003      -0.4529      -0.5333      -0.3839
   1     60      -0.4721      -0.5494      -0.5548      -0.5003      -0.5273
                 -0.4598      -0.5006      -0.4532      -0.5337      -0.3840
   1     80      -0.4743      -0.5517      -0.5572      -0.5023      -0.5295
                 -0.4616      -0.5029      -0.4551      -0.5360      -0.3849
   1    100      -0.4819      -0.5597      -0.5654      -0.5093      -0.5370
                 -0.4681      -0.5107      -0.4616      -0.5439      -0.3882
   2      0      -0.4735      -0.5511      -0.5562      -0.5013      -0.5293
                 -0.4613      -0.5023      -0.4546      -0.5349      -0.3859
   3      0      -0.4750      -0.5525      -0.5570      -0.5017      -0.5300
                 -0.4623      -0.5026      -0.4560      -0.5366      -0.3871
   4      0      -0.4757      -0.5537      -0.5586      -0.5027      -0.5321
                 -0.4636      -0.5049      -0.4564      -0.5372      -0.3891
   5      0      -0.4761      -0.5528      -0.5586      -0.5045      -0.5312
                 -0.4641      -0.5040      -0.4579      -0.5382      -0.3885
   5     60      -0.4765      -0.5532      -0.5591      -0.5049      -0.5317
                 -0.4645      -0.5045      -0.4583      -0.5386      -0.3887
   5     80      -0.4794      -0.5563      -0.5622      -0.5077      -0.5345
                 -0.4669      -0.5074      -0.4608      -0.5417      -0.3900
   5    100      -0.4867      -0.5639      -0.5701      -0.5145      -0.5417
                 -0.4732      -0.5148      -0.4672      -0.5493      -0.3935
 
 group  inft   Estimated free energy: 3-th solvent contribution (kcal/mol)
   1      0       3.0907       3.0871       3.1178       3.0425       3.1071
                  3.0687       3.0617       3.0462       3.0857       3.0266
   1     60       3.0704       3.0666       3.0974       3.0220       3.0868
                  3.0483       3.0412       3.0257       3.0652       3.0062
   1     80       2.9224       2.9178       2.9493       2.8724       2.9388
                  2.8997       2.8925       2.8771       2.9168       2.8578
   1    100       2.4219       2.4146       2.4484       2.3668       2.4381
                  2.3976       2.3905       2.3746       2.4150       2.3569
   2      0       3.0794       3.0768       3.1107       3.0364       3.0937
                  3.0622       3.0524       3.0402       3.0764       3.0197
   3      0       3.0789       3.0812       3.1126       3.0384       3.0947
                  3.0649       3.0556       3.0436       3.0788       3.0207
   4      0       3.0621       3.0617       3.0946       3.0190       3.0775
                  3.0466       3.0373       3.0263       3.0599       3.0029
   5      0       3.1036       3.1093       3.1369       3.0667       3.1234
                  3.0940       3.0819       3.0713       3.1078       3.0530
   5     60       3.0761       3.0816       3.1094       3.0389       3.0958
                  3.0664       3.0542       3.0437       3.0802       3.0254
   5     80       2.8927       2.8970       2.9257       2.8535       2.9122
                  2.8821       2.8701       2.8594       2.8961       2.8416
   5    100       2.4292       2.4306       2.4617       2.3851       2.4479
                  2.4168       2.4055       2.3936       2.4310       2.3775
 
 
 cumulative average & 95% error for solvation free energy
              total             1st component         2nd component         3rd component
  1     2.9731                0.3691               -0.4750                3.0789
  2     2.9447     0.0567     0.3783     0.0185    -0.5137     0.0775     3.0801     0.0023
  3     2.9443     0.0328     0.3815     0.0124    -0.5282     0.0532     3.0909     0.0217
  4     2.9390     0.0255     0.3827     0.0091    -0.5215     0.0399     3.0778     0.0304
  5     2.9396     0.0198     0.3816     0.0073    -0.5232     0.0311     3.0812     0.0245
  6     2.9457     0.0203     0.3803     0.0065    -0.5131     0.0325     3.0785     0.0207
  7     2.9450     0.0172     0.3813     0.0059    -0.5116     0.0276     3.0752     0.0187
  8     2.9509     0.0190     0.3843     0.0077    -0.5046     0.0277     3.0713     0.0180
  9     2.9511     0.0168     0.3872     0.0090    -0.5082     0.0254     3.0721     0.0160
 10     2.9597     0.0228     0.3888     0.0087    -0.4961     0.0332     3.0670     0.0176
