 ERmod 0.3.7, Copyright (C) 2000-2019 Nobuyuki Matubayasi
                            2010-2019 Shun Sakuraba
 ERmod comes with ABSOLUTELY NO WARRANTY.
 This is free software, and you can redistribute it
 and/or modify it under certain conditions.
 See LICENSE file for details.
 ERmod 0.3.7, Copyright (C) 2000-2019 Nobuyuki Matubayasi
                            2010-2019 Shun Sakuraba
 ERmod comes with ABSOLUTELY NO WARRANTY.
 This is free software, and you can redistribute it
 and/or modify it under certain conditions.
 See LICENSE file for details.
 
  Number of the   1-th solvent  =           90
  Number of the   2-th solvent  =           90
  Number of the   3-th solvent  =        10000
 
  Be sure that the solvent distribution is homogeneous (radial distribution function is essentially unity) when the solvent molecule is separated beyond distance of   10.0 Angstrom in any direction from any atom within the solute molecule
 
  LJ long-range correction    =        -0.0008     -0.0129     -0.5174
 
  Self-energy of the solute   =        -0.0001  kcal/mol
 
 
 cumulative average & 95% error for solvation energy
              total             1st component         2nd component         3rd component
  1   -25.8499                0.1000               -0.7670              -25.1828
  2   -25.8189     0.0620     0.0108     0.1784    -1.0421     0.5502   -24.7875     0.7906
  3   -25.7654     0.1128    -0.2456     0.5231    -0.9748     0.3450   -24.5449     0.6662
  4   -25.7650     0.0798    -0.3252     0.4027    -0.9220     0.2658   -24.5176     0.4742
  5   -25.7834     0.0719    -0.2317     0.3637    -1.0235     0.2891   -24.5281     0.3679
  6   -25.7760     0.0605    -0.1573     0.3321    -1.0168     0.2364   -24.6017     0.3346
  7   -25.7592     0.0612    -0.3229     0.4340    -0.9617     0.2282   -24.4745     0.3803
  8   -25.7454     0.0598    -0.2874     0.3825    -0.8705     0.2690   -24.5874     0.3993
  9   -25.7327     0.0585    -0.3199     0.3436    -0.8282     0.2518   -24.5845     0.3522
 10   -25.7022     0.0803    -0.2888     0.3135    -0.7875     0.2395   -24.6258     0.3257
 
 
 group  inft  solvation free energy     error          difference
  total solvation free energy
   1      0         -3.92381           0.06846           0.00320
   1     60         -3.94524           0.06847          -0.01823
   1     80         -4.12668           0.06858          -0.19967
   1    100         -4.78284           0.06893          -0.85583
   2      0         -3.92443           0.06750           0.00258
   3      0         -3.92701           0.06557           0.00000
   4      0         -3.92030           0.06672           0.00670
   5      0         -3.92326           0.06557           0.00375
   5     60         -3.95247           0.06558          -0.02546
   5     80         -4.17920           0.06567          -0.25219
   5    100         -4.78399           0.06591          -0.85698
 
  contribution from  1-th solvent component
   1      0         -0.03628           0.15142           0.00034
   1     60         -0.03594           0.15143           0.00067
   1     80         -0.03345           0.15150           0.00316
   1    100         -0.02614           0.15178           0.01047
   2      0         -0.03609           0.15195           0.00053
   3      0         -0.03662           0.15299          -0.00000
   4      0         -0.03632           0.15240           0.00030
   5      0         -0.03640           0.15293           0.00021
   5     60         -0.03597           0.15294           0.00065
   5     80         -0.03311           0.15306           0.00351
   5    100         -0.02693           0.15340           0.00969
 
  contribution from  2-th solvent component
   1      0         -0.43803           0.13251          -0.00150
   1     60         -0.43819           0.13252          -0.00165
   1     80         -0.43960           0.13260          -0.00307
   1    100         -0.44512           0.13287          -0.00859
   2      0         -0.43653           0.13181          -0.00000
   3      0         -0.43653           0.13136           0.00000
   4      0         -0.43498           0.13085           0.00156
   5      0         -0.43457           0.12963           0.00196
   5     60         -0.43481           0.12964           0.00173
   5     80         -0.43674           0.12971          -0.00021
   5    100         -0.44216           0.12986          -0.00563
 
  contribution from  3-th solvent component
   1      0         -3.44940           0.17613           0.00436
   1     60         -3.47101           0.17615          -0.01725
   1     80         -3.65353           0.17629          -0.19976
   1    100         -4.31148           0.17716          -0.85771
   2      0         -3.45171           0.17619           0.00205
   3      0         -3.45376           0.17668           0.00000
   4      0         -3.44891           0.17575           0.00485
   5      0         -3.45219           0.17609           0.00158
   5     60         -3.48160           0.17611          -0.02784
   5     80         -3.70925           0.17630          -0.25549
   5    100         -4.31480           0.17711          -0.86104
 
 
 group  inft   Estimated free energy: total (kcal/mol)
   1      0      -4.0330      -4.0087      -3.8877      -3.9826      -4.1047
                 -3.9451      -3.8174      -3.8498      -3.8443      -3.7649
   1     60      -4.0545      -4.0301      -3.9090      -4.0041      -4.1261
                 -3.9666      -3.8388      -3.8713      -3.8657      -3.7862
   1     80      -4.2359      -4.2114      -4.0903      -4.1862      -4.3075
                 -4.1485      -4.0204      -4.0530      -4.0469      -3.9667
   1    100      -4.8925      -4.8673      -4.7455      -4.8445      -4.9630
                 -4.8067      -4.6754      -4.7103      -4.7024      -4.6208
   2      0      -4.0392      -4.0034      -3.8976      -3.9860      -4.0997
                 -3.9407      -3.8123      -3.8556      -3.8342      -3.7756
   3      0      -4.0403      -3.9958      -3.9040      -3.9865      -4.0958
                 -3.9489      -3.8127      -3.8653      -3.8427      -3.7782
   4      0      -4.0334      -3.9972      -3.9008      -3.9853      -4.0904
                 -3.9324      -3.7985      -3.8599      -3.8307      -3.7745
   5      0      -4.0388      -3.9820      -3.9079      -3.9869      -4.0925
                 -3.9395      -3.7985      -3.8684      -3.8417      -3.7764
   5     60      -4.0680      -4.0111      -3.9371      -4.0162      -4.1217
                 -3.9687      -3.8278      -3.8977      -3.8710      -3.8055
   5     80      -4.2948      -4.2377      -4.1637      -4.2436      -4.3482
                 -4.1960      -4.0546      -4.1246      -4.0977      -4.0311
   5    100      -4.9000      -4.8421      -4.7681      -4.8499      -4.9520
                 -4.8024      -4.6583      -4.7305      -4.7025      -4.6341
 
 group  inft   Estimated free energy: 1-th solvent contribution (kcal/mol)
   1      0       0.1591       0.0660      -0.2662      -0.1982       0.1008
                  0.2291      -0.5327       0.0908      -0.1371       0.1255
   1     60       0.1595       0.0664      -0.2659      -0.1978       0.1011
                  0.2295      -0.5324       0.0912      -0.1368       0.1259
   1     80       0.1621       0.0687      -0.2637      -0.1953       0.1035
                  0.2321      -0.5300       0.0941      -0.1345       0.1285
   1    100       0.1698       0.0757      -0.2572      -0.1882       0.1105
                  0.2399      -0.5233       0.1027      -0.1276       0.1363
   2      0       0.1562       0.0690      -0.2691      -0.1978       0.1057
                  0.2309      -0.5369       0.0841      -0.1281       0.1251
   3      0       0.1553       0.0742      -0.2705      -0.1992       0.1098
                  0.2330      -0.5400       0.0805      -0.1332       0.1239
   4      0       0.1525       0.0717      -0.2689      -0.1969       0.1074
                  0.2351      -0.5388       0.0804      -0.1308       0.1251
   5      0       0.1574       0.0767      -0.2712      -0.1991       0.1091
                  0.2340      -0.5379       0.0759      -0.1343       0.1255
   5     60       0.1579       0.0771      -0.2708      -0.1987       0.1095
                  0.2344      -0.5375       0.0764      -0.1339       0.1260
   5     80       0.1609       0.0799      -0.2684      -0.1957       0.1123
                  0.2375      -0.5349       0.0799      -0.1315       0.1291
   5    100       0.1674       0.0860      -0.2633      -0.1894       0.1183
                  0.2443      -0.5296       0.0873      -0.1261       0.1359
 
 group  inft   Estimated free energy: 2-th solvent contribution (kcal/mol)
   1      0      -0.4622      -0.7206      -0.4586      -0.4366      -0.7882
                 -0.5276      -0.3647      -0.1025      -0.2912      -0.2280
   1     60      -0.4624      -0.7208      -0.4588      -0.4367      -0.7883
                 -0.5278      -0.3649      -0.1027      -0.2914      -0.2282
   1     80      -0.4639      -0.7223      -0.4600      -0.4382      -0.7899
                 -0.5293      -0.3665      -0.1038      -0.2928      -0.2292
   1    100      -0.4697      -0.7284      -0.4652      -0.4438      -0.7959
                 -0.5351      -0.3725      -0.1085      -0.2985      -0.2337
   2      0      -0.4631      -0.7156      -0.4639      -0.4352      -0.7850
                 -0.5244      -0.3548      -0.1004      -0.2885      -0.2344
   3      0      -0.4613      -0.7121      -0.4663      -0.4354      -0.7846
                 -0.5284      -0.3514      -0.1026      -0.2862      -0.2369
   4      0      -0.4598      -0.7119      -0.4690      -0.4344      -0.7810
                 -0.5241      -0.3433      -0.1058      -0.2854      -0.2350
   5      0      -0.4609      -0.7052      -0.4689      -0.4331      -0.7817
                 -0.5212      -0.3421      -0.1103      -0.2841      -0.2381
   5     60      -0.4612      -0.7055      -0.4691      -0.4333      -0.7820
                 -0.5215      -0.3424      -0.1105      -0.2843      -0.2383
   5     80      -0.4632      -0.7076      -0.4709      -0.4353      -0.7840
                 -0.5235      -0.3445      -0.1122      -0.2864      -0.2398
   5    100      -0.4688      -0.7134      -0.4762      -0.4409      -0.7896
                 -0.5291      -0.3502      -0.1171      -0.2920      -0.2445
 
 group  inft   Estimated free energy: 3-th solvent contribution (kcal/mol)
   1      0      -3.7298      -3.3540      -3.1627      -3.3478      -3.4172
                 -3.6465      -2.9199      -3.8380      -3.4158      -3.6622
   1     60      -3.7514      -3.3756      -3.1842      -3.3695      -3.4388
                 -3.6681      -2.9415      -3.8598      -3.4374      -3.6838
   1     80      -3.9340      -3.5577      -3.3664      -3.5526      -3.6209
                 -3.8512      -3.1238      -4.0432      -3.6195      -3.8659
   1    100      -4.5926      -4.2145      -4.0230      -4.2124      -4.2774
                 -4.5115      -3.7794      -4.7044      -4.2761      -4.5234
   2      0      -3.7322      -3.3566      -3.1645      -3.3529      -3.4204
                 -3.6470      -2.9206      -3.8391      -3.4175      -3.6662
   3      0      -3.7343      -3.3577      -3.1670      -3.3518      -3.4209
                 -3.6533      -2.9211      -3.8431      -3.4232      -3.6652
   4      0      -3.7260      -3.3569      -3.1628      -3.3538      -3.4167
                 -3.6434      -2.9163      -3.8344      -3.4143      -3.6645
   5      0      -3.7352      -3.3533      -3.1677      -3.3545      -3.4197
                 -3.6521      -2.9184      -3.8339      -3.4232      -3.6638
   5     60      -3.7646      -3.3826      -3.1971      -3.3841      -3.4491
                 -3.6816      -2.9478      -3.8635      -3.4526      -3.6931
   5     80      -3.9924      -3.6099      -3.4243      -3.6124      -3.6763
                 -3.9099      -3.1751      -4.0922      -3.6798      -3.9203
   5    100      -4.5986      -4.2146      -4.0285      -4.2195      -4.2806
                 -4.5174      -3.7784      -4.7007      -4.2843      -4.5254
 
 
 cumulative average & 95% error for solvation free energy
              total             1st component         2nd component         3rd component
  1    -4.0403                0.1553               -0.4613               -3.7343
  2    -4.0180     0.0445     0.1148     0.0812    -0.5867     0.2509    -3.5460     0.3766
  3    -3.9800     0.0803    -0.0137     0.2611    -0.5466     0.1656    -3.4197     0.3333
  4    -3.9816     0.0568    -0.0601     0.2066    -0.5188     0.1296    -3.4027     0.2381
  5    -4.0045     0.0634    -0.0261     0.1739    -0.5720     0.1462    -3.4063     0.1846
  6    -3.9952     0.0550     0.0171     0.1662    -0.5647     0.1203    -3.4475     0.1717
  7    -3.9691     0.0699    -0.0625     0.2123    -0.5342     0.1185    -3.3723     0.2090
  8    -3.9561     0.0658    -0.0446     0.1873    -0.4803     0.1489    -3.4312     0.2159
  9    -3.9435     0.0633    -0.0545     0.1663    -0.4587     0.1382    -3.4303     0.1904
 10    -3.9270     0.0656    -0.0366     0.1530    -0.4365     0.1314    -3.4538     0.1767
