 ERmod 0.3.7, Copyright (C) 2000-2019 Nobuyuki Matubayasi
                            2010-2019 Shun Sakuraba
 ERmod comes with ABSOLUTELY NO WARRANTY.
 This is free software, and you can redistribute it
 and/or modify it under certain conditions.
 See LICENSE file for details.
 ERmod 0.3.7, Copyright (C) 2000-2019 Nobuyuki Matubayasi
                            2010-2019 Shun Sakuraba
 ERmod comes with ABSOLUTELY NO WARRANTY.
 This is free software, and you can redistribute it
 and/or modify it under certain conditions.
 See LICENSE file for details.
 
  Number of the   1-th solvent  =          180
  Number of the   2-th solvent  =          180
  Number of the   3-th solvent  =        10000
 
  Be sure that the solvent distribution is homogeneous (radial distribution function is essentially unity) when the solvent molecule is separated beyond distance of   10.0 Angstrom in any direction from any atom within the solute molecule
 
  LJ long-range correction    =        -0.0009     -0.0311     -0.2945
 
  Self-energy of the solute   =        -0.0001  kcal/mol
 
 
 cumulative average & 95% error for solvation energy
              total             1st component         2nd component         3rd component
  1   -21.4420                0.1010               -1.5572              -19.9857
  2   -21.3992     0.0858    -0.2302     0.6624    -1.6251     0.1357   -19.5438     0.8839
  3   -21.3711     0.0748    -0.6449     0.9132    -1.5390     0.1892   -19.1872     0.8769
  4   -21.4222     0.1151    -1.1026     1.1204    -1.5470     0.1347   -18.7725     1.0356
  5   -21.3979     0.1015    -0.8830     0.9726    -1.7420     0.4037   -18.7728     0.8022
  6   -21.4276     0.1020    -0.8322     0.8006    -1.8592     0.4044   -18.7362     0.6591
  7   -21.4023     0.1000    -0.7376     0.7026    -1.8983     0.3506   -18.7663     0.5603
  8   -21.3949     0.0879    -0.7422     0.6086    -1.8120     0.3492   -18.8406     0.5074
  9   -21.4087     0.0823    -0.6502     0.5673    -1.8989     0.3536   -18.8596     0.4491
 10   -21.4180     0.0759    -0.5769     0.5282    -1.8859     0.3173   -18.9551     0.4448
 
 
 group  inft  solvation free energy     error          difference
  total solvation free energy
   1      0         -4.68434           0.03648           0.00195
   1     60         -4.71507           0.03650          -0.02878
   1     80         -4.90105           0.03661          -0.21476
   1    100         -5.40348           0.03680          -0.71719
   2      0         -4.68430           0.03497           0.00199
   3      0         -4.68629           0.03480          -0.00000
   4      0         -4.68528           0.03431           0.00101
   5      0         -4.68800           0.03219          -0.00171
   5     60         -4.72858           0.03221          -0.04229
   5     80         -4.95070           0.03229          -0.26441
   5    100         -5.40825           0.03236          -0.72196
 
  contribution from  1-th solvent component
   1      0         -0.09770           0.27140           0.00850
   1     60         -0.09708           0.27142           0.00913
   1     80         -0.09346           0.27162           0.01275
   1    100         -0.08528           0.27215           0.02092
   2      0         -0.10414           0.27421           0.00207
   3      0         -0.10620           0.27433           0.00000
   4      0         -0.10880           0.27567          -0.00260
   5      0         -0.10706           0.27582          -0.00086
   5     60         -0.10629           0.27586          -0.00008
   5     80         -0.10235           0.27613           0.00385
   5    100         -0.09575           0.27669           0.01046
 
  contribution from  2-th solvent component
   1      0         -0.99366           0.14563          -0.01085
   1     60         -0.99456           0.14563          -0.01175
   1     80         -0.99987           0.14566          -0.01706
   1    100         -1.01371           0.14571          -0.03090
   2      0         -0.98518           0.14455          -0.00237
   3      0         -0.98281           0.14423           0.00000
   4      0         -0.98006           0.14480           0.00275
   5      0         -0.97993           0.14449           0.00288
   5     60         -0.98113           0.14450           0.00169
   5     80         -0.98747           0.14453          -0.00466
   5    100         -1.00004           0.14457          -0.01723
 
  contribution from  3-th solvent component
   1      0         -3.59291           0.23895           0.00429
   1     60         -3.62337           0.23899          -0.02616
   1     80         -3.80765           0.23934          -0.21045
   1    100         -4.30442           0.24056          -0.70721
   2      0         -3.59492           0.23875           0.00228
   3      0         -3.59721           0.23954           0.00000
   4      0         -3.59635           0.23872           0.00086
   5      0         -3.60094           0.23919          -0.00373
   5     60         -3.64110           0.23925          -0.04390
   5     80         -3.86080           0.23969          -0.26360
   5    100         -4.31239           0.24086          -0.71519
 
 
 group  inft   Estimated free energy: total (kcal/mol)
   1      0      -4.6820      -4.6340      -4.6154      -4.7295      -4.6257
                 -4.7066      -4.6251      -4.6972      -4.7768      -4.7511
   1     60      -4.7129      -4.6648      -4.6462      -4.7602      -4.6562
                 -4.7374      -4.6557      -4.7280      -4.8075      -4.7819
   1     80      -4.8994      -4.8507      -4.8322      -4.9458      -4.8415
                 -4.9236      -4.8412      -4.9143      -4.9932      -4.9685
   1    100      -5.4036      -5.3525      -5.3340      -5.4462      -5.3436
                 -5.4255      -5.3434      -5.4174      -5.4961      -5.4725
   2      0      -4.6761      -4.6386      -4.6158      -4.7357      -4.6362
                 -4.7041      -4.6166      -4.7166      -4.7692      -4.7342
   3      0      -4.6763      -4.6410      -4.6177      -4.7345      -4.6431
                 -4.7017      -4.6174      -4.7251      -4.7729      -4.7333
   4      0      -4.6690      -4.6426      -4.6108      -4.7326      -4.6485
                 -4.7093      -4.6188      -4.7283      -4.7680      -4.7249
   5      0      -4.6755      -4.6423      -4.6240      -4.7335      -4.6575
                 -4.7048      -4.6198      -4.7341      -4.7612      -4.7273
   5     60      -4.7162      -4.6829      -4.6646      -4.7740      -4.6979
                 -4.7455      -4.6602      -4.7749      -4.8016      -4.7680
   5     80      -4.9389      -4.9050      -4.8868      -4.9955      -4.9196
                 -4.9680      -4.8815      -4.9976      -5.0234      -4.9907
   5    100      -5.3977      -5.3622      -5.3438      -5.4510      -5.3776
                 -5.4253      -5.3385      -5.4560      -5.4811      -5.4492
 
 group  inft   Estimated free energy: 1-th solvent contribution (kcal/mol)
   1      0       0.2679      -0.0976      -0.5857      -1.0400       0.1957
                 -0.0897       0.1386      -0.2516       0.2334       0.2519
   1     60       0.2687      -0.0971      -0.5852      -1.0394       0.1964
                 -0.0892       0.1393      -0.2509       0.2341       0.2525
   1     80       0.2728      -0.0939      -0.5821      -1.0363       0.2001
                 -0.0861       0.1434      -0.2469       0.2382       0.2563
   1    100       0.2823      -0.0869      -0.5753      -1.0294       0.2086
                 -0.0791       0.1525      -0.2381       0.2477       0.2649
   2      0       0.2701      -0.1060      -0.5895      -1.0555       0.1761
                 -0.0923       0.1373      -0.2735       0.2326       0.2593
   3      0       0.2717      -0.1072      -0.5931      -1.0549       0.1679
                 -0.0921       0.1372      -0.2822       0.2280       0.2628
   4      0       0.2765      -0.1101      -0.5927      -1.0616       0.1620
                 -0.1003       0.1354      -0.2906       0.2306       0.2628
   5      0       0.2728      -0.1079      -0.5971      -1.0561       0.1631
                 -0.0943       0.1403      -0.2943       0.2371       0.2657
   5     60       0.2736      -0.1072      -0.5964      -1.0554       0.1638
                 -0.0936       0.1412      -0.2935       0.2380       0.2665
   5     80       0.2783      -0.1040      -0.5931      -1.0520       0.1675
                 -0.0904       0.1458      -0.2893       0.2428       0.2708
   5    100       0.2866      -0.0987      -0.5879      -1.0466       0.1737
                 -0.0851       0.1537      -0.2824       0.2510       0.2782
 
 group  inft   Estimated free energy: 2-th solvent contribution (kcal/mol)
   1      0      -0.8328      -0.9053      -0.7273      -0.8841      -1.2365
                 -1.2868      -1.0859      -0.6796      -1.3224      -0.9760
   1     60      -0.8337      -0.9061      -0.7281      -0.8850      -1.2374
                 -1.2877      -1.0868      -0.6805      -1.3233      -0.9769
   1     80      -0.8390      -0.9114      -0.7333      -0.8904      -1.2426
                 -1.2931      -1.0923      -0.6857      -1.3287      -0.9823
   1    100      -0.8527      -0.9251      -0.7467      -0.9044      -1.2563
                 -1.3069      -1.1064      -0.6995      -1.3428      -0.9963
   2      0      -0.8269      -0.9002      -0.7212      -0.8727      -1.2230
                 -1.2795      -1.0752      -0.6743      -1.3126      -0.9662
   3      0      -0.8242      -0.8990      -0.7201      -0.8713      -1.2201
                 -1.2755      -1.0730      -0.6707      -1.3092      -0.9650
   4      0      -0.8243      -0.8994      -0.7143      -0.8627      -1.2185
                 -1.2723      -1.0739      -0.6665      -1.3070      -0.9617
   5      0      -0.8227      -0.8975      -0.7159      -0.8673      -1.2217
                 -1.2719      -1.0723      -0.6660      -1.3035      -0.9606
   5     60      -0.8239      -0.8987      -0.7171      -0.8685      -1.2229
                 -1.2731      -1.0735      -0.6672      -1.3047      -0.9618
   5     80      -0.8302      -0.9049      -0.7233      -0.8749      -1.2292
                 -1.2794      -1.0799      -0.6735      -1.3112      -0.9682
   5    100      -0.8427      -0.9174      -0.7355      -0.8876      -1.2415
                 -1.2920      -1.0928      -0.6860      -1.3240      -0.9808
 
 group  inft   Estimated free energy: 3-th solvent contribution (kcal/mol)
   1      0      -4.1172      -3.6311      -3.3024      -2.8054      -3.5848
                 -3.3299      -3.6778      -3.7659      -3.6877      -4.0270
   1     60      -4.1478      -3.6615      -3.3328      -2.8357      -3.6151
                 -3.3604      -3.7081      -3.7966      -3.7181      -4.0575
   1     80      -4.3332      -3.8453      -3.5168      -3.0191      -3.7989
                 -3.5444      -3.8922      -3.9816      -3.9027      -4.2424
   1    100      -4.8331      -4.3404      -4.0120      -3.5123      -4.2958
                 -4.0394      -4.3895      -4.4797      -4.4010      -4.7411
   2      0      -4.1193      -3.6324      -3.3051      -2.8074      -3.5893
                 -3.3322      -3.6786      -3.7687      -3.6891      -4.0273
   3      0      -4.1237      -3.6347      -3.3044      -2.8082      -3.5908
                 -3.3339      -3.6815      -3.7722      -3.6917      -4.0310
   4      0      -4.1211      -3.6331      -3.3037      -2.8082      -3.5919
                 -3.3366      -3.6803      -3.7711      -3.6916      -4.0260
   5      0      -4.1256      -3.6368      -3.3109      -2.8101      -3.5988
                 -3.3386      -3.6878      -3.7738      -3.6947      -4.0324
   5     60      -4.1660      -3.6769      -3.3510      -2.8501      -3.6387
                 -3.3788      -3.7278      -3.8142      -3.7349      -4.0727
   5     80      -4.3870      -3.8960      -3.5703      -3.0686      -3.8579
                 -3.5981      -3.9473      -4.0347      -3.9550      -4.2932
   5    100      -4.8415      -4.3460      -4.0204      -3.5167      -4.3097
                 -4.0481      -4.3994      -4.4875      -4.4081      -4.7466
 
 
 cumulative average & 95% error for solvation free energy
              total             1st component         2nd component         3rd component
  1    -4.6763                0.2717               -0.8242               -4.1237
  2    -4.6587     0.0353     0.0822     0.3789    -0.8616     0.0748    -3.8792     0.4889
  3    -4.6450     0.0341    -0.1429     0.5006    -0.8144     0.1038    -3.6876     0.4760
  4    -4.6674     0.0508    -0.3709     0.5772    -0.8286     0.0787    -3.4677     0.5537
  5    -4.6625     0.0405    -0.2631     0.4964    -0.9069     0.1680    -3.4924     0.4317
  6    -4.6690     0.0356    -0.2346     0.4093    -0.9684     0.1842    -3.4659     0.3564
  7    -4.6617     0.0335    -0.1815     0.3618    -0.9833     0.1585    -3.4967     0.3075
  8    -4.6696     0.0331    -0.1941     0.3144    -0.9442     0.1580    -3.5312     0.2750
  9    -4.6811     0.0371    -0.1472     0.2927    -0.9848     0.1612    -3.5490     0.2452
 10    -4.6863     0.0348    -0.1062     0.2743    -0.9828     0.1442    -3.5972     0.2395
