 ERmod 0.3.7, Copyright (C) 2000-2019 Nobuyuki Matubayasi
                            2010-2019 Shun Sakuraba
 ERmod comes with ABSOLUTELY NO WARRANTY.
 This is free software, and you can redistribute it
 and/or modify it under certain conditions.
 See LICENSE file for details.
 ERmod 0.3.7, Copyright (C) 2000-2019 Nobuyuki Matubayasi
                            2010-2019 Shun Sakuraba
 ERmod comes with ABSOLUTELY NO WARRANTY.
 This is free software, and you can redistribute it
 and/or modify it under certain conditions.
 See LICENSE file for details.
 
  Number of the   1-th solvent  =          180
  Number of the   2-th solvent  =          180
  Number of the   3-th solvent  =        10000
 
  Be sure that the solvent distribution is homogeneous (radial distribution function is essentially unity) when the solvent molecule is separated beyond distance of   10.0 Angstrom in any direction from any atom within the solute molecule
 
  LJ long-range correction    =        -0.0055     -0.0306     -0.2897
 
  Self-energy of the solute   =        -0.0001  kcal/mol
 
 
 cumulative average & 95% error for solvation energy
              total             1st component         2nd component         3rd component
  1   -21.3772               -0.9761               -1.4436              -18.9574
  2   -21.3163     0.1218    -0.6426     0.6669    -1.3481     0.1910   -19.3255     0.7361
  3   -21.3470     0.0934    -0.5303     0.4458    -1.5785     0.4736   -19.2382     0.4594
  4   -21.3595     0.0706    -0.7154     0.4863    -1.6048     0.3390   -19.0392     0.5138
  5   -21.3471     0.0600    -0.8369     0.4482    -1.6575     0.2830   -18.8526     0.5455
  6   -21.3474     0.0490    -0.8687     0.3714    -1.6478     0.2319   -18.8308     0.4475
  7   -21.3321     0.0515    -0.9414     0.3460    -1.5158     0.3287   -18.8748     0.3883
  8   -21.3341     0.0448    -1.0531     0.3737    -1.5336     0.2869   -18.7473     0.4221
  9   -21.3110     0.0607    -1.0676     0.3309    -1.5336     0.2530   -18.7098     0.3797
 10   -21.3069     0.0549    -1.1101     0.3079    -1.5607     0.2327   -18.6360     0.3703
 
 
 group  inft  solvation free energy     error          difference
  total solvation free energy
   1      0         -4.81253           0.09153          -0.01052
   1     60         -4.84275           0.09151          -0.04075
   1     80         -5.02853           0.09143          -0.22653
   1    100         -5.53457           0.09117          -0.73257
   2      0         -4.80375           0.08971          -0.00174
   3      0         -4.80200           0.08988           0.00000
   4      0         -4.79810           0.08969           0.00390
   5      0         -4.80056           0.08377           0.00144
   5     60         -4.84058           0.08375          -0.03858
   5     80         -5.06254           0.08364          -0.26053
   5    100         -5.52295           0.08339          -0.72095
 
  contribution from  1-th solvent component
   1      0         -0.35987           0.16286          -0.00421
   1     60         -0.36019           0.16288          -0.00453
   1     80         -0.36230           0.16296          -0.00664
   1    100         -0.36863           0.16318          -0.01297
   2      0         -0.35712           0.15886          -0.00146
   3      0         -0.35566           0.15821           0.00000
   4      0         -0.35433           0.15806           0.00133
   5      0         -0.35264           0.15660           0.00301
   5     60         -0.35309           0.15662           0.00256
   5     80         -0.35577           0.15668          -0.00011
   5    100         -0.36177           0.15679          -0.00612
 
  contribution from  2-th solvent component
   1      0         -0.86966           0.13558          -0.01031
   1     60         -0.87052           0.13559          -0.01117
   1     80         -0.87564           0.13562          -0.01629
   1    100         -0.88912           0.13567          -0.02977
   2      0         -0.86209           0.13468          -0.00274
   3      0         -0.85935           0.13415           0.00000
   4      0         -0.85856           0.13399           0.00079
   5      0         -0.85751           0.13183           0.00183
   5     60         -0.85865           0.13184           0.00069
   5     80         -0.86478           0.13185          -0.00544
   5    100         -0.87703           0.13187          -0.01768
 
  contribution from  3-th solvent component
   1      0         -3.58295           0.17022           0.00400
   1     60         -3.61200           0.17029          -0.02505
   1     80         -3.79055           0.17064          -0.20360
   1    100         -4.27677           0.17140          -0.68982
   2      0         -3.58449           0.16970           0.00246
   3      0         -3.58695           0.17025           0.00000
   4      0         -3.58517           0.16948           0.00178
   5      0         -3.59035           0.16900          -0.00341
   5     60         -3.62878           0.16909          -0.04184
   5     80         -3.84193           0.16950          -0.25498
   5    100         -4.28410           0.17017          -0.69715
 
 
 group  inft   Estimated free energy: total (kcal/mol)
   1      0      -4.7245      -4.6881      -4.8520      -5.0559      -4.8164
                 -4.9730      -4.6411      -4.9614      -4.6580      -4.7548
   1     60      -4.7549      -4.7185      -4.8823      -5.0860      -4.8465
                 -5.0032      -4.6715      -4.9916      -4.6882      -4.7849
   1     80      -4.9411      -4.9050      -5.0684      -5.2717      -5.0317
                 -5.1889      -4.8578      -5.1772      -4.8735      -4.9698
   1    100      -5.4482      -5.4132      -5.5747      -5.7775      -5.5367
                 -5.6941      -5.3653      -5.6834      -5.3789      -5.4737
   2      0      -4.7147      -4.6887      -4.8528      -5.0394      -4.8034
                 -4.9623      -4.6380      -4.9482      -4.6456      -4.7445
   3      0      -4.7153      -4.6936      -4.8523      -5.0434      -4.7980
                 -4.9538      -4.6386      -4.9476      -4.6385      -4.7389
   4      0      -4.7115      -4.6858      -4.8509      -5.0341      -4.7946
                 -4.9566      -4.6373      -4.9414      -4.6342      -4.7345
   5      0      -4.7176      -4.6904      -4.8600      -5.0237      -4.7842
                 -4.9416      -4.6502      -4.9365      -4.6537      -4.7479
   5     60      -4.7578      -4.7306      -4.9001      -5.0637      -4.8240
                 -4.9816      -4.6904      -4.9764      -4.6936      -4.7877
   5     80      -4.9803      -4.9537      -5.1225      -5.2855      -5.0453
                 -5.2033      -4.9130      -5.1980      -4.9151      -5.0086
   5    100      -5.4417      -5.4163      -5.5833      -5.7456      -5.5048
                 -5.6628      -5.3748      -5.6584      -5.3748      -5.4670
 
 group  inft   Estimated free energy: 1-th solvent contribution (kcal/mol)
   1      0      -0.2474       0.0765       0.0337      -0.5456      -0.4672
                 -0.3665      -0.4372      -0.7663      -0.3722      -0.5065
   1     60      -0.2477       0.0762       0.0334      -0.5460      -0.4675
                 -0.3668      -0.4376      -0.7667      -0.3725      -0.5068
   1     80      -0.2498       0.0743       0.0315      -0.5482      -0.4697
                 -0.3689      -0.4398      -0.7690      -0.3744      -0.5090
   1    100      -0.2562       0.0684       0.0258      -0.5548      -0.4763
                 -0.3751      -0.4465      -0.7758      -0.3804      -0.5154
   2      0      -0.2431       0.0665       0.0253      -0.5356      -0.4583
                 -0.3613      -0.4344      -0.7567      -0.3708      -0.5028
   3      0      -0.2413       0.0626       0.0256      -0.5371      -0.4568
                 -0.3524      -0.4302      -0.7550      -0.3701      -0.5019
   4      0      -0.2408       0.0667       0.0251      -0.5321      -0.4549
                 -0.3569      -0.4323      -0.7536      -0.3666      -0.4980
   5      0      -0.2414       0.0661       0.0231      -0.5214      -0.4489
                 -0.3462      -0.4342      -0.7465      -0.3728      -0.5043
   5     60      -0.2418       0.0656       0.0227      -0.5219      -0.4493
                 -0.3466      -0.4347      -0.7470      -0.3732      -0.5047
   5     80      -0.2445       0.0631       0.0201      -0.5247      -0.4521
                 -0.3492      -0.4375      -0.7498      -0.3756      -0.5074
   5    100      -0.2505       0.0572       0.0145      -0.5309      -0.4583
                 -0.3551      -0.4439      -0.7561      -0.3813      -0.5134
 
 group  inft   Estimated free energy: 2-th solvent contribution (kcal/mol)
   1      0      -0.7371      -0.6834      -1.1108      -1.0306      -0.9996
                 -0.9978      -0.4010      -0.9694      -0.7998      -0.9670
   1     60      -0.7379      -0.6843      -1.1117      -1.0315      -1.0005
                 -0.9987      -0.4018      -0.9703      -0.8007      -0.9679
   1     80      -0.7430      -0.6895      -1.1169      -1.0366      -1.0055
                 -1.0039      -0.4068      -0.9753      -0.8058      -0.9730
   1    100      -0.7564      -0.7031      -1.1307      -1.0499      -1.0189
                 -1.0176      -0.4200      -0.9887      -0.8194      -0.9864
   2      0      -0.7283      -0.6733      -1.1033      -1.0206      -0.9938
                 -0.9919      -0.4013      -0.9626      -0.7881      -0.9578
   3      0      -0.7264      -0.6709      -1.0997      -1.0212      -0.9889
                 -0.9902      -0.4027      -0.9613      -0.7798      -0.9524
   4      0      -0.7273      -0.6690      -1.1018      -1.0189      -0.9852
                 -0.9909      -0.4026      -0.9585      -0.7809      -0.9505
   5      0      -0.7282      -0.6716      -1.1012      -1.0136      -0.9789
                 -0.9830      -0.4080      -0.9542      -0.7849      -0.9516
   5     60      -0.7294      -0.6728      -1.1024      -1.0147      -0.9801
                 -0.9841      -0.4091      -0.9553      -0.7860      -0.9527
   5     80      -0.7355      -0.6790      -1.1086      -1.0208      -0.9861
                 -0.9903      -0.4151      -0.9614      -0.7922      -0.9589
   5    100      -0.7477      -0.6914      -1.1211      -1.0329      -0.9982
                 -1.0027      -0.4273      -0.9735      -0.8045      -0.9710
 
 group  inft   Estimated free energy: 3-th solvent contribution (kcal/mol)
   1      0      -3.7401      -4.0811      -3.7748      -3.4795      -3.3496
                 -3.6087      -3.8029      -3.2257      -3.4860      -3.2812
   1     60      -3.7692      -4.1103      -3.8039      -3.5085      -3.3785
                 -3.6377      -3.8320      -3.2546      -3.5150      -3.3101
   1     80      -3.9482      -4.2898      -3.9829      -3.6869      -3.5564
                 -3.8161      -4.0112      -3.4329      -3.6932      -3.4877
   1    100      -4.4355      -4.7785      -4.4698      -4.1727      -4.0415
                 -4.3014      -4.4988      -3.9188      -4.1790      -3.9718
   2      0      -3.7433      -4.0819      -3.7748      -3.4831      -3.3513
                 -3.6090      -3.8023      -3.2288      -3.4865      -3.2839
   3      0      -3.7475      -4.0853      -3.7782      -3.4851      -3.3523
                 -3.6112      -3.8056      -3.2312      -3.4885      -3.2845
   4      0      -3.7434      -4.0835      -3.7742      -3.4830      -3.3545
                 -3.6087      -3.8023      -3.2293      -3.4867      -3.2859
   5      0      -3.7480      -4.0848      -3.7818      -3.4887      -3.3563
                 -3.6123      -3.8079      -3.2358      -3.4960      -3.2920
   5     60      -3.7865      -4.1235      -3.8204      -3.5270      -3.3946
                 -3.6508      -3.8465      -3.2741      -3.5344      -3.3302
   5     80      -4.0003      -4.3377      -4.0340      -3.7399      -3.6070
                 -3.8637      -4.0603      -3.4868      -3.7472      -3.5423
   5    100      -4.4434      -4.7822      -4.4766      -4.1818      -4.0482
                 -4.3050      -4.5036      -3.9286      -4.1890      -3.9826
 
 
 cumulative average & 95% error for solvation free energy
              total             1st component         2nd component         3rd component
  1    -4.7153               -0.2413               -0.7264               -3.7475
  2    -4.7044     0.0217    -0.0893     0.3039    -0.6987     0.0556    -3.9164     0.3377
  3    -4.7537     0.0994    -0.0510     0.1915    -0.8323     0.2692    -3.8703     0.2156
  4    -4.8262     0.1610    -0.1725     0.2782    -0.8796     0.2125    -3.7740     0.2457
  5    -4.8205     0.1252    -0.2294     0.2436    -0.9014     0.1703    -3.6897     0.2543
  6    -4.8427     0.1115    -0.2499     0.2031    -0.9162     0.1422    -3.6766     0.2093
  7    -4.8136     0.1108    -0.2756     0.1792    -0.8429     0.1896    -3.6950     0.1807
  8    -4.8303     0.1016    -0.3356     0.1961    -0.8577     0.1669    -3.6371     0.1947
  9    -4.8090     0.0993    -0.3394     0.1731    -0.8490     0.1482    -3.6205     0.1749
 10    -4.8020     0.0899    -0.3557     0.1582    -0.8593     0.1342    -3.5869     0.1703
