 ERmod 0.3.7, Copyright (C) 2000-2019 Nobuyuki Matubayasi
                            2010-2019 Shun Sakuraba
 ERmod comes with ABSOLUTELY NO WARRANTY.
 This is free software, and you can redistribute it
 and/or modify it under certain conditions.
 See LICENSE file for details.
 ERmod 0.3.7, Copyright (C) 2000-2019 Nobuyuki Matubayasi
                            2010-2019 Shun Sakuraba
 ERmod comes with ABSOLUTELY NO WARRANTY.
 This is free software, and you can redistribute it
 and/or modify it under certain conditions.
 See LICENSE file for details.
 
  Number of the   1-th solvent  =          180
  Number of the   2-th solvent  =          180
  Number of the   3-th solvent  =        10000
 
  Be sure that the solvent distribution is homogeneous (radial distribution function is essentially unity) when the solvent molecule is separated beyond distance of   10.0 Angstrom in any direction from any atom within the solute molecule
 
  LJ long-range correction    =        -0.0024     -0.0137     -0.1298
 
  Self-energy of the solute   =         0.0000  kcal/mol
 
 
 cumulative average & 95% error for solvation energy
              total             1st component         2nd component         3rd component
  1    -4.0744                0.0216               -0.2607               -3.8353
  2    -4.0718     0.0054     0.0175     0.0083    -0.2547     0.0121    -3.8346     0.0015
  3    -4.0703     0.0042     0.0174     0.0048    -0.2550     0.0070    -3.8328     0.0037
  4    -4.0744     0.0087     0.0173     0.0034    -0.2600     0.0112    -3.8318     0.0033
  5    -4.0781     0.0099     0.0155     0.0045    -0.2633     0.0109    -3.8302     0.0040
  6    -4.0732     0.0127     0.0157     0.0037    -0.2548     0.0192    -3.8341     0.0083
  7    -4.0778     0.0141     0.0158     0.0031    -0.2641     0.0246    -3.8295     0.0116
  8    -4.0799     0.0129     0.0125     0.0071    -0.2693     0.0238    -3.8230     0.0163
  9    -4.0801     0.0114     0.0130     0.0063    -0.2707     0.0211    -3.8225     0.0144
 10    -4.0872     0.0175     0.0118     0.0061    -0.2886     0.0405    -3.8104     0.0273
 
 
 group  inft  solvation free energy     error          difference
  total solvation free energy
   1      0          2.56959           0.00905           0.00643
   1     60          2.54924           0.00912          -0.01392
   1     80          2.43646           0.00955          -0.12670
   1    100          2.11768           0.01069          -0.44548
   2      0          2.56928           0.00907           0.00612
   3      0          2.56316           0.00857           0.00000
   4      0          2.62370           0.00911           0.06054
   5      0          2.58088           0.00845           0.01772
   5     60          2.55413           0.00852          -0.00903
   5     80          2.41726           0.00893          -0.14590
   5    100          2.12148           0.00976          -0.44168
 
  contribution from  1-th solvent component
   1      0          0.10629           0.00452           0.00392
   1     60          0.10627           0.00456           0.00390
   1     80          0.10588           0.00483           0.00350
   1    100          0.10329           0.00554           0.00092
   2      0          0.10424           0.00433           0.00186
   3      0          0.10238           0.00428           0.00000
   4      0          0.10150           0.00414          -0.00088
   5      0          0.10098           0.00411          -0.00140
   5     60          0.10089           0.00417          -0.00148
   5     80          0.10001           0.00446          -0.00237
   5    100          0.09696           0.00504          -0.00542
 
  contribution from  2-th solvent component
   1      0         -0.04687           0.01759           0.00370
   1     60         -0.04730           0.01762           0.00327
   1     80         -0.04970           0.01777           0.00087
   1    100         -0.05577           0.01819          -0.00520
   2      0         -0.04954           0.01766           0.00103
   3      0         -0.05057           0.01765           0.00000
   4      0         -0.05195           0.01753          -0.00138
   5      0         -0.05253           0.01767          -0.00196
   5     60         -0.05313           0.01770          -0.00257
   5     80         -0.05614           0.01785          -0.00557
   5    100         -0.06202           0.01816          -0.01145
 
  contribution from  3-th solvent component
   1      0          2.51017           0.01416          -0.00118
   1     60          2.49027           0.01420          -0.02108
   1     80          2.38028           0.01445          -0.13107
   1    100          2.07016           0.01523          -0.44119
   2      0          2.51458           0.01397           0.00324
   3      0          2.51135           0.01416           0.00000
   4      0          2.57415           0.01312           0.06280
   5      0          2.53243           0.01431           0.02108
   5     60          2.50637           0.01438          -0.00498
   5     80          2.37339           0.01474          -0.13796
   5    100          2.08654           0.01553          -0.42480
 
 
 group  inft   Estimated free energy: total (kcal/mol)
   1      0       2.5674       2.5678       2.5862       2.5825       2.5677
                  2.5909       2.5484       2.5541       2.5758       2.5552
   1     60       2.5471       2.5473       2.5660       2.5623       2.5473
                  2.5706       2.5279       2.5335       2.5555       2.5348
   1     80       2.4343       2.4342       2.4541       2.4506       2.4343
                  2.4586       2.4145       2.4193       2.4430       2.4217
   1    100       2.1152       2.1143       2.1377       2.1347       2.1147
                  2.1419       2.0941       2.0968       2.1249       2.1027
   2      0       2.5682       2.5688       2.5858       2.5797       2.5660
                  2.5915       2.5471       2.5553       2.5763       2.5542
   3      0       2.5615       2.5626       2.5794       2.5730       2.5591
                  2.5842       2.5429       2.5494       2.5698       2.5497
   4      0       2.6228       2.6245       2.6406       2.6319       2.6198
                  2.6468       2.6035       2.6099       2.6310       2.6061
   5      0       2.5794       2.5793       2.5978       2.5909       2.5773
                  2.6020       2.5607       2.5685       2.5853       2.5675
   5     60       2.5527       2.5524       2.5711       2.5644       2.5506
                  2.5754       2.5338       2.5415       2.5586       2.5408
   5     80       2.4158       2.4149       2.4350       2.4288       2.4134
                  2.4393       2.3962       2.4030       2.4221       2.4042
   5    100       2.1195       2.1177       2.1409       2.1354       2.1169
                  2.1450       2.0992       2.1040       2.1269       2.1093
 
 group  inft   Estimated free energy: 1-th solvent contribution (kcal/mol)
   1      0       0.1181       0.1035       0.1107       0.1043       0.1018
                  0.1070       0.1127       0.0918       0.1093       0.1036
   1     60       0.1182       0.1035       0.1108       0.1043       0.1017
                  0.1071       0.1127       0.0917       0.1093       0.1035
   1     80       0.1186       0.1031       0.1108       0.1039       0.1009
                  0.1069       0.1124       0.0905       0.1091       0.1026
   1    100       0.1178       0.1006       0.1093       0.1016       0.0970
                  0.1050       0.1101       0.0858       0.1073       0.0985
   2      0       0.1160       0.1024       0.1081       0.1015       0.1000
                  0.1045       0.1101       0.0906       0.1078       0.1013
   3      0       0.1137       0.1008       0.1057       0.0997       0.0982
                  0.1020       0.1086       0.0887       0.1062       0.1001
   4      0       0.1126       0.1003       0.1050       0.0984       0.0976
                  0.1014       0.1072       0.0884       0.1051       0.0990
   5      0       0.1123       0.0993       0.1042       0.0982       0.0968
                  0.1011       0.1065       0.0884       0.1050       0.0980
   5     60       0.1124       0.0992       0.1042       0.0981       0.0967
                  0.1010       0.1065       0.0881       0.1049       0.0978
   5     80       0.1123       0.0984       0.1038       0.0973       0.0953
                  0.1004       0.1057       0.0864       0.1043       0.0963
   5    100       0.1108       0.0954       0.1016       0.0943       0.0910
                  0.0978       0.1029       0.0818       0.1018       0.0922
 
 group  inft   Estimated free energy: 2-th solvent contribution (kcal/mol)
   1      0      -0.0364      -0.0294      -0.0321      -0.0430      -0.0394
                 -0.0088      -0.0641      -0.0568      -0.0454      -0.1133
   1     60      -0.0368      -0.0298      -0.0326      -0.0435      -0.0398
                 -0.0091      -0.0646      -0.0572      -0.0459      -0.1138
   1     80      -0.0392      -0.0320      -0.0350      -0.0458      -0.0419
                 -0.0110      -0.0673      -0.0598      -0.0484      -0.1166
   1    100      -0.0451      -0.0378      -0.0410      -0.0518      -0.0472
                 -0.0155      -0.0742      -0.0664      -0.0549      -0.1238
   2      0      -0.0390      -0.0315      -0.0345      -0.0465      -0.0430
                 -0.0112      -0.0671      -0.0580      -0.0484      -0.1162
   3      0      -0.0396      -0.0329      -0.0353      -0.0473      -0.0449
                 -0.0121      -0.0676      -0.0593      -0.0494      -0.1173
   4      0      -0.0411      -0.0342      -0.0366      -0.0491      -0.0466
                 -0.0136      -0.0688      -0.0604      -0.0511      -0.1181
   5      0      -0.0416      -0.0352      -0.0366      -0.0481      -0.0480
                 -0.0139      -0.0691      -0.0613      -0.0522      -0.1194
   5     60      -0.0422      -0.0358      -0.0372      -0.0487      -0.0486
                 -0.0143      -0.0698      -0.0619      -0.0528      -0.1200
   5     80      -0.0453      -0.0388      -0.0402      -0.0516      -0.0513
                 -0.0167      -0.0731      -0.0651      -0.0559      -0.1234
   5    100      -0.0512      -0.0445      -0.0461      -0.0574      -0.0565
                 -0.0213      -0.0796      -0.0714      -0.0621      -0.1301
 
 group  inft   Estimated free energy: 3-th solvent contribution (kcal/mol)
   1      0       2.4857       2.4936       2.5077       2.5212       2.5053
                  2.4926       2.4998       2.5190       2.5119       2.5648
   1     60       2.4657       2.4736       2.4878       2.5015       2.4854
                  2.4727       2.4798       2.4990       2.4921       2.5451
   1     80       2.3549       2.3631       2.3783       2.3924       2.3753
                  2.3626       2.3694       2.3886       2.3823       2.4358
   1    100       2.0425       2.0515       2.0694       2.0849       2.0649
                  2.0524       2.0582       2.0774       2.0725       2.1280
   2      0       2.4912       2.4978       2.5123       2.5247       2.5089
                  2.4982       2.5041       2.5227       2.5169       2.5691
   3      0       2.4873       2.4946       2.5090       2.5206       2.5058
                  2.4944       2.5019       2.5200       2.5130       2.5668
   4      0       2.5513       2.5584       2.5722       2.5826       2.5688
                  2.5590       2.5650       2.5819       2.5770       2.6253
   5      0       2.5088       2.5152       2.5301       2.5408       2.5285
                  2.5148       2.5233       2.5414       2.5325       2.5889
   5     60       2.4826       2.4890       2.5041       2.5150       2.5024
                  2.4887       2.4972       2.5153       2.5065       2.5631
   5     80       2.3487       2.3553       2.3714       2.3831       2.3694
                  2.3556       2.3636       2.3817       2.3737       2.4313
   5    100       2.0598       2.0668       2.0854       2.0984       2.0824
                  2.0686       2.0759       2.0937       2.0872       2.1472
 
 
 cumulative average & 95% error for solvation free energy
              total             1st component         2nd component         3rd component
  1     2.5615                0.1137               -0.0396                2.4873
  2     2.5621     0.0011     0.1073     0.0129    -0.0362     0.0067     2.4910     0.0073
  3     2.5678     0.0116     0.1067     0.0075    -0.0359     0.0039     2.4970     0.0128
  4     2.5691     0.0086     0.1050     0.0064    -0.0388     0.0063     2.5029     0.0149
  5     2.5671     0.0078     0.1036     0.0056    -0.0400     0.0055     2.5035     0.0116
  6     2.5700     0.0085     0.1033     0.0046    -0.0353     0.0103     2.5020     0.0099
  7     2.5661     0.0106     0.1041     0.0042    -0.0400     0.0127     2.5020     0.0084
  8     2.5640     0.0101     0.1022     0.0053    -0.0424     0.0120     2.5042     0.0085
  9     2.5647     0.0090     0.1026     0.0047    -0.0432     0.0107     2.5052     0.0078
 10     2.5632     0.0086     0.1024     0.0043    -0.0506     0.0177     2.5113     0.0142
