 ERmod 0.3.7, Copyright (C) 2000-2019 Nobuyuki Matubayasi
                            2010-2019 Shun Sakuraba
 ERmod comes with ABSOLUTELY NO WARRANTY.
 This is free software, and you can redistribute it
 and/or modify it under certain conditions.
 See LICENSE file for details.
 ERmod 0.3.7, Copyright (C) 2000-2019 Nobuyuki Matubayasi
                            2010-2019 Shun Sakuraba
 ERmod comes with ABSOLUTELY NO WARRANTY.
 This is free software, and you can redistribute it
 and/or modify it under certain conditions.
 See LICENSE file for details.
 
  Number of the   1-th solvent  =          180
  Number of the   2-th solvent  =          180
  Number of the   3-th solvent  =        10000
 
  Be sure that the solvent distribution is homogeneous (radial distribution function is essentially unity) when the solvent molecule is separated beyond distance of   10.0 Angstrom in any direction from any atom within the solute molecule
 
  LJ long-range correction    =        -0.0035     -0.0119     -0.2385
 
  Self-energy of the solute   =         0.0000  kcal/mol
 
 
 cumulative average & 95% error for solvation energy
              total             1st component         2nd component         3rd component
  1    -6.8235                0.0987               -0.3450               -6.5772
  2    -6.7995     0.0481     0.1019     0.0065    -0.3133     0.0634    -6.5881     0.0218
  3    -6.8054     0.0302     0.0970     0.0106    -0.3017     0.0433    -6.6007     0.0281
  4    -6.8126     0.0257     0.0937     0.0099    -0.3141     0.0394    -6.5923     0.0260
  5    -6.8124     0.0199     0.0952     0.0082    -0.3125     0.0307    -6.5952     0.0210
  6    -6.8142     0.0167     0.0964     0.0071    -0.3126     0.0250    -6.5980     0.0180
  7    -6.8218     0.0208     0.0906     0.0130    -0.3205     0.0263    -6.5920     0.0194
  8    -6.8174     0.0201     0.0918     0.0115    -0.3150     0.0253    -6.5942     0.0173
  9    -6.8165     0.0178     0.0903     0.0106    -0.3128     0.0227    -6.5940     0.0153
 10    -6.8173     0.0160     0.0898     0.0095    -0.3160     0.0213    -6.5911     0.0148
 
 
 group  inft  solvation free energy     error          difference
  total solvation free energy
   1      0          2.81422           0.01413          -0.00422
   1     60          2.79990           0.01420          -0.01854
   1     80          2.69738           0.01484          -0.12106
   1    100          2.36777           0.01699          -0.45067
   2      0          2.81090           0.01407          -0.00753
   3      0          2.81844           0.01420           0.00000
   4      0          2.82683           0.01401           0.00839
   5      0          2.88145           0.01434           0.06301
   5     60          2.86212           0.01443           0.04368
   5     80          2.73595           0.01518          -0.08249
   5    100          2.42994           0.01705          -0.38850
 
  contribution from  1-th solvent component
   1      0          0.20760           0.00921           0.00320
   1     60          0.20766           0.00926           0.00326
   1     80          0.20818           0.00980           0.00378
   1    100          0.20835           0.01166           0.00395
   2      0          0.20505           0.00875           0.00065
   3      0          0.20440           0.00855           0.00000
   4      0          0.20328           0.00840          -0.00112
   5      0          0.20369           0.00872          -0.00070
   5     60          0.20375           0.00878          -0.00065
   5     80          0.20399           0.00943          -0.00040
   5    100          0.20349           0.01110          -0.00090
 
  contribution from  2-th solvent component
   1      0         -0.11265           0.01213           0.00300
   1     60         -0.11279           0.01215           0.00286
   1     80         -0.11416           0.01229           0.00149
   1    100         -0.11895           0.01272          -0.00330
   2      0         -0.11479           0.01200           0.00086
   3      0         -0.11565           0.01182           0.00000
   4      0         -0.11633           0.01189          -0.00068
   5      0         -0.11724           0.01185          -0.00159
   5     60         -0.11747           0.01187          -0.00182
   5     80         -0.11927           0.01203          -0.00362
   5    100         -0.12395           0.01239          -0.00830
 
  contribution from  3-th solvent component
   1      0          2.71925           0.00905          -0.01042
   1     60          2.70502           0.00907          -0.02466
   1     80          2.60335           0.00920          -0.12633
   1    100          2.27836           0.00956          -0.45132
   2      0          2.72063           0.00922          -0.00904
   3      0          2.72968           0.00915           0.00000
   4      0          2.73988           0.00900           0.01020
   5      0          2.79499           0.00896           0.06531
   5     60          2.77582           0.00899           0.04614
   5     80          2.65122           0.00915          -0.07846
   5    100          2.35038           0.00947          -0.37930
 
 
 group  inft   Estimated free energy: total (kcal/mol)
   1      0       2.8115       2.8656       2.8073       2.7962       2.8169
                  2.8182       2.7868       2.8273       2.8203       2.7921
   1     60       2.7972       2.8515       2.7929       2.7818       2.8026
                  2.8040       2.7724       2.8130       2.8059       2.7776
   1     80       2.6950       2.7511       2.6903       2.6782       2.7009
                  2.7023       2.6685       2.7110       2.7028       2.6737
   1    100       2.3664       2.4284       2.3605       2.3455       2.3742
                  2.3750       2.3340       2.3832       2.3708       2.3397
   2      0       2.8077       2.8625       2.8034       2.7941       2.8134
                  2.8149       2.7842       2.8237       2.8168       2.7883
   3      0       2.8148       2.8709       2.8108       2.8015       2.8221
                  2.8224       2.7924       2.8301       2.8243       2.7949
   4      0       2.8223       2.8779       2.8211       2.8081       2.8296
                  2.8320       2.8016       2.8386       2.8336       2.8034
   5      0       2.8747       2.9341       2.8747       2.8650       2.8858
                  2.8855       2.8556       2.8940       2.8879       2.8572
   5     60       2.8554       2.9151       2.8553       2.8455       2.8665
                  2.8663       2.8361       2.8747       2.8686       2.8377
   5     80       2.7295       2.7914       2.7289       2.7182       2.7413
                  2.7411       2.7083       2.7492       2.7417       2.7099
   5    100       2.4243       2.4914       2.4224       2.4096       2.4380
                  2.4371       2.3980       2.4448       2.4337       2.4001
 
 group  inft   Estimated free energy: 1-th solvent contribution (kcal/mol)
   1      0       0.2182       0.2279       0.2005       0.1997       0.2240
                  0.2174       0.1825       0.2116       0.1926       0.2016
   1     60       0.2183       0.2281       0.2005       0.1997       0.2242
                  0.2175       0.1824       0.2117       0.1926       0.2016
   1     80       0.2192       0.2298       0.2009       0.1996       0.2258
                  0.2187       0.1817       0.2124       0.1922       0.2014
   1    100       0.2209       0.2341       0.2008       0.1976       0.2299
                  0.2214       0.1776       0.2133       0.1890       0.1990
   2      0       0.2141       0.2242       0.1992       0.1975       0.2215
                  0.2138       0.1809       0.2090       0.1905       0.1999
   3      0       0.2136       0.2229       0.1989       0.1969       0.2202
                  0.2135       0.1809       0.2081       0.1903       0.1987
   4      0       0.2107       0.2215       0.1980       0.1960       0.2191
                  0.2128       0.1801       0.2074       0.1894       0.1978
   5      0       0.2113       0.2236       0.1976       0.1960       0.2204
                  0.2122       0.1800       0.2081       0.1897       0.1981
   5     60       0.2114       0.2238       0.1976       0.1960       0.2206
                  0.2123       0.1799       0.2082       0.1896       0.1981
   5     80       0.2120       0.2255       0.1977       0.1954       0.2222
                  0.2134       0.1787       0.2088       0.1888       0.1974
   5    100       0.2126       0.2288       0.1968       0.1928       0.2254
                  0.2151       0.1745       0.2089       0.1853       0.1947
 
 group  inft   Estimated free energy: 2-th solvent contribution (kcal/mol)
   1      0      -0.1336      -0.0945      -0.0898      -0.1325      -0.1098
                 -0.1127      -0.1371      -0.0903      -0.0970      -0.1291
   1     60      -0.1338      -0.0946      -0.0899      -0.1327      -0.1099
                 -0.1128      -0.1373      -0.0904      -0.0971      -0.1293
   1     80      -0.1354      -0.0958      -0.0910      -0.1344      -0.1113
                 -0.1142      -0.1389      -0.0914      -0.0983      -0.1308
   1    100      -0.1408      -0.1001      -0.0948      -0.1399      -0.1161
                 -0.1192      -0.1444      -0.0952      -0.1027      -0.1362
   2      0      -0.1351      -0.0963      -0.0932      -0.1341      -0.1113
                 -0.1143      -0.1395      -0.0930      -0.0991      -0.1321
   3      0      -0.1355      -0.0972      -0.0950      -0.1346      -0.1120
                 -0.1149      -0.1406      -0.0941      -0.1001      -0.1326
   4      0      -0.1367      -0.0985      -0.0951      -0.1350      -0.1130
                 -0.1157      -0.1408      -0.0947      -0.1001      -0.1339
   5      0      -0.1376      -0.0995      -0.0960      -0.1359      -0.1135
                 -0.1162      -0.1414      -0.0958      -0.1013      -0.1351
   5     60      -0.1379      -0.0997      -0.0962      -0.1362      -0.1137
                 -0.1165      -0.1417      -0.0960      -0.1015      -0.1353
   5     80      -0.1399      -0.1013      -0.0977      -0.1383      -0.1156
                 -0.1183      -0.1438      -0.0974      -0.1031      -0.1374
   5    100      -0.1452      -0.1056      -0.1017      -0.1435      -0.1203
                 -0.1231      -0.1490      -0.1012      -0.1073      -0.1426
 
 group  inft   Estimated free energy: 3-th solvent contribution (kcal/mol)
   1      0       2.7269       2.7322       2.6966       2.7290       2.7026
                  2.7135       2.7415       2.7060       2.7247       2.7196
   1     60       2.7127       2.7180       2.6823       2.7148       2.6883
                  2.6993       2.7273       2.6918       2.7104       2.7053
   1     80       2.6111       2.6171       2.5803       2.6129       2.5863
                  2.5978       2.6258       2.5900       2.6089       2.6032
   1    100       2.2863       2.2945       2.2545       2.2878       2.2604
                  2.2728       2.3009       2.2651       2.2845       2.2769
   2      0       2.7286       2.7346       2.6974       2.7308       2.7032
                  2.7153       2.7428       2.7077       2.7254       2.7205
   3      0       2.7367       2.7451       2.7070       2.7392       2.7139
                  2.7238       2.7521       2.7161       2.7341       2.7288
   4      0       2.7482       2.7549       2.7183       2.7471       2.7235
                  2.7349       2.7622       2.7259       2.7442       2.7395
   5      0       2.8010       2.8100       2.7731       2.8049       2.7789
                  2.7896       2.8170       2.7817       2.7995       2.7942
   5     60       2.7819       2.7909       2.7539       2.7857       2.7596
                  2.7704       2.7979       2.7625       2.7804       2.7749
   5     80       2.6574       2.6671       2.6289       2.6610       2.6346
                  2.6460       2.6734       2.6378       2.6560       2.6498
   5    100       2.3569       2.3681       2.3273       2.3603       2.3329
                  2.3451       2.3724       2.3372       2.3556       2.3479
 
 
 cumulative average & 95% error for solvation free energy
              total             1st component         2nd component         3rd component
  1     2.8148                0.2136               -0.1355                2.7367
  2     2.8429     0.0560     0.2183     0.0094    -0.1163     0.0383     2.7409     0.0084
  3     2.8322     0.0388     0.2118     0.0140    -0.1092     0.0263     2.7296     0.0231
  4     2.8245     0.0314     0.2081     0.0124    -0.1156     0.0225     2.7320     0.0170
  5     2.8240     0.0243     0.2105     0.0108    -0.1148     0.0175     2.7284     0.0151
  6     2.8238     0.0199     0.2110     0.0088    -0.1149     0.0143     2.7276     0.0124
  7     2.8193     0.0190     0.2067     0.0114    -0.1185     0.0141     2.7311     0.0126
  8     2.8206     0.0167     0.2069     0.0099    -0.1155     0.0137     2.7292     0.0115
  9     2.8211     0.0148     0.2050     0.0095    -0.1138     0.0125     2.7298     0.0102
 10     2.8184     0.0142     0.2044     0.0086    -0.1157     0.0118     2.7297     0.0092
