 ERmod 0.3.7, Copyright (C) 2000-2019 Nobuyuki Matubayasi
                            2010-2019 Shun Sakuraba
 ERmod comes with ABSOLUTELY NO WARRANTY.
 This is free software, and you can redistribute it
 and/or modify it under certain conditions.
 See LICENSE file for details.
 ERmod 0.3.7, Copyright (C) 2000-2019 Nobuyuki Matubayasi
                            2010-2019 Shun Sakuraba
 ERmod comes with ABSOLUTELY NO WARRANTY.
 This is free software, and you can redistribute it
 and/or modify it under certain conditions.
 See LICENSE file for details.
 
  Number of the   1-th solvent  =           90
  Number of the   2-th solvent  =           90
  Number of the   3-th solvent  =        10000
 
  Be sure that the solvent distribution is homogeneous (radial distribution function is essentially unity) when the solvent molecule is separated beyond distance of   10.0 Angstrom in any direction from any atom within the solute molecule
 
  LJ long-range correction    =        -0.0042     -0.0039     -0.5684
 
  Self-energy of the solute   =         0.0000  kcal/mol
 
 
 cumulative average & 95% error for solvation energy
              total             1st component         2nd component         3rd component
  1   -13.7209                0.1903               -0.2458              -13.6654
  2   -13.7281     0.0146     0.1878     0.0049    -0.2359     0.0197   -13.6800     0.0293
  3   -13.6946     0.0675     0.1866     0.0037    -0.2319     0.0140   -13.6494     0.0635
  4   -13.7157     0.0637     0.1767     0.0200    -0.2375     0.0150   -13.6550     0.0462
  5   -13.7161     0.0494     0.1744     0.0162    -0.2368     0.0117   -13.6537     0.0359
  6   -13.7124     0.0410     0.1710     0.0149    -0.2378     0.0098   -13.6457     0.0334
  7   -13.7095     0.0351     0.1720     0.0127    -0.2379     0.0083   -13.6435     0.0285
  8   -13.7165     0.0335     0.1719     0.0110    -0.2375     0.0072   -13.6509     0.0288
  9   -13.7150     0.0297     0.1698     0.0105    -0.2372     0.0064   -13.6476     0.0262
 10   -13.7174     0.0270     0.1702     0.0095    -0.2375     0.0057   -13.6501     0.0240
 
 
 group  inft  solvation free energy     error          difference
  total solvation free energy
   1      0          3.72239           0.02970           0.01333
   1     60          3.71073           0.02975           0.00167
   1     80          3.59449           0.03023          -0.11457
   1    100          3.08831           0.03246          -0.62075
   2      0          3.70865           0.02997          -0.00041
   3      0          3.70906           0.03088           0.00000
   4      0          3.68331           0.03028          -0.02575
   5      0          3.73981           0.02840           0.03075
   5     60          3.72349           0.02846           0.01443
   5     80          3.57162           0.02905          -0.13744
   5    100          3.09445           0.03107          -0.61461
 
  contribution from  1-th solvent component
   1      0          0.26319           0.00909           0.00263
   1     60          0.26323           0.00911           0.00267
   1     80          0.26372           0.00946           0.00317
   1    100          0.26470           0.01111           0.00414
   2      0          0.26110           0.00865           0.00054
   3      0          0.26055           0.00872          -0.00000
   4      0          0.25973           0.00860          -0.00082
   5      0          0.25936           0.00861          -0.00120
   5     60          0.25940           0.00865          -0.00115
   5     80          0.25983           0.00909          -0.00073
   5    100          0.26011           0.01060          -0.00044
 
  contribution from  2-th solvent component
   1      0         -0.18810           0.01730           0.00258
   1     60         -0.18779           0.01733           0.00289
   1     80         -0.18630           0.01758           0.00438
   1    100         -0.18219           0.01871           0.00849
   2      0         -0.19019           0.01640           0.00048
   3      0         -0.19068           0.01624           0.00000
   4      0         -0.19128           0.01633          -0.00060
   5      0         -0.19216           0.01529          -0.00148
   5     60         -0.19179           0.01533          -0.00112
   5     80         -0.19002           0.01566           0.00065
   5    100         -0.18643           0.01680           0.00424
 
  contribution from  3-th solvent component
   1      0          3.64726           0.02148           0.00812
   1     60          3.63525           0.02150          -0.00389
   1     80          3.51702           0.02175          -0.12211
   1    100          3.00576           0.02304          -0.63338
   2      0          3.63770           0.02219          -0.00144
   3      0          3.63914           0.02255           0.00000
   4      0          3.61482           0.02193          -0.02432
   5      0          3.67257           0.02128           0.03343
   5     60          3.65583           0.02131           0.01669
   5     80          3.50177           0.02162          -0.13736
   5    100          3.02073           0.02278          -0.61841
 
 
 group  inft   Estimated free energy: total (kcal/mol)
   1      0       3.7225       3.6924       3.8301       3.6838       3.7186
                  3.7218       3.7419       3.6804       3.7588       3.6735
   1     60       3.7109       3.6808       3.8186       3.6720       3.7069
                  3.7101       3.7303       3.6687       3.7472       3.6618
   1     80       3.5952       3.5648       3.7041       3.5547       3.5906
                  3.5929       3.6147       3.5520       3.6314       3.5445
   1    100       3.0904       3.0589       3.2057       3.0441       3.0839
                  3.0832       3.1121       3.0435       3.1273       3.0339
   2      0       3.7098       3.6773       3.8184       3.6721       3.7044
                  3.7113       3.7256       3.6630       3.7432       3.6612
   3      0       3.7092       3.6783       3.8246       3.6709       3.7044
                  3.7141       3.7250       3.6633       3.7403       3.6607
   4      0       3.6845       3.6550       3.7957       3.6459       3.6819
                  3.6867       3.6982       3.6366       3.7144       3.6342
   5      0       3.7423       3.7105       3.8414       3.7005       3.7367
                  3.7434       3.7560       3.6990       3.7754       3.6929
   5     60       3.7260       3.6942       3.8253       3.6841       3.7204
                  3.7270       3.7397       3.6826       3.7591       3.6765
   5     80       3.5748       3.5427       3.6756       3.5310       3.5683
                  3.5740       3.5887       3.5300       3.6078       3.5233
   5    100       3.0989       3.0659       3.2058       3.0501       3.0904
                  3.0935       3.1146       3.0506       3.1324       3.0422
 
 group  inft   Estimated free energy: 1-th solvent contribution (kcal/mol)
   1      0       0.2937       0.2690       0.2674       0.2484       0.2596
                  0.2467       0.2769       0.2586       0.2506       0.2611
   1     60       0.2938       0.2690       0.2675       0.2484       0.2596
                  0.2467       0.2770       0.2586       0.2506       0.2611
   1     80       0.2952       0.2700       0.2686       0.2483       0.2599
                  0.2466       0.2781       0.2589       0.2505       0.2613
   1    100       0.3005       0.2728       0.2724       0.2466       0.2602
                  0.2444       0.2821       0.2587       0.2486       0.2607
   2      0       0.2903       0.2663       0.2656       0.2459       0.2586
                  0.2460       0.2734       0.2560       0.2492       0.2596
   3      0       0.2901       0.2660       0.2661       0.2455       0.2576
                  0.2457       0.2723       0.2553       0.2482       0.2588
   4      0       0.2885       0.2648       0.2657       0.2447       0.2571
                  0.2451       0.2717       0.2545       0.2472       0.2581
   5      0       0.2889       0.2650       0.2630       0.2446       0.2568
                  0.2445       0.2710       0.2544       0.2474       0.2580
   5     60       0.2890       0.2651       0.2631       0.2445       0.2568
                  0.2445       0.2711       0.2544       0.2474       0.2580
   5     80       0.2906       0.2661       0.2643       0.2442       0.2571
                  0.2441       0.2723       0.2545       0.2470       0.2580
   5    100       0.2949       0.2682       0.2671       0.2420       0.2566
                  0.2415       0.2753       0.2536       0.2447       0.2571
 
 group  inft   Estimated free energy: 2-th solvent contribution (kcal/mol)
   1      0      -0.2162      -0.1641      -0.1256      -0.2128      -0.1995
                 -0.2042      -0.1945      -0.1857      -0.1748      -0.2034
   1     60      -0.2160      -0.1638      -0.1252      -0.2126      -0.1993
                 -0.2039      -0.1942      -0.1854      -0.1744      -0.2031
   1     80      -0.2151      -0.1618      -0.1230      -0.2115      -0.1979
                 -0.2028      -0.1927      -0.1838      -0.1725      -0.2019
   1    100      -0.2138      -0.1555      -0.1161      -0.2091      -0.1948
                 -0.2008      -0.1881      -0.1787      -0.1662      -0.1988
   2      0      -0.2164      -0.1671      -0.1309      -0.2138      -0.2020
                 -0.2059      -0.1957      -0.1876      -0.1783      -0.2042
   3      0      -0.2164      -0.1674      -0.1315      -0.2139      -0.2022
                 -0.2054      -0.1961      -0.1889      -0.1802      -0.2048
   4      0      -0.2167      -0.1675      -0.1318      -0.2146      -0.2029
                 -0.2062      -0.1973      -0.1904      -0.1804      -0.2050
   5      0      -0.2173      -0.1703      -0.1379      -0.2147      -0.2024
                 -0.2062      -0.1971      -0.1884      -0.1805      -0.2068
   5     60      -0.2170      -0.1698      -0.1374      -0.2144      -0.2020
                 -0.2059      -0.1967      -0.1880      -0.1801      -0.2065
   5     80      -0.2160      -0.1674      -0.1347      -0.2131      -0.2005
                 -0.2047      -0.1949      -0.1861      -0.1777      -0.2051
   5    100      -0.2151      -0.1617      -0.1283      -0.2113      -0.1977
                 -0.2031      -0.1909      -0.1816      -0.1720      -0.2026
 
 group  inft   Estimated free energy: 3-th solvent contribution (kcal/mol)
   1      0       3.6450       3.5876       3.6882       3.6482       3.6585
                  3.6792       3.6595       3.6075       3.6829       3.6158
   1     60       3.6330       3.5755       3.6763       3.6362       3.6465
                  3.6672       3.6475       3.5955       3.6710       3.6038
   1     80       3.5150       3.4567       3.5585       3.5179       3.5285
                  3.5492       3.5293       3.4768       3.5534       3.4850
   1    100       3.0037       2.9415       3.0494       3.0065       3.0184
                  3.0396       3.0181       2.9635       3.0448       2.9720
   2      0       3.6359       3.5780       3.6837       3.6400       3.6478
                  3.6712       3.6478       3.5946       3.6722       3.6057
   3      0       3.6355       3.5797       3.6899       3.6392       3.6489
                  3.6737       3.6487       3.5969       3.6723       3.6066
   4      0       3.6127       3.5577       3.6617       3.6158       3.6276
                  3.6478       3.6238       3.5723       3.6476       3.5811
   5      0       3.6707       3.6157       3.7162       3.6706       3.6822
                  3.7051       3.6821       3.6330       3.7085       3.6418
   5     60       3.6540       3.5989       3.6995       3.6539       3.6655
                  3.6883       3.6653       3.6162       3.6918       3.6250
   5     80       3.5001       3.4440       3.5460       3.4999       3.5117
                  3.5345       3.5112       3.4616       3.5385       3.4703
   5    100       3.0191       2.9593       3.0670       3.0194       3.0314
                  3.0550       3.0301       2.9786       3.0596       2.9878
 
 
 cumulative average & 95% error for solvation free energy
              total             1st component         2nd component         3rd component
  1     3.7092                0.2901               -0.2164                3.6355
  2     3.6938     0.0309     0.2780     0.0241    -0.1919     0.0490     3.6076     0.0558
  3     3.7374     0.0890     0.2741     0.0160    -0.1718     0.0492     3.6350     0.0636
  4     3.7207     0.0712     0.2669     0.0182    -0.1823     0.0407     3.6361     0.0450
  5     3.7175     0.0555     0.2651     0.0146    -0.1863     0.0325     3.6386     0.0353
  6     3.7169     0.0454     0.2618     0.0136    -0.1895     0.0273     3.6445     0.0311
  7     3.7180     0.0384     0.2633     0.0118    -0.1904     0.0231     3.6451     0.0263
  8     3.7112     0.0360     0.2623     0.0105    -0.1902     0.0200     3.6391     0.0258
  9     3.7144     0.0324     0.2607     0.0097    -0.1891     0.0178     3.6428     0.0239
 10     3.7091     0.0309     0.2606     0.0087    -0.1907     0.0162     3.6391     0.0226
