 ERmod 0.3.7, Copyright (C) 2000-2019 Nobuyuki Matubayasi
                            2010-2019 Shun Sakuraba
 ERmod comes with ABSOLUTELY NO WARRANTY.
 This is free software, and you can redistribute it
 and/or modify it under certain conditions.
 See LICENSE file for details.
 ERmod 0.3.7, Copyright (C) 2000-2019 Nobuyuki Matubayasi
                            2010-2019 Shun Sakuraba
 ERmod comes with ABSOLUTELY NO WARRANTY.
 This is free software, and you can redistribute it
 and/or modify it under certain conditions.
 See LICENSE file for details.
 
  Number of the   1-th solvent  =           90
  Number of the   2-th solvent  =           90
  Number of the   3-th solvent  =        10000
 
  Be sure that the solvent distribution is homogeneous (radial distribution function is essentially unity) when the solvent molecule is separated beyond distance of   10.0 Angstrom in any direction from any atom within the solute molecule
 
  LJ long-range correction    =        -0.0039     -0.0036     -0.5211
 
  Self-energy of the solute   =        -0.0001  kcal/mol
 
 
 cumulative average & 95% error for solvation energy
              total             1st component         2nd component         3rd component
  1   -25.4596               -1.7960                0.0839              -23.7475
  2   -25.5963     0.2733    -1.0225     1.5470    -0.0838     0.3355   -24.4899     1.4848
  3   -25.6318     0.1730    -0.6196     1.2030    -0.3302     0.5294   -24.6820     0.9394
  4   -25.6728     0.1473    -0.5734     0.8556    -0.5020     0.5082   -24.5973     0.6855
  5   -25.6747     0.1142    -0.4936     0.6817    -0.4931     0.3941   -24.6880     0.5612
  6   -25.6617     0.0968    -0.4573     0.5613    -0.4689     0.3254   -24.7354     0.4679
  7   -25.6609     0.0818    -0.3648     0.5092    -0.4638     0.2752   -24.8321     0.4402
  8   -25.7739     0.2370    -0.3524     0.4417    -0.9041     0.9123   -24.5173     0.7360
  9   -25.7551     0.2124    -0.3580     0.3897    -0.9314     0.8064   -24.4656     0.6573
 10   -25.7501     0.1902    -0.3464     0.3493    -0.8767     0.7295   -24.5269     0.6005
 
 
 group  inft  solvation free energy     error          difference
  total solvation free energy
   1      0         -3.84343           0.07697           0.00797
   1     60         -3.86406           0.07697          -0.01267
   1     80         -4.04265           0.07698          -0.19126
   1    100         -4.70070           0.07696          -0.84931
   2      0         -3.84667           0.07447           0.00472
   3      0         -3.85139           0.07428           0.00000
   4      0         -3.84539           0.07485           0.00600
   5      0         -3.84630           0.07248           0.00509
   5     60         -3.87438           0.07247          -0.02298
   5     80         -4.09830           0.07246          -0.24691
   5    100         -4.70558           0.07240          -0.85418
 
  contribution from  1-th solvent component
   1      0         -0.02995           0.17809           0.01359
   1     60         -0.03003           0.17810           0.01351
   1     80         -0.03086           0.17815           0.01268
   1    100         -0.03440           0.17836           0.00914
   2      0         -0.03986           0.17672           0.00368
   3      0         -0.04354           0.17523           0.00000
   4      0         -0.04474           0.17487          -0.00120
   5      0         -0.04408           0.17296          -0.00054
   5     60         -0.04421           0.17297          -0.00067
   5     80         -0.04546           0.17298          -0.00192
   5    100         -0.04929           0.17307          -0.00575
 
  contribution from  2-th solvent component
   1      0         -0.51689           0.32326          -0.01079
   1     60         -0.51666           0.32327          -0.01056
   1     80         -0.51578           0.32332          -0.00969
   1    100         -0.51459           0.32354          -0.00850
   2      0         -0.50830           0.32405          -0.00220
   3      0         -0.50610           0.32403           0.00000
   4      0         -0.50370           0.32440           0.00240
   5      0         -0.50243           0.32347           0.00367
   5     60         -0.50219           0.32347           0.00391
   5     80         -0.50135           0.32354           0.00475
   5    100         -0.50076           0.32374           0.00533
 
  contribution from  3-th solvent component
   1      0         -3.29648           0.33322           0.00516
   1     60         -3.31727           0.33321          -0.01562
   1     80         -3.49590           0.33325          -0.19425
   1    100         -4.15160           0.33438          -0.84995
   2      0         -3.29840           0.33340           0.00325
   3      0         -3.30165           0.33432           0.00000
   4      0         -3.29684           0.33286           0.00480
   5      0         -3.29969           0.33363           0.00196
   5     60         -3.32787           0.33362          -0.02622
   5     80         -3.55138           0.33370          -0.24974
   5    100         -4.15541           0.33487          -0.85376
 
 
 group  inft   Estimated free energy: total (kcal/mol)
   1      0      -3.7237      -3.7473      -3.7399      -3.9965      -4.0794
                 -3.7574      -3.8004      -3.8907      -3.7850      -3.9141
   1     60      -3.7443      -3.7680      -3.7605      -4.0171      -4.1000
                 -3.7780      -3.8210      -3.9114      -3.8056      -3.9347
   1     80      -3.9225      -3.9475      -3.9388      -4.1956      -4.2786
                 -3.9560      -3.9998      -4.0905      -3.9842      -4.1132
   1    100      -4.5796      -4.6086      -4.5964      -4.8528      -4.9381
                 -4.6129      -4.6592      -4.7455      -4.6428      -4.7711
   2      0      -3.7265      -3.7429      -3.7410      -3.9895      -4.0733
                 -3.7683      -3.8141      -3.8964      -3.7993      -3.9153
   3      0      -3.7299      -3.7422      -3.7481      -3.9881      -4.0830
                 -3.7792      -3.8273      -3.8918      -3.8039      -3.9204
   4      0      -3.7225      -3.7338      -3.7422      -3.9846      -4.0725
                 -3.7679      -3.8126      -3.8941      -3.8033      -3.9205
   5      0      -3.7186      -3.7401      -3.7616      -3.9700      -4.0763
                 -3.7698      -3.8247      -3.8908      -3.7974      -3.9137
   5     60      -3.7466      -3.7684      -3.7896      -3.9981      -4.1043
                 -3.7978      -3.8528      -3.9190      -3.8254      -3.9418
   5     80      -3.9700      -3.9934      -4.0134      -4.2217      -4.3282
                 -4.0210      -4.0770      -4.1433      -4.0494      -4.1656
   5    100      -4.5763      -4.6036      -4.6208      -4.8281      -4.9369
                 -4.6273      -4.6858      -4.7469      -4.6572      -4.7730
 
 group  inft   Estimated free energy: 1-th solvent contribution (kcal/mol)
   1      0      -0.7360       0.0534       0.2919      -0.1409       0.0195
                  0.0370       0.2619      -0.0357      -0.0336      -0.0170
   1     60      -0.7360       0.0533       0.2919      -0.1411       0.0194
                  0.0369       0.2618      -0.0358      -0.0337      -0.0171
   1     80      -0.7370       0.0522       0.2913      -0.1421       0.0185
                  0.0366       0.2610      -0.0366      -0.0345      -0.0180
   1    100      -0.7413       0.0479       0.2885      -0.1461       0.0148
                  0.0349       0.2575      -0.0405      -0.0379      -0.0218
   2      0      -0.7417       0.0482       0.2791      -0.1425       0.0158
                  0.0121       0.2500      -0.0450      -0.0491      -0.0256
   3      0      -0.7414       0.0442       0.2706      -0.1412       0.0113
                  0.0047       0.2434      -0.0430      -0.0546      -0.0294
   4      0      -0.7383       0.0451       0.2667      -0.1484       0.0097
                  0.0007       0.2482      -0.0453      -0.0558      -0.0300
   5      0      -0.7344       0.0452       0.2590      -0.1376       0.0138
                 -0.0008       0.2429      -0.0434      -0.0567      -0.0288
   5     60      -0.7346       0.0451       0.2589      -0.1378       0.0137
                 -0.0009       0.2428      -0.0435      -0.0569      -0.0289
   5     80      -0.7359       0.0435       0.2578      -0.1392       0.0123
                 -0.0015       0.2414      -0.0447      -0.0581      -0.0302
   5    100      -0.7401       0.0390       0.2543      -0.1432       0.0084
                 -0.0039       0.2374      -0.0486      -0.0619      -0.0343
 
 group  inft   Estimated free energy: 2-th solvent contribution (kcal/mol)
   1      0      -0.0355      -0.1410      -0.4484      -0.6698      -0.5153
                 -0.2390      -0.2910      -1.8414      -0.6760      -0.3115
   1     60      -0.0353      -0.1408      -0.4482      -0.6695      -0.5151
                 -0.2388      -0.2907      -1.8412      -0.6758      -0.3112
   1     80      -0.0345      -0.1399      -0.4473      -0.6688      -0.5144
                 -0.2378      -0.2895      -1.8405      -0.6751      -0.3101
   1    100      -0.0331      -0.1384      -0.4460      -0.6679      -0.5140
                 -0.2364      -0.2872      -1.8398      -0.6748      -0.3082
   2      0      -0.0316      -0.1282      -0.4369      -0.6567      -0.5035
                 -0.2241      -0.2904      -1.8377      -0.6708      -0.3032
   3      0      -0.0312      -0.1221      -0.4318      -0.6555      -0.5030
                 -0.2226      -0.2899      -1.8353      -0.6678      -0.3018
   4      0      -0.0307      -0.1196      -0.4271      -0.6484      -0.5011
                 -0.2168      -0.2882      -1.8361      -0.6645      -0.3044
   5      0      -0.0317      -0.1203      -0.4313      -0.6420      -0.5035
                 -0.2134      -0.2914      -1.8317      -0.6610      -0.2978
   5     60      -0.0315      -0.1201      -0.4311      -0.6418      -0.5033
                 -0.2131      -0.2911      -1.8315      -0.6608      -0.2975
   5     80      -0.0308      -0.1193      -0.4303      -0.6410      -0.5027
                 -0.2121      -0.2898      -1.8309      -0.6602      -0.2964
   5    100      -0.0300      -0.1186      -0.4296      -0.6408      -0.5029
                 -0.2111      -0.2882      -1.8308      -0.6603      -0.2954
 
 group  inft   Estimated free energy: 3-th solvent contribution (kcal/mol)
   1      0      -2.9521      -3.6596      -3.5833      -3.1857      -3.5835
                 -3.5552      -3.7712      -2.0135      -3.0753      -3.5855
   1     60      -2.9728      -3.6804      -3.6041      -3.2064      -3.6042
                 -3.5760      -3.7921      -2.0343      -3.0960      -3.6063
   1     80      -3.1509      -3.8597      -3.7827      -3.3846      -3.7825
                 -3.7547      -3.9712      -2.2133      -3.2745      -3.7850
   1    100      -3.8051      -4.5179      -4.4388      -4.0386      -4.4389
                 -4.4113      -4.6294      -2.8651      -3.9299      -4.4411
   2      0      -2.9531      -3.6628      -3.5831      -3.1903      -3.5856
                 -3.5562      -3.7735      -2.0136      -3.0794      -3.5865
   3      0      -2.9572      -3.6642      -3.5867      -3.1913      -3.5912
                 -3.5612      -3.7807      -2.0134      -3.0814      -3.5890
   4      0      -2.9533      -3.6592      -3.5817      -3.1876      -3.5810
                 -3.5517      -3.7725      -2.0126      -3.0829      -3.5859
   5      0      -2.9523      -3.6649      -3.5891      -3.1903      -3.5865
                 -3.5555      -3.7762      -2.0156      -3.0795      -3.5870
   5     60      -2.9804      -3.6932      -3.6173      -3.2184      -3.6145
                 -3.5837      -3.8044      -2.0439      -3.1077      -3.6153
   5     80      -3.2033      -3.9175      -3.8408      -3.4414      -3.8377
                 -3.8073      -4.0286      -2.2676      -3.3310      -3.8388
   5    100      -3.8060      -4.5239      -4.4453      -4.0440      -4.4423
                 -4.4122      -4.6349      -2.8674      -3.9349      -4.4432
 
 
 cumulative average & 95% error for solvation free energy
              total             1st component         2nd component         3rd component
  1    -3.7299               -0.7414               -0.0312               -2.9572
  2    -3.7361     0.0123    -0.3486     0.7856    -0.0767     0.0909    -3.3107     0.7070
  3    -3.7401     0.0107    -0.1422     0.6133    -0.1950     0.2425    -3.4027     0.4477
  4    -3.8021     0.1243    -0.1420     0.4336    -0.3102     0.2871    -3.3499     0.3338
  5    -3.8583     0.1480    -0.1113     0.3415    -0.3487     0.2354    -3.3981     0.2760
  6    -3.8451     0.1237    -0.0920     0.2815    -0.3277     0.1967    -3.4253     0.2318
  7    -3.8426     0.1046    -0.0441     0.2565    -0.3223     0.1666    -3.4761     0.2207
  8    -3.8487     0.0914    -0.0439     0.2221    -0.5114     0.4048    -3.2933     0.4126
  9    -3.8437     0.0813    -0.0451     0.1959    -0.5288     0.3587    -3.2697     0.3669
 10    -3.8514     0.0743    -0.0435     0.1752    -0.5061     0.3240    -3.3016     0.3343
