 ERmod 0.3.7, Copyright (C) 2000-2019 Nobuyuki Matubayasi
                            2010-2019 Shun Sakuraba
 ERmod comes with ABSOLUTELY NO WARRANTY.
 This is free software, and you can redistribute it
 and/or modify it under certain conditions.
 See LICENSE file for details.
 ERmod 0.3.7, Copyright (C) 2000-2019 Nobuyuki Matubayasi
                            2010-2019 Shun Sakuraba
 ERmod comes with ABSOLUTELY NO WARRANTY.
 This is free software, and you can redistribute it
 and/or modify it under certain conditions.
 See LICENSE file for details.
 
  Number of the   1-th solvent  =          180
  Number of the   2-th solvent  =          180
  Number of the   3-th solvent  =        10000
 
  Be sure that the solvent distribution is homogeneous (radial distribution function is essentially unity) when the solvent molecule is separated beyond distance of   10.0 Angstrom in any direction from any atom within the solute molecule
 
  LJ long-range correction    =        -0.0095     -0.0679     -0.6433
 
  Self-energy of the solute   =         0.0001  kcal/mol
 
 
 cumulative average & 95% error for solvation energy
              total             1st component         2nd component         3rd component
  1   -16.2218                0.4534               -1.2155              -15.4597
  2   -16.3401     0.2366     0.4153     0.0763    -1.3958     0.3605   -15.3596     0.2002
  3   -16.4076     0.1921     0.3892     0.0683    -1.5543     0.3792   -15.2426     0.2611
  4   -16.3690     0.1562     0.3837     0.0495    -1.4976     0.2911   -15.2551     0.1863
  5   -16.3564     0.1236     0.3924     0.0421    -1.4749     0.2301   -15.2740     0.1492
  6   -16.3595     0.1011     0.3921     0.0344    -1.4921     0.1910   -15.2595     0.1252
  7   -16.3603     0.0855     0.3939     0.0293    -1.4975     0.1618   -15.2568     0.1059
  8   -16.3430     0.0817     0.3988     0.0272    -1.4590     0.1598   -15.2829     0.1056
  9   -16.3044     0.1056     0.4077     0.0298    -1.3880     0.2000   -15.3241     0.1243
 10   -16.2897     0.0989     0.4124     0.0282    -1.3682     0.1832   -15.3339     0.1129
 
 
 group  inft  solvation free energy     error          difference
  total solvation free energy
   1      0          3.66727           0.09839           0.01597
   1     60          3.64226           0.09886          -0.00904
   1     80          3.45228           0.10250          -0.19902
   1    100          2.78997           0.11392          -0.86133
   2      0          3.65246           0.10043           0.00117
   3      0          3.65130           0.10148           0.00000
   4      0          3.62229           0.10139          -0.02901
   5      0          3.67364           0.09808           0.02234
   5     60          3.63943           0.09872          -0.01187
   5     80          3.40078           0.10321          -0.25052
   5    100          2.78374           0.11378          -0.86756
 
  contribution from  1-th solvent component
   1      0          0.63598           0.03356           0.00493
   1     60          0.63656           0.03383           0.00551
   1     80          0.63979           0.03585           0.00875
   1    100          0.64574           0.04226           0.01469
   2      0          0.63253           0.03293           0.00148
   3      0          0.63105           0.03308           0.00000
   4      0          0.62965           0.03269          -0.00140
   5      0          0.62967           0.03273          -0.00138
   5     60          0.63036           0.03308          -0.00069
   5     80          0.63371           0.03556           0.00267
   5    100          0.63812           0.04139           0.00707
 
  contribution from  2-th solvent component
   1      0         -0.71669           0.11045           0.00258
   1     60         -0.71685           0.11069           0.00241
   1     80         -0.71808           0.11246           0.00118
   1    100         -0.72326           0.11781          -0.00399
   2      0         -0.71861           0.11050           0.00066
   3      0         -0.71927           0.11070           0.00000
   4      0         -0.72076           0.11026          -0.00149
   5      0         -0.72212           0.10886          -0.00285
   5     60         -0.72237           0.10918          -0.00310
   5     80         -0.72421           0.11130          -0.00494
   5    100         -0.72954           0.11617          -0.01027
 
  contribution from  3-th solvent component
   1      0          3.74792           0.04587           0.00846
   1     60          3.72250           0.04588          -0.01696
   1     80          3.53051           0.04589          -0.20895
   1    100          2.86743           0.04584          -0.87203
   2      0          3.73848           0.04421          -0.00098
   3      0          3.73946           0.04445           0.00000
   4      0          3.71334           0.04380          -0.02612
   5      0          3.76603           0.04372           0.02657
   5     60          3.73138           0.04372          -0.00808
   5     80          3.49122           0.04370          -0.24824
   5    100          2.87510           0.04361          -0.86436
 
 
 group  inft   Estimated free energy: total (kcal/mol)
   1      0       3.7371       3.5194       3.4798       3.6403       3.6348
                  3.5975       3.5905       3.6672       4.0299       3.7762
   1     60       3.7125       3.4936       3.4540       3.6148       3.6098
                  3.5722       3.5652       3.6421       4.0066       3.7518
   1     80       3.5266       3.2978       3.2578       3.4206       3.4196
                  3.3799       3.3728       3.4518       3.8300       3.5659
   1    100       2.8770       2.6163       2.5764       2.7448       2.7569
                  2.7103       2.7029       2.7888       3.2087       2.9176
   2      0       3.7147       3.5001       3.4590       3.6286       3.6197
                  3.5833       3.5799       3.6498       4.0237       3.7660
   3      0       3.7090       3.4947       3.4560       3.6278       3.6178
                  3.5831       3.5818       3.6454       4.0254       3.7720
   4      0       3.6789       3.4686       3.4270       3.6009       3.5916
                  3.5551       3.5492       3.6143       3.9983       3.7390
   5      0       3.7395       3.5244       3.4787       3.6506       3.6426
                  3.6010       3.6035       3.6779       4.0301       3.7880
   5     60       3.7059       3.4892       3.4435       3.6157       3.6083
                  3.5664       3.5689       3.6436       3.9983       3.7544
   5     80       3.4720       3.2433       3.1973       3.3718       3.3693
                  3.3251       3.3273       3.4046       3.7763       3.5208
   5    100       2.8660       2.6086       2.5628       2.7423       2.7517
                  2.7016       2.7034       2.7867       3.1978       2.9165
 
 group  inft   Estimated free energy: 1-th solvent contribution (kcal/mol)
   1      0       0.6954       0.5900       0.5679       0.5741       0.6510
                  0.6139       0.6199       0.6382       0.7248       0.6847
   1     60       0.6965       0.5901       0.5679       0.5742       0.6517
                  0.6144       0.6203       0.6388       0.7261       0.6856
   1     80       0.7038       0.5900       0.5672       0.5738       0.6562
                  0.6165       0.6225       0.6422       0.7341       0.6917
   1    100       0.7228       0.5852       0.5609       0.5677       0.6663
                  0.6188       0.6250       0.6489       0.7551       0.7068
   2      0       0.6907       0.5873       0.5653       0.5715       0.6466
                  0.6111       0.6187       0.6343       0.7197       0.6802
   3      0       0.6879       0.5852       0.5633       0.5697       0.6447
                  0.6095       0.6178       0.6334       0.7184       0.6806
   4      0       0.6851       0.5842       0.5630       0.5688       0.6440
                  0.6081       0.6167       0.6322       0.7169       0.6776
   5      0       0.6882       0.5841       0.5628       0.5688       0.6437
                  0.6088       0.6156       0.6324       0.7153       0.6770
   5     60       0.6896       0.5842       0.5628       0.5689       0.6446
                  0.6093       0.6161       0.6332       0.7169       0.6782
   5     80       0.6978       0.5834       0.5613       0.5676       0.6495
                  0.6112       0.6181       0.6368       0.7263       0.6851
   5    100       0.7138       0.5783       0.5547       0.5610       0.6574
                  0.6121       0.6193       0.6420       0.7445       0.6980
 
 group  inft   Estimated free energy: 2-th solvent contribution (kcal/mol)
   1      0      -0.6583      -0.8382      -0.9575      -0.7093      -0.7503
                 -0.8387      -0.8116      -0.6467      -0.3130      -0.6432
   1     60      -0.6585      -0.8386      -0.9580      -0.7096      -0.7506
                 -0.8391      -0.8119      -0.6468      -0.3121      -0.6433
   1     80      -0.6600      -0.8416      -0.9611      -0.7117      -0.7532
                 -0.8420      -0.8144      -0.6477      -0.3051      -0.6440
   1    100      -0.6658      -0.8520      -0.9724      -0.7195      -0.7625
                 -0.8523      -0.8235      -0.6514      -0.2861      -0.6472
   2      0      -0.6618      -0.8400      -0.9598      -0.7105      -0.7522
                 -0.8407      -0.8134      -0.6489      -0.3147      -0.6441
   3      0      -0.6628      -0.8413      -0.9623      -0.7106      -0.7524
                 -0.8410      -0.8135      -0.6501      -0.3153      -0.6435
   4      0      -0.6654      -0.8424      -0.9617      -0.7119      -0.7534
                 -0.8428      -0.8148      -0.6520      -0.3179      -0.6453
   5      0      -0.6627      -0.8421      -0.9632      -0.7128      -0.7547
                 -0.8425      -0.8156      -0.6517      -0.3274      -0.6483
   5     60      -0.6630      -0.8427      -0.9638      -0.7132      -0.7552
                 -0.8430      -0.8161      -0.6519      -0.3262      -0.6484
   5     80      -0.6652      -0.8466      -0.9680      -0.7161      -0.7586
                 -0.8468      -0.8195      -0.6534      -0.3181      -0.6498
   5    100      -0.6712      -0.8567      -0.9788      -0.7238      -0.7677
                 -0.8567      -0.8283      -0.6574      -0.3010      -0.6538
 
 group  inft   Estimated free energy: 3-th solvent contribution (kcal/mol)
   1      0       3.6999       3.7676       3.8694       3.7755       3.7341
                  3.8222       3.7822       3.6757       3.6180       3.7347
   1     60       3.6745       3.7421       3.8439       3.7501       3.7087
                  3.7968       3.7567       3.6501       3.5926       3.7094
   1     80       3.4827       3.5493       3.6517       3.5585       3.5165
                  3.6053       3.5646       3.4573       3.4009       3.5181
   1    100       2.8199       2.8830       2.9879       2.8965       2.8530
                  2.9438       2.9014       2.7912       2.7396       2.8580
   2      0       3.6858       3.7527       3.8534       3.7676       3.7252
                  3.8128       3.7745       3.6643       3.6187       3.7298
   3      0       3.6839       3.7507       3.8550       3.7686       3.7255
                  3.8146       3.7774       3.6620       3.6222       3.7348
   4      0       3.6591       3.7268       3.8256       3.7440       3.7010
                  3.7897       3.7473       3.6340       3.5992       3.7067
   5      0       3.7140       3.7824       3.8791       3.7946       3.7535
                  3.8347       3.8035       3.6972       3.6421       3.7591
   5     60       3.6794       3.7477       3.8445       3.7600       3.7188
                  3.8001       3.7689       3.6624       3.6075       3.7246
   5     80       3.4393       3.5064       3.6039       3.5202       3.4784
                  3.5606       3.5286       3.4211       3.3680       3.4855
   5    100       2.8232       2.8869       2.9868       2.9050       2.8620
                  2.9461       2.9125       2.8020       2.7542       2.8722
 
 
 cumulative average & 95% error for solvation free energy
              total             1st component         2nd component         3rd component
  1     3.7090                0.6879               -0.6628                3.6839
  2     3.6019     0.2144     0.6365     0.1027    -0.7521     0.1785     3.7173     0.0668
  3     3.5532     0.1574     0.6121     0.0768    -0.8221     0.1739     3.7632     0.0995
  4     3.5719     0.1174     0.6015     0.0583    -0.7942     0.1351     3.7645     0.0704
  5     3.5811     0.0927     0.6101     0.0484    -0.7859     0.1059     3.7567     0.0568
  6     3.5814     0.0757     0.6100     0.0395    -0.7951     0.0884     3.7664     0.0502
  7     3.5815     0.0640     0.6111     0.0334    -0.7977     0.0749     3.7679     0.0425
  8     3.5894     0.0577     0.6139     0.0295    -0.7792     0.0747     3.7547     0.0454
  9     3.6379     0.1094     0.6255     0.0349    -0.7277     0.1223     3.7400     0.0497
 10     3.6513     0.1015     0.6310     0.0331    -0.7193     0.1107     3.7395     0.0444
