 ERmod 0.3.7, Copyright (C) 2000-2019 Nobuyuki Matubayasi
                            2010-2019 Shun Sakuraba
 ERmod comes with ABSOLUTELY NO WARRANTY.
 This is free software, and you can redistribute it
 and/or modify it under certain conditions.
 See LICENSE file for details.
 ERmod 0.3.7, Copyright (C) 2000-2019 Nobuyuki Matubayasi
                            2010-2019 Shun Sakuraba
 ERmod comes with ABSOLUTELY NO WARRANTY.
 This is free software, and you can redistribute it
 and/or modify it under certain conditions.
 See LICENSE file for details.
 
  Number of the   1-th solvent  =          180
  Number of the   2-th solvent  =          180
  Number of the   3-th solvent  =        10000
 
  Be sure that the solvent distribution is homogeneous (radial distribution function is essentially unity) when the solvent molecule is separated beyond distance of   10.0 Angstrom in any direction from any atom within the solute molecule
 
  LJ long-range correction    =        -0.0074     -0.0414     -0.3921
 
  Self-energy of the solute   =        -0.0000  kcal/mol
 
 
 cumulative average & 95% error for solvation energy
              total             1st component         2nd component         3rd component
  1   -23.5705               -0.9620               -2.0330              -20.5755
  2   -23.5625     0.0161    -0.8301     0.2636    -1.7059     0.6541   -21.0263     0.9017
  3   -23.5754     0.0274    -1.3572     1.0651    -1.9852     0.6742   -20.2329     1.6701
  4   -23.5817     0.0232    -1.0569     0.9634    -1.9654     0.4784   -20.5593     1.3494
  5   -23.5789     0.0188    -0.9078     0.8036    -1.8451     0.4419   -20.8260     1.1735
  6   -23.5911     0.0288    -0.9869     0.6750    -1.9179     0.3890   -20.6862     0.9981
  7   -23.6128     0.0498    -1.0440     0.5818    -1.8539     0.3528   -20.7148     0.8455
  8   -23.6559     0.0964    -0.9864     0.5168    -2.0185     0.4490   -20.6510     0.7432
  9   -23.6780     0.0958    -0.9953     0.4562    -2.1680     0.4963   -20.5146     0.7100
 10   -23.6726     0.0863    -1.0069     0.4087    -2.1260     0.4518   -20.5397     0.6370
 
 
 group  inft  solvation free energy     error          difference
  total solvation free energy
   1      0         -4.57730           0.08708          -0.00321
   1     60         -4.60713           0.08706          -0.03305
   1     80         -4.80925           0.08699          -0.23517
   1    100         -5.41732           0.08680          -0.84324
   2      0         -4.57525           0.08440          -0.00116
   3      0         -4.57408           0.08349           0.00000
   4      0         -4.57583           0.08400          -0.00175
   5      0         -4.57883           0.08213          -0.00475
   5     60         -4.61857           0.08210          -0.04449
   5     80         -4.86315           0.08197          -0.28906
   5    100         -5.41921           0.08169          -0.84512
 
  contribution from  1-th solvent component
   1      0         -0.26227           0.21184           0.00164
   1     60         -0.26256           0.21186           0.00135
   1     80         -0.26473           0.21195          -0.00081
   1    100         -0.27234           0.21219          -0.00843
   2      0         -0.26463           0.20872          -0.00072
   3      0         -0.26391           0.20727           0.00000
   4      0         -0.26550           0.20709          -0.00159
   5      0         -0.26461           0.20689          -0.00070
   5     60         -0.26501           0.20690          -0.00110
   5     80         -0.26786           0.20695          -0.00395
   5    100         -0.27515           0.20703          -0.01124
 
  contribution from  2-th solvent component
   1      0         -1.15961           0.22669          -0.01065
   1     60         -1.16042           0.22669          -0.01146
   1     80         -1.16569           0.22670          -0.01674
   1    100         -1.18119           0.22670          -0.03224
   2      0         -1.15203           0.22613          -0.00308
   3      0         -1.14895           0.22566           0.00000
   4      0         -1.14801           0.22535           0.00094
   5      0         -1.14872           0.22465           0.00023
   5     60         -1.14980           0.22465          -0.00084
   5     80         -1.15619           0.22465          -0.00723
   5    100         -1.17032           0.22464          -0.02137
 
  contribution from  3-th solvent component
   1      0         -3.15538           0.29768           0.00580
   1     60         -3.18411           0.29776          -0.02294
   1     80         -3.37879           0.29820          -0.21761
   1    100         -3.96374           0.29937          -0.80256
   2      0         -3.15854           0.29742           0.00264
   3      0         -3.16117           0.29728           0.00000
   4      0         -3.16228           0.29648          -0.00110
   5      0         -3.16546           0.29572          -0.00428
   5     60         -3.20372           0.29582          -0.04254
   5     80         -3.43905           0.29634          -0.27788
   5    100         -3.97369           0.29739          -0.81252
 
 
 group  inft   Estimated free energy: total (kcal/mol)
   1      0      -4.6273      -4.4324      -4.6113      -4.4003      -4.4203
                 -4.5974      -4.6961      -4.7494      -4.7647      -4.4739
   1     60      -4.6571      -4.4623      -4.6408      -4.4302      -4.4501
                 -4.6272      -4.7260      -4.7794      -4.7945      -4.5038
   1     80      -4.8588      -4.6647      -4.8412      -4.6331      -4.6522
                 -4.8291      -4.9285      -4.9825      -4.9962      -4.7061
   1    100      -5.4662      -5.2735      -5.4446      -5.2429      -5.2613
                 -5.4365      -5.5375      -5.5935      -5.6029      -5.3142
   2      0      -4.6188      -4.4337      -4.6024      -4.4026      -4.4374
                 -4.5913      -4.6902      -4.7447      -4.7630      -4.4685
   3      0      -4.6161      -4.4374      -4.5982      -4.4050      -4.4425
                 -4.5926      -4.6843      -4.7505      -4.7556      -4.4587
   4      0      -4.6100      -4.4327      -4.6048      -4.4039      -4.4460
                 -4.5888      -4.6924      -4.7492      -4.7618      -4.4687
   5      0      -4.6154      -4.4342      -4.6131      -4.4103      -4.4554
                 -4.5947      -4.6907      -4.7503      -4.7542      -4.4701
   5     60      -4.6550      -4.4741      -4.6524      -4.4503      -4.4952
                 -4.6344      -4.7305      -4.7902      -4.7938      -4.5099
   5     80      -4.8990      -4.7190      -4.8947      -4.6959      -4.7402
                 -4.8786      -4.9754      -5.0360      -5.0379      -4.7547
   5    100      -5.4542      -5.2758      -5.4464      -5.2540      -5.2979
                 -5.4338      -5.5319      -5.5946      -5.5928      -5.3107
 
 group  inft   Estimated free energy: 1-th solvent contribution (kcal/mol)
   1      0      -0.2819      -0.0970      -0.9565       0.2174       0.1191
                 -0.4725      -0.4617      -0.0789      -0.3452      -0.2654
   1     60      -0.2822      -0.0973      -0.9569       0.2171       0.1189
                 -0.4728      -0.4620      -0.0793      -0.3455      -0.2657
   1     80      -0.2843      -0.0993      -0.9592       0.2151       0.1173
                 -0.4752      -0.4644      -0.0816      -0.3477      -0.2679
   1    100      -0.2917      -0.1067      -0.9673       0.2078       0.1107
                 -0.4835      -0.4725      -0.0896      -0.3553      -0.2754
   2      0      -0.2816      -0.1026      -0.9523       0.2091       0.1020
                 -0.4694      -0.4606      -0.0784      -0.3478      -0.2647
   3      0      -0.2791      -0.1024      -0.9490       0.2065       0.0955
                 -0.4683      -0.4588      -0.0798      -0.3461      -0.2575
   4      0      -0.2799      -0.1044      -0.9490       0.2069       0.0926
                 -0.4677      -0.4619      -0.0816      -0.3485      -0.2615
   5      0      -0.2809      -0.1053      -0.9494       0.2092       0.0872
                 -0.4653      -0.4594      -0.0764      -0.3451      -0.2607
   5     60      -0.2812      -0.1057      -0.9499       0.2088       0.0868
                 -0.4657      -0.4598      -0.0768      -0.3456      -0.2611
   5     80      -0.2839      -0.1083      -0.9528       0.2060       0.0843
                 -0.4688      -0.4628      -0.0798      -0.3484      -0.2640
   5    100      -0.2909      -0.1155      -0.9603       0.1988       0.0773
                 -0.4765      -0.4703      -0.0873      -0.3556      -0.2712
 
 group  inft   Estimated free energy: 2-th solvent contribution (kcal/mol)
   1      0      -1.1598      -0.7596      -1.3786      -0.9898      -0.7335
                 -1.2392      -0.9410      -1.6540      -1.7890      -0.9515
   1     60      -1.1606      -0.7604      -1.3794      -0.9906      -0.7343
                 -1.2400      -0.9418      -1.6548      -1.7898      -0.9524
   1     80      -1.1659      -0.7657      -1.3846      -0.9959      -0.7395
                 -1.2452      -0.9471      -1.6601      -1.7951      -0.9577
   1    100      -1.1816      -0.7812      -1.3999      -1.0115      -0.7548
                 -1.2604      -0.9626      -1.6758      -1.8105      -0.9735
   2      0      -1.1499      -0.7518      -1.3703      -0.9823      -0.7298
                 -1.2332      -0.9324      -1.6459      -1.7798      -0.9449
   3      0      -1.1448      -0.7522      -1.3670      -0.9804      -0.7267
                 -1.2313      -0.9276      -1.6451      -1.7728      -0.9416
   4      0      -1.1415      -0.7457      -1.3703      -0.9795      -0.7275
                 -1.2280      -0.9314      -1.6403      -1.7716      -0.9443
   5      0      -1.1443      -0.7492      -1.3696      -0.9792      -0.7298
                 -1.2314      -0.9291      -1.6435      -1.7663      -0.9447
   5     60      -1.1454      -0.7503      -1.3706      -0.9803      -0.7309
                 -1.2325      -0.9302      -1.6446      -1.7673      -0.9458
   5     80      -1.1519      -0.7567      -1.3770      -0.9867      -0.7372
                 -1.2388      -0.9366      -1.6511      -1.7737      -0.9523
   5    100      -1.1662      -0.7709      -1.3909      -1.0010      -0.7512
                 -1.2527      -0.9506      -1.6654      -1.7877      -0.9666
 
 group  inft   Estimated free energy: 3-th solvent contribution (kcal/mol)
   1      0      -3.1856      -3.5757      -2.2761      -3.6278      -3.8058
                 -2.8856      -3.2933      -3.0164      -2.6305      -3.2569
   1     60      -3.2143      -3.6045      -2.3045      -3.6567      -3.8346
                 -2.9143      -3.3221      -3.0453      -2.6591      -3.2857
   1     80      -3.4086      -3.7997      -2.4973      -3.8522      -4.0300
                 -3.1086      -3.5169      -3.2407      -2.8533      -3.4805
   1    100      -3.9929      -4.3856      -3.0773      -4.4392      -4.6172
                 -3.6925      -4.1024      -3.8280      -3.4370      -4.0653
   2      0      -3.1872      -3.5792      -2.2798      -3.6293      -3.8095
                 -2.8887      -3.2971      -3.0204      -2.6353      -3.2588
   3      0      -3.1921      -3.5827      -2.2821      -3.6311      -3.8112
                 -2.8930      -3.2979      -3.0255      -2.6367      -3.2596
   4      0      -3.1885      -3.5826      -2.2855      -3.6312      -3.8112
                 -2.8929      -3.2991      -3.0273      -2.6416      -3.2628
   5      0      -3.1901      -3.5796      -2.2940      -3.6403      -3.8127
                 -2.8979      -3.3022      -3.0303      -2.6427      -3.2647
   5     60      -3.2283      -3.6181      -2.3318      -3.6787      -3.8511
                 -2.9361      -3.3405      -3.0687      -2.6809      -3.3030
   5     80      -3.4632      -3.8540      -2.5649      -3.9151      -4.0872
                 -3.1709      -3.5760      -3.3050      -2.9158      -3.5384
   5    100      -3.9971      -4.3894      -3.0951      -4.4517      -4.6240
                 -3.7045      -4.1109      -3.8419      -3.4494      -4.0728
 
 
 cumulative average & 95% error for solvation free energy
              total             1st component         2nd component         3rd component
  1    -4.6161               -0.2791               -1.1448               -3.1921
  2    -4.5267     0.1787    -0.1908     0.1767    -0.9485     0.3926    -3.3874     0.3906
  3    -4.5506     0.1137    -0.4435     0.5157    -1.0880     0.3595    -3.0190     0.7706
  4    -4.5142     0.1084    -0.2810     0.4885    -1.0611     0.2598    -3.1720     0.6249
  5    -4.4998     0.0888    -0.2057     0.4072    -0.9942     0.2417    -3.2998     0.5475
  6    -4.5153     0.0788    -0.2495     0.3438    -1.0337     0.2125    -3.2320     0.4671
  7    -4.5394     0.0823    -0.2794     0.2967    -1.0186     0.1822    -3.2414     0.3952
  8    -4.5658     0.0886    -0.2544     0.2617    -1.0969     0.2223    -3.2144     0.3465
  9    -4.5869     0.0888    -0.2646     0.2317    -1.1720     0.2470    -3.1502     0.3315
 10    -4.5741     0.0835    -0.2639     0.2073    -1.1490     0.2257    -3.1612     0.2973
