 ERmod 0.3.7, Copyright (C) 2000-2019 Nobuyuki Matubayasi
                            2010-2019 Shun Sakuraba
 ERmod comes with ABSOLUTELY NO WARRANTY.
 This is free software, and you can redistribute it
 and/or modify it under certain conditions.
 See LICENSE file for details.
 ERmod 0.3.7, Copyright (C) 2000-2019 Nobuyuki Matubayasi
                            2010-2019 Shun Sakuraba
 ERmod comes with ABSOLUTELY NO WARRANTY.
 This is free software, and you can redistribute it
 and/or modify it under certain conditions.
 See LICENSE file for details.
 
  Number of the   1-th solvent  =          180
  Number of the   2-th solvent  =          180
  Number of the   3-th solvent  =        10000
 
  Be sure that the solvent distribution is homogeneous (radial distribution function is essentially unity) when the solvent molecule is separated beyond distance of   10.0 Angstrom in any direction from any atom within the solute molecule
 
  LJ long-range correction    =        -0.0082     -0.0461     -0.4370
 
  Self-energy of the solute   =         0.0000  kcal/mol
 
 
 cumulative average & 95% error for solvation energy
              total             1st component         2nd component         3rd component
  1   -11.6906                0.2290               -0.8957              -11.0240
  2   -11.7437     0.1062     0.2212     0.0156    -1.0368     0.2823   -10.9282     0.1916
  3   -11.7451     0.0614     0.2185     0.0105    -1.0317     0.1633   -10.9320     0.1109
  4   -11.7221     0.0632     0.2303     0.0246    -0.9853     0.1481   -10.9672     0.1053
  5   -11.7088     0.0558     0.2296     0.0191    -0.9726     0.1175   -10.9659     0.0816
  6   -11.7316     0.0644     0.2196     0.0254    -1.0317     0.1523   -10.9194     0.1143
  7   -11.7429     0.0589     0.2163     0.0225    -1.0510     0.1343   -10.9082     0.0991
  8   -11.7407     0.0512     0.2166     0.0195    -1.0521     0.1163   -10.9052     0.0861
  9   -11.7533     0.0517     0.2139     0.0180    -1.0842     0.1210   -10.8830     0.0879
 10   -11.7549     0.0463     0.2127     0.0163    -1.0893     0.1087   -10.8783     0.0792
 
 
 group  inft  solvation free energy     error          difference
  total solvation free energy
   1      0          2.94574           0.03472           0.01196
   1     60          2.92523           0.03490          -0.00854
   1     80          2.77617           0.03623          -0.15760
   1    100          2.26730           0.04035          -0.66647
   2      0          2.93256           0.03469          -0.00121
   3      0          2.93377           0.03472           0.00000
   4      0          2.91227           0.03475          -0.02150
   5      0          2.95934           0.03611           0.02557
   5     60          2.93156           0.03635          -0.00221
   5     80          2.74601           0.03798          -0.18776
   5    100          2.27327           0.04175          -0.66050
 
  contribution from  1-th solvent component
   1      0          0.39631           0.01632           0.00335
   1     60          0.39650           0.01646           0.00354
   1     80          0.39717           0.01754           0.00421
   1    100          0.39604           0.02087           0.00308
   2      0          0.39385           0.01608           0.00089
   3      0          0.39296           0.01609           0.00000
   4      0          0.39186           0.01608          -0.00110
   5      0          0.39147           0.01626          -0.00149
   5     60          0.39166           0.01645          -0.00130
   5     80          0.39199           0.01776          -0.00097
   5    100          0.39015           0.02079          -0.00280
 
  contribution from  2-th solvent component
   1      0         -0.53078           0.05084           0.00283
   1     60         -0.53108           0.05089           0.00254
   1     80         -0.53316           0.05122           0.00046
   1    100         -0.54038           0.05226          -0.00676
   2      0         -0.53269           0.05076           0.00092
   3      0         -0.53361           0.05081           0.00000
   4      0         -0.53500           0.05047          -0.00138
   5      0         -0.53522           0.05056          -0.00160
   5     60         -0.53564           0.05062          -0.00202
   5     80         -0.53837           0.05101          -0.00476
   5    100         -0.54534           0.05193          -0.01173
 
  contribution from  3-th solvent component
   1      0          3.08017           0.03268           0.00579
   1     60          3.05978           0.03269          -0.01461
   1     80          2.91212           0.03277          -0.16227
   1    100          2.41160           0.03302          -0.66279
   2      0          3.07137           0.03300          -0.00302
   3      0          3.07439           0.03318           0.00000
   4      0          3.05537           0.03296          -0.01902
   5      0          3.10305           0.03138           0.02867
   5     60          3.07550           0.03140           0.00112
   5     80          2.89236           0.03149          -0.18203
   5    100          2.42842           0.03172          -0.64597
 
 
 group  inft   Estimated free energy: total (kcal/mol)
   1      0       2.9938       2.9318       2.9404       3.0367       3.0155
                  2.8882       2.8841       2.9537       2.8819       2.9313
   1     60       2.9735       2.9112       2.9198       3.0169       2.9952
                  2.8674       2.8633       2.9331       2.8611       2.9108
   1     80       2.8259       2.7619       2.7702       2.8731       2.8475
                  2.7162       2.7120       2.7836       2.7102       2.7611
   1    100       2.3212       2.2524       2.2591       2.3811       2.3422
                  2.2014       2.1960       2.2734       2.1957       2.2503
   2      0       2.9761       2.9206       2.9291       3.0201       3.0076
                  2.8735       2.8697       2.9420       2.8695       2.9175
   3      0       2.9731       2.9231       2.9304       3.0220       3.0104
                  2.8736       2.8710       2.9446       2.8716       2.9179
   4      0       2.9534       2.9015       2.9084       3.0003       2.9885
                  2.8530       2.8480       2.9226       2.8506       2.8964
   5      0       3.0060       2.9423       2.9550       3.0553       3.0341
                  2.8993       2.8950       2.9663       2.8959       2.9442
   5     60       2.9784       2.9145       2.9272       3.0284       3.0066
                  2.8712       2.8668       2.9385       2.8678       2.9163
   5     80       2.7945       2.7286       2.7410       2.8494       2.8229
                  2.6831       2.6784       2.7524       2.6800       2.7300
   5    100       2.3251       2.2551       2.2664       2.3921       2.3538
                  2.2052       2.1991       2.2783       2.2022       2.2552
 
 group  inft   Estimated free energy: 1-th solvent contribution (kcal/mol)
   1      0       0.4072       0.3955       0.3955       0.4634       0.3928
                  0.3719       0.3775       0.3945       0.3805       0.3842
   1     60       0.4076       0.3957       0.3956       0.4642       0.3930
                  0.3719       0.3775       0.3946       0.3804       0.3843
   1     80       0.4094       0.3960       0.3962       0.4693       0.3936
                  0.3712       0.3770       0.3946       0.3797       0.3846
   1    100       0.4117       0.3939       0.3948       0.4819       0.3921
                  0.3660       0.3724       0.3914       0.3743       0.3818
   2      0       0.4043       0.3928       0.3934       0.4600       0.3914
                  0.3702       0.3745       0.3917       0.3784       0.3817
   3      0       0.4021       0.3921       0.3927       0.4594       0.3910
                  0.3691       0.3740       0.3908       0.3774       0.3810
   4      0       0.4016       0.3900       0.3913       0.4584       0.3898
                  0.3684       0.3726       0.3898       0.3770       0.3797
   5      0       0.4012       0.3897       0.3914       0.4586       0.3898
                  0.3677       0.3722       0.3894       0.3759       0.3787
   5     60       0.4016       0.3898       0.3916       0.4596       0.3900
                  0.3677       0.3722       0.3895       0.3758       0.3788
   5     80       0.4032       0.3897       0.3919       0.4653       0.3903
                  0.3664       0.3711       0.3890       0.3745       0.3786
   5    100       0.4044       0.3868       0.3900       0.4760       0.3881
                  0.3609       0.3660       0.3852       0.3689       0.3751
 
 group  inft   Estimated free energy: 2-th solvent contribution (kcal/mol)
   1      0      -0.4454      -0.5706      -0.5090      -0.4096      -0.4470
                 -0.6389      -0.5672      -0.5201      -0.6468      -0.5533
   1     60      -0.4457      -0.5710      -0.5093      -0.4097      -0.4472
                 -0.6392      -0.5675      -0.5204      -0.6472      -0.5536
   1     80      -0.4476      -0.5733      -0.5117      -0.4104      -0.4487
                 -0.6418      -0.5700      -0.5222      -0.6499      -0.5560
   1    100      -0.4542      -0.5813      -0.5198      -0.4134      -0.4543
                 -0.6507      -0.5783      -0.5287      -0.6589      -0.5642
   2      0      -0.4473      -0.5721      -0.5101      -0.4122      -0.4494
                 -0.6408      -0.5690      -0.5215      -0.6489      -0.5556
   3      0      -0.4482      -0.5733      -0.5109      -0.4134      -0.4497
                 -0.6416      -0.5702      -0.5220      -0.6500      -0.5568
   4      0      -0.4497      -0.5744      -0.5121      -0.4157      -0.4520
                 -0.6426      -0.5709      -0.5243      -0.6505      -0.5579
   5      0      -0.4487      -0.5739      -0.5134      -0.4153      -0.4528
                 -0.6420      -0.5718      -0.5246      -0.6513      -0.5585
   5     60      -0.4490      -0.5743      -0.5139      -0.4155      -0.4531
                 -0.6426      -0.5722      -0.5250      -0.6518      -0.5589
   5     80      -0.4515      -0.5774      -0.5169      -0.4166      -0.4551
                 -0.6459      -0.5754      -0.5275      -0.6552      -0.5621
   5    100      -0.4579      -0.5851      -0.5247      -0.4198      -0.4606
                 -0.6543      -0.5834      -0.5337      -0.6638      -0.5699
 
 group  inft   Estimated free energy: 3-th solvent contribution (kcal/mol)
   1      0       3.0319       3.1069       3.0539       2.9827       3.0697
                  3.1551       3.0738       3.0792       3.1482       3.1004
   1     60       3.0116       3.0865       3.0334       2.9623       3.0494
                  3.1347       3.0533       3.0588       3.1279       3.0800
   1     80       2.8640       2.9392       2.8856       2.8141       2.9025
                  2.9868       2.9049       2.9112       2.9804       2.9325
   1    100       2.3637       2.4397       2.3840       2.3125       2.4044
                  2.4861       2.4019       2.4106       2.4803       2.4326
   2      0       3.0191       3.0999       3.0457       2.9722       3.0656
                  3.1441       3.0641       3.0718       3.1399       3.0912
   3      0       3.0192       3.1042       3.0486       2.9759       3.0691
                  3.1460       3.0672       3.0758       3.1442       3.0937
   4      0       3.0014       3.0859       3.0291       2.9576       3.0506
                  3.1270       3.0463       3.0571       3.1241       3.0746
   5      0       3.0534       3.1264       3.0769       3.0120       3.0970
                  3.1736       3.0945       3.1015       3.1713       3.1239
   5     60       3.0259       3.0989       3.0494       2.9843       3.0697
                  3.1460       3.0668       3.0740       3.1437       3.0964
   5     80       2.8428       2.9162       2.8660       2.8007       2.8877
                  2.9626       2.8827       2.8908       2.9607       2.9134
   5    100       2.3787       2.4534       2.4011       2.3359       2.4262
                  2.4986       2.4165       2.4268       2.4971       2.4499
 
 
 cumulative average & 95% error for solvation free energy
              total             1st component         2nd component         3rd component
  1     2.9731                0.4021               -0.4482                3.0192
  2     2.9481     0.0500     0.3971     0.0099    -0.5107     0.1250     3.0617     0.0850
  3     2.9422     0.0312     0.3956     0.0064    -0.5108     0.0722     3.0573     0.0498
  4     2.9621     0.0456     0.4116     0.0322    -0.4864     0.0706     3.0370     0.0538
  5     2.9718     0.0402     0.4075     0.0263    -0.4791     0.0566     3.0434     0.0436
  6     2.9554     0.0464     0.4011     0.0250    -0.5062     0.0712     3.0605     0.0494
  7     2.9434     0.0460     0.3972     0.0225    -0.5153     0.0629     3.0614     0.0418
  8     2.9435     0.0399     0.3964     0.0195    -0.5162     0.0545     3.0632     0.0364
  9     2.9355     0.0386     0.3943     0.0177    -0.5310     0.0565     3.0722     0.0368
 10     2.9338     0.0347     0.3930     0.0161    -0.5336     0.0508     3.0744     0.0332
