 ERmod 0.3.7, Copyright (C) 2000-2019 Nobuyuki Matubayasi
                            2010-2019 Shun Sakuraba
 ERmod comes with ABSOLUTELY NO WARRANTY.
 This is free software, and you can redistribute it
 and/or modify it under certain conditions.
 See LICENSE file for details.
 ERmod 0.3.7, Copyright (C) 2000-2019 Nobuyuki Matubayasi
                            2010-2019 Shun Sakuraba
 ERmod comes with ABSOLUTELY NO WARRANTY.
 This is free software, and you can redistribute it
 and/or modify it under certain conditions.
 See LICENSE file for details.
 
  Number of the   1-th solvent  =          180
  Number of the   2-th solvent  =          180
  Number of the   3-th solvent  =        10000
 
  Be sure that the solvent distribution is homogeneous (radial distribution function is essentially unity) when the solvent molecule is separated beyond distance of   10.0 Angstrom in any direction from any atom within the solute molecule
 
  LJ long-range correction    =        -0.0139     -0.0102     -0.7366
 
  Self-energy of the solute   =        -0.0001  kcal/mol
 
 
 cumulative average & 95% error for solvation energy
              total             1st component         2nd component         3rd component
  1   -30.4573               -1.1924               -0.2788              -28.9860
  2   -30.8728     0.8310    -0.7551     0.8746    -1.9995     3.4413   -28.1181     1.7358
  3   -30.7588     0.5312    -0.7597     0.5050    -1.3678     2.3545   -28.6311     1.4342
  4   -30.6593     0.4251    -0.4428     0.7275    -1.2776     1.6746   -28.9388     1.1862
  5   -30.6357     0.3327    -0.4912     0.5718    -1.3041     1.2982   -28.8402     0.9397
  6   -30.6765     0.2836    -0.4417     0.4773    -1.5390     1.1595   -28.6957     0.8199
  7   -30.6708     0.2400    -0.4919     0.4156    -1.4919     0.9845   -28.6870     0.6932
  8   -30.6539     0.2106    -0.6501     0.4792    -1.3765     0.8832   -28.6272     0.6121
  9   -30.6360     0.1891    -0.6113     0.4297    -1.2845     0.8004   -28.7402     0.5852
 10   -30.6257     0.1704    -0.5931     0.3860    -1.2547     0.7184   -28.7778     0.5288
 
 
 group  inft  solvation free energy     error          difference
  total solvation free energy
   1      0         -3.04463           0.09045           0.00726
   1     60         -3.06677           0.09048          -0.01488
   1     80         -3.28519           0.09090          -0.23330
   1    100         -4.17199           0.09227          -1.12010
   2      0         -3.05019           0.09017           0.00170
   3      0         -3.05189           0.08817           0.00000
   4      0         -3.05140           0.09081           0.00049
   5      0         -3.04560           0.08829           0.00629
   5     60         -3.07607           0.08832          -0.02418
   5     80         -3.35420           0.08879          -0.30230
   5    100         -4.17546           0.08987          -1.12357
 
  contribution from  1-th solvent component
   1      0          0.10736           0.20886           0.00963
   1     60          0.10716           0.20887           0.00943
   1     80          0.10431           0.20893           0.00658
   1    100          0.09094           0.20929          -0.00679
   2      0          0.09977           0.20657           0.00204
   3      0          0.09773           0.20492           0.00000
   4      0          0.09671           0.20568          -0.00103
   5      0          0.09810           0.20420           0.00037
   5     60          0.09777           0.20420           0.00004
   5     80          0.09392           0.20424          -0.00381
   5    100          0.08104           0.20444          -0.01670
 
  contribution from  2-th solvent component
   1      0         -0.76636           0.32789          -0.00711
   1     60         -0.76607           0.32790          -0.00682
   1     80         -0.76464           0.32803          -0.00539
   1    100         -0.76297           0.32853          -0.00372
   2      0         -0.76038           0.32963          -0.00113
   3      0         -0.75925           0.32996           0.00000
   4      0         -0.75714           0.33014           0.00211
   5      0         -0.75691           0.33121           0.00234
   5     60         -0.75654           0.33122           0.00271
   5     80         -0.75517           0.33140           0.00408
   5    100         -0.75461           0.33197           0.00465
 
  contribution from  3-th solvent component
   1      0         -2.38555           0.27705           0.00473
   1     60         -2.40777           0.27706          -0.01749
   1     80         -2.62478           0.27706          -0.23450
   1    100         -3.49987           0.27822          -1.10959
   2      0         -2.38949           0.27689           0.00079
   3      0         -2.39028           0.27702           0.00000
   4      0         -2.39087           0.27586          -0.00059
   5      0         -2.38669           0.27741           0.00359
   5     60         -2.41720           0.27741          -0.02692
   5     80         -2.69286           0.27749          -0.30258
   5    100         -3.50180           0.27862          -1.11152
 
 
 group  inft   Estimated free energy: total (kcal/mol)
   1      0      -3.1418      -3.2527      -3.0900      -2.7550      -2.9347
                 -2.9819      -3.1615      -3.1386      -2.9640      -3.0260
   1     60      -3.1639      -3.2750      -3.1123      -2.7770      -2.9568
                 -3.0041      -3.1836      -3.1607      -2.9861      -3.0482
   1     80      -3.3826      -3.4946      -3.3321      -2.9937      -3.1750
                 -3.2227      -3.4017      -3.3790      -3.2039      -3.2665
   1    100      -4.2725      -4.3820      -4.2268      -3.8750      -4.0605
                 -4.1070      -4.2873      -4.2668      -4.0892      -4.1528
   2      0      -3.1432      -3.2514      -3.0948      -2.7675      -2.9321
                 -2.9866      -3.1924      -3.1290      -2.9643      -3.0408
   3      0      -3.1348      -3.2437      -3.0900      -2.7731      -2.9349
                 -2.9900      -3.2006      -3.1231      -2.9667      -3.0621
   4      0      -3.1409      -3.2499      -3.0900      -2.7679      -2.9310
                 -2.9919      -3.2065      -3.1256      -2.9582      -3.0520
   5      0      -3.1299      -3.2375      -3.0857      -2.7667      -2.9370
                 -2.9856      -3.2052      -3.1046      -2.9578      -3.0459
   5     60      -3.1604      -3.2682      -3.1163      -2.7970      -2.9675
                 -3.0162      -3.2356      -3.1350      -2.9882      -3.0764
   5     80      -3.4388      -3.5475      -3.3963      -3.0732      -3.2451
                 -3.2946      -3.5134      -3.4130      -3.2655      -3.3545
   5    100      -4.2625      -4.3689      -4.2248      -3.8899      -4.0649
                 -4.1142      -4.3339      -4.2346      -4.0852      -4.1756
 
 group  inft   Estimated free energy: 1-th solvent contribution (kcal/mol)
   1      0      -0.2592       0.2381       0.0418       0.6878       0.0942
                  0.3323      -0.0137      -0.5151       0.2790       0.1886
   1     60      -0.2594       0.2379       0.0416       0.6876       0.0939
                  0.3321      -0.0139      -0.5153       0.2787       0.1884
   1     80      -0.2623       0.2348       0.0387       0.6853       0.0908
                  0.3291      -0.0166      -0.5183       0.2758       0.1858
   1    100      -0.2762       0.2207       0.0254       0.6739       0.0767
                  0.3156      -0.0296      -0.5324       0.2621       0.1733
   2      0      -0.2610       0.2415       0.0289       0.6657       0.1008
                  0.3233      -0.0320      -0.5175       0.2753       0.1727
   3      0      -0.2604       0.2457       0.0298       0.6584       0.1011
                  0.3211      -0.0355      -0.5136       0.2730       0.1578
   4      0      -0.2600       0.2364       0.0282       0.6552       0.1039
                  0.3234      -0.0364      -0.5223       0.2745       0.1641
   5      0      -0.2612       0.2405       0.0286       0.6531       0.1028
                  0.3234      -0.0322      -0.5125       0.2744       0.1641
   5     60      -0.2615       0.2401       0.0283       0.6528       0.1025
                  0.3230      -0.0325      -0.5128       0.2740       0.1638
   5     80      -0.2653       0.2361       0.0244       0.6494       0.0984
                  0.3190      -0.0362      -0.5168       0.2701       0.1601
   5    100      -0.2783       0.2228       0.0114       0.6379       0.0852
                  0.3058      -0.0492      -0.5300       0.2570       0.1477
 
 group  inft   Estimated free energy: 2-th solvent contribution (kcal/mol)
   1      0      -0.3623      -1.9197      -0.2685      -0.5004      -0.7954
                 -1.3837      -0.8554      -0.4700      -0.4140      -0.6942
   1     60      -0.3620      -1.9194      -0.2683      -0.5000      -0.7951
                 -1.3834      -0.8551      -0.4697      -0.4137      -0.6939
   1     80      -0.3611      -1.9186      -0.2675      -0.4976      -0.7928
                 -1.3825      -0.8533      -0.4684      -0.4115      -0.6931
   1    100      -0.3608      -1.9194      -0.2684      -0.4919      -0.7881
                 -1.3823      -0.8512      -0.4669      -0.4068      -0.6938
   2      0      -0.3560      -1.9181      -0.2569      -0.4881      -0.7968
                 -1.3752      -0.8618      -0.4533      -0.4075      -0.6899
   3      0      -0.3531      -1.9152      -0.2533      -0.4848      -0.7977
                 -1.3749      -0.8650      -0.4503      -0.4047      -0.6934
   4      0      -0.3516      -1.9090      -0.2515      -0.4804      -0.7990
                 -1.3773      -0.8674      -0.4409      -0.4020      -0.6925
   5      0      -0.3497      -1.9117      -0.2495      -0.4813      -0.8064
                 -1.3772      -0.8708      -0.4361      -0.3999      -0.6866
   5     60      -0.3494      -1.9114      -0.2493      -0.4808      -0.8059
                 -1.3769      -0.8703      -0.4357      -0.3994      -0.6863
   5     80      -0.3486      -1.9109      -0.2487      -0.4781      -0.8036
                 -1.3763      -0.8685      -0.4345      -0.3970      -0.6856
   5    100      -0.3490      -1.9128      -0.2504      -0.4737      -0.8003
                 -1.3775      -0.8676      -0.4342      -0.3934      -0.6873
 
 group  inft   Estimated free energy: 3-th solvent contribution (kcal/mol)
   1      0      -2.5202      -1.5711      -2.8632      -2.9422      -2.2334
                 -1.9305      -2.2923      -2.1535      -2.8289      -2.5203
   1     60      -2.5423      -1.5933      -2.8855      -2.9645      -2.2556
                 -1.9527      -2.3146      -2.1756      -2.8511      -2.5426
   1     80      -2.7591      -1.8107      -3.1032      -3.1813      -2.4729
                 -2.1692      -2.5318      -2.3923      -3.0681      -2.7592
   1    100      -3.6354      -2.6832      -3.9837      -4.0569      -3.3490
                 -3.0401      -3.4064      -3.2674      -3.9444      -3.6322
   2      0      -2.5261      -1.5747      -2.8667      -2.9450      -2.2360
                 -1.9345      -2.2985      -2.1580      -2.8320      -2.5235
   3      0      -2.5211      -1.5741      -2.8664      -2.9466      -2.2382
                 -1.9361      -2.3000      -2.1591      -2.8348      -2.5264
   4      0      -2.5293      -1.5772      -2.8667      -2.9427      -2.2358
                 -1.9380      -2.3026      -2.1623      -2.8307      -2.5235
   5      0      -2.5189      -1.5663      -2.8647      -2.9384      -2.2334
                 -1.9317      -2.3021      -2.1560      -2.8322      -2.5233
   5     60      -2.5494      -1.5968      -2.8952      -2.9689      -2.2639
                 -1.9622      -2.3327      -2.1864      -2.8627      -2.5538
   5     80      -2.8249      -1.8727      -3.1718      -3.2444      -2.5399
                 -2.2372      -2.6086      -2.4616      -3.1385      -2.8289
   5    100      -3.6351      -2.6789      -3.9858      -4.0540      -3.3497
                 -3.0425      -3.4170      -3.2704      -3.9487      -3.6359
 
 
 cumulative average & 95% error for solvation free energy
              total             1st component         2nd component         3rd component
  1    -3.1348               -0.2604               -0.3531               -2.5211
  2    -3.1892     0.1089    -0.0074     0.5061    -1.1342     1.5620    -2.0476     0.9471
  3    -3.1562     0.0912     0.0050     0.2932    -0.8405     1.0762    -2.3206     0.7726
  4    -3.0604     0.2021     0.1684     0.3869    -0.7516     0.7815    -2.4771     0.6297
  5    -3.0353     0.1644     0.1549     0.3009    -0.7608     0.6056    -2.4293     0.4970
  6    -3.0277     0.1351     0.1826     0.2519    -0.8632     0.5352    -2.3471     0.4378
  7    -3.0524     0.1244     0.1515     0.2218    -0.8634     0.4523    -2.3404     0.3703
  8    -3.0613     0.1092     0.0683     0.2541    -0.8118     0.4051    -2.3177     0.3239
  9    -3.0508     0.0985     0.0911     0.2286    -0.7666     0.3685    -2.3752     0.3079
 10    -3.0519     0.0882     0.0977     0.2049    -0.7593     0.3300    -2.3903     0.2770
