 ERmod 0.3.7, Copyright (C) 2000-2019 Nobuyuki Matubayasi
                            2010-2019 Shun Sakuraba
 ERmod comes with ABSOLUTELY NO WARRANTY.
 This is free software, and you can redistribute it
 and/or modify it under certain conditions.
 See LICENSE file for details.
 ERmod 0.3.7, Copyright (C) 2000-2019 Nobuyuki Matubayasi
                            2010-2019 Shun Sakuraba
 ERmod comes with ABSOLUTELY NO WARRANTY.
 This is free software, and you can redistribute it
 and/or modify it under certain conditions.
 See LICENSE file for details.
 
  Number of the   1-th solvent  =           90
  Number of the   2-th solvent  =           90
  Number of the   3-th solvent  =        10000
 
  Be sure that the solvent distribution is homogeneous (radial distribution function is essentially unity) when the solvent molecule is separated beyond distance of   10.0 Angstrom in any direction from any atom within the solute molecule
 
  LJ long-range correction    =        -0.0022     -0.0126     -0.2379
 
  Self-energy of the solute   =         0.0000  kcal/mol
 
 
 cumulative average & 95% error for solvation energy
              total             1st component         2nd component         3rd component
  1    -6.8244                0.0326               -0.3505               -6.5065
  2    -6.8026     0.0436     0.0378     0.0104    -0.3060     0.0889    -6.5343     0.0556
  3    -6.8112     0.0305     0.0331     0.0112    -0.3132     0.0533    -6.5311     0.0328
  4    -6.8045     0.0254     0.0346     0.0085    -0.3107     0.0380    -6.5284     0.0238
  5    -6.8013     0.0207     0.0338     0.0068    -0.2983     0.0385    -6.5368     0.0248
  6    -6.7972     0.0187     0.0354     0.0064    -0.2928     0.0333    -6.5398     0.0212
  7    -6.7899     0.0216     0.0377     0.0071    -0.2821     0.0354    -6.5455     0.0212
  8    -6.7892     0.0187     0.0381     0.0062    -0.2788     0.0313    -6.5485     0.0193
  9    -6.7923     0.0177     0.0366     0.0062    -0.2825     0.0286    -6.5465     0.0175
 10    -6.7949     0.0166     0.0346     0.0068    -0.2893     0.0290    -6.5402     0.0201
 
 
 group  inft  solvation free energy     error          difference
  total solvation free energy
   1      0          2.57940           0.01502          -0.00629
   1     60          2.56358           0.01510          -0.02211
   1     80          2.45588           0.01564          -0.12981
   1    100          2.11739           0.01744          -0.46830
   2      0          2.57701           0.01406          -0.00868
   3      0          2.58569           0.01428           0.00000
   4      0          2.59469           0.01443           0.00900
   5      0          2.64785           0.01502           0.06216
   5     60          2.62668           0.01511           0.04099
   5     80          2.49486           0.01573          -0.09083
   5    100          2.18159           0.01723          -0.40411
 
  contribution from  1-th solvent component
   1      0          0.10110           0.00756           0.00248
   1     60          0.10115           0.00761           0.00252
   1     80          0.10127           0.00799           0.00265
   1    100          0.10076           0.00917           0.00214
   2      0          0.09914           0.00694           0.00051
   3      0          0.09863           0.00690           0.00000
   4      0          0.09791           0.00691          -0.00072
   5      0          0.09791           0.00670          -0.00072
   5     60          0.09793           0.00677          -0.00070
   5     80          0.09782           0.00720          -0.00081
   5    100          0.09689           0.00822          -0.00174
 
  contribution from  2-th solvent component
   1      0         -0.10836           0.01318           0.00179
   1     60         -0.10849           0.01319           0.00166
   1     80         -0.10943           0.01326           0.00072
   1    100         -0.11215           0.01349          -0.00200
   2      0         -0.10966           0.01330           0.00049
   3      0         -0.11015           0.01322           0.00000
   4      0         -0.11079           0.01328          -0.00064
   5      0         -0.11157           0.01351          -0.00142
   5     60         -0.11176           0.01352          -0.00161
   5     80         -0.11297           0.01360          -0.00282
   5    100         -0.11565           0.01378          -0.00550
 
  contribution from  3-th solvent component
   1      0          2.58664           0.00835          -0.01056
   1     60          2.57091           0.00835          -0.02629
   1     80          2.46403           0.00842          -0.13317
   1    100          2.12876           0.00863          -0.46844
   2      0          2.58751           0.00828          -0.00969
   3      0          2.59720           0.00817           0.00000
   4      0          2.60755           0.00794           0.01035
   5      0          2.66150           0.00734           0.06430
   5     60          2.64050           0.00735           0.04330
   5     80          2.51000           0.00743          -0.08720
   5    100          2.20033           0.00763          -0.39687
 
 
 group  inft   Estimated free energy: total (kcal/mol)
   1      0       2.5698       2.5979       2.5425       2.5871       2.5775
                  2.5907       2.6272       2.5819       2.5626       2.5567
   1     60       2.5540       2.5822       2.5265       2.5714       2.5617
                  2.5749       2.6116       2.5661       2.5467       2.5407
   1     80       2.4460       2.4751       2.4176       2.4641       2.4537
                  2.4677       2.5057       2.4585       2.4383       2.4322
   1    100       2.1066       2.1387       2.0752       2.1273       2.1142
                  2.1304       2.1732       2.1202       2.0970       2.0912
   2      0       2.5665       2.5936       2.5429       2.5832       2.5756
                  2.5877       2.6221       2.5812       2.5613       2.5561
   3      0       2.5760       2.6021       2.5500       2.5904       2.5871
                  2.5964       2.6317       2.5886       2.5695       2.5651
   4      0       2.5839       2.6112       2.5593       2.5994       2.5945
                  2.6047       2.6418       2.5991       2.5799       2.5731
   5      0       2.6369       2.6662       2.6123       2.6507       2.6506
                  2.6587       2.6960       2.6523       2.6320       2.6228
   5     60       2.6157       2.6451       2.5909       2.6296       2.6294
                  2.6376       2.6752       2.6311       2.6107       2.6015
   5     80       2.4835       2.5141       2.4578       2.4982       2.4971
                  2.5063       2.5454       2.4994       2.4780       2.4687
   5    100       2.1695       2.2026       2.1414       2.1862       2.1827
                  2.1939       2.2374       2.1864       2.1622       2.1535
 
 group  inft   Estimated free energy: 1-th solvent contribution (kcal/mol)
   1      0       0.0984       0.1071       0.0899       0.1030       0.0935
                  0.1069       0.1283       0.1041       0.0930       0.0867
   1     60       0.0984       0.1072       0.0899       0.1031       0.0936
                  0.1070       0.1286       0.1041       0.0930       0.0867
   1     80       0.0981       0.1075       0.0895       0.1034       0.0934
                  0.1077       0.1301       0.1043       0.0926       0.0862
   1    100       0.0963       0.1075       0.0874       0.1033       0.0919
                  0.1088       0.1339       0.1041       0.0906       0.0838
   2      0       0.0965       0.1045       0.0887       0.1006       0.0925
                  0.1039       0.1244       0.1025       0.0917       0.0862
   3      0       0.0963       0.1039       0.0885       0.0995       0.0919
                  0.1034       0.1239       0.1017       0.0913       0.0857
   4      0       0.0949       0.1035       0.0874       0.0986       0.0913
                  0.1025       0.1234       0.1009       0.0910       0.0855
   5      0       0.0951       0.1038       0.0879       0.0987       0.0914
                  0.1024       0.1221       0.1014       0.0909       0.0853
   5     60       0.0951       0.1039       0.0878       0.0987       0.0914
                  0.1025       0.1224       0.1015       0.0909       0.0853
   5     80       0.0945       0.1040       0.0871       0.0986       0.0910
                  0.1029       0.1239       0.1014       0.0902       0.0845
   5    100       0.0925       0.1036       0.0848       0.0978       0.0891
                  0.1033       0.1269       0.1007       0.0881       0.0822
 
 group  inft   Estimated free energy: 2-th solvent contribution (kcal/mol)
   1      0      -0.1374      -0.0964      -0.1243      -0.1126      -0.0899
                 -0.0983      -0.0733      -0.0962      -0.1210      -0.1342
   1     60      -0.1376      -0.0965      -0.1244      -0.1127      -0.0900
                 -0.0985      -0.0734      -0.0963      -0.1212      -0.1343
   1     80      -0.1387      -0.0974      -0.1254      -0.1136      -0.0909
                 -0.0994      -0.0740      -0.0973      -0.1222      -0.1354
   1    100      -0.1419      -0.0998      -0.1283      -0.1161      -0.0936
                 -0.1022      -0.0757      -0.1002      -0.1252      -0.1385
   2      0      -0.1390      -0.0975      -0.1255      -0.1151      -0.0911
                 -0.0993      -0.0744      -0.0968      -0.1222      -0.1356
   3      0      -0.1390      -0.0982      -0.1262      -0.1167      -0.0915
                 -0.0997      -0.0750      -0.0971      -0.1223      -0.1356
   4      0      -0.1402      -0.0989      -0.1269      -0.1169      -0.0925
                 -0.1005      -0.0753      -0.0977      -0.1225      -0.1364
   5      0      -0.1410      -0.0991      -0.1281      -0.1178      -0.0933
                 -0.1014      -0.0754      -0.0980      -0.1236      -0.1380
   5     60      -0.1413      -0.0993      -0.1283      -0.1180      -0.0935
                 -0.1016      -0.0755      -0.0982      -0.1238      -0.1382
   5     80      -0.1426      -0.1004      -0.1296      -0.1192      -0.0947
                 -0.1028      -0.0763      -0.0995      -0.1251      -0.1395
   5    100      -0.1456      -0.1028      -0.1324      -0.1218      -0.0974
                 -0.1055      -0.0782      -0.1023      -0.1279      -0.1425
 
 group  inft   Estimated free energy: 3-th solvent contribution (kcal/mol)
   1      0       2.6088       2.5872       2.5768       2.5967       2.5738
                  2.5821       2.5721       2.5740       2.5907       2.6042
   1     60       2.5931       2.5715       2.5610       2.5810       2.5581
                  2.5663       2.5564       2.5583       2.5749       2.5884
   1     80       2.4866       2.4650       2.4535       2.4744       2.4512
                  2.4594       2.4496       2.4515       2.4679       2.4814
   1    100       2.1521       2.1309       2.1162       2.1401       2.1158
                  2.1238       2.1149       2.1163       2.1316       2.1458
   2      0       2.6089       2.5867       2.5797       2.5976       2.5742
                  2.5831       2.5721       2.5755       2.5918       2.6055
   3      0       2.6186       2.5964       2.5877       2.6076       2.5867
                  2.5927       2.5828       2.5840       2.6004       2.6150
   4      0       2.6291       2.6066       2.5988       2.6176       2.5957
                  2.6028       2.5937       2.5959       2.6113       2.6240
   5      0       2.6828       2.6615       2.6524       2.6698       2.6526
                  2.6577       2.6493       2.6489       2.6647       2.6755
   5     60       2.6618       2.6405       2.6314       2.6489       2.6315
                  2.6367       2.6283       2.6279       2.6436       2.6544
   5     80       2.5317       2.5105       2.5002       2.5187       2.5009
                  2.5061       2.4979       2.4975       2.5128       2.5237
   5    100       2.2227       2.2019       2.1890       2.2102       2.1910
                  2.1961       2.1887       2.1880       2.2021       2.2139
 
 
 cumulative average & 95% error for solvation free energy
              total             1st component         2nd component         3rd component
  1     2.5760                0.0963               -0.1390                2.6186
  2     2.5891     0.0261     0.1001     0.0076    -0.1186     0.0407     2.6075     0.0222
  3     2.5760     0.0301     0.0962     0.0089    -0.1211     0.0241     2.6009     0.0184
  4     2.5796     0.0225     0.0971     0.0065    -0.1200     0.0172     2.6026     0.0135
  5     2.5811     0.0177     0.0960     0.0054    -0.1143     0.0175     2.5994     0.0122
  6     2.5837     0.0153     0.0973     0.0051    -0.1119     0.0151     2.5983     0.0102
  7     2.5905     0.0189     0.1011     0.0087    -0.1066     0.0166     2.5961     0.0097
  8     2.5903     0.0163     0.1011     0.0076    -0.1054     0.0145     2.5946     0.0089
  9     2.5880     0.0151     0.1001     0.0070    -0.1073     0.0134     2.5952     0.0080
 10     2.5857     0.0143     0.0986     0.0069    -0.1101     0.0132     2.5972     0.0082
