 ERmod 0.3.7, Copyright (C) 2000-2019 Nobuyuki Matubayasi
                            2010-2019 Shun Sakuraba
 ERmod comes with ABSOLUTELY NO WARRANTY.
 This is free software, and you can redistribute it
 and/or modify it under certain conditions.
 See LICENSE file for details.
 ERmod 0.3.7, Copyright (C) 2000-2019 Nobuyuki Matubayasi
                            2010-2019 Shun Sakuraba
 ERmod comes with ABSOLUTELY NO WARRANTY.
 This is free software, and you can redistribute it
 and/or modify it under certain conditions.
 See LICENSE file for details.
 
  Number of the   1-th solvent  =          180
  Number of the   2-th solvent  =          180
  Number of the   3-th solvent  =        10000
 
  Be sure that the solvent distribution is homogeneous (radial distribution function is essentially unity) when the solvent molecule is separated beyond distance of   10.0 Angstrom in any direction from any atom within the solute molecule
 
  LJ long-range correction    =        -0.0065     -0.0171     -0.3428
 
  Self-energy of the solute   =         0.0000  kcal/mol
 
 
 cumulative average & 95% error for solvation energy
              total             1st component         2nd component         3rd component
  1    -9.2197                0.1643               -0.3770               -9.0070
  2    -9.2366     0.0339     0.1724     0.0162    -0.4166     0.0792    -8.9925     0.0291
  3    -9.2534     0.0389     0.1615     0.0238    -0.4368     0.0610    -8.9781     0.0333
  4    -9.2795     0.0589     0.1497     0.0289    -0.4841     0.1040    -8.9451     0.0701
  5    -9.2709     0.0487     0.1478     0.0227    -0.4708     0.0848    -8.9479     0.0546
  6    -9.2611     0.0443     0.1485     0.0186    -0.4616     0.0717    -8.9481     0.0446
  7    -9.2658     0.0386     0.1480     0.0157    -0.4662     0.0613    -8.9476     0.0377
  8    -9.2609     0.0348     0.1496     0.0140    -0.4624     0.0536    -8.9481     0.0326
  9    -9.2616     0.0307     0.1491     0.0124    -0.4666     0.0481    -8.9441     0.0299
 10    -9.2591     0.0280     0.1485     0.0111    -0.4606     0.0446    -8.9471     0.0273
 
 
 group  inft  solvation free energy     error          difference
  total solvation free energy
   1      0          3.05127           0.01872          -0.00048
   1     60          3.03897           0.01878          -0.01279
   1     80          2.93623           0.01934          -0.11553
   1    100          2.55044           0.02137          -0.50131
   2      0          3.04252           0.01871          -0.00924
   3      0          3.05176           0.01855           0.00000
   4      0          3.03400           0.01867          -0.01776
   5      0          3.08917           0.01901           0.03742
   5     60          3.07232           0.01908           0.02056
   5     80          2.94213           0.01973          -0.10963
   5    100          2.58103           0.02148          -0.47072
 
  contribution from  1-th solvent component
   1      0          0.30445           0.01169           0.00374
   1     60          0.30447           0.01174           0.00377
   1     80          0.30461           0.01226           0.00390
   1    100          0.30319           0.01428           0.00249
   2      0          0.30198           0.01122           0.00127
   3      0          0.30071           0.01117           0.00000
   4      0          0.29904           0.01095          -0.00167
   5      0          0.29966           0.01111          -0.00105
   5     60          0.29967           0.01118          -0.00104
   5     80          0.29945           0.01182          -0.00126
   5    100          0.29745           0.01367          -0.00325
 
  contribution from  2-th solvent component
   1      0         -0.21184           0.02453           0.00242
   1     60         -0.21194           0.02455           0.00232
   1     80         -0.21307           0.02476           0.00119
   1    100         -0.21789           0.02550          -0.00363
   2      0         -0.21361           0.02442           0.00065
   3      0         -0.21426           0.02434           0.00000
   4      0         -0.21506           0.02434          -0.00080
   5      0         -0.21578           0.02417          -0.00151
   5     60         -0.21593           0.02421          -0.00167
   5     80         -0.21750           0.02447          -0.00324
   5    100         -0.22224           0.02513          -0.00798
 
  contribution from  3-th solvent component
   1      0          2.95864           0.01164          -0.00665
   1     60          2.94641           0.01164          -0.01888
   1     80          2.84467           0.01163          -0.12062
   1    100          2.46512           0.01163          -0.50017
   2      0          2.95413           0.01114          -0.01116
   3      0          2.96529           0.01122           0.00000
   4      0          2.94999           0.01096          -0.01530
   5      0          3.00527           0.01077           0.03998
   5     60          2.98857           0.01077           0.02328
   5     80          2.86015           0.01076          -0.10514
   5    100          2.50579           0.01078          -0.45949
 
 
 group  inft   Estimated free energy: total (kcal/mol)
   1      0       3.0790       3.0810       3.0319       2.9891       3.0677
                  3.0793       3.0277       3.0572       3.0367       3.0631
   1     60       3.0669       3.0689       3.0195       2.9767       3.0554
                  3.0670       3.0154       3.0449       3.0243       3.0508
   1     80       2.9652       2.9684       2.9162       2.8725       2.9526
                  2.9646       2.9120       2.9421       2.9208       2.9479
   1    100       2.5833       2.5907       2.5284       2.4817       2.5665
                  2.5801       2.5234       2.5566       2.5322       2.5616
   2      0       3.0720       3.0696       3.0253       2.9785       3.0592
                  3.0683       3.0200       3.0486       3.0277       3.0559
   3      0       3.0805       3.0775       3.0352       2.9884       3.0684
                  3.0782       3.0289       3.0564       3.0372       3.0669
   4      0       3.0619       3.0621       3.0159       2.9703       3.0501
                  3.0604       3.0133       3.0391       3.0178       3.0488
   5      0       3.1158       3.1165       3.0730       3.0225       3.1057
                  3.1171       3.0691       3.0936       3.0734       3.1050
   5     60       3.0991       3.0999       3.0560       3.0055       3.0889
                  3.1003       3.0522       3.0767       3.0565       3.0881
   5     80       2.9704       2.9724       2.9251       2.8736       2.9587
                  2.9704       2.9213       2.9464       2.9252       2.9578
   5    100       2.6128       2.6185       2.5622       2.5083       2.5972
                  2.6104       2.5577       2.5857       2.5613       2.5964
 
 group  inft   Estimated free energy: 1-th solvent contribution (kcal/mol)
   1      0       0.3066       0.3513       0.2961       0.2852       0.2917
                  0.3039       0.3040       0.3137       0.3005       0.2913
   1     60       0.3067       0.3515       0.2961       0.2851       0.2917
                  0.3039       0.3040       0.3138       0.3005       0.2913
   1     80       0.3071       0.3539       0.2960       0.2845       0.2915
                  0.3041       0.3038       0.3141       0.3002       0.2910
   1    100       0.3066       0.3610       0.2934       0.2801       0.2888
                  0.3026       0.3012       0.3137       0.2969       0.2876
   2      0       0.3049       0.3468       0.2950       0.2824       0.2901
                  0.3011       0.3019       0.3103       0.2971       0.2901
   3      0       0.3031       0.3456       0.2938       0.2813       0.2886
                  0.3003       0.3007       0.3084       0.2960       0.2891
   4      0       0.3005       0.3432       0.2926       0.2797       0.2879
                  0.2983       0.2996       0.3067       0.2940       0.2878
   5      0       0.3017       0.3446       0.2932       0.2799       0.2885
                  0.2988       0.2997       0.3071       0.2944       0.2887
   5     60       0.3017       0.3448       0.2931       0.2798       0.2885
                  0.2988       0.2997       0.3071       0.2944       0.2887
   5     80       0.3018       0.3474       0.2926       0.2786       0.2879
                  0.2986       0.2991       0.3071       0.2935       0.2879
   5    100       0.3005       0.3532       0.2896       0.2740       0.2847
                  0.2966       0.2960       0.3059       0.2897       0.2842
 
 group  inft   Estimated free energy: 2-th solvent contribution (kcal/mol)
   1      0      -0.1621      -0.2153      -0.2221      -0.2967      -0.1840
                 -0.1876      -0.2347      -0.2002      -0.2369      -0.1788
   1     60      -0.1621      -0.2154      -0.2222      -0.2969      -0.1841
                 -0.1877      -0.2349      -0.2003      -0.2370      -0.1788
   1     80      -0.1624      -0.2166      -0.2236      -0.2985      -0.1851
                 -0.1887      -0.2363      -0.2013      -0.2385      -0.1797
   1    100      -0.1645      -0.2219      -0.2293      -0.3049      -0.1895
                 -0.1931      -0.2423      -0.2056      -0.2444      -0.1834
   2      0      -0.1641      -0.2179      -0.2241      -0.2981      -0.1857
                 -0.1897      -0.2361      -0.2020      -0.2382      -0.1803
   3      0      -0.1651      -0.2187      -0.2246      -0.2984      -0.1866
                 -0.1904      -0.2371      -0.2024      -0.2385      -0.1807
   4      0      -0.1659      -0.2196      -0.2261      -0.2992      -0.1874
                 -0.1913      -0.2370      -0.2026      -0.2399      -0.1817
   5      0      -0.1673      -0.2197      -0.2264      -0.2997      -0.1888
                 -0.1913      -0.2380      -0.2034      -0.2400      -0.1831
   5     60      -0.1674      -0.2199      -0.2266      -0.2999      -0.1890
                 -0.1915      -0.2383      -0.2035      -0.2402      -0.1832
   5     80      -0.1679      -0.2217      -0.2285      -0.3020      -0.1904
                 -0.1929      -0.2402      -0.2049      -0.2421      -0.1844
   5    100      -0.1701      -0.2269      -0.2341      -0.3082      -0.1948
                 -0.1972      -0.2461      -0.2091      -0.2479      -0.1881
 
 group  inft   Estimated free energy: 3-th solvent contribution (kcal/mol)
   1      0       2.9345       2.9449       2.9579       3.0006       2.9599
                  2.9630       2.9584       2.9437       2.9730       2.9505
   1     60       2.9222       2.9327       2.9456       2.9884       2.9477
                  2.9507       2.9462       2.9314       2.9608       2.9383
   1     80       2.8206       2.8311       2.8439       2.8864       2.8461
                  2.8492       2.8445       2.8292       2.8591       2.8366
   1    100       2.4411       2.4516       2.4643       2.5064       2.4671
                  2.4705       2.4645       2.4486       2.4797       2.4574
   2      0       2.9312       2.9406       2.9544       2.9942       2.9548
                  2.9570       2.9542       2.9403       2.9687       2.9461
   3      0       2.9425       2.9506       2.9660       3.0055       2.9663
                  2.9683       2.9652       2.9504       2.9797       2.9586
   4      0       2.9273       2.9386       2.9494       2.9897       2.9496
                  2.9533       2.9506       2.9350       2.9637       2.9427
   5      0       2.9814       2.9917       3.0061       3.0423       3.0060
                  3.0096       3.0074       2.9898       3.0190       2.9993
   5     60       2.9648       2.9750       2.9894       3.0256       2.9893
                  2.9929       2.9907       2.9730       3.0023       2.9826
   5     80       2.8365       2.8467       2.8610       2.8970       2.8611
                  2.8646       2.8624       2.8441       2.8739       2.8543
   5    100       2.4823       2.4922       2.5066       2.5424       2.5073
                  2.5110       2.5077       2.4888       2.5195       2.5002
 
 
 cumulative average & 95% error for solvation free energy
              total             1st component         2nd component         3rd component
  1     3.0805                0.3031               -0.1651                2.9425
  2     3.0790     0.0029     0.3243     0.0425    -0.1919     0.0536     2.9465     0.0082
  3     3.0644     0.0292     0.3142     0.0319    -0.2028     0.0379     2.9530     0.0138
  4     3.0454     0.0433     0.3060     0.0279    -0.2267     0.0548     2.9661     0.0280
  5     3.0500     0.0347     0.3025     0.0227    -0.2187     0.0454     2.9662     0.0217
  6     3.0547     0.0299     0.3021     0.0185    -0.2140     0.0382     2.9665     0.0177
  7     3.0510     0.0263     0.3019     0.0157    -0.2173     0.0330     2.9663     0.0150
  8     3.0517     0.0228     0.3028     0.0137    -0.2154     0.0288     2.9643     0.0136
  9     3.0501     0.0204     0.3020     0.0121    -0.2180     0.0259     2.9660     0.0124
 10     3.0518     0.0185     0.3007     0.0112    -0.2143     0.0243     2.9653     0.0112
