 ERmod 0.3.7, Copyright (C) 2000-2019 Nobuyuki Matubayasi
                            2010-2019 Shun Sakuraba
 ERmod comes with ABSOLUTELY NO WARRANTY.
 This is free software, and you can redistribute it
 and/or modify it under certain conditions.
 See LICENSE file for details.
 ERmod 0.3.7, Copyright (C) 2000-2019 Nobuyuki Matubayasi
                            2010-2019 Shun Sakuraba
 ERmod comes with ABSOLUTELY NO WARRANTY.
 This is free software, and you can redistribute it
 and/or modify it under certain conditions.
 See LICENSE file for details.
 
  Number of the   1-th solvent  =          180
  Number of the   2-th solvent  =          180
  Number of the   3-th solvent  =        10000
 
  Be sure that the solvent distribution is homogeneous (radial distribution function is essentially unity) when the solvent molecule is separated beyond distance of   10.0 Angstrom in any direction from any atom within the solute molecule
 
  LJ long-range correction    =        -0.0022     -0.0095     -0.6866
 
  Self-energy of the solute   =         0.0001  kcal/mol
 
 
 cumulative average & 95% error for solvation energy
              total             1st component         2nd component         3rd component
  1   -15.9431                0.5405               -0.5850              -15.8987
  2   -15.9943     0.1023     0.5314     0.0182    -0.5901     0.0103   -15.9356     0.0738
  3   -16.0595     0.1433     0.5250     0.0166    -0.5989     0.0185   -15.9857     0.1088
  4   -16.0718     0.1042     0.5201     0.0153    -0.6012     0.0139   -15.9907     0.0776
  5   -16.0652     0.0818     0.5185     0.0123    -0.6000     0.0110   -15.9837     0.0617
  6   -16.0672     0.0669     0.5160     0.0112    -0.6035     0.0114   -15.9799     0.0510
  7   -16.0544     0.0621     0.5171     0.0097    -0.5997     0.0122   -15.9718     0.0460
  8   -16.0430     0.0584     0.5176     0.0084    -0.5970     0.0119   -15.9637     0.0430
  9   -16.0370     0.0529     0.5187     0.0078    -0.5985     0.0110   -15.9573     0.0400
 10   -16.0287     0.0501     0.5201     0.0075    -0.5963     0.0108   -15.9526     0.0370
 
 
 group  inft  solvation free energy     error          difference
  total solvation free energy
   1      0          4.48000           0.04103           0.01625
   1     60          4.46775           0.04111           0.00400
   1     80          4.33967           0.04199          -0.12408
   1    100          3.75680           0.04595          -0.70695
   2      0          4.46475           0.04121           0.00100
   3      0          4.46375           0.04181           0.00000
   4      0          4.43114           0.04241          -0.03261
   5      0          4.48227           0.03937           0.01852
   5     60          4.46507           0.03948           0.00132
   5     80          4.29604           0.04066          -0.16771
   5    100          3.74419           0.04452          -0.71956
 
  contribution from  1-th solvent component
   1      0          0.46887           0.01617           0.00409
   1     60          0.46949           0.01618           0.00471
   1     80          0.47552           0.01632           0.01074
   1    100          0.49529           0.01684           0.03051
   2      0          0.46568           0.01656           0.00090
   3      0          0.46478           0.01678           0.00000
   4      0          0.46346           0.01692          -0.00131
   5      0          0.46241           0.01579          -0.00237
   5     60          0.46327           0.01581          -0.00151
   5     80          0.47091           0.01600           0.00613
   5    100          0.48914           0.01656           0.02436
 
  contribution from  2-th solvent component
   1      0         -0.48034           0.01882           0.00250
   1     60         -0.47987           0.01885           0.00298
   1     80         -0.47718           0.01919           0.00566
   1    100         -0.46982           0.02095           0.01302
   2      0         -0.48281           0.01823           0.00004
   3      0         -0.48284           0.01832          -0.00000
   4      0         -0.48418           0.01824          -0.00134
   5      0         -0.48369           0.01882          -0.00084
   5     60         -0.48311           0.01886          -0.00027
   5     80         -0.47991           0.01930           0.00294
   5    100         -0.47384           0.02102           0.00900
 
  contribution from  3-th solvent component
   1      0          4.49142           0.02648           0.00965
   1     60          4.47808           0.02650          -0.00369
   1     80          4.34128           0.02687          -0.14048
   1    100          3.73128           0.02855          -0.75048
   2      0          4.48183           0.02689           0.00006
   3      0          4.48177           0.02708           0.00000
   4      0          4.45181           0.02758          -0.02996
   5      0          4.50350           0.02604           0.02173
   5     60          4.48486           0.02607           0.00309
   5     80          4.30499           0.02654          -0.17677
   5    100          3.72884           0.02802          -0.75292
 
 
 group  inft   Estimated free energy: total (kcal/mol)
   1      0       4.5400       4.4779       4.3389       4.4334       4.4474
                  4.4683       4.5111       4.5451       4.4819       4.5561
   1     60       4.5279       4.4657       4.3265       4.4210       4.4351
                  4.4559       4.4989       4.5329       4.4696       4.5441
   1     80       4.4008       4.3378       4.1956       4.2917       4.3065
                  4.3270       4.3717       4.4063       4.3415       4.4179
   1    100       3.8215       3.7547       3.5983       3.7053       3.7217
                  3.7419       3.7920       3.8305       3.7592       3.8428
   2      0       4.5373       4.4624       4.3323       4.4072       4.4309
                  4.4476       4.4860       4.5260       4.4731       4.5446
   3      0       4.5411       4.4593       4.3357       4.3998       4.4280
                  4.4439       4.4831       4.5254       4.4744       4.5467
   4      0       4.5094       4.4300       4.3053       4.3624       4.3929
                  4.4079       4.4507       4.4928       4.4425       4.5175
   5      0       4.5403       4.4769       4.3491       4.4353       4.4488
                  4.4706       4.5082       4.5440       4.4917       4.5579
   5     60       4.5233       4.4598       4.3317       4.4179       4.4315
                  4.4532       4.4912       4.5269       4.4744       4.5409
   5     80       4.3560       4.2911       4.1590       4.2470       4.2618
                  4.2827       4.3232       4.3597       4.3053       4.3745
   5    100       3.8089       3.7395       3.5938       3.6909       3.7083
                  3.7276       3.7740       3.8146       3.7539       3.8304
 
 group  inft   Estimated free energy: 1-th solvent contribution (kcal/mol)
   1      0       0.5301       0.4899       0.4737       0.4506       0.4510
                  0.4538       0.4598       0.4475       0.4555       0.4769
   1     60       0.5308       0.4905       0.4743       0.4512       0.4516
                  0.4544       0.4604       0.4481       0.4561       0.4775
   1     80       0.5374       0.4968       0.4797       0.4568       0.4577
                  0.4600       0.4664       0.4543       0.4621       0.4839
   1    100       0.5592       0.5179       0.4970       0.4753       0.4781
                  0.4785       0.4860       0.4741       0.4818       0.5051
   2      0       0.5287       0.4862       0.4723       0.4476       0.4468
                  0.4518       0.4533       0.4435       0.4532       0.4734
   3      0       0.5284       0.4852       0.4710       0.4462       0.4449
                  0.4506       0.4526       0.4420       0.4529       0.4738
   4      0       0.5269       0.4844       0.4715       0.4440       0.4420
                  0.4495       0.4505       0.4414       0.4519       0.4726
   5      0       0.5210       0.4829       0.4696       0.4449       0.4433
                  0.4494       0.4513       0.4390       0.4514       0.4712
   5     60       0.5219       0.4838       0.4704       0.4457       0.4442
                  0.4503       0.4522       0.4399       0.4523       0.4721
   5     80       0.5304       0.4918       0.4772       0.4528       0.4519
                  0.4573       0.4598       0.4477       0.4599       0.4803
   5    100       0.5508       0.5114       0.4928       0.4696       0.4707
                  0.4740       0.4780       0.4660       0.4781       0.5000
 
 group  inft   Estimated free energy: 2-th solvent contribution (kcal/mol)
   1      0      -0.5035      -0.5012      -0.5295      -0.4750      -0.4708
                 -0.4882      -0.4634      -0.4225      -0.4935      -0.4558
   1     60      -0.5030      -0.5007      -0.5291      -0.4745      -0.4704
                 -0.4877      -0.4628      -0.4220      -0.4931      -0.4553
   1     80      -0.5003      -0.4983      -0.5275      -0.4719      -0.4678
                 -0.4853      -0.4597      -0.4183      -0.4906      -0.4520
   1    100      -0.4933      -0.4925      -0.5264      -0.4645      -0.4606
                 -0.4789      -0.4504      -0.4063      -0.4839      -0.4415
   2      0      -0.5051      -0.5041      -0.5312      -0.4774      -0.4732
                 -0.4901      -0.4671      -0.4277      -0.4939      -0.4583
   3      0      -0.5051      -0.5051      -0.5310      -0.4780      -0.4733
                 -0.4905      -0.4663      -0.4274      -0.4937      -0.4582
   4      0      -0.5059      -0.5056      -0.5325      -0.4801      -0.4747
                 -0.4929      -0.4675      -0.4288      -0.4941      -0.4596
   5      0      -0.5084      -0.5037      -0.5316      -0.4774      -0.4738
                 -0.4925      -0.4672      -0.4254      -0.4975      -0.4594
   5     60      -0.5078      -0.5031      -0.5311      -0.4768      -0.4732
                 -0.4920      -0.4666      -0.4247      -0.4969      -0.4587
   5     80      -0.5046      -0.5002      -0.5295      -0.4738      -0.4702
                 -0.4892      -0.4627      -0.4203      -0.4939      -0.4547
   5    100      -0.4986      -0.4954      -0.5295      -0.4679      -0.4643
                 -0.4844      -0.4546      -0.4095      -0.4886      -0.4456
 
 group  inft   Estimated free energy: 3-th solvent contribution (kcal/mol)
   1      0       4.5133       4.4892       4.3946       4.4577       4.4672
                  4.5026       4.5146       4.5201       4.5199       4.5350
   1     60       4.5000       4.4759       4.3812       4.4443       4.4538
                  4.4893       4.5013       4.5067       4.5065       4.5217
   1     80       4.3637       4.3392       4.2433       4.3067       4.3165
                  4.3522       4.3650       4.3703       4.3699       4.3859
   1    100       3.7556       3.7293       3.6277       3.6945       3.7043
                  3.7422       3.7564       3.7626       3.7612       3.7792
   2      0       4.5136       4.4803       4.3912       4.4370       4.4572
                  4.4859       4.4998       4.5101       4.5138       4.5294
   3      0       4.5177       4.4791       4.3956       4.4316       4.4564
                  4.4838       4.4968       4.5108       4.5151       4.5310
   4      0       4.4884       4.4511       4.3662       4.3984       4.4256
                  4.4512       4.4677       4.4803       4.4847       4.5045
   5      0       4.5277       4.4976       4.4110       4.4678       4.4792
                  4.5136       4.5241       4.5303       4.5376       4.5460
   5     60       4.5092       4.4790       4.3923       4.4490       4.4605
                  4.4949       4.5055       4.5117       4.5190       4.5275
   5     80       4.3302       4.2994       4.2112       4.2680       4.2800
                  4.3146       4.3261       4.3323       4.3394       4.3489
   5    100       3.7566       3.7235       3.6304       3.6892       3.7018
                  3.7379       3.7506       3.7581       3.7643       3.7759
 
 
 cumulative average & 95% error for solvation free energy
              total             1st component         2nd component         3rd component
  1     4.5411                0.5284               -0.5051                4.5177
  2     4.5002     0.0818     0.5068     0.0432    -0.5051     0.0000     4.4984     0.0386
  3     4.4454     0.1194     0.4949     0.0345    -0.5137     0.0173     4.4641     0.0721
  4     4.4340     0.0875     0.4827     0.0345    -0.5048     0.0216     4.4560     0.0535
  5     4.4328     0.0678     0.4751     0.0307    -0.4985     0.0210     4.4561     0.0415
  6     4.4346     0.0555     0.4711     0.0264    -0.4972     0.0173     4.4607     0.0351
  7     4.4416     0.0489     0.4684     0.0229    -0.4927     0.0171     4.4658     0.0314
  8     4.4520     0.0472     0.4651     0.0209    -0.4846     0.0220     4.4715     0.0294
  9     4.4545     0.0420     0.4638     0.0186    -0.4856     0.0195     4.4763     0.0277
 10     4.4637     0.0418     0.4648     0.0168    -0.4828     0.0183     4.4818     0.0271
