 ERmod 0.3.7, Copyright (C) 2000-2019 Nobuyuki Matubayasi
                            2010-2019 Shun Sakuraba
 ERmod comes with ABSOLUTELY NO WARRANTY.
 This is free software, and you can redistribute it
 and/or modify it under certain conditions.
 See LICENSE file for details.
 ERmod 0.3.7, Copyright (C) 2000-2019 Nobuyuki Matubayasi
                            2010-2019 Shun Sakuraba
 ERmod comes with ABSOLUTELY NO WARRANTY.
 This is free software, and you can redistribute it
 and/or modify it under certain conditions.
 See LICENSE file for details.
 
  Number of the   1-th solvent  =           90
  Number of the   2-th solvent  =           90
  Number of the   3-th solvent  =        10000
 
  Be sure that the solvent distribution is homogeneous (radial distribution function is essentially unity) when the solvent molecule is separated beyond distance of   10.0 Angstrom in any direction from any atom within the solute molecule
 
  LJ long-range correction    =        -0.0002     -0.0009     -0.1377
 
  Self-energy of the solute   =         0.0000  kcal/mol
 
 
 cumulative average & 95% error for solvation energy
              total             1st component         2nd component         3rd component
  1    -3.9982                0.0241               -0.0336               -3.9887
  2    -3.9992     0.0020     0.0240     0.0002    -0.0357     0.0043    -3.9875     0.0025
  3    -4.0015     0.0047     0.0242     0.0004    -0.0355     0.0025    -3.9902     0.0055
  4    -4.0006     0.0037     0.0247     0.0010    -0.0359     0.0019    -3.9894     0.0042
  5    -3.9982     0.0055     0.0249     0.0009    -0.0359     0.0015    -3.9872     0.0055
  6    -3.9995     0.0051     0.0249     0.0007    -0.0367     0.0019    -3.9877     0.0046
  7    -4.0003     0.0046     0.0248     0.0006    -0.0366     0.0016    -3.9884     0.0041
  8    -4.0006     0.0041     0.0245     0.0008    -0.0375     0.0022    -3.9877     0.0039
  9    -3.9996     0.0042     0.0246     0.0007    -0.0373     0.0019    -3.9869     0.0037
 10    -3.9978     0.0051     0.0247     0.0007    -0.0369     0.0019    -3.9856     0.0043
 
 
 group  inft  solvation free energy     error          difference
  total solvation free energy
   1      0          2.71941           0.00456           0.00730
   1     60          2.70260           0.00458          -0.00950
   1     80          2.60553           0.00474          -0.10657
   1    100          2.32699           0.00528          -0.38511
   2      0          2.71871           0.00415           0.00661
   3      0          2.71210           0.00439           0.00000
   4      0          2.77397           0.00412           0.06187
   5      0          2.73108           0.00456           0.01898
   5     60          2.70929           0.00459          -0.00281
   5     80          2.59222           0.00479          -0.11988
   5    100          2.33456           0.00526          -0.37754
 
  contribution from  1-th solvent component
   1      0          0.03520           0.00564           0.00376
   1     60          0.03534           0.00564           0.00390
   1     80          0.03657           0.00568           0.00513
   1    100          0.03951           0.00579           0.00807
   2      0          0.03384           0.00557           0.00240
   3      0          0.03144           0.00545           0.00000
   4      0          0.03108           0.00555          -0.00036
   5      0          0.03028           0.00515          -0.00116
   5     60          0.03051           0.00514          -0.00093
   5     80          0.03190           0.00520           0.00046
   5    100          0.03436           0.00535           0.00292
 
  contribution from  2-th solvent component
   1      0         -0.00717           0.00634           0.00271
   1     60         -0.00684           0.00637           0.00304
   1     80         -0.00582           0.00652           0.00407
   1    100         -0.00368           0.00705           0.00620
   2      0         -0.01022           0.00589          -0.00034
   3      0         -0.00988           0.00590           0.00000
   4      0         -0.01045           0.00580          -0.00057
   5      0         -0.01013           0.00574          -0.00024
   5     60         -0.00975           0.00576           0.00014
   5     80         -0.00860           0.00596           0.00128
   5    100         -0.00664           0.00647           0.00324
 
  contribution from  3-th solvent component
   1      0          2.69138           0.00465           0.00083
   1     60          2.67410           0.00468          -0.01644
   1     80          2.57477           0.00481          -0.11577
   1    100          2.29116           0.00529          -0.39938
   2      0          2.69509           0.00500           0.00455
   3      0          2.69054           0.00508           0.00000
   4      0          2.75335           0.00516           0.06280
   5      0          2.71093           0.00497           0.02038
   5     60          2.68853           0.00500          -0.00201
   5     80          2.56892           0.00521          -0.12162
   5    100          2.30684           0.00570          -0.38371
 
 
 group  inft   Estimated free energy: total (kcal/mol)
   1      0       2.7243       2.7090       2.7155       2.7169       2.7267
                  2.7101       2.7192       2.7177       2.7321       2.7225
   1     60       2.7075       2.6922       2.6987       2.7001       2.7099
                  2.6932       2.7024       2.7010       2.7154       2.7057
   1     80       2.6107       2.5949       2.6016       2.6029       2.6128
                  2.5954       2.6058       2.6035       2.6188       2.6089
   1    100       2.3328       2.3156       2.3234       2.3237       2.3340
                  2.3151       2.3287       2.3238       2.3419       2.3310
   2      0       2.7239       2.7078       2.7152       2.7150       2.7252
                  2.7129       2.7190       2.7195       2.7305       2.7181
   3      0       2.7182       2.7017       2.7070       2.7084       2.7186
                  2.7064       2.7113       2.7128       2.7253       2.7114
   4      0       2.7789       2.7649       2.7697       2.7698       2.7805
                  2.7672       2.7736       2.7746       2.7862       2.7742
   5      0       2.7377       2.7188       2.7250       2.7286       2.7389
                  2.7266       2.7318       2.7315       2.7431       2.7287
   5     60       2.7160       2.6970       2.7032       2.7068       2.7171
                  2.7047       2.7102       2.7097       2.7214       2.7069
   5     80       2.5993       2.5796       2.5861       2.5894       2.5999
                  2.5869       2.5936       2.5922       2.6051       2.5901
   5    100       2.3424       2.3210       2.3287       2.3311       2.3420
                  2.3277       2.3371       2.3332       2.3493       2.3331
 
 group  inft   Estimated free energy: 1-th solvent contribution (kcal/mol)
   1      0       0.0260       0.0360       0.0328       0.0401       0.0568
                  0.0322       0.0288       0.0271       0.0331       0.0392
   1     60       0.0261       0.0362       0.0329       0.0402       0.0569
                  0.0324       0.0289       0.0273       0.0332       0.0393
   1     80       0.0273       0.0374       0.0341       0.0416       0.0583
                  0.0336       0.0301       0.0284       0.0344       0.0406
   1    100       0.0301       0.0401       0.0372       0.0448       0.0615
                  0.0366       0.0329       0.0309       0.0376       0.0436
   2      0       0.0245       0.0337       0.0326       0.0393       0.0554
                  0.0318       0.0280       0.0260       0.0310       0.0361
   3      0       0.0221       0.0313       0.0305       0.0378       0.0522
                  0.0287       0.0256       0.0239       0.0291       0.0332
   4      0       0.0216       0.0305       0.0306       0.0379       0.0525
                  0.0282       0.0263       0.0234       0.0280       0.0317
   5      0       0.0214       0.0295       0.0298       0.0364       0.0501
                  0.0273       0.0251       0.0231       0.0295       0.0306
   5     60       0.0217       0.0297       0.0300       0.0366       0.0503
                  0.0276       0.0253       0.0234       0.0297       0.0308
   5     80       0.0230       0.0311       0.0313       0.0381       0.0519
                  0.0290       0.0266       0.0246       0.0312       0.0322
   5    100       0.0252       0.0332       0.0340       0.0410       0.0547
                  0.0315       0.0288       0.0265       0.0339       0.0348
 
 group  inft   Estimated free energy: 2-th solvent contribution (kcal/mol)
   1      0       0.0176      -0.0144      -0.0026      -0.0097      -0.0188
                 -0.0136      -0.0063      -0.0120      -0.0040      -0.0079
   1     60       0.0180      -0.0141      -0.0023      -0.0094      -0.0185
                 -0.0133      -0.0059      -0.0118      -0.0036      -0.0075
   1     80       0.0196      -0.0131      -0.0010      -0.0084      -0.0176
                 -0.0128      -0.0047      -0.0112      -0.0026      -0.0064
   1    100       0.0235      -0.0108       0.0020      -0.0065      -0.0159
                 -0.0124      -0.0020      -0.0105      -0.0002      -0.0040
   2      0       0.0134      -0.0169      -0.0058      -0.0126      -0.0207
                 -0.0150      -0.0096      -0.0139      -0.0085      -0.0127
   3      0       0.0141      -0.0160      -0.0061      -0.0128      -0.0201
                 -0.0144      -0.0095      -0.0138      -0.0083      -0.0120
   4      0       0.0130      -0.0163      -0.0064      -0.0134      -0.0208
                 -0.0149      -0.0099      -0.0143      -0.0093      -0.0123
   5      0       0.0133      -0.0164      -0.0066      -0.0126      -0.0195
                 -0.0149      -0.0094      -0.0145      -0.0097      -0.0110
   5     60       0.0138      -0.0160      -0.0061      -0.0122      -0.0191
                 -0.0147      -0.0090      -0.0143      -0.0093      -0.0105
   5     80       0.0157      -0.0148      -0.0047      -0.0112      -0.0181
                 -0.0142      -0.0077      -0.0137      -0.0081      -0.0092
   5    100       0.0194      -0.0127      -0.0020      -0.0094      -0.0164
                 -0.0139      -0.0052      -0.0133      -0.0059      -0.0069
 
 group  inft   Estimated free energy: 3-th solvent contribution (kcal/mol)
   1      0       2.6807       2.6874       2.6853       2.6866       2.6888
                  2.6914       2.6966       2.7027       2.7030       2.6912
   1     60       2.6634       2.6701       2.6680       2.6693       2.6715
                  2.6741       2.6794       2.6855       2.6858       2.6739
   1     80       2.5638       2.5706       2.5685       2.5698       2.5721
                  2.5746       2.5804       2.5863       2.5869       2.5747
   1    100       2.2792       2.2864       2.2842       2.2854       2.2883
                  2.2909       2.2978       2.3034       2.3045       2.2914
   2      0       2.6861       2.6909       2.6883       2.6883       2.6905
                  2.6961       2.7006       2.7075       2.7080       2.6947
   3      0       2.6820       2.6864       2.6827       2.6835       2.6865
                  2.6920       2.6952       2.7026       2.7044       2.6901
   4      0       2.7443       2.7506       2.7456       2.7453       2.7489
                  2.7538       2.7572       2.7655       2.7675       2.7548
   5      0       2.7029       2.7057       2.7018       2.7048       2.7083
                  2.7142       2.7162       2.7229       2.7232       2.7091
   5     60       2.6805       2.6833       2.6793       2.6824       2.6859
                  2.6918       2.6939       2.7005       2.7010       2.6867
   5     80       2.5606       2.5633       2.5595       2.5625       2.5661
                  2.5722       2.5747       2.5813       2.5820       2.5670
   5    100       2.2978       2.3005       2.2966       2.2996       2.3037
                  2.3101       2.3135       2.3200       2.3214       2.3052
 
 
 cumulative average & 95% error for solvation free energy
              total             1st component         2nd component         3rd component
  1     2.7182                0.0221                0.0141                2.6820
  2     2.7100     0.0164     0.0267     0.0093    -0.0009     0.0301     2.6842     0.0044
  3     2.7090     0.0097     0.0279     0.0059    -0.0027     0.0177     2.6837     0.0027
  4     2.7088     0.0069     0.0304     0.0065    -0.0052     0.0135     2.6836     0.0019
  5     2.7108     0.0066     0.0348     0.0101    -0.0082     0.0121     2.6842     0.0019
  6     2.7101     0.0056     0.0338     0.0085    -0.0092     0.0101     2.6855     0.0030
  7     2.7102     0.0047     0.0326     0.0075    -0.0093     0.0085     2.6869     0.0038
  8     2.7105     0.0041     0.0315     0.0069    -0.0098     0.0074     2.6889     0.0051
  9     2.7122     0.0049     0.0312     0.0061    -0.0097     0.0066     2.6906     0.0057
 10     2.7121     0.0044     0.0314     0.0054    -0.0099     0.0059     2.6905     0.0051
