 ERmod 0.3.7, Copyright (C) 2000-2019 Nobuyuki Matubayasi
                            2010-2019 Shun Sakuraba
 ERmod comes with ABSOLUTELY NO WARRANTY.
 This is free software, and you can redistribute it
 and/or modify it under certain conditions.
 See LICENSE file for details.
 ERmod 0.3.7, Copyright (C) 2000-2019 Nobuyuki Matubayasi
                            2010-2019 Shun Sakuraba
 ERmod comes with ABSOLUTELY NO WARRANTY.
 This is free software, and you can redistribute it
 and/or modify it under certain conditions.
 See LICENSE file for details.
 
  Number of the   1-th solvent  =           90
  Number of the   2-th solvent  =           90
  Number of the   3-th solvent  =        10000
 
  Be sure that the solvent distribution is homogeneous (radial distribution function is essentially unity) when the solvent molecule is separated beyond distance of   10.0 Angstrom in any direction from any atom within the solute molecule
 
  LJ long-range correction    =        -0.0053     -0.0039     -0.5676
 
  Self-energy of the solute   =         0.0000  kcal/mol
 
 
 cumulative average & 95% error for solvation energy
              total             1st component         2nd component         3rd component
  1   -13.7191                0.1588               -0.2277              -13.6503
  2   -13.7303     0.0222     0.1538     0.0101    -0.2340     0.0126   -13.6501     0.0004
  3   -13.7127     0.0375     0.1641     0.0215    -0.2323     0.0080   -13.6446     0.0111
  4   -13.7093     0.0273     0.1635     0.0153    -0.2344     0.0071   -13.6385     0.0145
  5   -13.6912     0.0419     0.1647     0.0121    -0.2335     0.0057   -13.6224     0.0340
  6   -13.6890     0.0345     0.1628     0.0105    -0.2365     0.0075   -13.6153     0.0312
  7   -13.6930     0.0303     0.1604     0.0102    -0.2376     0.0068   -13.6158     0.0264
  8   -13.6999     0.0296     0.1617     0.0092    -0.2376     0.0059   -13.6241     0.0283
  9   -13.7011     0.0263     0.1638     0.0091    -0.2373     0.0052   -13.6276     0.0259
 10   -13.6957     0.0258     0.1645     0.0083    -0.2366     0.0049   -13.6237     0.0244
 
 
 group  inft  solvation free energy     error          difference
  total solvation free energy
   1      0          3.72473           0.02127           0.01294
   1     60          3.71310           0.02130           0.00131
   1     80          3.59722           0.02166          -0.11457
   1    100          3.09291           0.02360          -0.61888
   2      0          3.71205           0.02253           0.00026
   3      0          3.71179           0.02382           0.00000
   4      0          3.68703           0.02390          -0.02476
   5      0          3.74152           0.02072           0.02973
   5     60          3.72518           0.02076           0.01339
   5     80          3.57394           0.02125          -0.13785
   5    100          3.09857           0.02311          -0.61321
 
  contribution from  1-th solvent component
   1      0          0.26751           0.00967           0.00284
   1     60          0.26755           0.00970           0.00289
   1     80          0.26820           0.01011           0.00353
   1    100          0.26972           0.01198           0.00506
   2      0          0.26558           0.00951           0.00092
   3      0          0.26466           0.00930           0.00000
   4      0          0.26389           0.00934          -0.00078
   5      0          0.26383           0.00953          -0.00084
   5     60          0.26388           0.00957          -0.00078
   5     80          0.26445           0.01009          -0.00021
   5    100          0.26521           0.01182           0.00055
 
  contribution from  2-th solvent component
   1      0         -0.18990           0.01296           0.00321
   1     60         -0.18962           0.01298           0.00349
   1     80         -0.18814           0.01318           0.00497
   1    100         -0.18368           0.01417           0.00942
   2      0         -0.19240           0.01214           0.00071
   3      0         -0.19311           0.01205           0.00000
   4      0         -0.19361           0.01203          -0.00050
   5      0         -0.19405           0.01173          -0.00094
   5     60         -0.19371           0.01175          -0.00060
   5     80         -0.19196           0.01203           0.00115
   5    100         -0.18802           0.01301           0.00509
 
  contribution from  3-th solvent component
   1      0          3.64708           0.01872           0.00689
   1     60          3.63512           0.01874          -0.00507
   1     80          3.51712           0.01892          -0.12307
   1    100          3.00683           0.02007          -0.63336
   2      0          3.63883           0.01999          -0.00136
   3      0          3.64019           0.02084           0.00000
   4      0          3.61672           0.02059          -0.02348
   5      0          3.67169           0.01889           0.03150
   5     60          3.65496           0.01891           0.01477
   5     80          3.50141           0.01918          -0.13878
   5    100          3.02134           0.02027          -0.61885
 
 
 group  inft   Estimated free energy: total (kcal/mol)
   1      0       3.7273       3.6812       3.7539       3.7065       3.7831
                  3.7375       3.7088       3.6843       3.7047       3.7600
   1     60       3.7157       3.6695       3.7423       3.6948       3.7715
                  3.7258       3.6971       3.6727       3.6931       3.7484
   1     80       3.6002       3.5524       3.6279       3.5782       3.6563
                  3.6093       3.5804       3.5569       3.5775       3.6332
   1    100       3.0965       3.0421       3.1306       3.0706       3.1554
                  3.1041       3.0722       3.0515       3.0744       3.1317
   2      0       3.7122       3.6621       3.7393       3.6947       3.7720
                  3.7250       3.6978       3.6714       3.6912       3.7548
   3      0       3.7103       3.6577       3.7388       3.6952       3.7761
                  3.7233       3.6951       3.6707       3.6921       3.7588
   4      0       3.6863       3.6330       3.7137       3.6690       3.7508
                  3.6994       3.6698       3.6439       3.6702       3.7343
   5      0       3.7452       3.6950       3.7674       3.7286       3.7969
                  3.7544       3.7251       3.7034       3.7217       3.7775
   5     60       3.7289       3.6786       3.7512       3.7122       3.7807
                  3.7379       3.7087       3.6870       3.7054       3.7613
   5     80       3.5780       3.5256       3.6018       3.5599       3.6304
                  3.5859       3.5564       3.5359       3.5545       3.6110
   5    100       3.1032       3.0444       3.1331       3.0812       3.1582
                  3.1095       3.0775       3.0598       3.0801       3.1388
 
 group  inft   Estimated free energy: 1-th solvent contribution (kcal/mol)
   1      0       0.2616       0.2554       0.3021       0.2589       0.2607
                  0.2656       0.2537       0.2718       0.2858       0.2595
   1     60       0.2616       0.2554       0.3022       0.2589       0.2607
                  0.2657       0.2536       0.2719       0.2858       0.2595
   1     80       0.2622       0.2555       0.3043       0.2591       0.2613
                  0.2661       0.2534       0.2728       0.2871       0.2600
   1    100       0.2634       0.2544       0.3125       0.2584       0.2625
                  0.2670       0.2512       0.2756       0.2915       0.2606
   2      0       0.2599       0.2533       0.2995       0.2575       0.2589
                  0.2638       0.2517       0.2696       0.2835       0.2580
   3      0       0.2588       0.2520       0.2977       0.2568       0.2584
                  0.2628       0.2514       0.2693       0.2821       0.2573
   4      0       0.2584       0.2504       0.2967       0.2560       0.2580
                  0.2621       0.2503       0.2681       0.2819       0.2568
   5      0       0.2585       0.2511       0.2982       0.2561       0.2572
                  0.2616       0.2503       0.2684       0.2810       0.2558
   5     60       0.2586       0.2511       0.2984       0.2561       0.2573
                  0.2616       0.2503       0.2685       0.2811       0.2559
   5     80       0.2591       0.2509       0.3009       0.2561       0.2577
                  0.2620       0.2498       0.2695       0.2825       0.2563
   5    100       0.2595       0.2491       0.3078       0.2549       0.2580
                  0.2621       0.2472       0.2714       0.2858       0.2563
 
 group  inft   Estimated free energy: 2-th solvent contribution (kcal/mol)
   1      0      -0.1533      -0.2006      -0.1876      -0.2029      -0.1601
                 -0.2129      -0.2115      -0.1921      -0.2004      -0.1777
   1     60      -0.1529      -0.2004      -0.1873      -0.2026      -0.1598
                 -0.2127      -0.2113      -0.1918      -0.2001      -0.1774
   1     80      -0.1509      -0.1992      -0.1857      -0.2013      -0.1579
                 -0.2117      -0.2101      -0.1902      -0.1987      -0.1757
   1    100      -0.1438      -0.1961      -0.1810      -0.1977      -0.1517
                 -0.2098      -0.2072      -0.1854      -0.1945      -0.1698
   2      0      -0.1567      -0.2038      -0.1910      -0.2039      -0.1665
                 -0.2135      -0.2123      -0.1953      -0.2016      -0.1793
   3      0      -0.1577      -0.2044      -0.1926      -0.2048      -0.1681
                 -0.2145      -0.2127      -0.1956      -0.2018      -0.1790
   4      0      -0.1582      -0.2052      -0.1922      -0.2047      -0.1688
                 -0.2152      -0.2128      -0.1978      -0.2019      -0.1793
   5      0      -0.1574      -0.2039      -0.1943      -0.2050      -0.1704
                 -0.2139      -0.2140      -0.1956      -0.2027      -0.1833
   5     60      -0.1570      -0.2036      -0.1940      -0.2047      -0.1701
                 -0.2136      -0.2137      -0.1952      -0.2024      -0.1830
   5     80      -0.1545      -0.2022      -0.1922      -0.2032      -0.1678
                 -0.2125      -0.2124      -0.1934      -0.2007      -0.1809
   5    100      -0.1480      -0.1996      -0.1880      -0.2001      -0.1621
                 -0.2109      -0.2101      -0.1890      -0.1970      -0.1755
 
 group  inft   Estimated free energy: 3-th solvent contribution (kcal/mol)
   1      0       3.6189       3.6264       3.6393       3.6504       3.6824
                  3.6847       3.6666       3.6046       3.6192       3.6782
   1     60       3.6070       3.6144       3.6274       3.6384       3.6705
                  3.6727       3.6547       3.5926       3.6073       3.6663
   1     80       3.4888       3.4960       3.5092       3.5204       3.5529
                  3.5549       3.5371       3.4742       3.4890       3.5488
   1    100       2.9769       2.9838       2.9990       3.0099       3.0445
                  3.0468       3.0281       2.9613       2.9773       3.0408
   2      0       3.6090       3.6125       3.6308       3.6409       3.6795
                  3.6748       3.6583       3.5970       3.6092       3.6762
   3      0       3.6091       3.6100       3.6336       3.6431       3.6857
                  3.6749       3.6563       3.5969       3.6118       3.6805
   4      0       3.5861       3.5877       3.6092       3.6176       3.6615
                  3.6524       3.6323       3.5735       3.5901       3.6567
   5      0       3.6441       3.6477       3.6634       3.6774       3.7102
                  3.7066       3.6887       3.6305       3.6434       3.7050
   5     60       3.6273       3.6310       3.6467       3.6607       3.6935
                  3.6898       3.6720       3.6137       3.6266       3.6883
   5     80       3.4735       3.4768       3.4931       3.5070       3.5404
                  3.5364       3.5190       3.4597       3.4727       3.5356
   5    100       2.9916       2.9949       3.0133       3.0264       3.0622
                  3.0583       3.0403       2.9773       2.9912       3.0579
 
 
 cumulative average & 95% error for solvation free energy
              total             1st component         2nd component         3rd component
  1     3.7103                0.2588               -0.1577                3.6091
  2     3.6840     0.0526     0.2554     0.0068    -0.1810     0.0467     3.6096     0.0009
  3     3.7023     0.0475     0.2695     0.0285    -0.1849     0.0281     3.6176     0.0160
  4     3.7005     0.0338     0.2663     0.0211    -0.1899     0.0222     3.6240     0.0171
  5     3.7156     0.0400     0.2648     0.0167    -0.1855     0.0193     3.6363     0.0280
  6     3.7169     0.0327     0.2644     0.0136    -0.1903     0.0185     3.6427     0.0262
  7     3.7138     0.0284     0.2626     0.0121    -0.1935     0.0169     3.6447     0.0225
  8     3.7084     0.0268     0.2634     0.0106    -0.1938     0.0146     3.6387     0.0229
  9     3.7066     0.0239     0.2655     0.0102    -0.1947     0.0130     3.6357     0.0210
 10     3.7118     0.0238     0.2647     0.0093    -0.1931     0.0120     3.6402     0.0208
