 ERmod 0.3.7, Copyright (C) 2000-2019 Nobuyuki Matubayasi
                            2010-2019 Shun Sakuraba
 ERmod comes with ABSOLUTELY NO WARRANTY.
 This is free software, and you can redistribute it
 and/or modify it under certain conditions.
 See LICENSE file for details.
 ERmod 0.3.7, Copyright (C) 2000-2019 Nobuyuki Matubayasi
                            2010-2019 Shun Sakuraba
 ERmod comes with ABSOLUTELY NO WARRANTY.
 This is free software, and you can redistribute it
 and/or modify it under certain conditions.
 See LICENSE file for details.
 
  Number of the   1-th solvent  =           90
  Number of the   2-th solvent  =           90
  Number of the   3-th solvent  =        10000
 
  Be sure that the solvent distribution is homogeneous (radial distribution function is essentially unity) when the solvent molecule is separated beyond distance of   10.0 Angstrom in any direction from any atom within the solute molecule
 
  LJ long-range correction    =        -0.0030     -0.0212     -0.4023
 
  Self-energy of the solute   =        -0.0001  kcal/mol
 
 
 cumulative average & 95% error for solvation energy
              total             1st component         2nd component         3rd component
  1   -23.5029               -0.2816               -0.9948              -22.2265
  2   -23.5706     0.1353    -0.3192     0.0752    -1.1846     0.3796   -22.0667     0.3195
  3   -23.5064     0.1502    -0.2923     0.0691    -1.0772     0.3069   -22.1369     0.2318
  4   -23.4731     0.1254    -0.4416     0.3025    -1.0352     0.2327   -21.9963     0.3254
  5   -23.4727     0.0971    -0.4998     0.2617    -1.0200     0.1828   -21.9528     0.2667
  6   -23.4808     0.0809    -0.5212     0.2179    -1.0784     0.1895   -21.8811     0.2606
  7   -23.4796     0.0685    -0.6147     0.2624    -1.0741     0.1604   -21.7907     0.2850
  8   -23.4680     0.0637    -0.6059     0.2280    -1.0872     0.1413   -21.7748     0.2489
  9   -23.4688     0.0562    -0.6071     0.2011    -1.0301     0.1691   -21.8316     0.2471
 10   -23.4733     0.0511    -0.6397     0.1913    -1.0545     0.1589   -21.7790     0.2447
 
 
 group  inft  solvation free energy     error          difference
  total solvation free energy
   1      0         -4.40253           0.04649           0.00375
   1     60         -4.42727           0.04649          -0.02099
   1     80         -4.60651           0.04655          -0.20023
   1    100         -5.17969           0.04670          -0.77341
   2      0         -4.40539           0.04687           0.00089
   3      0         -4.40628           0.04754           0.00000
   4      0         -4.40082           0.04788           0.00546
   5      0         -4.40352           0.04701           0.00277
   5     60         -4.43665           0.04702          -0.03036
   5     80         -4.65581           0.04708          -0.24953
   5    100         -5.18158           0.04722          -0.77530
 
  contribution from  1-th solvent component
   1      0         -0.19196           0.09571           0.00465
   1     60         -0.19205           0.09571           0.00456
   1     80         -0.19284           0.09577           0.00377
   1    100         -0.19582           0.09598           0.00080
   2      0         -0.19685           0.09332          -0.00024
   3      0         -0.19661           0.09242           0.00000
   4      0         -0.19628           0.09206           0.00033
   5      0         -0.19545           0.09156           0.00116
   5     60         -0.19561           0.09156           0.00100
   5     80         -0.19679           0.09159          -0.00018
   5    100         -0.19996           0.09167          -0.00334
 
  contribution from  2-th solvent component
   1      0         -0.58685           0.08768          -0.00562
   1     60         -0.58718           0.08769          -0.00594
   1     80         -0.58948           0.08771          -0.00824
   1    100         -0.59674           0.08775          -0.01550
   2      0         -0.58271           0.08663          -0.00147
   3      0         -0.58123           0.08596           0.00000
   4      0         -0.57934           0.08542           0.00190
   5      0         -0.57809           0.08430           0.00314
   5     60         -0.57853           0.08430           0.00270
   5     80         -0.58137           0.08431          -0.00014
   5    100         -0.58805           0.08433          -0.00682
 
  contribution from  3-th solvent component
   1      0         -3.62364           0.11773           0.00472
   1     60         -3.64796           0.11774          -0.01960
   1     80         -3.82412           0.11784          -0.19576
   1    100         -4.38706           0.11823          -0.75870
   2      0         -3.62576           0.11809           0.00260
   3      0         -3.62836           0.11815           0.00000
   4      0         -3.62513           0.11768           0.00323
   5      0         -3.62990           0.11751          -0.00154
   5     60         -3.66243           0.11753          -0.03407
   5     80         -3.87757           0.11765          -0.24921
   5    100         -4.39350           0.11801          -0.76514
 
 
 group  inft   Estimated free energy: total (kcal/mol)
   1      0      -4.4985      -4.5402      -4.3555      -4.3795      -4.3350
                 -4.3721      -4.4254      -4.3292      -4.3391      -4.4507
   1     60      -4.5232      -4.5650      -4.3803      -4.4041      -4.3598
                 -4.3969      -4.4501      -4.3538      -4.3639      -4.4754
   1     80      -4.7025      -4.7445      -4.5598      -4.5832      -4.5393
                 -4.5765      -4.6292      -4.5322      -4.5433      -4.6546
   1    100      -5.2764      -5.3179      -5.1339      -5.1566      -5.1129
                 -5.1499      -5.2020      -5.1028      -5.1170      -5.2275
   2      0      -4.5077      -4.5474      -4.3624      -4.3751      -4.3404
                 -4.3749      -4.4227      -4.3362      -4.3411      -4.4460
   3      0      -4.5158      -4.5466      -4.3693      -4.3701      -4.3403
                 -4.3704      -4.4210      -4.3355      -4.3448      -4.4491
   4      0      -4.5097      -4.5439      -4.3642      -4.3673      -4.3304
                 -4.3730      -4.4140      -4.3259      -4.3400      -4.4399
   5      0      -4.5092      -4.5448      -4.3697      -4.3653      -4.3394
                 -4.3679      -4.4148      -4.3308      -4.3463      -4.4471
   5     60      -4.5423      -4.5780      -4.4028      -4.3984      -4.3726
                 -4.4011      -4.4478      -4.3637      -4.3794      -4.4802
   5     80      -4.7616      -4.7975      -4.6224      -4.6173      -4.5920
                 -4.6207      -4.6667      -4.5820      -4.5988      -4.6992
   5    100      -5.2882      -5.3235      -5.1492      -5.1431      -5.1182
                 -5.1468      -5.1917      -5.1057      -5.1250      -5.2245
 
 group  inft   Estimated free energy: 1-th solvent contribution (kcal/mol)
   1      0      -0.0364      -0.0796       0.0090      -0.3238      -0.2052
                 -0.1726      -0.4685      -0.1098      -0.1749      -0.3577
   1     60      -0.0364      -0.0797       0.0089      -0.3239      -0.2053
                 -0.1727      -0.4686      -0.1099      -0.1751      -0.3578
   1     80      -0.0371      -0.0805       0.0083      -0.3248      -0.2061
                 -0.1735      -0.4695      -0.1106      -0.1760      -0.3587
   1    100      -0.0397      -0.0831       0.0057      -0.3281      -0.2090
                 -0.1764      -0.4728      -0.1131      -0.1795      -0.3622
   2      0      -0.0471      -0.0901       0.0019      -0.3236      -0.2129
                 -0.1794      -0.4695      -0.1185      -0.1743      -0.3550
   3      0      -0.0517      -0.0887      -0.0045      -0.3202      -0.2104
                 -0.1749      -0.4694      -0.1177      -0.1725      -0.3562
   4      0      -0.0517      -0.0971       0.0013      -0.3187      -0.2108
                 -0.1766      -0.4667      -0.1151      -0.1727      -0.3547
   5      0      -0.0508      -0.0944      -0.0019      -0.3170      -0.2105
                 -0.1732      -0.4655      -0.1169      -0.1713      -0.3531
   5     60      -0.0509      -0.0946      -0.0020      -0.3172      -0.2106
                 -0.1733      -0.4656      -0.1171      -0.1714      -0.3533
   5     80      -0.0520      -0.0958      -0.0032      -0.3184      -0.2118
                 -0.1745      -0.4668      -0.1182      -0.1728      -0.3546
   5    100      -0.0549      -0.0988      -0.0062      -0.3217      -0.2148
                 -0.1778      -0.4701      -0.1211      -0.1763      -0.3579
 
 group  inft   Estimated free energy: 2-th solvent contribution (kcal/mol)
   1      0      -0.6037      -0.7967      -0.4977      -0.5145      -0.5087
                 -0.7201      -0.5808      -0.6385      -0.3100      -0.6978
   1     60      -0.6040      -0.7971      -0.4981      -0.5148      -0.5090
                 -0.7204      -0.5811      -0.6388      -0.3103      -0.6981
   1     80      -0.6064      -0.7994      -0.5004      -0.5171      -0.5114
                 -0.7227      -0.5834      -0.6411      -0.3125      -0.7004
   1    100      -0.6137      -0.8067      -0.5077      -0.5243      -0.5187
                 -0.7300      -0.5906      -0.6484      -0.3195      -0.7076
   2      0      -0.6000      -0.7899      -0.4934      -0.5118      -0.5037
                 -0.7144      -0.5756      -0.6348      -0.3104      -0.6930
   3      0      -0.5988      -0.7879      -0.4927      -0.5078      -0.5030
                 -0.7124      -0.5719      -0.6339      -0.3132      -0.6908
   4      0      -0.5991      -0.7848      -0.4935      -0.5116      -0.4982
                 -0.7106      -0.5702      -0.6295      -0.3109      -0.6849
   5      0      -0.5947      -0.7797      -0.4927      -0.5078      -0.4995
                 -0.7091      -0.5673      -0.6290      -0.3153      -0.6858
   5     60      -0.5951      -0.7802      -0.4932      -0.5082      -0.4999
                 -0.7096      -0.5677      -0.6295      -0.3157      -0.6862
   5     80      -0.5980      -0.7831      -0.4961      -0.5111      -0.5028
                 -0.7124      -0.5705      -0.6323      -0.3185      -0.6890
   5    100      -0.6048      -0.7898      -0.5029      -0.5177      -0.5095
                 -0.7191      -0.5772      -0.6391      -0.3250      -0.6956
 
 group  inft   Estimated free energy: 3-th solvent contribution (kcal/mol)
   1      0      -3.8583      -3.6638      -3.8667      -3.5411      -3.6210
                 -3.4794      -3.3761      -3.5809      -3.8541      -3.3951
   1     60      -3.8826      -3.6882      -3.8911      -3.5653      -3.6454
                 -3.5038      -3.4004      -3.6051      -3.8784      -3.4194
   1     80      -4.0590      -3.8646      -4.0676      -3.7413      -3.8217
                 -3.6803      -3.5762      -3.7805      -4.0547      -3.5954
   1    100      -4.6230      -4.4279      -4.6318      -4.3041      -4.3851
                 -4.2435      -4.1385      -4.3412      -4.6179      -4.1576
   2      0      -3.8605      -3.6674      -3.8708      -3.5396      -3.6237
                 -3.4811      -3.3776      -3.5828      -3.8562      -3.3979
   3      0      -3.8653      -3.6700      -3.8720      -3.5421      -3.6269
                 -3.4830      -3.3797      -3.5838      -3.8590      -3.4020
   4      0      -3.8588      -3.6620      -3.8719      -3.5369      -3.6213
                 -3.4856      -3.3771      -3.5813      -3.8563      -3.4002
   5      0      -3.8637      -3.6706      -3.8750      -3.5404      -3.6294
                 -3.4855      -3.3820      -3.5847      -3.8596      -3.4081
   5     60      -3.8962      -3.7032      -3.9076      -3.5729      -3.6619
                 -3.5182      -3.4145      -3.6171      -3.8922      -3.4406
   5     80      -4.1116      -3.9186      -4.1231      -3.7877      -3.8774
                 -3.7337      -3.6293      -3.8314      -4.1074      -3.6555
   5    100      -4.6285      -4.4348      -4.6401      -4.3036      -4.3937
                 -4.2499      -4.1444      -4.3455      -4.6236      -4.1708
 
 
 cumulative average & 95% error for solvation free energy
              total             1st component         2nd component         3rd component
  1    -4.5158               -0.0517               -0.5988               -3.8653
  2    -4.5312     0.0308    -0.0702     0.0370    -0.6933     0.1891    -3.7676     0.1954
  3    -4.4772     0.1094    -0.0483     0.0487    -0.6264     0.1726    -3.8024     0.1325
  4    -4.4504     0.0941    -0.1162     0.1402    -0.5968     0.1357    -3.7373     0.1604
  5    -4.4284     0.0852    -0.1351     0.1150    -0.5780     0.1116    -3.7152     0.1319
  6    -4.4187     0.0722    -0.1417     0.0948    -0.6004     0.1016    -3.6765     0.1326
  7    -4.4191     0.0610    -0.1885     0.1232    -0.5963     0.0862    -3.6341     0.1406
  8    -4.4086     0.0568    -0.1797     0.1082    -0.6010     0.0753    -3.6278     0.1224
  9    -4.4015     0.0521    -0.1789     0.0954    -0.5691     0.0922    -3.6535     0.1195
 10    -4.4063     0.0475    -0.1966     0.0924    -0.5812     0.0860    -3.6284     0.1182
