 ERmod 0.3.7, Copyright (C) 2000-2019 Nobuyuki Matubayasi
                            2010-2019 Shun Sakuraba
 ERmod comes with ABSOLUTELY NO WARRANTY.
 This is free software, and you can redistribute it
 and/or modify it under certain conditions.
 See LICENSE file for details.
 ERmod 0.3.7, Copyright (C) 2000-2019 Nobuyuki Matubayasi
                            2010-2019 Shun Sakuraba
 ERmod comes with ABSOLUTELY NO WARRANTY.
 This is free software, and you can redistribute it
 and/or modify it under certain conditions.
 See LICENSE file for details.
 
  Number of the   1-th solvent  =           90
  Number of the   2-th solvent  =           90
  Number of the   3-th solvent  =        10000
 
  Be sure that the solvent distribution is homogeneous (radial distribution function is essentially unity) when the solvent molecule is separated beyond distance of   10.0 Angstrom in any direction from any atom within the solute molecule
 
  LJ long-range correction    =        -0.0010     -0.0009     -0.1368
 
  Self-energy of the solute   =         0.0000  kcal/mol
 
 
 cumulative average & 95% error for solvation energy
              total             1st component         2nd component         3rd component
  1    -4.0236               -0.0020               -0.0402               -3.9814
  2    -4.0014     0.0445     0.0035     0.0110    -0.0375     0.0053    -3.9673     0.0281
  3    -3.9970     0.0272     0.0067     0.0090    -0.0385     0.0037    -3.9651     0.0168
  4    -4.0043     0.0242     0.0065     0.0064    -0.0402     0.0042    -3.9707     0.0163
  5    -4.0032     0.0188     0.0082     0.0060    -0.0398     0.0033    -3.9716     0.0128
  6    -4.0052     0.0159     0.0091     0.0052    -0.0389     0.0033    -3.9754     0.0129
  7    -4.0060     0.0135     0.0083     0.0047    -0.0394     0.0029    -3.9748     0.0110
  8    -4.0031     0.0130     0.0083     0.0041    -0.0395     0.0026    -3.9719     0.0112
  9    -4.0027     0.0115     0.0085     0.0036    -0.0393     0.0023    -3.9719     0.0099
 10    -4.0032     0.0104     0.0090     0.0034    -0.0390     0.0021    -3.9732     0.0092
 
 
 group  inft  solvation free energy     error          difference
  total solvation free energy
   1      0          2.69757           0.00793           0.00348
   1     60          2.68094           0.00797          -0.01315
   1     80          2.58366           0.00826          -0.11043
   1    100          2.30221           0.00927          -0.39188
   2      0          2.69983           0.00811           0.00574
   3      0          2.69409           0.00787           0.00000
   4      0          2.75783           0.00736           0.06374
   5      0          2.71358           0.00752           0.01949
   5     60          2.69188           0.00757          -0.00221
   5     80          2.57459           0.00789          -0.11950
   5    100          2.31398           0.00874          -0.38011
 
  contribution from  1-th solvent component
   1      0          0.05397           0.00285           0.00221
   1     60          0.05398           0.00286           0.00221
   1     80          0.05390           0.00303           0.00214
   1    100          0.05292           0.00359           0.00115
   2      0          0.05296           0.00251           0.00119
   3      0          0.05177           0.00216           0.00000
   4      0          0.05148           0.00212          -0.00029
   5      0          0.05132           0.00214          -0.00045
   5     60          0.05131           0.00215          -0.00046
   5     80          0.05101           0.00233          -0.00075
   5    100          0.04970           0.00278          -0.00207
 
  contribution from  2-th solvent component
   1      0         -0.00775           0.00342           0.00236
   1     60         -0.00747           0.00345           0.00265
   1     80         -0.00662           0.00360           0.00350
   1    100         -0.00503           0.00410           0.00508
   2      0         -0.01014           0.00304          -0.00003
   3      0         -0.01012           0.00283           0.00000
   4      0         -0.01091           0.00265          -0.00079
   5      0         -0.01113           0.00251          -0.00101
   5     60         -0.01081           0.00254          -0.00069
   5     80         -0.00988           0.00272           0.00024
   5    100         -0.00855           0.00318           0.00157
 
  contribution from  3-th solvent component
   1      0          2.65135           0.00712          -0.00109
   1     60          2.63443           0.00715          -0.01801
   1     80          2.53637           0.00736          -0.11607
   1    100          2.25432           0.00807          -0.39812
   2      0          2.65701           0.00739           0.00457
   3      0          2.65244           0.00720           0.00000
   4      0          2.71726           0.00665           0.06482
   5      0          2.67339           0.00675           0.02095
   5     60          2.65137           0.00678          -0.00107
   5     80          2.53345           0.00703          -0.11899
   5    100          2.27283           0.00769          -0.37961
 
 
 group  inft   Estimated free energy: total (kcal/mol)
   1      0       2.6922       2.7280       2.7009       2.6911       2.6907
                  2.6867       2.6876       2.7040       2.7042       2.6901
   1     60       2.6756       2.7116       2.6843       2.6744       2.6740
                  2.6701       2.6709       2.6874       2.6876       2.6735
   1     80       2.5779       2.6156       2.5871       2.5768       2.5768
                  2.5729       2.5727       2.5898       2.5907       2.5763
   1    100       2.2952       2.3383       2.3062       2.2945       2.2957
                  2.2905       2.2889       2.3075       2.3103       2.2950
   2      0       2.6935       2.7300       2.7042       2.6939       2.6908
                  2.6887       2.6917       2.7082       2.7067       2.6905
   3      0       2.6875       2.7222       2.7000       2.6895       2.6848
                  2.6807       2.6872       2.7042       2.6987       2.6861
   4      0       2.7507       2.7849       2.7616       2.7533       2.7488
                  2.7480       2.7515       2.7673       2.7625       2.7495
   5      0       2.7077       2.7406       2.7200       2.7074       2.7051
                  2.7003       2.7071       2.7225       2.7177       2.7073
   5     60       2.6860       2.7192       2.6983       2.6856       2.6833
                  2.6787       2.6853       2.7008       2.6960       2.6856
   5     80       2.5682       2.6035       2.5812       2.5679       2.5660
                  2.5614       2.5671       2.5832       2.5791       2.5685
   5    100       2.3065       2.3466       2.3210       2.3065       2.3053
                  2.3000       2.3043       2.3220       2.3195       2.3080
 
 group  inft   Estimated free energy: 1-th solvent contribution (kcal/mol)
   1      0       0.0468       0.0542       0.0584       0.0517       0.0628
                  0.0547       0.0499       0.0510       0.0546       0.0557
   1     60       0.0467       0.0542       0.0584       0.0517       0.0628
                  0.0548       0.0499       0.0510       0.0546       0.0557
   1     80       0.0463       0.0541       0.0585       0.0514       0.0633
                  0.0547       0.0495       0.0508       0.0544       0.0559
   1    100       0.0443       0.0530       0.0583       0.0498       0.0643
                  0.0536       0.0477       0.0493       0.0531       0.0557
   2      0       0.0465       0.0522       0.0563       0.0512       0.0610
                  0.0539       0.0495       0.0509       0.0535       0.0546
   3      0       0.0454       0.0512       0.0549       0.0504       0.0578
                  0.0530       0.0488       0.0502       0.0526       0.0534
   4      0       0.0456       0.0507       0.0544       0.0499       0.0576
                  0.0527       0.0484       0.0500       0.0524       0.0531
   5      0       0.0452       0.0507       0.0546       0.0498       0.0572
                  0.0521       0.0484       0.0496       0.0523       0.0533
   5     60       0.0452       0.0507       0.0546       0.0498       0.0573
                  0.0521       0.0483       0.0496       0.0522       0.0533
   5     80       0.0445       0.0503       0.0546       0.0492       0.0576
                  0.0519       0.0478       0.0492       0.0518       0.0533
   5    100       0.0424       0.0487       0.0539       0.0475       0.0579
                  0.0505       0.0458       0.0474       0.0502       0.0526
 
 group  inft   Estimated free energy: 2-th solvent contribution (kcal/mol)
   1      0      -0.0051       0.0028      -0.0142      -0.0144      -0.0114
                 -0.0048      -0.0107      -0.0103      -0.0063      -0.0031
   1     60      -0.0048       0.0032      -0.0139      -0.0141      -0.0111
                 -0.0045      -0.0105      -0.0100      -0.0060      -0.0028
   1     80      -0.0039       0.0045      -0.0133      -0.0135      -0.0104
                 -0.0034      -0.0099      -0.0095      -0.0049      -0.0019
   1    100      -0.0019       0.0077      -0.0126      -0.0125      -0.0093
                 -0.0013      -0.0089      -0.0089      -0.0025      -0.0002
   2      0      -0.0077       0.0000      -0.0152      -0.0158      -0.0140
                 -0.0082      -0.0130      -0.0116      -0.0093      -0.0068
   3      0      -0.0084      -0.0000      -0.0149      -0.0150      -0.0130
                 -0.0085      -0.0128      -0.0112      -0.0104      -0.0070
   4      0      -0.0094      -0.0015      -0.0152      -0.0157      -0.0139
                 -0.0091      -0.0135      -0.0117      -0.0108      -0.0083
   5      0      -0.0098      -0.0018      -0.0148      -0.0152      -0.0141
                 -0.0093      -0.0135      -0.0121      -0.0115      -0.0090
   5     60      -0.0095      -0.0014      -0.0146      -0.0149      -0.0138
                 -0.0090      -0.0133      -0.0119      -0.0111      -0.0087
   5     80      -0.0085       0.0001      -0.0139      -0.0142      -0.0130
                 -0.0078      -0.0126      -0.0113      -0.0099      -0.0077
   5    100      -0.0068       0.0031      -0.0133      -0.0133      -0.0121
                 -0.0060      -0.0120      -0.0109      -0.0078      -0.0063
 
 group  inft   Estimated free energy: 3-th solvent contribution (kcal/mol)
   1      0       2.6506       2.6710       2.6567       2.6537       2.6394
                  2.6368       2.6485       2.6633       2.6559       2.6376
   1     60       2.6337       2.6542       2.6398       2.6368       2.6224
                  2.6198       2.6315       2.6464       2.6390       2.6206
   1     80       2.5355       2.5570       2.5419       2.5389       2.5239
                  2.5215       2.5331       2.5485       2.5412       2.5223
   1    100       2.2527       2.2776       2.2605       2.2572       2.2407
                  2.2382       2.2501       2.2672       2.2596       2.2395
   2      0       2.6547       2.6778       2.6631       2.6585       2.6438
                  2.6430       2.6551       2.6689       2.6625       2.6427
   3      0       2.6505       2.6710       2.6600       2.6540       2.6400
                  2.6362       2.6512       2.6652       2.6564       2.6398
   4      0       2.7145       2.7357       2.7224       2.7191       2.7051
                  2.7044       2.7166       2.7290       2.7210       2.7048
   5      0       2.6724       2.6918       2.6803       2.6728       2.6619
                  2.6575       2.6723       2.6850       2.6769       2.6631
   5     60       2.6503       2.6699       2.6583       2.6507       2.6398
                  2.6355       2.6502       2.6630       2.6549       2.6410
   5     80       2.5322       2.5530       2.5405       2.5328       2.5213
                  2.5173       2.5319       2.5453       2.5372       2.5229
   5    100       2.2709       2.2948       2.2804       2.2723       2.2595
                  2.2555       2.2706       2.2855       2.2771       2.2616
 
 
 cumulative average & 95% error for solvation free energy
              total             1st component         2nd component         3rd component
  1     2.6875                0.0454               -0.0084                2.6505
  2     2.7049     0.0347     0.0483     0.0059    -0.0042     0.0083     2.6608     0.0205
  3     2.7033     0.0203     0.0505     0.0055    -0.0078     0.0086     2.6605     0.0118
  4     2.6998     0.0159     0.0505     0.0039    -0.0096     0.0071     2.6589     0.0090
  5     2.6968     0.0137     0.0519     0.0042    -0.0103     0.0056     2.6551     0.0103
  6     2.6941     0.0124     0.0521     0.0035    -0.0100     0.0046     2.6520     0.0105
  7     2.6931     0.0107     0.0516     0.0031    -0.0104     0.0040     2.6519     0.0089
  8     2.6945     0.0097     0.0515     0.0027    -0.0105     0.0035     2.6535     0.0084
  9     2.6950     0.0086     0.0516     0.0024    -0.0105     0.0031     2.6538     0.0074
 10     2.6941     0.0079     0.0518     0.0022    -0.0101     0.0028     2.6524     0.0072
