 ERmod 0.3.7, Copyright (C) 2000-2019 Nobuyuki Matubayasi
                            2010-2019 Shun Sakuraba
 ERmod comes with ABSOLUTELY NO WARRANTY.
 This is free software, and you can redistribute it
 and/or modify it under certain conditions.
 See LICENSE file for details.
 ERmod 0.3.7, Copyright (C) 2000-2019 Nobuyuki Matubayasi
                            2010-2019 Shun Sakuraba
 ERmod comes with ABSOLUTELY NO WARRANTY.
 This is free software, and you can redistribute it
 and/or modify it under certain conditions.
 See LICENSE file for details.
 
  Number of the   1-th solvent  =           90
  Number of the   2-th solvent  =           90
  Number of the   3-th solvent  =        10000
 
  Be sure that the solvent distribution is homogeneous (radial distribution function is essentially unity) when the solvent molecule is separated beyond distance of   10.0 Angstrom in any direction from any atom within the solute molecule
 
  LJ long-range correction    =        -0.0011     -0.0047     -0.6810
 
  Self-energy of the solute   =         0.0001  kcal/mol
 
 
 cumulative average & 95% error for solvation energy
              total             1st component         2nd component         3rd component
  1   -15.9596                0.2497               -0.3021              -15.9073
  2   -15.9610     0.0028     0.2515     0.0036    -0.2978     0.0086   -15.9148     0.0150
  3   -15.9733     0.0247     0.2489     0.0056    -0.2982     0.0051   -15.9241     0.0205
  4   -15.9646     0.0248     0.2518     0.0071    -0.2976     0.0038   -15.9188     0.0179
  5   -15.9529     0.0303     0.2527     0.0058    -0.2972     0.0030   -15.9083     0.0251
  6   -15.9249     0.0612     0.2539     0.0053    -0.2955     0.0042   -15.8833     0.0542
  7   -15.9329     0.0541     0.2558     0.0059    -0.2955     0.0035   -15.8932     0.0499
  8   -15.9412     0.0497     0.2543     0.0060    -0.2966     0.0038   -15.8989     0.0447
  9   -15.9394     0.0440     0.2540     0.0053    -0.2960     0.0035   -15.8974     0.0396
 10   -15.9391     0.0394     0.2542     0.0048    -0.2949     0.0039   -15.8985     0.0355
 
 
 group  inft  solvation free energy     error          difference
  total solvation free energy
   1      0          4.12388           0.03357           0.01553
   1     60          4.11150           0.03361           0.00316
   1     80          3.98372           0.03416          -0.12463
   1    100          3.41398           0.03674          -0.69437
   2      0          4.10956           0.03338           0.00121
   3      0          4.10835           0.03362           0.00000
   4      0          4.07903           0.03417          -0.02932
   5      0          4.13333           0.03117           0.02498
   5     60          4.11601           0.03124           0.00767
   5     80          3.94831           0.03198          -0.16004
   5    100          3.40983           0.03452          -0.69852
 
  contribution from  1-th solvent component
   1      0          0.21770           0.00488           0.00323
   1     60          0.21801           0.00489           0.00354
   1     80          0.22116           0.00496           0.00668
   1    100          0.23145           0.00524           0.01697
   2      0          0.21554           0.00430           0.00106
   3      0          0.21447           0.00397           0.00000
   4      0          0.21390           0.00405          -0.00057
   5      0          0.21351           0.00386          -0.00096
   5     60          0.21395           0.00387          -0.00052
   5     80          0.21790           0.00396           0.00343
   5    100          0.22733           0.00425           0.01285
 
  contribution from  2-th solvent component
   1      0         -0.24771           0.00830           0.00266
   1     60         -0.24745           0.00831           0.00292
   1     80         -0.24606           0.00845           0.00431
   1    100         -0.24232           0.00913           0.00804
   2      0         -0.25008           0.00751           0.00029
   3      0         -0.25037           0.00730           0.00000
   4      0         -0.25120           0.00723          -0.00083
   5      0         -0.25177           0.00786          -0.00140
   5     60         -0.25144           0.00788          -0.00107
   5     80         -0.24979           0.00809           0.00057
   5    100         -0.24669           0.00881           0.00368
 
  contribution from  3-th solvent component
   1      0          4.15383           0.02809           0.00964
   1     60          4.14089           0.02812          -0.00330
   1     80          4.00857           0.02848          -0.13562
   1    100          3.42480           0.03026          -0.71938
   2      0          4.14404           0.02878          -0.00014
   3      0          4.14419           0.02909           0.00000
   4      0          4.11628           0.02973          -0.02791
   5      0          4.17154           0.02642           0.02735
   5     60          4.15345           0.02646           0.00926
   5     80          3.98015           0.02695          -0.16404
   5    100          3.42913           0.02865          -0.71505
 
 
 group  inft   Estimated free energy: total (kcal/mol)
   1      0       4.1032       4.1164       4.0933       4.1300       4.1666
                  4.2439       4.0897       4.0438       4.1315       4.1203
   1     60       4.0908       4.1040       4.0809       4.1176       4.1544
                  4.2317       4.0773       4.0313       4.1191       4.1080
   1     80       3.9625       3.9763       3.9523       3.9899       4.0275
                  4.1057       3.9492       3.9020       3.9914       3.9804
   1    100       3.3913       3.4058       3.3795       3.4201       3.4615
                  3.5446       3.3774       3.3255       3.4222       3.4119
   2      0       4.0818       4.0973       4.0783       4.1099       4.1506
                  4.2352       4.0833       4.0395       4.1166       4.1029
   3      0       4.0758       4.0927       4.0758       4.1055       4.1473
                  4.2382       4.0887       4.0436       4.1151       4.1008
   4      0       4.0425       4.0636       4.0482       4.0739       4.1180
                  4.2119       4.0598       4.0157       4.0873       4.0694
   5      0       4.1127       4.1254       4.1097       4.1371       4.1685
                  4.2493       4.1026       4.0616       4.1361       4.1304
   5     60       4.0953       4.1081       4.0922       4.1198       4.1513
                  4.2322       4.0852       4.0441       4.1188       4.1131
   5     80       3.9268       3.9403       3.9235       3.9521       3.9847
                  4.0670       3.9171       3.8745       3.9513       3.9457
   5    100       3.3867       3.4007       3.3815       3.4136       3.4497
                  3.5373       3.3772       3.3295       3.4136       3.4085
 
 group  inft   Estimated free energy: 1-th solvent contribution (kcal/mol)
   1      0       0.2130       0.2208       0.2119       0.2300       0.2180
                  0.2104       0.2314       0.2100       0.2134       0.2180
   1     60       0.2133       0.2211       0.2122       0.2303       0.2184
                  0.2107       0.2318       0.2103       0.2137       0.2183
   1     80       0.2163       0.2244       0.2152       0.2336       0.2216
                  0.2140       0.2351       0.2131       0.2168       0.2215
   1    100       0.2258       0.2351       0.2252       0.2444       0.2324
                  0.2247       0.2460       0.2219       0.2271       0.2318
   2      0       0.2101       0.2187       0.2106       0.2253       0.2152
                  0.2098       0.2286       0.2089       0.2123       0.2159
   3      0       0.2098       0.2159       0.2097       0.2230       0.2141
                  0.2101       0.2275       0.2082       0.2121       0.2143
   4      0       0.2082       0.2152       0.2094       0.2221       0.2131
                  0.2097       0.2277       0.2083       0.2114       0.2139
   5      0       0.2085       0.2152       0.2097       0.2226       0.2134
                  0.2078       0.2253       0.2076       0.2114       0.2136
   5     60       0.2090       0.2156       0.2102       0.2230       0.2139
                  0.2083       0.2258       0.2080       0.2118       0.2140
   5     80       0.2127       0.2197       0.2139       0.2271       0.2180
                  0.2124       0.2300       0.2115       0.2157       0.2179
   5    100       0.2215       0.2296       0.2229       0.2371       0.2279
                  0.2222       0.2400       0.2196       0.2252       0.2273
 
 group  inft   Estimated free energy: 2-th solvent contribution (kcal/mol)
   1      0      -0.2511      -0.2468      -0.2478      -0.2518      -0.2452
                 -0.2265      -0.2630      -0.2707      -0.2432      -0.2309
   1     60      -0.2508      -0.2466      -0.2476      -0.2516      -0.2449
                 -0.2262      -0.2628      -0.2705      -0.2429      -0.2307
   1     80      -0.2495      -0.2452      -0.2463      -0.2503      -0.2434
                 -0.2245      -0.2616      -0.2695      -0.2414      -0.2289
   1    100      -0.2458      -0.2413      -0.2430      -0.2470      -0.2390
                 -0.2192      -0.2591      -0.2677      -0.2374      -0.2237
   2      0      -0.2533      -0.2493      -0.2487      -0.2538      -0.2472
                 -0.2317      -0.2637      -0.2716      -0.2467      -0.2348
   3      0      -0.2542      -0.2486      -0.2492      -0.2536      -0.2478
                 -0.2324      -0.2640      -0.2709      -0.2474      -0.2355
   4      0      -0.2553      -0.2495      -0.2493      -0.2555      -0.2484
                 -0.2331      -0.2645      -0.2714      -0.2482      -0.2368
   5      0      -0.2540      -0.2501      -0.2514      -0.2544      -0.2500
                 -0.2338      -0.2669      -0.2741      -0.2490      -0.2340
   5     60      -0.2537      -0.2498      -0.2511      -0.2541      -0.2497
                 -0.2335      -0.2666      -0.2738      -0.2486      -0.2336
   5     80      -0.2521      -0.2481      -0.2497      -0.2526      -0.2479
                 -0.2313      -0.2653      -0.2727      -0.2469      -0.2315
   5    100      -0.2491      -0.2449      -0.2470      -0.2499      -0.2442
                 -0.2264      -0.2633      -0.2717      -0.2435      -0.2268
 
 group  inft   Estimated free energy: 3-th solvent contribution (kcal/mol)
   1      0       4.1412       4.1423       4.1291       4.1518       4.1937
                  4.2600       4.1212       4.1044       4.1613       4.1332
   1     60       4.1282       4.1294       4.1162       4.1389       4.1809
                  4.2471       4.1083       4.0914       4.1483       4.1202
   1     80       3.9956       3.9970       3.9833       4.0065       4.0492
                  4.1162       3.9757       3.9584       4.0160       3.9878
   1    100       3.4112       3.4120       3.3972       3.4226       3.4680
                  3.5391       3.3905       3.3712       3.4324       3.4037
   2      0       4.1250       4.1279       4.1163       4.1383       4.1826
                  4.2570       4.1184       4.1022       4.1509       4.1218
   3      0       4.1201       4.1254       4.1153       4.1360       4.1809
                  4.2604       4.1251       4.1063       4.1503       4.1219
   4      0       4.0895       4.0978       4.0881       4.1072       4.1533
                  4.2353       4.0965       4.0788       4.1240       4.0923
   5      0       4.1580       4.1603       4.1513       4.1689       4.2051
                  4.2753       4.1441       4.1280       4.1737       4.1507
   5     60       4.1399       4.1422       4.1332       4.1508       4.1871
                  4.2573       4.1260       4.1098       4.1556       4.1326
   5     80       3.9661       3.9686       3.9592       3.9775       4.0146
                  4.0859       3.9524       3.9356       3.9823       3.9592
   5    100       3.4143       3.4159       3.4056       3.4263       3.4659
                  3.5415       3.4005       3.3816       3.4318       3.4079
 
 
 cumulative average & 95% error for solvation free energy
              total             1st component         2nd component         3rd component
  1     4.0758                0.2098               -0.2542                4.1201
  2     4.0842     0.0170     0.2129     0.0061    -0.2514     0.0056     4.1228     0.0053
  3     4.0814     0.0113     0.2118     0.0041    -0.2507     0.0036     4.1203     0.0059
  4     4.0874     0.0144     0.2146     0.0063    -0.2514     0.0029     4.1242     0.0089
  5     4.0994     0.0264     0.2145     0.0049    -0.2507     0.0027     4.1356     0.0237
  6     4.1225     0.0510     0.2138     0.0042    -0.2476     0.0065     4.1564     0.0459
  7     4.1177     0.0442     0.2157     0.0053    -0.2500     0.0072     4.1519     0.0398
  8     4.1084     0.0425     0.2148     0.0050    -0.2526     0.0081     4.1462     0.0363
  9     4.1092     0.0375     0.2145     0.0044    -0.2520     0.0073     4.1467     0.0320
 10     4.1083     0.0336     0.2145     0.0040    -0.2504     0.0073     4.1442     0.0291
