 ERmod 0.3.7, Copyright (C) 2000-2019 Nobuyuki Matubayasi
                            2010-2019 Shun Sakuraba
 ERmod comes with ABSOLUTELY NO WARRANTY.
 This is free software, and you can redistribute it
 and/or modify it under certain conditions.
 See LICENSE file for details.
 ERmod 0.3.7, Copyright (C) 2000-2019 Nobuyuki Matubayasi
                            2010-2019 Shun Sakuraba
 ERmod comes with ABSOLUTELY NO WARRANTY.
 This is free software, and you can redistribute it
 and/or modify it under certain conditions.
 See LICENSE file for details.
 
  Number of the   1-th solvent  =           90
  Number of the   2-th solvent  =           90
  Number of the   3-th solvent  =        10000
 
  Be sure that the solvent distribution is homogeneous (radial distribution function is essentially unity) when the solvent molecule is separated beyond distance of   10.0 Angstrom in any direction from any atom within the solute molecule
 
  LJ long-range correction    =        -0.0011     -0.0381     -0.7226
 
  Self-energy of the solute   =        -0.0001  kcal/mol
 
 
 cumulative average & 95% error for solvation energy
              total             1st component         2nd component         3rd component
  1   -30.8251               -1.2364               -1.9586              -27.6301
  2   -30.7791     0.0920    -0.5935     1.2857    -1.6450     0.6271   -28.5405     1.8208
  3   -30.7398     0.0948    -0.3691     0.8675    -1.9869     0.7737   -28.3838     1.0969
  4   -30.6666     0.1611    -0.2852     0.6359    -1.6984     0.7951   -28.6829     0.9795
  5   -30.6388     0.1365    -0.1575     0.5549    -1.6569     0.6215   -28.8244     0.8098
  6   -30.6627     0.1213    -0.1107     0.4626    -1.7697     0.5554   -28.7822     0.6666
  7   -30.6560     0.1034    -0.1522     0.3997    -1.7967     0.4724   -28.7071     0.5831
  8   -30.6520     0.0899    -0.2302     0.3797    -1.7409     0.4241   -28.6808     0.5077
  9   -30.6990     0.1229    -0.1903     0.3442    -1.9520     0.5641   -28.5565     0.5121
 10   -30.6841     0.1139    -0.1693     0.3107    -1.9437     0.5048   -28.5710     0.4589
 
 
 group  inft  solvation free energy     error          difference
  total solvation free energy
   1      0         -3.92791           0.09135           0.00400
   1     60         -3.95772           0.09137          -0.02581
   1     80         -4.20545           0.09156          -0.27354
   1    100         -5.08417           0.09205          -1.15226
   2      0         -3.93128           0.09020           0.00063
   3      0         -3.93191           0.08947           0.00000
   4      0         -3.93590           0.09127          -0.00399
   5      0         -3.92962           0.09000           0.00229
   5     60         -3.97006           0.09003          -0.03814
   5     80         -4.27868           0.09022          -0.34677
   5    100         -5.08699           0.09061          -1.15507
 
  contribution from  1-th solvent component
   1      0          0.01389           0.16591           0.00737
   1     60          0.01441           0.16594           0.00789
   1     80          0.01826           0.16615           0.01174
   1    100          0.02894           0.16682           0.02241
   2      0          0.00892           0.16635           0.00240
   3      0          0.00652           0.16662          -0.00000
   4      0          0.00295           0.16711          -0.00357
   5      0          0.00334           0.16668          -0.00318
   5     60          0.00400           0.16672          -0.00252
   5     80          0.00840           0.16700           0.00188
   5    100          0.01760           0.16774           0.01108
 
  contribution from  2-th solvent component
   1      0         -1.04816           0.24187          -0.00661
   1     60         -1.04852           0.24188          -0.00697
   1     80         -1.05151           0.24190          -0.00996
   1    100         -1.06221           0.24194          -0.02066
   2      0         -1.04276           0.24119          -0.00121
   3      0         -1.04155           0.24084           0.00000
   4      0         -1.04006           0.24058           0.00149
   5      0         -1.03901           0.24047           0.00254
   5     60         -1.03950           0.24047           0.00205
   5     80         -1.04327           0.24049          -0.00173
   5    100         -1.05313           0.24050          -0.01159
 
  contribution from  3-th solvent component
   1      0         -2.89358           0.22978           0.00324
   1     60         -2.92355           0.22977          -0.02673
   1     80         -3.17213           0.22971          -0.27531
   1    100         -4.05083           0.22992          -1.15401
   2      0         -2.89737           0.22929          -0.00056
   3      0         -2.89682           0.22963           0.00000
   4      0         -2.89873           0.22774          -0.00191
   5      0         -2.89389           0.22830           0.00293
   5     60         -2.93449           0.22828          -0.03767
   5     80         -3.24374           0.22825          -0.34693
   5    100         -4.05138           0.22851          -1.15456
 
 
 group  inft   Estimated free energy: total (kcal/mol)
   1      0      -4.0480      -4.0134      -3.9676      -3.7383      -3.7283
                 -4.0515      -3.9444      -3.8049      -4.1493      -3.8333
   1     60      -4.0780      -4.0432      -3.9973      -3.7680      -3.7580
                 -4.0812      -3.9742      -3.8349      -4.1792      -3.8630
   1     80      -4.3268      -4.2913      -4.2444      -4.0149      -4.0050
                 -4.3284      -4.2218      -4.0840      -4.4276      -4.1104
   1    100      -5.2070      -5.1721      -5.1213      -4.8919      -4.8822
                 -5.2061      -5.0990      -4.9666      -5.3086      -4.9872
   2      0      -4.0570      -4.0185      -3.9662      -3.7474      -3.7357
                 -4.0467      -3.9480      -3.8013      -4.1501      -3.8420
   3      0      -4.0599      -4.0208      -3.9628      -3.7497      -3.7364
                 -4.0452      -3.9482      -3.8036      -4.1473      -3.8453
   4      0      -4.0655      -4.0195      -3.9690      -3.7515      -3.7326
                 -4.0438      -3.9645      -3.8031      -4.1592      -3.8505
   5      0      -4.0597      -4.0131      -3.9564      -3.7455      -3.7329
                 -4.0413      -3.9535      -3.7996      -4.1487      -3.8456
   5     60      -4.1003      -4.0536      -3.9966      -3.7858      -3.7731
                 -4.0817      -3.9940      -3.8403      -4.1892      -3.8860
   5     80      -4.4101      -4.3627      -4.3043      -4.0936      -4.0808
                 -4.3896      -4.3023      -4.1508      -4.4986      -4.1941
   5    100      -5.2198      -5.1726      -5.1106      -4.9010      -4.8872
                 -5.1966      -5.1093      -4.9630      -5.3091      -5.0006
 
 group  inft   Estimated free energy: 1-th solvent contribution (kcal/mol)
   1      0      -0.5608       0.1075       0.0704       0.1226       0.3891
                  0.1340      -0.1296      -0.2409       0.1050       0.1415
   1     60      -0.5604       0.1081       0.0710       0.1231       0.3897
                  0.1345      -0.1291      -0.2404       0.1055       0.1421
   1     80      -0.5570       0.1124       0.0749       0.1270       0.3943
                  0.1382      -0.1255      -0.2371       0.1090       0.1464
   1    100      -0.5477       0.1241       0.0856       0.1378       0.4077
                  0.1487      -0.1159      -0.2278       0.1189       0.1581
   2      0      -0.5700       0.1033       0.0664       0.1149       0.3821
                  0.1361      -0.1368      -0.2426       0.1056       0.1301
   3      0      -0.5741       0.1009       0.0667       0.1124       0.3784
                  0.1359      -0.1389      -0.2461       0.1033       0.1267
   4      0      -0.5810       0.0960       0.0621       0.1103       0.3774
                  0.1358      -0.1467      -0.2429       0.0974       0.1211
   5      0      -0.5773       0.0964       0.0653       0.1092       0.3745
                  0.1377      -0.1416      -0.2505       0.0986       0.1212
   5     60      -0.5768       0.0971       0.0660       0.1099       0.3753
                  0.1383      -0.1410      -0.2500       0.0992       0.1220
   5     80      -0.5730       0.1021       0.0706       0.1142       0.3807
                  0.1426      -0.1370      -0.2463       0.1032       0.1269
   5    100      -0.5653       0.1127       0.0799       0.1233       0.3928
                  0.1519      -0.1290      -0.2389       0.1116       0.1370
 
 group  inft   Estimated free energy: 2-th solvent contribution (kcal/mol)
   1      0      -1.1036      -0.7856      -1.3394      -0.4703      -0.8109
                 -1.2572      -1.1077      -0.7464      -1.8419      -1.0185
   1     60      -1.1040      -0.7860      -1.3397      -0.4706      -0.8112
                 -1.2576      -1.1081      -0.7468      -1.8423      -1.0189
   1     80      -1.1070      -0.7890      -1.3427      -0.4735      -0.8142
                 -1.2606      -1.1111      -0.7498      -1.8453      -1.0219
   1    100      -1.1176      -0.7998      -1.3533      -0.4838      -0.8248
                 -1.2712      -1.1219      -0.7607      -1.8562      -1.0327
   2      0      -1.0995      -0.7832      -1.3313      -0.4692      -0.8085
                 -1.2510      -1.0997      -0.7372      -1.8366      -1.0114
   3      0      -1.0987      -0.7825      -1.3291      -0.4672      -0.8063
                 -1.2513      -1.0991      -0.7365      -1.8325      -1.0121
   4      0      -1.0947      -0.7793      -1.3280      -0.4701      -0.8032
                 -1.2478      -1.1009      -0.7361      -1.8320      -1.0085
   5      0      -1.0959      -0.7763      -1.3231      -0.4673      -0.8034
                 -1.2486      -1.0989      -0.7371      -1.8303      -1.0092
   5     60      -1.0964      -0.7768      -1.3236      -0.4677      -0.8039
                 -1.2491      -1.0994      -0.7376      -1.8308      -1.0097
   5     80      -1.1001      -0.7806      -1.3273      -0.4714      -0.8076
                 -1.2528      -1.1032      -0.7415      -1.8347      -1.0135
   5    100      -1.1099      -0.7905      -1.3371      -0.4810      -0.8175
                 -1.2626      -1.1131      -0.7515      -1.8446      -1.0235
 
 group  inft   Estimated free energy: 3-th solvent contribution (kcal/mol)
   1      0      -2.3835      -3.3352      -2.6987      -3.3906      -3.3065
                 -2.9282      -2.7070      -2.8175      -2.4124      -2.9562
   1     60      -2.4136      -3.3653      -2.7285      -3.4204      -3.3364
                 -2.9581      -2.7370      -2.8476      -2.4424      -2.9862
   1     80      -2.6627      -3.6146      -2.9765      -3.6683      -3.5851
                 -3.2060      -2.9850      -3.0971      -2.6912      -3.2348
   1    100      -3.5416      -4.4964      -3.8535      -4.5458      -4.4649
                 -4.0834      -3.8611      -3.9779      -3.5712      -4.1125
   2      0      -2.3874      -3.3386      -2.7013      -3.3930      -3.3092
                 -2.9317      -2.7114      -2.8214      -2.4190      -2.9606
   3      0      -2.3870      -3.3391      -2.7002      -3.3948      -3.3083
                 -2.9298      -2.7101      -2.8209      -2.4179      -2.9599
   4      0      -2.3897      -3.3361      -2.7029      -3.3917      -3.3067
                 -2.9317      -2.7168      -2.8240      -2.4245      -2.9630
   5      0      -2.3864      -3.3331      -2.6985      -3.3874      -3.3039
                 -2.9303      -2.7130      -2.8119      -2.4169      -2.9576
   5     60      -2.4271      -3.3738      -2.7390      -3.4278      -3.3445
                 -2.9708      -2.7535      -2.8526      -2.4575      -2.9982
   5     80      -2.7369      -3.6841      -3.0475      -3.7364      -3.6538
                 -3.2793      -3.0620      -3.1629      -2.7671      -3.3074
   5    100      -3.5445      -4.4947      -3.8534      -4.5433      -4.4624
                 -4.0859      -3.8671      -3.9724      -3.5760      -4.1141
 
 
 cumulative average & 95% error for solvation free energy
              total             1st component         2nd component         3rd component
  1    -4.0599               -0.5741               -1.0987               -2.3870
  2    -4.0404     0.0391    -0.2366     0.6750    -0.9406     0.3162    -2.8631     0.9521
  3    -4.0145     0.0564    -0.1355     0.4390    -1.0701     0.3169    -2.8088     0.5603
  4    -3.9483     0.1383    -0.0735     0.3343    -0.9194     0.3756    -2.9553     0.4928
  5    -3.9059     0.1366     0.0169     0.3158    -0.8968     0.2944    -3.0259     0.4070
  6    -3.9291     0.1208     0.0367     0.2609    -0.9559     0.2679    -3.0099     0.3338
  7    -3.9318     0.1023     0.0116     0.2261    -0.9763     0.2301    -2.9671     0.2948
  8    -3.9158     0.0942    -0.0206     0.2061    -0.9464     0.2081    -2.9488     0.2579
  9    -3.9415     0.0977    -0.0068     0.1839    -1.0448     0.2692    -2.8898     0.2563
 10    -3.9319     0.0895     0.0065     0.1666    -1.0415     0.2408    -2.8968     0.2296
