 ERmod 0.3.7, Copyright (C) 2000-2019 Nobuyuki Matubayasi
                            2010-2019 Shun Sakuraba
 ERmod comes with ABSOLUTELY NO WARRANTY.
 This is free software, and you can redistribute it
 and/or modify it under certain conditions.
 See LICENSE file for details.
 ERmod 0.3.7, Copyright (C) 2000-2019 Nobuyuki Matubayasi
                            2010-2019 Shun Sakuraba
 ERmod comes with ABSOLUTELY NO WARRANTY.
 This is free software, and you can redistribute it
 and/or modify it under certain conditions.
 See LICENSE file for details.
 
  Number of the   1-th solvent  =          180
  Number of the   2-th solvent  =          180
  Number of the   3-th solvent  =        10000
 
  Be sure that the solvent distribution is homogeneous (radial distribution function is essentially unity) when the solvent molecule is separated beyond distance of   10.0 Angstrom in any direction from any atom within the solute molecule
 
  LJ long-range correction    =        -0.0077     -0.0072     -0.5222
 
  Self-energy of the solute   =        -0.0001  kcal/mol
 
 
 cumulative average & 95% error for solvation energy
              total             1st component         2nd component         3rd component
  1   -25.8880               -0.5611               -0.7476              -24.5792
  2   -26.1708     0.5655    -0.5738     0.0253    -1.7126     1.9300   -23.8843     1.3899
  3   -26.2857     0.3993    -1.0126     0.8778    -2.2967     1.6145   -22.9763     1.9854
  4   -26.1761     0.3575    -0.8946     0.6641    -1.8473     1.4529   -23.4341     1.6760
  5   -26.0643     0.3559    -0.8381     0.5267    -1.5501     1.2728   -23.6760     1.3855
  6   -26.0312     0.2981    -0.8581     0.4319    -1.4057     1.0786   -23.7673     1.1459
  7   -25.9973     0.2609    -0.7936     0.3871    -1.2855     0.9428   -23.9180     1.0143
  8   -25.9445     0.2494    -0.8605     0.3609    -1.1233     0.8786   -23.9606     0.8825
  9   -25.9404     0.2201    -1.0029     0.4271    -1.1239     0.7748   -23.8135     0.8321
 10   -25.9142     0.2037    -0.9421     0.4009    -1.0745     0.7000   -23.8975     0.7630
 
 
 group  inft  solvation free energy     error          difference
  total solvation free energy
   1      0         -3.59024           0.07268           0.00112
   1     60         -3.61188           0.07269          -0.02053
   1     80         -3.79673           0.07279          -0.20538
   1    100         -4.48365           0.07258          -0.89230
   2      0         -3.59277           0.07243          -0.00142
   3      0         -3.59135           0.07464           0.00000
   4      0         -3.59379           0.07588          -0.00243
   5      0         -3.59157           0.07491          -0.00022
   5     60         -3.62093           0.07493          -0.02958
   5     80         -3.85271           0.07503          -0.26135
   5    100         -4.48689           0.07473          -0.89553
 
  contribution from  1-th solvent component
   1      0         -0.16224           0.20597           0.00340
   1     60         -0.16246           0.20597           0.00318
   1     80         -0.16465           0.20604           0.00098
   1    100         -0.17402           0.20629          -0.00838
   2      0         -0.16616           0.20309          -0.00053
   3      0         -0.16564           0.20244           0.00000
   4      0         -0.16583           0.20178          -0.00020
   5      0         -0.16484           0.20169           0.00080
   5     60         -0.16514           0.20169           0.00049
   5     80         -0.16807           0.20173          -0.00244
   5    100         -0.17710           0.20184          -0.01147
 
  contribution from  2-th solvent component
   1      0         -0.62700           0.32598          -0.00702
   1     60         -0.62670           0.32598          -0.00672
   1     80         -0.62558           0.32606          -0.00559
   1    100         -0.62492           0.32640          -0.00494
   2      0         -0.62239           0.32749          -0.00240
   3      0         -0.61999           0.33030           0.00000
   4      0         -0.62297           0.32984          -0.00298
   5      0         -0.62057           0.33074          -0.00059
   5     60         -0.62023           0.33074          -0.00025
   5     80         -0.61929           0.33086           0.00070
   5    100         -0.61943           0.33122           0.00056
 
  contribution from  3-th solvent component
   1      0         -2.80088           0.40681           0.00474
   1     60         -2.82261           0.40682          -0.01699
   1     80         -3.00639           0.40698          -0.20077
   1    100         -3.68460           0.40864          -0.87898
   2      0         -2.80411           0.40676           0.00151
   3      0         -2.80562           0.40663           0.00000
   4      0         -2.80487           0.40556           0.00075
   5      0         -2.80606           0.40572          -0.00044
   5     60         -2.83544           0.40572          -0.02982
   5     80         -3.06523           0.40597          -0.25961
   5    100         -3.69025           0.40757          -0.88463
 
 
 group  inft   Estimated free energy: total (kcal/mol)
   1      0      -3.5466      -3.7842      -3.6360      -3.6337      -3.3947
                 -3.6206      -3.5691      -3.4853      -3.7242      -3.5079
   1     60      -3.5683      -3.8060      -3.6576      -3.6554      -3.4164
                 -3.6423      -3.5907      -3.5068      -3.7458      -3.5296
   1     80      -3.7537      -3.9918      -3.8415      -3.8406      -3.6016
                 -3.8272      -3.7751      -3.6908      -3.9306      -3.7144
   1    100      -4.4429      -4.6797      -4.5216      -4.5298      -4.2895
                 -4.5144      -4.4625      -4.3767      -4.6168      -4.4026
   2      0      -3.5543      -3.7852      -3.6418      -3.6370      -3.4008
                 -3.6351      -3.5608      -3.4782      -3.7202      -3.5143
   3      0      -3.5503      -3.7921      -3.6428      -3.6348      -3.3973
                 -3.6324      -3.5547      -3.4715      -3.7244      -3.5133
   4      0      -3.5537      -3.7945      -3.6498      -3.6324      -3.3964
                 -3.6462      -3.5531      -3.4713      -3.7280      -3.5125
   5      0      -3.5499      -3.7926      -3.6456      -3.6302      -3.3976
                 -3.6331      -3.5504      -3.4700      -3.7277      -3.5185
   5     60      -3.5794      -3.8221      -3.6749      -3.6596      -3.4270
                 -3.6625      -3.5797      -3.4992      -3.7571      -3.5478
   5     80      -3.8118      -4.0547      -3.9054      -3.8921      -3.6592
                 -3.8944      -3.8111      -3.7300      -3.9888      -3.7795
   5    100      -4.4484      -4.6892      -4.5332      -4.5287      -4.2945
                 -4.5290      -4.4462      -4.3630      -4.6223      -4.4145
 
 group  inft   Estimated free energy: 1-th solvent contribution (kcal/mol)
   1      0       0.0602       0.0055      -0.6438       0.0404      -0.0196
                 -0.1960       0.1382      -0.3273      -0.7882       0.1081
   1     60       0.0600       0.0053      -0.6440       0.0402      -0.0198
                 -0.1963       0.1380      -0.3275      -0.7884       0.1079
   1     80       0.0580       0.0033      -0.6463       0.0380      -0.0218
                 -0.1986       0.1358      -0.3297      -0.7909       0.1056
   1    100       0.0497      -0.0051      -0.6563       0.0286      -0.0312
                 -0.2084       0.1268      -0.3390      -0.8010       0.0958
   2      0       0.0465      -0.0026      -0.6432       0.0339      -0.0326
                 -0.2043       0.1416      -0.3270      -0.7787       0.1047
   3      0       0.0473      -0.0020      -0.6366       0.0345      -0.0368
                 -0.2043       0.1432      -0.3257      -0.7794       0.1033
   4      0       0.0389      -0.0024      -0.6406       0.0341      -0.0372
                 -0.2121       0.1450      -0.3144      -0.7750       0.1054
   5      0       0.0419      -0.0012      -0.6336       0.0372      -0.0400
                 -0.2071       0.1446      -0.3198      -0.7768       0.1064
   5     60       0.0416      -0.0014      -0.6339       0.0369      -0.0402
                 -0.2074       0.1443      -0.3201      -0.7772       0.1060
   5     80       0.0389      -0.0041      -0.6368       0.0339      -0.0431
                 -0.2106       0.1413      -0.3230      -0.7803       0.1030
   5    100       0.0306      -0.0121      -0.6461       0.0247      -0.0524
                 -0.2201       0.1325      -0.3319      -0.7896       0.0935
 
 group  inft   Estimated free energy: 2-th solvent contribution (kcal/mol)
   1      0      -0.4554      -1.4475      -1.6556      -0.4050      -0.1952
                 -0.4441      -0.3965      -0.1356      -0.7396      -0.3954
   1     60      -0.4551      -1.4473      -1.6553      -0.4047      -0.1950
                 -0.4438      -0.3963      -0.1352      -0.7394      -0.3951
   1     80      -0.4541      -1.4466      -1.6540      -0.4039      -0.1940
                 -0.4422      -0.3953      -0.1335      -0.7387      -0.3935
   1    100      -0.4542      -1.4484      -1.6527      -0.4039      -0.1932
                 -0.4399      -0.3955      -0.1312      -0.7391      -0.3911
   2      0      -0.4464      -1.4402      -1.6582      -0.3983      -0.1846
                 -0.4461      -0.3890      -0.1249      -0.7405      -0.3956
   3      0      -0.4441      -1.4447      -1.6626      -0.3963      -0.1765
                 -0.4428      -0.3794      -0.1176      -0.7452      -0.3908
   4      0      -0.4406      -1.4502      -1.6633      -0.3970      -0.1773
                 -0.4454      -0.3822      -0.1327      -0.7481      -0.3929
   5      0      -0.4388      -1.4457      -1.6651      -0.3984      -0.1731
                 -0.4394      -0.3793      -0.1217      -0.7482      -0.3959
   5     60      -0.4384      -1.4454      -1.6648      -0.3981      -0.1728
                 -0.4391      -0.3789      -0.1213      -0.7479      -0.3955
   5     80      -0.4377      -1.4450      -1.6638      -0.3975      -0.1721
                 -0.4376      -0.3782      -0.1196      -0.7476      -0.3939
   5    100      -0.4385      -1.4473      -1.6636      -0.3981      -0.1722
                 -0.4362      -0.3791      -0.1181      -0.7489      -0.3923
 
 group  inft   Estimated free energy: 3-th solvent contribution (kcal/mol)
   1      0      -3.1514      -2.3420      -1.3364      -3.2690      -3.1798
                 -2.9804      -3.3107      -3.0223      -2.1963      -3.2205
   1     60      -3.1732      -2.3639      -1.3581      -3.2908      -3.2016
                 -3.0022      -3.3323      -3.0440      -2.2179      -3.2423
   1     80      -3.3575      -2.5483      -1.5411      -3.4746      -3.3857
                 -3.1863      -3.5155      -3.2275      -2.4010      -3.4265
   1    100      -4.0383      -3.2261      -2.2125      -4.1545      -4.0649
                 -3.8660      -4.1936      -3.9063      -3.0766      -4.1072
   2      0      -3.1543      -2.3423      -1.3402      -3.2725      -3.1834
                 -2.9846      -3.3133      -3.0262      -2.2010      -3.2233
   3      0      -3.1534      -2.3453      -1.3435      -3.2729      -3.1839
                 -2.9853      -3.3184      -3.0281      -2.1997      -3.2258
   4      0      -3.1519      -2.3419      -1.3458      -3.2694      -3.1817
                 -2.9885      -3.3158      -3.0241      -2.2048      -3.2249
   5      0      -3.1529      -2.3455      -1.3468      -3.2689      -3.1844
                 -2.9865      -3.3156      -3.0284      -2.2026      -3.2288
   5     60      -3.1824      -2.3751      -1.3762      -3.2983      -3.2138
                 -3.0159      -3.3449      -3.0577      -2.2319      -3.2582
   5     80      -3.4129      -2.6055      -1.6048      -3.5283      -3.4439
                 -3.2461      -3.5741      -3.2873      -2.4608      -3.4885
   5    100      -4.0404      -3.2296      -2.2235      -4.1551      -4.0698
                 -3.8726      -4.1994      -3.9128      -3.0836      -4.1157
 
 
 cumulative average & 95% error for solvation free energy
              total             1st component         2nd component         3rd component
  1    -3.5503                0.0473               -0.4441               -3.1534
  2    -3.6712     0.2418     0.0227     0.0493    -0.9444     1.0006    -2.7494     0.8081
  3    -3.6617     0.1409    -0.1971     0.4404    -1.1838     0.7503    -2.2807     1.0469
  4    -3.6550     0.1005    -0.1392     0.3322    -0.9869     0.6607    -2.5288     0.8911
  5    -3.6034     0.1292    -0.1187     0.2606    -0.8248     0.6058    -2.6598     0.7383
  6    -3.6083     0.1059    -0.1330     0.2147    -0.7611     0.5108    -2.7140     0.6125
  7    -3.6006     0.0908    -0.0935     0.1978    -0.7066     0.4452    -2.8004     0.5457
  8    -3.5845     0.0850    -0.1225     0.1809    -0.6330     0.4128    -2.8288     0.4760
  9    -3.6000     0.0812    -0.1955     0.2162    -0.6455     0.3649    -2.7589     0.4425
 10    -3.5914     0.0746    -0.1656     0.2024    -0.6200     0.3303    -2.8056     0.4066
