 ERmod 0.3.7, Copyright (C) 2000-2019 Nobuyuki Matubayasi
                            2010-2019 Shun Sakuraba
 ERmod comes with ABSOLUTELY NO WARRANTY.
 This is free software, and you can redistribute it
 and/or modify it under certain conditions.
 See LICENSE file for details.
 ERmod 0.3.7, Copyright (C) 2000-2019 Nobuyuki Matubayasi
                            2010-2019 Shun Sakuraba
 ERmod comes with ABSOLUTELY NO WARRANTY.
 This is free software, and you can redistribute it
 and/or modify it under certain conditions.
 See LICENSE file for details.
 
  Number of the   1-th solvent  =          180
  Number of the   2-th solvent  =          180
  Number of the   3-th solvent  =        10000
 
  Be sure that the solvent distribution is homogeneous (radial distribution function is essentially unity) when the solvent molecule is separated beyond distance of   10.0 Angstrom in any direction from any atom within the solute molecule
 
  LJ long-range correction    =        -0.0008     -0.0034     -0.2484
 
  Self-energy of the solute   =         0.0000  kcal/mol
 
 
 cumulative average & 95% error for solvation energy
              total             1st component         2nd component         3rd component
  1    -6.7981                0.1356               -0.1719               -6.7618
  2    -6.8056     0.0150     0.1326     0.0059    -0.1754     0.0069    -6.7629     0.0022
  3    -6.8092     0.0112     0.1306     0.0053    -0.1747     0.0042    -6.7651     0.0046
  4    -6.7942     0.0311     0.1307     0.0037    -0.1717     0.0068    -6.7532     0.0239
  5    -6.7945     0.0241     0.1314     0.0031    -0.1735     0.0064    -6.7524     0.0186
  6    -6.7916     0.0205     0.1314     0.0026    -0.1717     0.0063    -6.7513     0.0153
  7    -6.7820     0.0258     0.1321     0.0026    -0.1703     0.0061    -6.7439     0.0197
  8    -6.7846     0.0229     0.1318     0.0023    -0.1709     0.0054    -6.7456     0.0174
  9    -6.7818     0.0210     0.1321     0.0021    -0.1697     0.0053    -6.7442     0.0156
 10    -6.7796     0.0193     0.1323     0.0019    -0.1693     0.0048    -6.7427     0.0143
 
 
 group  inft  solvation free energy     error          difference
  total solvation free energy
   1      0          2.98293           0.01404          -0.00147
   1     60          2.96934           0.01408          -0.01506
   1     80          2.87059           0.01451          -0.11381
   1    100          2.54635           0.01624          -0.43805
   2      0          2.97732           0.01393          -0.00708
   3      0          2.98440           0.01391           0.00000
   4      0          2.99193           0.01351           0.00753
   5      0          3.04744           0.01330           0.06304
   5     60          3.02909           0.01335           0.04470
   5     80          2.90762           0.01388          -0.07677
   5    100          2.60717           0.01550          -0.37723
 
  contribution from  1-th solvent component
   1      0          0.13604           0.00976           0.00542
   1     60          0.13644           0.00976           0.00582
   1     80          0.13951           0.00981           0.00889
   1    100          0.14690           0.01001           0.01628
   2      0          0.13232           0.00938           0.00170
   3      0          0.13062           0.00915          -0.00000
   4      0          0.12906           0.00894          -0.00156
   5      0          0.13064           0.00890           0.00002
   5     60          0.13116           0.00890           0.00054
   5     80          0.13452           0.00895           0.00390
   5    100          0.14077           0.00916           0.01015
 
  contribution from  2-th solvent component
   1      0         -0.10217           0.01204           0.00341
   1     60         -0.10172           0.01207           0.00386
   1     80         -0.09976           0.01235           0.00581
   1    100         -0.09598           0.01352           0.00959
   2      0         -0.10478           0.01141           0.00079
   3      0         -0.10558           0.01096           0.00000
   4      0         -0.10573           0.01083          -0.00016
   5      0         -0.10659           0.01027          -0.00101
   5     60         -0.10598           0.01031          -0.00041
   5     80         -0.10368           0.01068           0.00190
   5    100         -0.10030           0.01179           0.00528
 
  contribution from  3-th solvent component
   1      0          2.94905           0.00849          -0.01029
   1     60          2.93461           0.00851          -0.02474
   1     80          2.83083           0.00870          -0.12851
   1    100          2.49542           0.00944          -0.46393
   2      0          2.94976           0.00852          -0.00958
   3      0          2.95934           0.00892           0.00000
   4      0          2.96860           0.00883           0.00925
   5      0          3.02338           0.00818           0.06403
   5     60          3.00391           0.00821           0.04456
   5     80          2.87677           0.00843          -0.08258
   5    100          2.56669           0.00910          -0.39266
 
 
 group  inft   Estimated free energy: total (kcal/mol)
   1      0       2.9687       2.9561       2.9638       3.0118       2.9825
                  2.9826       3.0145       2.9660       3.0126       2.9707
   1     60       2.9551       2.9424       2.9503       2.9983       2.9688
                  2.9690       3.0010       2.9524       2.9991       2.9571
   1     80       2.8559       2.8429       2.8511       2.9005       2.8692
                  2.8707       2.9032       2.8529       2.9014       2.8582
   1    100       2.5303       2.5152       2.5250       2.5803       2.5415
                  2.5479       2.5825       2.5265       2.5810       2.5333
   2      0       2.9630       2.9509       2.9578       3.0061       2.9772
                  2.9769       3.0091       2.9619       3.0062       2.9641
   3      0       2.9697       2.9581       2.9668       3.0139       2.9854
                  2.9837       3.0169       2.9692       3.0116       2.9689
   4      0       2.9764       2.9687       2.9740       3.0220       2.9930
                  2.9915       3.0221       2.9758       3.0186       2.9772
   5      0       3.0342       3.0240       3.0306       3.0761       3.0490
                  3.0432       3.0791       3.0353       3.0733       3.0297
   5     60       3.0157       3.0055       3.0123       3.0578       3.0305
                  3.0249       3.0608       3.0168       3.0551       3.0113
   5     80       2.8937       2.8830       2.8903       2.9376       2.9079
                  2.9040       2.9405       2.8944       2.9349       2.8897
   5    100       2.5919       2.5791       2.5880       2.6410       2.6043
                  2.6049       2.6437       2.5921       2.6381       2.5886
 
 group  inft   Estimated free energy: 1-th solvent contribution (kcal/mol)
   1      0       0.1523       0.1397       0.1317       0.1263       0.1619
                  0.1163       0.1542       0.1321       0.1238       0.1220
   1     60       0.1527       0.1402       0.1321       0.1267       0.1623
                  0.1167       0.1546       0.1325       0.1242       0.1224
   1     80       0.1560       0.1432       0.1349       0.1296       0.1654
                  0.1197       0.1578       0.1355       0.1274       0.1256
   1    100       0.1642       0.1502       0.1415       0.1365       0.1735
                  0.1268       0.1657       0.1424       0.1350       0.1334
   2      0       0.1471       0.1359       0.1287       0.1241       0.1576
                  0.1136       0.1497       0.1288       0.1205       0.1174
   3      0       0.1448       0.1342       0.1281       0.1231       0.1556
                  0.1122       0.1464       0.1285       0.1180       0.1153
   4      0       0.1425       0.1331       0.1284       0.1219       0.1537
                  0.1100       0.1434       0.1267       0.1164       0.1145
   5      0       0.1444       0.1336       0.1285       0.1230       0.1552
                  0.1126       0.1460       0.1279       0.1196       0.1156
   5     60       0.1449       0.1341       0.1290       0.1235       0.1557
                  0.1131       0.1465       0.1284       0.1201       0.1161
   5     80       0.1486       0.1375       0.1321       0.1267       0.1592
                  0.1164       0.1500       0.1316       0.1235       0.1197
   5    100       0.1556       0.1432       0.1374       0.1324       0.1661
                  0.1224       0.1569       0.1373       0.1301       0.1262
 
 group  inft   Estimated free energy: 2-th solvent contribution (kcal/mol)
   1      0      -0.1105      -0.1168      -0.1172      -0.0809      -0.1305
                 -0.0848      -0.1083      -0.1038      -0.0682      -0.1007
   1     60      -0.1101      -0.1164      -0.1167      -0.0804      -0.1301
                 -0.0843      -0.1078      -0.1034      -0.0677      -0.1003
   1     80      -0.1083      -0.1148      -0.1151      -0.0777      -0.1290
                 -0.0820      -0.1053      -0.1017      -0.0651      -0.0986
   1    100      -0.1051      -0.1123      -0.1129      -0.0709      -0.1288
                 -0.0766      -0.0999      -0.0984      -0.0588      -0.0961
   2      0      -0.1121      -0.1180      -0.1198      -0.0844      -0.1317
                 -0.0882      -0.1107      -0.1065      -0.0728      -0.1036
   3      0      -0.1127      -0.1184      -0.1195      -0.0854      -0.1318
                 -0.0900      -0.1113      -0.1069      -0.0752      -0.1047
   4      0      -0.1126      -0.1181      -0.1189      -0.0853      -0.1318
                 -0.0906      -0.1119      -0.1072      -0.0758      -0.1051
   5      0      -0.1142      -0.1182      -0.1182      -0.0858      -0.1315
                 -0.0946      -0.1125      -0.1068      -0.0780      -0.1062
   5     60      -0.1136      -0.1177      -0.1176      -0.0851      -0.1310
                 -0.0940      -0.1118      -0.1063      -0.0773      -0.1056
   5     80      -0.1115      -0.1158      -0.1157      -0.0818      -0.1298
                 -0.0912      -0.1088      -0.1042      -0.0742      -0.1037
   5    100      -0.1088      -0.1136      -0.1137      -0.0755      -0.1298
                 -0.0864      -0.1038      -0.1014      -0.0685      -0.1015
 
 group  inft   Estimated free energy: 3-th solvent contribution (kcal/mol)
   1      0       2.9270       2.9331       2.9493       2.9664       2.9511
                  2.9511       2.9685       2.9377       2.9569       2.9493
   1     60       2.9125       2.9186       2.9349       2.9520       2.9366
                  2.9367       2.9541       2.9233       2.9425       2.9349
   1     80       2.8083       2.8144       2.8313       2.8486       2.8327
                  2.8331       2.8507       2.8190       2.8391       2.8312
   1    100       2.4711       2.4773       2.4964       2.5147       2.4969
                  2.4977       2.5167       2.4825       2.5048       2.4960
   2      0       2.9280       2.9331       2.9489       2.9665       2.9513
                  2.9515       2.9700       2.9396       2.9585       2.9503
   3      0       2.9375       2.9423       2.9582       2.9761       2.9616
                  2.9614       2.9817       2.9476       2.9688       2.9582
   4      0       2.9465       2.9537       2.9645       2.9854       2.9712
                  2.9720       2.9906       2.9562       2.9780       2.9677
   5      0       3.0039       3.0086       3.0203       3.0388       3.0252
                  3.0252       3.0455       3.0142       3.0317       3.0203
   5     60       2.9844       2.9890       3.0009       3.0194       3.0057
                  3.0058       3.0261       2.9947       3.0123       3.0008
   5     80       2.8567       2.8613       2.8740       2.8927       2.8785
                  2.8788       2.8993       2.8670       2.8855       2.8737
   5    100       2.5451       2.5495       2.5643       2.5841       2.5680
                  2.5689       2.5905       2.5561       2.5765       2.5638
 
 
 cumulative average & 95% error for solvation free energy
              total             1st component         2nd component         3rd component
  1     2.9697                0.1448               -0.1127                2.9375
  2     2.9639     0.0116     0.1395     0.0106    -0.1155     0.0058     2.9399     0.0048
  3     2.9648     0.0070     0.1357     0.0097    -0.1168     0.0042     2.9460     0.0125
  4     2.9771     0.0250     0.1325     0.0093    -0.1090     0.0160     2.9535     0.0175
  5     2.9788     0.0197     0.1371     0.0117    -0.1135     0.0154     2.9552     0.0139
  6     2.9796     0.0161     0.1330     0.0127    -0.1096     0.0148     2.9562     0.0116
  7     2.9849     0.0173     0.1349     0.0114    -0.1099     0.0125     2.9598     0.0122
  8     2.9829     0.0155     0.1341     0.0100    -0.1095     0.0109     2.9583     0.0110
  9     2.9861     0.0151     0.1323     0.0095    -0.1057     0.0123     2.9595     0.0100
 10     2.9844     0.0139     0.1306     0.0092    -0.1056     0.0110     2.9593     0.0089
