 ERmod 0.3.7, Copyright (C) 2000-2019 Nobuyuki Matubayasi
                            2010-2019 Shun Sakuraba
 ERmod comes with ABSOLUTELY NO WARRANTY.
 This is free software, and you can redistribute it
 and/or modify it under certain conditions.
 See LICENSE file for details.
 ERmod 0.3.7, Copyright (C) 2000-2019 Nobuyuki Matubayasi
                            2010-2019 Shun Sakuraba
 ERmod comes with ABSOLUTELY NO WARRANTY.
 This is free software, and you can redistribute it
 and/or modify it under certain conditions.
 See LICENSE file for details.
 
  Number of the   1-th solvent  =           90
  Number of the   2-th solvent  =           90
  Number of the   3-th solvent  =        10000
 
  Be sure that the solvent distribution is homogeneous (radial distribution function is essentially unity) when the solvent molecule is separated beyond distance of   10.0 Angstrom in any direction from any atom within the solute molecule
 
  LJ long-range correction    =        -0.0014     -0.0048     -0.1939
 
  Self-energy of the solute   =        -0.0001  kcal/mol
 
 
 cumulative average & 95% error for solvation energy
              total             1st component         2nd component         3rd component
  1   -18.1266               -0.6236               -0.8826              -16.6204
  2   -18.1216     0.0101    -0.6395     0.0319    -0.5837     0.5977   -16.8983     0.5558
  3   -18.1461     0.0494    -0.6441     0.0206    -0.8751     0.6773   -16.6268     0.6306
  4   -18.1459     0.0349    -0.6444     0.0146    -0.9030     0.4821   -16.5985     0.4495
  5   -18.1548     0.0323    -0.6728     0.0579    -0.8113     0.4161   -16.6707     0.3769
  6   -18.1522     0.0269    -0.6852     0.0534    -0.7803     0.3453   -16.6866     0.3094
  7   -18.1542     0.0231    -0.6398     0.1014    -0.7739     0.2921   -16.7403     0.2827
  8   -18.1643     0.0285    -0.7017     0.1518    -0.7742     0.2530   -16.6883     0.2660
  9   -18.1683     0.0264    -0.6768     0.1428    -0.8390     0.2580   -16.6525     0.2453
 10   -18.1604     0.0284    -0.7212     0.1556    -0.7875     0.2527   -16.6517     0.2194
 
 
 group  inft  solvation free energy     error          difference
  total solvation free energy
   1      0         -4.58104           0.02797           0.00003
   1     60         -4.60827           0.02796          -0.02720
   1     80         -4.75554           0.02800          -0.17447
   1    100         -5.14886           0.02820          -0.56779
   2      0         -4.58122           0.02385          -0.00016
   3      0         -4.58107           0.02280           0.00000
   4      0         -4.57244           0.02307           0.00863
   5      0         -4.57872           0.02197           0.00234
   5     60         -4.61418           0.02196          -0.03312
   5     80         -4.78965           0.02196          -0.20858
   5    100         -5.14750           0.02205          -0.56643
 
  contribution from  1-th solvent component
   1      0         -0.29516           0.08096           0.00235
   1     60         -0.29525           0.08097           0.00227
   1     80         -0.29580           0.08105           0.00171
   1    100         -0.29753           0.08124          -0.00002
   2      0         -0.29753           0.07720          -0.00002
   3      0         -0.29751           0.07578           0.00000
   4      0         -0.29685           0.07561           0.00066
   5      0         -0.29694           0.07507           0.00057
   5     60         -0.29709           0.07508           0.00043
   5     80         -0.29791           0.07512          -0.00040
   5    100         -0.29982           0.07521          -0.00230
 
  contribution from  2-th solvent component
   1      0         -0.41864           0.12088          -0.00450
   1     60         -0.41888           0.12089          -0.00474
   1     80         -0.42019           0.12096          -0.00605
   1    100         -0.42382           0.12112          -0.00967
   2      0         -0.41608           0.11690          -0.00194
   3      0         -0.41414           0.11606           0.00000
   4      0         -0.41246           0.11543           0.00168
   5      0         -0.41163           0.11469           0.00252
   5     60         -0.41196           0.11470           0.00218
   5     80         -0.41365           0.11474           0.00049
   5    100         -0.41717           0.11482          -0.00302
 
  contribution from  3-th solvent component
   1      0         -3.86714           0.10036           0.00218
   1     60         -3.89405           0.10038          -0.02473
   1     80         -4.03946           0.10048          -0.17014
   1    100         -4.42742           0.10064          -0.55810
   2      0         -3.86752           0.10022           0.00180
   3      0         -3.86932           0.10080           0.00000
   4      0         -3.86302           0.09986           0.00630
   5      0         -3.87006           0.09998          -0.00074
   5     60         -3.90504           0.10001          -0.03572
   5     80         -4.07798           0.10011          -0.20866
   5    100         -4.43043           0.10025          -0.56111
 
 
 group  inft   Estimated free energy: total (kcal/mol)
   1      0      -4.5617      -4.5336      -4.6493      -4.5842      -4.5489
                 -4.5868      -4.5640      -4.6690      -4.5563      -4.5566
   1     60      -4.5890      -4.5607      -4.6765      -4.6114      -4.5762
                 -4.6141      -4.5913      -4.6962      -4.5835      -4.5838
   1     80      -4.7361      -4.7079      -4.8237      -4.7586      -4.7237
                 -4.7619      -4.7387      -4.8436      -4.7305      -4.7308
   1    100      -5.1288      -5.1013      -5.2167      -5.1520      -5.1169
                 -5.1562      -5.1319      -5.2380      -5.1228      -5.1239
   2      0      -4.5651      -4.5480      -4.6447      -4.5810      -4.5516
                 -4.5780      -4.5727      -4.6546      -4.5613      -4.5554
   3      0      -4.5612      -4.5571      -4.6442      -4.5783      -4.5549
                 -4.5733      -4.5746      -4.6507      -4.5632      -4.5531
   4      0      -4.5600      -4.5470      -4.6379      -4.5630      -4.5439
                 -4.5639      -4.5668      -4.6418      -4.5554      -4.5446
   5      0      -4.5622      -4.5588      -4.6456      -4.5759      -4.5566
                 -4.5713      -4.5654      -4.6410      -4.5562      -4.5542
   5     60      -4.5976      -4.5943      -4.6810      -4.6113      -4.5922
                 -4.6069      -4.6009      -4.6764      -4.5916      -4.5896
   5     80      -4.7729      -4.7698      -4.8563      -4.7867      -4.7679
                 -4.7827      -4.7766      -4.8520      -4.7668      -4.7647
   5    100      -5.1304      -5.1279      -5.2138      -5.1445      -5.1258
                 -5.1413      -5.1344      -5.2107      -5.1240      -5.1223
 
 group  inft   Estimated free energy: 1-th solvent contribution (kcal/mol)
   1      0      -0.2434      -0.2490      -0.2971      -0.2613      -0.3097
                 -0.3374      -0.1039      -0.4967      -0.1528      -0.5003
   1     60      -0.2435      -0.2491      -0.2972      -0.2614      -0.3098
                 -0.3375      -0.1040      -0.4968      -0.1529      -0.5004
   1     80      -0.2439      -0.2495      -0.2977      -0.2619      -0.3105
                 -0.3382      -0.1045      -0.4975      -0.1531      -0.5011
   1    100      -0.2453      -0.2509      -0.2993      -0.2637      -0.3125
                 -0.3404      -0.1061      -0.4997      -0.1541      -0.5032
   2      0      -0.2478      -0.2529      -0.3046      -0.2647      -0.3071
                 -0.3319      -0.1135      -0.4887      -0.1670      -0.4970
   3      0      -0.2499      -0.2583      -0.3076      -0.2619      -0.3030
                 -0.3282      -0.1160      -0.4844      -0.1706      -0.4952
   4      0      -0.2501      -0.2577      -0.3071      -0.2556      -0.2977
                 -0.3275      -0.1181      -0.4883      -0.1738      -0.4928
   5      0      -0.2499      -0.2588      -0.3073      -0.2595      -0.3028
                 -0.3276      -0.1162      -0.4803      -0.1728      -0.4942
   5     60      -0.2500      -0.2589      -0.3074      -0.2596      -0.3030
                 -0.3278      -0.1164      -0.4805      -0.1729      -0.4944
   5     80      -0.2507      -0.2596      -0.3082      -0.2605      -0.3039
                 -0.3287      -0.1172      -0.4815      -0.1735      -0.4953
   5    100      -0.2524      -0.2613      -0.3100      -0.2625      -0.3060
                 -0.3309      -0.1192      -0.4836      -0.1749      -0.4974
 
 group  inft   Estimated free energy: 2-th solvent contribution (kcal/mol)
   1      0      -0.4622      -0.1629      -0.7453      -0.5266      -0.2440
                 -0.3508      -0.3980      -0.4411      -0.6590      -0.1966
   1     60      -0.4624      -0.1631      -0.7455      -0.5269      -0.2442
                 -0.3511      -0.3982      -0.4413      -0.6593      -0.1968
   1     80      -0.4637      -0.1642      -0.7470      -0.5284      -0.2453
                 -0.3524      -0.3996      -0.4427      -0.6607      -0.1980
   1    100      -0.4674      -0.1675      -0.7509      -0.5323      -0.2483
                 -0.3561      -0.4032      -0.4465      -0.6645      -0.2014
   2      0      -0.4596      -0.1739      -0.7331      -0.5207      -0.2498
                 -0.3465      -0.3969      -0.4336      -0.6494      -0.1973
   3      0      -0.4534      -0.1736      -0.7297      -0.5196      -0.2532
                 -0.3422      -0.3955      -0.4327      -0.6457      -0.1960
   4      0      -0.4533      -0.1741      -0.7294      -0.5165      -0.2557
                 -0.3399      -0.3947      -0.4256      -0.6410      -0.1946
   5      0      -0.4499      -0.1759      -0.7277      -0.5173      -0.2587
                 -0.3411      -0.3862      -0.4258      -0.6389      -0.1949
   5     60      -0.4502      -0.1762      -0.7280      -0.5177      -0.2590
                 -0.3414      -0.3866      -0.4261      -0.6392      -0.1952
   5     80      -0.4519      -0.1778      -0.7298      -0.5194      -0.2605
                 -0.3431      -0.3883      -0.4279      -0.6410      -0.1968
   5    100      -0.4555      -0.1811      -0.7335      -0.5231      -0.2637
                 -0.3467      -0.3919      -0.4315      -0.6446      -0.2002
 
 group  inft   Estimated free energy: 3-th solvent contribution (kcal/mol)
   1      0      -3.8561      -4.1215      -3.6068      -3.7962      -3.9951
                 -3.8985      -4.0621      -3.7312      -3.7444      -3.8597
   1     60      -3.8830      -4.1484      -3.6336      -3.8230      -4.0221
                 -3.9254      -4.0891      -3.7580      -3.7713      -3.8865
   1     80      -4.0284      -4.2940      -3.7789      -3.9682      -4.1678
                 -4.0711      -4.2346      -3.9033      -3.9166      -4.0317
   1    100      -4.4159      -4.6828      -4.1664      -4.3559      -4.5560
                 -4.4595      -4.6225      -4.2917      -4.3041      -4.4192
   2      0      -3.8576      -4.1211      -3.6069      -3.7954      -3.9946
                 -3.8994      -4.0622      -3.7321      -3.7448      -3.8610
   3      0      -3.8578      -4.1251      -3.6069      -3.7968      -3.9987
                 -3.9028      -4.0630      -3.7335      -3.7468      -3.8618
   4      0      -3.8565      -4.1151      -3.6013      -3.7909      -3.9905
                 -3.8963      -4.0539      -3.7279      -3.7406      -3.8571
   5      0      -3.8623      -4.1241      -3.6106      -3.7990      -3.9950
                 -3.9025      -4.0629      -3.7348      -3.7445      -3.8650
   5     60      -3.8973      -4.1591      -3.6455      -3.8339      -4.0301
                 -3.9376      -4.0979      -3.7697      -3.7794      -3.8999
   5     80      -4.0702      -4.3323      -3.8182      -4.0067      -4.2034
                 -4.1108      -4.2709      -3.9426      -3.9523      -4.0725
   5    100      -4.4224      -4.6854      -4.1702      -4.3589      -4.5560
                 -4.4636      -4.6232      -4.2955      -4.3044      -4.4246
 
 
 cumulative average & 95% error for solvation free energy
              total             1st component         2nd component         3rd component
  1    -4.5612               -0.2499               -0.4534               -3.8578
  2    -4.5592     0.0042    -0.2541     0.0083    -0.3135     0.2798    -3.9915     0.2673
  3    -4.5875     0.0568    -0.2719     0.0360    -0.4522     0.3211    -3.8633     0.2993
  4    -4.5852     0.0404    -0.2694     0.0259    -0.4690     0.2295    -3.8467     0.2142
  5    -4.5792     0.0335    -0.2761     0.0241    -0.4259     0.1976    -3.8771     0.1767
  6    -4.5782     0.0275    -0.2848     0.0263    -0.4119     0.1638    -3.8814     0.1446
  7    -4.5777     0.0232    -0.2607     0.0531    -0.4096     0.1385    -3.9073     0.1327
  8    -4.5868     0.0272    -0.2887     0.0724    -0.4125     0.1201    -3.8856     0.1229
  9    -4.5842     0.0245    -0.2755     0.0690    -0.4384     0.1179    -3.8702     0.1127
 10    -4.5811     0.0228    -0.2975     0.0758    -0.4141     0.1161    -3.8693     0.1008
