 ERmod 0.3.7, Copyright (C) 2000-2019 Nobuyuki Matubayasi
                            2010-2019 Shun Sakuraba
 ERmod comes with ABSOLUTELY NO WARRANTY.
 This is free software, and you can redistribute it
 and/or modify it under certain conditions.
 See LICENSE file for details.
 ERmod 0.3.7, Copyright (C) 2000-2019 Nobuyuki Matubayasi
                            2010-2019 Shun Sakuraba
 ERmod comes with ABSOLUTELY NO WARRANTY.
 This is free software, and you can redistribute it
 and/or modify it under certain conditions.
 See LICENSE file for details.
 
  Number of the   1-th solvent  =          180
  Number of the   2-th solvent  =          180
  Number of the   3-th solvent  =        10000
 
  Be sure that the solvent distribution is homogeneous (radial distribution function is essentially unity) when the solvent molecule is separated beyond distance of   10.0 Angstrom in any direction from any atom within the solute molecule
 
  LJ long-range correction    =        -0.0010     -0.0151     -0.3018
 
  Self-energy of the solute   =        -0.0001  kcal/mol
 
 
 cumulative average & 95% error for solvation energy
              total             1st component         2nd component         3rd component
  1   -21.3708               -1.6161               -1.1599              -18.5948
  2   -21.3654     0.0107    -1.0288     1.1747    -1.3087     0.2977   -19.0279     0.8662
  3   -21.3293     0.0726    -0.8845     0.7370    -1.2530     0.2048   -19.1917     0.5979
  4   -21.3820     0.1173    -0.8852     0.5211    -1.2379     0.1479   -19.2587     0.4435
  5   -21.3603     0.1006    -0.7625     0.4724    -1.2233     0.1183   -19.3744     0.4142
  6   -21.3569     0.0825    -0.6852     0.4155    -1.2075     0.1016   -19.4641     0.3828
  7   -21.3653     0.0717    -0.6853     0.3512    -1.2468     0.1165   -19.4330     0.3294
  8   -21.3583     0.0636    -0.7163     0.3104    -1.1891     0.1533   -19.4528     0.2880
  9   -21.3664     0.0584    -0.7231     0.2741    -1.2219     0.1503   -19.4213     0.2617
 10   -21.3604     0.0537    -0.7045     0.2479    -1.1790     0.1594   -19.4767     0.2590
 
 
 group  inft  solvation free energy     error          difference
  total solvation free energy
   1      0         -4.44187           0.03655           0.00974
   1     60         -4.46743           0.03659          -0.01582
   1     80         -4.63347           0.03678          -0.18186
   1    100         -5.11227           0.03716          -0.66067
   2      0         -4.44710           0.03688           0.00450
   3      0         -4.45161           0.03829           0.00000
   4      0         -4.45269           0.03818          -0.00108
   5      0         -4.45627           0.03610          -0.00466
   5     60         -4.49033           0.03616          -0.03873
   5     80         -4.69081           0.03639          -0.23920
   5    100         -5.12862           0.03670          -0.67702
 
  contribution from  1-th solvent component
   1      0         -0.16109           0.13205           0.01021
   1     60         -0.16054           0.13206           0.01075
   1     80         -0.15728           0.13218           0.01402
   1    100         -0.14935           0.13247           0.02194
   2      0         -0.16800           0.13330           0.00329
   3      0         -0.17130           0.13456           0.00000
   4      0         -0.17505           0.13411          -0.00375
   5      0         -0.17528           0.13338          -0.00398
   5     60         -0.17463           0.13341          -0.00334
   5     80         -0.17114           0.13359           0.00016
   5    100         -0.16491           0.13396           0.00639
 
  contribution from  2-th solvent component
   1      0         -0.65976           0.09644          -0.00532
   1     60         -0.66022           0.09645          -0.00577
   1     80         -0.66334           0.09651          -0.00889
   1    100         -0.67255           0.09667          -0.01810
   2      0         -0.65551           0.09682          -0.00106
   3      0         -0.65445           0.09560           0.00000
   4      0         -0.65391           0.09527           0.00054
   5      0         -0.65276           0.09406           0.00168
   5     60         -0.65340           0.09406           0.00105
   5     80         -0.65733           0.09411          -0.00288
   5    100         -0.66598           0.09420          -0.01154
 
  contribution from  3-th solvent component
   1      0         -3.62092           0.14517           0.00485
   1     60         -3.64656           0.14517          -0.02080
   1     80         -3.81275           0.14522          -0.18698
   1    100         -4.29027           0.14575          -0.66450
   2      0         -3.62350           0.14538           0.00227
   3      0         -3.62577           0.14521           0.00000
   4      0         -3.62363           0.14508           0.00214
   5      0         -3.62813           0.14505          -0.00237
   5     60         -3.66220           0.14504          -0.03644
   5     80         -3.86224           0.14514          -0.23648
   5    100         -4.29764           0.14564          -0.67187
 
 
 group  inft   Estimated free energy: total (kcal/mol)
   1      0      -4.4011      -4.4423      -4.4147      -4.5602      -4.4317
                 -4.4482      -4.5137      -4.3641      -4.4483      -4.3943
   1     60      -4.4268      -4.4677      -4.4402      -4.5859      -4.4571
                 -4.4738      -4.5394      -4.3895      -4.4738      -4.4200
   1     80      -4.5930      -4.6334      -4.6059      -4.7527      -4.6226
                 -4.6398      -4.7062      -4.5551      -4.6396      -4.5865
   1    100      -5.0713      -5.1116      -5.0835      -5.2328      -5.1010
                 -5.1192      -5.1867      -5.0334      -5.1166      -5.0665
   2      0      -4.4095      -4.4475      -4.4346      -4.5682      -4.4363
                 -4.4388      -4.5134      -4.3569      -4.4580      -4.4080
   3      0      -4.4136      -4.4547      -4.4383      -4.5826      -4.4325
                 -4.4399      -4.5130      -4.3592      -4.4652      -4.4171
   4      0      -4.4081      -4.4570      -4.4450      -4.5778      -4.4324
                 -4.4330      -4.5252      -4.3629      -4.4623      -4.4231
   5      0      -4.4121      -4.4607      -4.4491      -4.5774      -4.4348
                 -4.4364      -4.5178      -4.3729      -4.4729      -4.4286
   5     60      -4.4463      -4.4947      -4.4831      -4.6117      -4.4686
                 -4.4704      -4.5520      -4.4068      -4.5069      -4.4629
   5     80      -4.6469      -4.6948      -4.6831      -4.8131      -4.6682
                 -4.6706      -4.7533      -4.6070      -4.7069      -4.6640
   5    100      -5.0842      -5.1323      -5.1199      -5.2524      -5.1053
                 -5.1085      -5.1927      -5.0448      -5.1428      -5.1033
 
 group  inft   Estimated free energy: 1-th solvent contribution (kcal/mol)
   1      0      -0.6445       0.0263      -0.1142      -0.2909       0.0507
                  0.0485      -0.1624      -0.2487      -0.1969      -0.0788
   1     60      -0.6440       0.0269      -0.1137      -0.2904       0.0513
                  0.0491      -0.1619      -0.2482      -0.1963      -0.0783
   1     80      -0.6410       0.0302      -0.1106      -0.2872       0.0549
                  0.0528      -0.1589      -0.2449      -0.1930      -0.0749
   1    100      -0.6339       0.0385      -0.1031      -0.2798       0.0637
                  0.0616      -0.1517      -0.2370      -0.1850      -0.0668
   2      0      -0.6492       0.0161      -0.1292      -0.3016       0.0529
                  0.0555      -0.1716      -0.2582      -0.2075      -0.0873
   3      0      -0.6563       0.0087      -0.1298      -0.3133       0.0522
                  0.0582      -0.1710      -0.2572      -0.2117      -0.0927
   4      0      -0.6547       0.0055      -0.1404      -0.3112       0.0520
                  0.0576      -0.1870      -0.2658      -0.2136      -0.0929
   5      0      -0.6524       0.0007      -0.1424      -0.3073       0.0520
                  0.0569      -0.1790      -0.2698      -0.2187      -0.0929
   5     60      -0.6518       0.0013      -0.1418      -0.3067       0.0528
                  0.0577      -0.1784      -0.2692      -0.2181      -0.0922
   5     80      -0.6487       0.0047      -0.1385      -0.3034       0.0569
                  0.0619      -0.1753      -0.2658      -0.2145      -0.0887
   5    100      -0.6433       0.0109      -0.1326      -0.2978       0.0646
                  0.0694      -0.1699      -0.2598      -0.2081      -0.0825
 
 group  inft   Estimated free energy: 2-th solvent contribution (kcal/mol)
   1      0      -0.6291      -0.8202      -0.6748      -0.6762      -0.6329
                 -0.6350      -0.8669      -0.3879      -0.8147      -0.4600
   1     60      -0.6296      -0.8207      -0.6752      -0.6766      -0.6333
                 -0.6355      -0.8674      -0.3883      -0.8152      -0.4604
   1     80      -0.6327      -0.8239      -0.6781      -0.6797      -0.6364
                 -0.6386      -0.8708      -0.3913      -0.8184      -0.4635
   1    100      -0.6418      -0.8335      -0.6870      -0.6887      -0.6455
                 -0.6480      -0.8805      -0.4001      -0.8279      -0.4725
   2      0      -0.6302      -0.8127      -0.6785      -0.6717      -0.6347
                 -0.6300      -0.8553      -0.3689      -0.8110      -0.4620
   3      0      -0.6264      -0.8096      -0.6775      -0.6718      -0.6290
                 -0.6315      -0.8518      -0.3719      -0.8099      -0.4652
   4      0      -0.6242      -0.8121      -0.6795      -0.6706      -0.6318
                 -0.6258      -0.8478      -0.3675      -0.8073      -0.4725
   5      0      -0.6266      -0.8054      -0.6737      -0.6685      -0.6318
                 -0.6252      -0.8459      -0.3718      -0.8076      -0.4712
   5     60      -0.6272      -0.8060      -0.6743      -0.6692      -0.6324
                 -0.6258      -0.8466      -0.3724      -0.8082      -0.4718
   5     80      -0.6311      -0.8100      -0.6781      -0.6731      -0.6363
                 -0.6298      -0.8507      -0.3762      -0.8122      -0.4757
   5    100      -0.6396      -0.8188      -0.6866      -0.6817      -0.6450
                 -0.6386      -0.8596      -0.3846      -0.8211      -0.4843
 
 group  inft   Estimated free energy: 3-th solvent contribution (kcal/mol)
   1      0      -3.1274      -3.6483      -3.6257      -3.5930      -3.8494
                 -3.8616      -3.4843      -3.7275      -3.4366      -3.8554
   1     60      -3.1531      -3.6738      -3.6513      -3.6188      -3.8749
                 -3.8873      -3.5100      -3.7530      -3.4622      -3.8812
   1     80      -3.3192      -3.8396      -3.8170      -3.7856      -4.0410
                 -4.0538      -3.6764      -3.9188      -3.6280      -4.0480
   1    100      -3.7955      -4.3165      -4.2933      -4.2642      -4.5191
                 -4.5326      -4.1544      -4.3962      -4.1037      -4.5272
   2      0      -3.1300      -3.6507      -3.6267      -3.5949      -3.8544
                 -3.8642      -3.4864      -3.7297      -3.4394      -3.8585
   3      0      -3.1307      -3.6538      -3.6309      -3.5974      -3.8556
                 -3.8666      -3.4902      -3.7300      -3.4434      -3.8591
   4      0      -3.1291      -3.6503      -3.6250      -3.5959      -3.8526
                 -3.8647      -3.4903      -3.7295      -3.4413      -3.8576
   5      0      -3.1331      -3.6559      -3.6330      -3.6015      -3.8549
                 -3.8680      -3.4928      -3.7313      -3.4465      -3.8645
   5     60      -3.1672      -3.6899      -3.6669      -3.6358      -3.8888
                 -3.9022      -3.5270      -3.7652      -3.4805      -3.8987
   5     80      -3.3670      -3.8895      -3.8664      -3.8366      -4.0887
                 -4.1026      -3.7273      -3.9648      -3.6800      -4.0995
   5    100      -3.8012      -4.3243      -4.3006      -4.2729      -4.5248
                 -4.5392      -4.1631      -4.4003      -4.1136      -4.5364
 
 
 cumulative average & 95% error for solvation free energy
              total             1st component         2nd component         3rd component
  1    -4.4136               -0.6563               -0.6264               -3.1307
  2    -4.4341     0.0412    -0.3238     0.6650    -0.7180     0.1831    -3.3922     0.5230
  3    -4.4355     0.0239    -0.2591     0.4052    -0.7045     0.1091    -3.4718     0.3413
  4    -4.4723     0.0755    -0.2727     0.2878    -0.6963     0.0789    -3.5032     0.2494
  5    -4.4643     0.0606    -0.2077     0.2580    -0.6829     0.0668    -3.5737     0.2391
  6    -4.4603     0.0501    -0.1634     0.2286    -0.6743     0.0571    -3.6225     0.2183
  7    -4.4678     0.0450    -0.1645     0.1932    -0.6996     0.0700    -3.6036     0.1883
  8    -4.4542     0.0475    -0.1761     0.1689    -0.6587     0.1019    -3.6194     0.1661
  9    -4.4554     0.0419    -0.1800     0.1492    -0.6755     0.0960    -3.5998     0.1516
 10    -4.4516     0.0383    -0.1713     0.1346    -0.6544     0.0956    -3.6258     0.1452
