 ERmod 0.3.7, Copyright (C) 2000-2019 Nobuyuki Matubayasi
                            2010-2019 Shun Sakuraba
 ERmod comes with ABSOLUTELY NO WARRANTY.
 This is free software, and you can redistribute it
 and/or modify it under certain conditions.
 See LICENSE file for details.
 ERmod 0.3.7, Copyright (C) 2000-2019 Nobuyuki Matubayasi
                            2010-2019 Shun Sakuraba
 ERmod comes with ABSOLUTELY NO WARRANTY.
 This is free software, and you can redistribute it
 and/or modify it under certain conditions.
 See LICENSE file for details.
 
  Number of the   1-th solvent  =          180
  Number of the   2-th solvent  =          180
  Number of the   3-th solvent  =        10000
 
  Be sure that the solvent distribution is homogeneous (radial distribution function is essentially unity) when the solvent molecule is separated beyond distance of   10.0 Angstrom in any direction from any atom within the solute molecule
 
  LJ long-range correction    =        -0.0011     -0.0049     -0.3580
 
  Self-energy of the solute   =         0.0000  kcal/mol
 
 
 cumulative average & 95% error for solvation energy
              total             1st component         2nd component         3rd component
  1    -9.1851                0.2321               -0.2664               -9.1508
  2    -9.1965     0.0227     0.2323     0.0004    -0.2655     0.0018    -9.1633     0.0249
  3    -9.1902     0.0181     0.2316     0.0014    -0.2688     0.0065    -9.1531     0.0249
  4    -9.1868     0.0145     0.2311     0.0015    -0.2677     0.0051    -9.1502     0.0186
  5    -9.1970     0.0233     0.2291     0.0040    -0.2689     0.0046    -9.1573     0.0202
  6    -9.2055     0.0255     0.2274     0.0047    -0.2733     0.0096    -9.1596     0.0172
  7    -9.2039     0.0218     0.2274     0.0040    -0.2727     0.0082    -9.1586     0.0146
  8    -9.2078     0.0204     0.2272     0.0035    -0.2751     0.0086    -9.1599     0.0129
  9    -9.2111     0.0193     0.2274     0.0031    -0.2753     0.0076    -9.1632     0.0132
 10    -9.2109     0.0172     0.2270     0.0029    -0.2744     0.0070    -9.1635     0.0118
 
 
 group  inft  solvation free energy     error          difference
  total solvation free energy
   1      0          3.28118           0.02309           0.00323
   1     60          3.26967           0.02315          -0.00828
   1     80          3.17243           0.02373          -0.10552
   1    100          2.79266           0.02608          -0.48529
   2      0          3.26905           0.02282          -0.00890
   3      0          3.27795           0.02258           0.00000
   4      0          3.25807           0.02296          -0.01988
   5      0          3.31562           0.02177           0.03767
   5     60          3.29999           0.02184           0.02204
   5     80          3.17618           0.02258          -0.10177
   5    100          2.82080           0.02479          -0.45715
 
  contribution from  1-th solvent component
   1      0          0.22188           0.00949           0.00490
   1     60          0.22233           0.00949           0.00535
   1     80          0.22590           0.00957           0.00893
   1    100          0.23597           0.00991           0.01899
   2      0          0.21836           0.00911           0.00138
   3      0          0.21697           0.00871           0.00000
   4      0          0.21468           0.00869          -0.00229
   5      0          0.21601           0.00862          -0.00097
   5     60          0.21660           0.00862          -0.00037
   5     80          0.22080           0.00872           0.00382
   5    100          0.22972           0.00907           0.01274
 
  contribution from  2-th solvent component
   1      0         -0.19305           0.01606           0.00272
   1     60         -0.19266           0.01609           0.00311
   1     80         -0.19060           0.01639           0.00517
   1    100         -0.18553           0.01786           0.01024
   2      0         -0.19540           0.01563           0.00037
   3      0         -0.19577           0.01556           0.00000
   4      0         -0.19563           0.01570           0.00014
   5      0         -0.19646           0.01498          -0.00069
   5     60         -0.19594           0.01501          -0.00017
   5     80         -0.19347           0.01541           0.00230
   5    100         -0.18890           0.01680           0.00687
 
  contribution from  3-th solvent component
   1      0          3.25234           0.01202          -0.00439
   1     60          3.23998           0.01204          -0.01674
   1     80          3.13711           0.01225          -0.11962
   1    100          2.74220           0.01311          -0.51452
   2      0          3.24607           0.01223          -0.01065
   3      0          3.25673           0.01214           0.00000
   4      0          3.23900           0.01223          -0.01773
   5      0          3.29606           0.01165           0.03933
   5     60          3.27931           0.01168           0.02258
   5     80          3.14883           0.01194          -0.10789
   5    100          2.77996           0.01270          -0.47677
 
 
 group  inft   Estimated free energy: total (kcal/mol)
   1      0       3.3362       3.2999       3.3014       3.3048       3.2417
                  3.2559       3.2779       3.2539       3.2229       3.3173
   1     60       3.3248       3.2884       3.2899       3.2933       3.2302
                  3.2442       3.2664       3.2423       3.2113       3.3059
   1     80       3.2288       3.1922       3.1927       3.1969       3.1323
                  3.1458       3.1692       3.1439       3.1128       3.2097
   1    100       2.8539       2.8158       2.8127       2.8200       2.7489
                  2.7629       2.7908       2.7604       2.7270       2.8341
   2      0       3.3247       3.2898       3.2894       3.2910       3.2276
                  3.2455       3.2635       3.2432       3.2129       3.3031
   3      0       3.3330       3.2999       3.2974       3.2989       3.2346
                  3.2553       3.2726       3.2521       3.2241       3.3118
   4      0       3.3132       3.2821       3.2794       3.2780       3.2138
                  3.2339       3.2519       3.2300       3.2052       3.2932
   5      0       3.3672       3.3363       3.3322       3.3368       3.2788
                  3.2956       3.3108       3.2902       3.2586       3.3497
   5     60       3.3518       3.3208       3.3165       3.3213       3.2630
                  3.2797       3.2952       3.2744       3.2428       3.3342
   5     80       3.2296       3.1982       3.1929       3.1985       3.1383
                  3.1546       3.1716       3.1491       3.1175       3.2116
   5    100       2.8792       2.8459       2.8374       2.8456       2.7794
                  2.7962       2.8177       2.7901       2.7568       2.8597
 
 group  inft   Estimated free energy: 1-th solvent contribution (kcal/mol)
   1      0       0.2361       0.2145       0.2434       0.2196       0.2032
                  0.2057       0.2325       0.2215       0.2381       0.2042
   1     60       0.2366       0.2149       0.2439       0.2201       0.2036
                  0.2062       0.2329       0.2219       0.2386       0.2046
   1     80       0.2405       0.2187       0.2476       0.2237       0.2070
                  0.2095       0.2365       0.2253       0.2421       0.2081
   1    100       0.2519       0.2296       0.2586       0.2337       0.2158
                  0.2190       0.2468       0.2346       0.2518       0.2177
   2      0       0.2316       0.2112       0.2384       0.2149       0.2003
                  0.2036       0.2290       0.2191       0.2346       0.2009
   3      0       0.2292       0.2105       0.2359       0.2124       0.1995
                  0.2031       0.2278       0.2177       0.2330       0.2007
   4      0       0.2263       0.2085       0.2352       0.2104       0.1975
                  0.2012       0.2247       0.2156       0.2296       0.1978
   5      0       0.2285       0.2096       0.2357       0.2109       0.1990
                  0.2029       0.2265       0.2172       0.2305       0.1993
   5     60       0.2291       0.2102       0.2363       0.2116       0.1996
                  0.2035       0.2271       0.2178       0.2311       0.1998
   5     80       0.2338       0.2146       0.2407       0.2158       0.2035
                  0.2075       0.2313       0.2218       0.2352       0.2039
   5    100       0.2441       0.2245       0.2506       0.2246       0.2112
                  0.2157       0.2404       0.2299       0.2438       0.2124
 
 group  inft   Estimated free energy: 2-th solvent contribution (kcal/mol)
   1      0      -0.1601      -0.1656      -0.2157      -0.1848      -0.1885
                 -0.2044      -0.2030      -0.2172      -0.2312      -0.1600
   1     60      -0.1596      -0.1652      -0.2153      -0.1843      -0.1881
                 -0.2041      -0.2026      -0.2169      -0.2309      -0.1596
   1     80      -0.1569      -0.1627      -0.2137      -0.1818      -0.1860
                 -0.2028      -0.2002      -0.2155      -0.2295      -0.1569
   1    100      -0.1489      -0.1557      -0.2108      -0.1746      -0.1809
                 -0.2010      -0.1939      -0.2131      -0.2275      -0.1490
   2      0      -0.1631      -0.1677      -0.2179      -0.1868      -0.1919
                 -0.2061      -0.2059      -0.2186      -0.2321      -0.1641
   3      0      -0.1636      -0.1678      -0.2180      -0.1867      -0.1927
                 -0.2072      -0.2069      -0.2189      -0.2315      -0.1644
   4      0      -0.1637      -0.1659      -0.2186      -0.1871      -0.1933
                 -0.2076      -0.2066      -0.2191      -0.2306      -0.1639
   5      0      -0.1649      -0.1737      -0.2190      -0.1870      -0.1916
                 -0.2060      -0.2053      -0.2181      -0.2331      -0.1659
   5     60      -0.1643      -0.1731      -0.2186      -0.1865      -0.1910
                 -0.2057      -0.2047      -0.2176      -0.2326      -0.1653
   5     80      -0.1610      -0.1701      -0.2166      -0.1834      -0.1886
                 -0.2042      -0.2018      -0.2159      -0.2310      -0.1621
   5    100      -0.1535      -0.1638      -0.2140      -0.1767      -0.1840
                 -0.2028      -0.1962      -0.2139      -0.2293      -0.1548
 
 group  inft   Estimated free energy: 3-th solvent contribution (kcal/mol)
   1      0       3.2602       3.2510       3.2736       3.2699       3.2270
                  3.2545       3.2485       3.2497       3.2160       3.2731
   1     60       3.2479       3.2387       3.2613       3.2576       3.2146
                  3.2421       3.2361       3.2373       3.2036       3.2608
   1     80       3.1452       3.1362       3.1588       3.1550       3.1113
                  3.1390       3.1329       3.1340       3.1002       3.1585
   1    100       2.7509       2.7419       2.7649       2.7609       2.7140
                  2.7449       2.7379       2.7388       2.7027       2.7653
   2      0       3.2561       3.2462       3.2689       3.2628       3.2191
                  3.2479       3.2404       3.2427       3.2102       3.2663
   3      0       3.2673       3.2572       3.2795       3.2732       3.2277
                  3.2594       3.2516       3.2532       3.2225       3.2755
   4      0       3.2505       3.2395       3.2628       3.2546       3.2095
                  3.2403       3.2337       3.2336       3.2061       3.2593
   5      0       3.3036       3.3004       3.3155       3.3129       3.2713
                  3.2987       3.2896       3.2911       3.2611       3.3163
   5     60       3.2869       3.2838       3.2988       3.2962       3.2545
                  3.2819       3.2728       3.2742       3.2443       3.2997
   5     80       3.1568       3.1537       3.1687       3.1661       3.1234
                  3.1513       3.1421       3.1433       3.1133       3.1698
   5    100       2.7887       2.7853       2.8008       2.7977       2.7522
                  2.7832       2.7734       2.7741       2.7422       2.8021
 
 
 cumulative average & 95% error for solvation free energy
              total             1st component         2nd component         3rd component
  1     3.3330                0.2292               -0.1636                3.2673
  2     3.3164     0.0330     0.2198     0.0187    -0.1657     0.0043     3.2623     0.0101
  3     3.3101     0.0229     0.2252     0.0152    -0.1831     0.0350     3.2680     0.0129
  4     3.3073     0.0171     0.2220     0.0125    -0.1840     0.0248     3.2693     0.0095
  5     3.2927     0.0320     0.2175     0.0132    -0.1858     0.0195     3.2610     0.0182
  6     3.2865     0.0289     0.2151     0.0118    -0.1893     0.0175     3.2607     0.0149
  7     3.2845     0.0248     0.2169     0.0106    -0.1918     0.0156     3.2594     0.0128
  8     3.2805     0.0229     0.2170     0.0092    -0.1952     0.0151     3.2587     0.0112
  9     3.2742     0.0238     0.2188     0.0089    -0.1993     0.0156     3.2546     0.0127
 10     3.2780     0.0226     0.2170     0.0087    -0.1958     0.0156     3.2567     0.0121
