 ERmod 0.3.7, Copyright (C) 2000-2019 Nobuyuki Matubayasi
                            2010-2019 Shun Sakuraba
 ERmod comes with ABSOLUTELY NO WARRANTY.
 This is free software, and you can redistribute it
 and/or modify it under certain conditions.
 See LICENSE file for details.
 ERmod 0.3.7, Copyright (C) 2000-2019 Nobuyuki Matubayasi
                            2010-2019 Shun Sakuraba
 ERmod comes with ABSOLUTELY NO WARRANTY.
 This is free software, and you can redistribute it
 and/or modify it under certain conditions.
 See LICENSE file for details.
 
  Number of the   1-th solvent  =           90
  Number of the   2-th solvent  =           90
  Number of the   3-th solvent  =        10000
 
  Be sure that the solvent distribution is homogeneous (radial distribution function is essentially unity) when the solvent molecule is separated beyond distance of   10.0 Angstrom in any direction from any atom within the solute molecule
 
  LJ long-range correction    =        -0.0031     -0.0028     -0.4132
 
  Self-energy of the solute   =        -0.0001  kcal/mol
 
 
 cumulative average & 95% error for solvation energy
              total             1st component         2nd component         3rd component
  1   -23.3761                0.1737               -0.3620              -23.1877
  2   -23.3420     0.0682     0.0682     0.2109    -0.3900     0.0559   -23.0202     0.3350
  3   -23.2930     0.1056     0.0752     0.1226    -0.3452     0.0951   -23.0229     0.1935
  4   -23.3047     0.0783     0.0580     0.0933    -0.3371     0.0692   -23.0255     0.1369
  5   -23.2982     0.0620    -0.0801     0.2854    -0.2928     0.1035   -22.9252     0.2268
  6   -23.2888     0.0540    -0.0693     0.2340    -0.2909     0.0846   -22.9285     0.1853
  7   -23.2900     0.0457    -0.0658     0.1979    -0.2881     0.0717   -22.9360     0.1573
  8   -23.2812     0.0434    -0.2571     0.4191    -0.2855     0.0623   -22.7385     0.4177
  9   -23.2977     0.0505    -0.2372     0.3718    -0.2867     0.0550   -22.7737     0.3751
 10   -23.2940     0.0458    -0.3117     0.3644    -0.2518     0.0854   -22.7303     0.3465
 
 
 group  inft  solvation free energy     error          difference
  total solvation free energy
   1      0         -4.00911           0.04751           0.01540
   1     60         -4.02909           0.04754          -0.00457
   1     80         -4.18864           0.04781          -0.16412
   1    100         -4.74219           0.04881          -0.71767
   2      0         -4.01841           0.05212           0.00611
   3      0         -4.02452           0.05164           0.00000
   4      0         -4.02345           0.05269           0.00107
   5      0         -4.03140           0.05202          -0.00688
   5     60         -4.05854           0.05206          -0.03402
   5     80         -4.25618           0.05237          -0.23167
   5    100         -4.76611           0.05326          -0.74159
 
  contribution from  1-th solvent component
   1      0          0.00187           0.18811           0.01412
   1     60          0.00185           0.18812           0.01410
   1     80          0.00146           0.18825           0.01370
   1    100         -0.00043           0.18868           0.01181
   2      0         -0.00726           0.18509           0.00499
   3      0         -0.01224           0.18425           0.00000
   4      0         -0.01497           0.18334          -0.00273
   5      0         -0.01798           0.18218          -0.00573
   5     60         -0.01803           0.18220          -0.00579
   5     80         -0.01874           0.18233          -0.00650
   5    100         -0.02104           0.18266          -0.00880
 
  contribution from  2-th solvent component
   1      0         -0.18240           0.05377          -0.00316
   1     60         -0.18210           0.05378          -0.00285
   1     80         -0.18056           0.05386          -0.00131
   1    100         -0.17746           0.05415           0.00178
   2      0         -0.18046           0.05378          -0.00121
   3      0         -0.17925           0.05391           0.00000
   4      0         -0.18079           0.05392          -0.00155
   5      0         -0.18080           0.05366          -0.00156
   5     60         -0.18046           0.05367          -0.00121
   5     80         -0.17887           0.05374           0.00038
   5    100         -0.17648           0.05394           0.00277
 
  contribution from  3-th solvent component
   1      0         -3.82848           0.16957           0.00444
   1     60         -3.84873           0.16962          -0.01581
   1     80         -4.00943           0.16993          -0.17651
   1    100         -4.56419           0.17099          -0.73127
   2      0         -3.83059           0.16970           0.00234
   3      0         -3.83292           0.16934           0.00000
   4      0         -3.82758           0.16892           0.00535
   5      0         -3.83252           0.16870           0.00041
   5     60         -3.85994           0.16876          -0.02702
   5     80         -4.05847           0.16912          -0.22555
   5    100         -4.56849           0.17007          -0.73556
 
 
 group  inft   Estimated free energy: total (kcal/mol)
   1      0      -4.0679      -4.0520      -3.8190      -4.0703      -4.0605
                 -4.0016      -3.9894      -3.9709      -4.0194      -4.0402
   1     60      -4.0880      -4.0721      -3.8390      -4.0903      -4.0805
                 -4.0215      -4.0092      -3.9907      -4.0395      -4.0601
   1     80      -4.2486      -4.2323      -3.9979      -4.2505      -4.2398
                 -4.1810      -4.1674      -4.1495      -4.1997      -4.2197
   1    100      -4.8062      -4.7873      -4.5490      -4.8060      -4.7931
                 -4.7349      -4.7170      -4.7007      -4.7550      -4.7728
   2      0      -4.0746      -4.0738      -3.8113      -4.0808      -4.0820
                 -4.0137      -4.0067      -3.9662      -4.0221      -4.0527
   3      0      -4.0717      -4.0793      -3.8196      -4.0838      -4.0933
                 -4.0310      -4.0131      -3.9691      -4.0237      -4.0606
   4      0      -4.0734      -4.0792      -3.8120      -4.0846      -4.0877
                 -4.0288      -4.0125      -3.9704      -4.0261      -4.0599
   5      0      -4.0836      -4.0864      -3.8246      -4.0889      -4.1005
                 -4.0347      -4.0222      -3.9755      -4.0332      -4.0645
   5     60      -4.1108      -4.1137      -3.8517      -4.1161      -4.1276
                 -4.0618      -4.0491      -4.0024      -4.0605      -4.0916
   5     80      -4.3097      -4.3121      -4.0487      -4.3146      -4.3251
                 -4.2594      -4.2450      -4.1991      -4.2588      -4.2893
   5    100      -4.8235      -4.8235      -4.5564      -4.8262      -4.8352
                 -4.7696      -4.7511      -4.7065      -4.7699      -4.7992
 
 group  inft   Estimated free energy: 1-th solvent contribution (kcal/mol)
   1      0       0.2646       0.1385       0.2420       0.1641      -0.2020
                  0.1381       0.1124      -0.6243       0.1536      -0.3683
   1     60       0.2645       0.1385       0.2420       0.1641      -0.2020
                  0.1380       0.1125      -0.6244       0.1537      -0.3684
   1     80       0.2642       0.1382       0.2417       0.1636      -0.2024
                  0.1377       0.1122      -0.6253       0.1535      -0.3689
   1    100       0.2626       0.1368       0.2403       0.1617      -0.2045
                  0.1358       0.1108      -0.6292       0.1525      -0.3712
   2      0       0.2519       0.1172       0.2327       0.1525      -0.2192
                  0.1306       0.0998      -0.6146       0.1519      -0.3753
   3      0       0.2511       0.1119       0.2240       0.1458      -0.2259
                  0.1220       0.0945      -0.6127       0.1489      -0.3820
   4      0       0.2431       0.1083       0.2206       0.1439      -0.2261
                  0.1201       0.0907      -0.6156       0.1454      -0.3801
   5      0       0.2376       0.1031       0.2167       0.1406      -0.2298
                  0.1176       0.0870      -0.6106       0.1435      -0.3855
   5     60       0.2376       0.1031       0.2166       0.1405      -0.2299
                  0.1176       0.0870      -0.6107       0.1434      -0.3855
   5     80       0.2369       0.1025       0.2160       0.1397      -0.2307
                  0.1168       0.0865      -0.6120       0.1431      -0.3864
   5    100       0.2348       0.1003       0.2141       0.1374      -0.2333
                  0.1144       0.0846      -0.6156       0.1419      -0.3891
 
 group  inft   Estimated free energy: 2-th solvent contribution (kcal/mol)
   1      0      -0.2591      -0.3103      -0.0965      -0.2666      -0.1269
                 -0.1953      -0.1443      -0.1906      -0.2041      -0.0303
   1     60      -0.2588      -0.3100      -0.0962      -0.2664      -0.1266
                 -0.1950      -0.1439      -0.1903      -0.2037      -0.0301
   1     80      -0.2579      -0.3086      -0.0944      -0.2654      -0.1252
                 -0.1932      -0.1412      -0.1885      -0.2021      -0.0290
   1    100      -0.2567      -0.3060      -0.0904      -0.2642      -0.1225
                 -0.1894      -0.1349      -0.1849      -0.1987      -0.0271
   2      0      -0.2502      -0.3091      -0.0781      -0.2617      -0.1303
                 -0.1991      -0.1463      -0.1941      -0.2032      -0.0326
   3      0      -0.2430      -0.3102      -0.0741      -0.2565      -0.1336
                 -0.2046      -0.1478      -0.1952      -0.1991      -0.0283
   4      0      -0.2442      -0.3111      -0.0707      -0.2612      -0.1347
                 -0.2069      -0.1480      -0.1969      -0.1994      -0.0348
   5      0      -0.2417      -0.3101      -0.0751      -0.2547      -0.1381
                 -0.2070      -0.1496      -0.2011      -0.2026      -0.0280
   5     60      -0.2415      -0.3097      -0.0747      -0.2545      -0.1378
                 -0.2066      -0.1490      -0.2008      -0.2023      -0.0277
   5     80      -0.2406      -0.3083      -0.0729      -0.2536      -0.1364
                 -0.2047      -0.1461      -0.1990      -0.2005      -0.0267
   5    100      -0.2400      -0.3064      -0.0696      -0.2529      -0.1346
                 -0.2016      -0.1405      -0.1961      -0.1977      -0.0256
 
 group  inft   Estimated free energy: 3-th solvent contribution (kcal/mol)
   1      0      -4.0733      -3.8801      -3.9645      -3.9677      -3.7315
                 -3.9442      -3.9574      -3.1559      -3.9688      -3.6414
   1     60      -4.0936      -3.9005      -3.9847      -3.9879      -3.7517
                 -3.9645      -3.9777      -3.1760      -3.9893      -3.6616
   1     80      -4.2548      -4.0618      -4.1451      -4.1486      -3.9121
                 -4.1254      -4.1383      -3.3355      -4.1510      -3.8217
   1    100      -4.8120      -4.6180      -4.6988      -4.7034      -4.4660
                 -4.6812      -4.6928      -3.8865      -4.7087      -4.3745
   2      0      -4.0762      -3.8818      -3.9658      -3.9715      -3.7325
                 -3.9451      -3.9601      -3.1574      -3.9707      -3.6448
   3      0      -4.0797      -3.8809      -3.9694      -3.9730      -3.7337
                 -3.9483      -3.9597      -3.1611      -3.9734      -3.6501
   4      0      -4.0721      -3.8762      -3.9618      -3.9672      -3.7269
                 -3.9418      -3.9551      -3.1578      -3.9720      -3.6449
   5      0      -4.0794      -3.8793      -3.9661      -3.9747      -3.7324
                 -3.9452      -3.9595      -3.1637      -3.9739      -3.6510
   5     60      -4.1068      -3.9069      -3.9935      -4.0021      -3.7598
                 -3.9727      -3.9869      -3.1909      -4.0016      -3.6783
   5     80      -4.3059      -4.1061      -4.1917      -4.2006      -3.9580
                 -4.1714      -4.1853      -3.3881      -4.2014      -3.8761
   5    100      -4.8183      -4.6173      -4.7009      -4.7106      -4.4672
                 -4.6823      -4.6951      -3.8947      -4.7140      -4.3844
 
 
 cumulative average & 95% error for solvation free energy
              total             1st component         2nd component         3rd component
  1    -4.0717                0.2511               -0.2430               -4.0797
  2    -4.0755     0.0076     0.1815     0.1393    -0.2766     0.0672    -3.9803     0.1988
  3    -3.9902     0.1706     0.1957     0.0853    -0.2091     0.1405    -3.9767     0.1150
  4    -4.0136     0.1294     0.1832     0.0652    -0.2210     0.1021    -3.9757     0.0813
  5    -4.0295     0.1052     0.1014     0.1713    -0.2035     0.0865    -3.9273     0.1155
  6    -4.0298     0.0859     0.1048     0.1400    -0.2037     0.0706    -3.9308     0.0946
  7    -4.0274     0.0727     0.1033     0.1184    -0.1957     0.0618    -3.9350     0.0804
  8    -4.0201     0.0647     0.0138     0.2063    -0.1956     0.0535    -3.8382     0.2056
  9    -4.0205     0.0570     0.0288     0.1844    -0.1960     0.0472    -3.8532     0.1838
 10    -4.0245     0.0516    -0.0122     0.1843    -0.1792     0.0539    -3.8329     0.1693
