 ERmod 0.3.7, Copyright (C) 2000-2019 Nobuyuki Matubayasi
                            2010-2019 Shun Sakuraba
 ERmod comes with ABSOLUTELY NO WARRANTY.
 This is free software, and you can redistribute it
 and/or modify it under certain conditions.
 See LICENSE file for details.
 ERmod 0.3.7, Copyright (C) 2000-2019 Nobuyuki Matubayasi
                            2010-2019 Shun Sakuraba
 ERmod comes with ABSOLUTELY NO WARRANTY.
 This is free software, and you can redistribute it
 and/or modify it under certain conditions.
 See LICENSE file for details.
 
  Number of the   1-th solvent  =           90
  Number of the   2-th solvent  =           90
  Number of the   3-th solvent  =        10000
 
  Be sure that the solvent distribution is homogeneous (radial distribution function is essentially unity) when the solvent molecule is separated beyond distance of   10.0 Angstrom in any direction from any atom within the solute molecule
 
  LJ long-range correction    =        -0.0034     -0.0113     -0.4539
 
  Self-energy of the solute   =         0.0000  kcal/mol
 
 
 cumulative average & 95% error for solvation energy
              total             1st component         2nd component         3rd component
  1   -11.4299                0.1171               -0.2600              -11.2871
  2   -11.4492     0.0385     0.1143     0.0057    -0.2903     0.0606   -11.2732     0.0278
  3   -11.4611     0.0326     0.1103     0.0086    -0.2876     0.0354   -11.2838     0.0266
  4   -11.4753     0.0365     0.1152     0.0116    -0.2855     0.0253   -11.3049     0.0463
  5   -11.4621     0.0386     0.1174     0.0100    -0.2758     0.0276   -11.3037     0.0359
  6   -11.4738     0.0392     0.1183     0.0083    -0.2926     0.0404   -11.2995     0.0305
  7   -11.4700     0.0340     0.1200     0.0079    -0.2925     0.0342   -11.2975     0.0261
  8   -11.4700     0.0295     0.1208     0.0070    -0.2924     0.0296   -11.2985     0.0227
  9   -11.4689     0.0261     0.1210     0.0062    -0.2939     0.0263   -11.2960     0.0206
 10   -11.4666     0.0238     0.1216     0.0057    -0.2910     0.0242   -11.2972     0.0186
 
 
 group  inft  solvation free energy     error          difference
  total solvation free energy
   1      0          3.24062           0.02618           0.00935
   1     60          3.22904           0.02624          -0.00224
   1     80          3.12176           0.02686          -0.10952
   1    100          2.68283           0.02926          -0.54845
   2      0          3.22909           0.02709          -0.00218
   3      0          3.23127           0.02724           0.00000
   4      0          3.21049           0.02704          -0.02078
   5      0          3.25861           0.02748           0.02734
   5     60          3.24257           0.02756           0.01130
   5     80          3.10442           0.02832          -0.12686
   5    100          2.69271           0.03049          -0.53856
 
  contribution from  1-th solvent component
   1      0          0.20261           0.00432           0.00224
   1     60          0.20264           0.00434           0.00227
   1     80          0.20301           0.00452           0.00264
   1    100          0.20327           0.00534           0.00290
   2      0          0.20089           0.00402           0.00052
   3      0          0.20037           0.00395           0.00000
   4      0          0.19978           0.00385          -0.00059
   5      0          0.19973           0.00400          -0.00064
   5     60          0.19977           0.00402          -0.00060
   5     80          0.20001           0.00425          -0.00036
   5    100          0.19972           0.00498          -0.00065
 
  contribution from  2-th solvent component
   1      0         -0.14617           0.01767           0.00189
   1     60         -0.14618           0.01771           0.00188
   1     80         -0.14638           0.01806           0.00168
   1    100         -0.14786           0.01941           0.00020
   2      0         -0.14761           0.01744           0.00044
   3      0         -0.14806           0.01753           0.00000
   4      0         -0.14868           0.01753          -0.00062
   5      0         -0.14890           0.01709          -0.00084
   5     60         -0.14892           0.01714          -0.00086
   5     80         -0.14932           0.01756          -0.00126
   5    100         -0.15093           0.01875          -0.00287
 
  contribution from  3-th solvent component
   1      0          3.18415           0.01605           0.00523
   1     60          3.17254           0.01607          -0.00639
   1     80          3.06509           0.01633          -0.11383
   1    100          2.62738           0.01740          -0.55155
   2      0          3.17578           0.01637          -0.00314
   3      0          3.17893           0.01609           0.00000
   4      0          3.15935           0.01582          -0.01957
   5      0          3.20774           0.01685           0.02882
   5     60          3.19169           0.01688           0.01276
   5     80          3.05369           0.01720          -0.12524
   5    100          2.64388           0.01816          -0.53505
 
 
 group  inft   Estimated free energy: total (kcal/mol)
   1      0       3.2637       3.2416       3.2079       3.1940       3.3426
                  3.2100       3.2447       3.2275       3.2300       3.2442
   1     60       3.2521       3.2300       3.1962       3.1824       3.3313
                  3.1984       3.2331       3.2159       3.2183       3.2326
   1     80       3.1450       3.1224       3.0877       3.0747       3.2267
                  3.0908       3.1261       3.1087       3.1102       3.1253
   1    100       2.7068       2.6818       2.6440       2.6333       2.7981
                  2.6505       2.6883       2.6704       2.6688       2.6862
   2      0       3.2511       3.2285       3.1963       3.1826       3.3352
                  3.1945       3.2309       3.2152       3.2203       3.2362
   3      0       3.2525       3.2301       3.1977       3.1852       3.3374
                  3.1945       3.2322       3.2176       3.2231       3.2425
   4      0       3.2315       3.2109       3.1763       3.1653       3.3155
                  3.1724       3.2110       3.1982       3.2025       3.2212
   5      0       3.2814       3.2592       3.2234       3.2115       3.3650
                  3.2214       3.2616       3.2451       3.2511       3.2664
   5     60       3.2654       3.2432       3.2072       3.1954       3.3493
                  3.2054       3.2455       3.2291       3.2349       3.2504
   5     80       3.1274       3.1043       3.0676       3.0567       3.2146
                  3.0666       3.1077       3.0911       3.0959       3.1123
   5    100       2.7165       2.6904       2.6521       2.6428       2.8122
                  2.6532       2.6970       2.6802       2.6822       2.7006
 
 group  inft   Estimated free energy: 1-th solvent contribution (kcal/mol)
   1      0       0.2003       0.1955       0.1886       0.2062       0.2034
                  0.2086       0.2117       0.2082       0.2035       0.2001
   1     60       0.2003       0.1955       0.1887       0.2062       0.2034
                  0.2087       0.2117       0.2083       0.2035       0.2001
   1     80       0.2002       0.1957       0.1885       0.2067       0.2037
                  0.2092       0.2126       0.2091       0.2039       0.2004
   1    100       0.1987       0.1950       0.1866       0.2076       0.2039
                  0.2103       0.2148       0.2113       0.2042       0.2003
   2      0       0.1989       0.1936       0.1878       0.2049       0.2020
                  0.2056       0.2088       0.2062       0.2022       0.1989
   3      0       0.1986       0.1931       0.1874       0.2039       0.2015
                  0.2051       0.2082       0.2055       0.2015       0.1990
   4      0       0.1981       0.1926       0.1870       0.2034       0.2008
                  0.2042       0.2073       0.2043       0.2017       0.1984
   5      0       0.1977       0.1920       0.1868       0.2031       0.2008
                  0.2038       0.2079       0.2051       0.2019       0.1982
   5     60       0.1977       0.1921       0.1868       0.2031       0.2008
                  0.2038       0.2080       0.2052       0.2019       0.1982
   5     80       0.1974       0.1920       0.1865       0.2035       0.2010
                  0.2042       0.2088       0.2061       0.2022       0.1983
   5    100       0.1956       0.1907       0.1844       0.2037       0.2006
                  0.2046       0.2103       0.2077       0.2021       0.1976
 
 group  inft   Estimated free energy: 2-th solvent contribution (kcal/mol)
   1      0      -0.1264      -0.1654      -0.1453      -0.1456      -0.0862
                 -0.1944      -0.1521      -0.1507      -0.1596      -0.1359
   1     60      -0.1263      -0.1655      -0.1454      -0.1456      -0.0861
                 -0.1945      -0.1521      -0.1507      -0.1596      -0.1359
   1     80      -0.1259      -0.1661      -0.1458      -0.1460      -0.0847
                 -0.1952      -0.1524      -0.1512      -0.1602      -0.1362
   1    100      -0.1252      -0.1692      -0.1482      -0.1478      -0.0804
                 -0.1984      -0.1544      -0.1536      -0.1632      -0.1381
   2      0      -0.1283      -0.1663      -0.1467      -0.1477      -0.0883
                 -0.1952      -0.1541      -0.1522      -0.1603      -0.1369
   3      0      -0.1286      -0.1667      -0.1484      -0.1479      -0.0884
                 -0.1960      -0.1540      -0.1528      -0.1605      -0.1371
   4      0      -0.1293      -0.1673      -0.1489      -0.1491      -0.0889
                 -0.1964      -0.1550      -0.1533      -0.1611      -0.1375
   5      0      -0.1286      -0.1677      -0.1490      -0.1488      -0.0917
                 -0.1960      -0.1554      -0.1529      -0.1609      -0.1380
   5     60      -0.1286      -0.1677      -0.1491      -0.1488      -0.0915
                 -0.1961      -0.1555      -0.1529      -0.1610      -0.1381
   5     80      -0.1282      -0.1686      -0.1498      -0.1494      -0.0901
                 -0.1970      -0.1560      -0.1536      -0.1618      -0.1386
   5    100      -0.1279      -0.1717      -0.1523      -0.1513      -0.0866
                 -0.2002      -0.1581      -0.1560      -0.1647      -0.1405
 
 group  inft   Estimated free energy: 3-th solvent contribution (kcal/mol)
   1      0       3.1898       3.2115       3.1646       3.1334       3.2254
                  3.1958       3.1851       3.1700       3.1860       3.1800
   1     60       3.1781       3.2000       3.1529       3.1218       3.2139
                  3.1842       3.1734       3.1583       3.1744       3.1684
   1     80       3.0706       3.0928       3.0449       3.0139       3.1077
                  3.0767       3.0659       3.0507       3.0665       3.0611
   1    100       2.6332       2.6560       2.6057       2.5736       2.6747
                  2.6385       2.6279       2.6125       2.6278       2.6239
   2      0       3.1805       3.2013       3.1552       3.1254       3.2216
                  3.1841       3.1762       3.1611       3.1783       3.1742
   3      0       3.1825       3.2037       3.1587       3.1291       3.2242
                  3.1854       3.1781       3.1648       3.1820       3.1806
   4      0       3.1627       3.1855       3.1382       3.1109       3.2036
                  3.1646       3.1586       3.1471       3.1619       3.1603
   5      0       3.2123       3.2348       3.1856       3.1572       3.2559
                  3.2136       3.2090       3.1928       3.2101       3.2062
   5     60       3.1962       3.2188       3.1694       3.1411       3.2400
                  3.1976       3.1930       3.1767       3.1940       3.1902
   5     80       3.0582       3.0810       3.0309       3.0025       3.1036
                  3.0593       3.0549       3.0386       3.0554       3.0525
   5    100       2.6487       2.6713       2.6200       2.5904       2.6982
                  2.6487       2.6448       2.6284       2.6448       2.6434
 
 
 cumulative average & 95% error for solvation free energy
              total             1st component         2nd component         3rd component
  1     3.2525                0.1986               -0.1286                3.1825
  2     3.2413     0.0224     0.1959     0.0055    -0.1477     0.0381     3.1931     0.0212
  3     3.2268     0.0318     0.1930     0.0065    -0.1479     0.0220     3.1817     0.0260
  4     3.2164     0.0307     0.1957     0.0071    -0.1479     0.0156     3.1685     0.0321
  5     3.2406     0.0539     0.1969     0.0060    -0.1360     0.0267     3.1797     0.0334
  6     3.2329     0.0466     0.1983     0.0056    -0.1460     0.0296     3.1806     0.0273
  7     3.2328     0.0394     0.1997     0.0055    -0.1472     0.0251     3.1803     0.0231
  8     3.2309     0.0343     0.2004     0.0050    -0.1479     0.0218     3.1783     0.0204
  9     3.2300     0.0303     0.2005     0.0044    -0.1493     0.0194     3.1787     0.0180
 10     3.2313     0.0272     0.2004     0.0040    -0.1481     0.0175     3.1789     0.0161
