 ERmod 0.3.7, Copyright (C) 2000-2019 Nobuyuki Matubayasi
                            2010-2019 Shun Sakuraba
 ERmod comes with ABSOLUTELY NO WARRANTY.
 This is free software, and you can redistribute it
 and/or modify it under certain conditions.
 See LICENSE file for details.
 ERmod 0.3.7, Copyright (C) 2000-2019 Nobuyuki Matubayasi
                            2010-2019 Shun Sakuraba
 ERmod comes with ABSOLUTELY NO WARRANTY.
 This is free software, and you can redistribute it
 and/or modify it under certain conditions.
 See LICENSE file for details.
 
  Number of the   1-th solvent  =          180
  Number of the   2-th solvent  =          180
  Number of the   3-th solvent  =        10000
 
  Be sure that the solvent distribution is homogeneous (radial distribution function is essentially unity) when the solvent molecule is separated beyond distance of   10.0 Angstrom in any direction from any atom within the solute molecule
 
  LJ long-range correction    =        -0.0100     -0.0093     -0.6776
 
  Self-energy of the solute   =         0.0001  kcal/mol
 
 
 cumulative average & 95% error for solvation energy
              total             1st component         2nd component         3rd component
  1   -16.0139                0.4363               -0.5870              -15.8633
  2   -16.0395     0.0512     0.4381     0.0036    -0.5787     0.0167   -15.8990     0.0715
  3   -16.0129     0.0610     0.4450     0.0140    -0.5801     0.0101   -15.8778     0.0592
  4   -16.0189     0.0447     0.4410     0.0127    -0.5795     0.0072   -15.8804     0.0422
  5   -16.0166     0.0350     0.4430     0.0106    -0.5784     0.0060   -15.8812     0.0328
  6   -16.0131     0.0294     0.4469     0.0117    -0.5796     0.0055   -15.8805     0.0268
  7   -16.0081     0.0267     0.4480     0.0101    -0.5778     0.0058   -15.8783     0.0230
  8   -16.0149     0.0268     0.4503     0.0099    -0.5807     0.0076   -15.8845     0.0235
  9   -16.0165     0.0239     0.4545     0.0122    -0.5812     0.0068   -15.8899     0.0233
 10   -16.0240     0.0260     0.4492     0.0153    -0.5821     0.0064   -15.8911     0.0210
 
 
 group  inft  solvation free energy     error          difference
  total solvation free energy
   1      0          4.55763           0.02197           0.01356
   1     60          4.54495           0.02203           0.00089
   1     80          4.41413           0.02262          -0.12993
   1    100          3.82782           0.02555          -0.71624
   2      0          4.54438           0.02243           0.00032
   3      0          4.54406           0.02312           0.00000
   4      0          4.51228           0.02343          -0.03178
   5      0          4.56338           0.02127           0.01932
   5     60          4.54559           0.02135           0.00153
   5     80          4.37360           0.02215          -0.17046
   5    100          3.81813           0.02498          -0.72593
 
  contribution from  1-th solvent component
   1      0          0.66121           0.02366           0.00345
   1     60          0.66131           0.02371           0.00354
   1     80          0.66267           0.02451           0.00491
   1    100          0.66628           0.02839           0.00852
   2      0          0.65826           0.02339           0.00049
   3      0          0.65776           0.02353           0.00000
   4      0          0.65659           0.02341          -0.00118
   5      0          0.65608           0.02302          -0.00168
   5     60          0.65620           0.02310          -0.00157
   5     80          0.65762           0.02411          -0.00015
   5    100          0.65998           0.02766           0.00221
 
  contribution from  2-th solvent component
   1      0         -0.46436           0.02295           0.00209
   1     60         -0.46381           0.02298           0.00265
   1     80         -0.46054           0.02333           0.00591
   1    100         -0.45018           0.02520           0.01627
   2      0         -0.46632           0.02261           0.00014
   3      0         -0.46646           0.02210           0.00000
   4      0         -0.46799           0.02189          -0.00153
   5      0         -0.46863           0.02219          -0.00218
   5     60         -0.46793           0.02223          -0.00148
   5     80         -0.46399           0.02270           0.00247
   5    100         -0.45496           0.02451           0.01150
 
  contribution from  3-th solvent component
   1      0          4.36072           0.01254           0.00802
   1     60          4.34740           0.01254          -0.00530
   1     80          4.21195           0.01263          -0.14075
   1    100          3.61167           0.01315          -0.74103
   2      0          4.35239           0.01234          -0.00031
   3      0          4.35270           0.01260           0.00000
   4      0          4.32363           0.01292          -0.02907
   5      0          4.37588           0.01190           0.02318
   5     60          4.35727           0.01191           0.00457
   5     80          4.17992           0.01203          -0.17278
   5    100          3.61305           0.01255          -0.73965
 
 
 group  inft   Estimated free energy: total (kcal/mol)
   1      0       4.5472       4.5878       4.6055       4.5522       4.5474
                  4.5541       4.5874       4.5054       4.5862       4.5031
   1     60       4.5345       4.5752       4.5929       4.5394       4.5347
                  4.5414       4.5748       4.4927       4.5738       4.4903
   1     80       4.4029       4.4447       4.4632       4.4075       4.4040
                  4.4104       4.4445       4.3615       4.4452       4.3574
   1    100       3.8125       3.8594       3.8832       3.8159       3.8179
                  3.8247       3.8606       3.7732       3.8691       3.7617
   2      0       4.5275       4.5672       4.5928       4.5396       4.5367
                  4.5419       4.5773       4.4953       4.5793       4.4863
   3      0       4.5225       4.5623       4.5950       4.5383       4.5398
                  4.5429       4.5779       4.4941       4.5826       4.4853
   4      0       4.4900       4.5299       4.5635       4.5060       4.5077
                  4.5101       4.5469       4.4619       4.5532       4.4537
   5      0       4.5520       4.5925       4.6105       4.5558       4.5572
                  4.5613       4.5895       4.5137       4.5919       4.5093
   5     60       4.5341       4.5748       4.5928       4.5379       4.5394
                  4.5434       4.5718       4.4959       4.5744       4.4913
   5     80       4.3612       4.4033       4.4223       4.3645       4.3674
                  4.3713       4.4007       4.3233       4.4053       4.3167
   5    100       3.8024       3.8489       3.8724       3.8043       3.8113
                  3.8164       3.8480       3.7654       3.8595       3.7527
 
 group  inft   Estimated free energy: 1-th solvent contribution (kcal/mol)
   1      0       0.6457       0.6435       0.6939       0.6214       0.6514
                  0.6684       0.6404       0.6831       0.7432       0.6211
   1     60       0.6457       0.6436       0.6941       0.6214       0.6515
                  0.6685       0.6405       0.6832       0.7435       0.6211
   1     80       0.6464       0.6442       0.6966       0.6213       0.6531
                  0.6700       0.6415       0.6852       0.7475       0.6210
   1    100       0.6466       0.6438       0.7062       0.6173       0.6578
                  0.6745       0.6431       0.6922       0.7638       0.6174
   2      0       0.6422       0.6405       0.6908       0.6189       0.6500
                  0.6656       0.6364       0.6807       0.7387       0.6188
   3      0       0.6411       0.6395       0.6904       0.6184       0.6503
                  0.6634       0.6366       0.6800       0.7394       0.6186
   4      0       0.6402       0.6387       0.6890       0.6170       0.6492
                  0.6620       0.6353       0.6786       0.7379       0.6179
   5      0       0.6410       0.6390       0.6887       0.6172       0.6477
                  0.6618       0.6346       0.6780       0.7354       0.6174
   5     60       0.6411       0.6390       0.6889       0.6172       0.6479
                  0.6619       0.6347       0.6781       0.7358       0.6174
   5     80       0.6416       0.6394       0.6918       0.6167       0.6495
                  0.6634       0.6357       0.6804       0.7407       0.6170
   5    100       0.6410       0.6382       0.6995       0.6122       0.6527
                  0.6665       0.6362       0.6858       0.7547       0.6129
 
 group  inft   Estimated free energy: 2-th solvent contribution (kcal/mol)
   1      0      -0.4869      -0.3982      -0.4839      -0.4301      -0.4631
                 -0.4755      -0.4210      -0.5096      -0.4994      -0.4760
   1     60      -0.4864      -0.3975      -0.4834      -0.4295      -0.4625
                 -0.4750      -0.4203      -0.5091      -0.4988      -0.4755
   1     80      -0.4835      -0.3932      -0.4803      -0.4258      -0.4594
                 -0.4718      -0.4164      -0.5065      -0.4960      -0.4725
   1    100      -0.4754      -0.3777      -0.4712      -0.4129      -0.4493
                 -0.4615      -0.4021      -0.5001      -0.4883      -0.4633
   2      0      -0.4881      -0.4012      -0.4859      -0.4310      -0.4661
                 -0.4788      -0.4236      -0.5095      -0.5004      -0.4784
   3      0      -0.4888      -0.4039      -0.4856      -0.4316      -0.4652
                 -0.4776      -0.4244      -0.5098      -0.4991      -0.4786
   4      0      -0.4914      -0.4062      -0.4876      -0.4326      -0.4663
                 -0.4795      -0.4265      -0.5102      -0.4998      -0.4796
   5      0      -0.4875      -0.4021      -0.4879      -0.4353      -0.4692
                 -0.4779      -0.4310      -0.5127      -0.5041      -0.4787
   5     60      -0.4869      -0.4012      -0.4872      -0.4345      -0.4685
                 -0.4772      -0.4302      -0.5121      -0.5035      -0.4780
   5     80      -0.4834      -0.3959      -0.4835      -0.4300      -0.4647
                 -0.4734      -0.4252      -0.5092      -0.5002      -0.4744
   5    100      -0.4761      -0.3817      -0.4757      -0.4186      -0.4560
                 -0.4645      -0.4125      -0.5042      -0.4937      -0.4666
 
 group  inft   Estimated free energy: 3-th solvent contribution (kcal/mol)
   1      0       4.3884       4.3424       4.3954       4.3608       4.3590
                  4.3612       4.3679       4.3318       4.3424       4.3580
   1     60       4.3751       4.3291       4.3821       4.3475       4.3457
                  4.3478       4.3546       4.3185       4.3291       4.3446
   1     80       4.2400       4.1938       4.2468       4.2120       4.2102
                  4.2122       4.2193       4.1827       4.1937       4.2088
   1    100       3.6412       3.5932       3.6482       3.6115       3.6094
                  3.6116       3.6195       3.5811       3.5936       3.6075
   2      0       4.3734       4.3279       4.3879       4.3517       4.3527
                  4.3550       4.3644       4.3241       4.3409       4.3458
   3      0       4.3701       4.3266       4.3901       4.3514       4.3547
                  4.3571       4.3657       4.3238       4.3423       4.3453
   4      0       4.3411       4.2974       4.3621       4.3215       4.3247
                  4.3276       4.3380       4.2935       4.3150       4.3153
   5      0       4.3984       4.3556       4.4096       4.3738       4.3786
                  4.3774       4.3858       4.3484       4.3606       4.3706
   5     60       4.3798       4.3370       4.3910       4.3552       4.3600
                  4.3587       4.3672       4.3298       4.3420       4.3519
   5     80       4.2029       4.1597       4.2140       4.1778       4.1824
                  4.1812       4.1902       4.1520       4.1648       4.1741
   5    100       3.6375       3.5924       3.6485       3.6106       3.6146
                  3.6143       3.6242       3.5837       3.5983       3.6063
 
 
 cumulative average & 95% error for solvation free energy
              total             1st component         2nd component         3rd component
  1     4.5225                0.6411               -0.4888                4.3701
  2     4.5424     0.0398     0.6403     0.0016    -0.4463     0.0849     4.3484     0.0434
  3     4.5599     0.0419     0.6570     0.0334    -0.4594     0.0556     4.3623     0.0375
  4     4.5545     0.0316     0.6473     0.0305    -0.4525     0.0417     4.3596     0.0271
  5     4.5516     0.0251     0.6479     0.0237    -0.4550     0.0327     4.3586     0.0210
  6     4.5501     0.0207     0.6505     0.0200    -0.4588     0.0277     4.3583     0.0172
  7     4.5541     0.0192     0.6485     0.0174    -0.4539     0.0254     4.3594     0.0147
  8     4.5466     0.0224     0.6525     0.0170    -0.4609     0.0261     4.3549     0.0155
  9     4.5506     0.0213     0.6621     0.0244    -0.4651     0.0245     4.3535     0.0140
 10     4.5441     0.0231     0.6578     0.0235    -0.4665     0.0221     4.3527     0.0126
