 ERmod 0.3.7, Copyright (C) 2000-2019 Nobuyuki Matubayasi
                            2010-2019 Shun Sakuraba
 ERmod comes with ABSOLUTELY NO WARRANTY.
 This is free software, and you can redistribute it
 and/or modify it under certain conditions.
 See LICENSE file for details.
 ERmod 0.3.7, Copyright (C) 2000-2019 Nobuyuki Matubayasi
                            2010-2019 Shun Sakuraba
 ERmod comes with ABSOLUTELY NO WARRANTY.
 This is free software, and you can redistribute it
 and/or modify it under certain conditions.
 See LICENSE file for details.
 
  Number of the   1-th solvent  =           90
  Number of the   2-th solvent  =           90
  Number of the   3-th solvent  =        10000
 
  Be sure that the solvent distribution is homogeneous (radial distribution function is essentially unity) when the solvent molecule is separated beyond distance of   10.0 Angstrom in any direction from any atom within the solute molecule
 
  LJ long-range correction    =        -0.0022     -0.0075     -0.3010
 
  Self-energy of the solute   =        -0.0001  kcal/mol
 
 
 cumulative average & 95% error for solvation energy
              total             1st component         2nd component         3rd component
  1   -21.1194               -0.4263               -0.5666              -20.1264
  2   -21.0932     0.0524    -0.2486     0.3554    -0.6731     0.2130   -20.1714     0.0900
  3   -21.1188     0.0596    -0.6608     0.8496    -0.6988     0.1333   -19.7591     0.8262
  4   -21.1436     0.0651    -0.5906     0.6170    -0.8205     0.2610   -19.7324     0.5867
  5   -21.1310     0.0563    -0.6486     0.4918    -0.7517     0.2446   -19.7306     0.4545
  6   -21.1307     0.0460    -0.6089     0.4093    -0.7355     0.2023   -19.7862     0.3873
  7   -21.1172     0.0474    -0.5904     0.3479    -0.6534     0.2371   -19.8733     0.3709
  8   -21.1291     0.0474    -0.5415     0.3167    -0.6958     0.2222   -19.8917     0.3233
  9   -21.1537     0.0646    -0.7039     0.4284    -0.7009     0.1962   -19.7487     0.4037
 10   -21.1552     0.0578    -0.7673     0.4036    -0.6871     0.1777   -19.7006     0.3737
 
 
 group  inft  solvation free energy     error          difference
  total solvation free energy
   1      0         -4.56439           0.05612           0.00664
   1     60         -4.58809           0.05610          -0.01705
   1     80         -4.74645           0.05607          -0.17541
   1    100         -5.21245           0.05598          -0.64141
   2      0         -4.56655           0.05188           0.00449
   3      0         -4.57104           0.04848           0.00000
   4      0         -4.56318           0.04989           0.00786
   5      0         -4.56834           0.04839           0.00270
   5     60         -4.59993           0.04837          -0.02889
   5     80         -4.79142           0.04828          -0.22038
   5    100         -5.21750           0.04810          -0.64647
 
  contribution from  1-th solvent component
   1      0         -0.26765           0.20513           0.00663
   1     60         -0.26774           0.20514           0.00654
   1     80         -0.26844           0.20523           0.00584
   1    100         -0.27075           0.20549           0.00353
   2      0         -0.27252           0.20152           0.00176
   3      0         -0.27428           0.19875           0.00000
   4      0         -0.27348           0.19818           0.00080
   5      0         -0.27231           0.19760           0.00198
   5     60         -0.27246           0.19761           0.00182
   5     80         -0.27349           0.19766           0.00080
   5    100         -0.27596           0.19775          -0.00167
 
  contribution from  2-th solvent component
   1      0         -0.40099           0.09616          -0.00373
   1     60         -0.40118           0.09617          -0.00392
   1     80         -0.40254           0.09624          -0.00528
   1    100         -0.40673           0.09641          -0.00947
   2      0         -0.39689           0.09427           0.00038
   3      0         -0.39726           0.09266           0.00000
   4      0         -0.39619           0.09246           0.00107
   5      0         -0.39545           0.09203           0.00181
   5     60         -0.39573           0.09204           0.00153
   5     80         -0.39750           0.09209          -0.00024
   5    100         -0.40153           0.09219          -0.00427
 
  contribution from  3-th solvent component
   1      0         -3.89566           0.18518           0.00374
   1     60         -3.91907           0.18520          -0.01967
   1     80         -4.07537           0.18535          -0.17596
   1    100         -4.53488           0.18576          -0.63547
   2      0         -3.89705           0.18515           0.00235
   3      0         -3.89940           0.18492           0.00000
   4      0         -3.89342           0.18300           0.00598
   5      0         -3.90049           0.18415          -0.00109
   5     60         -3.93165           0.18419          -0.03225
   5     80         -4.12034           0.18436          -0.22093
   5    100         -4.53992           0.18472          -0.64052
 
 
 group  inft   Estimated free energy: total (kcal/mol)
   1      0      -4.5435      -4.5405      -4.6927      -4.5689      -4.5424
                 -4.5215      -4.4102      -4.5828      -4.7221      -4.5192
   1     60      -4.5672      -4.5643      -4.7163      -4.5926      -4.5662
                 -4.5451      -4.4339      -4.6065      -4.7459      -4.5430
   1     80      -4.7256      -4.7229      -4.8742      -4.7507      -4.7248
                 -4.7033      -4.5921      -4.7649      -4.9043      -4.7016
   1    100      -5.1920      -5.1896      -5.3393      -5.2160      -5.1915
                 -5.1690      -5.0574      -5.2312      -5.3700      -5.1685
   2      0      -4.5612      -4.5490      -4.6857      -4.5686      -4.5366
                 -4.5241      -4.4253      -4.5856      -4.7106      -4.5187
   3      0      -4.5659      -4.5581      -4.6845      -4.5743      -4.5382
                 -4.5318      -4.4439      -4.5887      -4.7055      -4.5197
   4      0      -4.5551      -4.5590      -4.6770      -4.5714      -4.5256
                 -4.5137      -4.4323      -4.5806      -4.7020      -4.5150
   5      0      -4.5702      -4.5689      -4.6794      -4.5704      -4.5365
                 -4.5215      -4.4386      -4.5843      -4.6993      -4.5143
   5     60      -4.6018      -4.6006      -4.7107      -4.6020      -4.5682
                 -4.5531      -4.4702      -4.6159      -4.7309      -4.5459
   5     80      -4.7935      -4.7925      -4.9015      -4.7932      -4.7599
                 -4.7444      -4.6616      -4.8076      -4.9223      -4.7377
   5    100      -5.2204      -5.2193      -5.3264      -5.2187      -5.1865
                 -5.1703      -5.0874      -5.2340      -5.3478      -5.1643
 
 group  inft   Estimated free energy: 1-th solvent contribution (kcal/mol)
   1      0      -0.0978       0.0541      -0.6878      -0.0624      -0.3369
                 -0.0789      -0.0847       0.0255      -0.8704      -0.5372
   1     60      -0.0979       0.0541      -0.6879      -0.0625      -0.3370
                 -0.0790      -0.0848       0.0255      -0.8706      -0.5372
   1     80      -0.0985       0.0534      -0.6888      -0.0631      -0.3378
                 -0.0798      -0.0853       0.0250      -0.8715      -0.5381
   1    100      -0.1004       0.0513      -0.6918      -0.0651      -0.3405
                 -0.0822      -0.0871       0.0233      -0.8742      -0.5407
   2      0      -0.1110       0.0442      -0.6844      -0.0677      -0.3375
                 -0.0847      -0.0966       0.0156      -0.8660      -0.5371
   3      0      -0.1143       0.0384      -0.6812      -0.0722      -0.3333
                 -0.0862      -0.1062       0.0078      -0.8613      -0.5345
   4      0      -0.1113       0.0360      -0.6792      -0.0723      -0.3317
                 -0.0827      -0.1055       0.0051      -0.8592      -0.5340
   5      0      -0.1128       0.0330      -0.6758      -0.0697      -0.3307
                 -0.0797      -0.1034       0.0060      -0.8565      -0.5336
   5     60      -0.1129       0.0329      -0.6760      -0.0698      -0.3308
                 -0.0798      -0.1035       0.0059      -0.8566      -0.5338
   5     80      -0.1138       0.0318      -0.6772      -0.0708      -0.3320
                 -0.0809      -0.1044       0.0050      -0.8577      -0.5348
   5    100      -0.1161       0.0293      -0.6800      -0.0731      -0.3346
                 -0.0835      -0.1066       0.0028      -0.8604      -0.5374
 
 group  inft   Estimated free energy: 2-th solvent contribution (kcal/mol)
   1      0      -0.3353      -0.4595      -0.4695      -0.6228      -0.3008
                 -0.3737      -0.0938      -0.5337      -0.5188      -0.3021
   1     60      -0.3355      -0.4597      -0.4697      -0.6230      -0.3010
                 -0.3739      -0.0939      -0.5339      -0.5190      -0.3023
   1     80      -0.3368      -0.4610      -0.4711      -0.6245      -0.3024
                 -0.3753      -0.0949      -0.5353      -0.5204      -0.3037
   1    100      -0.3410      -0.4652      -0.4754      -0.6289      -0.3066
                 -0.3795      -0.0983      -0.5398      -0.5248      -0.3079
   2      0      -0.3391      -0.4556      -0.4645      -0.6155      -0.2940
                 -0.3690      -0.0959      -0.5255      -0.5102      -0.2996
   3      0      -0.3387      -0.4584      -0.4621      -0.6142      -0.2969
                 -0.3724      -0.1017      -0.5198      -0.5081      -0.3005
   4      0      -0.3412      -0.4591      -0.4624      -0.6159      -0.2931
                 -0.3679      -0.1038      -0.5149      -0.5057      -0.2979
   5      0      -0.3411      -0.4614      -0.4616      -0.6137      -0.2946
                 -0.3717      -0.1029      -0.5111      -0.5020      -0.2945
   5     60      -0.3414      -0.4617      -0.4618      -0.6140      -0.2949
                 -0.3720      -0.1031      -0.5114      -0.5023      -0.2947
   5     80      -0.3431      -0.4635      -0.4636      -0.6159      -0.2966
                 -0.3738      -0.1046      -0.5132      -0.5041      -0.2966
   5    100      -0.3472      -0.4675      -0.4676      -0.6201      -0.3007
                 -0.3779      -0.1082      -0.5174      -0.5083      -0.3006
 
 group  inft   Estimated free energy: 3-th solvent contribution (kcal/mol)
   1      0      -4.1102      -4.1351      -3.5354      -3.8836      -3.9046
                 -4.0687      -4.2316      -4.0746      -3.3328      -3.6799
   1     60      -4.1336      -4.1586      -3.5586      -3.9070      -3.9281
                 -4.0921      -4.2551      -4.0980      -3.3562      -3.7034
   1     80      -4.2902      -4.3152      -3.7141      -4.0631      -4.0845
                 -4.2482      -4.4118      -4.2545      -3.5123      -3.8598
   1    100      -4.7506      -4.7756      -4.1720      -4.5219      -4.5444
                 -4.7072      -4.8719      -4.7146      -3.9709      -4.3198
   2      0      -4.1110      -4.1376      -3.5367      -3.8854      -3.9050
                 -4.0703      -4.2328      -4.0757      -3.3343      -3.6819
   3      0      -4.1128      -4.1380      -3.5412      -3.8877      -3.9080
                 -4.0731      -4.2359      -4.0767      -3.3360      -3.6846
   4      0      -4.1025      -4.1358      -3.5353      -3.8831      -3.9007
                 -4.0630      -4.2230      -4.0707      -3.3370      -3.6831
   5      0      -4.1162      -4.1404      -3.5419      -3.8869      -3.9112
                 -4.0701      -4.2322      -4.0791      -3.3407      -3.6861
   5     60      -4.1474      -4.1717      -3.5728      -3.9180      -3.9424
                 -4.1012      -4.2635      -4.1103      -3.3718      -3.7173
   5     80      -4.3365      -4.3608      -3.7606      -4.1065      -4.1312
                 -4.2896      -4.4525      -4.2992      -3.5603      -3.9062
   5    100      -4.7570      -4.7811      -4.1787      -4.5255      -4.5511
                 -4.7088      -4.8726      -4.7193      -3.9790      -4.3261
 
 
 cumulative average & 95% error for solvation free energy
              total             1st component         2nd component         3rd component
  1    -4.5659               -0.1143               -0.3387               -4.1128
  2    -4.5620     0.0078    -0.0380     0.1527    -0.3985     0.1197    -4.1254     0.0252
  3    -4.6028     0.0818    -0.2524     0.4378    -0.4197     0.0811    -3.9306     0.3898
  4    -4.5957     0.0596    -0.2073     0.3224    -0.4684     0.1129    -3.9199     0.2764
  5    -4.5842     0.0516    -0.2325     0.2548    -0.4341     0.1111    -3.9175     0.2142
  6    -4.5754     0.0456    -0.2081     0.2137    -0.4238     0.0930    -3.9435     0.1824
  7    -4.5566     0.0538    -0.1936     0.1829    -0.3778     0.1211    -3.9852     0.1753
  8    -4.5607     0.0473    -0.1684     0.1662    -0.3955     0.1107    -3.9967     0.1536
  9    -4.5767     0.0527    -0.2454     0.2126    -0.4080     0.1008    -3.9233     0.1997
 10    -4.5710     0.0485    -0.2743     0.1987    -0.3973     0.0927    -3.8994     0.1849
