 ERmod 0.3.7, Copyright (C) 2000-2019 Nobuyuki Matubayasi
                            2010-2019 Shun Sakuraba
 ERmod comes with ABSOLUTELY NO WARRANTY.
 This is free software, and you can redistribute it
 and/or modify it under certain conditions.
 See LICENSE file for details.
 ERmod 0.3.7, Copyright (C) 2000-2019 Nobuyuki Matubayasi
                            2010-2019 Shun Sakuraba
 ERmod comes with ABSOLUTELY NO WARRANTY.
 This is free software, and you can redistribute it
 and/or modify it under certain conditions.
 See LICENSE file for details.
 
  Number of the   1-th solvent  =          180
  Number of the   2-th solvent  =          180
  Number of the   3-th solvent  =        10000
 
  Be sure that the solvent distribution is homogeneous (radial distribution function is essentially unity) when the solvent molecule is separated beyond distance of   10.0 Angstrom in any direction from any atom within the solute molecule
 
  LJ long-range correction    =        -0.0011     -0.0174     -0.3485
 
  Self-energy of the solute   =         0.0000  kcal/mol
 
 
 cumulative average & 95% error for solvation energy
              total             1st component         2nd component         3rd component
  1    -9.1545                0.2263               -0.3397               -9.0411
  2    -9.2261     0.1432     0.2230     0.0068    -0.4386     0.1979    -9.0104     0.0614
  3    -9.2276     0.0828     0.2222     0.0042    -0.4349     0.1145    -9.0149     0.0366
  4    -9.2427     0.0659     0.2207     0.0043    -0.4418     0.0821    -9.0216     0.0291
  5    -9.2454     0.0513     0.2195     0.0041    -0.4476     0.0647    -9.0173     0.0242
  6    -9.2495     0.0427     0.2186     0.0038    -0.4463     0.0529    -9.0218     0.0217
  7    -9.2499     0.0361     0.2187     0.0033    -0.4389     0.0471    -9.0298     0.0244
  8    -9.2593     0.0365     0.2180     0.0032    -0.4542     0.0510    -9.0232     0.0249
  9    -9.2536     0.0342     0.2181     0.0028    -0.4515     0.0453    -9.0202     0.0228
 10    -9.2475     0.0329     0.2187     0.0028    -0.4451     0.0425    -9.0211     0.0205
 
 
 group  inft  solvation free energy     error          difference
  total solvation free energy
   1      0          3.07239           0.02658           0.00165
   1     60          3.06015           0.02666          -0.01059
   1     80          2.95934           0.02741          -0.11141
   1    100          2.57856           0.03001          -0.49218
   2      0          3.06266           0.02644          -0.00808
   3      0          3.07074           0.02634           0.00000
   4      0          3.05199           0.02539          -0.01876
   5      0          3.10762           0.02583           0.03687
   5     60          3.09091           0.02595           0.02016
   5     80          2.96289           0.02688          -0.10785
   5    100          2.60659           0.02932          -0.46415
 
  contribution from  1-th solvent component
   1      0          0.20414           0.00752           0.00385
   1     60          0.20466           0.00753           0.00437
   1     80          0.20875           0.00763           0.00846
   1    100          0.22012           0.00794           0.01983
   2      0          0.20151           0.00703           0.00122
   3      0          0.20029           0.00672           0.00000
   4      0          0.19803           0.00590          -0.00226
   5      0          0.19957           0.00649          -0.00072
   5     60          0.20027           0.00650          -0.00002
   5     80          0.20509           0.00662           0.00480
   5    100          0.21514           0.00696           0.01485
 
  contribution from  2-th solvent component
   1      0         -0.19933           0.02715           0.00268
   1     60         -0.19940           0.02721           0.00261
   1     80         -0.20029           0.02771           0.00172
   1    100         -0.20424           0.02953          -0.00223
   2      0         -0.20132           0.02698           0.00069
   3      0         -0.20201           0.02683           0.00000
   4      0         -0.20301           0.02655          -0.00100
   5      0         -0.20365           0.02656          -0.00164
   5     60         -0.20377           0.02664          -0.00176
   5     80         -0.20504           0.02726          -0.00303
   5    100         -0.20892           0.02897          -0.00691
 
  contribution from  3-th solvent component
   1      0          3.06756           0.00923          -0.00488
   1     60          3.05487           0.00924          -0.01757
   1     80          2.95086           0.00924          -0.12158
   1    100          2.56266           0.00944          -0.50978
   2      0          3.06245           0.00964          -0.00999
   3      0          3.07244           0.00979           0.00000
   4      0          3.05695           0.00946          -0.01550
   5      0          3.11167           0.00909           0.03923
   5     60          3.09438           0.00910           0.02194
   5     80          2.96282           0.00915          -0.10962
   5    100          2.60035           0.00944          -0.47209
 
 
 group  inft   Estimated free energy: total (kcal/mol)
   1      0       3.1675       3.0347       3.0791       3.0424       3.0441
                  3.0595       3.0713       3.0300       3.0830       3.1124
   1     60       3.1556       3.0224       3.0668       3.0301       3.0318
                  3.0471       3.0591       3.0176       3.0707       3.1003
   1     80       3.0579       2.9207       2.9660       2.9287       2.9300
                  2.9459       2.9587       2.9157       2.9697       3.0001
   1    100       2.6878       2.5366       2.5859       2.5455       2.5458
                  2.5639       2.5789       2.5316       2.5882       2.6215
   2      0       3.1589       3.0248       3.0681       3.0326       3.0366
                  3.0499       3.0587       3.0217       3.0752       3.1001
   3      0       3.1673       3.0324       3.0764       3.0408       3.0441
                  3.0578       3.0668       3.0316       3.0830       3.1072
   4      0       3.1447       3.0156       3.0559       3.0246       3.0242
                  3.0401       3.0497       3.0131       3.0653       3.0868
   5      0       3.2010       3.0665       3.1134       3.0807       3.0832
                  3.1000       3.1038       3.0657       3.1181       3.1437
   5     60       3.1848       3.0497       3.0966       3.0639       3.0664
                  3.0832       3.0871       3.0488       3.1014       3.1271
   5     80       3.0607       2.9207       2.9687       2.9351       2.9371
                  2.9546       2.9595       2.9196       2.9730       3.0000
   5    100       2.7146       2.5616       2.6130       2.5764       2.5774
                  2.5969       2.6041       2.5605       2.6157       2.6458
 
 group  inft   Estimated free energy: 1-th solvent contribution (kcal/mol)
   1      0       0.2244       0.2179       0.1969       0.2029       0.1915
                  0.1997       0.1927       0.1998       0.1964       0.2193
   1     60       0.2249       0.2184       0.1974       0.2034       0.1920
                  0.2002       0.1932       0.2003       0.1970       0.2199
   1     80       0.2293       0.2227       0.2016       0.2074       0.1958
                  0.2042       0.1973       0.2042       0.2009       0.2242
   1    100       0.2418       0.2344       0.2137       0.2186       0.2060
                  0.2154       0.2089       0.2147       0.2117       0.2361
   2      0       0.2208       0.2147       0.1939       0.1994       0.1898
                  0.1980       0.1906       0.1979       0.1953       0.2149
   3      0       0.2191       0.2127       0.1934       0.1984       0.1891
                  0.1970       0.1900       0.1975       0.1931       0.2127
   4      0       0.2133       0.2102       0.1914       0.1967       0.1875
                  0.1955       0.1892       0.1962       0.1915       0.2087
   5      0       0.2173       0.2119       0.1932       0.1982       0.1887
                  0.1959       0.1897       0.1970       0.1921       0.2116
   5     60       0.2181       0.2127       0.1939       0.1989       0.1894
                  0.1966       0.1904       0.1977       0.1928       0.2123
   5     80       0.2233       0.2177       0.1989       0.2036       0.1938
                  0.2013       0.1953       0.2023       0.1974       0.2173
   5    100       0.2346       0.2282       0.2096       0.2135       0.2026
                  0.2112       0.2056       0.2115       0.2068       0.2279
 
 group  inft   Estimated free energy: 2-th solvent contribution (kcal/mol)
   1      0      -0.1200      -0.2573      -0.1910      -0.2138      -0.2167
                 -0.2008      -0.1633      -0.2645      -0.1940      -0.1718
   1     60      -0.1197      -0.2575      -0.1911      -0.2139      -0.2169
                 -0.2009      -0.1633      -0.2647      -0.1941      -0.1718
   1     80      -0.1183      -0.2591      -0.1922      -0.2152      -0.2182
                 -0.2022      -0.1637      -0.2663      -0.1953      -0.1725
   1    100      -0.1141      -0.2656      -0.1968      -0.2205      -0.2237
                 -0.2073      -0.1658      -0.2728      -0.2003      -0.1756
   2      0      -0.1223      -0.2588      -0.1930      -0.2159      -0.2186
                 -0.2022      -0.1661      -0.2663      -0.1963      -0.1738
   3      0      -0.1234      -0.2592      -0.1937      -0.2162      -0.2197
                 -0.2026      -0.1671      -0.2666      -0.1965      -0.1750
   4      0      -0.1255      -0.2601      -0.1950      -0.2172      -0.2205
                 -0.2030      -0.1685      -0.2669      -0.1973      -0.1760
   5      0      -0.1268      -0.2606      -0.1960      -0.2182      -0.2211
                 -0.2027      -0.1681      -0.2678      -0.1988      -0.1764
   5     60      -0.1265      -0.2609      -0.1961      -0.2184      -0.2213
                 -0.2029      -0.1681      -0.2680      -0.1990      -0.1765
   5     80      -0.1250      -0.2630      -0.1977      -0.2201      -0.2231
                 -0.2046      -0.1687      -0.2702      -0.2006      -0.1775
   5    100      -0.1210      -0.2692      -0.2023      -0.2254      -0.2285
                 -0.2095      -0.1709      -0.2764      -0.2055      -0.1806
 
 group  inft   Estimated free energy: 3-th solvent contribution (kcal/mol)
   1      0       3.0630       3.0741       3.0731       3.0533       3.0693
                  3.0606       3.0420       3.0947       3.0806       3.0648
   1     60       3.0504       3.0614       3.0605       3.0406       3.0566
                  3.0479       3.0292       3.0820       3.0679       3.0522
   1     80       2.9469       2.9571       2.9565       2.9365       2.9523
                  2.9439       2.9250       2.9778       2.9641       2.9484
   1    100       2.5600       2.5678       2.5690       2.5474       2.5635
                  2.5557       2.5358       2.5896       2.5767       2.5610
   2      0       3.0604       3.0689       3.0672       3.0491       3.0654
                  3.0541       3.0342       3.0901       3.0763       3.0589
   3      0       3.0715       3.0789       3.0767       3.0587       3.0747
                  3.0634       3.0439       3.1007       3.0864       3.0695
   4      0       3.0568       3.0654       3.0595       3.0451       3.0573
                  3.0476       3.0290       3.0838       3.0710       3.0540
   5      0       3.1105       3.1152       3.1162       3.1006       3.1156
                  3.1068       3.0822       3.1364       3.1248       3.1085
   5     60       3.0933       3.0978       3.0989       3.0833       3.0983
                  3.0895       3.0648       3.1191       3.1075       3.0913
   5     80       2.9623       2.9660       2.9674       2.9515       2.9664
                  2.9578       2.9330       2.9875       2.9762       2.9601
   5    100       2.6010       2.6026       2.6057       2.5882       2.6032
                  2.5951       2.5694       2.6254       2.6144       2.5985
 
 
 cumulative average & 95% error for solvation free energy
              total             1st component         2nd component         3rd component
  1     3.1673                0.2191               -0.1234                3.0715
  2     3.0998     0.1349     0.2159     0.0064    -0.1913     0.1359     3.0752     0.0074
  3     3.0920     0.0794     0.2084     0.0155    -0.1921     0.0785     3.0757     0.0044
  4     3.0792     0.0617     0.2059     0.0120    -0.1981     0.0568     3.0715     0.0091
  5     3.0722     0.0498     0.2025     0.0115    -0.2025     0.0448     3.0721     0.0071
  6     3.0698     0.0410     0.2016     0.0096    -0.2025     0.0366     3.0707     0.0065
  7     3.0694     0.0346     0.1999     0.0087    -0.1974     0.0325     3.0668     0.0094
  8     3.0647     0.0314     0.1996     0.0076    -0.2061     0.0331     3.0711     0.0118
  9     3.0667     0.0280     0.1989     0.0068    -0.2050     0.0292     3.0728     0.0109
 10     3.0707     0.0263     0.2003     0.0067    -0.2020     0.0268     3.0724     0.0098
