 ERmod 0.3.7, Copyright (C) 2000-2019 Nobuyuki Matubayasi
                            2010-2019 Shun Sakuraba
 ERmod comes with ABSOLUTELY NO WARRANTY.
 This is free software, and you can redistribute it
 and/or modify it under certain conditions.
 See LICENSE file for details.
 ERmod 0.3.7, Copyright (C) 2000-2019 Nobuyuki Matubayasi
                            2010-2019 Shun Sakuraba
 ERmod comes with ABSOLUTELY NO WARRANTY.
 This is free software, and you can redistribute it
 and/or modify it under certain conditions.
 See LICENSE file for details.
 
  Number of the   1-th solvent  =           90
  Number of the   2-th solvent  =           90
  Number of the   3-th solvent  =        10000
 
  Be sure that the solvent distribution is homogeneous (radial distribution function is essentially unity) when the solvent molecule is separated beyond distance of   10.0 Angstrom in any direction from any atom within the solute molecule
 
  LJ long-range correction    =        -0.0002     -0.0034     -0.1358
 
  Self-energy of the solute   =         0.0000  kcal/mol
 
 
 cumulative average & 95% error for solvation energy
              total             1st component         2nd component         3rd component
  1    -4.0087                0.0236               -0.0643               -3.9680
  2    -4.0095     0.0016     0.0231     0.0011    -0.0602     0.0082    -3.9724     0.0088
  3    -4.0098     0.0011     0.0240     0.0018    -0.0734     0.0268    -3.9604     0.0246
  4    -4.0129     0.0062     0.0239     0.0013    -0.0775     0.0207    -3.9593     0.0175
  5    -4.0138     0.0052     0.0239     0.0010    -0.0828     0.0191    -3.9550     0.0161
  6    -4.0135     0.0043     0.0237     0.0009    -0.0860     0.0169    -3.9513     0.0151
  7    -4.0134     0.0036     0.0240     0.0009    -0.0851     0.0144    -3.9522     0.0129
  8    -4.0125     0.0036     0.0239     0.0008    -0.0858     0.0125    -3.9506     0.0116
  9    -4.0122     0.0033     0.0240     0.0007    -0.0834     0.0120    -3.9528     0.0111
 10    -4.0134     0.0038     0.0240     0.0006    -0.0847     0.0111    -3.9527     0.0100
 
 
 group  inft  solvation free energy     error          difference
  total solvation free energy
   1      0          2.64153           0.00719           0.00576
   1     60          2.62466           0.00726          -0.01111
   1     80          2.52688           0.00767          -0.10889
   1    100          2.24532           0.00873          -0.39045
   2      0          2.64300           0.00702           0.00723
   3      0          2.63577           0.00707           0.00000
   4      0          2.69899           0.00706           0.06321
   5      0          2.65597           0.00738           0.02020
   5     60          2.63396           0.00747          -0.00181
   5     80          2.51575           0.00793          -0.12003
   5    100          2.25469           0.00887          -0.38108
 
  contribution from  1-th solvent component
   1      0          0.03242           0.00550           0.00396
   1     60          0.03260           0.00550           0.00414
   1     80          0.03391           0.00553           0.00545
   1    100          0.03697           0.00570           0.00851
   2      0          0.03076           0.00481           0.00230
   3      0          0.02846           0.00442           0.00000
   4      0          0.02807           0.00423          -0.00039
   5      0          0.02773           0.00425          -0.00073
   5     60          0.02801           0.00424          -0.00045
   5     80          0.02944           0.00429           0.00098
   5    100          0.03197           0.00449           0.00351
 
  contribution from  2-th solvent component
   1      0         -0.00470           0.00937           0.00186
   1     60         -0.00475           0.00943           0.00182
   1     80         -0.00527           0.00971           0.00130
   1    100         -0.00703           0.01043          -0.00047
   2      0         -0.00615           0.00905           0.00042
   3      0         -0.00657           0.00878           0.00000
   4      0         -0.00712           0.00879          -0.00055
   5      0         -0.00719           0.00876          -0.00063
   5     60         -0.00729           0.00882          -0.00072
   5     80         -0.00803           0.00913          -0.00146
   5    100         -0.00983           0.00973          -0.00327
 
  contribution from  3-th solvent component
   1      0          2.61382           0.00649          -0.00006
   1     60          2.59680           0.00652          -0.01708
   1     80          2.49823           0.00667          -0.11565
   1    100          2.21539           0.00715          -0.39849
   2      0          2.61839           0.00619           0.00451
   3      0          2.61388           0.00634           0.00000
   4      0          2.67804           0.00589           0.06416
   5      0          2.63543           0.00654           0.02156
   5     60          2.61324           0.00659          -0.00063
   5     80          2.49433           0.00681          -0.11955
   5    100          2.23255           0.00729          -0.38133
 
 
 group  inft   Estimated free energy: total (kcal/mol)
   1      0       2.6459       2.6687       2.6420       2.6326       2.6379
                  2.6292       2.6351       2.6497       2.6397       2.6346
   1     60       2.6291       2.6522       2.6250       2.6158       2.6209
                  2.6123       2.6180       2.6328       2.6228       2.6176
   1     80       2.5318       2.5561       2.5269       2.5176       2.5229
                  2.5142       2.5195       2.5352       2.5252       2.5194
   1    100       2.2516       2.2787       2.2446       2.2349       2.2411
                  2.2316       2.2358       2.2541       2.2442       2.2367
   2      0       2.6469       2.6696       2.6426       2.6336       2.6397
                  2.6319       2.6359       2.6513       2.6419       2.6366
   3      0       2.6417       2.6618       2.6345       2.6264       2.6324
                  2.6259       2.6271       2.6452       2.6335       2.6291
   4      0       2.7025       2.7258       2.6984       2.6896       2.6961
                  2.6874       2.6916       2.7072       2.6980       2.6932
   5      0       2.6615       2.6838       2.6556       2.6465       2.6523
                  2.6474       2.6445       2.6644       2.6537       2.6501
   5     60       2.6396       2.6622       2.6335       2.6245       2.6302
                  2.6253       2.6223       2.6424       2.6317       2.6280
   5     80       2.5219       2.5458       2.5149       2.5059       2.5119
                  2.5067       2.5031       2.5243       2.5137       2.5093
   5    100       2.2619       2.2883       2.2533       2.2438       2.2508
                  2.2446       2.2401       2.2637       2.2531       2.2473
 
 group  inft   Estimated free energy: 1-th solvent contribution (kcal/mol)
   1      0       0.0252       0.0237       0.0494       0.0300       0.0319
                  0.0215       0.0437       0.0303       0.0348       0.0336
   1     60       0.0254       0.0239       0.0496       0.0302       0.0321
                  0.0217       0.0439       0.0305       0.0349       0.0338
   1     80       0.0267       0.0251       0.0510       0.0315       0.0334
                  0.0230       0.0453       0.0318       0.0362       0.0351
   1    100       0.0297       0.0279       0.0546       0.0343       0.0364
                  0.0257       0.0486       0.0347       0.0395       0.0384
   2      0       0.0244       0.0228       0.0454       0.0278       0.0307
                  0.0217       0.0407       0.0285       0.0329       0.0327
   3      0       0.0229       0.0213       0.0427       0.0251       0.0289
                  0.0208       0.0373       0.0266       0.0299       0.0292
   4      0       0.0225       0.0209       0.0411       0.0250       0.0290
                  0.0206       0.0368       0.0262       0.0289       0.0297
   5      0       0.0224       0.0206       0.0418       0.0242       0.0278
                  0.0206       0.0356       0.0264       0.0288       0.0289
   5     60       0.0227       0.0209       0.0421       0.0246       0.0281
                  0.0210       0.0358       0.0267       0.0291       0.0292
   5     80       0.0241       0.0223       0.0437       0.0260       0.0295
                  0.0224       0.0374       0.0280       0.0306       0.0306
   5    100       0.0265       0.0244       0.0469       0.0282       0.0319
                  0.0245       0.0402       0.0304       0.0333       0.0334
 
 group  inft   Estimated free energy: 2-th solvent contribution (kcal/mol)
   1      0       0.0123       0.0262      -0.0167      -0.0115      -0.0176
                 -0.0162      -0.0079      -0.0090       0.0070      -0.0136
   1     60       0.0124       0.0263      -0.0168      -0.0116      -0.0177
                 -0.0163      -0.0080      -0.0091       0.0070      -0.0137
   1     80       0.0124       0.0268      -0.0176      -0.0123      -0.0185
                 -0.0171      -0.0088      -0.0098       0.0068      -0.0145
   1    100       0.0118       0.0276      -0.0202      -0.0147      -0.0211
                 -0.0195      -0.0111      -0.0121       0.0060      -0.0170
   2      0       0.0094       0.0238      -0.0177      -0.0127      -0.0186
                 -0.0176      -0.0090      -0.0098       0.0056      -0.0149
   3      0       0.0092       0.0217      -0.0184      -0.0131      -0.0185
                 -0.0180      -0.0091      -0.0103       0.0055      -0.0146
   4      0       0.0081       0.0214      -0.0186      -0.0135      -0.0192
                 -0.0187      -0.0095      -0.0109       0.0052      -0.0154
   5      0       0.0077       0.0214      -0.0189      -0.0136      -0.0192
                 -0.0189      -0.0092      -0.0111       0.0050      -0.0152
   5     60       0.0077       0.0215      -0.0190      -0.0137      -0.0193
                 -0.0190      -0.0094      -0.0112       0.0050      -0.0154
   5     80       0.0075       0.0218      -0.0201      -0.0147      -0.0204
                 -0.0201      -0.0104      -0.0122       0.0047      -0.0164
   5    100       0.0066       0.0221      -0.0225      -0.0171      -0.0228
                 -0.0225      -0.0127      -0.0144       0.0037      -0.0188
 
 group  inft   Estimated free energy: 3-th solvent contribution (kcal/mol)
   1      0       2.6083       2.6189       2.6093       2.6141       2.6236
                  2.6239       2.5993       2.6284       2.5980       2.6145
   1     60       2.5913       2.6020       2.5922       2.5971       2.6066
                  2.6068       2.5821       2.6114       2.5809       2.5975
   1     80       2.4928       2.5041       2.4936       2.4984       2.5081
                  2.5082       2.4829       2.5132       2.4822       2.4988
   1    100       2.2102       2.2233       2.2102       2.2153       2.2258
                  2.2254       2.1983       2.2314       2.1987       2.2153
   2      0       2.6130       2.6230       2.6149       2.6186       2.6276
                  2.6278       2.6042       2.6326       2.6034       2.6188
   3      0       2.6096       2.6189       2.6102       2.6145       2.6220
                  2.6231       2.5989       2.6289       2.5981       2.6145
   4      0       2.6719       2.6835       2.6759       2.6780       2.6863
                  2.6856       2.6643       2.6920       2.6639       2.6789
   5      0       2.6314       2.6418       2.6326       2.6358       2.6436
                  2.6456       2.6182       2.6491       2.6198       2.6363
   5     60       2.6092       2.6198       2.6104       2.6137       2.6215
                  2.6234       2.5959       2.6270       2.5976       2.6141
   5     80       2.4903       2.5017       2.4912       2.4947       2.5029
                  2.5044       2.4761       2.5085       2.4784       2.4950
   5    100       2.2287       2.2418       2.2289       2.2327       2.2417
                  2.2426       2.2126       2.2477       2.2160       2.2327
 
 
 cumulative average & 95% error for solvation free energy
              total             1st component         2nd component         3rd component
  1     2.6417                0.0229                0.0092                2.6096
  2     2.6518     0.0201     0.0221     0.0016     0.0155     0.0125     2.6142     0.0092
  3     2.6460     0.0164     0.0289     0.0138     0.0042     0.0237     2.6129     0.0060
  4     2.6411     0.0152     0.0280     0.0099    -0.0001     0.0189     2.6133     0.0043
  5     2.6394     0.0122     0.0282     0.0077    -0.0038     0.0163     2.6150     0.0048
  6     2.6371     0.0110     0.0269     0.0068    -0.0062     0.0142     2.6164     0.0048
  7     2.6357     0.0097     0.0284     0.0064    -0.0066     0.0120     2.6139     0.0064
  8     2.6369     0.0087     0.0282     0.0056    -0.0071     0.0104     2.6158     0.0067
  9     2.6365     0.0077     0.0284     0.0049    -0.0057     0.0096     2.6138     0.0071
 10     2.6358     0.0071     0.0285     0.0044    -0.0066     0.0088     2.6139     0.0063
