 ERmod 0.3.7, Copyright (C) 2000-2019 Nobuyuki Matubayasi
                            2010-2019 Shun Sakuraba
 ERmod comes with ABSOLUTELY NO WARRANTY.
 This is free software, and you can redistribute it
 and/or modify it under certain conditions.
 See LICENSE file for details.
 ERmod 0.3.7, Copyright (C) 2000-2019 Nobuyuki Matubayasi
                            2010-2019 Shun Sakuraba
 ERmod comes with ABSOLUTELY NO WARRANTY.
 This is free software, and you can redistribute it
 and/or modify it under certain conditions.
 See LICENSE file for details.
 
  Number of the   1-th solvent  =          180
  Number of the   2-th solvent  =          180
  Number of the   3-th solvent  =        10000
 
  Be sure that the solvent distribution is homogeneous (radial distribution function is essentially unity) when the solvent molecule is separated beyond distance of   10.0 Angstrom in any direction from any atom within the solute molecule
 
  LJ long-range correction    =        -0.0022     -0.0750     -0.7109
 
  Self-energy of the solute   =        -0.0000  kcal/mol
 
 
 cumulative average & 95% error for solvation energy
              total             1st component         2nd component         3rd component
  1   -30.7849               -0.0458               -1.6989              -29.0401
  2   -30.7853     0.0008     0.2603     0.6122    -2.0409     0.6839   -29.0046     0.0709
  3   -30.9124     0.2543     0.3598     0.4056    -2.5631     1.1166   -28.7091     0.5925
  4   -30.9099     0.1799     0.0601     0.6644    -2.6356     0.8028   -28.3345     0.8584
  5   -30.9020     0.1403    -0.0118     0.5344    -2.4961     0.6815   -28.3941     0.6756
  6   -30.8597     0.1424     0.0561     0.4570    -2.4457     0.5655   -28.4701     0.5721
  7   -30.8644     0.1207     0.0046     0.3997    -2.4024     0.4857   -28.4666     0.4836
  8   -30.8477     0.1097     0.0078     0.3462    -2.3782     0.4234   -28.4773     0.4194
  9   -30.8624     0.1011    -0.0909     0.3637    -2.4679     0.4142   -28.3036     0.5074
 10   -30.8627     0.0905    -0.1231     0.3316    -2.4648     0.3706   -28.2747     0.4575
 
 
 group  inft  solvation free energy     error          difference
  total solvation free energy
   1      0         -3.99344           0.05812           0.00895
   1     60         -4.03216           0.05816          -0.02977
   1     80         -4.32002           0.05847          -0.31763
   1    100         -5.25733           0.05912          -1.25494
   2      0         -3.99955           0.05793           0.00284
   3      0         -4.00239           0.05749           0.00000
   4      0         -4.00582           0.06001          -0.00343
   5      0         -4.00140           0.05963           0.00099
   5     60         -4.05335           0.05969          -0.05096
   5     80         -4.40662           0.06003          -0.40423
   5    100         -5.26656           0.06055          -1.26417
 
  contribution from  1-th solvent component
   1      0          0.19384           0.17138           0.01252
   1     60          0.19493           0.17140           0.01362
   1     80          0.20254           0.17158           0.02122
   1    100          0.22231           0.17222           0.04100
   2      0          0.18563           0.17419           0.00432
   3      0          0.18131           0.17559           0.00000
   4      0          0.17854           0.17633          -0.00278
   5      0          0.17808           0.17660          -0.00323
   5     60          0.17952           0.17664          -0.00179
   5     80          0.18831           0.17692           0.00700
   5    100          0.20537           0.17768           0.02406
 
  contribution from  2-th solvent component
   1      0         -1.37687           0.18280          -0.00827
   1     60         -1.37786           0.18280          -0.00927
   1     80         -1.38514           0.18280          -0.01655
   1    100         -1.40839           0.18278          -0.03980
   2      0         -1.37039           0.18177          -0.00180
   3      0         -1.36859           0.18163           0.00000
   4      0         -1.36697           0.18207           0.00162
   5      0         -1.36751           0.18076           0.00108
   5     60         -1.36884           0.18076          -0.00025
   5     80         -1.37777           0.18076          -0.00918
   5    100         -1.39911           0.18073          -0.03052
 
  contribution from  3-th solvent component
   1      0         -2.81036           0.23431           0.00470
   1     60         -2.84917           0.23435          -0.03411
   1     80         -3.13737           0.23466          -0.32231
   1    100         -4.07120           0.23608          -1.25614
   2      0         -2.81474           0.23439           0.00032
   3      0         -2.81506           0.23383           0.00000
   4      0         -2.81733           0.23327          -0.00227
   5      0         -2.81193           0.23256           0.00313
   5     60         -2.86398           0.23261          -0.04892
   5     80         -3.21711           0.23300          -0.40205
   5    100         -4.07277           0.23429          -1.25771
 
 
 group  inft   Estimated free energy: total (kcal/mol)
   1      0      -3.9630      -3.9488      -4.1553      -4.0266      -3.9928
                 -3.8070      -4.0454      -3.9250      -4.0265      -4.0440
   1     60      -4.0019      -3.9874      -4.1942      -4.0653      -4.0316
                 -3.8456      -4.0841      -3.9637      -4.0652      -4.0827
   1     80      -4.2908      -4.2751      -4.4836      -4.3527      -4.3200
                 -4.1323      -4.3719      -4.2513      -4.3527      -4.3698
   1    100      -5.2322      -5.2125      -5.4241      -5.2878      -5.2591
                 -5.0663      -5.3106      -5.1884      -5.2880      -5.3043
   2      0      -3.9670      -3.9496      -4.1555      -4.0381      -3.9976
                 -3.8098      -4.0514      -3.9399      -4.0486      -4.0380
   3      0      -3.9623      -3.9514      -4.1529      -4.0486      -3.9945
                 -3.8147      -4.0535      -3.9474      -4.0522      -4.0464
   4      0      -3.9558      -3.9456      -4.1664      -4.0670      -3.9979
                 -3.8181      -4.0526      -3.9486      -4.0609      -4.0454
   5      0      -3.9554      -3.9398      -4.1585      -4.0511      -4.0000
                 -3.8135      -4.0523      -3.9394      -4.0576      -4.0464
   5     60      -4.0075      -3.9917      -4.2108      -4.1030      -4.0520
                 -3.8652      -4.1042      -3.9914      -4.1095      -4.0982
   5     80      -4.3619      -4.3447      -4.5658      -4.4561      -4.4057
                 -4.2170      -4.4575      -4.3445      -4.4626      -4.4506
   5    100      -5.2254      -5.2043      -5.4283      -5.3148      -5.2667
                 -5.0738      -5.3185      -5.2045      -5.3212      -5.3081
 
 group  inft   Estimated free energy: 1-th solvent contribution (kcal/mol)
   1      0       0.2752       0.5626       0.4863      -0.1695       0.0864
                  0.4863       0.0699       0.2833      -0.2123       0.0703
   1     60       0.2763       0.5637       0.4873      -0.1685       0.0875
                  0.4875       0.0710       0.2844      -0.2113       0.0713
   1     80       0.2839       0.5717       0.4944      -0.1616       0.0952
                  0.4960       0.0790       0.2925      -0.2040       0.0784
   1    100       0.3034       0.5927       0.5130      -0.1442       0.1149
                  0.5187       0.0995       0.3136      -0.1854       0.0970
   2      0       0.2744       0.5573       0.4820      -0.1795       0.0828
                  0.4817       0.0618       0.2673      -0.2406       0.0692
   3      0       0.2749       0.5537       0.4864      -0.1902       0.0823
                  0.4758       0.0601       0.2551      -0.2483       0.0634
   4      0       0.2802       0.5551       0.4744      -0.2001       0.0822
                  0.4720       0.0609       0.2553      -0.2542       0.0596
   5      0       0.2784       0.5546       0.4810      -0.1962       0.0810
                  0.4707       0.0569       0.2527      -0.2558       0.0575
   5     60       0.2798       0.5561       0.4824      -0.1949       0.0824
                  0.4723       0.0584       0.2542      -0.2544       0.0589
   5     80       0.2887       0.5654       0.4906      -0.1873       0.0915
                  0.4823       0.0676       0.2634      -0.2463       0.0671
   5    100       0.3058       0.5838       0.5069      -0.1729       0.1090
                  0.5024       0.0854       0.2813      -0.2309       0.0829
 
 group  inft   Estimated free energy: 2-th solvent contribution (kcal/mol)
   1      0      -1.0248      -1.3529      -1.9395      -1.5889      -1.0957
                 -1.1905      -1.2068      -1.2455      -1.6986      -1.4255
   1     60      -1.0258      -1.3539      -1.9405      -1.5899      -1.0967
                 -1.1915      -1.2078      -1.2465      -1.6996      -1.4265
   1     80      -1.0331      -1.3612      -1.9478      -1.5971      -1.1040
                 -1.1987      -1.2150      -1.2538      -1.7069      -1.4338
   1    100      -1.0565      -1.3846      -1.9709      -1.6203      -1.1273
                 -1.2217      -1.2383      -1.2771      -1.7303      -1.4568
   2      0      -1.0221      -1.3438      -1.9310      -1.5857      -1.0910
                 -1.1849      -1.2005      -1.2412      -1.6879      -1.4158
   3      0      -1.0219      -1.3432      -1.9297      -1.5828      -1.0908
                 -1.1816      -1.1992      -1.2365      -1.6851      -1.4153
   4      0      -1.0181      -1.3372      -1.9285      -1.5859      -1.0893
                 -1.1823      -1.1974      -1.2356      -1.6846      -1.4109
   5      0      -1.0247      -1.3398      -1.9277      -1.5816      -1.0942
                 -1.1805      -1.2009      -1.2321      -1.6832      -1.4104
   5     60      -1.0260      -1.3412      -1.9290      -1.5829      -1.0956
                 -1.1818      -1.2022      -1.2334      -1.6846      -1.4118
   5     80      -1.0351      -1.3501      -1.9379      -1.5917      -1.1045
                 -1.1907      -1.2110      -1.2424      -1.6936      -1.4207
   5    100      -1.0565      -1.3716      -1.9591      -1.6130      -1.1259
                 -1.2118      -1.2324      -1.2638      -1.7150      -1.4418
 
 group  inft   Estimated free energy: 3-th solvent contribution (kcal/mol)
   1      0      -3.2134      -3.1585      -2.7020      -2.2681      -2.9834
                 -3.1027      -2.9084      -2.9627      -2.1155      -2.6888
   1     60      -3.2523      -3.1973      -2.7410      -2.3068      -3.0223
                 -3.1415      -2.9472      -3.0016      -2.1542      -2.7274
   1     80      -3.5414      -3.4856      -3.0302      -2.5939      -3.3111
                 -3.4295      -3.2359      -3.2900      -2.4417      -3.0144
   1    100      -4.4790      -4.4206      -3.9662      -3.5232      -4.2466
                 -4.3632      -4.1718      -4.2247      -3.3723      -3.9444
   2      0      -3.2192      -3.1630      -2.7064      -2.2729      -2.9893
                 -3.1066      -2.9126      -2.9659      -2.1201      -2.6913
   3      0      -3.2153      -3.1618      -2.7097      -2.2755      -2.9860
                 -3.1089      -2.9144      -2.9660      -2.1187      -2.6944
   4      0      -3.2179      -3.1635      -2.7122      -2.2810      -2.9907
                 -3.1076      -2.9160      -2.9682      -2.1221      -2.6941
   5      0      -3.2090      -3.1545      -2.7118      -2.2733      -2.9867
                 -3.1036      -2.9083      -2.9601      -2.1185      -2.6934
   5     60      -3.2612      -3.2066      -2.7641      -2.3252      -3.0389
                 -3.1556      -2.9604      -3.0122      -2.1704      -2.7452
   5     80      -3.6155      -3.5598      -3.1184      -2.6770      -3.3926
                 -3.5086      -3.3140      -3.3655      -2.5227      -3.0969
   5    100      -4.4747      -4.4165      -3.9761      -3.5288      -4.2497
                 -4.3643      -4.1715      -4.2219      -3.3752      -3.9491
 
 
 cumulative average & 95% error for solvation free energy
              total             1st component         2nd component         3rd component
  1    -3.9623                0.2749               -1.0219               -3.2153
  2    -3.9568     0.0109     0.4143     0.2789    -1.1825     0.3213    -3.1886     0.0534
  3    -4.0222     0.1309     0.4383     0.1680    -1.4316     0.5315    -3.0289     0.3207
  4    -4.0288     0.0935     0.2812     0.3360    -1.4694     0.3834    -2.8406     0.4397
  5    -4.0219     0.0737     0.2414     0.2722    -1.3937     0.3333    -2.8696     0.3455
  6    -3.9874     0.0916     0.2805     0.2355    -1.3583     0.2812    -2.9095     0.2932
  7    -3.9968     0.0797     0.2490     0.2088    -1.3356     0.2420    -2.9102     0.2478
  8    -3.9907     0.0701     0.2498     0.1808    -1.3232     0.2110    -2.9172     0.2150
  9    -3.9975     0.0633     0.1944     0.1941    -1.3634     0.2027    -2.8285     0.2597
 10    -4.0024     0.0575     0.1813     0.1756    -1.3686     0.1816    -2.8151     0.2338
