 ERmod 0.3.7, Copyright (C) 2000-2019 Nobuyuki Matubayasi
                            2010-2019 Shun Sakuraba
 ERmod comes with ABSOLUTELY NO WARRANTY.
 This is free software, and you can redistribute it
 and/or modify it under certain conditions.
 See LICENSE file for details.
 ERmod 0.3.7, Copyright (C) 2000-2019 Nobuyuki Matubayasi
                            2010-2019 Shun Sakuraba
 ERmod comes with ABSOLUTELY NO WARRANTY.
 This is free software, and you can redistribute it
 and/or modify it under certain conditions.
 See LICENSE file for details.
 
  Number of the   1-th solvent  =          180
  Number of the   2-th solvent  =          180
  Number of the   3-th solvent  =        10000
 
  Be sure that the solvent distribution is homogeneous (radial distribution function is essentially unity) when the solvent molecule is separated beyond distance of   10.0 Angstrom in any direction from any atom within the solute molecule
 
  LJ long-range correction    =        -0.0045     -0.0042     -0.3059
 
  Self-energy of the solute   =        -0.0001  kcal/mol
 
 
 cumulative average & 95% error for solvation energy
              total             1st component         2nd component         3rd component
  1   -21.2402               -0.7612               -0.6396              -19.8393
  2   -21.2036     0.0731    -0.7267     0.0690    -0.5454     0.1883   -19.9314     0.1842
  3   -21.1998     0.0429    -0.7133     0.0480    -0.5410     0.1091   -19.9454     0.1100
  4   -21.3403     0.2827    -0.7755     0.1290    -1.0029     0.9270   -19.5618     0.7711
  5   -21.3844     0.2361    -0.5983     0.3682    -1.2737     0.8994   -19.5123     0.6054
  6   -21.5125     0.3207    -0.6984     0.3611    -1.7928     1.2716   -19.0213     1.0994
  7   -21.6778     0.4274    -0.7260     0.3102    -2.3581     1.5599   -18.5937     1.2628
  8   -21.7231     0.3811    -0.8307     0.3407    -2.4976     1.3794   -18.3945     1.1639
  9   -21.6667     0.3545    -0.9216     0.3512    -2.2647     1.3027   -18.4802     1.0407
 10   -21.6044     0.3407    -0.9370     0.3156    -2.0531     1.2396   -18.6142     0.9686
 
 
 group  inft  solvation free energy     error          difference
  total solvation free energy
   1      0         -4.44674           0.14505           0.00937
   1     60         -4.47078           0.14509          -0.01467
   1     80         -4.63243           0.14514          -0.17632
   1    100         -5.11225           0.14468          -0.65614
   2      0         -4.45358           0.14164           0.00253
   3      0         -4.45611           0.14071           0.00000
   4      0         -4.45649           0.14295          -0.00038
   5      0         -4.45673           0.14135          -0.00062
   5     60         -4.48880           0.14138          -0.03270
   5     80         -4.68461           0.14138          -0.22851
   5    100         -5.12377           0.14081          -0.66767
 
  contribution from  1-th solvent component
   1      0         -0.29803           0.17687           0.00758
   1     60         -0.29822           0.17690           0.00738
   1     80         -0.29983           0.17703           0.00577
   1    100         -0.30508           0.17736           0.00052
   2      0         -0.30456           0.17007           0.00104
   3      0         -0.30560           0.16917           0.00000
   4      0         -0.30722           0.16663          -0.00162
   5      0         -0.30495           0.16610           0.00065
   5     60         -0.30524           0.16612           0.00036
   5     80         -0.30738           0.16622          -0.00178
   5    100         -0.31258           0.16639          -0.00698
 
  contribution from  2-th solvent component
   1      0         -1.09436           0.58466          -0.00186
   1     60         -1.09413           0.58470          -0.00162
   1     80         -1.09334           0.58495          -0.00084
   1    100         -1.09327           0.58566          -0.00077
   2      0         -1.09284           0.58474          -0.00034
   3      0         -1.09250           0.58533           0.00000
   4      0         -1.09355           0.58529          -0.00105
   5      0         -1.09138           0.58546           0.00112
   5     60         -1.09112           0.58550           0.00138
   5     80         -1.09057           0.58581           0.00193
   5    100         -1.09120           0.58650           0.00130
 
  contribution from  3-th solvent component
   1      0         -3.05424           0.51621           0.00365
   1     60         -3.07832           0.51621          -0.02042
   1     80         -3.23914           0.51651          -0.18124
   1    100         -3.71378           0.51812          -0.65589
   2      0         -3.05606           0.51612           0.00183
   3      0         -3.05789           0.51634           0.00000
   4      0         -3.05560           0.51392           0.00229
   5      0         -3.06028           0.51559          -0.00239
   5     60         -3.09233           0.51560          -0.03443
   5     80         -3.28656           0.51599          -0.22866
   5    100         -3.71988           0.51753          -0.66199
 
 
 group  inft   Estimated free energy: total (kcal/mol)
   1      0      -4.3246      -4.3331      -4.2358      -4.4600      -4.3349
                 -4.6855      -4.6570      -4.8726      -4.4426      -4.1214
   1     60      -4.3486      -4.3570      -4.2598      -4.4841      -4.3590
                 -4.7096      -4.6811      -4.8966      -4.4666      -4.1453
   1     80      -4.5102      -4.5186      -4.4218      -4.6460      -4.5208
                 -4.8715      -4.8428      -5.0579      -4.6288      -4.3058
   1    100      -4.9912      -4.9995      -4.9042      -5.1253      -5.0002
                 -5.3501      -5.3204      -5.5364      -5.1114      -4.7839
   2      0      -4.3351      -4.3545      -4.2443      -4.4677      -4.3670
                 -4.6700      -4.6616      -4.8753      -4.4352      -4.1252
   3      0      -4.3431      -4.3544      -4.2354      -4.4754      -4.3814
                 -4.6633      -4.6638      -4.8774      -4.4325      -4.1343
   4      0      -4.3428      -4.3534      -4.2366      -4.4687      -4.3835
                 -4.6700      -4.6735      -4.8806      -4.4295      -4.1262
   5      0      -4.3463      -4.3468      -4.2456      -4.4638      -4.3907
                 -4.6507      -4.6784      -4.8839      -4.4305      -4.1307
   5     60      -4.3783      -4.3788      -4.2777      -4.4959      -4.4228
                 -4.6829      -4.7106      -4.9159      -4.4626      -4.1625
   5     80      -4.5742      -4.5748      -4.4739      -4.6919      -4.6189
                 -4.8788      -4.9064      -5.1111      -4.6589      -4.3571
   5    100      -5.0144      -5.0155      -4.9153      -5.1306      -5.0581
                 -5.3166      -5.3436      -5.5485      -5.1003      -4.7949
 
 group  inft   Estimated free energy: 1-th solvent contribution (kcal/mol)
   1      0      -0.2367      -0.0985      -0.1038      -0.3154       0.2308
                 -0.5002      -0.2503      -0.7417      -0.6141      -0.3504
   1     60      -0.2368      -0.0987      -0.1040      -0.3157       0.2307
                 -0.5004      -0.2505      -0.7420      -0.6143      -0.3506
   1     80      -0.2382      -0.1003      -0.1057      -0.3174       0.2297
                 -0.5022      -0.2522      -0.7438      -0.6161      -0.3520
   1    100      -0.2429      -0.1053      -0.1114      -0.3233       0.2261
                 -0.5079      -0.2578      -0.7496      -0.6219      -0.3569
   2      0      -0.2477      -0.1154      -0.1087      -0.3219       0.1954
                 -0.4953      -0.2490      -0.7372      -0.6111      -0.3547
   3      0      -0.2560      -0.1134      -0.1084      -0.3203       0.1891
                 -0.4933      -0.2476      -0.7370      -0.6110      -0.3581
   4      0      -0.2551      -0.1181      -0.1135      -0.3220       0.1780
                 -0.4953      -0.2505      -0.7345      -0.6067      -0.3544
   5      0      -0.2522      -0.1113      -0.1149      -0.3180       0.1767
                 -0.4873      -0.2509      -0.7338      -0.6045      -0.3532
   5     60      -0.2524      -0.1116      -0.1153      -0.3183       0.1765
                 -0.4876      -0.2513      -0.7342      -0.6049      -0.3534
   5     80      -0.2542      -0.1138      -0.1176      -0.3207       0.1750
                 -0.4899      -0.2536      -0.7365      -0.6072      -0.3554
   5    100      -0.2591      -0.1190      -0.1231      -0.3264       0.1708
                 -0.4953      -0.2590      -0.7418      -0.6126      -0.3603
 
 group  inft   Estimated free energy: 2-th solvent contribution (kcal/mol)
   1      0      -0.3761      -0.4155      -0.3343      -1.2390      -1.2214
                 -2.2269      -2.7135      -1.9208      -0.4473      -0.0485
   1     60      -0.3759      -0.4152      -0.3341      -1.2388      -1.2212
                 -2.2267      -2.7134      -1.9206      -0.4470      -0.0482
   1     80      -0.3748      -0.4139      -0.3333      -1.2384      -1.2206
                 -2.2263      -2.7130      -1.9204      -0.4464      -0.0462
   1    100      -0.3740      -0.4126      -0.3330      -1.2390      -1.2210
                 -2.2274      -2.7143      -1.9218      -0.4467      -0.0430
   2      0      -0.3740      -0.4181      -0.3339      -1.2398      -1.2190
                 -2.2141      -2.7164      -1.9261      -0.4405      -0.0465
   3      0      -0.3732      -0.4165      -0.3258      -1.2458      -1.2222
                 -2.2096      -2.7190      -1.9265      -0.4364      -0.0500
   4      0      -0.3782      -0.4173      -0.3268      -1.2412      -1.2191
                 -2.2110      -2.7210      -1.9305      -0.4400      -0.0504
   5      0      -0.3761      -0.4102      -0.3274      -1.2361      -1.2220
                 -2.2012      -2.7226      -1.9322      -0.4374      -0.0485
   5     60      -0.3758      -0.4098      -0.3271      -1.2359      -1.2217
                 -2.2010      -2.7224      -1.9320      -0.4372      -0.0481
   5     80      -0.3750      -0.4088      -0.3265      -1.2358      -1.2214
                 -2.2009      -2.7225      -1.9320      -0.4367      -0.0461
   5    100      -0.3749      -0.4084      -0.3268      -1.2370      -1.2226
                 -2.2027      -2.7245      -1.9339      -0.4376      -0.0438
 
 group  inft   Estimated free energy: 3-th solvent contribution (kcal/mol)
   1      0      -3.7117      -3.8189      -3.7976      -2.9054      -3.3441
                 -1.9582      -1.6931      -2.2100      -3.3811      -3.7223
   1     60      -3.7358      -3.8430      -3.8216      -2.9295      -3.3684
                 -1.9824      -1.7172      -2.2339      -3.4051      -3.7464
   1     80      -3.8971      -4.0043      -3.9826      -3.0900      -3.5298
                 -2.1429      -1.8774      -2.3936      -3.5662      -3.9074
   1    100      -4.3741      -4.4816      -4.4597      -3.5629      -4.0051
                 -2.6147      -2.3483      -2.8649      -4.0427      -4.3839
   2      0      -3.7133      -3.8209      -3.8015      -2.9058      -3.3433
                 -1.9605      -1.6961      -2.2119      -3.3834      -3.7239
   3      0      -3.7138      -3.8244      -3.8011      -2.9092      -3.3482
                 -1.9603      -1.6972      -2.2138      -3.3850      -3.7261
   4      0      -3.7095      -3.8178      -3.7961      -2.9054      -3.3423
                 -1.9636      -1.7018      -2.2155      -3.3827      -3.7212
   5      0      -3.7179      -3.8251      -3.8032      -2.9095      -3.3453
                 -1.9621      -1.7047      -2.2177      -3.3884      -3.7288
   5     60      -3.7500      -3.8572      -3.8352      -2.9415      -3.3775
                 -1.9942      -1.7368      -2.2496      -3.4204      -3.7609
   5     80      -3.9448      -4.0521      -4.0297      -3.1354      -3.5724
                 -2.1879      -1.9303      -2.4425      -3.6150      -3.9555
   5    100      -4.3804      -4.4880      -4.4653      -3.5671      -4.0062
                 -2.6184      -2.3601      -2.8727      -4.0499      -4.3907
 
 
 cumulative average & 95% error for solvation free energy
              total             1st component         2nd component         3rd component
  1    -4.3431               -0.2560               -0.3732               -3.7138
  2    -4.3487     0.0113    -0.1847     0.1425    -0.3949     0.0433    -3.7691     0.1105
  3    -4.3110     0.0758    -0.1593     0.0967    -0.3718     0.0524    -3.7797     0.0673
  4    -4.3521     0.0981    -0.1995     0.1056    -0.5903     0.4386    -3.5621     0.4379
  5    -4.3579     0.0769    -0.1218     0.1757    -0.7167     0.4234    -3.5193     0.3498
  6    -4.4088     0.1196    -0.1837     0.1895    -0.9655     0.6059    -3.2595     0.5930
  7    -4.4453     0.1246    -0.1928     0.1612    -1.2160     0.7164    -3.0363     0.6711
  8    -4.4993     0.1527    -0.2609     0.1949    -1.3048     0.6454    -2.9335     0.6165
  9    -4.4919     0.1355    -0.2998     0.1887    -1.2083     0.6010    -2.9836     0.5529
 10    -4.4561     0.1407    -0.3056     0.1692    -1.0925     0.5853    -3.0579     0.5163
