 ERmod 0.3.7, Copyright (C) 2000-2019 Nobuyuki Matubayasi
                            2010-2019 Shun Sakuraba
 ERmod comes with ABSOLUTELY NO WARRANTY.
 This is free software, and you can redistribute it
 and/or modify it under certain conditions.
 See LICENSE file for details.
 ERmod 0.3.7, Copyright (C) 2000-2019 Nobuyuki Matubayasi
                            2010-2019 Shun Sakuraba
 ERmod comes with ABSOLUTELY NO WARRANTY.
 This is free software, and you can redistribute it
 and/or modify it under certain conditions.
 See LICENSE file for details.
 
  Number of the   1-th solvent  =           90
  Number of the   2-th solvent  =           90
  Number of the   3-th solvent  =        10000
 
  Be sure that the solvent distribution is homogeneous (radial distribution function is essentially unity) when the solvent molecule is separated beyond distance of   10.0 Angstrom in any direction from any atom within the solute molecule
 
  LJ long-range correction    =        -0.0005     -0.0182     -0.3457
 
  Self-energy of the solute   =         0.0000  kcal/mol
 
 
 cumulative average & 95% error for solvation energy
              total             1st component         2nd component         3rd component
  1    -9.2099                0.1115               -0.4013               -8.9202
  2    -9.1920     0.0357     0.1113     0.0005    -0.3652     0.0722    -8.9382     0.0359
  3    -9.1994     0.0253     0.1108     0.0010    -0.3977     0.0773    -8.9125     0.0554
  4    -9.2009     0.0182     0.1107     0.0007    -0.3679     0.0809    -8.9437     0.0738
  5    -9.2035     0.0150     0.1103     0.0009    -0.3755     0.0645    -8.9383     0.0582
  6    -9.2125     0.0218     0.1103     0.0008    -0.3938     0.0641    -8.9290     0.0510
  7    -9.2128     0.0184     0.1101     0.0008    -0.3971     0.0546    -8.9258     0.0436
  8    -9.2155     0.0169     0.1095     0.0014    -0.4028     0.0486    -8.9222     0.0384
  9    -9.2135     0.0154     0.1092     0.0013    -0.3928     0.0474    -8.9300     0.0373
 10    -9.2096     0.0158     0.1092     0.0012    -0.3855     0.0448    -8.9333     0.0340
 
 
 group  inft  solvation free energy     error          difference
  total solvation free energy
   1      0          2.78072           0.00700          -0.00020
   1     60          2.76590           0.00700          -0.01503
   1     80          2.65424           0.00709          -0.12668
   1    100          2.25981           0.00742          -0.52111
   2      0          2.77192           0.00712          -0.00900
   3      0          2.78092           0.00715           0.00000
   4      0          2.76450           0.00759          -0.01643
   5      0          2.81934           0.00701           0.03842
   5     60          2.79939           0.00702           0.01847
   5     80          2.65972           0.00712          -0.12120
   5    100          2.29266           0.00738          -0.48826
 
  contribution from  1-th solvent component
   1      0          0.10374           0.00451           0.00443
   1     60          0.10402           0.00451           0.00471
   1     80          0.10609           0.00455           0.00678
   1    100          0.11187           0.00474           0.01256
   2      0          0.10043           0.00372           0.00111
   3      0          0.09931           0.00362           0.00000
   4      0          0.09764           0.00339          -0.00167
   5      0          0.09829           0.00337          -0.00103
   5     60          0.09865           0.00337          -0.00066
   5     80          0.10107           0.00342           0.00175
   5    100          0.10617           0.00361           0.00686
 
  contribution from  2-th solvent component
   1      0         -0.17207           0.02213           0.00156
   1     60         -0.17215           0.02215           0.00148
   1     80         -0.17279           0.02234           0.00084
   1    100         -0.17507           0.02299          -0.00145
   2      0         -0.17314           0.02196           0.00048
   3      0         -0.17363           0.02200           0.00000
   4      0         -0.17438           0.02201          -0.00075
   5      0         -0.17463           0.02199          -0.00101
   5     60         -0.17476           0.02202          -0.00113
   5     80         -0.17564           0.02225          -0.00201
   5    100         -0.17792           0.02284          -0.00430
 
  contribution from  3-th solvent component
   1      0          2.84902           0.01797          -0.00619
   1     60          2.83400           0.01799          -0.02121
   1     80          2.72092           0.01815          -0.13429
   1    100          2.32299           0.01876          -0.53223
   2      0          2.84462           0.01782          -0.01060
   3      0          2.85521           0.01770           0.00000
   4      0          2.84121           0.01743          -0.01400
   5      0          2.89567           0.01717           0.04045
   5     60          2.87547           0.01719           0.02026
   5     80          2.73427           0.01739          -0.12094
   5    100          2.36439           0.01795          -0.49082
 
 
 group  inft   Estimated free energy: total (kcal/mol)
   1      0       2.7903       2.7950       2.7737       2.7783       2.7704
                  2.7623       2.7784       2.7752       2.7884       2.7951
   1     60       2.7755       2.7802       2.7588       2.7635       2.7556
                  2.7474       2.7636       2.7604       2.7737       2.7803
   1     80       2.6642       2.6683       2.6466       2.6520       2.6434
                  2.6357       2.6523       2.6488       2.6625       2.6686
   1    100       2.2710       2.2737       2.2508       2.2577       2.2473
                  2.2410       2.2586       2.2547       2.2690       2.2743
   2      0       2.7817       2.7843       2.7633       2.7687       2.7614
                  2.7534       2.7706       2.7671       2.7812       2.7875
   3      0       2.7887       2.7960       2.7729       2.7770       2.7708
                  2.7637       2.7765       2.7764       2.7903       2.7969
   4      0       2.7745       2.7788       2.7541       2.7622       2.7532
                  2.7458       2.7608       2.7600       2.7749       2.7806
   5      0       2.8268       2.8331       2.8091       2.8190       2.8112
                  2.8000       2.8154       2.8166       2.8283       2.8339
   5     60       2.8069       2.8131       2.7890       2.7991       2.7912
                  2.7801       2.7955       2.7967       2.8084       2.8139
   5     80       2.6677       2.6733       2.6488       2.6595       2.6509
                  2.6403       2.6562       2.6570       2.6693       2.6742
   5    100       2.3017       2.3061       2.2808       2.2925       2.2824
                  2.2730       2.2898       2.2901       2.3031       2.3070
 
 group  inft   Estimated free energy: 1-th solvent contribution (kcal/mol)
   1      0       0.1075       0.1099       0.1130       0.1073       0.1110
                  0.1047       0.0934       0.0986       0.0958       0.0961
   1     60       0.1078       0.1102       0.1133       0.1076       0.1113
                  0.1050       0.0937       0.0989       0.0961       0.0964
   1     80       0.1100       0.1124       0.1153       0.1097       0.1133
                  0.1071       0.0958       0.1008       0.0980       0.0983
   1    100       0.1163       0.1188       0.1213       0.1161       0.1188
                  0.1129       0.1016       0.1064       0.1030       0.1037
   2      0       0.1039       0.1053       0.1083       0.1035       0.1058
                  0.1009       0.0910       0.0972       0.0940       0.0945
   3      0       0.1019       0.1043       0.1073       0.1018       0.1049
                  0.0995       0.0902       0.0964       0.0930       0.0938
   4      0       0.1001       0.1023       0.1047       0.1005       0.1025
                  0.0985       0.0888       0.0950       0.0922       0.0919
   5      0       0.1012       0.1027       0.1059       0.1008       0.1030
                  0.0983       0.0898       0.0959       0.0928       0.0925
   5     60       0.1016       0.1031       0.1063       0.1011       0.1034
                  0.0986       0.0902       0.0963       0.0931       0.0928
   5     80       0.1042       0.1057       0.1087       0.1037       0.1057
                  0.1011       0.0926       0.0986       0.0953       0.0951
   5    100       0.1099       0.1113       0.1139       0.1093       0.1106
                  0.1062       0.0978       0.1035       0.0996       0.0996
 
 group  inft   Estimated free energy: 2-th solvent contribution (kcal/mol)
   1      0      -0.1801      -0.1475      -0.2112      -0.1159      -0.1875
                 -0.2181      -0.1836      -0.2009      -0.1357      -0.1402
   1     60      -0.1801      -0.1476      -0.2113      -0.1159      -0.1876
                 -0.2183      -0.1837      -0.2010      -0.1357      -0.1402
   1     80      -0.1808      -0.1483      -0.2122      -0.1159      -0.1885
                 -0.2192      -0.1844      -0.2018      -0.1359      -0.1407
   1    100      -0.1833      -0.1510      -0.2155      -0.1160      -0.1917
                 -0.2226      -0.1871      -0.2048      -0.1366      -0.1422
   2      0      -0.1807      -0.1480      -0.2123      -0.1181      -0.1882
                 -0.2187      -0.1851      -0.2020      -0.1370      -0.1412
   3      0      -0.1814      -0.1481      -0.2126      -0.1188      -0.1886
                 -0.2193      -0.1857      -0.2028      -0.1370      -0.1420
   4      0      -0.1820      -0.1486      -0.2133      -0.1195      -0.1891
                 -0.2197      -0.1874      -0.2039      -0.1382      -0.1422
   5      0      -0.1828      -0.1488      -0.2131      -0.1200      -0.1888
                 -0.2202      -0.1877      -0.2042      -0.1382      -0.1425
   5     60      -0.1830      -0.1490      -0.2133      -0.1200      -0.1890
                 -0.2204      -0.1878      -0.2043      -0.1382      -0.1426
   5     80      -0.1839      -0.1499      -0.2145      -0.1201      -0.1902
                 -0.2217      -0.1888      -0.2055      -0.1386      -0.1432
   5    100      -0.1864      -0.1525      -0.2176      -0.1205      -0.1932
                 -0.2249      -0.1915      -0.2085      -0.1394      -0.1449
 
 group  inft   Estimated free energy: 3-th solvent contribution (kcal/mol)
   1      0       2.8628       2.8326       2.8719       2.7869       2.8470
                  2.8757       2.8685       2.8775       2.8283       2.8392
   1     60       2.8478       2.8175       2.8568       2.7718       2.8319
                  2.8607       2.8535       2.8625       2.8133       2.8241
   1     80       2.7350       2.7042       2.7435       2.6581       2.7187
                  2.7478       2.7408       2.7498       2.7003       2.7109
   1    100       2.3380       2.3059       2.3450       2.2576       2.3203
                  2.3507       2.3440       2.3530       2.3026       2.3128
   2      0       2.8585       2.8271       2.8673       2.7833       2.8438
                  2.8712       2.8647       2.8718       2.8242       2.8342
   3      0       2.8682       2.8399       2.8782       2.7940       2.8544
                  2.8835       2.8720       2.8827       2.8343       2.8450
   4      0       2.8563       2.8251       2.8627       2.7812       2.8397
                  2.8669       2.8594       2.8689       2.8209       2.8309
   5      0       2.9084       2.8792       2.9163       2.8382       2.8970
                  2.9219       2.9132       2.9249       2.8737       2.8839
   5     60       2.8883       2.8589       2.8960       2.8179       2.8768
                  2.9018       2.8931       2.9047       2.8535       2.8637
   5     80       2.7474       2.7175       2.7546       2.6759       2.7354
                  2.7609       2.7524       2.7639       2.7124       2.7224
   5    100       2.3782       2.3472       2.3845       2.3036       2.3650
                  2.3917       2.3835       2.3950       2.3428       2.3523
 
 
 cumulative average & 95% error for solvation free energy
              total             1st component         2nd component         3rd component
  1     2.7887                0.1019               -0.1814                2.8682
  2     2.7924     0.0073     0.1031     0.0023    -0.1648     0.0333     2.8540     0.0283
  3     2.7859     0.0136     0.1045     0.0031    -0.1807     0.0372     2.8621     0.0229
  4     2.7837     0.0106     0.1038     0.0026    -0.1652     0.0406     2.8450     0.0377
  5     2.7811     0.0097     0.1040     0.0021    -0.1699     0.0328     2.8469     0.0294
  6     2.7782     0.0098     0.1033     0.0023    -0.1781     0.0315     2.8530     0.0269
  7     2.7780     0.0083     0.1014     0.0042    -0.1792     0.0267     2.8557     0.0234
  8     2.7778     0.0072     0.1008     0.0038    -0.1822     0.0238     2.8591     0.0214
  9     2.7792     0.0069     0.0999     0.0038    -0.1771     0.0233     2.8563     0.0196
 10     2.7809     0.0071     0.0993     0.0036    -0.1736     0.0220     2.8552     0.0177
