 ERmod 0.3.7, Copyright (C) 2000-2019 Nobuyuki Matubayasi
                            2010-2019 Shun Sakuraba
 ERmod comes with ABSOLUTELY NO WARRANTY.
 This is free software, and you can redistribute it
 and/or modify it under certain conditions.
 See LICENSE file for details.
 ERmod 0.3.7, Copyright (C) 2000-2019 Nobuyuki Matubayasi
                            2010-2019 Shun Sakuraba
 ERmod comes with ABSOLUTELY NO WARRANTY.
 This is free software, and you can redistribute it
 and/or modify it under certain conditions.
 See LICENSE file for details.
 
  Number of the   1-th solvent  =           90
  Number of the   2-th solvent  =           90
  Number of the   3-th solvent  =        10000
 
  Be sure that the solvent distribution is homogeneous (radial distribution function is essentially unity) when the solvent molecule is separated beyond distance of   10.0 Angstrom in any direction from any atom within the solute molecule
 
  LJ long-range correction    =        -0.0026     -0.0024     -0.3526
 
  Self-energy of the solute   =         0.0000  kcal/mol
 
 
 cumulative average & 95% error for solvation energy
              total             1st component         2nd component         3rd component
  1    -9.1705                0.0928               -0.1423               -9.1210
  2    -9.1498     0.0414     0.0923     0.0009    -0.1361     0.0123    -9.1060     0.0300
  3    -9.1567     0.0276     0.0882     0.0083    -0.1372     0.0074    -9.1077     0.0177
  4    -9.1449     0.0306     0.0908     0.0079    -0.1356     0.0061    -9.1001     0.0196
  5    -9.1451     0.0237     0.0919     0.0065    -0.1362     0.0049    -9.1009     0.0153
  6    -9.1418     0.0205     0.0928     0.0056    -0.1359     0.0040    -9.0988     0.0132
  7    -9.1451     0.0185     0.0910     0.0060    -0.1351     0.0038    -9.1010     0.0120
  8    -9.1434     0.0163     0.0926     0.0061    -0.1351     0.0033    -9.1010     0.0104
  9    -9.1427     0.0145     0.0914     0.0059    -0.1351     0.0029    -9.0990     0.0100
 10    -9.1431     0.0130     0.0918     0.0053    -0.1354     0.0026    -9.0995     0.0090
 
 
 group  inft  solvation free energy     error          difference
  total solvation free energy
   1      0          3.05652           0.01615           0.00111
   1     60          3.04553           0.01619          -0.00988
   1     80          2.95050           0.01664          -0.10491
   1    100          2.58093           0.01863          -0.47447
   2      0          3.04602           0.01502          -0.00939
   3      0          3.05541           0.01465          -0.00000
   4      0          3.03951           0.01423          -0.01589
   5      0          3.09433           0.01420           0.03892
   5     60          3.07936           0.01425           0.02395
   5     80          2.95840           0.01483          -0.09701
   5    100          2.61265           0.01672          -0.44276
 
  contribution from  1-th solvent component
   1      0          0.16389           0.00725           0.00326
   1     60          0.16393           0.00727           0.00330
   1     80          0.16447           0.00760           0.00384
   1    100          0.16566           0.00897           0.00503
   2      0          0.16157           0.00668           0.00094
   3      0          0.16063           0.00667           0.00000
   4      0          0.15978           0.00652          -0.00085
   5      0          0.15998           0.00672          -0.00065
   5     60          0.16003           0.00676          -0.00060
   5     80          0.16047           0.00718          -0.00016
   5    100          0.16107           0.00847           0.00044
 
  contribution from  2-th solvent component
   1      0         -0.09753           0.00721           0.00290
   1     60         -0.09728           0.00723           0.00315
   1     80         -0.09607           0.00741           0.00436
   1    100         -0.09306           0.00816           0.00736
   2      0         -0.09980           0.00662           0.00062
   3      0         -0.10043           0.00618           0.00000
   4      0         -0.10063           0.00622          -0.00020
   5      0         -0.10133           0.00629          -0.00090
   5     60         -0.10101           0.00632          -0.00058
   5     80         -0.09958           0.00655           0.00084
   5    100         -0.09689           0.00728           0.00354
 
  contribution from  3-th solvent component
   1      0          2.99014           0.00789          -0.00504
   1     60          2.97886           0.00789          -0.01632
   1     80          2.88208           0.00802          -0.11311
   1    100          2.50832           0.00862          -0.48686
   2      0          2.98423           0.00759          -0.01095
   3      0          2.99518           0.00768           0.00000
   4      0          2.98034           0.00749          -0.01484
   5      0          3.03565           0.00707           0.04047
   5     60          3.02031           0.00709           0.02513
   5     80          2.89749           0.00726          -0.09769
   5    100          2.54844           0.00785          -0.44674
 
 
 group  inft   Estimated free energy: total (kcal/mol)
   1      0       3.0192       3.0686       3.0162       3.1016       3.0486
                  3.0687       3.0523       3.0768       3.0610       3.0521
   1     60       3.0082       3.0576       3.0051       3.0907       3.0376
                  3.0578       3.0413       3.0659       3.0500       3.0411
   1     80       2.9124       2.9627       2.9086       2.9966       2.9425
                  2.9633       2.9460       2.9720       2.9546       2.9462
   1    100       2.5388       2.5941       2.5333       2.6312       2.5729
                  2.5966       2.5750       2.6071       2.5835       2.5767
   2      0       3.0118       3.0564       3.0071       3.0862       3.0390
                  3.0555       3.0426       3.0671       3.0533       3.0410
   3      0       3.0212       3.0655       3.0176       3.0936       3.0473
                  3.0660       3.0535       3.0759       3.0625       3.0510
   4      0       3.0082       3.0496       3.0027       3.0772       3.0309
                  3.0476       3.0387       3.0605       3.0474       3.0322
   5      0       3.0644       3.1050       3.0569       3.1308       3.0842
                  3.1081       3.0912       3.1145       3.1004       3.0876
   5     60       3.0494       3.0901       3.0417       3.1160       3.0692
                  3.0932       3.0762       3.0997       3.0854       3.0727
   5     80       2.9273       2.9695       2.9190       2.9962       2.9481
                  2.9730       2.9549       2.9801       2.9640       2.9518
   5    100       2.5774       2.6248       2.5680       2.6544       2.6021
                  2.6300       2.6080       2.6386       2.6170       2.6061
 
 group  inft   Estimated free energy: 1-th solvent contribution (kcal/mol)
   1      0       0.1621       0.1590       0.1506       0.1751       0.1698
                  0.1711       0.1499       0.1812       0.1491       0.1709
   1     60       0.1621       0.1590       0.1506       0.1752       0.1698
                  0.1712       0.1499       0.1813       0.1491       0.1710
   1     80       0.1624       0.1594       0.1506       0.1760       0.1706
                  0.1723       0.1498       0.1827       0.1489       0.1719
   1    100       0.1625       0.1599       0.1493       0.1786       0.1731
                  0.1758       0.1484       0.1870       0.1472       0.1748
   2      0       0.1589       0.1572       0.1494       0.1716       0.1670
                  0.1696       0.1486       0.1770       0.1479       0.1684
   3      0       0.1582       0.1568       0.1484       0.1697       0.1660
                  0.1688       0.1477       0.1765       0.1470       0.1673
   4      0       0.1578       0.1557       0.1479       0.1690       0.1646
                  0.1678       0.1470       0.1754       0.1466       0.1661
   5      0       0.1573       0.1558       0.1477       0.1695       0.1648
                  0.1684       0.1471       0.1759       0.1464       0.1671
   5     60       0.1573       0.1558       0.1476       0.1696       0.1649
                  0.1685       0.1470       0.1760       0.1464       0.1672
   5     80       0.1574       0.1561       0.1474       0.1704       0.1656
                  0.1696       0.1467       0.1775       0.1460       0.1681
   5    100       0.1568       0.1561       0.1456       0.1722       0.1672
                  0.1724       0.1449       0.1811       0.1441       0.1703
 
 group  inft   Estimated free energy: 2-th solvent contribution (kcal/mol)
   1      0      -0.1137      -0.0837      -0.1064      -0.0827      -0.1074
                 -0.0976      -0.0832      -0.0996      -0.0936      -0.1073
   1     60      -0.1135      -0.0834      -0.1062      -0.0824      -0.1072
                 -0.0974      -0.0829      -0.0994      -0.0933      -0.1070
   1     80      -0.1127      -0.0819      -0.1053      -0.0808      -0.1062
                 -0.0961      -0.0814      -0.0982      -0.0920      -0.1060
   1    100      -0.1116      -0.0776      -0.1036      -0.0762      -0.1039
                 -0.0931      -0.0770      -0.0952      -0.0883      -0.1040
   2      0      -0.1142      -0.0868      -0.1083      -0.0871      -0.1084
                 -0.1022      -0.0861      -0.1013      -0.0949      -0.1088
   3      0      -0.1143      -0.0880      -0.1085      -0.0894      -0.1081
                 -0.1016      -0.0872      -0.1021      -0.0962      -0.1089
   4      0      -0.1144      -0.0879      -0.1081      -0.0902      -0.1084
                 -0.1029      -0.0869      -0.1024      -0.0959      -0.1093
   5      0      -0.1149      -0.0887      -0.1091      -0.0892      -0.1103
                 -0.1022      -0.0883      -0.1041      -0.0972      -0.1093
   5     60      -0.1146      -0.0883      -0.1088      -0.0888      -0.1101
                 -0.1019      -0.0879      -0.1038      -0.0969      -0.1090
   5     80      -0.1137      -0.0865      -0.1078      -0.0869      -0.1089
                 -0.1004      -0.0860      -0.1024      -0.0953      -0.1079
   5    100      -0.1128      -0.0826      -0.1064      -0.0826      -0.1070
                 -0.0977      -0.0820      -0.0998      -0.0920      -0.1060
 
 group  inft   Estimated free energy: 3-th solvent contribution (kcal/mol)
   1      0       2.9709       2.9933       2.9720       3.0092       2.9862
                  2.9952       2.9856       2.9952       3.0055       2.9884
   1     60       2.9596       2.9820       2.9607       2.9979       2.9749
                  2.9839       2.9743       2.9839       2.9942       2.9771
   1     80       2.8627       2.8852       2.8633       2.9014       2.8780
                  2.8872       2.8775       2.8876       2.8976       2.8803
   1    100       2.4879       2.5118       2.4876       2.5288       2.5038
                  2.5139       2.5036       2.5153       2.5246       2.5059
   2      0       2.9671       2.9861       2.9660       3.0016       2.9804
                  2.9881       2.9801       2.9915       3.0003       2.9814
   3      0       2.9772       2.9967       2.9777       3.0132       2.9894
                  2.9988       2.9930       3.0015       3.0117       2.9926
   4      0       2.9647       2.9818       2.9629       2.9984       2.9747
                  2.9827       2.9786       2.9876       2.9967       2.9754
   5      0       3.0220       3.0379       3.0183       3.0506       3.0297
                  3.0419       3.0324       3.0427       3.0512       3.0298
   5     60       3.0066       3.0226       3.0029       3.0352       3.0144
                  3.0266       3.0171       3.0274       3.0359       3.0145
   5     80       2.8836       2.8999       2.8794       2.9127       2.8914
                  2.9038       2.8942       2.9051       2.9133       2.8915
   5    100       2.5334       2.5513       2.5287       2.5648       2.5419
                  2.5552       2.5451       2.5573       2.5649       2.5418
 
 
 cumulative average & 95% error for solvation free energy
              total             1st component         2nd component         3rd component
  1     3.0212                0.1582               -0.1143                2.9772
  2     3.0433     0.0443     0.1575     0.0015    -0.1011     0.0263     2.9869     0.0195
  3     3.0348     0.0308     0.1545     0.0062    -0.1036     0.0159     2.9839     0.0128
  4     3.0495     0.0366     0.1583     0.0088    -0.1000     0.0133     2.9912     0.0173
  5     3.0490     0.0284     0.1598     0.0075    -0.1016     0.0108     2.9909     0.0134
  6     3.0519     0.0238     0.1613     0.0068    -0.1016     0.0088     2.9922     0.0112
  7     3.0521     0.0202     0.1594     0.0069    -0.0996     0.0085     2.9923     0.0095
  8     3.0551     0.0184     0.1615     0.0074    -0.0999     0.0074     2.9934     0.0085
  9     3.0559     0.0163     0.1599     0.0073    -0.0995     0.0066     2.9955     0.0086
 10     3.0554     0.0147     0.1606     0.0067    -0.1004     0.0062     2.9952     0.0077
