 ERmod 0.3.7, Copyright (C) 2000-2019 Nobuyuki Matubayasi
                            2010-2019 Shun Sakuraba
 ERmod comes with ABSOLUTELY NO WARRANTY.
 This is free software, and you can redistribute it
 and/or modify it under certain conditions.
 See LICENSE file for details.
 ERmod 0.3.7, Copyright (C) 2000-2019 Nobuyuki Matubayasi
                            2010-2019 Shun Sakuraba
 ERmod comes with ABSOLUTELY NO WARRANTY.
 This is free software, and you can redistribute it
 and/or modify it under certain conditions.
 See LICENSE file for details.
 
  Number of the   1-th solvent  =          180
  Number of the   2-th solvent  =          180
  Number of the   3-th solvent  =        10000
 
  Be sure that the solvent distribution is homogeneous (radial distribution function is essentially unity) when the solvent molecule is separated beyond distance of   10.0 Angstrom in any direction from any atom within the solute molecule
 
  LJ long-range correction    =        -0.0104     -0.0740     -0.7010
 
  Self-energy of the solute   =        -0.0000  kcal/mol
 
 
 cumulative average & 95% error for solvation energy
              total             1st component         2nd component         3rd component
  1   -31.1344               -0.2156               -2.8734              -28.0454
  2   -31.0878     0.0933    -0.5582     0.6851    -2.6927     0.3613   -27.8368     0.4171
  3   -30.9976     0.1882    -0.7768     0.5896    -2.5671     0.3266   -27.6537     0.4383
  4   -30.9452     0.1694    -0.5376     0.6346    -2.5151     0.2533   -27.8925     0.5693
  5   -30.8913     0.1698    -0.4202     0.5447    -2.5190     0.1963   -27.9520     0.4568
  6   -30.8820     0.1399    -0.4391     0.4463    -2.5710     0.1910   -27.8719     0.4059
  7   -30.9053     0.1271    -0.5229     0.4128    -2.5493     0.1672   -27.8331     0.3517
  8   -30.9543     0.1473    -0.7116     0.5198    -2.6794     0.2979   -27.5632     0.6198
  9   -30.9699     0.1336    -0.8056     0.4955    -2.7515     0.2996   -27.4127     0.6240
 10   -30.9531     0.1241    -0.8442     0.4499    -2.6756     0.3079   -27.4332     0.5596
 
 
 group  inft  solvation free energy     error          difference
  total solvation free energy
   1      0         -4.19705           0.16180           0.00452
   1     60         -4.23647           0.16176          -0.03490
   1     80         -4.53005           0.16157          -0.32848
   1    100         -5.47795           0.16121          -1.27638
   2      0         -4.20077           0.15716           0.00079
   3      0         -4.20157           0.15484           0.00000
   4      0         -4.20318           0.15678          -0.00161
   5      0         -4.19687           0.15311           0.00470
   5     60         -4.25003           0.15303          -0.04846
   5     80         -4.60951           0.15273          -0.40794
   5    100         -5.47854           0.15220          -1.27698
 
  contribution from  1-th solvent component
   1      0         -0.08170           0.25024           0.00970
   1     60         -0.08197           0.25027           0.00943
   1     80         -0.08472           0.25042           0.00669
   1    100         -0.09550           0.25085          -0.00410
   2      0         -0.08961           0.24509           0.00180
   3      0         -0.09140           0.24407           0.00000
   4      0         -0.09471           0.24355          -0.00330
   5      0         -0.09184           0.24190          -0.00044
   5     60         -0.09226           0.24192          -0.00086
   5     80         -0.09596           0.24199          -0.00456
   5    100         -0.10637           0.24213          -0.01497
 
  contribution from  2-th solvent component
   1      0         -1.54262           0.18952          -0.00963
   1     60         -1.54361           0.18952          -0.01061
   1     80         -1.55073           0.18951          -0.01774
   1    100         -1.57340           0.18946          -0.04041
   2      0         -1.53488           0.18919          -0.00189
   3      0         -1.53299           0.18890           0.00000
   4      0         -1.52988           0.18784           0.00311
   5      0         -1.52970           0.18837           0.00329
   5     60         -1.53101           0.18837           0.00198
   5     80         -1.53977           0.18836          -0.00678
   5    100         -1.56052           0.18830          -0.02753
 
  contribution from  3-th solvent component
   1      0         -2.57269           0.24893           0.00445
   1     60         -2.61086           0.24901          -0.03372
   1     80         -2.89457           0.24940          -0.31743
   1    100         -3.80902           0.25019          -1.23188
   2      0         -2.57626           0.24887           0.00088
   3      0         -2.57714           0.24931           0.00000
   4      0         -2.57857           0.24786          -0.00142
   5      0         -2.57530           0.24848           0.00184
   5     60         -2.62672           0.24858          -0.04958
   5     80         -2.97374           0.24903          -0.39660
   5    100         -3.81162           0.24975          -1.23447
 
 
 group  inft   Estimated free energy: total (kcal/mol)
   1      0      -4.2273      -4.2628      -4.1436      -3.9024      -3.8211
                 -4.1409      -4.3937      -4.5980      -4.5110      -3.9697
   1     60      -4.2668      -4.3022      -4.1831      -3.9420      -3.8605
                 -4.1802      -4.4332      -4.6372      -4.5503      -4.0092
   1     80      -4.5605      -4.5959      -4.4771      -4.2367      -4.1536
                 -4.4732      -4.7271      -4.9302      -4.8429      -4.3032
   1    100      -5.5090      -5.5435      -5.4263      -5.1873      -5.0997
                 -5.4203      -5.6755      -5.8771      -5.7887      -5.2520
   2      0      -4.2310      -4.2657      -4.1385      -3.9268      -3.8395
                 -4.1449      -4.3994      -4.5901      -4.5047      -3.9670
   3      0      -4.2257      -4.2711      -4.1391      -3.9343      -3.8484
                 -4.1491      -4.3898      -4.5892      -4.5022      -3.9667
   4      0      -4.2293      -4.2742      -4.1336      -3.9368      -3.8454
                 -4.1527      -4.4030      -4.5926      -4.5039      -3.9603
   5      0      -4.2178      -4.2693      -4.1335      -3.9375      -3.8502
                 -4.1377      -4.3880      -4.5830      -4.4898      -3.9618
   5     60      -4.2710      -4.3225      -4.1867      -3.9910      -3.9033
                 -4.1907      -4.4413      -4.6359      -4.5428      -4.0151
   5     80      -4.6308      -4.6821      -4.5464      -4.3522      -4.2625
                 -4.5496      -4.8010      -4.9945      -4.9011      -4.3750
   5    100      -5.5006      -5.5508      -5.4160      -5.2244      -5.1306
                 -5.4180      -5.6704      -5.8619      -5.7680      -5.2446
 
 group  inft   Estimated free energy: 1-th solvent contribution (kcal/mol)
   1      0       0.2339      -0.1106      -0.3081       0.5205       0.4372
                  0.0554      -0.2761      -0.7413      -0.4276      -0.2002
   1     60       0.2336      -0.1109      -0.3084       0.5203       0.4370
                  0.0551      -0.2764      -0.7417      -0.4279      -0.2005
   1     80       0.2308      -0.1138      -0.3114       0.5180       0.4347
                  0.0524      -0.2791      -0.7447      -0.4308      -0.2033
   1    100       0.2201      -0.1248      -0.3232       0.5088       0.4249
                  0.0417      -0.2900      -0.7564      -0.4418      -0.2144
   2      0       0.2263      -0.1158      -0.3111       0.4953       0.4160
                  0.0465      -0.2867      -0.7384      -0.4263      -0.2018
   3      0       0.2273      -0.1156      -0.3115       0.4889       0.4101
                  0.0420      -0.2828      -0.7408      -0.4267      -0.2049
   4      0       0.2183      -0.1186      -0.3136       0.4821       0.4088
                  0.0420      -0.2957      -0.7419      -0.4317      -0.1967
   5      0       0.2241      -0.1160      -0.3087       0.4803       0.4057
                  0.0454      -0.2888      -0.7358      -0.4236      -0.2010
   5     60       0.2236      -0.1165      -0.3092       0.4799       0.4054
                  0.0449      -0.2893      -0.7362      -0.4241      -0.2014
   5     80       0.2199      -0.1203      -0.3130       0.4765       0.4019
                  0.0413      -0.2929      -0.7401      -0.4278      -0.2051
   5    100       0.2093      -0.1308      -0.3241       0.4667       0.3919
                  0.0308      -0.3031      -0.7508      -0.4380      -0.2157
 
 group  inft   Estimated free energy: 2-th solvent contribution (kcal/mol)
   1      0      -1.5991      -1.5002      -1.3566      -1.3216      -1.3529
                 -1.5735      -1.4907      -2.0922      -2.0035      -1.1358
   1     60      -1.6001      -1.5012      -1.3575      -1.3226      -1.3539
                 -1.5745      -1.4917      -2.0932      -2.0045      -1.1368
   1     80      -1.6072      -1.5084      -1.3646      -1.3298      -1.3608
                 -1.5816      -1.4989      -2.1003      -2.0117      -1.1440
   1    100      -1.6299      -1.5312      -1.3872      -1.3530      -1.3831
                 -1.6043      -1.5216      -2.1227      -2.0343      -1.1668
   2      0      -1.5913      -1.4951      -1.3457      -1.3165      -1.3483
                 -1.5670      -1.4793      -2.0834      -1.9946      -1.1276
   3      0      -1.5876      -1.4984      -1.3462      -1.3148      -1.3474
                 -1.5667      -1.4740      -2.0795      -1.9920      -1.1234
   4      0      -1.5829      -1.4974      -1.3400      -1.3112      -1.3432
                 -1.5671      -1.4712      -2.0737      -1.9857      -1.1263
   5      0      -1.5800      -1.4988      -1.3398      -1.3156      -1.3475
                 -1.5626      -1.4655      -2.0770      -1.9874      -1.1228
   5     60      -1.5813      -1.5001      -1.3411      -1.3169      -1.3488
                 -1.5640      -1.4668      -2.0783      -1.9887      -1.1241
   5     80      -1.5900      -1.5089      -1.3498      -1.3258      -1.3574
                 -1.5727      -1.4756      -2.0870      -1.9975      -1.1329
   5    100      -1.6107      -1.5298      -1.3704      -1.3471      -1.3780
                 -1.5935      -1.4963      -2.1075      -2.0182      -1.1537
 
 group  inft   Estimated free energy: 3-th solvent contribution (kcal/mol)
   1      0      -2.8620      -2.6519      -2.4789      -3.1012      -2.9054
                 -2.6227      -2.6268      -1.7644      -2.0799      -2.6337
   1     60      -2.9002      -2.6901      -2.5171      -3.1397      -2.9436
                 -2.6607      -2.6651      -1.8023      -2.1178      -2.6719
   1     80      -3.1841      -2.9737      -2.8010      -3.4249      -3.2274
                 -2.9440      -2.9491      -2.0851      -2.4004      -2.9560
   1    100      -4.0992      -3.8875      -3.7159      -4.3431      -4.1415
                 -3.8577      -3.8640      -2.9980      -3.3125      -3.8708
   2      0      -2.8660      -2.6548      -2.4817      -3.1056      -2.9072
                 -2.6244      -2.6333      -1.7682      -2.0837      -2.6376
   3      0      -2.8654      -2.6571      -2.4814      -3.1083      -2.9111
                 -2.6244      -2.6329      -1.7689      -2.0834      -2.6385
   4      0      -2.8646      -2.6581      -2.4800      -3.1077      -2.9110
                 -2.6276      -2.6361      -1.7769      -2.0865      -2.6373
   5      0      -2.8619      -2.6545      -2.4849      -3.1022      -2.9083
                 -2.6204      -2.6336      -1.7702      -2.0788      -2.6381
   5     60      -2.9134      -2.7060      -2.5364      -3.1540      -2.9598
                 -2.6717      -2.6851      -1.8214      -2.1299      -2.6896
   5     80      -3.2607      -3.0529      -2.8835      -3.5028      -3.3069
                 -3.0181      -3.0324      -2.1674      -2.4757      -3.0369
   5    100      -4.0992      -3.8901      -3.7216      -4.3440      -4.1444
                 -3.8553      -3.8709      -3.0036      -3.3117      -3.8751
 
 
 cumulative average & 95% error for solvation free energy
              total             1st component         2nd component         3rd component
  1    -4.2257                0.2273               -1.5876               -2.8654
  2    -4.2484     0.0454     0.0558     0.3429    -1.5430     0.0892    -2.7612     0.2083
  3    -4.2120     0.0774    -0.0666     0.3149    -1.4774     0.1410    -2.6680     0.2219
  4    -4.1426     0.1493     0.0723     0.3560    -1.4367     0.1286    -2.7781     0.2704
  5    -4.0837     0.1650     0.1398     0.3071    -1.4189     0.1058    -2.8047     0.2161
  6    -4.0946     0.1364     0.1235     0.2528    -1.4435     0.0995    -2.7746     0.1864
  7    -4.1368     0.1429     0.0655     0.2432    -1.4479     0.0845    -2.7544     0.1626
  8    -4.1933     0.1676    -0.0353     0.2915    -1.5268     0.1740    -2.6312     0.2838
  9    -4.2277     0.1630    -0.0788     0.2714    -1.5785     0.1851    -2.5703     0.2783
 10    -4.2016     0.1548    -0.0914     0.2441    -1.5330     0.1889    -2.5771     0.2493
