 ERmod 0.3.7, Copyright (C) 2000-2019 Nobuyuki Matubayasi
                            2010-2019 Shun Sakuraba
 ERmod comes with ABSOLUTELY NO WARRANTY.
 This is free software, and you can redistribute it
 and/or modify it under certain conditions.
 See LICENSE file for details.
 ERmod 0.3.7, Copyright (C) 2000-2019 Nobuyuki Matubayasi
                            2010-2019 Shun Sakuraba
 ERmod comes with ABSOLUTELY NO WARRANTY.
 This is free software, and you can redistribute it
 and/or modify it under certain conditions.
 See LICENSE file for details.
 
  Number of the   1-th solvent  =           90
  Number of the   2-th solvent  =           90
  Number of the   3-th solvent  =        10000
 
  Be sure that the solvent distribution is homogeneous (radial distribution function is essentially unity) when the solvent molecule is separated beyond distance of   10.0 Angstrom in any direction from any atom within the solute molecule
 
  LJ long-range correction    =        -0.0049     -0.0036     -0.5204
 
  Self-energy of the solute   =        -0.0001  kcal/mol
 
 
 cumulative average & 95% error for solvation energy
              total             1st component         2nd component         3rd component
  1   -25.7311               -0.5711               -0.4481              -24.7117
  2   -25.7514     0.0407    -0.1873     0.7676    -0.5180     0.1397   -25.0461     0.6686
  3   -25.6944     0.1164    -0.0520     0.5192    -0.4298     0.1939   -25.2125     0.5097
  4   -25.6757     0.0905    -0.2203     0.4980    -0.5249     0.2344   -24.9304     0.6694
  5   -25.6585     0.0780    -0.1850     0.3922    -0.4684     0.2139   -25.0050     0.5396
  6   -25.6656     0.0653    -0.3480     0.4569    -0.4358     0.1863   -24.8817     0.5049
  7   -25.6650     0.0552    -0.3567     0.3866    -0.4318     0.1577   -24.8764     0.4269
  8   -25.6717     0.0496    -0.4262     0.3625    -0.4101     0.1433   -24.8353     0.3787
  9   -25.6665     0.0450    -0.4185     0.3200    -0.4246     0.1297   -24.8233     0.3348
 10   -25.6810     0.0496    -0.3854     0.2938    -0.4475     0.1248   -24.8480     0.3035
 
 
 group  inft  solvation free energy     error          difference
  total solvation free energy
   1      0         -3.80162           0.07073           0.00505
   1     60         -3.82227           0.07078          -0.01560
   1     80         -4.00117           0.07134          -0.19450
   1    100         -4.65989           0.07332          -0.85322
   2      0         -3.80395           0.06782           0.00271
   3      0         -3.80667           0.06573           0.00000
   4      0         -3.80158           0.06656           0.00509
   5      0         -3.80549           0.06434           0.00118
   5     60         -3.83365           0.06442          -0.02698
   5     80         -4.05756           0.06515          -0.25089
   5    100         -4.66542           0.06699          -0.85875
 
  contribution from  1-th solvent component
   1      0         -0.00617           0.16624           0.00811
   1     60         -0.00627           0.16627           0.00801
   1     80         -0.00715           0.16648           0.00714
   1    100         -0.01082           0.16730           0.00346
   2      0         -0.01184           0.16296           0.00244
   3      0         -0.01428           0.16131           0.00000
   4      0         -0.01350           0.16162           0.00078
   5      0         -0.01441           0.15979          -0.00013
   5     60         -0.01455           0.15982          -0.00027
   5     80         -0.01580           0.16008          -0.00152
   5    100         -0.01960           0.16077          -0.00532
 
  contribution from  2-th solvent component
   1      0         -0.29779           0.06662          -0.00728
   1     60         -0.29757           0.06665          -0.00707
   1     80         -0.29640           0.06692          -0.00590
   1    100         -0.29449           0.06782          -0.00399
   2      0         -0.29185           0.06543          -0.00135
   3      0         -0.29051           0.06544           0.00000
   4      0         -0.28977           0.06449           0.00074
   5      0         -0.28970           0.06494           0.00080
   5     60         -0.28946           0.06498           0.00105
   5     80         -0.28827           0.06532           0.00223
   5    100         -0.28697           0.06613           0.00353
 
  contribution from  3-th solvent component
   1      0         -3.49756           0.14722           0.00422
   1     60         -3.51833           0.14724          -0.01655
   1     80         -3.69751           0.14732          -0.19574
   1    100         -4.35446           0.14754          -0.85269
   2      0         -3.50015           0.14689           0.00162
   3      0         -3.50178           0.14747           0.00000
   4      0         -3.49821           0.14661           0.00357
   5      0         -3.50126           0.14634           0.00051
   5     60         -3.52953           0.14636          -0.02776
   5     80         -3.75338           0.14646          -0.25160
   5    100         -4.35873           0.14669          -0.85696
 
 
 group  inft   Estimated free energy: total (kcal/mol)
   1      0      -3.8877      -3.7697      -3.5334      -3.8003      -3.7180
                 -3.8654      -3.8236      -3.9322      -3.8332      -3.8527
   1     60      -3.9084      -3.7904      -3.5538      -3.8210      -3.7387
                 -3.8861      -3.8442      -3.9529      -3.8539      -3.8734
   1     80      -4.0873      -3.9696      -3.7300      -4.0004      -3.9174
                 -4.0656      -4.0228      -4.1323      -4.0334      -4.0529
   1    100      -4.7459      -4.6296      -4.3789      -4.6612      -4.5755
                 -4.7259      -4.6813      -4.7930      -4.6940      -4.7135
   2      0      -3.8913      -3.7742      -3.5455      -3.7929      -3.7279
                 -3.8541      -3.8327      -3.9246      -3.8330      -3.8633
   3      0      -3.8900      -3.7854      -3.5533      -3.7904      -3.7369
                 -3.8504      -3.8365      -3.9203      -3.8327      -3.8708
   4      0      -3.8849      -3.7728      -3.5492      -3.7825      -3.7297
                 -3.8438      -3.8257      -3.9219      -3.8349      -3.8704
   5      0      -3.8808      -3.7862      -3.5552      -3.7872      -3.7453
                 -3.8430      -3.8269      -3.9176      -3.8354      -3.8773
   5     60      -3.9090      -3.8145      -3.5829      -3.8154      -3.7735
                 -3.8712      -3.8550      -3.9458      -3.8636      -3.9056
   5     80      -4.1330      -4.0389      -3.8032      -4.0399      -3.9974
                 -4.0957      -4.0786      -4.1702      -4.0882      -4.1304
   5    100      -4.7407      -4.6480      -4.4019      -4.6497      -4.6052
                 -4.7046      -4.6863      -4.7796      -4.6978      -4.7404
 
 group  inft   Estimated free energy: 1-th solvent contribution (kcal/mol)
   1      0      -0.1435       0.3019       0.4307      -0.1733       0.1544
                 -0.3898      -0.0385      -0.3086      -0.0396       0.1445
   1     60      -0.1437       0.3019       0.4307      -0.1734       0.1543
                 -0.3899      -0.0386      -0.3087      -0.0397       0.1444
   1     80      -0.1448       0.3013       0.4307      -0.1746       0.1536
                 -0.3911      -0.0396      -0.3098      -0.0407       0.1436
   1    100      -0.1497       0.2987       0.4306      -0.1792       0.1505
                 -0.3958      -0.0438      -0.3144      -0.0451       0.1400
   2      0      -0.1436       0.2962       0.4204      -0.1755       0.1376
                 -0.3854      -0.0488      -0.3072      -0.0426       0.1305
   3      0      -0.1418       0.2908       0.4154      -0.1713       0.1299
                 -0.3862      -0.0513      -0.3075      -0.0456       0.1247
   4      0      -0.1413       0.2948       0.4188      -0.1723       0.1287
                 -0.3827      -0.0504      -0.3073      -0.0475       0.1241
   5      0      -0.1337       0.2914       0.4143      -0.1705       0.1175
                 -0.3827      -0.0502      -0.3047      -0.0485       0.1228
   5     60      -0.1338       0.2913       0.4143      -0.1707       0.1174
                 -0.3829      -0.0504      -0.3048      -0.0486       0.1227
   5     80      -0.1354       0.2905       0.4143      -0.1722       0.1162
                 -0.3845      -0.0519      -0.3063      -0.0501       0.1213
   5    100      -0.1402       0.2876       0.4140      -0.1768       0.1125
                 -0.3889      -0.0563      -0.3107      -0.0545       0.1173
 
 group  inft   Estimated free energy: 2-th solvent contribution (kcal/mol)
   1      0      -0.3230      -0.3222      -0.1188      -0.4821      -0.1587
                 -0.2756      -0.2783      -0.2731      -0.3576      -0.3885
   1     60      -0.3228      -0.3220      -0.1184      -0.4819      -0.1585
                 -0.2755      -0.2781      -0.2730      -0.3574      -0.3883
   1     80      -0.3211      -0.3209      -0.1155      -0.4811      -0.1572
                 -0.2747      -0.2770      -0.2723      -0.3567      -0.3875
   1    100      -0.3178      -0.3191      -0.1080      -0.4804      -0.1553
                 -0.2740      -0.2752      -0.2720      -0.3561      -0.3868
   2      0      -0.3221      -0.3183      -0.1204      -0.4697      -0.1498
                 -0.2672      -0.2739      -0.2633      -0.3509      -0.3829
   3      0      -0.3210      -0.3193      -0.1206      -0.4686      -0.1491
                 -0.2624      -0.2723      -0.2599      -0.3488      -0.3829
   4      0      -0.3218      -0.3175      -0.1219      -0.4581      -0.1467
                 -0.2638      -0.2679      -0.2633      -0.3505      -0.3862
   5      0      -0.3192      -0.3222      -0.1255      -0.4635      -0.1477
                 -0.2581      -0.2648      -0.2598      -0.3476      -0.3886
   5     60      -0.3189      -0.3220      -0.1250      -0.4633      -0.1475
                 -0.2579      -0.2645      -0.2596      -0.3474      -0.3884
   5     80      -0.3172      -0.3210      -0.1216      -0.4626      -0.1462
                 -0.2572      -0.2635      -0.2590      -0.3467      -0.3877
   5    100      -0.3149      -0.3200      -0.1150      -0.4624      -0.1448
                 -0.2570      -0.2624      -0.2591      -0.3467      -0.3876
 
 group  inft   Estimated free energy: 3-th solvent contribution (kcal/mol)
   1      0      -3.4210      -3.7493      -3.8452      -3.1448      -3.7136
                 -3.1999      -3.5068      -3.3504      -3.4359      -3.6087
   1     60      -3.4418      -3.7702      -3.8659      -3.1656      -3.7344
                 -3.2206      -3.5274      -3.3711      -3.4567      -3.6295
   1     80      -3.6212      -3.9500      -4.0450      -3.3446      -3.9137
                 -3.3997      -3.7061      -3.5501      -3.6359      -3.8089
   1    100      -4.2782      -4.6091      -4.7014      -4.0015      -4.5706
                 -4.0559      -4.3622      -4.2064      -4.2927      -4.4665
   2      0      -3.4255      -3.7520      -3.8454      -3.1476      -3.7156
                 -3.2014      -3.5099      -3.3541      -3.4394      -3.6107
   3      0      -3.4272      -3.7569      -3.8480      -3.1503      -3.7176
                 -3.2017      -3.5127      -3.3528      -3.4382      -3.6124
   4      0      -3.4218      -3.7500      -3.8460      -3.1520      -3.7115
                 -3.1973      -3.5072      -3.3512      -3.4369      -3.6081
   5      0      -3.4278      -3.7553      -3.8439      -3.1530      -3.7151
                 -3.2020      -3.5118      -3.3531      -3.4392      -3.6114
   5     60      -3.4562      -3.7837      -3.8721      -3.1813      -3.7434
                 -3.2303      -3.5400      -3.3813      -3.4675      -3.6397
   5     80      -3.6802      -4.0083      -4.0958      -3.4049      -3.9673
                 -3.4540      -3.7632      -3.6048      -3.6913      -3.8639
   5    100      -4.2856      -4.6156      -4.7008      -4.0103      -4.5727
                 -4.0585      -4.3675      -4.2097      -4.2966      -4.4700
 
 
 cumulative average & 95% error for solvation free energy
              total             1st component         2nd component         3rd component
  1    -3.8900               -0.1418               -0.3210               -3.4272
  2    -3.8377     0.1046     0.0745     0.4326    -0.3201     0.0017    -3.5920     0.3297
  3    -3.7429     0.1990     0.1882     0.3377    -0.2536     0.1330    -3.6774     0.2557
  4    -3.7548     0.1427     0.0983     0.2989    -0.3074     0.1428    -3.5456     0.3196
  5    -3.7512     0.1108     0.1046     0.2319    -0.2757     0.1275    -3.5800     0.2569
  6    -3.7677     0.0963     0.0228     0.2502    -0.2735     0.1042    -3.5169     0.2448
  7    -3.7776     0.0837     0.0122     0.2125    -0.2733     0.0880    -3.5163     0.2069
  8    -3.7954     0.0808    -0.0277     0.2007    -0.2717     0.0763    -3.4959     0.1838
  9    -3.7995     0.0717    -0.0297     0.1770    -0.2802     0.0695    -3.4895     0.1626
 10    -3.8067     0.0657    -0.0143     0.1613    -0.2905     0.0654    -3.5018     0.1475
