 ERmod 0.3.7, Copyright (C) 2000-2019 Nobuyuki Matubayasi
                            2010-2019 Shun Sakuraba
 ERmod comes with ABSOLUTELY NO WARRANTY.
 This is free software, and you can redistribute it
 and/or modify it under certain conditions.
 See LICENSE file for details.
 ERmod 0.3.7, Copyright (C) 2000-2019 Nobuyuki Matubayasi
                            2010-2019 Shun Sakuraba
 ERmod comes with ABSOLUTELY NO WARRANTY.
 This is free software, and you can redistribute it
 and/or modify it under certain conditions.
 See LICENSE file for details.
 
  Number of the   1-th solvent  =           90
  Number of the   2-th solvent  =           90
  Number of the   3-th solvent  =        10000
 
  Be sure that the solvent distribution is homogeneous (radial distribution function is essentially unity) when the solvent molecule is separated beyond distance of   10.0 Angstrom in any direction from any atom within the solute molecule
 
  LJ long-range correction    =        -0.0007     -0.0114     -0.4572
 
  Self-energy of the solute   =         0.0000  kcal/mol
 
 
 cumulative average & 95% error for solvation energy
              total             1st component         2nd component         3rd component
  1   -11.4314                0.1590               -0.2846              -11.3059
  2   -11.4622     0.0617     0.1584     0.0012    -0.2952     0.0214   -11.3254     0.0390
  3   -11.4679     0.0374     0.1564     0.0041    -0.2887     0.0180   -11.3356     0.0304
  4   -11.4721     0.0277     0.1566     0.0029    -0.2828     0.0174   -11.3460     0.0299
  5   -11.4683     0.0228     0.1571     0.0025    -0.2778     0.0167   -11.3476     0.0234
  6   -11.4687     0.0186     0.1559     0.0033    -0.2822     0.0162   -11.3424     0.0218
  7   -11.4653     0.0171     0.1559     0.0028    -0.2790     0.0150   -11.3422     0.0184
  8   -11.4670     0.0152     0.1555     0.0025    -0.2808     0.0135   -11.3418     0.0160
  9   -11.4779     0.0256     0.1555     0.0022    -0.2905     0.0227   -11.3430     0.0143
 10   -11.4738     0.0243     0.1557     0.0020    -0.2900     0.0203   -11.3395     0.0146
 
 
 group  inft  solvation free energy     error          difference
  total solvation free energy
   1      0          3.21753           0.02303           0.01138
   1     60          3.20607           0.02305          -0.00009
   1     80          3.09951           0.02346          -0.10664
   1    100          2.66211           0.02506          -0.54405
   2      0          3.20503           0.02365          -0.00113
   3      0          3.20615           0.02342           0.00000
   4      0          3.18580           0.02292          -0.02036
   5      0          3.23368           0.02316           0.02753
   5     60          3.21788           0.02320           0.01173
   5     80          3.08040           0.02369          -0.12575
   5    100          2.67036           0.02511          -0.53580
 
  contribution from  1-th solvent component
   1      0          0.14212           0.00591           0.00397
   1     60          0.14240           0.00592           0.00425
   1     80          0.14489           0.00600           0.00674
   1    100          0.15238           0.00632           0.01423
   2      0          0.13907           0.00509           0.00092
   3      0          0.13815           0.00489           0.00000
   4      0          0.13740           0.00484          -0.00075
   5      0          0.13665           0.00467          -0.00151
   5     60          0.13703           0.00467          -0.00113
   5     80          0.14008           0.00479           0.00193
   5    100          0.14677           0.00514           0.00862
 
  contribution from  2-th solvent component
   1      0         -0.14886           0.01330           0.00168
   1     60         -0.14886           0.01333           0.00167
   1     80         -0.14911           0.01356           0.00143
   1    100         -0.15073           0.01444          -0.00019
   2      0         -0.15019           0.01314           0.00034
   3      0         -0.15053           0.01310           0.00000
   4      0         -0.15115           0.01297          -0.00062
   5      0         -0.15158           0.01293          -0.00105
   5     60         -0.15160           0.01296          -0.00107
   5     80         -0.15208           0.01323          -0.00154
   5    100         -0.15386           0.01398          -0.00332
 
  contribution from  3-th solvent component
   1      0          3.22424           0.01458           0.00574
   1     60          3.21250           0.01460          -0.00600
   1     80          3.10369           0.01485          -0.11481
   1    100          2.66043           0.01586          -0.55808
   2      0          3.21611           0.01524          -0.00239
   3      0          3.21850           0.01520           0.00000
   4      0          3.19951           0.01476          -0.01899
   5      0          3.24858           0.01492           0.03008
   5     60          3.23242           0.01495           0.01392
   5     80          3.09236           0.01527          -0.12614
   5    100          2.67741           0.01619          -0.54109
 
 
 group  inft   Estimated free energy: total (kcal/mol)
   1      0       3.2500       3.1957       3.2009       3.2245       3.2416
                  3.2212       3.2480       3.2098       3.1319       3.2517
   1     60       3.2385       3.1842       3.1894       3.2131       3.2301
                  3.2097       3.2366       3.1983       3.1204       3.2403
   1     80       3.1322       3.0769       3.0825       3.1073       3.1242
                  3.1031       3.1308       3.0915       3.0124       3.1341
   1    100       2.6967       2.6373       2.6439       2.6722       2.6889
                  2.6651       2.6963       2.6532       2.5693       2.6981
   2      0       3.2392       3.1817       3.1838       3.2092       3.2306
                  3.2111       3.2388       3.2008       3.1182       3.2370
   3      0       3.2389       3.1815       3.1838       3.2124       3.2311
                  3.2146       3.2384       3.2030       3.1202       3.2377
   4      0       3.2181       3.1616       3.1646       3.1914       3.2090
                  3.1925       3.2195       3.1840       3.1015       3.2157
   5      0       3.2663       3.2132       3.2139       3.2376       3.2585
                  3.2405       3.2653       3.2308       3.1466       3.2641
   5     60       3.2505       3.1973       3.1981       3.2219       3.2428
                  3.2246       3.2496       3.2150       3.1307       3.2483
   5     80       3.1135       3.0590       3.0601       3.0853       3.1061
                  3.0870       3.1130       3.0772       2.9915       3.1113
   5    100       2.7056       2.6475       2.6485       2.6775       2.6980
                  2.6766       2.7051       2.6662       2.5763       2.7024
 
 group  inft   Estimated free energy: 1-th solvent contribution (kcal/mol)
   1      0       0.1509       0.1391       0.1284       0.1491       0.1522
                  0.1297       0.1423       0.1318       0.1468       0.1511
   1     60       0.1511       0.1393       0.1286       0.1494       0.1525
                  0.1300       0.1425       0.1321       0.1471       0.1514
   1     80       0.1538       0.1418       0.1310       0.1520       0.1552
                  0.1323       0.1450       0.1345       0.1495       0.1539
   1    100       0.1619       0.1495       0.1377       0.1599       0.1635
                  0.1390       0.1525       0.1414       0.1566       0.1619
   2      0       0.1469       0.1363       0.1270       0.1436       0.1492
                  0.1286       0.1409       0.1303       0.1419       0.1460
   3      0       0.1465       0.1358       0.1266       0.1426       0.1477
                  0.1274       0.1403       0.1303       0.1401       0.1439
   4      0       0.1456       0.1352       0.1262       0.1415       0.1471
                  0.1265       0.1403       0.1296       0.1392       0.1429
   5      0       0.1455       0.1344       0.1255       0.1411       0.1455
                  0.1271       0.1389       0.1287       0.1384       0.1413
   5     60       0.1459       0.1347       0.1259       0.1415       0.1459
                  0.1275       0.1393       0.1290       0.1388       0.1417
   5     80       0.1492       0.1378       0.1288       0.1447       0.1493
                  0.1303       0.1423       0.1319       0.1418       0.1449
   5    100       0.1566       0.1446       0.1347       0.1518       0.1568
                  0.1363       0.1490       0.1379       0.1481       0.1520
 
 group  inft   Estimated free energy: 2-th solvent contribution (kcal/mol)
   1      0      -0.1507      -0.1598      -0.1382      -0.1296      -0.1296
                 -0.1590      -0.1217      -0.1533      -0.1950      -0.1518
   1     60      -0.1507      -0.1598      -0.1382      -0.1295      -0.1295
                 -0.1590      -0.1217      -0.1533      -0.1951      -0.1518
   1     80      -0.1511      -0.1604      -0.1383      -0.1290      -0.1295
                 -0.1596      -0.1212      -0.1538      -0.1958      -0.1523
   1    100      -0.1535      -0.1631      -0.1397      -0.1280      -0.1299
                 -0.1625      -0.1205      -0.1564      -0.1993      -0.1546
   2      0      -0.1518      -0.1604      -0.1400      -0.1313      -0.1316
                 -0.1609      -0.1225      -0.1546      -0.1956      -0.1532
   3      0      -0.1524      -0.1608      -0.1407      -0.1315      -0.1317
                 -0.1610      -0.1230      -0.1548      -0.1957      -0.1537
   4      0      -0.1531      -0.1614      -0.1418      -0.1327      -0.1324
                 -0.1615      -0.1231      -0.1556      -0.1956      -0.1544
   5      0      -0.1530      -0.1610      -0.1411      -0.1332      -0.1327
                 -0.1629      -0.1255      -0.1559      -0.1966      -0.1539
   5     60      -0.1531      -0.1611      -0.1411      -0.1331      -0.1326
                 -0.1630      -0.1254      -0.1559      -0.1967      -0.1540
   5     80      -0.1538      -0.1619      -0.1415      -0.1328      -0.1327
                 -0.1639      -0.1251      -0.1567      -0.1978      -0.1547
   5    100      -0.1563      -0.1646      -0.1430      -0.1322      -0.1335
                 -0.1668      -0.1249      -0.1593      -0.2011      -0.1571
 
 group  inft   Estimated free energy: 3-th solvent contribution (kcal/mol)
   1      0       3.2498       3.2164       3.2107       3.2050       3.2189
                  3.2505       3.2274       3.2312       3.1802       3.2524
   1     60       3.2380       3.2047       3.1989       3.1932       3.2072
                  3.2388       3.2157       3.2195       3.1684       3.2407
   1     80       3.1296       3.0954       3.0899       3.0843       3.0985
                  3.1304       3.1070       3.1109       3.0587       3.1324
   1    100       2.6883       2.6509       2.6459       2.6402       2.6553
                  2.6885       2.6642       2.6682       2.6120       2.6908
   2      0       3.2440       3.2058       3.1966       3.1969       3.2129
                  3.2434       3.2204       3.2250       3.1719       3.2442
   3      0       3.2447       3.2065       3.1978       3.2012       3.2150
                  3.2481       3.2211       3.2274       3.1758       3.2474
   4      0       3.2256       3.1879       3.1801       3.1825       3.1943
                  3.2275       3.2024       3.2099       3.1579       3.2271
   5      0       3.2737       3.2398       3.2294       3.2297       3.2456
                  3.2762       3.2519       3.2579       3.2048       3.2767
   5     60       3.2576       3.2236       3.2132       3.2136       3.2295
                  3.2601       3.2357       3.2418       3.1885       3.2606
   5     80       3.1181       3.0831       3.0728       3.0734       3.0895
                  3.1206       3.0957       3.1019       3.0474       3.1211
   5    100       2.7052       2.6674       2.6568       2.6578       2.6747
                  2.7070       2.6809       2.6874       2.6293       2.7074
 
 
 cumulative average & 95% error for solvation free energy
              total             1st component         2nd component         3rd component
  1     3.2389                0.1465               -0.1524                3.2447
  2     3.2102     0.0573     0.1412     0.0107    -0.1566     0.0083     3.2256     0.0383
  3     3.2014     0.0375     0.1363     0.0115    -0.1513     0.0117     3.2163     0.0288
  4     3.2041     0.0271     0.1379     0.0087    -0.1464     0.0129     3.2125     0.0217
  5     3.2095     0.0236     0.1399     0.0078    -0.1434     0.0116     3.2130     0.0169
  6     3.2104     0.0193     0.1378     0.0076    -0.1464     0.0111     3.2189     0.0181
  7     3.2144     0.0182     0.1382     0.0065    -0.1430     0.0115     3.2192     0.0153
  8     3.2130     0.0160     0.1372     0.0059    -0.1445     0.0104     3.2202     0.0134
  9     3.2026     0.0250     0.1375     0.0053    -0.1502     0.0146     3.2153     0.0154
 10     3.2062     0.0234     0.1382     0.0049    -0.1505     0.0131     3.2185     0.0152
