 ERmod 0.3.7, Copyright (C) 2000-2019 Nobuyuki Matubayasi
                            2010-2019 Shun Sakuraba
 ERmod comes with ABSOLUTELY NO WARRANTY.
 This is free software, and you can redistribute it
 and/or modify it under certain conditions.
 See LICENSE file for details.
 ERmod 0.3.7, Copyright (C) 2000-2019 Nobuyuki Matubayasi
                            2010-2019 Shun Sakuraba
 ERmod comes with ABSOLUTELY NO WARRANTY.
 This is free software, and you can redistribute it
 and/or modify it under certain conditions.
 See LICENSE file for details.
 
  Number of the   1-th solvent  =           90
  Number of the   2-th solvent  =           90
  Number of the   3-th solvent  =        10000
 
  Be sure that the solvent distribution is homogeneous (radial distribution function is essentially unity) when the solvent molecule is separated beyond distance of   10.0 Angstrom in any direction from any atom within the solute molecule
 
  LJ long-range correction    =        -0.0043     -0.0032     -0.4598
 
  Self-energy of the solute   =         0.0000  kcal/mol
 
 
 cumulative average & 95% error for solvation energy
              total             1st component         2nd component         3rd component
  1   -11.4607                0.1134               -0.1900              -11.3841
  2   -11.4584     0.0046     0.1100     0.0069    -0.1848     0.0104   -11.3836     0.0010
  3   -11.4482     0.0206     0.1198     0.0201    -0.1844     0.0061   -11.3836     0.0006
  4   -11.4428     0.0180     0.1238     0.0163    -0.1825     0.0057   -11.3842     0.0012
  5   -11.4350     0.0209     0.1259     0.0133    -0.1816     0.0048   -11.3793     0.0098
  6   -11.4298     0.0201     0.1237     0.0116    -0.1805     0.0045   -11.3730     0.0149
  7   -11.4248     0.0197     0.1236     0.0098    -0.1806     0.0038   -11.3679     0.0163
  8   -11.4192     0.0204     0.1249     0.0089    -0.1806     0.0033   -11.3636     0.0165
  9   -11.4188     0.0180     0.1242     0.0080    -0.1801     0.0031   -11.3630     0.0146
 10   -11.4262     0.0219     0.1226     0.0078    -0.1819     0.0046   -11.3669     0.0153
 
 
 group  inft  solvation free energy     error          difference
  total solvation free energy
   1      0          3.37786           0.02376           0.01399
   1     60          3.36673           0.02381           0.00286
   1     80          3.26236           0.02442          -0.10150
   1    100          2.82629           0.02700          -0.53758
   2      0          3.36387           0.02322           0.00000
   3      0          3.36387           0.02312           0.00000
   4      0          3.34343           0.02328          -0.02043
   5      0          3.39301           0.02288           0.02914
   5     60          3.37757           0.02296           0.01370
   5     80          3.24262           0.02371          -0.12125
   5    100          2.83325           0.02602          -0.53061
 
  contribution from  1-th solvent component
   1      0          0.21308           0.01020           0.00319
   1     60          0.21312           0.01023           0.00324
   1     80          0.21366           0.01063           0.00378
   1    100          0.21495           0.01243           0.00507
   2      0          0.21089           0.00966           0.00100
   3      0          0.20989           0.00947           0.00000
   4      0          0.20916           0.00939          -0.00073
   5      0          0.20913           0.00932          -0.00076
   5     60          0.20918           0.00936          -0.00071
   5     80          0.20963           0.00986          -0.00026
   5    100          0.21021           0.01149           0.00032
 
  contribution from  2-th solvent component
   1      0         -0.13000           0.01364           0.00409
   1     60         -0.12970           0.01366           0.00439
   1     80         -0.12812           0.01386           0.00597
   1    100         -0.12364           0.01482           0.01045
   2      0         -0.13316           0.01298           0.00093
   3      0         -0.13409           0.01269          -0.00000
   4      0         -0.13455           0.01268          -0.00046
   5      0         -0.13442           0.01266          -0.00033
   5     60         -0.13405           0.01269           0.00004
   5     80         -0.13218           0.01296           0.00191
   5    100         -0.12804           0.01389           0.00605
 
  contribution from  3-th solvent component
   1      0          3.29475           0.01156           0.00672
   1     60          3.28327           0.01157          -0.00476
   1     80          3.17678           0.01173          -0.11125
   1    100          2.73494           0.01242          -0.55309
   2      0          3.28611           0.01207          -0.00193
   3      0          3.28803           0.01255           0.00000
   4      0          3.26879           0.01235          -0.01924
   5      0          3.31826           0.01251           0.03023
   5     60          3.30241           0.01253           0.01438
   5     80          3.16513           0.01271          -0.12290
   5    100          2.75105           0.01327          -0.53698
 
 
 group  inft   Estimated free energy: total (kcal/mol)
   1      0       3.3294       3.3804       3.3781       3.4195       3.4099
                  3.3991       3.3630       3.4033       3.3953       3.3006
   1     60       3.3182       3.3692       3.3671       3.4085       3.3988
                  3.3879       3.3518       3.3922       3.3842       3.2893
   1     80       3.2125       3.2647       3.2634       3.3057       3.2957
                  3.2833       3.2469       3.2883       3.2800       3.1831
   1    100       2.7715       2.8280       2.8302       2.8753       2.8651
                  2.8463       2.8090       2.8549       2.8439       2.7389
   2      0       3.3121       3.3655       3.3676       3.4012       3.3928
                  3.3857       3.3530       3.3912       3.3803       3.2891
   3      0       3.3088       3.3641       3.3692       3.3973       3.3916
                  3.3891       3.3551       3.3915       3.3808       3.2910
   4      0       3.2861       3.3426       3.3501       3.3787       3.3712
                  3.3708       3.3337       3.3684       3.3606       3.2721
   5      0       3.3449       3.3951       3.3946       3.4300       3.4204
                  3.4108       3.3800       3.4233       3.4126       3.3184
   5     60       3.3293       3.3797       3.3793       3.4148       3.4050
                  3.3953       3.3645       3.4079       3.3972       3.3028
   5     80       3.1928       3.2445       3.2453       3.2816       3.2716
                  3.2599       3.2288       3.2736       3.2625       3.1655
   5    100       2.7789       2.8345       2.8390       2.8774       2.8668
                  2.8495       2.8176       2.8666       2.8534       2.7488
 
 group  inft   Estimated free energy: 1-th solvent contribution (kcal/mol)
   1      0       0.2013       0.1971       0.2401       0.2275       0.2312
                  0.1976       0.2077       0.2246       0.2054       0.1983
   1     60       0.2013       0.1971       0.2403       0.2276       0.2313
                  0.1976       0.2077       0.2247       0.2054       0.1983
   1     80       0.2014       0.1970       0.2416       0.2289       0.2328
                  0.1976       0.2080       0.2254       0.2056       0.1983
   1    100       0.2006       0.1955       0.2466       0.2335       0.2388
                  0.1961       0.2085       0.2278       0.2053       0.1969
   2      0       0.1995       0.1959       0.2368       0.2239       0.2279
                  0.1965       0.2062       0.2219       0.2040       0.1962
   3      0       0.1976       0.1951       0.2360       0.2222       0.2258
                  0.1963       0.2051       0.2210       0.2036       0.1961
   4      0       0.1972       0.1943       0.2353       0.2211       0.2245
                  0.1958       0.2045       0.2205       0.2031       0.1953
   5      0       0.1973       0.1940       0.2341       0.2224       0.2249
                  0.1959       0.2041       0.2199       0.2033       0.1955
   5     60       0.1973       0.1940       0.2343       0.2225       0.2250
                  0.1958       0.2041       0.2199       0.2033       0.1955
   5     80       0.1971       0.1937       0.2358       0.2239       0.2267
                  0.1955       0.2043       0.2207       0.2034       0.1952
   5    100       0.1957       0.1918       0.2397       0.2276       0.2315
                  0.1936       0.2039       0.2222       0.2026       0.1934
 
 group  inft   Estimated free energy: 2-th solvent contribution (kcal/mol)
   1      0      -0.1496      -0.1089      -0.1472      -0.0965      -0.1233
                 -0.1082      -0.1445      -0.1465      -0.1175      -0.1578
   1     60      -0.1494      -0.1086      -0.1469      -0.0961      -0.1230
                 -0.1079      -0.1442      -0.1462      -0.1171      -0.1576
   1     80      -0.1482      -0.1066      -0.1454      -0.0941      -0.1214
                 -0.1060      -0.1427      -0.1447      -0.1154      -0.1567
   1    100      -0.1454      -0.1003      -0.1411      -0.0876      -0.1168
                 -0.1002      -0.1389      -0.1406      -0.1100      -0.1555
   2      0      -0.1514      -0.1127      -0.1492      -0.1013      -0.1273
                 -0.1118      -0.1478      -0.1492      -0.1217      -0.1592
   3      0      -0.1527      -0.1137      -0.1490      -0.1040      -0.1285
                 -0.1123      -0.1485      -0.1504      -0.1227      -0.1591
   4      0      -0.1537      -0.1144      -0.1483      -0.1039      -0.1293
                 -0.1124      -0.1487      -0.1512      -0.1242      -0.1594
   5      0      -0.1505      -0.1139      -0.1505      -0.1022      -0.1299
                 -0.1164      -0.1493      -0.1506      -0.1213      -0.1595
   5     60      -0.1502      -0.1134      -0.1501      -0.1018      -0.1296
                 -0.1160      -0.1490      -0.1503      -0.1209      -0.1592
   5     80      -0.1488      -0.1111      -0.1483      -0.0993      -0.1277
                 -0.1138      -0.1473      -0.1485      -0.1188      -0.1583
   5    100      -0.1463      -0.1052      -0.1444      -0.0931      -0.1236
                 -0.1084      -0.1437      -0.1447      -0.1136      -0.1574
 
 group  inft   Estimated free energy: 3-th solvent contribution (kcal/mol)
   1      0       3.2777       3.2922       3.2852       3.2884       3.3019
                  3.3096       3.2998       3.3251       3.3074       3.2601
   1     60       3.2662       3.2807       3.2737       3.2770       3.2905
                  3.2982       3.2883       3.3137       3.2959       3.2486
   1     80       3.1593       3.1743       3.1671       3.1708       3.1842
                  3.1917       3.1816       3.2075       3.1897       3.1415
   1    100       2.7163       2.7327       2.7247       2.7293       2.7431
                  2.7503       2.7394       2.7676       2.7485       2.6974
   2      0       3.2640       3.2823       3.2800       3.2786       3.2921
                  3.3010       3.2945       3.3185       3.2980       3.2520
   3      0       3.2638       3.2826       3.2821       3.2791       3.2943
                  3.3051       3.2985       3.3209       3.2999       3.2540
   4      0       3.2426       3.2626       3.2631       3.2615       3.2759
                  3.2874       3.2779       3.2990       3.2817       3.2362
   5      0       3.2981       3.3149       3.3110       3.3098       3.3254
                  3.3313       3.3252       3.3540       3.3306       3.2824
   5     60       3.2822       3.2990       3.2951       3.2940       3.3096
                  3.3154       3.3093       3.3382       3.3148       3.2665
   5     80       3.1445       3.1618       3.1579       3.1570       3.1725
                  3.1781       3.1717       3.2013       3.1779       3.1286
   5    100       2.7295       2.7478       2.7437       2.7429       2.7589
                  2.7643       2.7573       2.7890       2.7644       2.7127
 
 
 cumulative average & 95% error for solvation free energy
              total             1st component         2nd component         3rd component
  1     3.3088                0.1976               -0.1527                3.2638
  2     3.3364     0.0553     0.1963     0.0025    -0.1332     0.0390     3.2732     0.0188
  3     3.3474     0.0387     0.2096     0.0265    -0.1384     0.0248     3.2762     0.0124
  4     3.3599     0.0370     0.2127     0.0198    -0.1298     0.0246     3.2769     0.0089
  5     3.3662     0.0314     0.2153     0.0162    -0.1296     0.0191     3.2804     0.0098
  6     3.3700     0.0267     0.2122     0.0147    -0.1267     0.0166     3.2845     0.0115
  7     3.3679     0.0230     0.2112     0.0125    -0.1298     0.0153     3.2865     0.0105
  8     3.3708     0.0208     0.2124     0.0111    -0.1324     0.0143     3.2908     0.0125
  9     3.3720     0.0185     0.2114     0.0100    -0.1313     0.0128     3.2918     0.0112
 10     3.3639     0.0231     0.2099     0.0095    -0.1341     0.0127     3.2880     0.0126
