 ERmod 0.3.7, Copyright (C) 2000-2019 Nobuyuki Matubayasi
                            2010-2019 Shun Sakuraba
 ERmod comes with ABSOLUTELY NO WARRANTY.
 This is free software, and you can redistribute it
 and/or modify it under certain conditions.
 See LICENSE file for details.
 ERmod 0.3.7, Copyright (C) 2000-2019 Nobuyuki Matubayasi
                            2010-2019 Shun Sakuraba
 ERmod comes with ABSOLUTELY NO WARRANTY.
 This is free software, and you can redistribute it
 and/or modify it under certain conditions.
 See LICENSE file for details.
 
  Number of the   1-th solvent  =           90
  Number of the   2-th solvent  =           90
  Number of the   3-th solvent  =        10000
 
  Be sure that the solvent distribution is homogeneous (radial distribution function is essentially unity) when the solvent molecule is separated beyond distance of   10.0 Angstrom in any direction from any atom within the solute molecule
 
  LJ long-range correction    =        -0.0049     -0.0166     -0.6667
 
  Self-energy of the solute   =         0.0001  kcal/mol
 
 
 cumulative average & 95% error for solvation energy
              total             1st component         2nd component         3rd component
  1   -15.9570                0.2038               -0.4562              -15.7047
  2   -15.9996     0.0853     0.1916     0.0244    -0.4702     0.0281   -15.7211     0.0328
  3   -15.9750     0.0697     0.2094     0.0382    -0.4475     0.0482   -15.7369     0.0368
  4   -15.9797     0.0502     0.2163     0.0303    -0.4246     0.0572   -15.7715     0.0739
  5   -15.9761     0.0395     0.2200     0.0247    -0.4195     0.0455   -15.7767     0.0582
  6   -15.9718     0.0334     0.2214     0.0203    -0.4286     0.0414   -15.7646     0.0534
  7   -15.9834     0.0365     0.2150     0.0214    -0.4418     0.0438   -15.7566     0.0479
  8   -15.9777     0.0336     0.2161     0.0187    -0.4384     0.0386   -15.7555     0.0415
  9   -15.9749     0.0302     0.2136     0.0172    -0.4351     0.0346   -15.7534     0.0368
 10   -15.9740     0.0270     0.2122     0.0156    -0.4310     0.0321   -15.7553     0.0332
 
 
 group  inft  solvation free energy     error          difference
  total solvation free energy
   1      0          3.98424           0.02093           0.01584
   1     60          3.97147           0.02099           0.00307
   1     80          3.83915           0.02170          -0.12925
   1    100          3.26479           0.02490          -0.70361
   2      0          3.96920           0.02181           0.00080
   3      0          3.96840           0.02271           0.00000
   4      0          3.93966           0.02204          -0.02874
   5      0          3.99617           0.02157           0.02777
   5     60          3.97813           0.02166           0.00973
   5     80          3.80505           0.02258          -0.16335
   5    100          3.26296           0.02559          -0.70544
 
  contribution from  1-th solvent component
   1      0          0.32434           0.01864           0.00322
   1     60          0.32443           0.01870           0.00331
   1     80          0.32549           0.01945           0.00437
   1    100          0.32818           0.02263           0.00707
   2      0          0.32187           0.01843           0.00075
   3      0          0.32112           0.01849           0.00000
   4      0          0.32026           0.01826          -0.00086
   5      0          0.32040           0.01843          -0.00072
   5     60          0.32052           0.01852          -0.00060
   5     80          0.32159           0.01947           0.00047
   5    100          0.32346           0.02242           0.00234
 
  contribution from  2-th solvent component
   1      0         -0.24384           0.02239           0.00229
   1     60         -0.24384           0.02243           0.00229
   1     80         -0.24406           0.02287           0.00207
   1    100         -0.24597           0.02457           0.00016
   2      0         -0.24555           0.02207           0.00058
   3      0         -0.24613           0.02218          -0.00000
   4      0         -0.24705           0.02170          -0.00092
   5      0         -0.24692           0.02176          -0.00079
   5     60         -0.24694           0.02181          -0.00081
   5     80         -0.24740           0.02236          -0.00127
   5    100         -0.24951           0.02388          -0.00338
 
  contribution from  3-th solvent component
   1      0          3.90369           0.02178           0.01033
   1     60          3.89082           0.02179          -0.00254
   1     80          3.75767           0.02196          -0.13569
   1    100          3.18253           0.02284          -0.71084
   2      0          3.89283           0.02040          -0.00053
   3      0          3.89336           0.01986           0.00000
   4      0          3.86640           0.01939          -0.02696
   5      0          3.92264           0.02000           0.02928
   5     60          3.90450           0.02002           0.01114
   5     80          3.73081           0.02023          -0.16255
   5    100          3.18895           0.02105          -0.70441
 
 
 group  inft   Estimated free energy: total (kcal/mol)
   1      0       3.9910       3.9320       4.0385       4.0037       3.9771
                  3.9908       3.9272       3.9998       3.9852       3.9972
   1     60       3.9782       3.9191       4.0259       3.9912       3.9643
                  3.9780       3.9143       3.9870       3.9723       3.9844
   1     80       3.8453       3.7850       3.8957       3.8615       3.8325
                  3.8457       3.7804       3.8546       3.8393       3.8517
   1    100       3.2693       3.2033       3.3303       3.2963       3.2602
                  3.2723       3.1983       3.2803       3.2622       3.2754
   2      0       3.9665       3.9165       4.0314       3.9908       3.9645
                  3.9806       3.9121       3.9798       3.9747       3.9751
   3      0       3.9560       3.9156       4.0363       3.9922       3.9645
                  3.9805       3.9124       3.9793       3.9755       3.9718
   4      0       3.9263       3.8898       4.0059       3.9615       3.9381
                  3.9532       3.8846       3.9518       3.9454       3.9401
   5      0       3.9992       3.9456       4.0554       4.0201       3.9897
                  4.0056       3.9367       4.0030       4.0016       4.0048
   5     60       3.9811       3.9274       4.0376       4.0024       3.9718
                  3.9875       3.9184       3.9849       3.9835       3.9868
   5     80       3.8071       3.7523       3.8673       3.8325       3.7992
                  3.8145       3.7434       3.8118       3.8094       3.8130
   5    100       3.2631       3.2038       3.3344       3.2984       3.2589
                  3.2733       3.1945       3.2697       3.2648       3.2686
 
 group  inft   Estimated free energy: 1-th solvent contribution (kcal/mol)
   1      0       0.3181       0.2954       0.3849       0.3513       0.3418
                  0.3351       0.2941       0.3233       0.2981       0.3014
   1     60       0.3181       0.2954       0.3852       0.3515       0.3419
                  0.3352       0.2941       0.3233       0.2981       0.3014
   1     80       0.3188       0.2954       0.3885       0.3537       0.3439
                  0.3368       0.2939       0.3242       0.2982       0.3015
   1    100       0.3202       0.2931       0.4006       0.3616       0.3504
                  0.3421       0.2911       0.3263       0.2965       0.2999
   2      0       0.3147       0.2930       0.3819       0.3480       0.3394
                  0.3327       0.2922       0.3210       0.2971       0.2986
   3      0       0.3124       0.2921       0.3818       0.3475       0.3382
                  0.3319       0.2919       0.3206       0.2967       0.2981
   4      0       0.3118       0.2922       0.3810       0.3456       0.3364
                  0.3313       0.2916       0.3192       0.2961       0.2974
   5      0       0.3124       0.2919       0.3820       0.3457       0.3369
                  0.3304       0.2913       0.3198       0.2963       0.2974
   5     60       0.3124       0.2918       0.3824       0.3460       0.3371
                  0.3306       0.2912       0.3199       0.2963       0.2974
   5     80       0.3130       0.2914       0.3864       0.3486       0.3393
                  0.3324       0.2908       0.3207       0.2961       0.2972
   5    100       0.3137       0.2887       0.3972       0.3552       0.3445
                  0.3365       0.2878       0.3219       0.2940       0.2950
 
 group  inft   Estimated free energy: 2-th solvent contribution (kcal/mol)
   1      0      -0.2637      -0.2782      -0.2333      -0.1743      -0.2306
                 -0.2743      -0.2966      -0.2367      -0.2328      -0.2177
   1     60      -0.2638      -0.2783      -0.2333      -0.1741      -0.2307
                 -0.2744      -0.2967      -0.2367      -0.2328      -0.2177
   1     80      -0.2644      -0.2791      -0.2337      -0.1723      -0.2309
                 -0.2752      -0.2975      -0.2370      -0.2329      -0.2177
   1    100      -0.2682      -0.2832      -0.2361      -0.1666      -0.2330
                 -0.2791      -0.3017      -0.2392      -0.2340      -0.2186
   2      0      -0.2656      -0.2788      -0.2352      -0.1761      -0.2332
                 -0.2755      -0.2975      -0.2382      -0.2345      -0.2210
   3      0      -0.2662      -0.2798      -0.2357      -0.1759      -0.2335
                 -0.2758      -0.2982      -0.2388      -0.2352      -0.2223
   4      0      -0.2670      -0.2797      -0.2368      -0.1783      -0.2351
                 -0.2764      -0.2979      -0.2392      -0.2360      -0.2243
   5      0      -0.2656      -0.2798      -0.2369      -0.1786      -0.2346
                 -0.2778      -0.2979      -0.2389      -0.2362      -0.2230
   5     60      -0.2657      -0.2799      -0.2369      -0.1784      -0.2346
                 -0.2779      -0.2980      -0.2389      -0.2362      -0.2230
   5     80      -0.2667      -0.2810      -0.2375      -0.1764      -0.2351
                 -0.2790      -0.2992      -0.2394      -0.2365      -0.2232
   5    100      -0.2705      -0.2852      -0.2400      -0.1717      -0.2373
                 -0.2829      -0.3033      -0.2417      -0.2377      -0.2246
 
 group  inft   Estimated free energy: 3-th solvent contribution (kcal/mol)
   1      0       3.9366       3.9147       3.8868       3.8267       3.8659
                  3.9300       3.9297       3.9131       3.9199       3.9134
   1     60       3.9238       3.9018       3.8740       3.8137       3.8530
                  3.9171       3.9169       3.9003       3.9070       3.9006
   1     80       3.7909       3.7687       3.7408       3.6800       3.7195
                  3.7840       3.7840       3.7673       3.7739       3.7678
   1    100       3.2173       3.1934       3.1658       3.1012       3.1428
                  3.2093       3.2088       3.1931       3.1996       3.1941
   2      0       3.9174       3.9024       3.8845       3.8189       3.8582
                  3.9233       3.9173       3.8968       3.9120       3.8975
   3      0       3.9097       3.9032       3.8902       3.8204       3.8597
                  3.9244       3.9186       3.8975       3.9139       3.8960
   4      0       3.8815       3.8773       3.8616       3.7941       3.8367
                  3.8982       3.8909       3.8717       3.8851       3.8669
   5      0       3.9524       3.9335       3.9101       3.8530       3.8874
                  3.9529       3.9433       3.9220       3.9415       3.9303
   5     60       3.9343       3.9153       3.8920       3.8348       3.8692
                  3.9347       3.9252       3.9039       3.9233       3.9122
   5     80       3.7608       3.7418       3.7184       3.6602       3.6951
                  3.7610       3.7517       3.7305       3.7497       3.7389
   5    100       3.2199       3.2003       3.1771       3.1148       3.1517
                  3.2196       3.2099       3.1895       3.2085       3.1982
 
 
 cumulative average & 95% error for solvation free energy
              total             1st component         2nd component         3rd component
  1     3.9560                0.3124               -0.2662                3.9097
  2     3.9358     0.0404     0.3023     0.0204    -0.2730     0.0136     3.9065     0.0065
  3     3.9693     0.0710     0.3288     0.0543    -0.2606     0.0261     3.9010     0.0115
  4     3.9750     0.0515     0.3335     0.0395    -0.2394     0.0462     3.8809     0.0411
  5     3.9729     0.0401     0.3344     0.0307    -0.2382     0.0358     3.8766     0.0330
  6     3.9742     0.0328     0.3340     0.0251    -0.2445     0.0318     3.8846     0.0313
  7     3.9654     0.0329     0.3280     0.0244    -0.2521     0.0310     3.8895     0.0282
  8     3.9671     0.0287     0.3271     0.0212    -0.2505     0.0270     3.8905     0.0245
  9     3.9680     0.0254     0.3237     0.0199    -0.2488     0.0241     3.8931     0.0222
 10     3.9684     0.0227     0.3211     0.0185    -0.2461     0.0222     3.8934     0.0199
