 ERmod 0.3.7, Copyright (C) 2000-2019 Nobuyuki Matubayasi
                            2010-2019 Shun Sakuraba
 ERmod comes with ABSOLUTELY NO WARRANTY.
 This is free software, and you can redistribute it
 and/or modify it under certain conditions.
 See LICENSE file for details.
 ERmod 0.3.7, Copyright (C) 2000-2019 Nobuyuki Matubayasi
                            2010-2019 Shun Sakuraba
 ERmod comes with ABSOLUTELY NO WARRANTY.
 This is free software, and you can redistribute it
 and/or modify it under certain conditions.
 See LICENSE file for details.
 
  Number of the   1-th solvent  =           90
  Number of the   2-th solvent  =           90
  Number of the   3-th solvent  =        10000
 
  Be sure that the solvent distribution is homogeneous (radial distribution function is essentially unity) when the solvent molecule is separated beyond distance of   10.0 Angstrom in any direction from any atom within the solute molecule
 
  LJ long-range correction    =        -0.0038     -0.0101     -0.4069
 
  Self-energy of the solute   =        -0.0001  kcal/mol
 
 
 cumulative average & 95% error for solvation energy
              total             1st component         2nd component         3rd component
  1   -23.4300               -0.5724               -1.3966              -21.4608
  2   -23.3822     0.0955    -0.3684     0.4082    -1.1078     0.5777   -21.9060     0.8903
  3   -23.3635     0.0667    -0.4573     0.2952    -1.0630     0.3453   -21.8431     0.5292
  4   -23.3467     0.0579    -0.4592     0.2088    -0.9617     0.3173   -21.9257     0.4090
  5   -23.3401     0.0467    -0.3475     0.2759    -1.0013     0.2582   -21.9913     0.3429
  6   -23.3251     0.0486    -0.2959     0.2477    -0.9367     0.2472   -22.0925     0.3454
  7   -23.3351     0.0457    -0.3910     0.2829    -0.8101     0.3282   -22.1339     0.3035
  8   -23.3519     0.0519    -0.3692     0.2488    -0.7806     0.2903   -22.2020     0.2960
  9   -23.3499     0.0460    -0.4800     0.3119    -0.8003     0.2590   -22.0695     0.3720
 10   -23.3547     0.0422    -0.4372     0.2918    -0.7595     0.2457   -22.1579     0.3768
 
 
 group  inft  solvation free energy     error          difference
  total solvation free energy
   1      0         -4.16799           0.04204           0.01141
   1     60         -4.18864           0.04204          -0.00924
   1     80         -4.35130           0.04206          -0.17190
   1    100         -4.90720           0.04214          -0.72781
   2      0         -4.17564           0.04243           0.00376
   3      0         -4.17939           0.04113           0.00000
   4      0         -4.17457           0.04256           0.00482
   5      0         -4.18254           0.04093          -0.00315
   5     60         -4.21050           0.04092          -0.03111
   5     80         -4.41170           0.04093          -0.23230
   5    100         -4.92303           0.04100          -0.74364
 
  contribution from  1-th solvent component
   1      0         -0.07170           0.16139           0.00917
   1     60         -0.07176           0.16142           0.00911
   1     80         -0.07248           0.16158           0.00839
   1    100         -0.07532           0.16212           0.00555
   2      0         -0.07856           0.15751           0.00231
   3      0         -0.08087           0.15481           0.00000
   4      0         -0.08191           0.15449          -0.00105
   5      0         -0.08321           0.15341          -0.00235
   5     60         -0.08333           0.15343          -0.00247
   5     80         -0.08442           0.15357          -0.00355
   5    100         -0.08752           0.15393          -0.00665
 
  contribution from  2-th solvent component
   1      0         -0.41332           0.13255          -0.00160
   1     60         -0.41345           0.13257          -0.00173
   1     80         -0.41468           0.13270          -0.00295
   1    100         -0.41925           0.13309          -0.00753
   2      0         -0.41191           0.13089          -0.00019
   3      0         -0.41172           0.12995          -0.00000
   4      0         -0.41038           0.12906           0.00134
   5      0         -0.41136           0.12882           0.00036
   5     60         -0.41157           0.12883           0.00015
   5     80         -0.41324           0.12897          -0.00152
   5    100         -0.41773           0.12925          -0.00601
 
  contribution from  3-th solvent component
   1      0         -3.68288           0.18291           0.00383
   1     60         -3.70334           0.18296          -0.01662
   1     80         -3.86405           0.18320          -0.17734
   1    100         -4.41254           0.18394          -0.72583
   2      0         -3.68508           0.18255           0.00163
   3      0         -3.68672           0.18319           0.00000
   4      0         -3.68219           0.18160           0.00453
   5      0         -3.68788           0.18219          -0.00116
   5     60         -3.71551           0.18225          -0.02879
   5     80         -3.91395           0.18253          -0.22723
   5    100         -4.41769           0.18317          -0.73098
 
 
 group  inft   Estimated free energy: total (kcal/mol)
   1      0      -4.2429      -4.2149      -4.1761      -4.1485      -4.0629
                 -4.0967      -4.1174      -4.2191      -4.2643      -4.1371
   1     60      -4.2634      -4.2355      -4.1967      -4.1691      -4.0835
                 -4.1173      -4.1381      -4.2398      -4.2850      -4.1579
   1     80      -4.4258      -4.3978      -4.3594      -4.3317      -4.2459
                 -4.2796      -4.3008      -4.4028      -4.4476      -4.3215
   1    100      -4.9811      -4.9526      -4.9154      -4.8875      -4.8012
                 -4.8340      -4.8564      -4.9598      -5.0037      -4.8804
   2      0      -4.2448      -4.2357      -4.1818      -4.1590      -4.0627
                 -4.1079      -4.1220      -4.2326      -4.2625      -4.1475
   3      0      -4.2392      -4.2471      -4.1833      -4.1685      -4.0669
                 -4.1149      -4.1240      -4.2372      -4.2569      -4.1560
   4      0      -4.2297      -4.2439      -4.1776      -4.1604      -4.0597
                 -4.1117      -4.1164      -4.2382      -4.2606      -4.1475
   5      0      -4.2415      -4.2539      -4.1886      -4.1680      -4.0697
                 -4.1186      -4.1288      -4.2433      -4.2530      -4.1601
   5     60      -4.2693      -4.2818      -4.2165      -4.1959      -4.0976
                 -4.1465      -4.1568      -4.2713      -4.2810      -4.1883
   5     80      -4.4701      -4.4826      -4.4177      -4.3971      -4.2986
                 -4.3473      -4.3579      -4.4731      -4.4820      -4.3907
   5    100      -4.9806      -4.9933      -4.9287      -4.9086      -4.8094
                 -4.8573      -4.8688      -4.9856      -4.9931      -4.9050
 
 group  inft   Estimated free energy: 1-th solvent contribution (kcal/mol)
   1      0      -0.1588       0.0310      -0.1916      -0.0724       0.2908
                  0.1457      -0.3319       0.0283      -0.5809       0.1229
   1     60      -0.1589       0.0310      -0.1918      -0.0725       0.2907
                  0.1457      -0.3321       0.0283      -0.5810       0.1229
   1     80      -0.1597       0.0307      -0.1928      -0.0733       0.2904
                  0.1453      -0.3331       0.0278      -0.5821       0.1221
   1    100      -0.1630       0.0290      -0.1969      -0.0764       0.2892
                  0.1435      -0.3369       0.0257      -0.5862       0.1188
   2      0      -0.1646       0.0118      -0.1928      -0.0768       0.2828
                  0.1347      -0.3294       0.0088      -0.5743       0.1144
   3      0      -0.1631       0.0057      -0.1899      -0.0794       0.2736
                  0.1300      -0.3250       0.0040      -0.5716       0.1072
   4      0      -0.1614      -0.0004      -0.1914      -0.0781       0.2743
                  0.1250      -0.3245      -0.0011      -0.5718       0.1104
   5      0      -0.1624      -0.0013      -0.1914      -0.0783       0.2706
                  0.1238      -0.3254      -0.0037      -0.5693       0.1053
   5     60      -0.1625      -0.0014      -0.1916      -0.0784       0.2705
                  0.1238      -0.3255      -0.0038      -0.5695       0.1052
   5     80      -0.1637      -0.0021      -0.1930      -0.0796       0.2698
                  0.1231      -0.3269      -0.0048      -0.5709       0.1039
   5    100      -0.1671      -0.0044      -0.1969      -0.0830       0.2679
                  0.1208      -0.3307      -0.0075      -0.5747       0.1003
 
 group  inft   Estimated free energy: 2-th solvent contribution (kcal/mol)
   1      0      -0.7207      -0.4616      -0.5326      -0.3824      -0.6033
                 -0.3499      -0.0104      -0.3076      -0.5665      -0.1983
   1     60      -0.7209      -0.4617      -0.5327      -0.3826      -0.6034
                 -0.3500      -0.0105      -0.3077      -0.5666      -0.1984
   1     80      -0.7223      -0.4629      -0.5340      -0.3837      -0.6049
                 -0.3512      -0.0111      -0.3091      -0.5680      -0.1996
   1    100      -0.7276      -0.4676      -0.5386      -0.3880      -0.6101
                 -0.3557      -0.0138      -0.3142      -0.5729      -0.2039
   2      0      -0.7145      -0.4624      -0.5336      -0.3879      -0.5923
                 -0.3480      -0.0162      -0.3001      -0.5672      -0.1970
   3      0      -0.7117      -0.4646      -0.5345      -0.3910      -0.5889
                 -0.3462      -0.0200      -0.2975      -0.5655      -0.1975
   4      0      -0.7064      -0.4633      -0.5281      -0.3913      -0.5861
                 -0.3461      -0.0200      -0.2979      -0.5674      -0.1973
   5      0      -0.7088      -0.4614      -0.5345      -0.3926      -0.5869
                 -0.3473      -0.0222      -0.2964      -0.5628      -0.2007
   5     60      -0.7090      -0.4617      -0.5347      -0.3927      -0.5871
                 -0.3476      -0.0223      -0.2966      -0.5631      -0.2010
   5     80      -0.7109      -0.4634      -0.5364      -0.3943      -0.5890
                 -0.3492      -0.0232      -0.2985      -0.5648      -0.2026
   5    100      -0.7158      -0.4681      -0.5409      -0.3988      -0.5939
                 -0.3537      -0.0262      -0.3033      -0.5696      -0.2071
 
 group  inft   Estimated free energy: 3-th solvent contribution (kcal/mol)
   1      0      -3.3633      -3.7842      -3.4518      -3.6936      -3.7503
                 -3.8925      -3.7750      -3.9397      -3.1168      -4.0617
   1     60      -3.3836      -3.8047      -3.4722      -3.7140      -3.7707
                 -3.9130      -3.7955      -3.9602      -3.1372      -4.0823
   1     80      -3.5437      -3.9654      -3.6326      -3.8746      -3.9313
                 -4.0736      -3.9566      -4.1214      -3.2975      -4.2439
   1    100      -4.0904      -4.5138      -4.1798      -4.4230      -4.4801
                 -4.6217      -4.5056      -4.6712      -3.8445      -4.7953
   2      0      -3.3656      -3.7850      -3.4552      -3.6942      -3.7531
                 -3.8944      -3.7763      -3.9413      -3.1209      -4.0648
   3      0      -3.3643      -3.7881      -3.4587      -3.6980      -3.7515
                 -3.8987      -3.7789      -3.9436      -3.1197      -4.0656
   4      0      -3.3618      -3.7801      -3.4580      -3.6909      -3.7478
                 -3.8905      -3.7719      -3.9391      -3.1213      -4.0605
   5      0      -3.3702      -3.7910      -3.4626      -3.6971      -3.7533
                 -3.8950      -3.7811      -3.9431      -3.1208      -4.0646
   5     60      -3.3977      -3.8187      -3.4902      -3.7247      -3.7809
                 -3.9226      -3.8088      -3.9708      -3.1484      -4.0924
   5     80      -3.5954      -4.0171      -3.6882      -3.9230      -3.9793
                 -4.1210      -4.0076      -4.1697      -3.3463      -4.2919
   5    100      -4.0976      -4.5207      -4.1908      -4.4268      -4.4833
                 -4.6242      -4.5118      -4.6747      -3.8488      -4.7982
 
 
 cumulative average & 95% error for solvation free energy
              total             1st component         2nd component         3rd component
  1    -4.2392               -0.1631               -0.7117               -3.3643
  2    -4.2432     0.0080    -0.0787     0.1688    -0.5881     0.2471    -3.5762     0.4238
  3    -4.2232     0.0402    -0.1158     0.1224    -0.5702     0.1471    -3.5370     0.2569
  4    -4.2095     0.0394    -0.1067     0.0885    -0.5254     0.1373    -3.5773     0.1987
  5    -4.1810     0.0647    -0.0306     0.1668    -0.5381     0.1093    -3.6121     0.1690
  6    -4.1700     0.0572    -0.0039     0.1464    -0.5061     0.1098    -3.6599     0.1678
  7    -4.1634     0.0501    -0.0497     0.1540    -0.4367     0.1670    -3.6769     0.1458
  8    -4.1726     0.0472    -0.0430     0.1341    -0.4193     0.1488    -3.7102     0.1428
  9    -4.1820     0.0456    -0.1018     0.1667    -0.4355     0.1352    -3.6446     0.1819
 10    -4.1794     0.0411    -0.0809     0.1548    -0.4117     0.1300    -3.6867     0.1832
