 ERmod 0.3.7, Copyright (C) 2000-2019 Nobuyuki Matubayasi
                            2010-2019 Shun Sakuraba
 ERmod comes with ABSOLUTELY NO WARRANTY.
 This is free software, and you can redistribute it
 and/or modify it under certain conditions.
 See LICENSE file for details.
 ERmod 0.3.7, Copyright (C) 2000-2019 Nobuyuki Matubayasi
                            2010-2019 Shun Sakuraba
 ERmod comes with ABSOLUTELY NO WARRANTY.
 This is free software, and you can redistribute it
 and/or modify it under certain conditions.
 See LICENSE file for details.
 
  Number of the   1-th solvent  =          180
  Number of the   2-th solvent  =          180
  Number of the   3-th solvent  =        10000
 
  Be sure that the solvent distribution is homogeneous (radial distribution function is essentially unity) when the solvent molecule is separated beyond distance of   10.0 Angstrom in any direction from any atom within the solute molecule
 
  LJ long-range correction    =        -0.0017     -0.0579     -0.5483
 
  Self-energy of the solute   =         0.0000  kcal/mol
 
 
 cumulative average & 95% error for solvation energy
              total             1st component         2nd component         3rd component
  1   -14.1375                0.3897               -1.5396              -12.9877
  2   -14.0807     0.1136     0.3908     0.0024    -1.4166     0.2460   -13.0550     0.1348
  3   -14.0826     0.0657     0.3918     0.0023    -1.3819     0.1580   -13.0925     0.1079
  4   -14.0427     0.0924     0.3909     0.0023    -1.2711     0.2482   -13.1625     0.1596
  5   -14.0315     0.0750     0.3901     0.0024    -1.2503     0.1967   -13.1713     0.1249
  6   -14.0234     0.0633     0.3909     0.0025    -1.2159     0.1748   -13.1985     0.1155
  7   -14.0287     0.0545     0.3915     0.0024    -1.2335     0.1518   -13.1867     0.1005
  8   -14.0307     0.0474     0.3923     0.0027    -1.2293     0.1318   -13.1938     0.0882
  9   -14.0433     0.0488     0.3918     0.0026    -1.2542     0.1264   -13.1810     0.0819
 10   -14.0525     0.0474     0.3902     0.0040    -1.2628     0.1144   -13.1800     0.0733
 
 
 group  inft  solvation free energy     error          difference
  total solvation free energy
   1      0          3.23221           0.02940           0.01508
   1     60          3.20975           0.02947          -0.00737
   1     80          3.04154           0.02994          -0.17559
   1    100          2.45456           0.03126          -0.76257
   2      0          3.21810           0.02995           0.00098
   3      0          3.21712           0.03020           0.00000
   4      0          3.19115           0.03093          -0.02597
   5      0          3.24652           0.03010           0.02940
   5     60          3.21589           0.03019          -0.00124
   5     80          3.00545           0.03078          -0.21168
   5    100          2.45911           0.03203          -0.75801
 
  contribution from  1-th solvent component
   1      0          0.35177           0.00617           0.00289
   1     60          0.35266           0.00618           0.00379
   1     80          0.35920           0.00632           0.01033
   1    100          0.37765           0.00680           0.02877
   2      0          0.34952           0.00590           0.00065
   3      0          0.34887           0.00579           0.00000
   4      0          0.34743           0.00574          -0.00144
   5      0          0.34658           0.00549          -0.00229
   5     60          0.34778           0.00551          -0.00109
   5     80          0.35570           0.00568           0.00682
   5    100          0.37220           0.00615           0.02333
 
  contribution from  2-th solvent component
   1      0         -0.64957           0.05503           0.00270
   1     60         -0.64987           0.05508           0.00240
   1     80         -0.65214           0.05545           0.00013
   1    100         -0.66034           0.05657          -0.00806
   2      0         -0.65164           0.05509           0.00063
   3      0         -0.65227           0.05504           0.00000
   4      0         -0.65358           0.05490          -0.00130
   5      0         -0.65407           0.05495          -0.00179
   5     60         -0.65450           0.05501          -0.00222
   5     80         -0.65752           0.05544          -0.00525
   5    100         -0.66547           0.05644          -0.01320
 
  contribution from  3-th solvent component
   1      0          3.52997           0.02947           0.00949
   1     60          3.50692           0.02948          -0.01355
   1     80          3.33443           0.02957          -0.18604
   1    100          2.73720           0.03003          -0.78328
   2      0          3.52017           0.02860          -0.00030
   3      0          3.52048           0.02814           0.00000
   4      0          3.49725           0.02731          -0.02323
   5      0          3.55396           0.02785           0.03348
   5     60          3.52256           0.02786           0.00208
   5     80          3.30722           0.02792          -0.21325
   5    100          2.75233           0.02825          -0.76815
 
 
 group  inft   Estimated free energy: total (kcal/mol)
   1      0       3.2091       3.2394       3.1962       3.3250       3.2677
                  3.2567       3.2151       3.2571       3.1899       3.1659
   1     60       3.1866       3.2170       3.1736       3.3027       3.2453
                  3.2344       3.1926       3.2348       3.1673       3.1432
   1     80       3.0185       3.0491       3.0049       3.1354       3.0776
                  3.0671       3.0244       3.0670       2.9981       2.9733
   1    100       2.4322       2.4642       2.4161       2.5508       2.4922
                  2.4824       2.4377       2.4804       2.4081       2.3815
   2      0       3.1930       3.2294       3.1911       3.3137       3.2526
                  3.2451       3.1992       3.2368       3.1699       3.1502
   3      0       3.1914       3.2297       3.1918       3.3140       3.2494
                  3.2464       3.1984       3.2338       3.1678       3.1485
   4      0       3.1610       3.2032       3.1668       3.2900       3.2266
                  3.2218       3.1721       3.2070       3.1421       3.1211
   5      0       3.2186       3.2533       3.2185       3.3412       3.2819
                  3.2774       3.2280       3.2682       3.1986       3.1796
   5     60       3.1879       3.2227       3.1878       3.3108       3.2513
                  3.2469       3.1973       3.2377       3.1678       3.1487
   5     80       2.9775       3.0129       2.9767       3.1016       3.0415
                  3.0377       2.9868       3.0277       2.9559       2.9363
   5    100       2.4319       2.4688       2.4287       2.5575       2.4966
                  2.4936       2.4405       2.4816       2.4060       2.3858
 
 group  inft   Estimated free energy: 1-th solvent contribution (kcal/mol)
   1      0       0.3701       0.3505       0.3527       0.3424       0.3417
                  0.3482       0.3539       0.3616       0.3581       0.3386
   1     60       0.3710       0.3514       0.3536       0.3432       0.3426
                  0.3491       0.3548       0.3625       0.3590       0.3394
   1     80       0.3780       0.3580       0.3603       0.3492       0.3492
                  0.3563       0.3618       0.3690       0.3650       0.3452
   1    100       0.3979       0.3767       0.3795       0.3659       0.3678
                  0.3767       0.3817       0.3872       0.3816       0.3613
   2      0       0.3675       0.3491       0.3518       0.3406       0.3396
                  0.3460       0.3512       0.3572       0.3557       0.3366
   3      0       0.3663       0.3485       0.3505       0.3401       0.3396
                  0.3451       0.3508       0.3566       0.3553       0.3360
   4      0       0.3649       0.3468       0.3489       0.3386       0.3382
                  0.3438       0.3490       0.3553       0.3539       0.3350
   5      0       0.3626       0.3459       0.3486       0.3380       0.3375
                  0.3433       0.3486       0.3543       0.3526       0.3344
   5     60       0.3639       0.3470       0.3498       0.3391       0.3387
                  0.3446       0.3498       0.3555       0.3538       0.3355
   5     80       0.3723       0.3550       0.3580       0.3464       0.3468
                  0.3533       0.3583       0.3635       0.3610       0.3425
   5    100       0.3901       0.3718       0.3752       0.3613       0.3637
                  0.3717       0.3763       0.3797       0.3757       0.3566
 
 group  inft   Estimated free energy: 2-th solvent contribution (kcal/mol)
   1      0      -0.7723      -0.6626      -0.6751      -0.4875      -0.6068
                 -0.5426      -0.6885      -0.6243      -0.7423      -0.6937
   1     60      -0.7727      -0.6629      -0.6754      -0.4876      -0.6071
                 -0.5428      -0.6889      -0.6246      -0.7427      -0.6941
   1     80      -0.7756      -0.6650      -0.6778      -0.4887      -0.6093
                 -0.5443      -0.6916      -0.6268      -0.7455      -0.6968
   1    100      -0.7857      -0.6726      -0.6866      -0.4930      -0.6171
                 -0.5504      -0.7011      -0.6349      -0.7554      -0.7065
   2      0      -0.7741      -0.6641      -0.6758      -0.4900      -0.6090
                 -0.5438      -0.6909      -0.6270      -0.7458      -0.6960
   3      0      -0.7744      -0.6648      -0.6767      -0.4908      -0.6104
                 -0.5441      -0.6909      -0.6273      -0.7462      -0.6971
   4      0      -0.7757      -0.6673      -0.6769      -0.4926      -0.6114
                 -0.5456      -0.6928      -0.6287      -0.7469      -0.6979
   5      0      -0.7765      -0.6677      -0.6793      -0.4925      -0.6115
                 -0.5473      -0.6942      -0.6274      -0.7467      -0.6977
   5     60      -0.7770      -0.6681      -0.6798      -0.4927      -0.6119
                 -0.5476      -0.6947      -0.6278      -0.7472      -0.6982
   5     80      -0.7807      -0.6709      -0.6830      -0.4942      -0.6148
                 -0.5497      -0.6982      -0.6308      -0.7509      -0.7017
   5    100      -0.7904      -0.6783      -0.6915      -0.4987      -0.6225
                 -0.5558      -0.7073      -0.6388      -0.7604      -0.7110
 
 group  inft   Estimated free energy: 3-th solvent contribution (kcal/mol)
   1      0       3.6113       3.5515       3.5185       3.4700       3.5328
                  3.4511       3.5497       3.5198       3.5740       3.5210
   1     60       3.5882       3.5285       3.4954       3.4470       3.5098
                  3.4280       3.5266       3.4968       3.5510       3.4978
   1     80       3.4160       3.3561       3.3224       3.2748       3.3377
                  3.2550       3.3542       3.3247       3.3786       3.3249
   1    100       2.8200       2.7601       2.7231       2.6779       2.7414
                  2.6559       2.7570       2.7281       2.7818       2.7266
   2      0       3.5996       3.5443       3.5151       3.4630       3.5219
                  3.4428       3.5389       3.5066       3.5599       3.5095
   3      0       3.5995       3.5460       3.5180       3.4646       3.5202
                  3.4454       3.5385       3.5044       3.5587       3.5095
   4      0       3.5718       3.5237       3.4947       3.4439       3.4998
                  3.4235       3.5158       3.4803       3.5351       3.4839
   5      0       3.6324       3.5751       3.5492       3.4957       3.5558
                  3.4814       3.5735       3.5413       3.5926       3.5428
   5     60       3.6010       3.5438       3.5177       3.4643       3.5244
                  3.4499       3.5421       3.5099       3.5612       3.5113
   5     80       3.3859       3.3288       3.3017       3.2494       3.3095
                  3.2341       3.3266       3.2950       3.3458       3.2955
   5    100       2.8321       2.7753       2.7449       2.6948       2.7554
                  2.6777       2.7715       2.7406       2.7908       2.7401
 
 
 cumulative average & 95% error for solvation free energy
              total             1st component         2nd component         3rd component
  1     3.1914                0.3663               -0.7744                3.5995
  2     3.2105     0.0383     0.3574     0.0178    -0.7196     0.1096     3.5727     0.0535
  3     3.2043     0.0254     0.3551     0.0112    -0.7053     0.0695     3.5545     0.0478
  4     3.2317     0.0577     0.3513     0.0109    -0.6517     0.1180     3.5320     0.0562
  5     3.2353     0.0453     0.3490     0.0097    -0.6434     0.0929     3.5296     0.0438
  6     3.2371     0.0371     0.3483     0.0080    -0.6269     0.0827     3.5156     0.0455
  7     3.2316     0.0333     0.3487     0.0068    -0.6360     0.0723     3.5189     0.0390
  8     3.2319     0.0288     0.3497     0.0062    -0.6349     0.0626     3.5171     0.0340
  9     3.2248     0.0291     0.3503     0.0056    -0.6473     0.0605     3.5217     0.0313
 10     3.2171     0.0302     0.3489     0.0058    -0.6523     0.0550     3.5205     0.0281
