 ERmod 0.3.7, Copyright (C) 2000-2019 Nobuyuki Matubayasi
                            2010-2019 Shun Sakuraba
 ERmod comes with ABSOLUTELY NO WARRANTY.
 This is free software, and you can redistribute it
 and/or modify it under certain conditions.
 See LICENSE file for details.
 ERmod 0.3.7, Copyright (C) 2000-2019 Nobuyuki Matubayasi
                            2010-2019 Shun Sakuraba
 ERmod comes with ABSOLUTELY NO WARRANTY.
 This is free software, and you can redistribute it
 and/or modify it under certain conditions.
 See LICENSE file for details.
 
  Number of the   1-th solvent  =          180
  Number of the   2-th solvent  =          180
  Number of the   3-th solvent  =        10000
 
  Be sure that the solvent distribution is homogeneous (radial distribution function is essentially unity) when the solvent molecule is separated beyond distance of   10.0 Angstrom in any direction from any atom within the solute molecule
 
  LJ long-range correction    =        -0.0036     -0.0095     -0.1912
 
  Self-energy of the solute   =        -0.0001  kcal/mol
 
 
 cumulative average & 95% error for solvation energy
              total             1st component         2nd component         3rd component
  1   -18.2906               -1.8140               -1.6502              -14.8262
  2   -18.2356     0.1100    -1.6856     0.2568    -1.5262     0.2482   -15.0237     0.3950
  3   -18.2028     0.0913    -1.5220     0.3592    -1.4104     0.2723   -15.2704     0.5434
  4   -18.2201     0.0732    -1.5118     0.2548    -1.3752     0.2050   -15.3330     0.4041
  5   -18.2518     0.0851    -1.5748     0.2341    -1.6406     0.5539   -15.0364     0.6707
  6   -18.2654     0.0746    -1.7647     0.4253    -1.7689     0.5201   -14.7317     0.8193
  7   -18.2383     0.0832    -1.6668     0.4093    -1.6452     0.5044   -14.9262     0.7942
  8   -18.2414     0.0723    -1.7309     0.3770    -1.5933     0.4490   -14.9170     0.6881
  9   -18.2395     0.0638    -1.7051     0.3365    -1.6584     0.4168   -14.8760     0.6124
 10   -18.2368     0.0574    -1.5872     0.3823    -1.6790     0.3751   -14.9706     0.5795
 
 
 group  inft  solvation free energy     error          difference
  total solvation free energy
   1      0         -4.61671           0.06363          -0.01530
   1     60         -4.64595           0.06357          -0.04454
   1     80         -4.80205           0.06333          -0.20064
   1    100         -5.20647           0.06282          -0.60506
   2      0         -4.60395           0.06191          -0.00254
   3      0         -4.60141           0.06107           0.00000
   4      0         -4.59426           0.06349           0.00715
   5      0         -4.59522           0.06220           0.00619
   5     60         -4.63326           0.06211          -0.03185
   5     80         -4.81846           0.06179          -0.21705
   5    100         -5.18548           0.06124          -0.58407
 
  contribution from  1-th solvent component
   1      0         -0.63980           0.19229          -0.00700
   1     60         -0.64012           0.19231          -0.00731
   1     80         -0.64190           0.19235          -0.00909
   1    100         -0.64689           0.19248          -0.01409
   2      0         -0.63531           0.19020          -0.00251
   3      0         -0.63280           0.18970           0.00000
   4      0         -0.63100           0.18982           0.00180
   5      0         -0.62942           0.18933           0.00338
   5     60         -0.62986           0.18933           0.00295
   5     80         -0.63206           0.18936           0.00075
   5    100         -0.63677           0.18942          -0.00396
 
  contribution from  2-th solvent component
   1      0         -0.91103           0.19284          -0.01191
   1     60         -0.91158           0.19285          -0.01247
   1     80         -0.91466           0.19290          -0.01555
   1    100         -0.92277           0.19304          -0.02366
   2      0         -0.90170           0.19120          -0.00259
   3      0         -0.89912           0.19058           0.00000
   4      0         -0.89719           0.19107           0.00193
   5      0         -0.89371           0.18970           0.00540
   5     60         -0.89445           0.18970           0.00466
   5     80         -0.89821           0.18974           0.00090
   5    100         -0.90569           0.18981          -0.00657
 
  contribution from  3-th solvent component
   1      0         -3.06580           0.27588           0.00361
   1     60         -3.09417           0.27596          -0.02476
   1     80         -3.24541           0.27636          -0.17600
   1    100         -3.63672           0.27739          -0.56731
   2      0         -3.06686           0.27501           0.00255
   3      0         -3.06941           0.27502           0.00000
   4      0         -3.06599           0.27354           0.00342
   5      0         -3.07201           0.27375          -0.00260
   5     60         -3.10887           0.27385          -0.03946
   5     80         -3.28811           0.27434          -0.21870
   5    100         -3.64294           0.27527          -0.57353
 
 
 group  inft   Estimated free energy: total (kcal/mol)
   1      0      -4.6831      -4.6213      -4.5970      -4.5754      -4.7936
                 -4.7548      -4.4630      -4.5705      -4.5711      -4.5371
   1     60      -4.7122      -4.6505      -4.6263      -4.6048      -4.8228
                 -4.7838      -4.4923      -4.5999      -4.6002      -4.5665
   1     80      -4.8679      -4.8067      -4.7828      -4.7614      -4.9790
                 -4.9387      -4.6489      -4.7565      -4.7554      -4.7232
   1    100      -5.2710      -5.2115      -5.1890      -5.1669      -5.3839
                 -5.3397      -5.0546      -5.1622      -5.1570      -5.1288
   2      0      -4.6726      -4.6198      -4.5851      -4.5626      -4.7762
                 -4.7322      -4.4564      -4.5492      -4.5626      -4.5228
   3      0      -4.6674      -4.6222      -4.5780      -4.5597      -4.7731
                 -4.7276      -4.4578      -4.5425      -4.5586      -4.5272
   4      0      -4.6667      -4.6210      -4.5675      -4.5459      -4.7716
                 -4.7221      -4.4435      -4.5376      -4.5496      -4.5172
   5      0      -4.6626      -4.6222      -4.5693      -4.5453      -4.7686
                 -4.7258      -4.4526      -4.5405      -4.5463      -4.5191
   5     60      -4.7005      -4.6602      -4.6074      -4.5835      -4.8065
                 -4.7635      -4.4908      -4.5788      -4.5842      -4.5573
   5     80      -4.8850      -4.8456      -4.7932      -4.7693      -4.9918
                 -4.9470      -4.6768      -4.7646      -4.7683      -4.7433
   5    100      -5.2506      -5.2130      -5.1618      -5.1373      -5.3590
                 -5.3107      -5.0453      -5.1328      -5.1327      -5.1116
 
 group  inft   Estimated free energy: 1-th solvent contribution (kcal/mol)
   1      0      -0.7487      -0.6309      -0.4853      -0.5566      -0.8016
                 -1.2073      -0.3671      -0.8914      -0.6196      -0.0894
   1     60      -0.7490      -0.6312      -0.4856      -0.5570      -0.8019
                 -1.2077      -0.3674      -0.8918      -0.6199      -0.0897
   1     80      -0.7508      -0.6328      -0.4875      -0.5588      -0.8038
                 -1.2095      -0.3691      -0.8937      -0.6216      -0.0913
   1    100      -0.7560      -0.6375      -0.4927      -0.5639      -0.8089
                 -1.2146      -0.3740      -0.8992      -0.6265      -0.0957
   2      0      -0.7421      -0.6331      -0.4824      -0.5527      -0.7951
                 -1.1965      -0.3604      -0.8832      -0.6149      -0.0926
   3      0      -0.7395      -0.6312      -0.4750      -0.5491      -0.7931
                 -1.1933      -0.3575      -0.8814      -0.6123      -0.0957
   4      0      -0.7412      -0.6302      -0.4731      -0.5490      -0.7912
                 -1.1931      -0.3535      -0.8767      -0.6071      -0.0950
   5      0      -0.7333      -0.6307      -0.4710      -0.5421      -0.7897
                 -1.1916      -0.3561      -0.8773      -0.6064      -0.0960
   5     60      -0.7337      -0.6311      -0.4714      -0.5425      -0.7902
                 -1.1921      -0.3566      -0.8778      -0.6068      -0.0964
   5     80      -0.7359      -0.6332      -0.4737      -0.5448      -0.7924
                 -1.1943      -0.3587      -0.8801      -0.6089      -0.0985
   5    100      -0.7407      -0.6376      -0.4786      -0.5497      -0.7971
                 -1.1990      -0.3634      -0.8852      -0.6135      -0.1028
 
 group  inft   Estimated free energy: 2-th solvent contribution (kcal/mol)
   1      0      -0.9373      -0.7927      -0.6486      -0.7061      -1.4255
                 -1.3354      -0.5088      -0.6675      -1.1144      -0.9739
   1     60      -0.9378      -0.7932      -0.6491      -0.7067      -1.4261
                 -1.3360      -0.5094      -0.6681      -1.1150      -0.9745
   1     80      -0.9409      -0.7961      -0.6522      -0.7098      -1.4293
                 -1.3392      -0.5123      -0.6711      -1.1181      -0.9777
   1    100      -0.9491      -0.8038      -0.6601      -0.7179      -1.4377
                 -1.3475      -0.5201      -0.6790      -1.1263      -0.9862
   2      0      -0.9324      -0.7898      -0.6384      -0.6980      -1.4121
                 -1.3201      -0.5082      -0.6521      -1.1076      -0.9583
   3      0      -0.9259      -0.7920      -0.6377      -0.6962      -1.4103
                 -1.3150      -0.5103      -0.6445      -1.1045      -0.9549
   4      0      -0.9285      -0.7939      -0.6343      -0.6880      -1.4089
                 -1.3117      -0.5053      -0.6435      -1.1020      -0.9558
   5      0      -0.9230      -0.7899      -0.6295      -0.6851      -1.3992
                 -1.3101      -0.5083      -0.6447      -1.0995      -0.9478
   5     60      -0.9238      -0.7906      -0.6302      -0.6859      -1.4000
                 -1.3108      -0.5090      -0.6455      -1.1002      -0.9485
   5     80      -0.9275      -0.7942      -0.6339      -0.6896      -1.4038
                 -1.3146      -0.5127      -0.6492      -1.1040      -0.9524
   5    100      -0.9350      -0.8015      -0.6413      -0.6971      -1.4114
                 -1.3223      -0.5200      -0.6565      -1.1115      -0.9602
 
 group  inft   Estimated free energy: 3-th solvent contribution (kcal/mol)
   1      0      -2.9971      -3.1976      -3.4631      -3.3126      -2.5664
                 -2.2120      -3.5870      -3.0115      -2.8370      -3.4737
   1     60      -3.0254      -3.2261      -3.4915      -3.3411      -2.5947
                 -2.2401      -3.6155      -3.0400      -2.8652      -3.5022
   1     80      -3.1760      -3.3777      -3.6431      -3.4928      -2.7458
                 -2.3899      -3.7674      -3.1917      -3.0156      -3.6541
   1    100      -3.5658      -3.7700      -4.0361      -3.8850      -3.1372
                 -2.7775      -4.1605      -3.5840      -3.4041      -4.0469
   2      0      -2.9980      -3.1968      -3.4642      -3.3117      -2.5689
                 -2.2155      -3.5877      -3.0138      -2.8400      -3.4718
   3      0      -3.0019      -3.1989      -3.4652      -3.3143      -2.5697
                 -2.2193      -3.5900      -3.0165      -2.8417      -3.4765
   4      0      -2.9969      -3.1968      -3.4600      -3.3088      -2.5714
                 -2.2172      -3.5846      -3.0173      -2.8405      -3.4664
   5      0      -3.0062      -3.2015      -3.4687      -3.3180      -2.5795
                 -2.2240      -3.5881      -3.0184      -2.8404      -3.4753
   5     60      -3.0429      -3.2384      -3.5056      -3.3550      -2.6163
                 -2.2605      -3.6251      -3.0554      -2.8771      -3.5123
   5     80      -3.2214      -3.4181      -3.6854      -3.5347      -2.7955
                 -2.4379      -3.8053      -3.2352      -3.0553      -3.6923
   5    100      -3.5748      -3.7738      -4.0417      -3.8904      -3.1504
                 -2.7894      -4.1618      -3.5909      -3.4076      -4.0484
 
 
 cumulative average & 95% error for solvation free energy
              total             1st component         2nd component         3rd component
  1    -4.6674               -0.7395               -0.9259               -3.0019
  2    -4.6448     0.0452    -0.6854     0.1084    -0.8589     0.1339    -3.1004     0.1970
  3    -4.6225     0.0517    -0.6152     0.1536    -0.7852     0.1665    -3.2220     0.2685
  4    -4.6068     0.0482    -0.5987     0.1135    -0.7630     0.1259    -3.2451     0.1954
  5    -4.6401     0.0763    -0.6376     0.1174    -0.8924     0.2767    -3.1100     0.3097
  6    -4.6547     0.0688    -0.7302     0.2086    -0.9628     0.2662    -2.9616     0.3900
  7    -4.6265     0.0809    -0.6769     0.2059    -0.8982     0.2595    -3.0513     0.3753
  8    -4.6160     0.0731    -0.7025     0.1855    -0.8665     0.2335    -3.0470     0.3252
  9    -4.6097     0.0657    -0.6925     0.1649    -0.8929     0.2126    -3.0242     0.2904
 10    -4.6014     0.0611    -0.6328     0.1897    -0.8991     0.1906    -3.0694     0.2750
