 ERmod 0.3.7, Copyright (C) 2000-2019 Nobuyuki Matubayasi
                            2010-2019 Shun Sakuraba
 ERmod comes with ABSOLUTELY NO WARRANTY.
 This is free software, and you can redistribute it
 and/or modify it under certain conditions.
 See LICENSE file for details.
 ERmod 0.3.7, Copyright (C) 2000-2019 Nobuyuki Matubayasi
                            2010-2019 Shun Sakuraba
 ERmod comes with ABSOLUTELY NO WARRANTY.
 This is free software, and you can redistribute it
 and/or modify it under certain conditions.
 See LICENSE file for details.
 
  Number of the   1-th solvent  =           90
  Number of the   2-th solvent  =           90
  Number of the   3-th solvent  =        10000
 
  Be sure that the solvent distribution is homogeneous (radial distribution function is essentially unity) when the solvent molecule is separated beyond distance of   10.0 Angstrom in any direction from any atom within the solute molecule
 
  LJ long-range correction    =        -0.0011     -0.0167     -0.6714
 
  Self-energy of the solute   =         0.0001  kcal/mol
 
 
 cumulative average & 95% error for solvation energy
              total             1st component         2nd component         3rd component
  1   -16.0077                0.2468               -0.4844              -15.7701
  2   -15.9675     0.0803     0.2513     0.0091    -0.4240     0.1209   -15.7949     0.0497
  3   -15.9855     0.0587     0.2546     0.0083    -0.4437     0.0802   -15.7964     0.0288
  4   -15.9938     0.0447     0.2527     0.0070    -0.4454     0.0568   -15.8011     0.0225
  5   -16.0154     0.0554     0.2493     0.0087    -0.4651     0.0591   -15.7996     0.0176
  6   -16.0023     0.0522     0.2499     0.0072    -0.4513     0.0556   -15.8009     0.0147
  7   -15.9865     0.0542     0.2505     0.0062    -0.4372     0.0548   -15.7999     0.0126
  8   -15.9842     0.0472     0.2508     0.0054    -0.4329     0.0482   -15.8021     0.0118
  9   -15.9810     0.0421     0.2514     0.0049    -0.4300     0.0429   -15.8026     0.0104
 10   -15.9836     0.0380     0.2517     0.0044    -0.4400     0.0433   -15.7954     0.0172
 
 
 group  inft  solvation free energy     error          difference
  total solvation free energy
   1      0          3.96089           0.03609           0.01495
   1     60          3.94821           0.03617           0.00227
   1     80          3.81801           0.03703          -0.12793
   1    100          3.24743           0.04054          -0.69851
   2      0          3.94707           0.03389           0.00112
   3      0          3.94594           0.03342           0.00000
   4      0          3.91666           0.03345          -0.02929
   5      0          3.96985           0.03462           0.02391
   5     60          3.95206           0.03473           0.00612
   5     80          3.78126           0.03581          -0.16468
   5    100          3.24325           0.03899          -0.70269
 
  contribution from  1-th solvent component
   1      0          0.22180           0.00743           0.00435
   1     60          0.22215           0.00744           0.00470
   1     80          0.22580           0.00756           0.00835
   1    100          0.23751           0.00798           0.02006
   2      0          0.21854           0.00719           0.00109
   3      0          0.21745           0.00707           0.00000
   4      0          0.21644           0.00710          -0.00101
   5      0          0.21603           0.00677          -0.00142
   5     60          0.21654           0.00679          -0.00091
   5     80          0.22110           0.00694           0.00365
   5    100          0.23179           0.00733           0.01434
 
  contribution from  2-th solvent component
   1      0         -0.24281           0.03449           0.00247
   1     60         -0.24279           0.03456           0.00249
   1     80         -0.24283           0.03523           0.00245
   1    100         -0.24403           0.03786           0.00125
   2      0         -0.24461           0.03422           0.00067
   3      0         -0.24528           0.03396          -0.00000
   4      0         -0.24588           0.03399          -0.00060
   5      0         -0.24593           0.03383          -0.00065
   5     60         -0.24593           0.03392          -0.00065
   5     80         -0.24616           0.03474          -0.00088
   5    100         -0.24761           0.03711          -0.00233
 
  contribution from  3-th solvent component
   1      0          3.98185           0.01428           0.00813
   1     60          3.96880           0.01430          -0.00493
   1     80          3.83499           0.01448          -0.13873
   1    100          3.25390           0.01521          -0.71983
   2      0          3.97308           0.01374          -0.00064
   3      0          3.97372           0.01331           0.00000
   4      0          3.94605           0.01334          -0.02767
   5      0          3.99970           0.01364           0.02597
   5     60          3.98139           0.01366           0.00767
   5     80          3.80627           0.01388          -0.16745
   5    100          3.25902           0.01451          -0.71470
 
 
 group  inft   Estimated free energy: total (kcal/mol)
   1      0       3.9497       4.0061       3.9260       3.9175       3.8631
                  3.9863       4.0760       3.9443       3.9777       3.9623
   1     60       3.9370       3.9936       3.9132       3.9047       3.8502
                  3.9737       4.0636       3.9316       3.9650       3.9496
   1     80       3.8063       3.8649       3.7823       3.7733       3.7179
                  3.8439       3.9363       3.8010       3.8351       3.8190
   1    100       3.2337       3.3005       3.2079       3.1981       3.1396
                  3.2748       3.3777       3.2295       3.2654       3.2470
   2      0       3.9376       3.9942       3.9157       3.9037       3.8579
                  3.9725       4.0543       3.9272       3.9596       3.9480
   3      0       3.9341       3.9959       3.9178       3.9005       3.8580
                  3.9717       4.0495       3.9271       3.9582       3.9466
   4      0       3.9035       3.9698       3.8905       3.8710       3.8294
                  3.9415       4.0197       3.8956       3.9284       3.9172
   5      0       3.9606       4.0162       3.9395       3.9246       3.8760
                  3.9919       4.0798       3.9561       3.9840       3.9698
   5     60       3.9428       3.9986       3.9216       3.9067       3.8579
                  3.9742       4.0623       3.9383       3.9662       3.9520
   5     80       3.7713       3.8298       3.7498       3.7345       3.6846
                  3.8041       3.8951       3.7670       3.7957       3.7808
   5    100       3.2311       3.2977       3.2082       3.1924       3.1398
                  3.2677       3.3679       3.2281       3.2580       3.2417
 
 group  inft   Estimated free energy: 1-th solvent contribution (kcal/mol)
   1      0       0.2179       0.2149       0.2425       0.2120       0.2091
                  0.2120       0.2290       0.2182       0.2224       0.2399
   1     60       0.2182       0.2153       0.2429       0.2124       0.2094
                  0.2123       0.2294       0.2185       0.2227       0.2403
   1     80       0.2218       0.2188       0.2468       0.2156       0.2125
                  0.2162       0.2333       0.2222       0.2266       0.2441
   1    100       0.2333       0.2302       0.2594       0.2258       0.2226
                  0.2285       0.2458       0.2340       0.2392       0.2563
   2      0       0.2164       0.2112       0.2391       0.2092       0.2084
                  0.2076       0.2233       0.2141       0.2195       0.2366
   3      0       0.2157       0.2109       0.2381       0.2086       0.2077
                  0.2060       0.2202       0.2132       0.2186       0.2354
   4      0       0.2148       0.2096       0.2374       0.2068       0.2080
                  0.2049       0.2191       0.2124       0.2170       0.2344
   5      0       0.2143       0.2094       0.2354       0.2070       0.2070
                  0.2053       0.2186       0.2123       0.2173       0.2336
   5     60       0.2148       0.2099       0.2360       0.2074       0.2075
                  0.2058       0.2192       0.2128       0.2179       0.2341
   5     80       0.2191       0.2144       0.2409       0.2114       0.2113
                  0.2106       0.2241       0.2174       0.2227       0.2389
   5    100       0.2295       0.2249       0.2525       0.2205       0.2203
                  0.2220       0.2356       0.2282       0.2343       0.2502
 
 group  inft   Estimated free energy: 2-th solvent contribution (kcal/mol)
   1      0      -0.2791      -0.1818      -0.2803      -0.2601      -0.3082
                 -0.2128      -0.1385      -0.2304      -0.2330      -0.3038
   1     60      -0.2791      -0.1817      -0.2804      -0.2602      -0.3083
                 -0.2127      -0.1382      -0.2304      -0.2330      -0.3039
   1     80      -0.2799      -0.1803      -0.2811      -0.2609      -0.3091
                 -0.2128      -0.1357      -0.2304      -0.2332      -0.3047
   1    100      -0.2841      -0.1760      -0.2850      -0.2647      -0.3136
                 -0.2142      -0.1270      -0.2314      -0.2352      -0.3091
   2      0      -0.2805      -0.1856      -0.2816      -0.2611      -0.3093
                 -0.2147      -0.1399      -0.2328      -0.2354      -0.3051
   3      0      -0.2812      -0.1857      -0.2821      -0.2618      -0.3099
                 -0.2157      -0.1422      -0.2332      -0.2360      -0.3050
   4      0      -0.2823      -0.1864      -0.2824      -0.2620      -0.3104
                 -0.2161      -0.1424      -0.2343      -0.2368      -0.3057
   5      0      -0.2820      -0.1876      -0.2828      -0.2619      -0.3099
                 -0.2173      -0.1425      -0.2333      -0.2364      -0.3057
   5     60      -0.2821      -0.1874      -0.2829      -0.2620      -0.3101
                 -0.2173      -0.1422      -0.2332      -0.2364      -0.3058
   5     80      -0.2832      -0.1859      -0.2839      -0.2630      -0.3113
                 -0.2176      -0.1393      -0.2335      -0.2370      -0.3070
   5    100      -0.2874      -0.1823      -0.2878      -0.2668      -0.3156
                 -0.2191      -0.1318      -0.2347      -0.2392      -0.3114
 
 group  inft   Estimated free energy: 3-th solvent contribution (kcal/mol)
   1      0       4.0108       3.9730       3.9637       3.9656       3.9622
                  3.9870       3.9854       3.9564       3.9882       4.0261
   1     60       3.9978       3.9599       3.9506       3.9525       3.9490
                  3.9740       3.9724       3.9433       3.9752       4.0131
   1     80       3.8644       3.8263       3.8165       3.8186       3.8145
                  3.8405       3.8386       3.8092       3.8417       3.8796
   1    100       3.2845       3.2462       3.2335       3.2370       3.2305
                  3.2604       3.2588       3.2269       3.2614       3.2998
   2      0       4.0017       3.9685       3.9581       3.9555       3.9588
                  3.9795       3.9709       3.9458       3.9754       4.0164
   3      0       3.9995       3.9707       3.9617       3.9537       3.9601
                  3.9813       3.9715       3.9470       3.9755       4.0161
   4      0       3.9710       3.9466       3.9354       3.9262       3.9318
                  3.9527       3.9429       3.9174       3.9481       3.9884
   5      0       4.0283       3.9943       3.9868       3.9795       3.9788
                  4.0039       4.0036       3.9770       4.0030       4.0418
   5     60       4.0100       3.9760       3.9685       3.9612       3.9605
                  3.9856       3.9852       3.9587       3.9847       4.0236
   5     80       3.8353       3.8012       3.7928       3.7860       3.7845
                  3.8109       3.8102       3.7830       3.8098       3.8489
   5    100       3.2889       3.2550       3.2434       3.2386       3.2352
                  3.2648       3.2641       3.2345       3.2629       3.3029
 
 
 cumulative average & 95% error for solvation free energy
              total             1st component         2nd component         3rd component
  1     3.9341                0.2157               -0.2812                3.9995
  2     3.9650     0.0618     0.2133     0.0048    -0.2335     0.0955     3.9851     0.0289
  3     3.9492     0.0476     0.2216     0.0168    -0.2497     0.0639     3.9773     0.0229
  4     3.9371     0.0415     0.2184     0.0135    -0.2527     0.0456     3.9714     0.0200
  5     3.9213     0.0451     0.2162     0.0113    -0.2642     0.0421     3.9691     0.0161
  6     3.9297     0.0405     0.2145     0.0098    -0.2561     0.0380     3.9712     0.0138
  7     3.9468     0.0484     0.2153     0.0085    -0.2398     0.0457     3.9712     0.0117
  8     3.9443     0.0422     0.2151     0.0074    -0.2390     0.0396     3.9682     0.0118
  9     3.9459     0.0374     0.2155     0.0065    -0.2386     0.0349     3.9690     0.0105
 10     3.9459     0.0334     0.2174     0.0071    -0.2453     0.0340     3.9737     0.0133
