 ERmod 0.3.7, Copyright (C) 2000-2019 Nobuyuki Matubayasi
                            2010-2019 Shun Sakuraba
 ERmod comes with ABSOLUTELY NO WARRANTY.
 This is free software, and you can redistribute it
 and/or modify it under certain conditions.
 See LICENSE file for details.
 ERmod 0.3.7, Copyright (C) 2000-2019 Nobuyuki Matubayasi
                            2010-2019 Shun Sakuraba
 ERmod comes with ABSOLUTELY NO WARRANTY.
 This is free software, and you can redistribute it
 and/or modify it under certain conditions.
 See LICENSE file for details.
 
  Number of the   1-th solvent  =           90
  Number of the   2-th solvent  =           90
  Number of the   3-th solvent  =        10000
 
  Be sure that the solvent distribution is homogeneous (radial distribution function is essentially unity) when the solvent molecule is separated beyond distance of   10.0 Angstrom in any direction from any atom within the solute molecule
 
  LJ long-range correction    =        -0.0002     -0.0071     -0.1341
 
  Self-energy of the solute   =         0.0000  kcal/mol
 
 
 cumulative average & 95% error for solvation energy
              total             1st component         2nd component         3rd component
  1    -4.0192                0.0249               -0.1683               -3.8757
  2    -4.0319     0.0256     0.0237     0.0023    -0.1779     0.0191    -3.8778     0.0042
  3    -4.0356     0.0165     0.0229     0.0021    -0.1821     0.0139    -3.8764     0.0036
  4    -4.0403     0.0149     0.0226     0.0016    -0.1837     0.0103    -3.8792     0.0060
  5    -4.0352     0.0154     0.0228     0.0013    -0.1766     0.0162    -3.8813     0.0064
  6    -4.0342     0.0127     0.0232     0.0014    -0.1683     0.0214    -3.8891     0.0165
  7    -4.0316     0.0120     0.0234     0.0012    -0.1624     0.0215    -3.8926     0.0155
  8    -4.0338     0.0113     0.0236     0.0011    -0.1579     0.0207    -3.8994     0.0192
  9    -4.0358     0.0108     0.0233     0.0011    -0.1617     0.0197    -3.8975     0.0173
 10    -4.0308     0.0139     0.0233     0.0010    -0.1553     0.0218    -3.8988     0.0157
 
 
 group  inft  solvation free energy     error          difference
  total solvation free energy
   1      0          2.57759           0.01117           0.00660
   1     60          2.55958           0.01121          -0.01141
   1     80          2.45721           0.01153          -0.11378
   1    100          2.16256           0.01258          -0.40843
   2      0          2.57821           0.01072           0.00722
   3      0          2.57099           0.01033           0.00000
   4      0          2.63227           0.01017           0.06128
   5      0          2.58948           0.01026           0.01849
   5     60          2.56604           0.01032          -0.00494
   5     80          2.44204           0.01073          -0.12895
   5    100          2.16877           0.01175          -0.40221
 
  contribution from  1-th solvent component
   1      0          0.03270           0.00415           0.00435
   1     60          0.03290           0.00414           0.00455
   1     80          0.03419           0.00417           0.00585
   1    100          0.03721           0.00435           0.00887
   2      0          0.03066           0.00363           0.00231
   3      0          0.02835           0.00322           0.00000
   4      0          0.02785           0.00305          -0.00050
   5      0          0.02752           0.00327          -0.00083
   5     60          0.02781           0.00326          -0.00053
   5     80          0.02926           0.00331           0.00091
   5    100          0.03173           0.00353           0.00338
 
  contribution from  2-th solvent component
   1      0         -0.02558           0.01094           0.00235
   1     60         -0.02576           0.01097           0.00217
   1     80         -0.02680           0.01111           0.00113
   1    100         -0.02942           0.01151          -0.00149
   2      0         -0.02728           0.01059           0.00065
   3      0         -0.02793           0.01063           0.00000
   4      0         -0.02872           0.01063          -0.00079
   5      0         -0.02922           0.01080          -0.00129
   5     60         -0.02948           0.01083          -0.00155
   5     80         -0.03083           0.01098          -0.00289
   5    100         -0.03345           0.01128          -0.00552
 
  contribution from  3-th solvent component
   1      0          2.57046           0.00984          -0.00011
   1     60          2.55243           0.00988          -0.01814
   1     80          2.44982           0.01008          -0.12075
   1    100          2.15476           0.01076          -0.41581
   2      0          2.57483           0.00957           0.00426
   3      0          2.57057           0.00979           0.00000
   4      0          2.63313           0.00886           0.06256
   5      0          2.59118           0.00966           0.02061
   5     60          2.56771           0.00971          -0.00286
   5     80          2.44360           0.00999          -0.12697
   5    100          2.17049           0.01068          -0.40008
 
 
 group  inft   Estimated free energy: total (kcal/mol)
   1      0       2.6074       2.5626       2.5709       2.5609       2.5685
                  2.6042       2.5854       2.5627       2.5646       2.5889
   1     60       2.5895       2.5444       2.5529       2.5429       2.5505
                  2.5862       2.5674       2.5446       2.5465       2.5709
   1     80       2.4881       2.4416       2.4502       2.4400       2.4479
                  2.4847       2.4651       2.4419       2.4438       2.4687
   1    100       2.1964       2.1459       2.1551       2.1436       2.1524
                  2.1925       2.1710       2.1462       2.1477       2.1748
   2      0       2.6077       2.5646       2.5716       2.5626       2.5694
                  2.6020       2.5839       2.5630       2.5657       2.5916
   3      0       2.6007       2.5582       2.5660       2.5555       2.5631
                  2.5920       2.5763       2.5552       2.5590       2.5839
   4      0       2.6598       2.6203       2.6253       2.6160       2.6257
                  2.6532       2.6378       2.6193       2.6179       2.6472
   5      0       2.6183       2.5768       2.5829       2.5744       2.5815
                  2.6113       2.5950       2.5749       2.5771       2.6026
   5     60       2.5950       2.5532       2.5595       2.5510       2.5580
                  2.5880       2.5716       2.5513       2.5537       2.5792
   5     80       2.4722       2.4286       2.4354       2.4264       2.4336
                  2.4650       2.4479       2.4267       2.4292       2.4554
   5    100       2.2021       2.1542       2.1621       2.1514       2.1593
                  2.1941       2.1752       2.1521       2.1546       2.1825
 
 group  inft   Estimated free energy: 1-th solvent contribution (kcal/mol)
   1      0       0.0427       0.0307       0.0269       0.0289       0.0294
                  0.0468       0.0305       0.0312       0.0309       0.0291
   1     60       0.0429       0.0309       0.0271       0.0291       0.0296
                  0.0470       0.0307       0.0314       0.0311       0.0293
   1     80       0.0443       0.0321       0.0283       0.0304       0.0308
                  0.0484       0.0319       0.0327       0.0324       0.0306
   1    100       0.0477       0.0351       0.0311       0.0328       0.0337
                  0.0519       0.0351       0.0362       0.0350       0.0336
   2      0       0.0406       0.0295       0.0249       0.0276       0.0279
                  0.0419       0.0276       0.0287       0.0291       0.0289
   3      0       0.0382       0.0275       0.0229       0.0257       0.0260
                  0.0372       0.0251       0.0269       0.0273       0.0266
   4      0       0.0375       0.0276       0.0229       0.0251       0.0255
                  0.0358       0.0247       0.0267       0.0269       0.0260
   5      0       0.0364       0.0267       0.0225       0.0238       0.0247
                  0.0375       0.0253       0.0270       0.0263       0.0249
   5     60       0.0367       0.0270       0.0229       0.0242       0.0250
                  0.0378       0.0255       0.0273       0.0266       0.0252
   5     80       0.0383       0.0284       0.0242       0.0255       0.0264
                  0.0394       0.0270       0.0288       0.0280       0.0266
   5    100       0.0413       0.0309       0.0263       0.0272       0.0287
                  0.0424       0.0296       0.0319       0.0300       0.0290
 
 group  inft   Estimated free energy: 2-th solvent contribution (kcal/mol)
   1      0      -0.0318      -0.0404      -0.0416      -0.0428      -0.0244
                 -0.0144      -0.0121      -0.0094      -0.0444       0.0054
   1     60      -0.0320      -0.0406      -0.0418      -0.0430      -0.0246
                 -0.0146      -0.0122      -0.0096      -0.0446       0.0054
   1     80      -0.0331      -0.0418      -0.0430      -0.0442      -0.0257
                 -0.0156      -0.0132      -0.0105      -0.0458       0.0049
   1    100      -0.0360      -0.0449      -0.0461      -0.0474      -0.0283
                 -0.0181      -0.0154      -0.0128      -0.0491       0.0039
   2      0      -0.0334      -0.0417      -0.0427      -0.0437      -0.0262
                 -0.0168      -0.0143      -0.0122      -0.0452       0.0034
   3      0      -0.0340      -0.0422      -0.0433      -0.0450      -0.0265
                 -0.0170      -0.0148      -0.0134      -0.0460       0.0028
   4      0      -0.0352      -0.0424      -0.0443      -0.0456      -0.0273
                 -0.0177      -0.0160      -0.0141      -0.0468       0.0022
   5      0      -0.0349      -0.0440      -0.0456      -0.0455      -0.0277
                 -0.0179      -0.0161      -0.0146      -0.0480       0.0020
   5     60      -0.0351      -0.0443      -0.0459      -0.0458      -0.0280
                 -0.0181      -0.0164      -0.0149      -0.0483       0.0019
   5     80      -0.0366      -0.0458      -0.0474      -0.0473      -0.0293
                 -0.0194      -0.0175      -0.0161      -0.0499       0.0011
   5    100      -0.0394      -0.0488      -0.0504      -0.0504      -0.0320
                 -0.0219      -0.0199      -0.0186      -0.0529      -0.0003
 
 group  inft   Estimated free energy: 3-th solvent contribution (kcal/mol)
   1      0       2.5965       2.5723       2.5856       2.5748       2.5636
                  2.5717       2.5670       2.5409       2.5781       2.5543
   1     60       2.5786       2.5541       2.5675       2.5567       2.5455
                  2.5538       2.5490       2.5228       2.5600       2.5362
   1     80       2.4769       2.4513       2.4648       2.4539       2.4428
                  2.4519       2.4464       2.4197       2.4573       2.4332
   1    100       2.1847       2.1557       2.1701       2.1582       2.1470
                  2.1587       2.1513       2.1228       2.1618       2.1374
   2      0       2.6005       2.5768       2.5895       2.5787       2.5677
                  2.5769       2.5706       2.5465       2.5818       2.5593
   3      0       2.5965       2.5729       2.5863       2.5748       2.5635
                  2.5718       2.5660       2.5417       2.5776       2.5545
   4      0       2.6575       2.6352       2.6467       2.6365       2.6276
                  2.6352       2.6291       2.6067       2.6378       2.6190
   5      0       2.6167       2.5941       2.6060       2.5961       2.5845
                  2.5916       2.5859       2.5624       2.5988       2.5757
   5     60       2.5935       2.5705       2.5825       2.5726       2.5610
                  2.5683       2.5624       2.5389       2.5753       2.5522
   5     80       2.4705       2.4460       2.4586       2.4482       2.4365
                  2.4450       2.4385       2.4140       2.4511       2.4276
   5    100       2.2002       2.1722       2.1862       2.1745       2.1626
                  2.1736       2.1655       2.1389       2.1775       2.1538
 
 
 cumulative average & 95% error for solvation free energy
              total             1st component         2nd component         3rd component
  1     2.6007                0.0382               -0.0340                2.5965
  2     2.5794     0.0425     0.0328     0.0107    -0.0381     0.0082     2.5847     0.0236
  3     2.5750     0.0261     0.0295     0.0090    -0.0398     0.0059     2.5853     0.0137
  4     2.5701     0.0209     0.0286     0.0067    -0.0411     0.0049     2.5826     0.0110
  5     2.5687     0.0164     0.0281     0.0053    -0.0382     0.0070     2.5788     0.0115
  6     2.5726     0.0155     0.0296     0.0053    -0.0347     0.0091     2.5776     0.0096
  7     2.5731     0.0131     0.0290     0.0046    -0.0318     0.0095     2.5760     0.0088
  8     2.5709     0.0122     0.0287     0.0040    -0.0295     0.0095     2.5717     0.0115
  9     2.5695     0.0111     0.0285     0.0036    -0.0313     0.0091     2.5724     0.0102
 10     2.5710     0.0103     0.0283     0.0032    -0.0279     0.0106     2.5706     0.0098
