 ERmod 0.3.7, Copyright (C) 2000-2019 Nobuyuki Matubayasi
                            2010-2019 Shun Sakuraba
 ERmod comes with ABSOLUTELY NO WARRANTY.
 This is free software, and you can redistribute it
 and/or modify it under certain conditions.
 See LICENSE file for details.
 ERmod 0.3.7, Copyright (C) 2000-2019 Nobuyuki Matubayasi
                            2010-2019 Shun Sakuraba
 ERmod comes with ABSOLUTELY NO WARRANTY.
 This is free software, and you can redistribute it
 and/or modify it under certain conditions.
 See LICENSE file for details.
 
  Number of the   1-th solvent  =          180
  Number of the   2-th solvent  =          180
  Number of the   3-th solvent  =        10000
 
  Be sure that the solvent distribution is homogeneous (radial distribution function is essentially unity) when the solvent molecule is separated beyond distance of   10.0 Angstrom in any direction from any atom within the solute molecule
 
  LJ long-range correction    =        -0.0124     -0.0328     -0.6575
 
  Self-energy of the solute   =         0.0001  kcal/mol
 
 
 cumulative average & 95% error for solvation energy
              total             1st component         2nd component         3rd component
  1   -16.1271                0.3587               -0.8615              -15.6244
  2   -16.1568     0.0593     0.3687     0.0198    -0.9037     0.0843   -15.6218     0.0052
  3   -16.1306     0.0626     0.3675     0.0117    -0.8519     0.1144   -15.6462     0.0490
  4   -16.1190     0.0499     0.3841     0.0341    -0.8543     0.0811   -15.6489     0.0350
  5   -16.1223     0.0392     0.3830     0.0265    -0.8434     0.0665   -15.6620     0.0377
  6   -16.1161     0.0343     0.3919     0.0280    -0.8540     0.0583   -15.6540     0.0347
  7   -16.1189     0.0296     0.3892     0.0243    -0.8638     0.0530   -15.6443     0.0351
  8   -16.1275     0.0308     0.3812     0.0264    -0.8651     0.0460   -15.6436     0.0305
  9   -16.1308     0.0280     0.3781     0.0241    -0.8695     0.0415   -15.6394     0.0281
 10   -16.1148     0.0405     0.3815     0.0226    -0.8490     0.0553   -15.6473     0.0297
 
 
 group  inft  solvation free energy     error          difference
  total solvation free energy
   1      0          4.17387           0.04866           0.01590
   1     60          4.16018           0.04882           0.00221
   1     80          4.02207           0.05040          -0.13590
   1    100          3.42852           0.05671          -0.72945
   2      0          4.15963           0.05193           0.00166
   3      0          4.15797           0.05394           0.00000
   4      0          4.12765           0.05386          -0.03032
   5      0          4.17962           0.04960           0.02165
   5     60          4.16046           0.04981           0.00249
   5     80          3.97989           0.05181          -0.17808
   5    100          3.41920           0.05773          -0.73877
 
  contribution from  1-th solvent component
   1      0          0.62066           0.02300           0.00381
   1     60          0.62075           0.02306           0.00390
   1     80          0.62178           0.02392           0.00493
   1    100          0.62291           0.02767           0.00606
   2      0          0.61797           0.02260           0.00112
   3      0          0.61685           0.02261           0.00000
   4      0          0.61575           0.02251          -0.00110
   5      0          0.61544           0.02248          -0.00141
   5     60          0.61555           0.02257          -0.00130
   5     80          0.61636           0.02365          -0.00049
   5    100          0.61635           0.02704          -0.00050
 
  contribution from  2-th solvent component
   1      0         -0.46747           0.05546           0.00237
   1     60         -0.46752           0.05558           0.00232
   1     80         -0.46828           0.05676           0.00156
   1    100         -0.47293           0.06130          -0.00309
   2      0         -0.46944           0.05564           0.00040
   3      0         -0.46984           0.05598           0.00000
   4      0         -0.47106           0.05590          -0.00122
   5      0         -0.47175           0.05484          -0.00191
   5     60         -0.47184           0.05501          -0.00199
   5     80         -0.47311           0.05647          -0.00327
   5    100         -0.47789           0.06070          -0.00805
 
  contribution from  3-th solvent component
   1      0          4.02062           0.01173           0.00972
   1     60          4.00689           0.01173          -0.00401
   1     80          3.86853           0.01168          -0.14238
   1    100          3.27848           0.01166          -0.73242
   2      0          4.01105           0.01157           0.00014
   3      0          4.01091           0.01202           0.00000
   4      0          3.98291           0.01174          -0.02800
   5      0          4.03587           0.01114           0.02496
   5     60          4.01670           0.01113           0.00579
   5     80          3.83658           0.01110          -0.17433
   5    100          3.28069           0.01118          -0.73021
 
 
 group  inft   Estimated free energy: total (kcal/mol)
   1      0       4.1313       4.1297       4.2090       4.1913       4.1511
                  4.1902       4.1339       4.1162       4.1151       4.3709
   1     60       4.1174       4.1159       4.1954       4.1777       4.1374
                  4.1766       4.1201       4.1024       4.1012       4.3578
   1     80       3.9768       3.9776       4.0578       4.0405       3.9993
                  4.0402       3.9803       3.9620       3.9605       4.2258
   1    100       3.3735       3.3841       3.4659       3.4514       3.4046
                  3.4546       3.3804       3.3580       3.3568       3.6560
   2      0       4.1223       4.1055       4.1897       4.1726       4.1347
                  4.1838       4.1159       4.0977       4.1022       4.3718
   3      0       4.1214       4.1010       4.1843       4.1689       4.1309
                  4.1880       4.1138       4.0923       4.1001       4.3789
   4      0       4.0918       4.0688       4.1530       4.1386       4.1026
                  4.1556       4.0812       4.0657       4.0701       4.3491
   5      0       4.1395       4.1310       4.2134       4.1926       4.1604
                  4.1969       4.1429       4.1181       4.1200       4.3814
   5     60       4.1201       4.1118       4.1943       4.1735       4.1413
                  4.1779       4.1235       4.0987       4.1005       4.3631
   5     80       3.9366       3.9309       4.0141       3.9942       3.9605
                  3.9996       3.9408       3.9152       3.9166       4.1903
   5    100       3.3675       3.3698       3.4545       3.4376       3.3981
                  3.4469       3.3739       3.3451       3.3464       3.6521
 
 group  inft   Estimated free energy: 1-th solvent contribution (kcal/mol)
   1      0       0.5933       0.6449       0.5982       0.6733       0.6146
                  0.6869       0.6091       0.5750       0.5955       0.6160
   1     60       0.5933       0.6450       0.5983       0.6735       0.6146
                  0.6872       0.6091       0.5750       0.5955       0.6161
   1     80       0.5928       0.6474       0.5987       0.6760       0.6155
                  0.6906       0.6095       0.5744       0.5952       0.6177
   1    100       0.5876       0.6547       0.5972       0.6836       0.6158
                  0.7025       0.6077       0.5684       0.5907       0.6209
   2      0       0.5929       0.6405       0.5944       0.6687       0.6120
                  0.6844       0.6056       0.5734       0.5928       0.6150
   3      0       0.5914       0.6379       0.5933       0.6661       0.6103
                  0.6851       0.6047       0.5726       0.5919       0.6153
   4      0       0.5904       0.6370       0.5918       0.6642       0.6094
                  0.6840       0.6034       0.5720       0.5908       0.6146
   5      0       0.5900       0.6374       0.5918       0.6645       0.6086
                  0.6827       0.6036       0.5717       0.5899       0.6141
   5     60       0.5900       0.6376       0.5918       0.6648       0.6087
                  0.6830       0.6036       0.5717       0.5898       0.6143
   5     80       0.5891       0.6400       0.5919       0.6675       0.6093
                  0.6870       0.6035       0.5705       0.5890       0.6158
   5    100       0.5835       0.6453       0.5893       0.6734       0.6084
                  0.6969       0.6008       0.5644       0.5838       0.6176
 
 group  inft   Estimated free energy: 2-th solvent contribution (kcal/mol)
   1      0      -0.4911      -0.5384      -0.3974      -0.4976      -0.4481
                 -0.5222      -0.5243      -0.4943      -0.5137      -0.2476
   1     60      -0.4912      -0.5386      -0.3973      -0.4977      -0.4482
                 -0.5223      -0.5244      -0.4944      -0.5139      -0.2471
   1     80      -0.4929      -0.5403      -0.3971      -0.4992      -0.4488
                 -0.5240      -0.5262      -0.4960      -0.5156      -0.2429
   1    100      -0.5007      -0.5489      -0.3978      -0.5066      -0.4526
                 -0.5321      -0.5349      -0.5037      -0.5239      -0.2281
   2      0      -0.4934      -0.5406      -0.4007      -0.4994      -0.4504
                 -0.5236      -0.5259      -0.4964      -0.5161      -0.2481
   3      0      -0.4939      -0.5412      -0.4020      -0.5000      -0.4509
                 -0.5237      -0.5265      -0.4966      -0.5172      -0.2465
   4      0      -0.4947      -0.5427      -0.4034      -0.5010      -0.4515
                 -0.5246      -0.5279      -0.4982      -0.5184      -0.2482
   5      0      -0.4959      -0.5423      -0.4031      -0.5009      -0.4510
                 -0.5255      -0.5280      -0.4976      -0.5187      -0.2545
   5     60      -0.4961      -0.5426      -0.4030      -0.5011      -0.4511
                 -0.5257      -0.5283      -0.4978      -0.5189      -0.2539
   5     80      -0.4984      -0.5451      -0.4031      -0.5032      -0.4521
                 -0.5281      -0.5308      -0.5001      -0.5214      -0.2489
   5    100      -0.5062      -0.5535      -0.4044      -0.5106      -0.4561
                 -0.5361      -0.5394      -0.5077      -0.5296      -0.2356
 
 group  inft   Estimated free energy: 3-th solvent contribution (kcal/mol)
   1      0       4.0291       4.0232       4.0082       4.0155       3.9846
                  4.0255       4.0490       4.0355       4.0333       4.0025
   1     60       4.0153       4.0094       3.9944       4.0018       3.9709
                  4.0117       4.0353       4.0218       4.0195       3.9888
   1     80       3.8768       3.8705       3.8561       3.8636       3.8325
                  3.8735       3.8970       3.8835       3.8808       3.8509
   1    100       3.2866       3.2783       3.2665       3.2743       3.2413
                  3.2842       3.3075       3.2932       3.2899       3.2632
   2      0       4.0228       4.0056       3.9960       4.0033       3.9729
                  4.0230       4.0361       4.0205       4.0254       4.0049
   3      0       4.0239       4.0042       3.9929       4.0027       3.9715
                  4.0265       4.0355       4.0162       4.0254       4.0101
   4      0       3.9961       3.9745       3.9646       3.9753       3.9446
                  3.9962       4.0057       3.9919       3.9977       3.9826
   5      0       4.0453       4.0359       4.0246       4.0289       4.0027
                  4.0396       4.0673       4.0439       4.0487       4.0217
   5     60       4.0261       4.0167       4.0054       4.0097       3.9836
                  4.0205       4.0481       4.0248       4.0295       4.0026
   5     80       3.8459       3.8358       3.8253       3.8298       3.8033
                  3.8406       3.8680       3.8447       3.8490       3.8233
   5    100       3.2901       3.2779       3.2695       3.2747       3.2458
                  3.2860       3.3124       3.2884       3.2921       3.2701
 
 
 cumulative average & 95% error for solvation free energy
              total             1st component         2nd component         3rd component
  1     4.1214                0.5914               -0.4939                4.0239
  2     4.1112     0.0204     0.6147     0.0465    -0.5176     0.0473     4.0141     0.0197
  3     4.1356     0.0501     0.6075     0.0304    -0.4790     0.0818     4.0070     0.0181
  4     4.1439     0.0392     0.6222     0.0363    -0.4843     0.0588     4.0059     0.0130
  5     4.1413     0.0308     0.6198     0.0285    -0.4776     0.0474     3.9991     0.0171
  6     4.1491     0.0296     0.6307     0.0319    -0.4853     0.0417     4.0036     0.0167
  7     4.1440     0.0269     0.6270     0.0280    -0.4912     0.0371     4.0082     0.0168
  8     4.1376     0.0267     0.6202     0.0278    -0.4918     0.0322     4.0092     0.0147
  9     4.1334     0.0250     0.6170     0.0253    -0.4947     0.0289     4.0110     0.0134
 10     4.1580     0.0539     0.6168     0.0226    -0.4698     0.0560     4.0109     0.0120
