 ERmod 0.3.7, Copyright (C) 2000-2019 Nobuyuki Matubayasi
                            2010-2019 Shun Sakuraba
 ERmod comes with ABSOLUTELY NO WARRANTY.
 This is free software, and you can redistribute it
 and/or modify it under certain conditions.
 See LICENSE file for details.
 ERmod 0.3.7, Copyright (C) 2000-2019 Nobuyuki Matubayasi
                            2010-2019 Shun Sakuraba
 ERmod comes with ABSOLUTELY NO WARRANTY.
 This is free software, and you can redistribute it
 and/or modify it under certain conditions.
 See LICENSE file for details.
 
  Number of the   1-th solvent  =          180
  Number of the   2-th solvent  =          180
  Number of the   3-th solvent  =        10000
 
  Be sure that the solvent distribution is homogeneous (radial distribution function is essentially unity) when the solvent molecule is separated beyond distance of   10.0 Angstrom in any direction from any atom within the solute molecule
 
  LJ long-range correction    =        -0.0015     -0.0064     -0.4675
 
  Self-energy of the solute   =         0.0000  kcal/mol
 
 
 cumulative average & 95% error for solvation energy
              total             1st component         2nd component         3rd component
  1   -11.5459                0.3159               -0.3853              -11.4765
  2   -11.5636     0.0354     0.3115     0.0088    -0.3974     0.0242   -11.4777     0.0024
  3   -11.5548     0.0269     0.3136     0.0066    -0.3880     0.0234   -11.4804     0.0056
  4   -11.5471     0.0246     0.3148     0.0052    -0.3838     0.0186   -11.4780     0.0062
  5   -11.5394     0.0244     0.3159     0.0046    -0.3815     0.0151   -11.4738     0.0096
  6   -11.5347     0.0220     0.3176     0.0051    -0.3819     0.0124   -11.4705     0.0103
  7   -11.5291     0.0218     0.3176     0.0043    -0.3810     0.0106   -11.4657     0.0130
  8   -11.5336     0.0210     0.3170     0.0039    -0.3806     0.0092   -11.4701     0.0142
  9   -11.5401     0.0225     0.3165     0.0036    -0.3822     0.0087   -11.4744     0.0152
 10   -11.5283     0.0310     0.3177     0.0040    -0.3793     0.0097   -11.4667     0.0206
 
 
 group  inft  solvation free energy     error          difference
  total solvation free energy
   1      0          3.61570           0.02545           0.01234
   1     60          3.60419           0.02550           0.00082
   1     80          3.49850           0.02609          -0.10486
   1    100          3.05248           0.02834          -0.55088
   2      0          3.60180           0.02772          -0.00156
   3      0          3.60336           0.02873           0.00000
   4      0          3.57866           0.02988          -0.02470
   5      0          3.62635           0.02427           0.02299
   5     60          3.61050           0.02435           0.00714
   5     80          3.47360           0.02516          -0.12976
   5    100          3.05445           0.02753          -0.54891
 
  contribution from  1-th solvent component
   1      0          0.28887           0.00521           0.00318
   1     60          0.28930           0.00522           0.00362
   1     80          0.29344           0.00524           0.00776
   1    100          0.30598           0.00537           0.02029
   2      0          0.28650           0.00455           0.00082
   3      0          0.28568           0.00425           0.00000
   4      0          0.28459           0.00402          -0.00109
   5      0          0.28314           0.00422          -0.00254
   5     60          0.28377           0.00422          -0.00191
   5     80          0.28892           0.00425           0.00323
   5    100          0.30016           0.00443           0.01447
 
  contribution from  2-th solvent component
   1      0         -0.27550           0.01690           0.00248
   1     60         -0.27506           0.01694           0.00291
   1     80         -0.27257           0.01723           0.00541
   1    100         -0.26580           0.01849           0.01217
   2      0         -0.27785           0.01694           0.00012
   3      0         -0.27797           0.01730           0.00000
   4      0         -0.27918           0.01766          -0.00121
   5      0         -0.27915           0.01488          -0.00117
   5     60         -0.27860           0.01492          -0.00063
   5     80         -0.27578           0.01531           0.00219
   5    100         -0.26976           0.01661           0.00822
 
  contribution from  3-th solvent component
   1      0          3.60230           0.01660           0.00668
   1     60          3.58991           0.01662          -0.00571
   1     80          3.47760           0.01692          -0.11802
   1    100          3.01227           0.01805          -0.58335
   2      0          3.59311           0.01789          -0.00251
   3      0          3.59562           0.01825           0.00000
   4      0          3.57322           0.01874          -0.02240
   5      0          3.62232           0.01690           0.02670
   5     60          3.60529           0.01694           0.00967
   5     80          3.46044           0.01734          -0.13518
   5    100          3.02402           0.01845          -0.57160
 
 
 group  inft   Estimated free energy: total (kcal/mol)
   1      0       3.5911       3.5940       3.6212       3.6136       3.6266
                  3.6389       3.6317       3.5631       3.5723       3.7045
   1     60       3.5795       3.5824       3.6097       3.6021       3.6152
                  3.6274       3.6202       3.5514       3.5607       3.6932
   1     80       3.4732       3.4756       3.5044       3.4967       3.5099
                  3.5221       3.5150       3.4445       3.4540       3.5894
   1    100       3.0251       3.0256       3.0597       3.0517       3.0654
                  3.0782       3.0700       2.9944       3.0039       3.1509
   2      0       3.5729       3.5802       3.6050       3.5942       3.6116
                  3.6209       3.6186       3.5483       3.5613       3.7051
   3      0       3.5721       3.5822       3.6074       3.5938       3.6148
                  3.6202       3.6207       3.5485       3.5625       3.7113
   4      0       3.5455       3.5557       3.5824       3.5659       3.5897
                  3.5943       3.5963       3.5246       3.5391       3.6932
   5      0       3.6040       3.6084       3.6319       3.6254       3.6373
                  3.6425       3.6418       3.5719       3.5882       3.7121
   5     60       3.5881       3.5924       3.6161       3.6096       3.6215
                  3.6267       3.6260       3.5558       3.5722       3.6965
   5     80       3.4503       3.4540       3.4797       3.4729       3.4853
                  3.4903       3.4897       3.4174       3.4340       3.5624
   5    100       3.0289       3.0305       3.0617       3.0547       3.0678
                  3.0733       3.0715       2.9944       3.0104       3.1513
 
 group  inft   Estimated free energy: 1-th solvent contribution (kcal/mol)
   1      0       0.2954       0.2901       0.2877       0.2928       0.2937
                  0.3036       0.2870       0.2806       0.2830       0.2746
   1     60       0.2959       0.2905       0.2881       0.2933       0.2942
                  0.3040       0.2875       0.2811       0.2834       0.2750
   1     80       0.3000       0.2944       0.2923       0.2974       0.2983
                  0.3085       0.2916       0.2851       0.2874       0.2794
   1    100       0.3127       0.3055       0.3050       0.3099       0.3112
                  0.3224       0.3033       0.2970       0.2994       0.2933
   2      0       0.2924       0.2889       0.2850       0.2886       0.2908
                  0.2999       0.2840       0.2783       0.2819       0.2753
   3      0       0.2909       0.2880       0.2841       0.2880       0.2900
                  0.2980       0.2828       0.2774       0.2820       0.2755
   4      0       0.2893       0.2870       0.2834       0.2865       0.2883
                  0.2968       0.2814       0.2765       0.2812       0.2756
   5      0       0.2890       0.2855       0.2819       0.2854       0.2872
                  0.2950       0.2801       0.2746       0.2796       0.2731
   5     60       0.2896       0.2862       0.2825       0.2860       0.2878
                  0.2957       0.2808       0.2752       0.2803       0.2737
   5     80       0.2948       0.2909       0.2877       0.2911       0.2930
                  0.3012       0.2858       0.2801       0.2852       0.2793
   5    100       0.3061       0.3007       0.2991       0.3024       0.3047
                  0.3139       0.2962       0.2906       0.2959       0.2919
 
 group  inft   Estimated free energy: 2-th solvent contribution (kcal/mol)
   1      0      -0.2940      -0.3083      -0.2608      -0.2680      -0.2809
                 -0.2851      -0.2869      -0.2708      -0.2898      -0.2103
   1     60      -0.2936      -0.3080      -0.2604      -0.2675      -0.2805
                 -0.2847      -0.2864      -0.2704      -0.2895      -0.2097
   1     80      -0.2914      -0.3062      -0.2575      -0.2646      -0.2779
                 -0.2824      -0.2840      -0.2680      -0.2875      -0.2062
   1    100      -0.2860      -0.3026      -0.2487      -0.2556      -0.2708
                 -0.2766      -0.2775      -0.2614      -0.2832      -0.1956
   2      0      -0.2967      -0.3095      -0.2639      -0.2725      -0.2843
                 -0.2879      -0.2877      -0.2728      -0.2917      -0.2114
   3      0      -0.2971      -0.3090      -0.2640      -0.2731      -0.2835
                 -0.2884      -0.2880      -0.2741      -0.2931      -0.2094
   4      0      -0.2990      -0.3104      -0.2654      -0.2753      -0.2847
                 -0.2901      -0.2894      -0.2752      -0.2935      -0.2087
   5      0      -0.2961      -0.3104      -0.2661      -0.2684      -0.2826
                 -0.2890      -0.2889      -0.2731      -0.2925      -0.2243
   5     60      -0.2956      -0.3100      -0.2655      -0.2678      -0.2820
                 -0.2885      -0.2884      -0.2725      -0.2921      -0.2236
   5     80      -0.2932      -0.3080      -0.2622      -0.2644      -0.2790
                 -0.2860      -0.2856      -0.2698      -0.2900      -0.2195
   5    100      -0.2885      -0.3052      -0.2543      -0.2561      -0.2724
                 -0.2810      -0.2799      -0.2641      -0.2866      -0.2095
 
 group  inft   Estimated free energy: 3-th solvent contribution (kcal/mol)
   1      0       3.5896       3.6122       3.5943       3.5887       3.6138
                  3.6204       3.6315       3.5532       3.5791       3.6402
   1     60       3.5772       3.5998       3.5819       3.5763       3.6015
                  3.6080       3.6191       3.5407       3.5667       3.6278
   1     80       3.4646       3.4874       3.4696       3.4638       3.4894
                  3.4960       3.5074       3.4274       3.4541       3.5162
   1    100       2.9984       3.0226       3.0033       2.9974       3.0249
                  3.0324       3.0442       2.9587       2.9876       3.0531
   2      0       3.5771       3.6008       3.5839       3.5780       3.6051
                  3.6089       3.6223       3.5427       3.5711       3.6412
   3      0       3.5782       3.6032       3.5872       3.5788       3.6083
                  3.6105       3.6258       3.5453       3.5735       3.6452
   4      0       3.5552       3.5791       3.5644       3.5547       3.5860
                  3.5876       3.6043       3.5233       3.5514       3.6263
   5      0       3.6111       3.6332       3.6160       3.6083       3.6327
                  3.6365       3.6505       3.5703       3.6011       3.6634
   5     60       3.5940       3.6162       3.5990       3.5913       3.6157
                  3.6195       3.6336       3.5532       3.5840       3.6464
   5     80       3.4487       3.4711       3.4542       3.4461       3.4712
                  3.4751       3.4895       3.4071       3.4387       3.5026
   5    100       3.0111       3.0350       3.0169       3.0083       3.0356
                  3.0405       3.0551       2.9678       3.0010       3.0689
 
 
 cumulative average & 95% error for solvation free energy
              total             1st component         2nd component         3rd component
  1     3.5721                0.2909               -0.2971                3.5782
  2     3.5772     0.0102     0.2895     0.0029    -0.3031     0.0119     3.5907     0.0250
  3     3.5872     0.0210     0.2877     0.0039    -0.2900     0.0269     3.5895     0.0146
  4     3.5889     0.0152     0.2878     0.0028    -0.2858     0.0209     3.5869     0.0116
  5     3.5941     0.0157     0.2882     0.0023    -0.2853     0.0162     3.5912     0.0124
  6     3.5984     0.0155     0.2899     0.0038    -0.2858     0.0132     3.5944     0.0120
  7     3.6016     0.0146     0.2889     0.0038    -0.2862     0.0112     3.5989     0.0136
  8     3.5950     0.0183     0.2874     0.0043    -0.2847     0.0102     3.5922     0.0178
  9     3.5914     0.0177     0.2868     0.0040    -0.2856     0.0092     3.5901     0.0163
 10     3.6034     0.0287     0.2857     0.0042    -0.2780     0.0173     3.5956     0.0182
