 ERmod 0.3.7, Copyright (C) 2000-2019 Nobuyuki Matubayasi
                            2010-2019 Shun Sakuraba
 ERmod comes with ABSOLUTELY NO WARRANTY.
 This is free software, and you can redistribute it
 and/or modify it under certain conditions.
 See LICENSE file for details.
 ERmod 0.3.7, Copyright (C) 2000-2019 Nobuyuki Matubayasi
                            2010-2019 Shun Sakuraba
 ERmod comes with ABSOLUTELY NO WARRANTY.
 This is free software, and you can redistribute it
 and/or modify it under certain conditions.
 See LICENSE file for details.
 
  Number of the   1-th solvent  =           90
  Number of the   2-th solvent  =           90
  Number of the   3-th solvent  =        10000
 
  Be sure that the solvent distribution is homogeneous (radial distribution function is essentially unity) when the solvent molecule is separated beyond distance of   10.0 Angstrom in any direction from any atom within the solute molecule
 
  LJ long-range correction    =        -0.0010     -0.0034     -0.1348
 
  Self-energy of the solute   =         0.0000  kcal/mol
 
 
 cumulative average & 95% error for solvation energy
              total             1st component         2nd component         3rd component
  1    -4.0134                0.0000               -0.0951               -3.9184
  2    -4.0156     0.0044     0.0044     0.0087    -0.1002     0.0102    -3.9198     0.0029
  3    -4.0127     0.0064     0.0043     0.0050    -0.0922     0.0169    -3.9248     0.0100
  4    -4.0104     0.0063     0.0046     0.0036    -0.0872     0.0156    -3.9279     0.0094
  5    -4.0102     0.0049     0.0058     0.0037    -0.0864     0.0122    -3.9296     0.0081
  6    -4.0118     0.0051     0.0056     0.0030    -0.0844     0.0107    -3.9330     0.0094
  7    -4.0108     0.0048     0.0065     0.0031    -0.0843     0.0091    -3.9330     0.0080
  8    -4.0125     0.0054     0.0077     0.0036    -0.0872     0.0098    -3.9330     0.0069
  9    -4.0133     0.0050     0.0089     0.0040    -0.0838     0.0110    -3.9384     0.0124
 10    -4.0107     0.0069     0.0097     0.0039    -0.0819     0.0105    -3.9386     0.0111
 
 
 group  inft  solvation free energy     error          difference
  total solvation free energy
   1      0          2.63944           0.01072           0.00460
   1     60          2.62283           0.01080          -0.01201
   1     80          2.52621           0.01138          -0.10863
   1    100          2.24511           0.01309          -0.38973
   2      0          2.64061           0.00957           0.00577
   3      0          2.63484           0.00926           0.00000
   4      0          2.69761           0.00875           0.06277
   5      0          2.65360           0.00864           0.01877
   5     60          2.63193           0.00874          -0.00290
   5     80          2.51487           0.00934          -0.11997
   5    100          2.25398           0.01074          -0.38085
 
  contribution from  1-th solvent component
   1      0          0.05681           0.00505           0.00319
   1     60          0.05684           0.00508           0.00322
   1     80          0.05691           0.00538           0.00329
   1    100          0.05638           0.00633           0.00276
   2      0          0.05487           0.00415           0.00125
   3      0          0.05362           0.00385           0.00000
   4      0          0.05305           0.00371          -0.00057
   5      0          0.05283           0.00371          -0.00079
   5     60          0.05285           0.00376          -0.00077
   5     80          0.05271           0.00409          -0.00091
   5    100          0.05181           0.00488          -0.00181
 
  contribution from  2-th solvent component
   1      0         -0.00414           0.00756           0.00219
   1     60         -0.00418           0.00760           0.00216
   1     80         -0.00467           0.00783           0.00167
   1    100         -0.00637           0.00840          -0.00003
   2      0         -0.00599           0.00705           0.00035
   3      0         -0.00634           0.00696           0.00000
   4      0         -0.00726           0.00671          -0.00093
   5      0         -0.00734           0.00674          -0.00100
   5     60         -0.00743           0.00679          -0.00110
   5     80         -0.00815           0.00703          -0.00182
   5    100         -0.00993           0.00750          -0.00360
 
  contribution from  3-th solvent component
   1      0          2.58677           0.00839          -0.00079
   1     60          2.57016           0.00842          -0.01739
   1     80          2.47397           0.00870          -0.11359
   1    100          2.19510           0.00960          -0.39246
   2      0          2.59173           0.00816           0.00418
   3      0          2.58755           0.00841           0.00000
   4      0          2.65182           0.00765           0.06427
   5      0          2.60811           0.00794           0.02056
   5     60          2.58652           0.00799          -0.00104
   5     80          2.47031           0.00829          -0.11725
   5    100          2.21211           0.00906          -0.37544
 
 
 group  inft   Estimated free energy: total (kcal/mol)
   1      0       2.6255       2.6225       2.6253       2.6473       2.6226
                  2.6371       2.6586       2.6364       2.6459       2.6731
   1     60       2.6087       2.6058       2.6086       2.6307       2.6058
                  2.6205       2.6421       2.6197       2.6295       2.6567
   1     80       2.5112       2.5082       2.5109       2.5343       2.5084
                  2.5235       2.5463       2.5234       2.5343       2.5617
   1    100       2.2270       2.2247       2.2269       2.2534       2.2251
                  2.2412       2.2677       2.2430       2.2566       2.2857
   2      0       2.6290       2.6266       2.6291       2.6483       2.6253
                  2.6383       2.6588       2.6361       2.6432       2.6713
   3      0       2.6244       2.6220       2.6231       2.6432       2.6186
                  2.6331       2.6528       2.6321       2.6351       2.6639
   4      0       2.6873       2.6850       2.6871       2.7047       2.6829
                  2.6968       2.7128       2.6935       2.6994       2.7264
   5      0       2.6427       2.6425       2.6430       2.6591       2.6399
                  2.6518       2.6702       2.6510       2.6535       2.6822
   5     60       2.6208       2.6207       2.6212       2.6374       2.6180
                  2.6301       2.6487       2.6293       2.6322       2.6609
   5     80       2.5027       2.5028       2.5032       2.5203       2.5000
                  2.5127       2.5325       2.5124       2.5165       2.5457
   5    100       2.2394       2.2401       2.2401       2.2592       2.2370
                  2.2508       2.2737       2.2519       2.2583       2.2894
 
 group  inft   Estimated free energy: 1-th solvent contribution (kcal/mol)
   1      0       0.0474       0.0553       0.0492       0.0505       0.0562
                  0.0505       0.0569       0.0681       0.0691       0.0648
   1     60       0.0474       0.0553       0.0491       0.0505       0.0562
                  0.0505       0.0570       0.0682       0.0693       0.0649
   1     80       0.0470       0.0551       0.0488       0.0502       0.0561
                  0.0502       0.0570       0.0689       0.0702       0.0655
   1    100       0.0451       0.0538       0.0469       0.0485       0.0552
                  0.0487       0.0563       0.0703       0.0723       0.0667
   2      0       0.0470       0.0545       0.0485       0.0498       0.0544
                  0.0493       0.0550       0.0645       0.0646       0.0611
   3      0       0.0461       0.0535       0.0476       0.0488       0.0529
                  0.0486       0.0542       0.0631       0.0617       0.0596
   4      0       0.0459       0.0529       0.0473       0.0483       0.0522
                  0.0483       0.0535       0.0622       0.0610       0.0588
   5      0       0.0455       0.0525       0.0469       0.0483       0.0521
                  0.0481       0.0536       0.0618       0.0604       0.0591
   5     60       0.0455       0.0525       0.0469       0.0482       0.0521
                  0.0480       0.0536       0.0619       0.0605       0.0592
   5     80       0.0449       0.0521       0.0463       0.0477       0.0517
                  0.0475       0.0534       0.0624       0.0614       0.0598
   5    100       0.0428       0.0506       0.0442       0.0458       0.0504
                  0.0457       0.0523       0.0632       0.0627       0.0603
 
 group  inft   Estimated free energy: 2-th solvent contribution (kcal/mol)
   1      0      -0.0128      -0.0199      -0.0009       0.0009      -0.0093
                  0.0003      -0.0060      -0.0201       0.0163       0.0101
   1     60      -0.0129      -0.0200      -0.0010       0.0009      -0.0094
                  0.0003      -0.0060      -0.0202       0.0165       0.0101
   1     80      -0.0137      -0.0208      -0.0014       0.0004      -0.0101
                 -0.0001      -0.0067      -0.0211       0.0168       0.0100
   1    100      -0.0162      -0.0233      -0.0029      -0.0013      -0.0124
                 -0.0018      -0.0087      -0.0236       0.0172       0.0093
   2      0      -0.0143      -0.0208      -0.0030      -0.0015      -0.0100
                 -0.0021      -0.0075      -0.0210       0.0134       0.0068
   3      0      -0.0146      -0.0211      -0.0032      -0.0018      -0.0098
                 -0.0024      -0.0081      -0.0211       0.0133       0.0055
   4      0      -0.0152      -0.0212      -0.0042      -0.0036      -0.0104
                 -0.0037      -0.0093      -0.0214       0.0120       0.0044
   5      0      -0.0155      -0.0210      -0.0046      -0.0037      -0.0105
                 -0.0037      -0.0098      -0.0214       0.0123       0.0043
   5     60      -0.0157      -0.0211      -0.0046      -0.0038      -0.0106
                 -0.0038      -0.0099      -0.0216       0.0124       0.0043
   5     80      -0.0167      -0.0222      -0.0053      -0.0046      -0.0116
                 -0.0045      -0.0108      -0.0226       0.0126       0.0040
   5    100      -0.0191      -0.0246      -0.0069      -0.0065      -0.0139
                 -0.0062      -0.0129      -0.0250       0.0127       0.0031
 
 group  inft   Estimated free energy: 3-th solvent contribution (kcal/mol)
   1      0       2.5909       2.5871       2.5771       2.5959       2.5756
                  2.5863       2.6077       2.5883       2.5604       2.5982
   1     60       2.5743       2.5705       2.5604       2.5793       2.5589
                  2.5697       2.5912       2.5717       2.5438       2.5817
   1     80       2.4779       2.4739       2.4635       2.4837       2.4623
                  2.4734       2.4960       2.4756       2.4473       2.4861
   1    100       2.1982       2.1941       2.1829       2.2061       2.1823
                  2.1943       2.2201       2.1963       2.1670       2.2096
   2      0       2.5963       2.5930       2.5836       2.6000       2.5808
                  2.5910       2.6112       2.5926       2.5652       2.6034
   3      0       2.5928       2.5896       2.5787       2.5963       2.5755
                  2.5869       2.6068       2.5901       2.5601       2.5988
   4      0       2.6567       2.6533       2.6440       2.6600       2.6412
                  2.6522       2.6685       2.6527       2.6265       2.6632
   5      0       2.6126       2.6110       2.6007       2.6145       2.5982
                  2.6074       2.6264       2.6106       2.5809       2.6188
   5     60       2.5910       2.5893       2.5790       2.5930       2.5765
                  2.5858       2.6050       2.5890       2.5592       2.5973
   5     80       2.4745       2.4728       2.4622       2.4772       2.4598
                  2.4696       2.4899       2.4726       2.4425       2.4819
   5    100       2.2156       2.2140       2.2028       2.2199       2.2005
                  2.2113       2.2343       2.2138       2.1828       2.2260
 
 
 cumulative average & 95% error for solvation free energy
              total             1st component         2nd component         3rd component
  1     2.6244                0.0461               -0.0146                2.5928
  2     2.6232     0.0023     0.0498     0.0074    -0.0178     0.0065     2.5912     0.0032
  3     2.6232     0.0013     0.0491     0.0045    -0.0130     0.0104     2.5870     0.0085
  4     2.6282     0.0101     0.0490     0.0032    -0.0102     0.0092     2.5893     0.0076
  5     2.6263     0.0087     0.0498     0.0029    -0.0101     0.0072     2.5866     0.0081
  6     2.6274     0.0075     0.0496     0.0024    -0.0088     0.0064     2.5866     0.0066
  7     2.6310     0.0096     0.0502     0.0024    -0.0087     0.0054     2.5895     0.0080
  8     2.6312     0.0083     0.0519     0.0038    -0.0103     0.0056     2.5896     0.0070
  9     2.6316     0.0074     0.0530     0.0040    -0.0077     0.0072     2.5863     0.0090
 10     2.6348     0.0093     0.0536     0.0039    -0.0063     0.0070     2.5876     0.0084
