 ERmod 0.3.7, Copyright (C) 2000-2019 Nobuyuki Matubayasi
                            2010-2019 Shun Sakuraba
 ERmod comes with ABSOLUTELY NO WARRANTY.
 This is free software, and you can redistribute it
 and/or modify it under certain conditions.
 See LICENSE file for details.
 ERmod 0.3.7, Copyright (C) 2000-2019 Nobuyuki Matubayasi
                            2010-2019 Shun Sakuraba
 ERmod comes with ABSOLUTELY NO WARRANTY.
 This is free software, and you can redistribute it
 and/or modify it under certain conditions.
 See LICENSE file for details.
 
  Number of the   1-th solvent  =           90
  Number of the   2-th solvent  =           90
  Number of the   3-th solvent  =        10000
 
  Be sure that the solvent distribution is homogeneous (radial distribution function is essentially unity) when the solvent molecule is separated beyond distance of   10.0 Angstrom in any direction from any atom within the solute molecule
 
  LJ long-range correction    =        -0.0007     -0.0032     -0.4637
 
  Self-energy of the solute   =         0.0000  kcal/mol
 
 
 cumulative average & 95% error for solvation energy
              total             1st component         2nd component         3rd component
  1   -11.4911                0.1595               -0.2029              -11.4478
  2   -11.4916     0.0011     0.1617     0.0044    -0.1944     0.0170   -11.4590     0.0225
  3   -11.4724     0.0384     0.1595     0.0051    -0.1924     0.0106   -11.4396     0.0410
  4   -11.4707     0.0274     0.1584     0.0042    -0.1916     0.0077   -11.4376     0.0292
  5   -11.4693     0.0214     0.1583     0.0033    -0.1937     0.0073   -11.4340     0.0238
  6   -11.4643     0.0201     0.1576     0.0030    -0.1918     0.0070   -11.4301     0.0209
  7   -11.4607     0.0184     0.1575     0.0026    -0.1925     0.0060   -11.4258     0.0197
  8   -11.4620     0.0162     0.1575     0.0022    -0.1921     0.0053   -11.4274     0.0174
  9   -11.4595     0.0151     0.1579     0.0021    -0.1909     0.0052   -11.4265     0.0154
 10   -11.4550     0.0163     0.1584     0.0022    -0.1915     0.0048   -11.4220     0.0165
 
 
 group  inft  solvation free energy     error          difference
  total solvation free energy
   1      0          3.34867           0.00932           0.01418
   1     60          3.33749           0.00932           0.00299
   1     80          3.23317           0.00942          -0.10132
   1    100          2.79606           0.00984          -0.53843
   2      0          3.33376           0.01109          -0.00074
   3      0          3.33449           0.01196           0.00000
   4      0          3.31179           0.01289          -0.02270
   5      0          3.36309           0.00992           0.02859
   5     60          3.34763           0.00992           0.01313
   5     80          3.21288           0.01001          -0.12162
   5    100          2.80270           0.01035          -0.53179
 
  contribution from  1-th solvent component
   1      0          0.14842           0.01005           0.00423
   1     60          0.14866           0.01005           0.00447
   1     80          0.15087           0.01010           0.00668
   1    100          0.15772           0.01026           0.01353
   2      0          0.14526           0.00908           0.00107
   3      0          0.14419           0.00873           0.00000
   4      0          0.14295           0.00846          -0.00124
   5      0          0.14261           0.00825          -0.00158
   5     60          0.14295           0.00826          -0.00125
   5     80          0.14570           0.00832           0.00151
   5    100          0.15192           0.00853           0.00773
 
  contribution from  2-th solvent component
   1      0         -0.15198           0.00892           0.00244
   1     60         -0.15173           0.00894           0.00268
   1     80         -0.15059           0.00916           0.00383
   1    100         -0.14815           0.01021           0.00626
   2      0         -0.15395           0.00825           0.00046
   3      0         -0.15441           0.00809           0.00000
   4      0         -0.15495           0.00793          -0.00053
   5      0         -0.15422           0.00830           0.00020
   5     60         -0.15392           0.00832           0.00050
   5     80         -0.15262           0.00861           0.00179
   5    100         -0.15051           0.00961           0.00390
 
  contribution from  3-th solvent component
   1      0          3.35219           0.01414           0.00751
   1     60          3.34053           0.01415          -0.00416
   1     80          3.23286           0.01431          -0.11182
   1    100          2.78646           0.01516          -0.55823
   2      0          3.34241           0.01488          -0.00227
   3      0          3.34468           0.01478           0.00000
   4      0          3.32375           0.01505          -0.02093
   5      0          3.37466           0.01372           0.02997
   5     60          3.35856           0.01374           0.01388
   5     80          3.21977           0.01395          -0.12492
   5    100          2.80126           0.01475          -0.54342
 
 
 group  inft   Estimated free energy: total (kcal/mol)
   1      0       3.3329       3.3252       3.3552       3.3502       3.3396
                  3.3475       3.3590       3.3421       3.3581       3.3767
   1     60       3.3217       3.3140       3.3441       3.3391       3.3284
                  3.3363       3.3478       3.3309       3.3470       3.3655
   1     80       3.2170       3.2095       3.2397       3.2350       3.2236
                  3.2322       3.2434       3.2268       3.2432       3.2613
   1    100       2.7778       2.7706       2.8033       2.7990       2.7846
                  2.7963       2.8069       2.7914       2.8074       2.8232
   2      0       3.3156       3.3064       3.3411       3.3349       3.3277
                  3.3271       3.3441       3.3264       3.3450       3.3693
   3      0       3.3123       3.3052       3.3437       3.3351       3.3284
                  3.3293       3.3451       3.3271       3.3469       3.3718
   4      0       3.2900       3.2802       3.3208       3.3129       3.3066
                  3.3057       3.3202       3.3008       3.3282       3.3525
   5      0       3.3443       3.3408       3.3724       3.3674       3.3543
                  3.3569       3.3786       3.3565       3.3677       3.3920
   5     60       3.3288       3.3253       3.3570       3.3519       3.3388
                  3.3415       3.3631       3.3410       3.3524       3.3765
   5     80       3.1936       3.1902       3.2221       3.2176       3.2036
                  3.2068       3.2281       3.2067       3.2183       3.2418
   5    100       2.7815       2.7783       2.8122       2.8084       2.7917
                  2.7976       2.8183       2.7988       2.8095       2.8308
 
 group  inft   Estimated free energy: 1-th solvent contribution (kcal/mol)
   1      0       0.1464       0.1747       0.1346       0.1378       0.1453
                  0.1351       0.1358       0.1387       0.1620       0.1738
   1     60       0.1466       0.1750       0.1349       0.1380       0.1456
                  0.1353       0.1360       0.1389       0.1622       0.1741
   1     80       0.1489       0.1774       0.1370       0.1402       0.1477
                  0.1375       0.1381       0.1411       0.1645       0.1764
   1    100       0.1560       0.1848       0.1435       0.1465       0.1541
                  0.1446       0.1445       0.1481       0.1717       0.1834
   2      0       0.1428       0.1700       0.1325       0.1350       0.1432
                  0.1327       0.1351       0.1367       0.1571       0.1675
   3      0       0.1409       0.1673       0.1326       0.1347       0.1428
                  0.1318       0.1348       0.1356       0.1543       0.1672
   4      0       0.1396       0.1644       0.1317       0.1342       0.1418
                  0.1301       0.1343       0.1342       0.1536       0.1655
   5      0       0.1394       0.1647       0.1317       0.1338       0.1411
                  0.1308       0.1338       0.1346       0.1520       0.1643
   5     60       0.1397       0.1650       0.1321       0.1341       0.1415
                  0.1312       0.1341       0.1350       0.1523       0.1646
   5     80       0.1425       0.1680       0.1347       0.1367       0.1441
                  0.1339       0.1367       0.1377       0.1552       0.1675
   5    100       0.1489       0.1749       0.1404       0.1424       0.1498
                  0.1404       0.1424       0.1440       0.1618       0.1741
 
 group  inft   Estimated free energy: 2-th solvent contribution (kcal/mol)
   1      0      -0.1653      -0.1539      -0.1503      -0.1416      -0.1695
                 -0.1325      -0.1565      -0.1361      -0.1415      -0.1726
   1     60      -0.1651      -0.1537      -0.1501      -0.1413      -0.1693
                 -0.1322      -0.1563      -0.1358      -0.1412      -0.1724
   1     80      -0.1644      -0.1524      -0.1490      -0.1399      -0.1686
                 -0.1307      -0.1554      -0.1342      -0.1396      -0.1718
   1    100      -0.1640      -0.1493      -0.1466      -0.1360      -0.1683
                 -0.1269      -0.1539      -0.1296      -0.1354      -0.1715
   2      0      -0.1665      -0.1566      -0.1519      -0.1441      -0.1702
                 -0.1363      -0.1579      -0.1392      -0.1440      -0.1728
   3      0      -0.1670      -0.1578      -0.1523      -0.1453      -0.1701
                 -0.1372      -0.1591      -0.1394      -0.1439      -0.1721
   4      0      -0.1675      -0.1582      -0.1531      -0.1457      -0.1704
                 -0.1379      -0.1595      -0.1418      -0.1431      -0.1722
   5      0      -0.1660      -0.1562      -0.1525      -0.1442      -0.1697
                 -0.1362      -0.1568      -0.1383      -0.1474      -0.1749
   5     60      -0.1658      -0.1558      -0.1522      -0.1439      -0.1695
                 -0.1358      -0.1565      -0.1380      -0.1470      -0.1747
   5     80      -0.1651      -0.1543      -0.1510      -0.1422      -0.1688
                 -0.1341      -0.1555      -0.1361      -0.1451      -0.1740
   5    100      -0.1649      -0.1517      -0.1491      -0.1387      -0.1686
                 -0.1306      -0.1543      -0.1319      -0.1413      -0.1741
 
 group  inft   Estimated free energy: 3-th solvent contribution (kcal/mol)
   1      0       3.3518       3.3044       3.3709       3.3540       3.3638
                  3.3449       3.3797       3.3395       3.3376       3.3755
   1     60       3.3402       3.2927       3.3592       3.3423       3.3521
                  3.3332       3.3680       3.3278       3.3259       3.3639
   1     80       3.2325       3.1845       3.2516       3.2347       3.2445
                  3.2254       3.2606       3.2198       3.2183       3.2566
   1    100       2.7858       2.7351       2.8064       2.7885       2.7987
                  2.7785       2.8162       2.7729       2.7711       2.8113
   2      0       3.3394       3.2930       3.3604       3.3439       3.3547
                  3.3307       3.3668       3.3290       3.3318       3.3746
   3      0       3.3384       3.2956       3.3635       3.3456       3.3557
                  3.3347       3.3694       3.3308       3.3364       3.3767
   4      0       3.3179       3.2739       3.3422       3.3243       3.3351
                  3.3135       3.3454       3.3083       3.3176       3.3593
   5      0       3.3709       3.3322       3.3932       3.3777       3.3829
                  3.3622       3.4015       3.3601       3.3631       3.4026
   5     60       3.3549       3.3161       3.3771       3.3617       3.3668
                  3.3461       3.3854       3.3440       3.3470       3.3866
   5     80       3.2161       3.1765       3.2384       3.2230       3.2282
                  3.2070       3.2469       3.2051       3.2083       3.2483
   5    100       2.7974       2.7550       2.8209       2.8047       2.8105
                  2.7877       2.8301       2.7866       2.7889       2.8308
 
 
 cumulative average & 95% error for solvation free energy
              total             1st component         2nd component         3rd component
  1     3.3123                0.1409               -0.1670                3.3384
  2     3.3087     0.0071     0.1541     0.0264    -0.1624     0.0092     3.3170     0.0427
  3     3.3204     0.0237     0.1469     0.0209    -0.1590     0.0086     3.3325     0.0396
  4     3.3241     0.0183     0.1439     0.0160    -0.1556     0.0092     3.3358     0.0288
  5     3.3249     0.0143     0.1436     0.0124    -0.1585     0.0092     3.3398     0.0237
  6     3.3257     0.0118     0.1417     0.0109    -0.1549     0.0103     3.3389     0.0194
  7     3.3285     0.0114     0.1407     0.0094    -0.1555     0.0088     3.3433     0.0186
  8     3.3283     0.0099     0.1401     0.0082    -0.1535     0.0086     3.3417     0.0164
  9     3.3303     0.0096     0.1416     0.0079    -0.1525     0.0079     3.3411     0.0145
 10     3.3345     0.0120     0.1442     0.0087    -0.1544     0.0081     3.3447     0.0148
