 ERmod 0.3.7, Copyright (C) 2000-2019 Nobuyuki Matubayasi
                            2010-2019 Shun Sakuraba
 ERmod comes with ABSOLUTELY NO WARRANTY.
 This is free software, and you can redistribute it
 and/or modify it under certain conditions.
 See LICENSE file for details.
 ERmod 0.3.7, Copyright (C) 2000-2019 Nobuyuki Matubayasi
                            2010-2019 Shun Sakuraba
 ERmod comes with ABSOLUTELY NO WARRANTY.
 This is free software, and you can redistribute it
 and/or modify it under certain conditions.
 See LICENSE file for details.
 
  Number of the   1-th solvent  =           90
  Number of the   2-th solvent  =           90
  Number of the   3-th solvent  =        10000
 
  Be sure that the solvent distribution is homogeneous (radial distribution function is essentially unity) when the solvent molecule is separated beyond distance of   10.0 Angstrom in any direction from any atom within the solute molecule
 
  LJ long-range correction    =        -0.0006     -0.0087     -0.3500
 
  Self-energy of the solute   =         0.0000  kcal/mol
 
 
 cumulative average & 95% error for solvation energy
              total             1st component         2nd component         3rd component
  1    -9.1635                0.1098               -0.1927               -9.0807
  2    -9.1837     0.0404     0.1106     0.0017    -0.2119     0.0385    -9.0825     0.0036
  3    -9.1786     0.0255     0.1082     0.0049    -0.2198     0.0273    -9.0670     0.0311
  4    -9.1801     0.0183     0.1091     0.0039    -0.2219     0.0197    -9.0674     0.0220
  5    -9.1786     0.0145     0.1087     0.0032    -0.2300     0.0223    -9.0573     0.0264
  6    -9.1767     0.0125     0.1091     0.0028    -0.2298     0.0182    -9.0560     0.0217
  7    -9.1695     0.0178     0.1097     0.0026    -0.2234     0.0200    -9.0558     0.0184
  8    -9.1687     0.0155     0.1094     0.0023    -0.2228     0.0174    -9.0553     0.0159
  9    -9.1670     0.0141     0.1092     0.0021    -0.2224     0.0153    -9.0539     0.0143
 10    -9.1640     0.0139     0.1091     0.0019    -0.2163     0.0183    -9.0569     0.0141
 
 
 group  inft  solvation free energy     error          difference
  total solvation free energy
   1      0          2.93917           0.01972          -0.00000
   1     60          2.92793           0.01977          -0.01124
   1     80          2.83131           0.02022          -0.10786
   1    100          2.46183           0.02183          -0.47734
   2      0          2.92960           0.01887          -0.00957
   3      0          2.93917           0.01858           0.00000
   4      0          2.92195           0.01872          -0.01721
   5      0          2.97851           0.01904           0.03934
   5     60          2.96323           0.01911           0.02406
   5     80          2.84054           0.01963          -0.09863
   5    100          2.49501           0.02102          -0.44416
 
  contribution from  1-th solvent component
   1      0          0.10257           0.00723           0.00314
   1     60          0.10281           0.00723           0.00338
   1     80          0.10477           0.00730           0.00535
   1    100          0.11036           0.00757           0.01093
   2      0          0.10007           0.00664           0.00064
   3      0          0.09943           0.00669           0.00000
   4      0          0.09803           0.00641          -0.00140
   5      0          0.09893           0.00648          -0.00050
   5     60          0.09925           0.00649          -0.00018
   5     80          0.10157           0.00658           0.00214
   5    100          0.10649           0.00687           0.00706
 
  contribution from  2-th solvent component
   1      0         -0.09355           0.01872           0.00243
   1     60         -0.09354           0.01877           0.00244
   1     80         -0.09372           0.01913           0.00225
   1    100         -0.09497           0.02041           0.00100
   2      0         -0.09557           0.01783           0.00041
   3      0         -0.09598           0.01758           0.00000
   4      0         -0.09672           0.01760          -0.00074
   5      0         -0.09706           0.01725          -0.00109
   5     60         -0.09707           0.01732          -0.00110
   5     80         -0.09742           0.01777          -0.00144
   5    100         -0.09878           0.01895          -0.00281
 
  contribution from  3-th solvent component
   1      0          2.93012           0.01354          -0.00557
   1     60          2.91864           0.01356          -0.01705
   1     80          2.82023           0.01376          -0.11546
   1    100          2.44642           0.01457          -0.48927
   2      0          2.92508           0.01297          -0.01062
   3      0          2.93569           0.01315           0.00000
   4      0          2.92062           0.01276          -0.01507
   5      0          2.97663           0.01316           0.04093
   5     60          2.96104           0.01318           0.02534
   5     80          2.83637           0.01340          -0.09932
   5    100          2.48729           0.01404          -0.44841
 
 
 group  inft   Estimated free energy: total (kcal/mol)
   1      0       2.9218       2.8814       2.9368       2.9351       2.9292
                  2.9318       2.9743       2.9344       2.9475       2.9992
   1     60       2.9105       2.8700       2.9256       2.9239       2.9180
                  2.9205       2.9632       2.9232       2.9363       2.9882
   1     80       2.8136       2.7724       2.8286       2.8271       2.8210
                  2.8236       2.8673       2.8264       2.8397       2.8933
   1    100       2.4427       2.3996       2.4582       2.4572       2.4504
                  2.4528       2.5003       2.4566       2.4705       2.5301
   2      0       2.9139       2.8727       2.9281       2.9244       2.9212
                  2.9231       2.9634       2.9243       2.9391       2.9855
   3      0       2.9227       2.8830       2.9391       2.9321       2.9332
                  2.9340       2.9720       2.9327       2.9490       2.9940
   4      0       2.9063       2.8663       2.9195       2.9135       2.9164
                  2.9167       2.9550       2.9158       2.9317       2.9784
   5      0       2.9621       2.9194       2.9790       2.9750       2.9711
                  2.9712       3.0125       2.9718       2.9901       3.0328
   5     60       2.9468       2.9041       2.9636       2.9597       2.9558
                  2.9559       2.9973       2.9565       2.9748       3.0178
   5     80       2.8237       2.7803       2.8406       2.8369       2.8326
                  2.8328       2.8755       2.8335       2.8521       2.8973
   5    100       2.4769       2.4322       2.4943       2.4909       2.4860
                  2.4861       2.5321       2.4875       2.5065       2.5577
 
 group  inft   Estimated free energy: 1-th solvent contribution (kcal/mol)
   1      0       0.0972       0.0995       0.0924       0.1192       0.1020
                  0.1109       0.1230       0.0949       0.0974       0.0890
   1     60       0.0975       0.0997       0.0927       0.1195       0.1023
                  0.1111       0.1233       0.0952       0.0976       0.0892
   1     80       0.0995       0.1017       0.0945       0.1216       0.1041
                  0.1131       0.1255       0.0971       0.0995       0.0912
   1    100       0.1055       0.1071       0.0993       0.1280       0.1092
                  0.1189       0.1319       0.1024       0.1046       0.0968
   2      0       0.0960       0.0964       0.0911       0.1153       0.1002
                  0.1073       0.1191       0.0926       0.0952       0.0875
   3      0       0.0951       0.0953       0.0905       0.1144       0.0999
                  0.1068       0.1188       0.0919       0.0946       0.0869
   4      0       0.0937       0.0941       0.0892       0.1127       0.0987
                  0.1050       0.1163       0.0906       0.0938       0.0861
   5      0       0.0945       0.0950       0.0903       0.1140       0.0991
                  0.1061       0.1174       0.0917       0.0944       0.0869
   5     60       0.0948       0.0953       0.0906       0.1143       0.0994
                  0.1064       0.1178       0.0921       0.0948       0.0872
   5     80       0.0972       0.0976       0.0927       0.1168       0.1016
                  0.1087       0.1204       0.0943       0.0969       0.0895
   5    100       0.1025       0.1023       0.0968       0.1226       0.1059
                  0.1139       0.1263       0.0988       0.1013       0.0945
 
 group  inft   Estimated free energy: 2-th solvent contribution (kcal/mol)
   1      0      -0.0754      -0.1073      -0.1090      -0.1095      -0.1256
                 -0.1108      -0.0773      -0.0998      -0.0994      -0.0214
   1     60      -0.0754      -0.1074      -0.1090      -0.1095      -0.1257
                 -0.1108      -0.0772      -0.0998      -0.0994      -0.0212
   1     80      -0.0756      -0.1077      -0.1096      -0.1099      -0.1263
                 -0.1114      -0.0770      -0.1002      -0.0997      -0.0198
   1    100      -0.0768      -0.1096      -0.1121      -0.1121      -0.1292
                 -0.1138      -0.0768      -0.1022      -0.1015      -0.0157
   2      0      -0.0786      -0.1097      -0.1101      -0.1108      -0.1264
                 -0.1112      -0.0800      -0.1019      -0.1001      -0.0268
   3      0      -0.0793      -0.1098      -0.1100      -0.1110      -0.1263
                 -0.1113      -0.0808      -0.1022      -0.1012      -0.0280
   4      0      -0.0807      -0.1108      -0.1109      -0.1113      -0.1271
                 -0.1116      -0.0816      -0.1031      -0.1017      -0.0284
   5      0      -0.0816      -0.1117      -0.1110      -0.1110      -0.1267
                 -0.1118      -0.0813      -0.1039      -0.1013      -0.0304
   5     60      -0.0816      -0.1117      -0.1111      -0.1111      -0.1268
                 -0.1118      -0.0812      -0.1039      -0.1014      -0.0301
   5     80      -0.0818      -0.1123      -0.1119      -0.1118      -0.1277
                 -0.1126      -0.0811      -0.1046      -0.1019      -0.0286
   5    100      -0.0832      -0.1144      -0.1144      -0.1140      -0.1305
                 -0.1150      -0.0811      -0.1067      -0.1038      -0.0249
 
 group  inft   Estimated free energy: 3-th solvent contribution (kcal/mol)
   1      0       2.9000       2.8892       2.9533       2.9253       2.9528
                  2.9317       2.9285       2.9393       2.9495       2.9315
   1     60       2.8885       2.8776       2.9419       2.9139       2.9413
                  2.9202       2.9171       2.9278       2.9380       2.9201
   1     80       2.7897       2.7784       2.8437       2.8154       2.8431
                  2.8218       2.8188       2.8295       2.8399       2.8219
   1    100       2.4139       2.4021       2.4711       2.4412       2.4704
                  2.4476       2.4451       2.4564       2.4674       2.4490
   2      0       2.8965       2.8860       2.9471       2.9200       2.9473
                  2.9270       2.9243       2.9336       2.9441       2.9248
   3      0       2.9069       2.8975       2.9585       2.9286       2.9595
                  2.9385       2.9340       2.9430       2.9555       2.9351
   4      0       2.8933       2.8830       2.9411       2.9121       2.9447
                  2.9232       2.9203       2.9283       2.9395       2.9207
   5      0       2.9492       2.9362       2.9997       2.9721       2.9987
                  2.9769       2.9763       2.9839       2.9970       2.9763
   5     60       2.9335       2.9205       2.9841       2.9565       2.9831
                  2.9613       2.9608       2.9683       2.9814       2.9607
   5     80       2.8084       2.7951       2.8597       2.8318       2.8587
                  2.8366       2.8362       2.8439       2.8570       2.8364
   5    100       2.4575       2.4443       2.5118       2.4823       2.5105
                  2.4871       2.4869       2.4954       2.5089       2.4881
 
 
 cumulative average & 95% error for solvation free energy
              total             1st component         2nd component         3rd component
  1     2.9227                0.0951               -0.0793                2.9069
  2     2.9028     0.0397     0.0952     0.0002    -0.0946     0.0305     2.9022     0.0094
  3     2.9149     0.0333     0.0936     0.0031    -0.0997     0.0204     2.9210     0.0380
  4     2.9192     0.0251     0.0988     0.0106    -0.1025     0.0155     2.9229     0.0271
  5     2.9220     0.0202     0.0990     0.0083    -0.1073     0.0153     2.9302     0.0256
  6     2.9240     0.0170     0.1003     0.0072    -0.1079     0.0126     2.9316     0.0211
  7     2.9309     0.0199     0.1030     0.0081    -0.1041     0.0132     2.9319     0.0178
  8     2.9311     0.0172     0.1016     0.0075    -0.1038     0.0114     2.9333     0.0157
  9     2.9331     0.0157     0.1008     0.0068    -0.1035     0.0101     2.9358     0.0147
 10     2.9392     0.0186     0.0994     0.0067    -0.0960     0.0176     2.9357     0.0131
