 ERmod 0.3.7, Copyright (C) 2000-2019 Nobuyuki Matubayasi
                            2010-2019 Shun Sakuraba
 ERmod comes with ABSOLUTELY NO WARRANTY.
 This is free software, and you can redistribute it
 and/or modify it under certain conditions.
 See LICENSE file for details.
 ERmod 0.3.7, Copyright (C) 2000-2019 Nobuyuki Matubayasi
                            2010-2019 Shun Sakuraba
 ERmod comes with ABSOLUTELY NO WARRANTY.
 This is free software, and you can redistribute it
 and/or modify it under certain conditions.
 See LICENSE file for details.
 
  Number of the   1-th solvent  =           90
  Number of the   2-th solvent  =           90
  Number of the   3-th solvent  =        10000
 
  Be sure that the solvent distribution is homogeneous (radial distribution function is essentially unity) when the solvent molecule is separated beyond distance of   10.0 Angstrom in any direction from any atom within the solute molecule
 
  LJ long-range correction    =        -0.0022     -0.0157     -0.2972
 
  Self-energy of the solute   =        -0.0001  kcal/mol
 
 
 cumulative average & 95% error for solvation energy
              total             1st component         2nd component         3rd component
  1   -21.2232               -1.0837               -0.9885              -19.1510
  2   -21.1983     0.0499    -0.9300     0.3075    -1.1027     0.2285   -19.1655     0.0291
  3   -21.2079     0.0346    -0.8995     0.1877    -0.9928     0.2564   -19.3155     0.3005
  4   -21.2460     0.0800    -0.9510     0.1680    -0.8898     0.2745   -19.4051     0.2780
  5   -21.2412     0.0627    -0.8396     0.2581    -0.9619     0.2569   -19.4397     0.2261
  6   -21.2487     0.0534    -0.7914     0.2317    -0.8755     0.2718   -19.5818     0.3390
  7   -21.2525     0.0457    -0.6518     0.3411    -0.8677     0.2302   -19.7330     0.4165
  8   -21.2528     0.0396    -0.6048     0.3099    -0.8868     0.2030   -19.7611     0.3651
  9   -21.2491     0.0357    -0.6081     0.2734    -0.8998     0.1809   -19.7411     0.3245
 10   -21.2377     0.0393    -0.6760     0.2797    -0.8757     0.1689   -19.6860     0.3104
 
 
 group  inft  solvation free energy     error          difference
  total solvation free energy
   1      0         -4.71964           0.05404           0.00328
   1     60         -4.74592           0.05405          -0.02300
   1     80         -4.91484           0.05418          -0.19192
   1    100         -5.39436           0.05472          -0.67144
   2      0         -4.72279           0.05183           0.00013
   3      0         -4.72292           0.05211          -0.00000
   4      0         -4.71677           0.05128           0.00615
   5      0         -4.72110           0.05068           0.00182
   5     60         -4.75597           0.05070          -0.03305
   5     80         -4.95926           0.05086          -0.23633
   5    100         -5.39667           0.05136          -0.67375
 
  contribution from  1-th solvent component
   1      0         -0.22986           0.14008           0.00498
   1     60         -0.22995           0.14008           0.00490
   1     80         -0.23059           0.14012           0.00425
   1    100         -0.23277           0.14020           0.00207
   2      0         -0.23438           0.13893           0.00047
   3      0         -0.23484           0.13783           0.00000
   4      0         -0.23421           0.13689           0.00063
   5      0         -0.23370           0.13695           0.00115
   5     60         -0.23385           0.13694           0.00099
   5     80         -0.23485           0.13695          -0.00001
   5    100         -0.23726           0.13696          -0.00242
 
  contribution from  2-th solvent component
   1      0         -0.49842           0.09186          -0.00563
   1     60         -0.49879           0.09187          -0.00600
   1     80         -0.50109           0.09191          -0.00830
   1    100         -0.50748           0.09201          -0.01469
   2      0         -0.49515           0.09005          -0.00236
   3      0         -0.49279           0.09037          -0.00000
   4      0         -0.49147           0.08982           0.00132
   5      0         -0.49048           0.08935           0.00231
   5     60         -0.49098           0.08936           0.00181
   5     80         -0.49380           0.08939          -0.00101
   5    100         -0.49966           0.08945          -0.00686
 
  contribution from  3-th solvent component
   1      0         -3.99128           0.15128           0.00393
   1     60         -4.01710           0.15134          -0.02190
   1     80         -4.18308           0.15165          -0.18787
   1    100         -4.65403           0.15254          -0.65883
   2      0         -3.99318           0.15094           0.00202
   3      0         -3.99520           0.15132           0.00000
   4      0         -3.99100           0.14941           0.00420
   5      0         -3.99684           0.15049          -0.00163
   5     60         -4.03106           0.15056          -0.03585
   5     80         -4.23052           0.15092          -0.23532
   5    100         -4.65968           0.15168          -0.66447
 
 
 group  inft   Estimated free energy: total (kcal/mol)
   1      0      -4.7003      -4.6538      -4.6251      -4.8427      -4.7072
                 -4.6605      -4.7143      -4.7311      -4.8940      -4.6674
   1     60      -4.7266      -4.6800      -4.6514      -4.8691      -4.7335
                 -4.6869      -4.7407      -4.7574      -4.9202      -4.6935
   1     80      -4.8952      -4.8484      -4.8198      -5.0387      -4.9027
                 -4.8563      -4.9104      -4.9261      -5.0891      -4.8617
   1    100      -5.3735      -5.3263      -5.2977      -5.5199      -5.3830
                 -5.3367      -5.3929      -5.4045      -5.5695      -5.3397
   2      0      -4.6906      -4.6491      -4.6416      -4.8390      -4.7137
                 -4.6756      -4.7162      -4.7383      -4.8921      -4.6716
   3      0      -4.6921      -4.6460      -4.6419      -4.8415      -4.7184
                 -4.6753      -4.7149      -4.7418      -4.8897      -4.6675
   4      0      -4.6827      -4.6415      -4.6348      -4.8342      -4.7175
                 -4.6745      -4.7023      -4.7338      -4.8808      -4.6655
   5      0      -4.6839      -4.6475      -4.6464      -4.8351      -4.7164
                 -4.6760      -4.7137      -4.7420      -4.8846      -4.6652
   5     60      -4.7187      -4.6823      -4.6813      -4.8701      -4.7514
                 -4.7110      -4.7488      -4.7769      -4.9194      -4.6999
   5     80      -4.9215      -4.8849      -4.8841      -5.0742      -4.9550
                 -4.9150      -4.9531      -4.9798      -5.1227      -4.9023
   5    100      -5.3577      -5.3207      -5.3201      -5.5132      -5.3930
                 -5.3534      -5.3933      -5.4161      -5.5608      -5.3383
 
 group  inft   Estimated free energy: 1-th solvent contribution (kcal/mol)
   1      0      -0.4051      -0.2754      -0.2816      -0.4608      -0.0877
                 -0.1500       0.2073      -0.0462      -0.2518      -0.5474
   1     60      -0.4052      -0.2755      -0.2817      -0.4609      -0.0878
                 -0.1501       0.2072      -0.0463      -0.2519      -0.5474
   1     80      -0.4059      -0.2762      -0.2823      -0.4616      -0.0884
                 -0.1507       0.2067      -0.0468      -0.2526      -0.5481
   1    100      -0.4083      -0.2786      -0.2844      -0.4640      -0.0905
                 -0.1527       0.2047      -0.0488      -0.2548      -0.5504
   2      0      -0.4010      -0.2744      -0.2938      -0.4612      -0.0973
                 -0.1597       0.2058      -0.0572      -0.2544      -0.5507
   3      0      -0.4003      -0.2730      -0.2935      -0.4622      -0.1007
                 -0.1618       0.2042      -0.0630      -0.2508      -0.5472
   4      0      -0.3961      -0.2700      -0.2923      -0.4580      -0.1009
                 -0.1632       0.2025      -0.0655      -0.2505      -0.5480
   5      0      -0.3954      -0.2721      -0.2936      -0.4610      -0.0995
                 -0.1592       0.2010      -0.0622      -0.2502      -0.5448
   5     60      -0.3956      -0.2722      -0.2938      -0.4612      -0.0997
                 -0.1593       0.2009      -0.0623      -0.2504      -0.5450
   5     80      -0.3966      -0.2733      -0.2947      -0.4622      -0.1007
                 -0.1603       0.1999      -0.0632      -0.2514      -0.5459
   5    100      -0.3991      -0.2759      -0.2970      -0.4648      -0.1030
                 -0.1628       0.1974      -0.0655      -0.2538      -0.5483
 
 group  inft   Estimated free energy: 2-th solvent contribution (kcal/mol)
   1      0      -0.5715      -0.6331      -0.4054      -0.4033      -0.6832
                 -0.2584      -0.4365      -0.5771      -0.6607      -0.3551
   1     60      -0.5719      -0.6335      -0.4058      -0.4036      -0.6836
                 -0.2587      -0.4368      -0.5774      -0.6611      -0.3555
   1     80      -0.5743      -0.6358      -0.4080      -0.4060      -0.6860
                 -0.2608      -0.4391      -0.5798      -0.6634      -0.3577
   1    100      -0.5808      -0.6423      -0.4143      -0.4123      -0.6926
                 -0.2669      -0.4455      -0.5863      -0.6700      -0.3639
   2      0      -0.5637      -0.6272      -0.4077      -0.3980      -0.6784
                 -0.2624      -0.4357      -0.5715      -0.6551      -0.3518
   3      0      -0.5635      -0.6251      -0.4074      -0.3956      -0.6773
                 -0.2583      -0.4297      -0.5660      -0.6540      -0.3509
   4      0      -0.5616      -0.6241      -0.4067      -0.3977      -0.6775
                 -0.2596      -0.4279      -0.5629      -0.6492      -0.3478
   5      0      -0.5604      -0.6237      -0.4091      -0.3933      -0.6743
                 -0.2592      -0.4287      -0.5651      -0.6442      -0.3469
   5     60      -0.5609      -0.6242      -0.4096      -0.3938      -0.6748
                 -0.2597      -0.4292      -0.5656      -0.6447      -0.3474
   5     80      -0.5637      -0.6271      -0.4124      -0.3966      -0.6777
                 -0.2624      -0.4320      -0.5685      -0.6476      -0.3501
   5    100      -0.5696      -0.6329      -0.4183      -0.4024      -0.6837
                 -0.2680      -0.4378      -0.5744      -0.6536      -0.3559
 
 group  inft   Estimated free energy: 3-th solvent contribution (kcal/mol)
   1      0      -3.7236      -3.7453      -3.9380      -3.9786      -3.9361
                 -4.2520      -4.4851      -4.1078      -3.9815      -3.7648
   1     60      -3.7494      -3.7710      -3.9638      -4.0045      -3.9620
                 -4.2780      -4.5110      -4.1336      -4.0072      -3.7905
   1     80      -3.9149      -3.9363      -4.1295      -4.1710      -4.1282
                 -4.4447      -4.6779      -4.2993      -4.1730      -3.9558
   1    100      -4.3843      -4.4053      -4.5990      -4.6435      -4.5999
                 -4.9170      -5.1521      -4.7693      -4.6446      -4.4254
   2      0      -3.7258      -3.7475      -3.9400      -3.9797      -3.9379
                 -4.2534      -4.4862      -4.1096      -3.9826      -3.7691
   3      0      -3.7283      -3.7478      -3.9409      -3.9836      -3.9403
                 -4.2552      -4.4893      -4.1127      -3.9848      -3.7693
   4      0      -3.7249      -3.7473      -3.9357      -3.9784      -3.9390
                 -4.2517      -4.4769      -4.1054      -3.9811      -3.7697
   5      0      -3.7280      -3.7516      -3.9436      -3.9808      -3.9425
                 -4.2575      -4.4860      -4.1147      -3.9902      -3.7734
   5     60      -3.7622      -3.7857      -3.9778      -4.0151      -3.9768
                 -4.2920      -4.5204      -4.1489      -4.0243      -3.8075
   5     80      -3.9611      -3.9844      -4.1769      -4.2153      -4.1766
                 -4.4922      -4.7210      -4.3480      -4.2236      -4.0061
   5    100      -4.3889      -4.4118      -4.6048      -4.6460      -4.6063
                 -4.9226      -5.1529      -4.7761      -4.6534      -4.4341
 
 
 cumulative average & 95% error for solvation free energy
              total             1st component         2nd component         3rd component
  1    -4.6921               -0.4003               -0.5635               -3.7283
  2    -4.6691     0.0461    -0.3367     0.1273    -0.5943     0.0617    -3.7380     0.0195
  3    -4.6600     0.0322    -0.3223     0.0789    -0.5320     0.1296    -3.8056     0.1357
  4    -4.7054     0.0936    -0.3573     0.0895    -0.4979     0.1142    -3.8501     0.1309
  5    -4.7080     0.0727    -0.3059     0.1238    -0.5338     0.1139    -3.8682     0.1076
  6    -4.7025     0.0603    -0.2819     0.1119    -0.4879     0.1307    -3.9327     0.1561
  7    -4.7043     0.0511    -0.2125     0.1681    -0.4796     0.1117    -4.0122     0.2066
  8    -4.7090     0.0452    -0.1938     0.1503    -0.4904     0.0991    -4.0247     0.1807
  9    -4.7291     0.0566    -0.2001     0.1331    -0.5086     0.0947    -4.0203     0.1596
 10    -4.7229     0.0521    -0.2348     0.1378    -0.4928     0.0904    -3.9952     0.1513
