 ERmod 0.3.7, Copyright (C) 2000-2019 Nobuyuki Matubayasi
                            2010-2019 Shun Sakuraba
 ERmod comes with ABSOLUTELY NO WARRANTY.
 This is free software, and you can redistribute it
 and/or modify it under certain conditions.
 See LICENSE file for details.
 ERmod 0.3.7, Copyright (C) 2000-2019 Nobuyuki Matubayasi
                            2010-2019 Shun Sakuraba
 ERmod comes with ABSOLUTELY NO WARRANTY.
 This is free software, and you can redistribute it
 and/or modify it under certain conditions.
 See LICENSE file for details.
 
  Number of the   1-th solvent  =          180
  Number of the   2-th solvent  =          180
  Number of the   3-th solvent  =        10000
 
  Be sure that the solvent distribution is homogeneous (radial distribution function is essentially unity) when the solvent molecule is separated beyond distance of   10.0 Angstrom in any direction from any atom within the solute molecule
 
  LJ long-range correction    =        -0.0013     -0.0058     -0.4195
 
  Self-energy of the solute   =        -0.0001  kcal/mol
 
 
 cumulative average & 95% error for solvation energy
              total             1st component         2nd component         3rd component
  1   -23.3805               -0.6874               -0.5631              -22.1299
  2   -23.6037     0.4462    -0.3504     0.6740    -1.0901     1.0539   -22.1630     0.0663
  3   -23.6525     0.2755    -0.5110     0.5045    -1.0810     0.6088   -22.0604     0.2088
  4   -23.6513     0.1949    -0.3130     0.5330    -1.1845     0.4776   -22.1537     0.2380
  5   -23.6066     0.1754    -0.3852     0.4373    -1.0319     0.4796   -22.1894     0.1977
  6   -23.6239     0.1474    -0.3506     0.3637    -1.1241     0.4328   -22.1491     0.1803
  7   -23.7066     0.2070    -0.5574     0.5154    -1.3014     0.5095   -21.8476     0.6221
  8   -23.6858     0.1840    -0.5427     0.4473    -1.1660     0.5178   -21.9771     0.5977
  9   -23.6601     0.1703    -0.5512     0.3949    -1.1215     0.4652   -21.9873     0.5275
 10   -23.6728     0.1544    -0.5047     0.3652    -1.1705     0.4275   -21.9975     0.4723
 
 
 group  inft  solvation free energy     error          difference
  total solvation free energy
   1      0         -3.85712           0.08634           0.00992
   1     60         -3.87830           0.08639          -0.01126
   1     80         -4.04280           0.08684          -0.17575
   1    100         -4.61676           0.08828          -0.74971
   2      0         -3.86136           0.08440           0.00569
   3      0         -3.86704           0.08301           0.00000
   4      0         -3.86351           0.08395           0.00353
   5      0         -3.87196           0.08289          -0.00492
   5     60         -3.90060           0.08296          -0.03355
   5     80         -4.10417           0.08350          -0.23713
   5    100         -4.63372           0.08477          -0.76667
 
  contribution from  1-th solvent component
   1      0         -0.03877           0.19201           0.00881
   1     60         -0.03824           0.19204           0.00934
   1     80         -0.03462           0.19230           0.01297
   1    100         -0.02459           0.19316           0.02300
   2      0         -0.04442           0.19334           0.00317
   3      0         -0.04759           0.19224           0.00000
   4      0         -0.04785           0.19376          -0.00027
   5      0         -0.05124           0.19337          -0.00365
   5     60         -0.05056           0.19341          -0.00298
   5     80         -0.04658           0.19374           0.00101
   5    100         -0.03826           0.19463           0.00933
 
  contribution from  2-th solvent component
   1      0         -0.67180           0.22348          -0.00429
   1     60         -0.67151           0.22350          -0.00400
   1     80         -0.67072           0.22373          -0.00322
   1    100         -0.67057           0.22453          -0.00307
   2      0         -0.66847           0.22280          -0.00096
   3      0         -0.66750           0.22255           0.00000
   4      0         -0.66773           0.22305          -0.00023
   5      0         -0.66784           0.22258          -0.00033
   5     60         -0.66754           0.22261          -0.00003
   5     80         -0.66687           0.22291           0.00063
   5    100         -0.66741           0.22371           0.00009
 
  contribution from  3-th solvent component
   1      0         -3.14643           0.25486           0.00540
   1     60         -3.16843           0.25489          -0.01660
   1     80         -3.33734           0.25509          -0.18551
   1    100         -3.92148           0.25611          -0.76965
   2      0         -3.14835           0.25454           0.00348
   3      0         -3.15183           0.25548           0.00000
   4      0         -3.14781           0.25373           0.00402
   5      0         -3.15277           0.25529          -0.00093
   5     60         -3.18238           0.25533          -0.03054
   5     80         -3.39060           0.25559          -0.23877
   5    100         -3.92793           0.25659          -0.77610
 
 
 group  inft   Estimated free energy: total (kcal/mol)
   1      0      -3.7229      -3.8062      -3.9840      -3.8195      -3.7850
                 -3.8342      -4.0484      -3.8417      -3.6561      -4.0731
   1     60      -3.7440      -3.8275      -4.0054      -3.8406      -3.8062
                 -3.8554      -4.0697      -3.8628      -3.6771      -4.0943
   1     80      -3.9083      -3.9924      -4.1714      -4.0039      -3.9707
                 -4.0195      -4.2350      -4.0276      -3.8399      -4.2593
   1    100      -4.4825      -4.5673      -4.7505      -4.5739      -4.5448
                 -4.5907      -4.8110      -4.6049      -4.4073      -4.8349
   2      0      -3.7273      -3.7979      -3.9894      -3.8412      -3.7979
                 -3.8369      -4.0384      -3.8381      -3.6674      -4.0790
   3      0      -3.7378      -3.8030      -3.9877      -3.8564      -3.8100
                 -3.8403      -4.0308      -3.8404      -3.6728      -4.0913
   4      0      -3.7405      -3.7913      -3.9801      -3.8472      -3.8015
                 -3.8371      -4.0322      -3.8310      -3.6759      -4.0983
   5      0      -3.7369      -3.8051      -3.9962      -3.8596      -3.8137
                 -3.8546      -4.0269      -3.8478      -3.6804      -4.0985
   5     60      -3.7655      -3.8338      -4.0251      -3.8880      -3.8423
                 -3.8832      -4.0556      -3.8764      -3.7088      -4.1272
   5     80      -3.9689      -4.0378      -4.2305      -4.0902      -4.0459
                 -4.0863      -4.2602      -4.0802      -3.9101      -4.3316
   5    100      -4.4990      -4.5679      -4.7648      -4.6162      -4.5755
                 -4.6137      -4.7915      -4.6124      -4.4335      -4.8628
 
 group  inft   Estimated free energy: 1-th solvent contribution (kcal/mol)
   1      0      -0.1300       0.2399      -0.2250       0.4544      -0.1468
                  0.0981      -0.6794       0.0270      -0.1108       0.0850
   1     60      -0.1295       0.2405      -0.2246       0.4550      -0.1463
                  0.0987      -0.6790       0.0276      -0.1103       0.0855
   1     80      -0.1260       0.2444      -0.2215       0.4595      -0.1425
                  0.1026      -0.6761       0.0315      -0.1069       0.0888
   1    100      -0.1163       0.2554      -0.2133       0.4724      -0.1320
                  0.1134      -0.6685       0.0426      -0.0974       0.0979
   2      0      -0.1412       0.2470      -0.2384       0.4513      -0.1611
                  0.0889      -0.6811       0.0295      -0.1196       0.0804
   3      0      -0.1481       0.2464      -0.2363       0.4457      -0.1700
                  0.0863      -0.6788       0.0300      -0.1196       0.0686
   4      0      -0.1470       0.2499      -0.2376       0.4571      -0.1681
                  0.0837      -0.6794       0.0271      -0.1284       0.0643
   5      0      -0.1544       0.2504      -0.2428       0.4497      -0.1758
                  0.0726      -0.6797       0.0304      -0.1284       0.0655
   5     60      -0.1537       0.2512      -0.2422       0.4505      -0.1751
                  0.0734      -0.6791       0.0312      -0.1278       0.0661
   5     80      -0.1501       0.2557      -0.2390       0.4556      -0.1709
                  0.0777      -0.6760       0.0357      -0.1241       0.0696
   5    100      -0.1424       0.2654      -0.2325       0.4668      -0.1622
                  0.0867      -0.6700       0.0455      -0.1165       0.0768
 
 group  inft   Estimated free energy: 2-th solvent contribution (kcal/mol)
   1      0      -0.3094      -0.8066      -0.7078      -0.9152      -0.3210
                 -0.8537      -1.2555      -0.1954      -0.3686      -0.9848
   1     60      -0.3091      -0.8063      -0.7076      -0.9147      -0.3207
                 -0.8534      -1.2553      -0.1951      -0.3681      -0.9846
   1     80      -0.3082      -0.8057      -0.7073      -0.9130      -0.3200
                 -0.8527      -1.2555      -0.1947      -0.3653      -0.9846
   1    100      -0.3073      -0.8063      -0.7086      -0.9110      -0.3200
                 -0.8532      -1.2585      -0.1956      -0.3586      -0.9867
   2      0      -0.3026      -0.8041      -0.6965      -0.9295      -0.3188
                 -0.8448      -1.2407      -0.1932      -0.3699      -0.9845
   3      0      -0.3023      -0.8028      -0.6946      -0.9359      -0.3180
                 -0.8452      -1.2345      -0.1884      -0.3725      -0.9809
   4      0      -0.3079      -0.8034      -0.6881      -0.9399      -0.3183
                 -0.8433      -1.2323      -0.1850      -0.3697      -0.9893
   5      0      -0.2984      -0.8104      -0.6957      -0.9426      -0.3190
                 -0.8438      -1.2267      -0.1906      -0.3683      -0.9828
   5     60      -0.2981      -0.8102      -0.6955      -0.9421      -0.3187
                 -0.8435      -1.2266      -0.1904      -0.3677      -0.9826
   5     80      -0.2973      -0.8098      -0.6954      -0.9404      -0.3180
                 -0.8431      -1.2272      -0.1901      -0.3645      -0.9829
   5    100      -0.2970      -0.8112      -0.6971      -0.9397      -0.3185
                 -0.8443      -1.2307      -0.1916      -0.3586      -0.9854
 
 group  inft   Estimated free energy: 3-th solvent contribution (kcal/mol)
   1      0      -3.2834      -3.2394      -3.0510      -3.3587      -3.3170
                 -3.0785      -2.1134      -3.6732      -3.1766      -3.1732
   1     60      -3.3053      -3.2615      -3.0731      -3.3808      -3.3391
                 -3.1005      -2.1352      -3.6951      -3.1986      -3.1951
   1     80      -3.4740      -3.4309      -3.2425      -3.5503      -3.5081
                 -3.2692      -2.3033      -3.8643      -3.3675      -3.3634
   1    100      -4.0588      -4.0163      -3.8284      -4.1352      -4.0926
                 -3.8508      -2.8838      -4.4518      -3.9511      -3.9459
   2      0      -3.2835      -3.2407      -3.0544      -3.3628      -3.3179
                 -3.0809      -2.1165      -3.6743      -3.1778      -3.1748
   3      0      -3.2873      -3.2464      -3.0567      -3.3661      -3.3218
                 -3.0813      -2.1174      -3.6819      -3.1805      -3.1789
   4      0      -3.2854      -3.2377      -3.0542      -3.3642      -3.3150
                 -3.0774      -2.1203      -3.6729      -3.1777      -3.1732
   5      0      -3.2840      -3.2450      -3.0576      -3.3666      -3.3188
                 -3.0833      -2.1204      -3.6875      -3.1835      -3.1811
   5     60      -3.3135      -3.2747      -3.0873      -3.3964      -3.3485
                 -3.1129      -2.1498      -3.7170      -3.2132      -3.2106
   5     80      -3.5215      -3.4836      -3.2961      -3.6052      -3.5569
                 -3.3208      -2.3569      -3.9256      -3.4214      -3.4181
   5    100      -4.0595      -4.0219      -3.8351      -4.1432      -4.0946
                 -3.8560      -2.8906      -4.4661      -3.9582      -3.9541
 
 
 cumulative average & 95% error for solvation free energy
              total             1st component         2nd component         3rd component
  1    -3.7378               -0.1481               -0.3023               -3.2873
  2    -3.7704     0.0652     0.0491     0.3945    -0.5525     0.5005    -3.2668     0.0408
  3    -3.8428     0.1497    -0.0460     0.2968    -0.5999     0.3041    -3.1968     0.1420
  4    -3.8462     0.1061     0.0769     0.3232    -0.6839     0.2729    -3.2391     0.1313
  5    -3.8390     0.0835     0.0275     0.2692    -0.6107     0.2571    -3.2557     0.1070
  6    -3.8392     0.0681     0.0373     0.2206    -0.6498     0.2240    -3.2266     0.1049
  7    -3.8666     0.0795    -0.0650     0.2768    -0.7333     0.2525    -3.0681     0.3291
  8    -3.8633     0.0691    -0.0531     0.2409    -0.6652     0.2576    -3.1449     0.3237
  9    -3.8421     0.0742    -0.0605     0.2130    -0.6327     0.2363    -3.1488     0.2856
 10    -3.8670     0.0830    -0.0476     0.1922    -0.6675     0.2226    -3.1518     0.2555
