 ERmod 0.3.7, Copyright (C) 2000-2019 Nobuyuki Matubayasi
                            2010-2019 Shun Sakuraba
 ERmod comes with ABSOLUTELY NO WARRANTY.
 This is free software, and you can redistribute it
 and/or modify it under certain conditions.
 See LICENSE file for details.
 ERmod 0.3.7, Copyright (C) 2000-2019 Nobuyuki Matubayasi
                            2010-2019 Shun Sakuraba
 ERmod comes with ABSOLUTELY NO WARRANTY.
 This is free software, and you can redistribute it
 and/or modify it under certain conditions.
 See LICENSE file for details.
 
  Number of the   1-th solvent  =          180
  Number of the   2-th solvent  =          180
  Number of the   3-th solvent  =        10000
 
  Be sure that the solvent distribution is homogeneous (radial distribution function is essentially unity) when the solvent molecule is separated beyond distance of   10.0 Angstrom in any direction from any atom within the solute molecule
 
  LJ long-range correction    =        -0.0029     -0.0027     -0.1971
 
  Self-energy of the solute   =        -0.0001  kcal/mol
 
 
 cumulative average & 95% error for solvation energy
              total             1st component         2nd component         3rd component
  1   -18.1817               -1.1355               -0.5411              -16.5051
  2   -18.2909     0.2184    -1.2514     0.2319    -0.9988     0.9154   -16.0406     0.9290
  3   -18.2418     0.1598    -1.3375     0.2181    -0.8121     0.6471   -16.0921     0.5461
  4   -18.2200     0.1211    -1.2961     0.1750    -0.7558     0.4712   -16.1680     0.4149
  5   -18.2270     0.0949    -1.5455     0.5169    -0.7715     0.3663   -15.9098     0.6082
  6   -18.2670     0.1115    -1.4691     0.4489    -1.0360     0.6077   -15.7618     0.5781
  7   -18.3050     0.1210    -1.3884     0.4123    -1.1804     0.5892   -15.7361     0.4913
  8   -18.2756     0.1201    -1.2416     0.4623    -1.0891     0.5419   -15.9448     0.5961
  9   -18.2604     0.1102    -1.1688     0.4329    -1.0524     0.4835   -16.0391     0.5585
 10   -18.2929     0.1181    -1.1860     0.3888    -1.1442     0.4699   -15.9626     0.5225
 
 
 group  inft  solvation free energy     error          difference
  total solvation free energy
   1      0         -4.39464           0.03976          -0.00456
   1     60         -4.42376           0.03977          -0.03368
   1     80         -4.58058           0.03984          -0.19050
   1    100         -4.98566           0.03988          -0.59557
   2      0         -4.39016           0.03438          -0.00007
   3      0         -4.39008           0.03143           0.00000
   4      0         -4.38735           0.03404           0.00273
   5      0         -4.39115           0.03241          -0.00107
   5     60         -4.42908           0.03240          -0.03899
   5     80         -4.61546           0.03237          -0.22537
   5    100         -4.98347           0.03220          -0.59339
 
  contribution from  1-th solvent component
   1      0         -0.43844           0.19338          -0.00133
   1     60         -0.43868           0.19341          -0.00157
   1     80         -0.44011           0.19359          -0.00300
   1    100         -0.44433           0.19401          -0.00723
   2      0         -0.43849           0.18788          -0.00138
   3      0         -0.43711           0.18567           0.00000
   4      0         -0.43811           0.18558          -0.00100
   5      0         -0.43756           0.18318          -0.00046
   5     60         -0.43792           0.18321          -0.00081
   5     80         -0.43981           0.18336          -0.00270
   5    100         -0.44396           0.18363          -0.00685
 
  contribution from  2-th solvent component
   1      0         -0.63075           0.21975          -0.00505
   1     60         -0.63052           0.21977          -0.00482
   1     80         -0.62983           0.21991          -0.00414
   1    100         -0.62947           0.22026          -0.00377
   2      0         -0.62610           0.22125          -0.00040
   3      0         -0.62569           0.22091           0.00000
   4      0         -0.62579           0.22173          -0.00010
   5      0         -0.62496           0.22288           0.00074
   5     60         -0.62472           0.22291           0.00098
   5     80         -0.62425           0.22310           0.00144
   5    100         -0.62451           0.22348           0.00118
 
  contribution from  3-th solvent component
   1      0         -3.32534           0.27318           0.00183
   1     60         -3.35446           0.27324          -0.02729
   1     80         -3.51053           0.27363          -0.18336
   1    100         -3.91174           0.27480          -0.58457
   2      0         -3.32546           0.27289           0.00171
   3      0         -3.32717           0.27394           0.00000
   4      0         -3.32333           0.27165           0.00384
   5      0         -3.32852           0.27283          -0.00135
   5     60         -3.36633           0.27291          -0.03916
   5     80         -3.55128           0.27337          -0.22411
   5    100         -3.91489           0.27445          -0.58772
 
 
 group  inft   Estimated free energy: total (kcal/mol)
   1      0      -4.3642      -4.3657      -4.4041      -4.4472      -4.4679
                 -4.4128      -4.4582      -4.2840      -4.3085      -4.4339
   1     60      -4.3935      -4.3948      -4.4332      -4.4764      -4.4969
                 -4.4419      -4.4873      -4.3129      -4.3376      -4.4632
   1     80      -4.5508      -4.5517      -4.5901      -4.6337      -4.6532
                 -4.5981      -4.6439      -4.4690      -4.4944      -4.6208
   1    100      -4.9571      -4.9567      -4.9960      -5.0406      -5.0573
                 -5.0009      -5.0480      -4.8728      -4.9002      -5.0270
   2      0      -4.3491      -4.3568      -4.3979      -4.4308      -4.4549
                 -4.4048      -4.4566      -4.3125      -4.3127      -4.4254
   3      0      -4.3467      -4.3584      -4.4017      -4.4245      -4.4512
                 -4.3995      -4.4580      -4.3259      -4.3204      -4.4145
   4      0      -4.3389      -4.3519      -4.3930      -4.4226      -4.4566
                 -4.4011      -4.4580      -4.3216      -4.3107      -4.4191
   5      0      -4.3439      -4.3496      -4.3988      -4.4175      -4.4498
                 -4.4023      -4.4680      -4.3368      -4.3186      -4.4262
   5     60      -4.3820      -4.3875      -4.4367      -4.4554      -4.4876
                 -4.4402      -4.5059      -4.3746      -4.3565      -4.4644
   5     80      -4.5689      -4.5740      -4.6232      -4.6423      -4.6733
                 -4.6259      -4.6921      -4.5604      -4.5430      -4.6516
   5    100      -4.9379      -4.9418      -4.9918      -5.0117      -5.0404
                 -4.9918      -5.0593      -4.9277      -4.9119      -5.0205
 
 group  inft   Estimated free energy: 1-th solvent contribution (kcal/mol)
   1      0      -0.4175      -0.5147      -0.6007      -0.4546      -1.1194
                 -0.4165      -0.2773       0.0462      -0.1519      -0.4778
   1     60      -0.4178      -0.5150      -0.6009      -0.4549      -1.1197
                 -0.4168      -0.2776       0.0461      -0.1521      -0.4781
   1     80      -0.4194      -0.5167      -0.6024      -0.4565      -1.1213
                 -0.4185      -0.2791       0.0456      -0.1530      -0.4797
   1    100      -0.4241      -0.5216      -0.6066      -0.4612      -1.1262
                 -0.4232      -0.2834       0.0435      -0.1561      -0.4844
   2      0      -0.4119      -0.5035      -0.6036      -0.4506      -1.1095
                 -0.4091      -0.2767       0.0217      -0.1705      -0.4713
   3      0      -0.4061      -0.5010      -0.6010      -0.4461      -1.1060
                 -0.4059      -0.2750       0.0114      -0.1779      -0.4633
   4      0      -0.4079      -0.4963      -0.6030      -0.4466      -1.1091
                 -0.4060      -0.2782       0.0069      -0.1776      -0.4632
   5      0      -0.4089      -0.4943      -0.6014      -0.4431      -1.1001
                 -0.4053      -0.2773      -0.0007      -0.1792      -0.4653
   5     60      -0.4093      -0.4947      -0.6017      -0.4434      -1.1005
                 -0.4057      -0.2777      -0.0009      -0.1795      -0.4657
   5     80      -0.4114      -0.4969      -0.6037      -0.4455      -1.1026
                 -0.4078      -0.2796      -0.0020      -0.1810      -0.4678
   5    100      -0.4160      -0.5015      -0.6079      -0.4500      -1.1071
                 -0.4122      -0.2838      -0.0046      -0.1844      -0.4722
 
 group  inft   Estimated free energy: 2-th solvent contribution (kcal/mol)
   1      0      -0.3463      -0.7303      -0.3249      -0.4261      -0.5427
                 -1.2029      -1.0766      -0.2543      -0.4061      -0.9970
   1     60      -0.3461      -0.7301      -0.3247      -0.4259      -0.5426
                 -1.2027      -1.0764      -0.2539      -0.4059      -0.9969
   1     80      -0.3455      -0.7296      -0.3237      -0.4252      -0.5421
                 -1.2023      -1.0758      -0.2523      -0.4052      -0.9966
   1    100      -0.3452      -0.7297      -0.3227      -0.4247      -0.5423
                 -1.2025      -1.0757      -0.2499      -0.4050      -0.9970
   2      0      -0.3390      -0.7335      -0.3176      -0.4141      -0.5374
                 -1.2022      -1.0753      -0.2567      -0.3921      -0.9929
   3      0      -0.3368      -0.7352      -0.3211      -0.4110      -0.5410
                 -1.2005      -1.0739      -0.2586      -0.3874      -0.9915
   4      0      -0.3364      -0.7403      -0.3167      -0.4135      -0.5407
                 -1.2016      -1.0765      -0.2573      -0.3848      -0.9902
   5      0      -0.3315      -0.7369      -0.3167      -0.4057      -0.5389
                 -1.2008      -1.0804      -0.2582      -0.3847      -0.9957
   5     60      -0.3313      -0.7367      -0.3164      -0.4055      -0.5388
                 -1.2006      -1.0801      -0.2578      -0.3845      -0.9955
   5     80      -0.3308      -0.7366      -0.3156      -0.4049      -0.5387
                 -1.2005      -1.0798      -0.2563      -0.3840      -0.9954
   5    100      -0.3310      -0.7373      -0.3152      -0.4049      -0.5395
                 -1.2016      -1.0805      -0.2546      -0.3842      -0.9964
 
 group  inft   Estimated free energy: 3-th solvent contribution (kcal/mol)
   1      0      -3.6003      -3.1205      -3.4784      -3.5663      -2.8056
                 -2.7932      -3.1041      -4.0757      -3.7503      -2.9589
   1     60      -3.6295      -3.1495      -3.5075      -3.5955      -2.8345
                 -2.8222      -3.1332      -4.1050      -3.7795      -2.9881
   1     80      -3.7859      -3.3052      -3.6639      -3.7519      -2.9896
                 -2.9773      -3.2889      -4.2621      -3.9361      -3.1444
   1    100      -4.1877      -3.7053      -4.0665      -4.1546      -3.3887
                 -3.3751      -3.6888      -4.6663      -4.3390      -3.5454
   2      0      -3.5982      -3.1197      -3.4766      -3.5659      -2.8079
                 -2.7934      -3.1045      -4.0774      -3.7500      -2.9610
   3      0      -3.6036      -3.1220      -3.4795      -3.5673      -2.8042
                 -2.7931      -3.1090      -4.0785      -3.7550      -2.9596
   4      0      -3.5945      -3.1151      -3.4733      -3.5623      -2.8067
                 -2.7933      -3.1032      -4.0711      -3.7481      -2.9656
   5      0      -3.6034      -3.1183      -3.4806      -3.5686      -2.8106
                 -2.7961      -3.1103      -4.0778      -3.7545      -2.9651
   5     60      -3.6413      -3.1560      -3.5185      -3.6064      -2.8481
                 -2.8337      -3.1480      -4.1158      -3.7924      -3.0030
   5     80      -3.8265      -3.3404      -3.7038      -3.7918      -3.0319
                 -3.0175      -3.3326      -4.3020      -3.9780      -3.1883
   5    100      -4.1908      -3.7029      -4.0686      -4.1567      -3.3936
                 -3.3779      -3.6949      -4.6684      -4.3432      -3.5519
 
 
 cumulative average & 95% error for solvation free energy
              total             1st component         2nd component         3rd component
  1    -4.3467               -0.4061               -0.3368               -3.6036
  2    -4.3525     0.0117    -0.4536     0.0949    -0.5360     0.3984    -3.3628     0.4816
  3    -4.3689     0.0335    -0.5027     0.1125    -0.4644     0.2710    -3.4017     0.2887
  4    -4.3828     0.0365    -0.4886     0.0844    -0.4510     0.1935    -3.4431     0.2203
  5    -4.3965     0.0394    -0.6121     0.2555    -0.4690     0.1541    -3.3153     0.3073
  6    -4.3970     0.0322    -0.5777     0.2196    -0.5909     0.2744    -3.2283     0.3054
  7    -4.4057     0.0323    -0.5345     0.2048    -0.6599     0.2698    -3.2112     0.2604
  8    -4.3957     0.0343    -0.4662     0.2238    -0.6098     0.2543    -3.3196     0.3128
  9    -4.3874     0.0346    -0.4342     0.2075    -0.5851     0.2297    -3.3680     0.2923
 10    -4.3901     0.0314    -0.4371     0.1857    -0.6257     0.2209    -3.3272     0.2739
