 ERmod 0.3.7, Copyright (C) 2000-2019 Nobuyuki Matubayasi
                            2010-2019 Shun Sakuraba
 ERmod comes with ABSOLUTELY NO WARRANTY.
 This is free software, and you can redistribute it
 and/or modify it under certain conditions.
 See LICENSE file for details.
 ERmod 0.3.7, Copyright (C) 2000-2019 Nobuyuki Matubayasi
                            2010-2019 Shun Sakuraba
 ERmod comes with ABSOLUTELY NO WARRANTY.
 This is free software, and you can redistribute it
 and/or modify it under certain conditions.
 See LICENSE file for details.
 
  Number of the   1-th solvent  =          180
  Number of the   2-th solvent  =          180
  Number of the   3-th solvent  =        10000
 
  Be sure that the solvent distribution is homogeneous (radial distribution function is essentially unity) when the solvent molecule is separated beyond distance of   10.0 Angstrom in any direction from any atom within the solute molecule
 
  LJ long-range correction    =        -0.0020     -0.0310     -0.6217
 
  Self-energy of the solute   =        -0.0001  kcal/mol
 
 
 cumulative average & 95% error for solvation energy
              total             1st component         2nd component         3rd component
  1   -28.4033                0.2006               -1.8031              -26.8007
  2   -28.3377     0.1310     0.1105     0.1803    -1.1653     1.2757   -27.2828     0.9644
  3   -28.3322     0.0765     0.0574     0.1487    -1.1665     0.7365   -27.2230     0.5695
  4   -28.3843     0.1174     0.0929     0.1270    -1.3485     0.6354   -27.1286     0.4447
  5   -28.3708     0.0948     0.1530     0.1553    -1.4091     0.5069   -27.1147     0.3456
  6   -28.4012     0.0984    -0.1676     0.6537    -1.4143     0.4140   -26.8192     0.6549
  7   -28.3842     0.0899    -0.3324     0.6434    -1.3057     0.4118   -26.7460     0.5726
  8   -28.3827     0.0779    -0.4537     0.6076    -1.3259     0.3589   -26.6030     0.5724
  9   -28.3815     0.0687    -0.4334     0.5374    -1.3074     0.3187   -26.6407     0.5104
 10   -28.3663     0.0686    -0.3371     0.5178    -1.2922     0.2867   -26.7369     0.4954
 
 
 group  inft  solvation free energy     error          difference
  total solvation free energy
   1      0         -3.62176           0.06480           0.01154
   1     60         -3.64491           0.06483          -0.01161
   1     80         -3.85119           0.06498          -0.21790
   1    100         -4.62664           0.06546          -0.99335
   2      0         -3.62961           0.06270           0.00369
   3      0         -3.63329           0.06153           0.00000
   4      0         -3.63176           0.06070           0.00153
   5      0         -3.63123           0.05903           0.00207
   5     60         -3.66281           0.05905          -0.02951
   5     80         -3.92217           0.05913          -0.28887
   5    100         -4.63817           0.05924          -1.00488
 
  contribution from  1-th solvent component
   1      0          0.09880           0.25707           0.01110
   1     60          0.09963           0.25710           0.01193
   1     80          0.10551           0.25734           0.01781
   1    100          0.12270           0.25822           0.03499
   2      0          0.09075           0.26078           0.00305
   3      0          0.08771           0.26202           0.00000
   4      0          0.08580           0.26188          -0.00191
   5      0          0.08472           0.26329          -0.00298
   5     60          0.08577           0.26332          -0.00193
   5     80          0.09268           0.26365           0.00497
   5    100          0.10759           0.26461           0.01988
 
  contribution from  2-th solvent component
   1      0         -0.72346           0.16424          -0.00190
   1     60         -0.72385           0.16426          -0.00229
   1     80         -0.72729           0.16449          -0.00573
   1    100         -0.74088           0.16526          -0.01932
   2      0         -0.72107           0.16205           0.00049
   3      0         -0.72156           0.16139           0.00000
   4      0         -0.72025           0.16085           0.00131
   5      0         -0.71955           0.16072           0.00201
   5     60         -0.72010           0.16075           0.00146
   5     80         -0.72467           0.16099          -0.00311
   5    100         -0.73764           0.16159          -0.01608
 
  contribution from  3-th solvent component
   1      0         -2.99702           0.27164           0.00234
   1     60         -3.02061           0.27165          -0.02126
   1     80         -3.22934           0.27178          -0.22998
   1    100         -4.00838           0.27295          -1.00902
   2      0         -2.99921           0.27159           0.00015
   3      0         -2.99936           0.27205           0.00000
   4      0         -2.99723           0.27043           0.00213
   5      0         -2.99632           0.27238           0.00304
   5     60         -3.02840           0.27240          -0.02904
   5     80         -3.29009           0.27258          -0.29073
   5    100         -4.00804           0.27372          -1.00868
 
 
 group  inft   Estimated free energy: total (kcal/mol)
   1      0      -3.6653      -3.5996      -3.5646      -3.7558      -3.6420
                 -3.6899      -3.4446      -3.5568      -3.7693      -3.5297
   1     60      -3.6885      -3.6228      -3.5878      -3.7790      -3.6651
                 -3.7132      -3.4677      -3.5800      -3.7924      -3.5528
   1     80      -3.8949      -3.8293      -3.7941      -3.9856      -3.8707
                 -3.9204      -3.6734      -3.7867      -3.9986      -3.7582
   1    100      -4.6718      -4.6070      -4.5713      -4.7624      -4.6446
                 -4.6963      -4.4451      -4.5632      -4.7728      -4.5319
   2      0      -3.6607      -3.6084      -3.5633      -3.7423      -3.6631
                 -3.6948      -3.4597      -3.5798      -3.7868      -3.5373
   3      0      -3.6547      -3.6221      -3.5643      -3.7380      -3.6737
                 -3.6981      -3.4631      -3.5874      -3.7879      -3.5435
   4      0      -3.6548      -3.6105      -3.5515      -3.7251      -3.6835
                 -3.6968      -3.4733      -3.5852      -3.7907      -3.5462
   5      0      -3.6522      -3.6153      -3.5477      -3.7124      -3.6818
                 -3.6915      -3.4796      -3.5914      -3.7933      -3.5469
   5     60      -3.6838      -3.6470      -3.5793      -3.7441      -3.7133
                 -3.7233      -3.5111      -3.6230      -3.8248      -3.5783
   5     80      -3.9432      -3.9070      -3.8388      -4.0037      -3.9719
                 -3.9836      -3.7699      -3.8831      -4.0838      -3.8367
   5    100      -4.6602      -4.6257      -4.5563      -4.7204      -4.6867
                 -4.6998      -4.4831      -4.6004      -4.7982      -4.5509
 
 group  inft   Estimated free energy: 1-th solvent contribution (kcal/mol)
   1      0       0.3865       0.3059       0.3394       0.3832       0.3828
                 -0.6018      -0.4552      -0.3037       0.0310       0.5200
   1     60       0.3873       0.3067       0.3402       0.3840       0.3838
                 -0.6011      -0.4544      -0.3030       0.0320       0.5209
   1     80       0.3928       0.3123       0.3461       0.3898       0.3908
                 -0.5960      -0.4488      -0.2979       0.0385       0.5275
   1    100       0.4091       0.3291       0.3639       0.4070       0.4109
                 -0.5814      -0.4328      -0.2832       0.0572       0.5471
   2      0       0.3898       0.3058       0.3432       0.3902       0.3608
                 -0.6154      -0.4715      -0.3218       0.0145       0.5119
   3      0       0.3951       0.3032       0.3435       0.3903       0.3526
                 -0.6213      -0.4781      -0.3281       0.0133       0.5066
   4      0       0.3896       0.2980       0.3502       0.4013       0.3390
                 -0.6170      -0.4862      -0.3272       0.0070       0.5032
   5      0       0.3941       0.3012       0.3508       0.4020       0.3382
                 -0.6170      -0.4936      -0.3344       0.0057       0.5002
   5     60       0.3951       0.3022       0.3518       0.4030       0.3395
                 -0.6161      -0.4926      -0.3335       0.0069       0.5014
   5     80       0.4018       0.3087       0.3588       0.4098       0.3477
                 -0.6102      -0.4861      -0.3277       0.0148       0.5093
   5    100       0.4163       0.3230       0.3745       0.4251       0.3652
                 -0.5981      -0.4728      -0.3156       0.0315       0.5268
 
 group  inft   Estimated free energy: 2-th solvent contribution (kcal/mol)
   1      0      -0.9996      -0.3845      -0.6564      -1.0720      -0.8489
                 -0.8766      -0.2625      -0.8651      -0.6675      -0.6016
   1     60      -1.0000      -0.3848      -0.6568      -1.0725      -0.8492
                 -0.8770      -0.2628      -0.8655      -0.6679      -0.6020
   1     80      -1.0037      -0.3880      -0.6602      -1.0764      -0.8527
                 -0.8809      -0.2653      -0.8690      -0.6716      -0.6052
   1    100      -1.0182      -0.4007      -0.6740      -1.0912      -0.8662
                 -0.8958      -0.2755      -0.8833      -0.6859      -0.6179
   2      0      -0.9949      -0.3927      -0.6563      -1.0628      -0.8447
                 -0.8659      -0.2612      -0.8671      -0.6656      -0.5994
   3      0      -0.9932      -0.3997      -0.6575      -1.0573      -0.8487
                 -0.8649      -0.2569      -0.8692      -0.6674      -0.6009
   4      0      -0.9882      -0.3945      -0.6559      -1.0568      -0.8439
                 -0.8679      -0.2599      -0.8661      -0.6650      -0.6043
   5      0      -0.9888      -0.3956      -0.6531      -1.0514      -0.8418
                 -0.8672      -0.2590      -0.8722      -0.6663      -0.6000
   5     60      -0.9893      -0.3962      -0.6536      -1.0520      -0.8424
                 -0.8678      -0.2595      -0.8728      -0.6669      -0.6005
   5     80      -0.9942      -0.4005      -0.6583      -1.0570      -0.8470
                 -0.8727      -0.2629      -0.8775      -0.6718      -0.6049
   5    100      -1.0077      -0.4130      -0.6715      -1.0708      -0.8600
                 -0.8865      -0.2729      -0.8911      -0.6855      -0.6173
 
 group  inft   Estimated free energy: 3-th solvent contribution (kcal/mol)
   1      0      -3.0521      -3.5209      -3.2476      -3.0669      -3.1759
                 -2.2114      -2.7268      -2.3879      -3.1327      -3.4480
   1     60      -3.0756      -3.5445      -3.2711      -3.0904      -3.1996
                 -2.2350      -2.7505      -2.4114      -3.1564      -3.4716
   1     80      -3.2839      -3.7536      -3.4799      -3.2989      -3.4088
                 -2.4434      -2.9593      -2.6198      -3.3653      -3.6805
   1    100      -4.0627      -4.5353      -4.2610      -4.0781      -4.1893
                 -3.2190      -3.7368      -3.3967      -4.1440      -4.4610
   2      0      -3.0555      -3.5214      -3.2501      -3.0696      -3.1791
                 -2.2133      -2.7270      -2.3908      -3.1357      -3.4498
   3      0      -3.0566      -3.5255      -3.2502      -3.0709      -3.1776
                 -2.2119      -2.7280      -2.3901      -3.1338      -3.4491
   4      0      -3.0561      -3.5140      -3.2456      -3.0695      -3.1786
                 -2.2118      -2.7272      -2.3918      -3.1327      -3.4450
   5      0      -3.0575      -3.5208      -3.2454      -3.0630      -3.1781
                 -2.2072      -2.7269      -2.3847      -3.1326      -3.4470
   5     60      -3.0895      -3.5529      -3.2774      -3.0950      -3.2103
                 -2.2393      -2.7590      -2.4166      -3.1648      -3.4791
   5     80      -3.3507      -3.8151      -3.5392      -3.3564      -3.4725
                 -2.5006      -3.0208      -2.6779      -3.4267      -3.7410
   5    100      -4.0686      -4.5356      -4.2592      -4.0746      -4.1918
                 -3.2151      -3.7373      -3.3936      -4.1441      -4.4603
 
 
 cumulative average & 95% error for solvation free energy
              total             1st component         2nd component         3rd component
  1    -3.6547                0.3951               -0.9932               -3.0566
  2    -3.6384     0.0326     0.3491     0.0919    -0.6964     0.5935    -3.2910     0.4690
  3    -3.6137     0.0529     0.3473     0.0532    -0.6835     0.3436    -3.2774     0.2721
  4    -3.6448     0.0725     0.3580     0.0433    -0.7769     0.3066    -3.2258     0.2184
  5    -3.6506     0.0574     0.3569     0.0336    -0.7913     0.2392    -3.2162     0.1702
  6    -3.6585     0.0494     0.1939     0.3272    -0.8035     0.1968    -3.0488     0.3625
  7    -3.6306     0.0697     0.0979     0.3367    -0.7255     0.2282    -3.0030     0.3198
  8    -3.6252     0.0613     0.0446     0.3104    -0.7434     0.2008    -2.9263     0.3165
  9    -3.6433     0.0651     0.0412     0.2738    -0.7350     0.1779    -2.9494     0.2829
 10    -3.6333     0.0615     0.0877     0.2620    -0.7216     0.1614    -2.9994     0.2720
