 ERmod 0.3.7, Copyright (C) 2000-2019 Nobuyuki Matubayasi
                            2010-2019 Shun Sakuraba
 ERmod comes with ABSOLUTELY NO WARRANTY.
 This is free software, and you can redistribute it
 and/or modify it under certain conditions.
 See LICENSE file for details.
 ERmod 0.3.7, Copyright (C) 2000-2019 Nobuyuki Matubayasi
                            2010-2019 Shun Sakuraba
 ERmod comes with ABSOLUTELY NO WARRANTY.
 This is free software, and you can redistribute it
 and/or modify it under certain conditions.
 See LICENSE file for details.
 
  Number of the   1-th solvent  =           90
  Number of the   2-th solvent  =           90
  Number of the   3-th solvent  =        10000
 
  Be sure that the solvent distribution is homogeneous (radial distribution function is essentially unity) when the solvent molecule is separated beyond distance of   10.0 Angstrom in any direction from any atom within the solute molecule
 
  LJ long-range correction    =        -0.0052     -0.0292     -0.5526
 
  Self-energy of the solute   =         0.0000  kcal/mol
 
 
 cumulative average & 95% error for solvation energy
              total             1st component         2nd component         3rd component
  1   -13.8134                0.1282               -0.5382              -13.4034
  2   -13.8812     0.1357     0.1262     0.0041    -0.7037     0.3310   -13.3037     0.1994
  3   -13.8496     0.1007     0.1436     0.0349    -0.6852     0.1947   -13.3081     0.1154
  4   -13.8255     0.0860     0.1460     0.0252    -0.6401     0.1645   -13.3315     0.0941
  5   -13.8055     0.0777     0.1480     0.0199    -0.6073     0.1433   -13.3462     0.0786
  6   -13.7975     0.0654     0.1500     0.0167    -0.5915     0.1213   -13.3561     0.0672
  7   -13.8012     0.0558     0.1485     0.0145    -0.6043     0.1057   -13.3454     0.0606
  8   -13.8166     0.0573     0.1495     0.0127    -0.6391     0.1149   -13.3271     0.0641
  9   -13.8203     0.0510     0.1519     0.0122    -0.6414     0.1015   -13.3308     0.0570
 10   -13.8331     0.0524     0.1490     0.0124    -0.6785     0.1171   -13.3037     0.0744
 
 
 group  inft  solvation free energy     error          difference
  total solvation free energy
   1      0          3.33026           0.03458           0.01284
   1     60          3.31305           0.03466          -0.00437
   1     80          3.17039           0.03532          -0.14703
   1    100          2.62819           0.03756          -0.68923
   2      0          3.31702           0.03535          -0.00041
   3      0          3.31742           0.03583           0.00000
   4      0          3.29261           0.03568          -0.02481
   5      0          3.34784           0.03477           0.03042
   5     60          3.32417           0.03487           0.00674
   5     80          3.14269           0.03563          -0.17473
   5    100          2.63573           0.03752          -0.68169
 
  contribution from  1-th solvent component
   1      0          0.25384           0.01194           0.00261
   1     60          0.25394           0.01201           0.00272
   1     80          0.25453           0.01258           0.00331
   1    100          0.25483           0.01465           0.00361
   2      0          0.25180           0.01162           0.00058
   3      0          0.25122           0.01149          -0.00000
   4      0          0.25060           0.01133          -0.00062
   5      0          0.25023           0.01129          -0.00099
   5     60          0.25034           0.01137          -0.00088
   5     80          0.25078           0.01207          -0.00044
   5    100          0.25046           0.01392          -0.00076
 
  contribution from  2-th solvent component
   1      0         -0.33932           0.05545           0.00193
   1     60         -0.33937           0.05549           0.00187
   1     80         -0.33995           0.05585           0.00130
   1    100         -0.34251           0.05707          -0.00127
   2      0         -0.34073           0.05517           0.00052
   3      0         -0.34125           0.05516           0.00000
   4      0         -0.34208           0.05489          -0.00084
   5      0         -0.34276           0.05468          -0.00151
   5     60         -0.34285           0.05474          -0.00160
   5     80         -0.34371           0.05516          -0.00246
   5    100         -0.34633           0.05624          -0.00508
 
  contribution from  3-th solvent component
   1      0          3.41569           0.03126           0.00829
   1     60          3.39844           0.03127          -0.00896
   1     80          3.25576           0.03140          -0.15164
   1    100          2.71583           0.03190          -0.69157
   2      0          3.40590           0.03025          -0.00150
   3      0          3.40740           0.02975           0.00000
   4      0          3.38405           0.02990          -0.02335
   5      0          3.44031           0.02963           0.03291
   5     60          3.41663           0.02965           0.00923
   5     80          3.23557           0.02979          -0.17183
   5    100          2.73155           0.03022          -0.67585
 
 
 group  inft   Estimated free energy: total (kcal/mol)
   1      0       3.3355       3.2549       3.3509       3.3566       3.4412
                  3.3779       3.3100       3.2729       3.3091       3.2936
   1     60       3.3182       3.2375       3.3338       3.3394       3.4243
                  3.3609       3.2926       3.2556       3.2919       3.2763
   1     80       3.1747       3.0934       3.1924       3.1966       3.2839
                  3.2195       3.1485       3.1126       3.1494       3.1329
   1    100       2.6293       2.5455       2.6550       2.6539       2.7487
                  2.6817       2.6021       2.5694       2.6079       2.5884
   2      0       3.3177       3.2443       3.3409       3.3418       3.4298
                  3.3686       3.3002       3.2562       3.2964       3.2741
   3      0       3.3200       3.2462       3.3408       3.3405       3.4314
                  3.3720       3.3007       3.2550       3.2961       3.2715
   4      0       3.2921       3.2219       3.3175       3.3164       3.4058
                  3.3471       3.2759       3.2300       3.2718       3.2475
   5      0       3.3554       3.2746       3.3684       3.3766       3.4575
                  3.3957       3.3311       3.2886       3.3272       3.3032
   5     60       3.3316       3.2507       3.3449       3.3529       3.4342
                  3.3723       3.3072       3.2649       3.3035       3.2794
   5     80       3.1492       3.0674       3.1650       3.1712       3.2553
                  3.1923       3.1242       3.0830       3.1224       3.0970
   5    100       2.6394       2.5554       2.6624       2.6635       2.7542
                  2.6894       2.6137       2.5751       2.6162       2.5880
 
 group  inft   Estimated free energy: 1-th solvent contribution (kcal/mol)
   1      0       0.2338       0.2367       0.2907       0.2504       0.2455
                  0.2543       0.2435       0.2660       0.2784       0.2391
   1     60       0.2339       0.2367       0.2910       0.2505       0.2456
                  0.2544       0.2435       0.2661       0.2786       0.2391
   1     80       0.2335       0.2364       0.2933       0.2509       0.2462
                  0.2554       0.2433       0.2671       0.2804       0.2388
   1    100       0.2305       0.2335       0.2999       0.2504       0.2463
                  0.2567       0.2406       0.2688       0.2850       0.2363
   2      0       0.2327       0.2348       0.2872       0.2489       0.2429
                  0.2530       0.2417       0.2630       0.2764       0.2374
   3      0       0.2324       0.2342       0.2860       0.2480       0.2425
                  0.2531       0.2411       0.2622       0.2757       0.2369
   4      0       0.2319       0.2337       0.2851       0.2478       0.2422
                  0.2527       0.2408       0.2616       0.2741       0.2361
   5      0       0.2319       0.2339       0.2846       0.2476       0.2416
                  0.2521       0.2398       0.2610       0.2740       0.2357
   5     60       0.2319       0.2339       0.2850       0.2477       0.2417
                  0.2523       0.2398       0.2612       0.2743       0.2357
   5     80       0.2313       0.2332       0.2875       0.2479       0.2420
                  0.2531       0.2393       0.2621       0.2762       0.2352
   5    100       0.2281       0.2301       0.2929       0.2469       0.2413
                  0.2538       0.2364       0.2629       0.2798       0.2324
 
 group  inft   Estimated free energy: 2-th solvent contribution (kcal/mol)
   1      0      -0.2816      -0.4262      -0.3358      -0.2646      -0.2086
                 -0.2621      -0.3530      -0.4377      -0.3434      -0.4799
   1     60      -0.2817      -0.4263      -0.3359      -0.2646      -0.2085
                 -0.2621      -0.3531      -0.4379      -0.3435      -0.4801
   1     80      -0.2823      -0.4274      -0.3367      -0.2649      -0.2076
                 -0.2618      -0.3541      -0.4390      -0.3445      -0.4811
   1    100      -0.2849      -0.4316      -0.3399      -0.2664      -0.2056
                 -0.2612      -0.3581      -0.4434      -0.3486      -0.4855
   2      0      -0.2830      -0.4276      -0.3366      -0.2667      -0.2121
                 -0.2632      -0.3539      -0.4386      -0.3442      -0.4813
   3      0      -0.2837      -0.4284      -0.3371      -0.2669      -0.2129
                 -0.2637      -0.3541      -0.4391      -0.3447      -0.4819
   4      0      -0.2843      -0.4292      -0.3375      -0.2679      -0.2156
                 -0.2649      -0.3545      -0.4400      -0.3449      -0.4822
   5      0      -0.2840      -0.4297      -0.3377      -0.2687      -0.2177
                 -0.2665      -0.3547      -0.4402      -0.3454      -0.4829
   5     60      -0.2841      -0.4299      -0.3378      -0.2687      -0.2176
                 -0.2665      -0.3548      -0.4404      -0.3456      -0.4831
   5     80      -0.2850      -0.4314      -0.3389      -0.2693      -0.2167
                 -0.2664      -0.3562      -0.4419      -0.3470      -0.4845
   5    100      -0.2876      -0.4355      -0.3421      -0.2710      -0.2151
                 -0.2662      -0.3600      -0.4461      -0.3509      -0.4887
 
 group  inft   Estimated free energy: 3-th solvent contribution (kcal/mol)
   1      0       3.3833       3.4444       3.3960       3.3707       3.4042
                  3.3857       3.4195       3.4446       3.3741       3.5344
   1     60       3.3660       3.4271       3.3787       3.3534       3.3871
                  3.3685       3.4022       3.4273       3.3568       3.5172
   1     80       3.2234       3.2844       3.2358       3.2106       3.2452
                  3.2259       3.2593       3.2844       3.2135       3.3751
   1    100       2.6837       2.7435       2.6949       2.6699       2.7080
                  2.6861       2.7195       2.7439       2.6714       2.8376
   2      0       3.3680       3.4371       3.3902       3.3596       3.3990
                  3.3788       3.4124       3.4317       3.3642       3.5179
   3      0       3.3712       3.4404       3.3918       3.3593       3.4018
                  3.3825       3.4137       3.4318       3.3651       3.5164
   4      0       3.3445       3.4173       3.3698       3.3365       3.3792
                  3.3593       3.3896       3.4083       3.3425       3.4936
   5      0       3.4074       3.4704       3.4214       3.3976       3.4336
                  3.4101       3.4459       3.4678       3.3986       3.5503
   5     60       3.3838       3.4467       3.3977       3.3739       3.4100
                  3.3864       3.4222       3.4441       3.3748       3.5267
   5     80       3.2028       3.2655       3.2164       3.1925       3.2299
                  3.2055       3.2410       3.2628       3.1931       3.3463
   5    100       2.6989       2.7607       2.7116       2.6876       2.7279
                  2.7017       2.7374       2.7582       2.6872       2.8442
 
 
 cumulative average & 95% error for solvation free energy
              total             1st component         2nd component         3rd component
  1     3.3200                0.2324               -0.2837                3.3712
  2     3.2831     0.0737     0.2333     0.0018    -0.3560     0.1447     3.4058     0.0692
  3     3.3023     0.0574     0.2509     0.0351    -0.3497     0.0845     3.4011     0.0410
  4     3.3119     0.0449     0.2502     0.0249    -0.3290     0.0727     3.3907     0.0357
  5     3.3358     0.0591     0.2486     0.0195    -0.3058     0.0730     3.3929     0.0280
  6     3.3418     0.0497     0.2494     0.0160    -0.2988     0.0612     3.3912     0.0232
  7     3.3360     0.0437     0.2482     0.0137    -0.3067     0.0541     3.3944     0.0206
  8     3.3258     0.0429     0.2500     0.0124    -0.3232     0.0574     3.3991     0.0201
  9     3.3225     0.0384     0.2528     0.0123    -0.3256     0.0508     3.3953     0.0193
 10     3.3174     0.0358     0.2512     0.0115    -0.3412     0.0552     3.4074     0.0298
