 ERmod 0.3.7, Copyright (C) 2000-2019 Nobuyuki Matubayasi
                            2010-2019 Shun Sakuraba
 ERmod comes with ABSOLUTELY NO WARRANTY.
 This is free software, and you can redistribute it
 and/or modify it under certain conditions.
 See LICENSE file for details.
 ERmod 0.3.7, Copyright (C) 2000-2019 Nobuyuki Matubayasi
                            2010-2019 Shun Sakuraba
 ERmod comes with ABSOLUTELY NO WARRANTY.
 This is free software, and you can redistribute it
 and/or modify it under certain conditions.
 See LICENSE file for details.
 
  Number of the   1-th solvent  =           90
  Number of the   2-th solvent  =           90
  Number of the   3-th solvent  =        10000
 
  Be sure that the solvent distribution is homogeneous (radial distribution function is essentially unity) when the solvent molecule is separated beyond distance of   10.0 Angstrom in any direction from any atom within the solute molecule
 
  LJ long-range correction    =        -0.0004     -0.0017     -0.2464
 
  Self-energy of the solute   =         0.0000  kcal/mol
 
 
 cumulative average & 95% error for solvation energy
              total             1st component         2nd component         3rd component
  1    -6.7310                0.0644               -0.0862               -6.7092
  2    -6.7215     0.0190     0.0656     0.0023    -0.0863     0.0001    -6.7008     0.0168
  3    -6.7176     0.0135     0.0655     0.0014    -0.0851     0.0023    -6.6980     0.0112
  4    -6.7238     0.0156     0.0650     0.0013    -0.0858     0.0022    -6.7030     0.0127
  5    -6.7315     0.0196     0.0631     0.0039    -0.0869     0.0028    -6.7077     0.0136
  6    -6.7348     0.0173     0.0633     0.0032    -0.0877     0.0028    -6.7104     0.0124
  7    -6.7352     0.0147     0.0632     0.0027    -0.0881     0.0025    -6.7103     0.0105
  8    -6.7355     0.0127     0.0629     0.0024    -0.0884     0.0022    -6.7099     0.0091
  9    -6.7382     0.0124     0.0629     0.0022    -0.0882     0.0020    -6.7129     0.0100
 10    -6.7363     0.0117     0.0635     0.0022    -0.0874     0.0024    -6.7124     0.0090
 
 
 group  inft  solvation free energy     error          difference
  total solvation free energy
   1      0          2.79936           0.01540          -0.00536
   1     60          2.78636           0.01545          -0.01836
   1     80          2.69040           0.01589          -0.11431
   1    100          2.37364           0.01739          -0.43107
   2      0          2.79634           0.01487          -0.00837
   3      0          2.80471           0.01474           0.00000
   4      0          2.81302           0.01417           0.00830
   5      0          2.86786           0.01373           0.06315
   5     60          2.85036           0.01380           0.04565
   5     80          2.73232           0.01433          -0.07239
   5    100          2.43883           0.01573          -0.36588
 
  contribution from  1-th solvent component
   1      0          0.06384           0.00641           0.00262
   1     60          0.06406           0.00641           0.00284
   1     80          0.06559           0.00647           0.00438
   1    100          0.06939           0.00672           0.00817
   2      0          0.06184           0.00596           0.00062
   3      0          0.06122           0.00566           0.00000
   4      0          0.06033           0.00530          -0.00089
   5      0          0.06110           0.00543          -0.00012
   5     60          0.06138           0.00543           0.00016
   5     80          0.06307           0.00551           0.00185
   5    100          0.06623           0.00579           0.00501
 
  contribution from  2-th solvent component
   1      0         -0.05164           0.00477           0.00247
   1     60         -0.05141           0.00479           0.00269
   1     80         -0.05043           0.00495           0.00367
   1    100         -0.04865           0.00561           0.00545
   2      0         -0.05342           0.00444           0.00069
   3      0         -0.05410           0.00440           0.00000
   4      0         -0.05433           0.00456          -0.00022
   5      0         -0.05539           0.00422          -0.00129
   5     60         -0.05511           0.00424          -0.00100
   5     80         -0.05398           0.00445           0.00012
   5    100         -0.05247           0.00508           0.00163
 
  contribution from  3-th solvent component
   1      0          2.78714           0.01096          -0.01045
   1     60          2.77370           0.01099          -0.02388
   1     80          2.67523           0.01128          -0.12236
   1    100          2.35289           0.01230          -0.44469
   2      0          2.78791           0.01050          -0.00968
   3      0          2.79759           0.01052           0.00000
   4      0          2.80700           0.00988           0.00942
   5      0          2.86214           0.01010           0.06455
   5     60          2.84408           0.01014           0.04649
   5     80          2.72322           0.01048          -0.07437
   5    100          2.42506           0.01137          -0.37253
 
 
 group  inft   Estimated free energy: total (kcal/mol)
   1      0       2.8024       2.8085       2.8234       2.7786       2.7711
                  2.7939       2.8099       2.8046       2.7601       2.8409
   1     60       2.7894       2.7955       2.8105       2.7656       2.7580
                  2.7809       2.7969       2.7917       2.7470       2.8280
   1     80       2.6936       2.6997       2.7154       2.6691       2.6610
                  2.6848       2.7012       2.6958       2.6501       2.7333
   1    100       2.3778       2.3840       2.4021       2.3505       2.3407
                  2.3670       2.3851       2.3794       2.3299       2.4198
   2      0       2.7982       2.8063       2.8162       2.7765       2.7706
                  2.7912       2.8066       2.8025       2.7573       2.8379
   3      0       2.8087       2.8132       2.8249       2.7832       2.7796
                  2.8010       2.8145       2.8114       2.7656       2.8449
   4      0       2.8150       2.8216       2.8326       2.7940       2.7885
                  2.8091       2.8231       2.8184       2.7756       2.8523
   5      0       2.8703       2.8751       2.8888       2.8493       2.8441
                  2.8660       2.8779       2.8763       2.8289       2.9018
   5     60       2.8528       2.8576       2.8714       2.8317       2.8265
                  2.8485       2.8604       2.8589       2.8113       2.8844
   5     80       2.7350       2.7399       2.7544       2.7130       2.7072
                  2.7302       2.7425       2.7409       2.6922       2.7679
   5    100       2.4423       2.4475       2.4643       2.4177       2.4106
                  2.4356       2.4494       2.4477       2.3955       2.4777
 
 group  inft   Estimated free energy: 1-th solvent contribution (kcal/mol)
   1      0       0.0610       0.0743       0.0620       0.0605       0.0520
                  0.0694       0.0575       0.0572       0.0582       0.0863
   1     60       0.0612       0.0746       0.0622       0.0607       0.0522
                  0.0695       0.0577       0.0575       0.0584       0.0865
   1     80       0.0627       0.0762       0.0637       0.0623       0.0537
                  0.0711       0.0592       0.0589       0.0600       0.0883
   1    100       0.0663       0.0807       0.0675       0.0661       0.0567
                  0.0751       0.0626       0.0623       0.0638       0.0927
   2      0       0.0598       0.0719       0.0587       0.0584       0.0513
                  0.0679       0.0558       0.0558       0.0564       0.0824
   3      0       0.0598       0.0710       0.0587       0.0585       0.0509
                  0.0678       0.0550       0.0555       0.0551       0.0799
   4      0       0.0586       0.0697       0.0585       0.0574       0.0504
                  0.0667       0.0546       0.0550       0.0547       0.0776
   5      0       0.0594       0.0707       0.0584       0.0583       0.0513
                  0.0675       0.0551       0.0558       0.0554       0.0790
   5     60       0.0597       0.0710       0.0587       0.0586       0.0516
                  0.0677       0.0554       0.0561       0.0557       0.0793
   5     80       0.0613       0.0728       0.0604       0.0602       0.0531
                  0.0694       0.0570       0.0577       0.0574       0.0813
   5    100       0.0643       0.0767       0.0635       0.0634       0.0555
                  0.0729       0.0598       0.0605       0.0606       0.0852
 
 group  inft   Estimated free energy: 2-th solvent contribution (kcal/mol)
   1      0      -0.0503      -0.0601      -0.0401      -0.0519      -0.0516
                 -0.0650      -0.0542      -0.0525      -0.0500      -0.0408
   1     60      -0.0501      -0.0598      -0.0398      -0.0517      -0.0514
                 -0.0648      -0.0540      -0.0523      -0.0498      -0.0405
   1     80      -0.0489      -0.0589      -0.0383      -0.0507      -0.0508
                 -0.0642      -0.0532      -0.0514      -0.0489      -0.0390
   1    100      -0.0465      -0.0574      -0.0345      -0.0492      -0.0501
                 -0.0640      -0.0521      -0.0499      -0.0475      -0.0354
   2      0      -0.0521      -0.0609      -0.0438      -0.0542      -0.0526
                 -0.0662      -0.0554      -0.0538      -0.0531      -0.0422
   3      0      -0.0524      -0.0617      -0.0443      -0.0550      -0.0528
                 -0.0671      -0.0555      -0.0545      -0.0539      -0.0438
   4      0      -0.0527      -0.0618      -0.0432      -0.0555      -0.0535
                 -0.0673      -0.0556      -0.0555      -0.0544      -0.0438
   5      0      -0.0544      -0.0636      -0.0443      -0.0558      -0.0541
                 -0.0665      -0.0566      -0.0563      -0.0560      -0.0464
   5     60      -0.0541      -0.0633      -0.0439      -0.0555      -0.0539
                 -0.0662      -0.0563      -0.0560      -0.0558      -0.0461
   5     80      -0.0527      -0.0623      -0.0420      -0.0545      -0.0532
                 -0.0656      -0.0554      -0.0550      -0.0548      -0.0443
   5    100      -0.0506      -0.0611      -0.0385      -0.0532      -0.0526
                 -0.0655      -0.0546      -0.0538      -0.0537      -0.0410
 
 group  inft   Estimated free energy: 3-th solvent contribution (kcal/mol)
   1      0       2.7917       2.7942       2.8016       2.7700       2.7707
                  2.7896       2.8066       2.7998       2.7518       2.7954
   1     60       2.7782       2.7808       2.7882       2.7565       2.7572
                  2.7762       2.7932       2.7864       2.7383       2.7820
   1     80       2.6799       2.6824       2.6900       2.6575       2.6581
                  2.6779       2.6952       2.6882       2.6390       2.6840
   1    100       2.3580       2.3608       2.3692       2.3336       2.3341
                  2.3559       2.3746       2.3670       2.3135       2.3625
   2      0       2.7904       2.7952       2.8013       2.7723       2.7719
                  2.7895       2.8062       2.8005       2.7540       2.7977
   3      0       2.8014       2.8038       2.8104       2.7797       2.7816
                  2.8002       2.8150       2.8103       2.7645       2.8088
   4      0       2.8091       2.8137       2.8173       2.7921       2.7915
                  2.8096       2.8241       2.8188       2.7753       2.8185
   5      0       2.8652       2.8680       2.8746       2.8468       2.8469
                  2.8651       2.8793       2.8768       2.8295       2.8692
   5     60       2.8472       2.8500       2.8565       2.8287       2.8288
                  2.8470       2.8613       2.8588       2.8113       2.8512
   5     80       2.7264       2.7293       2.7361       2.7072       2.7073
                  2.7264       2.7410       2.7382       2.6895       2.7309
   5    100       2.4286       2.4319       2.4393       2.4075       2.4077
                  2.4282       2.4442       2.4411       2.3886       2.4336
 
 
 cumulative average & 95% error for solvation free energy
              total             1st component         2nd component         3rd component
  1     2.8087                0.0598               -0.0524                2.8014
  2     2.8110     0.0044     0.0654     0.0113    -0.0571     0.0092     2.8026     0.0024
  3     2.8156     0.0096     0.0631     0.0079    -0.0528     0.0101     2.8052     0.0054
  4     2.8075     0.0175     0.0620     0.0060    -0.0534     0.0072     2.7989     0.0133
  5     2.8019     0.0176     0.0598     0.0065    -0.0533     0.0056     2.7954     0.0124
  6     2.8018     0.0144     0.0611     0.0059    -0.0556     0.0065     2.7962     0.0103
  7     2.8036     0.0127     0.0602     0.0053    -0.0555     0.0055     2.7989     0.0102
  8     2.8046     0.0111     0.0596     0.0047    -0.0554     0.0047     2.8003     0.0093
  9     2.8002     0.0131     0.0591     0.0043    -0.0552     0.0042     2.7963     0.0114
 10     2.8047     0.0147     0.0612     0.0057    -0.0541     0.0044     2.7976     0.0105
