 ERmod 0.3.7, Copyright (C) 2000-2019 Nobuyuki Matubayasi
                            2010-2019 Shun Sakuraba
 ERmod comes with ABSOLUTELY NO WARRANTY.
 This is free software, and you can redistribute it
 and/or modify it under certain conditions.
 See LICENSE file for details.
 ERmod 0.3.7, Copyright (C) 2000-2019 Nobuyuki Matubayasi
                            2010-2019 Shun Sakuraba
 ERmod comes with ABSOLUTELY NO WARRANTY.
 This is free software, and you can redistribute it
 and/or modify it under certain conditions.
 See LICENSE file for details.
 
  Number of the   1-th solvent  =          180
  Number of the   2-th solvent  =          180
  Number of the   3-th solvent  =        10000
 
  Be sure that the solvent distribution is homogeneous (radial distribution function is essentially unity) when the solvent molecule is separated beyond distance of   10.0 Angstrom in any direction from any atom within the solute molecule
 
  LJ long-range correction    =        -0.0035     -0.0246     -0.2327
 
  Self-energy of the solute   =         0.0000  kcal/mol
 
 
 cumulative average & 95% error for solvation energy
              total             1st component         2nd component         3rd component
  1    -6.9733                0.0746               -0.7093               -6.3386
  2    -6.9149     0.1168     0.0786     0.0081    -0.5863     0.2461    -6.4073     0.1374
  3    -6.9034     0.0713     0.0772     0.0055    -0.5599     0.1516    -6.4207     0.0838
  4    -6.8858     0.0614     0.0836     0.0134    -0.5176     0.1365    -6.4518     0.0859
  5    -6.8844     0.0477     0.0850     0.0107    -0.5265     0.1072    -6.4429     0.0689
  6    -6.8858     0.0390     0.0857     0.0089    -0.5282     0.0876    -6.4433     0.0562
  7    -6.8807     0.0345     0.0846     0.0078    -0.5182     0.0766    -6.4471     0.0482
  8    -6.8789     0.0301     0.0848     0.0068    -0.5093     0.0687    -6.4544     0.0442
  9    -6.8782     0.0266     0.0873     0.0078    -0.5094     0.0606    -6.4560     0.0391
 10    -6.8833     0.0259     0.0852     0.0081    -0.5185     0.0571    -6.4500     0.0369
 
 
 group  inft  solvation free energy     error          difference
  total solvation free energy
   1      0          2.57640           0.01991          -0.00508
   1     60          2.55686           0.02005          -0.02461
   1     80          2.43389           0.02092          -0.14758
   1    100          2.06839           0.02349          -0.51309
   2      0          2.57436           0.01955          -0.00711
   3      0          2.58147           0.01956           0.00000
   4      0          2.58988           0.01960           0.00840
   5      0          2.64194           0.02082           0.06047
   5     60          2.61594           0.02098           0.03447
   5     80          2.46645           0.02197          -0.11503
   5    100          2.12842           0.02412          -0.45306
 
  contribution from  1-th solvent component
   1      0          0.19775           0.00866           0.00269
   1     60          0.19788           0.00876           0.00282
   1     80          0.19820           0.00947           0.00314
   1    100          0.19729           0.01154           0.00223
   2      0          0.19577           0.00841           0.00071
   3      0          0.19506           0.00836           0.00000
   4      0          0.19388           0.00823          -0.00118
   5      0          0.19435           0.00827          -0.00071
   5     60          0.19444           0.00841          -0.00061
   5     80          0.19441           0.00924          -0.00064
   5    100          0.19292           0.01108          -0.00214
 
  contribution from  2-th solvent component
   1      0         -0.18925           0.02764           0.00288
   1     60         -0.18958           0.02768           0.00255
   1     80         -0.19167           0.02794           0.00046
   1    100         -0.19745           0.02868          -0.00532
   2      0         -0.19124           0.02766           0.00089
   3      0         -0.19213           0.02777           0.00000
   4      0         -0.19336           0.02743          -0.00123
   5      0         -0.19464           0.02781          -0.00252
   5     60         -0.19510           0.02786          -0.00297
   5     80         -0.19775           0.02815          -0.00562
   5    100         -0.20340           0.02877          -0.01127
 
  contribution from  3-th solvent component
   1      0          2.56789           0.01397          -0.01064
   1     60          2.54854           0.01398          -0.02998
   1     80          2.42735           0.01403          -0.15118
   1    100          2.06854           0.01426          -0.50999
   2      0          2.56982           0.01381          -0.00871
   3      0          2.57853           0.01369           0.00000
   4      0          2.58934           0.01313           0.01081
   5      0          2.64222           0.01251           0.06370
   5     60          2.61659           0.01252           0.03806
   5     80          2.46977           0.01259          -0.10876
   5    100          2.13888           0.01284          -0.43965
 
 
 group  inft   Estimated free energy: total (kcal/mol)
   1      0       2.5240       2.5823       2.5572       2.6284       2.5829
                  2.5637       2.6022       2.5782       2.6054       2.5396
   1     60       2.5043       2.5627       2.5374       2.6094       2.5635
                  2.5441       2.5826       2.5585       2.5862       2.5198
   1     80       2.3803       2.4395       2.4128       2.4896       2.4412
                  2.4207       2.4593       2.4349       2.4657       2.3950
   1    100       2.0117       2.0729       2.0426       2.1331       2.0781
                  2.0540       2.0927       2.0673       2.1072       2.0244
   2      0       2.5221       2.5810       2.5565       2.6268       2.5814
                  2.5629       2.5991       2.5766       2.5993       2.5379
   3      0       2.5303       2.5876       2.5639       2.6356       2.5856
                  2.5705       2.6062       2.5833       2.6067       2.5450
   4      0       2.5380       2.5964       2.5728       2.6442       2.5926
                  2.5778       2.6139       2.5924       2.6160       2.5546
   5      0       2.5855       2.6488       2.6248       2.6990       2.6461
                  2.6282       2.6671       2.6467       2.6686       2.6046
   5     60       2.5593       2.6227       2.5984       2.6737       2.6202
                  2.6021       2.6410       2.6206       2.6431       2.5783
   5     80       2.4085       2.4728       2.4469       2.5278       2.4716
                  2.4523       2.4910       2.4703       2.4964       2.4268
   5    100       2.0678       2.1336       2.1046       2.1975       2.1359
                  2.1135       2.1520       2.1303       2.1644       2.0847
 
 group  inft   Estimated free energy: 1-th solvent contribution (kcal/mol)
   1      0       0.1943       0.1884       0.1869       0.2144       0.2024
                  0.2005       0.1870       0.1939       0.2265       0.1834
   1     60       0.1943       0.1885       0.1868       0.2148       0.2025
                  0.2006       0.1870       0.1940       0.2269       0.1833
   1     80       0.1943       0.1883       0.1861       0.2170       0.2031
                  0.2011       0.1864       0.1940       0.2293       0.1825
   1    100       0.1923       0.1859       0.1821       0.2215       0.2029
                  0.2007       0.1829       0.1919       0.2345       0.1782
   2      0       0.1924       0.1863       0.1852       0.2121       0.2003
                  0.1988       0.1859       0.1919       0.2234       0.1814
   3      0       0.1918       0.1856       0.1843       0.2114       0.1994
                  0.1980       0.1853       0.1909       0.2226       0.1812
   4      0       0.1905       0.1849       0.1834       0.2097       0.1981
                  0.1969       0.1845       0.1896       0.2212       0.1800
   5      0       0.1901       0.1854       0.1842       0.2107       0.1991
                  0.1980       0.1843       0.1897       0.2213       0.1807
   5     60       0.1901       0.1854       0.1841       0.2111       0.1992
                  0.1981       0.1843       0.1898       0.2218       0.1806
   5     80       0.1896       0.1847       0.1828       0.2133       0.1995
                  0.1983       0.1832       0.1893       0.2242       0.1792
   5    100       0.1869       0.1817       0.1786       0.2166       0.1987
                  0.1972       0.1796       0.1867       0.2281       0.1750
 
 group  inft   Estimated free energy: 2-th solvent contribution (kcal/mol)
   1      0      -0.2761      -0.1634      -0.1886      -0.1190      -0.2102
                 -0.2004      -0.1590      -0.1577      -0.1892      -0.2289
   1     60      -0.2765      -0.1637      -0.1889      -0.1191      -0.2106
                 -0.2008      -0.1593      -0.1580      -0.1896      -0.2293
   1     80      -0.2791      -0.1655      -0.1911      -0.1201      -0.2129
                 -0.2031      -0.1613      -0.1601      -0.1918      -0.2318
   1    100      -0.2863      -0.1706      -0.1973      -0.1225      -0.2191
                 -0.2096      -0.1667      -0.1659      -0.1979      -0.2387
   2      0      -0.2783      -0.1655      -0.1903      -0.1213      -0.2123
                 -0.2024      -0.1606      -0.1597      -0.1912      -0.2308
   3      0      -0.2801      -0.1657      -0.1914      -0.1226      -0.2133
                 -0.2025      -0.1616      -0.1603      -0.1919      -0.2319
   4      0      -0.2800      -0.1678      -0.1933      -0.1242      -0.2141
                 -0.2047      -0.1634      -0.1614      -0.1926      -0.2322
   5      0      -0.2831      -0.1692      -0.1937      -0.1247      -0.2151
                 -0.2059      -0.1639      -0.1626      -0.1948      -0.2335
   5     60      -0.2837      -0.1696      -0.1942      -0.1249      -0.2156
                 -0.2064      -0.1643      -0.1630      -0.1953      -0.2340
   5     80      -0.2869      -0.1720      -0.1970      -0.1261      -0.2185
                 -0.2094      -0.1668      -0.1657      -0.1981      -0.2371
   5    100      -0.2937      -0.1771      -0.2031      -0.1288      -0.2245
                 -0.2156      -0.1722      -0.1713      -0.2040      -0.2436
 
 group  inft   Estimated free energy: 3-th solvent contribution (kcal/mol)
   1      0       2.6058       2.5573       2.5589       2.5331       2.5908
                  2.5636       2.5742       2.5420       2.5681       2.5852
   1     60       2.5864       2.5379       2.5395       2.5137       2.5715
                  2.5443       2.5549       2.5226       2.5489       2.5658
   1     80       2.4650       2.4167       2.4179       2.3926       2.4509
                  2.4227       2.4341       2.4011       2.4282       2.4443
   1    100       2.1057       2.0576       2.0578       2.0341       2.0943
                  2.0629       2.0764       2.0413       2.0705       2.0849
   2      0       2.6080       2.5602       2.5616       2.5360       2.5933
                  2.5665       2.5738       2.5445       2.5671       2.5873
   3      0       2.6185       2.5677       2.5710       2.5468       2.5994
                  2.5750       2.5824       2.5527       2.5760       2.5957
   4      0       2.6275       2.5792       2.5828       2.5587       2.6086
                  2.5856       2.5928       2.5641       2.5874       2.6067
   5      0       2.6785       2.6326       2.6343       2.6131       2.6622
                  2.6361       2.6466       2.6195       2.6421       2.6574
   5     60       2.6528       2.6069       2.6086       2.5874       2.6366
                  2.6104       2.6210       2.5938       2.6165       2.6317
   5     80       2.5058       2.4601       2.4611       2.4406       2.4906
                  2.4634       2.4746       2.4467       2.4702       2.4846
   5    100       2.1745       2.1290       2.1290       2.1096       2.1617
                  2.1319       2.1446       2.1149       2.1403       2.1533
 
 
 cumulative average & 95% error for solvation free energy
              total             1st component         2nd component         3rd component
  1     2.5303                0.1918               -0.2801                2.6185
  2     2.5590     0.0572     0.1887     0.0062    -0.2229     0.1143     2.5931     0.0509
  3     2.5606     0.0332     0.1873     0.0046    -0.2124     0.0693     2.5857     0.0329
  4     2.5794     0.0443     0.1933     0.0125    -0.1899     0.0665     2.5760     0.0303
  5     2.5806     0.0344     0.1945     0.0100    -0.1946     0.0523     2.5807     0.0253
  6     2.5789     0.0283     0.1951     0.0082    -0.1959     0.0428     2.5797     0.0207
  7     2.5828     0.0251     0.1937     0.0075    -0.1910     0.0375     2.5801     0.0175
  8     2.5829     0.0218     0.1933     0.0065    -0.1872     0.0334     2.5767     0.0167
  9     2.5855     0.0199     0.1966     0.0087    -0.1877     0.0294     2.5766     0.0147
 10     2.5815     0.0196     0.1951     0.0084    -0.1921     0.0278     2.5785     0.0137
