 ERmod 0.3.7, Copyright (C) 2000-2019 Nobuyuki Matubayasi
                            2010-2019 Shun Sakuraba
 ERmod comes with ABSOLUTELY NO WARRANTY.
 This is free software, and you can redistribute it
 and/or modify it under certain conditions.
 See LICENSE file for details.
 ERmod 0.3.7, Copyright (C) 2000-2019 Nobuyuki Matubayasi
                            2010-2019 Shun Sakuraba
 ERmod comes with ABSOLUTELY NO WARRANTY.
 This is free software, and you can redistribute it
 and/or modify it under certain conditions.
 See LICENSE file for details.
 
  Number of the   1-th solvent  =           90
  Number of the   2-th solvent  =           90
  Number of the   3-th solvent  =        10000
 
  Be sure that the solvent distribution is homogeneous (radial distribution function is essentially unity) when the solvent molecule is separated beyond distance of   10.0 Angstrom in any direction from any atom within the solute molecule
 
  LJ long-range correction    =        -0.0005     -0.0158     -0.2994
 
  Self-energy of the solute   =        -0.0001  kcal/mol
 
 
 cumulative average & 95% error for solvation energy
              total             1st component         2nd component         3rd component
  1   -21.2176               -0.7617               -0.6240              -19.8318
  2   -21.2117     0.0117    -0.4266     0.6702    -1.0116     0.7752   -19.7735     0.1167
  3   -21.2403     0.0575    -0.2737     0.4931    -1.0031     0.4479   -19.9633     0.3856
  4   -21.2450     0.0417    -0.2827     0.3492    -1.0826     0.3543   -19.8797     0.3199
  5   -21.2376     0.0355    -0.2554     0.2759    -0.9869     0.3345   -19.9952     0.3388
  6   -21.2328     0.0305    -0.1898     0.2608    -0.9721     0.2748   -20.0709     0.3154
  7   -21.2376     0.0275    -0.2621     0.2637    -1.0086     0.2434   -19.9668     0.3383
  8   -21.2154     0.0503    -0.2546     0.2289    -0.9943     0.2127   -19.9664     0.2930
  9   -21.2213     0.0459    -0.2449     0.2028    -0.9792     0.1900   -19.9971     0.2656
 10   -21.2214     0.0411    -0.2245     0.1859    -0.9760     0.1701   -20.0209     0.2422
 
 
 group  inft  solvation free energy     error          difference
  total solvation free energy
   1      0         -4.66265           0.03464          -0.00062
   1     60         -4.68901           0.03463          -0.02699
   1     80         -4.85713           0.03458          -0.19511
   1    100         -5.33434           0.03448          -0.67232
   2      0         -4.66128           0.03733           0.00074
   3      0         -4.66203           0.03743           0.00000
   4      0         -4.65639           0.03856           0.00563
   5      0         -4.66236           0.03895          -0.00034
   5     60         -4.69720           0.03894          -0.03517
   5     80         -4.89949           0.03890          -0.23747
   5    100         -5.33488           0.03887          -0.67285
 
  contribution from  1-th solvent component
   1      0         -0.02881           0.10143           0.00269
   1     60         -0.02847           0.10143           0.00302
   1     80         -0.02642           0.10144           0.00508
   1    100         -0.02133           0.10150           0.01017
   2      0         -0.03115           0.10479           0.00035
   3      0         -0.03150           0.10652           0.00000
   4      0         -0.03298           0.10777          -0.00148
   5      0         -0.03300           0.10807          -0.00150
   5     60         -0.03257           0.10808          -0.00108
   5     80         -0.03034           0.10813           0.00115
   5    100         -0.02619           0.10829           0.00531
 
  contribution from  2-th solvent component
   1      0         -0.53385           0.07992          -0.00749
   1     60         -0.53422           0.07993          -0.00786
   1     80         -0.53658           0.07995          -0.01022
   1    100         -0.54306           0.08000          -0.01670
   2      0         -0.52822           0.07858          -0.00186
   3      0         -0.52636           0.07837           0.00000
   4      0         -0.52428           0.07815           0.00208
   5      0         -0.52364           0.07882           0.00272
   5     60         -0.52415           0.07882           0.00222
   5     80         -0.52700           0.07884          -0.00064
   5    100         -0.53293           0.07887          -0.00657
 
  contribution from  3-th solvent component
   1      0         -4.09990           0.12437           0.00418
   1     60         -4.12622           0.12439          -0.02214
   1     80         -4.29404           0.12451          -0.18996
   1    100         -4.76986           0.12496          -0.66578
   2      0         -4.10182           0.12480           0.00226
   3      0         -4.10408           0.12442           0.00000
   4      0         -4.09904           0.12435           0.00504
   5      0         -4.10564           0.12373          -0.00156
   5     60         -4.14039           0.12376          -0.03631
   5     80         -4.34206           0.12391          -0.23798
   5    100         -4.77567           0.12433          -0.67159
 
 
 group  inft   Estimated free energy: total (kcal/mol)
   1      0      -4.6568      -4.6518      -4.7488      -4.6691      -4.6236
                 -4.5773      -4.6836      -4.5973      -4.6814      -4.7368
   1     60      -4.6833      -4.6782      -4.7752      -4.6954      -4.6500
                 -4.6038      -4.7098      -4.6235      -4.7078      -4.7631
   1     80      -4.8518      -4.8464      -4.9436      -4.8636      -4.8183
                 -4.7723      -4.8775      -4.7910      -4.8763      -4.9305
   1    100      -5.3295      -5.3240      -5.4218      -5.3407      -5.2957
                 -5.2506      -5.3530      -5.2674      -5.3546      -5.4063
   2      0      -4.6611      -4.6400      -4.7543      -4.6683      -4.6193
                 -4.5691      -4.6944      -4.5889      -4.6849      -4.7323
   3      0      -4.6671      -4.6350      -4.7545      -4.6680      -4.6159
                 -4.5689      -4.7030      -4.5930      -4.6875      -4.7274
   4      0      -4.6611      -4.6336      -4.7512      -4.6722      -4.6085
                 -4.5552      -4.6971      -4.5852      -4.6823      -4.7175
   5      0      -4.6654      -4.6370      -4.7548      -4.6751      -4.6059
                 -4.5644      -4.7108      -4.5919      -4.6969      -4.7214
   5     60      -4.7004      -4.6718      -4.7896      -4.7099      -4.6408
                 -4.5994      -4.7456      -4.6265      -4.7319      -4.7561
   5     80      -4.9032      -4.8741      -4.9921      -4.9124      -4.8433
                 -4.8021      -4.9474      -4.8282      -4.9346      -4.9576
   5    100      -5.3392      -5.3096      -5.4284      -5.3480      -5.2787
                 -5.2380      -5.3814      -5.2628      -5.3712      -5.3915
 
 group  inft   Estimated free energy: 1-th solvent contribution (kcal/mol)
   1      0      -0.3095       0.0391       0.0864      -0.0638       0.0197
                  0.2209      -0.2849      -0.0103      -0.0063       0.0207
   1     60      -0.3092       0.0395       0.0868      -0.0635       0.0201
                  0.2212      -0.2846      -0.0100      -0.0060       0.0210
   1     80      -0.3072       0.0414       0.0892      -0.0617       0.0221
                  0.2231      -0.2824      -0.0079      -0.0039       0.0231
   1    100      -0.3025       0.0464       0.0952      -0.0570       0.0273
                  0.2279      -0.2772      -0.0028       0.0011       0.0283
   2      0      -0.3171       0.0467       0.0768      -0.0715       0.0278
                  0.2252      -0.3015      -0.0072      -0.0113       0.0207
   3      0      -0.3188       0.0518       0.0741      -0.0721       0.0320
                  0.2288      -0.3096      -0.0073      -0.0177       0.0238
   4      0      -0.3236       0.0481       0.0703      -0.0779       0.0359
                  0.2324      -0.3130      -0.0072      -0.0179       0.0230
   5      0      -0.3219       0.0497       0.0737      -0.0782       0.0368
                  0.2323      -0.3156      -0.0045      -0.0244       0.0221
   5     60      -0.3215       0.0501       0.0742      -0.0778       0.0372
                  0.2327      -0.3152      -0.0041      -0.0240       0.0226
   5     80      -0.3195       0.0523       0.0770      -0.0760       0.0395
                  0.2348      -0.3130      -0.0018      -0.0218       0.0250
   5    100      -0.3160       0.0565       0.0822      -0.0726       0.0438
                  0.2390      -0.3089       0.0025      -0.0177       0.0294
 
 group  inft   Estimated free energy: 2-th solvent contribution (kcal/mol)
   1      0      -0.3919      -0.7255      -0.5436      -0.6957      -0.3400
                 -0.4945      -0.6538      -0.4933      -0.4608      -0.5395
   1     60      -0.3923      -0.7258      -0.5440      -0.6961      -0.3403
                 -0.4949      -0.6542      -0.4937      -0.4611      -0.5399
   1     80      -0.3946      -0.7282      -0.5464      -0.6985      -0.3425
                 -0.4973      -0.6566      -0.4960      -0.4635      -0.5423
   1    100      -0.4011      -0.7347      -0.5530      -0.7050      -0.3485
                 -0.5038      -0.6632      -0.5025      -0.4700      -0.5487
   2      0      -0.3890      -0.7189      -0.5373      -0.6860      -0.3397
                 -0.4900      -0.6472      -0.4856      -0.4559      -0.5326
   3      0      -0.3864      -0.7157      -0.5338      -0.6856      -0.3401
                 -0.4908      -0.6454      -0.4852      -0.4521      -0.5286
   4      0      -0.3853      -0.7152      -0.5323      -0.6826      -0.3402
                 -0.4873      -0.6424      -0.4837      -0.4491      -0.5246
   5      0      -0.3817      -0.7144      -0.5340      -0.6833      -0.3361
                 -0.4888      -0.6428      -0.4841      -0.4497      -0.5215
   5     60      -0.3822      -0.7149      -0.5345      -0.6838      -0.3365
                 -0.4893      -0.6433      -0.4846      -0.4502      -0.5220
   5     80      -0.3851      -0.7178      -0.5374      -0.6867      -0.3392
                 -0.4923      -0.6463      -0.4874      -0.4531      -0.5248
   5    100      -0.3911      -0.7237      -0.5435      -0.6926      -0.3448
                 -0.4982      -0.6523      -0.4933      -0.4591      -0.5307
 
 group  inft   Estimated free energy: 3-th solvent contribution (kcal/mol)
   1      0      -3.9553      -3.9654      -4.2916      -3.9094      -4.3033
                 -4.3036      -3.7447      -4.0935      -4.2142      -4.2179
   1     60      -3.9818      -3.9917      -4.3180      -3.9357      -4.3297
                 -4.3300      -3.7710      -4.1197      -4.2406      -4.2441
   1     80      -4.1499      -4.1595      -4.4863      -4.1034      -4.4979
                 -4.4980      -3.9384      -4.2869      -4.4088      -4.4113
   1    100      -4.6257      -4.6356      -4.9639      -4.5786      -4.9744
                 -4.9745      -4.4125      -4.7621      -4.8857      -4.8857
   2      0      -3.9549      -3.9677      -4.2937      -3.9107      -4.3072
                 -4.3042      -3.7456      -4.0960      -4.2177      -4.2204
   3      0      -3.9617      -3.9710      -4.2947      -3.9102      -4.3078
                 -4.3069      -3.7479      -4.1004      -4.2176      -4.2226
   4      0      -3.9521      -3.9664      -4.2891      -3.9116      -4.3041
                 -4.3002      -3.7416      -4.0942      -4.2152      -4.2158
   5      0      -3.9617      -3.9722      -4.2944      -3.9135      -4.3066
                 -4.3078      -3.7523      -4.1032      -4.2227      -4.2220
   5     60      -3.9966      -4.0069      -4.3293      -3.9482      -4.3414
                 -4.3426      -3.7869      -4.1378      -4.2575      -4.2566
   5     80      -4.1985      -4.2085      -4.5316      -4.1497      -4.5435
                 -4.5446      -3.9881      -4.3388      -4.4597      -4.4576
   5    100      -4.6320      -4.6423      -4.9669      -4.5828      -4.9776
                 -4.9787      -4.4201      -4.7720      -4.8943      -4.8901
 
 
 cumulative average & 95% error for solvation free energy
              total             1st component         2nd component         3rd component
  1    -4.6671               -0.3188               -0.3864               -3.9617
  2    -4.6510     0.0320    -0.1335     0.3707    -0.5511     0.3293    -3.9664     0.0093
  3    -4.6855     0.0714    -0.0643     0.2548    -0.5453     0.1905    -4.0758     0.2190
  4    -4.6812     0.0513    -0.0663     0.1802    -0.5804     0.1519    -4.0344     0.1756
  5    -4.6681     0.0475    -0.0466     0.1450    -0.5323     0.1519    -4.0891     0.1745
  6    -4.6516     0.0510    -0.0007     0.1498    -0.5254     0.1248    -4.1254     0.1599
  7    -4.6589     0.0455    -0.0448     0.1544    -0.5425     0.1109    -4.0715     0.1729
  8    -4.6507     0.0427    -0.0401     0.1340    -0.5354     0.0971    -4.0751     0.1499
  9    -4.6548     0.0386    -0.0376     0.1183    -0.5261     0.0876    -4.0909     0.1360
 10    -4.6620     0.0374    -0.0315     0.1065    -0.5264     0.0784    -4.1041     0.1244
