 ERmod 0.3.7, Copyright (C) 2000-2019 Nobuyuki Matubayasi
                            2010-2019 Shun Sakuraba
 ERmod comes with ABSOLUTELY NO WARRANTY.
 This is free software, and you can redistribute it
 and/or modify it under certain conditions.
 See LICENSE file for details.
 ERmod 0.3.7, Copyright (C) 2000-2019 Nobuyuki Matubayasi
                            2010-2019 Shun Sakuraba
 ERmod comes with ABSOLUTELY NO WARRANTY.
 This is free software, and you can redistribute it
 and/or modify it under certain conditions.
 See LICENSE file for details.
 
  Number of the   1-th solvent  =           90
  Number of the   2-th solvent  =           90
  Number of the   3-th solvent  =        10000
 
  Be sure that the solvent distribution is homogeneous (radial distribution function is essentially unity) when the solvent molecule is separated beyond distance of   10.0 Angstrom in any direction from any atom within the solute molecule
 
  LJ long-range correction    =        -0.0006     -0.0024     -0.3550
 
  Self-energy of the solute   =         0.0000  kcal/mol
 
 
 cumulative average & 95% error for solvation energy
              total             1st component         2nd component         3rd component
  1    -9.1507                0.1092               -0.1298               -9.1302
  2    -9.1543     0.0072     0.1110     0.0035    -0.1353     0.0110    -9.1300     0.0002
  3    -9.1522     0.0059     0.1112     0.0021    -0.1383     0.0087    -9.1252     0.0097
  4    -9.1522     0.0042     0.1113     0.0015    -0.1394     0.0066    -9.1242     0.0071
  5    -9.1524     0.0033     0.1105     0.0020    -0.1393     0.0051    -9.1237     0.0056
  6    -9.1523     0.0027     0.1104     0.0017    -0.1376     0.0054    -9.1251     0.0053
  7    -9.1440     0.0166     0.1111     0.0020    -0.1361     0.0054    -9.1191     0.0129
  8    -9.1477     0.0162     0.1105     0.0021    -0.1364     0.0047    -9.1218     0.0124
  9    -9.1457     0.0148     0.1108     0.0020    -0.1360     0.0043    -9.1207     0.0112
 10    -9.1445     0.0134     0.1108     0.0018    -0.1354     0.0040    -9.1199     0.0101
 
 
 group  inft  solvation free energy     error          difference
  total solvation free energy
   1      0          3.04335           0.01477           0.00088
   1     60          3.03232           0.01479          -0.01016
   1     80          2.93697           0.01508          -0.10550
   1    100          2.56690           0.01603          -0.47558
   2      0          3.03297           0.01374          -0.00951
   3      0          3.04248           0.01344           0.00000
   4      0          3.02472           0.01316          -0.01776
   5      0          3.08084           0.01199           0.03837
   5     60          3.06572           0.01203           0.02324
   5     80          2.94481           0.01237          -0.09766
   5    100          2.59866           0.01324          -0.44382
 
  contribution from  1-th solvent component
   1      0          0.10100           0.00516           0.00321
   1     60          0.10121           0.00515           0.00342
   1     80          0.10301           0.00521           0.00522
   1    100          0.10817           0.00550           0.01038
   2      0          0.09885           0.00489           0.00106
   3      0          0.09779           0.00491           0.00000
   4      0          0.09655           0.00488          -0.00124
   5      0          0.09717           0.00471          -0.00062
   5     60          0.09746           0.00471          -0.00033
   5     80          0.09959           0.00477           0.00180
   5    100          0.10410           0.00502           0.00631
 
  contribution from  2-th solvent component
   1      0         -0.09054           0.01187           0.00317
   1     60         -0.09030           0.01189           0.00341
   1     80         -0.08914           0.01203           0.00457
   1    100         -0.08632           0.01266           0.00740
   2      0         -0.09332           0.01103           0.00040
   3      0         -0.09371           0.01092           0.00000
   4      0         -0.09429           0.01070          -0.00057
   5      0         -0.09546           0.00961          -0.00174
   5     60         -0.09516           0.00964          -0.00145
   5     80         -0.09379           0.00983          -0.00008
   5    100         -0.09125           0.01044           0.00246
 
  contribution from  3-th solvent component
   1      0          3.03287           0.00680          -0.00551
   1     60          3.02139           0.00681          -0.01698
   1     80          2.92308           0.00694          -0.11530
   1    100          2.54502           0.00734          -0.49335
   2      0          3.02742           0.00690          -0.01096
   3      0          3.03838           0.00711           0.00000
   4      0          3.02244           0.00727          -0.01594
   5      0          3.07911           0.00643           0.04073
   5     60          3.06340           0.00644           0.02502
   5     80          2.93899           0.00659          -0.09939
   5    100          2.58579           0.00691          -0.45259
 
 
 group  inft   Estimated free energy: total (kcal/mol)
   1      0       3.0478       3.0273       3.0341       3.0319       3.0269
                  3.0395       3.0946       3.0127       3.0547       3.0640
   1     60       3.0368       3.0162       3.0230       3.0208       3.0158
                  3.0284       3.0837       3.0016       3.0437       3.0531
   1     80       2.9418       2.9205       2.9274       2.9252       2.9200
                  2.9331       2.9890       2.9056       2.9488       2.9583
   1    100       2.5726       2.5489       2.5561       2.5550       2.5487
                  2.5630       2.6212       2.5330       2.5804       2.5901
   2      0       3.0383       3.0183       3.0265       3.0198       3.0181
                  3.0307       3.0804       3.0033       3.0433       3.0510
   3      0       3.0477       3.0277       3.0363       3.0282       3.0287
                  3.0400       3.0894       3.0148       3.0511       3.0610
   4      0       3.0288       3.0114       3.0172       3.0097       3.0127
                  3.0242       3.0705       2.9965       3.0344       3.0418
   5      0       3.0893       3.0673       3.0727       3.0720       3.0686
                  3.0730       3.1190       3.0553       3.0892       3.1020
   5     60       3.0742       3.0521       3.0576       3.0568       3.0534
                  3.0579       3.1039       3.0401       3.0741       3.0870
   5     80       2.9537       2.9308       2.9363       2.9356       2.9319
                  2.9371       2.9839       2.9183       2.9538       2.9667
   5    100       2.6084       2.5834       2.5892       2.5890       2.5846
                  2.5912       2.6398       2.5698       2.6090       2.6221
 
 group  inft   Estimated free energy: 1-th solvent contribution (kcal/mol)
   1      0       0.0933       0.1100       0.1108       0.1073       0.0972
                  0.0907       0.0956       0.0958       0.1123       0.0970
   1     60       0.0935       0.1102       0.1110       0.1075       0.0974
                  0.0909       0.0958       0.0960       0.1125       0.0972
   1     80       0.0952       0.1121       0.1128       0.1095       0.0990
                  0.0927       0.0977       0.0977       0.1145       0.0989
   1    100       0.0996       0.1180       0.1181       0.1154       0.1034
                  0.0978       0.1033       0.1021       0.1204       0.1037
   2      0       0.0921       0.1071       0.1087       0.1047       0.0956
                  0.0893       0.0920       0.0950       0.1095       0.0945
   3      0       0.0914       0.1063       0.1079       0.1037       0.0950
                  0.0886       0.0892       0.0947       0.1077       0.0934
   4      0       0.0903       0.1049       0.1065       0.1021       0.0941
                  0.0874       0.0877       0.0939       0.1066       0.0919
   5      0       0.0912       0.1054       0.1065       0.1028       0.0948
                  0.0883       0.0884       0.0945       0.1068       0.0931
   5     60       0.0915       0.1057       0.1067       0.1030       0.0951
                  0.0886       0.0887       0.0948       0.1071       0.0933
   5     80       0.0934       0.1080       0.1089       0.1054       0.0970
                  0.0907       0.0909       0.0968       0.1094       0.0953
   5    100       0.0971       0.1133       0.1134       0.1107       0.1008
                  0.0951       0.0960       0.1005       0.1146       0.0994
 
 group  inft   Estimated free energy: 2-th solvent contribution (kcal/mol)
   1      0      -0.0779      -0.1087      -0.1161      -0.1029      -0.1010
                 -0.0747      -0.0561      -0.1005      -0.0921      -0.0754
   1     60      -0.0777      -0.1085      -0.1159      -0.1027      -0.1008
                 -0.0744      -0.0559      -0.1003      -0.0918      -0.0751
   1     80      -0.0762      -0.1077      -0.1150      -0.1017      -0.0998
                 -0.0732      -0.0546      -0.0994      -0.0904      -0.0735
   1    100      -0.0718      -0.1066      -0.1139      -0.0993      -0.0975
                 -0.0699      -0.0512      -0.0974      -0.0868      -0.0689
   2      0      -0.0814      -0.1101      -0.1172      -0.1042      -0.1027
                 -0.0782      -0.0617      -0.1031      -0.0955      -0.0790
   3      0      -0.0824      -0.1104      -0.1172      -0.1047      -0.1028
                 -0.0782      -0.0619      -0.1030      -0.0963      -0.0802
   4      0      -0.0829      -0.1105      -0.1176      -0.1049      -0.1033
                 -0.0775      -0.0647      -0.1038      -0.0971      -0.0806
   5      0      -0.0828      -0.1103      -0.1171      -0.1045      -0.1030
                 -0.0851      -0.0694      -0.1044      -0.0974      -0.0805
   5     60      -0.0824      -0.1101      -0.1168      -0.1043      -0.1027
                 -0.0848      -0.0691      -0.1042      -0.0971      -0.0802
   5     80      -0.0806      -0.1092      -0.1159      -0.1031      -0.1016
                 -0.0833      -0.0675      -0.1031      -0.0954      -0.0783
   5    100      -0.0767      -0.1082      -0.1148      -0.1009      -0.0996
                 -0.0804      -0.0645      -0.1014      -0.0921      -0.0740
 
 group  inft   Estimated free energy: 3-th solvent contribution (kcal/mol)
   1      0       3.0324       3.0260       3.0393       3.0275       3.0307
                  3.0234       3.0551       3.0174       3.0344       3.0424
   1     60       3.0210       3.0145       3.0279       3.0160       3.0192
                  3.0120       3.0437       3.0059       3.0229       3.0309
   1     80       2.9228       2.9161       2.9296       2.9175       2.9207
                  2.9136       2.9458       2.9073       2.9247       2.9328
   1    100       2.5449       2.5375       2.5518       2.5388       2.5428
                  2.5350       2.5691       2.5284       2.5467       2.5553
   2      0       3.0275       3.0213       3.0350       3.0193       3.0253
                  3.0195       3.0501       3.0113       3.0293       3.0355
   3      0       3.0387       3.0317       3.0455       3.0292       3.0365
                  3.0296       3.0620       3.0231       3.0397       3.0477
   4      0       3.0214       3.0170       3.0284       3.0124       3.0218
                  3.0143       3.0474       3.0063       3.0249       3.0305
   5      0       3.0809       3.0722       3.0833       3.0737       3.0768
                  3.0698       3.1000       3.0651       3.0798       3.0895
   5     60       3.0652       3.0564       3.0676       3.0580       3.0610
                  3.0541       3.0843       3.0494       3.0641       3.0738
   5     80       2.9409       2.9319       2.9433       2.9332       2.9364
                  2.9297       2.9604       2.9246       2.9398       2.9496
   5    100       2.5880       2.5783       2.5906       2.5793       2.5834
                  2.5764       2.6083       2.5706       2.5864       2.5966
 
 
 cumulative average & 95% error for solvation free energy
              total             1st component         2nd component         3rd component
  1     3.0477                0.0914               -0.0824                3.0387
  2     3.0377     0.0199     0.0989     0.0149    -0.0964     0.0279     3.0352     0.0069
  3     3.0372     0.0115     0.1019     0.0105    -0.1033     0.0212     3.0386     0.0080
  4     3.0350     0.0093     0.1023     0.0075    -0.1037     0.0150     3.0363     0.0073
  5     3.0337     0.0076     0.1009     0.0065    -0.1035     0.0117     3.0363     0.0057
  6     3.0348     0.0066     0.0988     0.0067    -0.0993     0.0127     3.0352     0.0051
  7     3.0426     0.0166     0.0974     0.0063    -0.0939     0.0151     3.0390     0.0088
  8     3.0391     0.0159     0.0971     0.0055    -0.0951     0.0133     3.0370     0.0086
  9     3.0404     0.0143     0.0983     0.0054    -0.0952     0.0117     3.0373     0.0076
 10     3.0425     0.0134     0.0978     0.0049    -0.0937     0.0109     3.0384     0.0071
