 ERmod 0.3.7, Copyright (C) 2000-2019 Nobuyuki Matubayasi
                            2010-2019 Shun Sakuraba
 ERmod comes with ABSOLUTELY NO WARRANTY.
 This is free software, and you can redistribute it
 and/or modify it under certain conditions.
 See LICENSE file for details.
 ERmod 0.3.7, Copyright (C) 2000-2019 Nobuyuki Matubayasi
                            2010-2019 Shun Sakuraba
 ERmod comes with ABSOLUTELY NO WARRANTY.
 This is free software, and you can redistribute it
 and/or modify it under certain conditions.
 See LICENSE file for details.
 
  Number of the   1-th solvent  =          180
  Number of the   2-th solvent  =          180
  Number of the   3-th solvent  =        10000
 
  Be sure that the solvent distribution is homogeneous (radial distribution function is essentially unity) when the solvent molecule is separated beyond distance of   10.0 Angstrom in any direction from any atom within the solute molecule
 
  LJ long-range correction    =        -0.0076     -0.0200     -0.4017
 
  Self-energy of the solute   =        -0.0001  kcal/mol
 
 
 cumulative average & 95% error for solvation energy
              total             1st component         2nd component         3rd component
  1   -23.4421               -1.9824               -0.9523              -20.5072
  2   -23.5333     0.1824    -1.6243     0.7162    -1.3450     0.7854   -20.5638     0.1132
  3   -23.5813     0.1426    -1.5520     0.4381    -1.5522     0.6142   -20.4770     0.1855
  4   -23.6263     0.1351    -1.2697     0.6441    -1.7518     0.5899   -20.6048     0.2873
  5   -23.6180     0.1060    -1.3828     0.5479    -1.8214     0.4777   -20.4137     0.4422
  6   -23.6287     0.0892    -1.2973     0.4789    -1.7605     0.4086   -20.5708     0.4787
  7   -23.6142     0.0808    -1.1876     0.4604    -1.7053     0.3626   -20.7213     0.5041
  8   -23.5867     0.0889    -1.0803     0.4528    -1.6667     0.3233   -20.8397     0.4967
  9   -23.5638     0.0908    -0.9576     0.4687    -1.6280     0.2955   -20.9781     0.5182
 10   -23.5549     0.0832    -1.0029     0.4289    -1.6044     0.2684   -20.9475     0.4675
 
 
 group  inft  solvation free energy     error          difference
  total solvation free energy
   1      0         -4.19951           0.05308          -0.00129
   1     60         -4.22184           0.05306          -0.02362
   1     80         -4.39372           0.05299          -0.19550
   1    100         -4.97208           0.05281          -0.77386
   2      0         -4.19839           0.05030          -0.00017
   3      0         -4.19822           0.04866           0.00000
   4      0         -4.19705           0.05016           0.00117
   5      0         -4.19426           0.04861           0.00396
   5     60         -4.22446           0.04858          -0.02624
   5     80         -4.43636           0.04848          -0.23814
   5    100         -4.96781           0.04829          -0.76959
 
  contribution from  1-th solvent component
   1      0         -0.25128           0.21294          -0.00084
   1     60         -0.25152           0.21295          -0.00109
   1     80         -0.25368           0.21302          -0.00325
   1    100         -0.26168           0.21326          -0.01124
   2      0         -0.25124           0.20904          -0.00080
   3      0         -0.25043           0.20737           0.00000
   4      0         -0.25111           0.20732          -0.00068
   5      0         -0.24781           0.20658           0.00262
   5     60         -0.24817           0.20659           0.00226
   5     80         -0.25098           0.20661          -0.00055
   5    100         -0.25863           0.20668          -0.00820
 
  contribution from  2-th solvent component
   1      0         -0.87892           0.11985          -0.00587
   1     60         -0.87929           0.11985          -0.00624
   1     80         -0.88231           0.11989          -0.00926
   1    100         -0.89289           0.11996          -0.01984
   2      0         -0.87512           0.11830          -0.00207
   3      0         -0.87305           0.11684           0.00000
   4      0         -0.87259           0.11632           0.00046
   5      0         -0.86940           0.11576           0.00365
   5     60         -0.86992           0.11576           0.00313
   5     80         -0.87377           0.11578          -0.00072
   5    100         -0.88369           0.11580          -0.01064
 
  contribution from  3-th solvent component
   1      0         -3.06924           0.22162           0.00542
   1     60         -3.09095           0.22168          -0.01629
   1     80         -3.25764           0.22207          -0.18298
   1    100         -3.81744           0.22330          -0.74278
   2      0         -3.07196           0.22144           0.00271
   3      0         -3.07466           0.22135           0.00000
   4      0         -3.07327           0.22041           0.00139
   5      0         -3.07697           0.22071          -0.00231
   5     60         -3.10629           0.22080          -0.03163
   5     80         -3.31153           0.22126          -0.23687
   5    100         -3.82542           0.22238          -0.75076
 
 
 group  inft   Estimated free energy: total (kcal/mol)
   1      0      -4.1526      -4.2953      -4.3547      -4.2838      -4.1980
                 -4.1857      -4.1220      -4.1576      -4.0993      -4.1461
   1     60      -4.1749      -4.3177      -4.3769      -4.3061      -4.2201
                 -4.2082      -4.1445      -4.1799      -4.1216      -4.1684
   1     80      -4.3459      -4.4898      -4.5484      -4.4782      -4.3911
                 -4.3807      -4.3174      -4.3520      -4.2938      -4.3401
   1    100      -4.9209      -5.0686      -5.1262      -5.0570      -4.9666
                 -4.9602      -4.8990      -4.9307      -4.8737      -4.9178
   2      0      -4.1488      -4.2935      -4.3452      -4.2796      -4.1897
                 -4.1815      -4.1159      -4.1656      -4.1211      -4.1432
   3      0      -4.1435      -4.2921      -4.3435      -4.2724      -4.1888
                 -4.1783      -4.1211      -4.1670      -4.1297      -4.1457
   4      0      -4.1444      -4.2950      -4.3489      -4.2674      -4.1907
                 -4.1706      -4.1171      -4.1690      -4.1213      -4.1460
   5      0      -4.1398      -4.2917      -4.3359      -4.2716      -4.1841
                 -4.1701      -4.1261      -4.1617      -4.1213      -4.1402
   5     60      -4.1699      -4.3219      -4.3660      -4.3018      -4.2141
                 -4.2005      -4.1565      -4.1920      -4.1515      -4.1703
   5     80      -4.3806      -4.5339      -4.5773      -4.5140      -4.4248
                 -4.4132      -4.3696      -4.4043      -4.3640      -4.3819
   5    100      -4.9088      -5.0656      -5.1079      -5.0459      -4.9534
                 -4.9457      -4.9042      -4.9365      -4.8975      -4.9128
 
 group  inft   Estimated free energy: 1-th solvent contribution (kcal/mol)
   1      0      -0.7094      -0.4248      -0.5110       0.0226      -0.6587
                 -0.1707       0.0228       0.0353       0.2829      -0.4018
   1     60      -0.7097      -0.4251      -0.5112       0.0224      -0.6589
                 -0.1709       0.0226       0.0350       0.2827      -0.4021
   1     80      -0.7120      -0.4273      -0.5135       0.0203      -0.6611
                 -0.1731       0.0204       0.0330       0.2809      -0.4043
   1    100      -0.7206      -0.4355      -0.5221       0.0127      -0.6691
                 -0.1811       0.0123       0.0253       0.2739      -0.4124
   2      0      -0.7040      -0.4213      -0.5066       0.0202      -0.6541
                 -0.1681       0.0246       0.0270       0.2653      -0.3953
   3      0      -0.6986      -0.4186      -0.5047       0.0206      -0.6520
                 -0.1641       0.0240       0.0263       0.2583      -0.3953
   4      0      -0.6982      -0.4216      -0.5072       0.0161      -0.6526
                 -0.1637       0.0241       0.0219       0.2612      -0.3910
   5      0      -0.6956      -0.4165      -0.4991       0.0215      -0.6482
                 -0.1587       0.0195       0.0250       0.2634      -0.3894
   5     60      -0.6960      -0.4168      -0.4994       0.0211      -0.6486
                 -0.1591       0.0191       0.0247       0.2631      -0.3898
   5     80      -0.6990      -0.4196      -0.5023       0.0183      -0.6513
                 -0.1619       0.0162       0.0218       0.2605      -0.3926
   5    100      -0.7069      -0.4273      -0.5103       0.0109      -0.6588
                 -0.1695       0.0084       0.0140       0.2533      -0.4001
 
 group  inft   Estimated free energy: 2-th solvent contribution (kcal/mol)
   1      0      -0.6010      -0.9541      -1.0597      -1.2177      -1.0729
                 -0.7927      -0.7534      -0.7826      -0.7446      -0.8106
   1     60      -0.6014      -0.9545      -1.0600      -1.2181      -1.0733
                 -0.7931      -0.7537      -0.7829      -0.7449      -0.8110
   1     80      -0.6044      -0.9575      -1.0631      -1.2212      -1.0764
                 -0.7961      -0.7567      -0.7859      -0.7479      -0.8140
   1    100      -0.6148      -0.9682      -1.0737      -1.2320      -1.0871
                 -0.8068      -0.7671      -0.7962      -0.7583      -0.8247
   2      0      -0.5982      -0.9514      -1.0510      -1.2082      -1.0679
                 -0.7867      -0.7474      -0.7813      -0.7467      -0.8124
   3      0      -0.5995      -0.9534      -1.0480      -1.1998      -1.0627
                 -0.7848      -0.7492      -0.7769      -0.7455      -0.8106
   4      0      -0.6009      -0.9518      -1.0471      -1.1949      -1.0654
                 -0.7802      -0.7482      -0.7749      -0.7455      -0.8171
   5      0      -0.5983      -0.9514      -1.0384      -1.1921      -1.0612
                 -0.7795      -0.7485      -0.7713      -0.7432      -0.8099
   5     60      -0.5989      -0.9520      -1.0390      -1.1927      -1.0617
                 -0.7801      -0.7490      -0.7718      -0.7437      -0.8104
   5     80      -0.6027      -0.9559      -1.0428      -1.1966      -1.0656
                 -0.7840      -0.7528      -0.7756      -0.7475      -0.8143
   5    100      -0.6125      -0.9658      -1.0525      -1.2066      -1.0756
                 -0.7940      -0.7627      -0.7854      -0.7575      -0.8243
 
 group  inft   Estimated free energy: 3-th solvent contribution (kcal/mol)
   1      0      -2.8422      -2.9163      -2.7840      -3.0886      -2.4663
                 -3.2222      -3.3914      -3.4102      -3.6375      -2.9336
   1     60      -2.8638      -2.9380      -2.8056      -3.1103      -2.4878
                 -3.2441      -3.4133      -3.4320      -3.6593      -2.9553
   1     80      -3.0294      -3.1048      -2.9717      -3.2772      -2.6536
                 -3.4114      -3.5810      -3.5990      -3.8267      -3.1217
   1    100      -3.5855      -3.6648      -3.5303      -3.8376      -3.2103
                 -3.9722      -4.1441      -4.1596      -4.3892      -3.6807
   2      0      -2.8465      -2.9207      -2.7875      -3.0916      -2.4675
                 -3.2266      -3.3930      -3.4111      -3.6396      -2.9353
   3      0      -2.8453      -2.9200      -2.7907      -3.0931      -2.4741
                 -3.2293      -3.3958      -3.4163      -3.6424      -2.9398
   4      0      -2.8453      -2.9215      -2.7945      -3.0886      -2.4726
                 -3.2266      -3.3929      -3.4159      -3.6370      -2.9379
   5      0      -2.8457      -2.9237      -2.7983      -3.1009      -2.4746
                 -3.2318      -3.3970      -3.4154      -3.6414      -2.9408
   5     60      -2.8749      -2.9530      -2.8275      -3.1302      -2.5037
                 -3.2613      -3.4265      -3.4448      -3.6708      -2.9701
   5     80      -3.0788      -3.1584      -3.0321      -3.3357      -2.7078
                 -3.4673      -3.6330      -3.6504      -3.8769      -3.1750
   5    100      -3.5893      -3.6724      -3.5450      -3.8501      -3.2189
                 -3.9822      -4.1499      -4.1650      -4.3932      -3.6882
 
 
 cumulative average & 95% error for solvation free energy
              total             1st component         2nd component         3rd component
  1    -4.1435               -0.6986               -0.5995               -2.8453
  2    -4.2178     0.1487    -0.5586     0.2800    -0.7765     0.3539    -2.8827     0.0747
  3    -4.2597     0.1200    -0.5407     0.1656    -0.8670     0.2730    -2.8520     0.0750
  4    -4.2629     0.0851    -0.4003     0.3041    -0.9502     0.2549    -2.9123     0.1317
  5    -4.2481     0.0722    -0.4507     0.2561    -0.9727     0.2025    -2.8246     0.2028
  6    -4.2364     0.0634    -0.4029     0.2299    -0.9414     0.1768    -2.8921     0.2136
  7    -4.2200     0.0629    -0.3419     0.2294    -0.9139     0.1592    -2.9640     0.2309
  8    -4.2133     0.0561    -0.2959     0.2190    -0.8968     0.1420    -3.0206     0.2297
  9    -4.2040     0.0528    -0.2343     0.2290    -0.8800     0.1297    -3.0896     0.2452
 10    -4.1982     0.0487    -0.2504     0.2074    -0.8730     0.1168    -3.0747     0.2214
