 ERmod 0.3.7, Copyright (C) 2000-2019 Nobuyuki Matubayasi
                            2010-2019 Shun Sakuraba
 ERmod comes with ABSOLUTELY NO WARRANTY.
 This is free software, and you can redistribute it
 and/or modify it under certain conditions.
 See LICENSE file for details.
 ERmod 0.3.7, Copyright (C) 2000-2019 Nobuyuki Matubayasi
                            2010-2019 Shun Sakuraba
 ERmod comes with ABSOLUTELY NO WARRANTY.
 This is free software, and you can redistribute it
 and/or modify it under certain conditions.
 See LICENSE file for details.
 
  Number of the   1-th solvent  =           90
  Number of the   2-th solvent  =           90
  Number of the   3-th solvent  =        10000
 
  Be sure that the solvent distribution is homogeneous (radial distribution function is essentially unity) when the solvent molecule is separated beyond distance of   10.0 Angstrom in any direction from any atom within the solute molecule
 
  LJ long-range correction    =        -0.0008     -0.0036     -0.5248
 
  Self-energy of the solute   =        -0.0001  kcal/mol
 
 
 cumulative average & 95% error for solvation energy
              total             1st component         2nd component         3rd component
  1   -25.8731               -1.1757               -0.2855              -24.4119
  2   -25.7975     0.1512    -0.7090     0.9335    -0.2347     0.1014   -24.8537     0.8838
  3   -26.0536     0.5196    -0.4250     0.7829    -1.2014     1.9343   -24.4271     0.9942
  4   -25.9451     0.4268    -0.3463     0.5756    -0.9560     1.4532   -24.6427     0.8247
  5   -25.9129     0.3368    -0.2804     0.4649    -0.8807     1.1356   -24.7518     0.6750
  6   -25.8721     0.2869    -0.1482     0.4626    -0.8322     0.9323   -24.8916     0.6180
  7   -25.9006     0.2490    -0.1195     0.3951    -0.9682     0.8335   -24.8128     0.5455
  8   -25.8731     0.2226    -0.0908     0.3470    -0.9158     0.7294   -24.8664     0.4845
  9   -25.8460     0.2036    -0.0619     0.3114    -0.8683     0.6503   -24.9157     0.4385
 10   -25.8423     0.1823    -0.0710     0.2791    -0.8283     0.5871   -24.9429     0.3960
 
 
 group  inft  solvation free energy     error          difference
  total solvation free energy
   1      0         -3.82436           0.04991          -0.00132
   1     60         -3.84501           0.04996          -0.02197
   1     80         -4.02213           0.05024          -0.19909
   1    100         -4.67589           0.05098          -0.85284
   2      0         -3.82257           0.05111           0.00047
   3      0         -3.82304           0.04957           0.00000
   4      0         -3.82032           0.05089           0.00272
   5      0         -3.82259           0.05111           0.00045
   5     60         -3.85074           0.05117          -0.02770
   5     80         -4.07239           0.05146          -0.24935
   5    100         -4.67597           0.05191          -0.85292
 
  contribution from  1-th solvent component
   1      0          0.06472           0.13569           0.00174
   1     60          0.06507           0.13570           0.00208
   1     80          0.06755           0.13578           0.00457
   1    100          0.07492           0.13607           0.01194
   2      0          0.06206           0.13704          -0.00092
   3      0          0.06298           0.13720           0.00000
   4      0          0.05949           0.13698          -0.00350
   5      0          0.06040           0.13737          -0.00258
   5     60          0.06083           0.13738          -0.00215
   5     80          0.06370           0.13749           0.00072
   5    100          0.06991           0.13780           0.00692
 
  contribution from  2-th solvent component
   1      0         -0.45395           0.25805          -0.00694
   1     60         -0.45374           0.25807          -0.00673
   1     80         -0.45281           0.25822          -0.00581
   1    100         -0.45115           0.25875          -0.00414
   2      0         -0.44742           0.26048          -0.00041
   3      0         -0.44701           0.26069          -0.00000
   4      0         -0.44568           0.26071           0.00132
   5      0         -0.44577           0.26118           0.00124
   5     60         -0.44552           0.26121           0.00149
   5     80         -0.44458           0.26140           0.00243
   5    100         -0.44353           0.26194           0.00348
 
  contribution from  3-th solvent component
   1      0         -3.43502           0.22553           0.00388
   1     60         -3.45622           0.22548          -0.01732
   1     80         -3.63675           0.22540          -0.19785
   1    100         -4.29954           0.22590          -0.86064
   2      0         -3.43710           0.22585           0.00180
   3      0         -3.43890           0.22589           0.00000
   4      0         -3.43400           0.22584           0.00490
   5      0         -3.43711           0.22686           0.00180
   5     60         -3.46593           0.22680          -0.02703
   5     80         -3.69139           0.22672          -0.25249
   5    100         -4.30223           0.22727          -0.86333
 
 
 group  inft   Estimated free energy: total (kcal/mol)
   1      0      -3.8190      -3.7510      -3.9257      -3.7605      -3.8363
                 -3.7257      -3.8637      -3.8296      -3.7626      -3.9694
   1     60      -3.8397      -3.7717      -3.9466      -3.7810      -3.8571
                 -3.7464      -3.8845      -3.8501      -3.7831      -3.9900
   1     80      -4.0169      -3.9488      -4.1245      -3.9569      -4.0352
                 -3.9231      -4.0618      -4.0264      -3.9600      -4.1678
   1    100      -4.6704      -4.6027      -4.7775      -4.6075      -4.6928
                 -4.5751      -4.7160      -4.6779      -4.6141      -4.8249
   2      0      -3.8191      -3.7518      -3.9342      -3.7584      -3.8188
                 -3.7149      -3.8780      -3.8396      -3.7554      -3.9555
   3      0      -3.8202      -3.7566      -3.9381      -3.7592      -3.8127
                 -3.7186      -3.8784      -3.8425      -3.7588      -3.9454
   4      0      -3.8181      -3.7461      -3.9338      -3.7587      -3.8160
                 -3.7080      -3.8880      -3.8410      -3.7544      -3.9390
   5      0      -3.8173      -3.7572      -3.9403      -3.7596      -3.8133
                 -3.7108      -3.8875      -3.8474      -3.7512      -3.9414
   5     60      -3.8454      -3.7854      -3.9688      -3.7875      -3.8415
                 -3.7389      -3.9158      -3.8753      -3.7792      -3.9695
   5     80      -4.0674      -4.0071      -4.1912      -4.0075      -4.0643
                 -3.9600      -4.1380      -4.0958      -4.0008      -4.1919
   5    100      -4.6710      -4.6108      -4.7937      -4.6080      -4.6711
                 -4.5620      -4.7422      -4.6970      -4.6053      -4.7986
 
 group  inft   Estimated free energy: 1-th solvent contribution (kcal/mol)
   1      0      -0.4650      -0.0225       0.1414       0.0050       0.1206
                  0.3510       0.1261       0.1538       0.2022       0.0346
   1     60      -0.4647      -0.0223       0.1418       0.0054       0.1209
                  0.3514       0.1264       0.1542       0.2026       0.0349
   1     80      -0.4626      -0.0201       0.1445       0.0083       0.1231
                  0.3538       0.1290       0.1569       0.2053       0.0372
   1    100      -0.4564      -0.0137       0.1525       0.0167       0.1301
                  0.3613       0.1367       0.1648       0.2133       0.0441
   2      0      -0.4711      -0.0268       0.1323      -0.0050       0.1278
                  0.3574       0.1159       0.1506       0.1971       0.0425
   3      0      -0.4698      -0.0291       0.1316      -0.0082       0.1349
                  0.3584       0.1149       0.1515       0.1982       0.0474
   4      0      -0.4746      -0.0281       0.1275      -0.0128       0.1299
                  0.3532       0.1040       0.1504       0.1932       0.0522
   5      0      -0.4728      -0.0296       0.1241      -0.0135       0.1336
                  0.3592       0.1058       0.1492       0.1944       0.0537
   5     60      -0.4725      -0.0293       0.1246      -0.0130       0.1340
                  0.3597       0.1062       0.1497       0.1948       0.0541
   5     80      -0.4701      -0.0269       0.1278      -0.0095       0.1367
                  0.3625       0.1090       0.1529       0.1979       0.0567
   5    100      -0.4653      -0.0219       0.1349      -0.0022       0.1428
                  0.3689       0.1152       0.1598       0.2043       0.0626
 
 group  inft   Estimated free energy: 2-th solvent contribution (kcal/mol)
   1      0      -0.2080      -0.1036      -1.4308      -0.1065      -0.3790
                 -0.3124      -0.8858      -0.3786      -0.3068      -0.4282
   1     60      -0.2078      -0.1034      -1.4306      -0.1062      -0.3788
                 -0.3121      -0.8856      -0.3783      -0.3065      -0.4280
   1     80      -0.2069      -0.1022      -1.4301      -0.1049      -0.3783
                 -0.3107      -0.8851      -0.3768      -0.3056      -0.4276
   1    100      -0.2056      -0.0993      -1.4298      -0.1017      -0.3780
                 -0.3075      -0.8849      -0.3731      -0.3043      -0.4275
   2      0      -0.1979      -0.0991      -1.4295      -0.0911      -0.3663
                 -0.3059      -0.8900      -0.3820      -0.2924      -0.4200
   3      0      -0.1974      -0.0992      -1.4309      -0.0887      -0.3655
                 -0.3072      -0.8881      -0.3822      -0.2939      -0.4171
   4      0      -0.1964      -0.0994      -1.4267      -0.0883      -0.3639
                 -0.2975      -0.8930      -0.3813      -0.2924      -0.4179
   5      0      -0.1982      -0.0975      -1.4294      -0.0873      -0.3645
                 -0.3007      -0.8919      -0.3850      -0.2878      -0.4154
   5     60      -0.1980      -0.0972      -1.4292      -0.0870      -0.3643
                 -0.3004      -0.8917      -0.3846      -0.2876      -0.4152
   5     80      -0.1972      -0.0959      -1.4288      -0.0855      -0.3638
                 -0.2990      -0.8914      -0.3828      -0.2867      -0.4147
   5    100      -0.1965      -0.0935      -1.4293      -0.0830      -0.3640
                 -0.2964      -0.8917      -0.3798      -0.2860      -0.4150
 
 group  inft   Estimated free energy: 3-th solvent contribution (kcal/mol)
   1      0      -3.1459      -3.6247      -2.6363      -3.6590      -3.5778
                 -3.7643      -3.1039      -3.6047      -3.6579      -3.5757
   1     60      -3.1671      -3.6459      -2.6577      -3.6801      -3.5990
                 -3.7855      -3.1251      -3.6259      -3.6791      -3.5968
   1     80      -3.3474      -3.8263      -2.8388      -3.8602      -3.7799
                 -3.9660      -3.3056      -3.8064      -3.8595      -3.7773
   1    100      -4.0083      -4.4896      -3.5001      -4.5225      -4.4447
                 -4.6287      -3.9677      -4.4695      -4.5230      -4.4413
   2      0      -3.1500      -3.6258      -2.6369      -3.6622      -3.5802
                 -3.7663      -3.1038      -3.6080      -3.6600      -3.5778
   3      0      -3.1529      -3.6282      -2.6386      -3.6622      -3.5820
                 -3.7698      -3.1051      -3.6116      -3.6629      -3.5757
   4      0      -3.1470      -3.6185      -2.6345      -3.6575      -3.5820
                 -3.7636      -3.0988      -3.6100      -3.6550      -3.5731
   5      0      -3.1461      -3.6300      -2.6349      -3.6587      -3.5823
                 -3.7692      -3.1013      -3.6115      -3.6576      -3.5796
   5     60      -3.1749      -3.6587      -2.6640      -3.6874      -3.6111
                 -3.7980      -3.1302      -3.6403      -3.6864      -3.6083
   5     80      -3.3999      -3.8841      -2.8901      -3.9123      -3.8370
                 -4.0234      -3.3555      -3.8657      -3.9118      -3.8338
   5    100      -4.0091      -4.4953      -3.4992      -4.5227      -4.4497
                 -4.6343      -3.9655      -4.4768      -4.5235      -4.4461
 
 
 cumulative average & 95% error for solvation free energy
              total             1st component         2nd component         3rd component
  1    -3.8202               -0.4698               -0.1974               -3.1529
  2    -3.7884     0.0636    -0.2494     0.4407    -0.1483     0.0982    -3.3906     0.4753
  3    -3.8383     0.1063    -0.1224     0.3595    -0.5758     0.8570    -3.1399     0.5715
  4    -3.8185     0.0849    -0.0939     0.2605    -0.4540     0.6531    -3.2705     0.4811
  5    -3.8173     0.0658    -0.0481     0.2216    -0.4363     0.5071    -3.3328     0.3930
  6    -3.8009     0.0630     0.0196     0.2261    -0.4148     0.4163    -3.4056     0.3524
  7    -3.8120     0.0577     0.0332     0.1930    -0.4824     0.3769    -3.3627     0.3099
  8    -3.8158     0.0505     0.0480     0.1697    -0.4699     0.3274    -3.3938     0.2755
  9    -3.8094     0.0463     0.0647     0.1534    -0.4503     0.2914    -3.4237     0.2503
 10    -3.8230     0.0496     0.0630     0.1372    -0.4470     0.2607    -3.4389     0.2259
