 ERmod 0.3.7, Copyright (C) 2000-2019 Nobuyuki Matubayasi
                            2010-2019 Shun Sakuraba
 ERmod comes with ABSOLUTELY NO WARRANTY.
 This is free software, and you can redistribute it
 and/or modify it under certain conditions.
 See LICENSE file for details.
 ERmod 0.3.7, Copyright (C) 2000-2019 Nobuyuki Matubayasi
                            2010-2019 Shun Sakuraba
 ERmod comes with ABSOLUTELY NO WARRANTY.
 This is free software, and you can redistribute it
 and/or modify it under certain conditions.
 See LICENSE file for details.
 
  Number of the   1-th solvent  =          180
  Number of the   2-th solvent  =          180
  Number of the   3-th solvent  =        10000
 
  Be sure that the solvent distribution is homogeneous (radial distribution function is essentially unity) when the solvent molecule is separated beyond distance of   10.0 Angstrom in any direction from any atom within the solute molecule
 
  LJ long-range correction    =        -0.0004     -0.0067     -0.1352
 
  Self-energy of the solute   =         0.0000  kcal/mol
 
 
 cumulative average & 95% error for solvation energy
              total             1st component         2nd component         3rd component
  1    -4.0431                0.0462               -0.1494               -3.9399
  2    -4.0483     0.0103     0.0476     0.0027    -0.1583     0.0178    -3.9375     0.0049
  3    -4.0362     0.0249     0.0476     0.0016    -0.1440     0.0304    -3.9398     0.0053
  4    -4.0320     0.0195     0.0470     0.0016    -0.1406     0.0226    -3.9385     0.0046
  5    -4.0352     0.0163     0.0475     0.0015    -0.1402     0.0175    -3.9424     0.0086
  6    -4.0343     0.0135     0.0477     0.0013    -0.1431     0.0154    -3.9389     0.0100
  7    -4.0404     0.0167     0.0475     0.0012    -0.1471     0.0153    -3.9408     0.0092
  8    -4.0413     0.0146     0.0471     0.0013    -0.1519     0.0164    -3.9365     0.0118
  9    -4.0400     0.0131     0.0472     0.0011    -0.1527     0.0145    -3.9345     0.0111
 10    -4.0402     0.0117     0.0474     0.0011    -0.1525     0.0130    -3.9350     0.0100
 
 
 group  inft  solvation free energy     error          difference
  total solvation free energy
   1      0          2.73249           0.00983           0.00903
   1     60          2.71371           0.00990          -0.00975
   1     80          2.60886           0.01034          -0.11459
   1    100          2.31828           0.01168          -0.40518
   2      0          2.73242           0.00977           0.00896
   3      0          2.72346           0.00971           0.00000
   4      0          2.78676           0.00922           0.06330
   5      0          2.74131           0.00928           0.01785
   5     60          2.71674           0.00936          -0.00672
   5     80          2.59015           0.00987          -0.13330
   5    100          2.32083           0.01107          -0.40263
 
  contribution from  1-th solvent component
   1      0          0.05559           0.00390           0.00566
   1     60          0.05603           0.00387           0.00609
   1     80          0.05864           0.00392           0.00871
   1    100          0.06419           0.00430           0.01426
   2      0          0.05347           0.00385           0.00353
   3      0          0.04993           0.00361           0.00000
   4      0          0.04981           0.00367          -0.00013
   5      0          0.04934           0.00360          -0.00059
   5     60          0.04996           0.00356           0.00003
   5     80          0.05282           0.00364           0.00289
   5    100          0.05739           0.00405           0.00746
 
  contribution from  2-th solvent component
   1      0         -0.00236           0.00998           0.00350
   1     60         -0.00252           0.01004           0.00334
   1     80         -0.00385           0.01039           0.00201
   1    100         -0.00791           0.01126          -0.00205
   2      0         -0.00508           0.00965           0.00078
   3      0         -0.00586           0.00963           0.00000
   4      0         -0.00699           0.00954          -0.00113
   5      0         -0.00764           0.00952          -0.00178
   5     60         -0.00792           0.00960          -0.00206
   5     80         -0.00970           0.00999          -0.00384
   5    100         -0.01370           0.01074          -0.00784
 
  contribution from  3-th solvent component
   1      0          2.67925           0.00940          -0.00013
   1     60          2.66021           0.00944          -0.01918
   1     80          2.55408           0.00972          -0.12531
   1    100          2.26199           0.01056          -0.41739
   2      0          2.68404           0.00889           0.00465
   3      0          2.67938           0.00903           0.00000
   4      0          2.74394           0.00818           0.06456
   5      0          2.69961           0.00891           0.02022
   5     60          2.67469           0.00896          -0.00469
   5     80          2.54703           0.00926          -0.13236
   5    100          2.27714           0.00998          -0.40224
 
 
 group  inft   Estimated free energy: total (kcal/mol)
   1      0       2.7330       2.7289       2.7590       2.7344       2.7262
                  2.7247       2.7074       2.7475       2.7161       2.7477
   1     60       2.7143       2.7100       2.7405       2.7158       2.7073
                  2.7058       2.6886       2.7287       2.6971       2.7290
   1     80       2.6097       2.6047       2.6371       2.6109       2.6023
                  2.6006       2.5828       2.6240       2.5914       2.6250
   1    100       2.3187       2.3137       2.3506       2.3197       2.3119
                  2.3094       2.2890       2.3348       2.2982       2.3369
   2      0       2.7331       2.7289       2.7584       2.7359       2.7280
                  2.7234       2.7084       2.7469       2.7140       2.7471
   3      0       2.7245       2.7199       2.7492       2.7273       2.7182
                  2.7133       2.6997       2.7392       2.7061       2.7372
   4      0       2.7878       2.7817       2.8127       2.7917       2.7836
                  2.7777       2.7642       2.7989       2.7701       2.7993
   5      0       2.7422       2.7398       2.7661       2.7448       2.7369
                  2.7324       2.7180       2.7570       2.7238       2.7520
   5     60       2.7177       2.7150       2.7419       2.7203       2.7122
                  2.7078       2.6934       2.7324       2.6991       2.7275
   5     80       2.5913       2.5881       2.6170       2.5937       2.5856
                  2.5807       2.5658       2.6061       2.5713       2.6019
   5    100       2.3214       2.3185       2.3513       2.3237       2.3167
                  2.3109       2.2935       2.3379       2.2994       2.3349
 
 group  inft   Estimated free energy: 1-th solvent contribution (kcal/mol)
   1      0       0.0509       0.0661       0.0505       0.0455       0.0595
                  0.0632       0.0540       0.0553       0.0538       0.0570
   1     60       0.0514       0.0665       0.0509       0.0460       0.0599
                  0.0636       0.0545       0.0557       0.0542       0.0574
   1     80       0.0539       0.0692       0.0535       0.0486       0.0625
                  0.0664       0.0570       0.0582       0.0568       0.0602
   1    100       0.0587       0.0757       0.0590       0.0532       0.0687
                  0.0725       0.0619       0.0636       0.0621       0.0665
   2      0       0.0481       0.0638       0.0480       0.0439       0.0584
                  0.0601       0.0517       0.0544       0.0514       0.0549
   3      0       0.0449       0.0593       0.0446       0.0409       0.0550
                  0.0558       0.0485       0.0509       0.0482       0.0513
   4      0       0.0441       0.0590       0.0446       0.0410       0.0554
                  0.0562       0.0481       0.0509       0.0481       0.0507
   5      0       0.0446       0.0591       0.0435       0.0411       0.0549
                  0.0551       0.0480       0.0495       0.0475       0.0501
   5     60       0.0453       0.0597       0.0441       0.0418       0.0554
                  0.0558       0.0487       0.0501       0.0481       0.0507
   5     80       0.0479       0.0628       0.0470       0.0445       0.0583
                  0.0588       0.0514       0.0529       0.0509       0.0537
   5    100       0.0517       0.0683       0.0515       0.0481       0.0636
                  0.0639       0.0552       0.0572       0.0551       0.0591
 
 group  inft   Estimated free energy: 2-th solvent contribution (kcal/mol)
   1      0      -0.0018      -0.0148       0.0317       0.0125       0.0040
                 -0.0086      -0.0141      -0.0229      -0.0099       0.0003
   1     60      -0.0020      -0.0151       0.0318       0.0124       0.0039
                 -0.0088      -0.0143      -0.0231      -0.0101       0.0001
   1     80      -0.0033      -0.0167       0.0319       0.0113       0.0028
                 -0.0104      -0.0161      -0.0250      -0.0117      -0.0013
   1    100      -0.0073      -0.0217       0.0315       0.0079      -0.0009
                 -0.0149      -0.0212      -0.0303      -0.0165      -0.0057
   2      0      -0.0046      -0.0171       0.0286       0.0087       0.0009
                 -0.0118      -0.0160      -0.0244      -0.0122      -0.0030
   3      0      -0.0051      -0.0181       0.0281       0.0077      -0.0006
                 -0.0130      -0.0162      -0.0249      -0.0128      -0.0038
   4      0      -0.0063      -0.0191       0.0265       0.0067      -0.0012
                 -0.0143      -0.0170      -0.0257      -0.0139      -0.0058
   5      0      -0.0064      -0.0192       0.0258       0.0061      -0.0023
                 -0.0146      -0.0180      -0.0266      -0.0150      -0.0061
   5     60      -0.0067      -0.0195       0.0258       0.0058      -0.0025
                 -0.0149      -0.0184      -0.0270      -0.0154      -0.0064
   5     80      -0.0085      -0.0217       0.0257       0.0044      -0.0041
                 -0.0169      -0.0206      -0.0293      -0.0175      -0.0084
   5    100      -0.0125      -0.0264       0.0249       0.0010      -0.0079
                 -0.0213      -0.0255      -0.0343      -0.0222      -0.0127
 
 group  inft   Estimated free energy: 3-th solvent contribution (kcal/mol)
   1      0       2.6839       2.6776       2.6768       2.6765       2.6626
                  2.6702       2.6674       2.7150       2.6722       2.6903
   1     60       2.6649       2.6585       2.6577       2.6574       2.6436
                  2.6511       2.6484       2.6961       2.6530       2.6714
   1     80       2.5591       2.5522       2.5517       2.5510       2.5371
                  2.5446       2.5418       2.5908       2.5463       2.5661
   1    100       2.2674       2.2597       2.2600       2.2586       2.2441
                  2.2518       2.2483       2.3015       2.2526       2.2761
   2      0       2.6895       2.6822       2.6818       2.6833       2.6687
                  2.6751       2.6727       2.7169       2.6749       2.6952
   3      0       2.6847       2.6787       2.6765       2.6787       2.6638
                  2.6705       2.6674       2.7132       2.6706       2.6897
   4      0       2.7501       2.7417       2.7415       2.7440       2.7293
                  2.7357       2.7331       2.7737       2.7359       2.7544
   5      0       2.7040       2.6998       2.6969       2.6977       2.6843
                  2.6919       2.6880       2.7341       2.6914       2.7081
   5     60       2.6792       2.6749       2.6720       2.6727       2.6593
                  2.6669       2.6631       2.7093       2.6663       2.6833
   5     80       2.5518       2.5470       2.5444       2.5448       2.5315
                  2.5388       2.5350       2.5826       2.5379       2.5566
   5    100       2.2822       2.2766       2.2750       2.2747       2.2609
                  2.2682       2.2638       2.3150       2.2665       2.2885
 
 
 cumulative average & 95% error for solvation free energy
              total             1st component         2nd component         3rd component
  1     2.7245                0.0449               -0.0051                2.6847
  2     2.7222     0.0046     0.0521     0.0145    -0.0116     0.0131     2.6817     0.0061
  3     2.7312     0.0182     0.0496     0.0098     0.0016     0.0275     2.6800     0.0049
  4     2.7302     0.0130     0.0474     0.0082     0.0032     0.0197     2.6797     0.0035
  5     2.7278     0.0112     0.0489     0.0070     0.0024     0.0153     2.6765     0.0069
  6     2.7254     0.0103     0.0501     0.0062    -0.0001     0.0135     2.6755     0.0060
  7     2.7217     0.0114     0.0498     0.0052    -0.0024     0.0123     2.6743     0.0056
  8     2.7239     0.0108     0.0500     0.0045    -0.0053     0.0121     2.6792     0.0109
  9     2.7219     0.0103     0.0498     0.0040    -0.0061     0.0108     2.6782     0.0098
 10     2.7235     0.0097     0.0499     0.0036    -0.0059     0.0096     2.6794     0.0090
