 ERmod 0.3.7, Copyright (C) 2000-2019 Nobuyuki Matubayasi
                            2010-2019 Shun Sakuraba
 ERmod comes with ABSOLUTELY NO WARRANTY.
 This is free software, and you can redistribute it
 and/or modify it under certain conditions.
 See LICENSE file for details.
 ERmod 0.3.7, Copyright (C) 2000-2019 Nobuyuki Matubayasi
                            2010-2019 Shun Sakuraba
 ERmod comes with ABSOLUTELY NO WARRANTY.
 This is free software, and you can redistribute it
 and/or modify it under certain conditions.
 See LICENSE file for details.
 
  Number of the   1-th solvent  =           90
  Number of the   2-th solvent  =           90
  Number of the   3-th solvent  =        10000
 
  Be sure that the solvent distribution is homogeneous (radial distribution function is essentially unity) when the solvent molecule is separated beyond distance of   10.0 Angstrom in any direction from any atom within the solute molecule
 
  LJ long-range correction    =        -0.0018     -0.0101     -0.1912
 
  Self-energy of the solute   =        -0.0001  kcal/mol
 
 
 cumulative average & 95% error for solvation energy
              total             1st component         2nd component         3rd component
  1   -18.1339               -0.4653               -0.8772              -16.7914
  2   -18.1376     0.0073    -0.5162     0.1019    -0.8135     0.1273   -16.8077     0.0327
  3   -18.0996     0.0760    -0.5455     0.0830    -0.8314     0.0817   -16.7227     0.1711
  4   -18.1172     0.0642    -0.6402     0.1983    -0.8539     0.0733   -16.6230     0.2332
  5   -18.1111     0.0512    -0.6772     0.1705    -0.7841     0.1508   -16.6498     0.1884
  6   -18.1050     0.0436    -0.7430     0.1916    -0.7303     0.1635   -16.6316     0.1581
  7   -18.1012     0.0376    -0.7141     0.1719    -0.7596     0.1501   -16.6273     0.1339
  8   -18.1019     0.0326    -0.8604     0.3283    -0.7803     0.1364   -16.4611     0.3521
  9   -18.1073     0.0307    -0.8467     0.2908    -0.7809     0.1203   -16.4796     0.3127
 10   -18.1104     0.0281    -0.8081     0.2713    -0.7438     0.1308   -16.5584     0.3210
 
 
 group  inft  solvation free energy     error          difference
  total solvation free energy
   1      0         -4.67968           0.06513          -0.00825
   1     60         -4.70761           0.06507          -0.03619
   1     80         -4.85896           0.06477          -0.18754
   1    100         -5.26055           0.06406          -0.58913
   2      0         -4.67460           0.06323          -0.00317
   3      0         -4.67143           0.06237           0.00000
   4      0         -4.66327           0.06301           0.00816
   5      0         -4.66818           0.06138           0.00324
   5     60         -4.70454           0.06130          -0.03311
   5     80         -4.88439           0.06089          -0.21296
   5    100         -5.24944           0.06017          -0.57802
 
  contribution from  1-th solvent component
   1      0         -0.35174           0.15789          -0.00197
   1     60         -0.35186           0.15789          -0.00209
   1     80         -0.35258           0.15794          -0.00281
   1    100         -0.35476           0.15806          -0.00499
   2      0         -0.35118           0.15588          -0.00141
   3      0         -0.34977           0.15548          -0.00000
   4      0         -0.34901           0.15511           0.00076
   5      0         -0.34808           0.15424           0.00169
   5     60         -0.34826           0.15424           0.00151
   5     80         -0.34924           0.15427           0.00053
   5    100         -0.35143           0.15431          -0.00166
 
  contribution from  2-th solvent component
   1      0         -0.43371           0.07796          -0.00699
   1     60         -0.43415           0.07796          -0.00743
   1     80         -0.43643           0.07798          -0.00971
   1    100         -0.44224           0.07801          -0.01551
   2      0         -0.42970           0.07748          -0.00298
   3      0         -0.42672           0.07659           0.00000
   4      0         -0.42526           0.07682           0.00146
   5      0         -0.42400           0.07636           0.00272
   5     60         -0.42458           0.07636           0.00214
   5     80         -0.42732           0.07637          -0.00060
   5    100         -0.43263           0.07636          -0.00591
 
  contribution from  3-th solvent component
   1      0         -3.89415           0.14813           0.00071
   1     60         -3.92152           0.14820          -0.02667
   1     80         -4.06987           0.14858          -0.17502
   1    100         -4.46347           0.14939          -0.56862
   2      0         -3.89364           0.14838           0.00121
   3      0         -3.89486           0.14787           0.00000
   4      0         -3.88892           0.14759           0.00593
   5      0         -3.89603           0.14774          -0.00117
   5     60         -3.93162           0.14784          -0.03676
   5     80         -4.10774           0.14827          -0.21289
   5    100         -4.46530           0.14898          -0.57045
 
 
 group  inft   Estimated free energy: total (kcal/mol)
   1      0      -4.7104      -4.6320      -4.6190      -4.7736      -4.7170
                 -4.6401      -4.5749      -4.9040      -4.6701      -4.5557
   1     60      -4.7383      -4.6601      -4.6468      -4.8016      -4.7450
                 -4.6680      -4.6030      -4.9316      -4.6980      -4.5838
   1     80      -4.8893      -4.8121      -4.7978      -4.9532      -4.8964
                 -4.8192      -4.7550      -5.0815      -4.8496      -4.7355
   1    100      -5.2897      -5.2149      -5.1993      -5.3554      -5.2978
                 -5.2203      -5.1584      -5.4798      -5.2519      -5.1379
   2      0      -4.7148      -4.6211      -4.6168      -4.7660      -4.7072
                 -4.6331      -4.5643      -4.8928      -4.6604      -4.5696
   3      0      -4.7109      -4.6163      -4.6158      -4.7637      -4.7019
                 -4.6309      -4.5571      -4.8850      -4.6612      -4.5715
   4      0      -4.7031      -4.6094      -4.6046      -4.7572      -4.6927
                 -4.6199      -4.5498      -4.8805      -4.6500      -4.5654
   5      0      -4.7066      -4.6163      -4.6104      -4.7561      -4.6969
                 -4.6296      -4.5530      -4.8819      -4.6527      -4.5783
   5     60      -4.7428      -4.6529      -4.6466      -4.7924      -4.7333
                 -4.6659      -4.5896      -4.9179      -4.6890      -4.6149
   5     80      -4.9223      -4.8336      -4.8262      -4.9725      -4.9130
                 -4.8455      -4.7703      -5.0959      -4.8691      -4.7954
   5    100      -5.2864      -5.1997      -5.1912      -5.3381      -5.2777
                 -5.2101      -5.1370      -5.4579      -5.2348      -5.1616
 
 group  inft   Estimated free energy: 1-th solvent contribution (kcal/mol)
   1      0      -0.1761      -0.2037      -0.2143      -0.4592      -0.3722
                 -0.4781      -0.1762      -0.9735      -0.3192      -0.1448
   1     60      -0.1762      -0.2039      -0.2144      -0.4594      -0.3724
                 -0.4782      -0.1763      -0.9737      -0.3193      -0.1449
   1     80      -0.1769      -0.2047      -0.2150      -0.4602      -0.3732
                 -0.4788      -0.1771      -0.9745      -0.3201      -0.1453
   1    100      -0.1789      -0.2070      -0.2171      -0.4627      -0.3756
                 -0.4808      -0.1794      -0.9771      -0.3225      -0.1466
   2      0      -0.1822      -0.1974      -0.2183      -0.4581      -0.3658
                 -0.4786      -0.1726      -0.9667      -0.3127      -0.1594
   3      0      -0.1816      -0.1953      -0.2195      -0.4569      -0.3603
                 -0.4775      -0.1687      -0.9638      -0.3134      -0.1607
   4      0      -0.1811      -0.1947      -0.2166      -0.4562      -0.3599
                 -0.4747      -0.1695      -0.9626      -0.3106      -0.1641
   5      0      -0.1784      -0.1949      -0.2187      -0.4506      -0.3567
                 -0.4768      -0.1693      -0.9587      -0.3097      -0.1669
   5     60      -0.1786      -0.1951      -0.2189      -0.4508      -0.3569
                 -0.4770      -0.1695      -0.9589      -0.3099      -0.1671
   5     80      -0.1795      -0.1962      -0.2198      -0.4519      -0.3580
                 -0.4778      -0.1706      -0.9600      -0.3109      -0.1678
   5    100      -0.1816      -0.1985      -0.2220      -0.4542      -0.3603
                 -0.4797      -0.1729      -0.9624      -0.3132      -0.1695
 
 group  inft   Estimated free energy: 2-th solvent contribution (kcal/mol)
   1      0      -0.5240      -0.4384      -0.4773      -0.5365      -0.3593
                 -0.2921      -0.4704      -0.6261      -0.4058      -0.2071
   1     60      -0.5245      -0.4388      -0.4778      -0.5370      -0.3597
                 -0.2926      -0.4709      -0.6265      -0.4062      -0.2075
   1     80      -0.5268      -0.4411      -0.4801      -0.5393      -0.3620
                 -0.2949      -0.4732      -0.6288      -0.4085      -0.2096
   1    100      -0.5327      -0.4471      -0.4860      -0.5451      -0.3679
                 -0.3009      -0.4791      -0.6345      -0.4141      -0.2150
   2      0      -0.5220      -0.4335      -0.4723      -0.5303      -0.3551
                 -0.2866      -0.4623      -0.6237      -0.4033      -0.2080
   3      0      -0.5194      -0.4305      -0.4697      -0.5281      -0.3539
                 -0.2828      -0.4577      -0.6152      -0.4027      -0.2072
   4      0      -0.5177      -0.4274      -0.4666      -0.5256      -0.3528
                 -0.2816      -0.4574      -0.6183      -0.3979      -0.2073
   5      0      -0.5165      -0.4270      -0.4650      -0.5219      -0.3528
                 -0.2814      -0.4570      -0.6159      -0.3958      -0.2066
   5     60      -0.5171      -0.4275      -0.4656      -0.5225      -0.3534
                 -0.2820      -0.4576      -0.6165      -0.3963      -0.2072
   5     80      -0.5199      -0.4304      -0.4684      -0.5252      -0.3561
                 -0.2849      -0.4604      -0.6192      -0.3990      -0.2098
   5    100      -0.5253      -0.4358      -0.4737      -0.5305      -0.3614
                 -0.2903      -0.4657      -0.6243      -0.4043      -0.2150
 
 group  inft   Estimated free energy: 3-th solvent contribution (kcal/mol)
   1      0      -4.0102      -3.9898      -3.9273      -3.7778      -3.9854
                 -3.8698      -3.9282      -3.3043      -3.9451      -4.2037
   1     60      -4.0375      -4.0173      -3.9545      -3.8052      -4.0128
                 -3.8971      -3.9557      -3.3314      -3.9724      -4.2313
   1     80      -4.1855      -4.1663      -4.1026      -3.9536      -4.1611
                 -4.0453      -4.1046      -3.4781      -4.1209      -4.3806
   1    100      -4.5780      -4.5608      -4.4962      -4.3476      -4.5542
                 -4.4385      -4.4999      -3.8682      -4.5152      -4.7762
   2      0      -4.0105      -3.9901      -3.9261      -3.7775      -3.9863
                 -3.8679      -3.9294      -3.3023      -3.9443      -4.2021
   3      0      -4.0098      -3.9905      -3.9265      -3.7786      -3.9876
                 -3.8705      -3.9306      -3.3059      -3.9451      -4.2035
   4      0      -4.0041      -3.9872      -3.9214      -3.7753      -3.9799
                 -3.8636      -3.9228      -3.2995      -3.9415      -4.1939
   5      0      -4.0116      -3.9944      -3.9266      -3.7835      -3.9873
                 -3.8713      -3.9266      -3.3072      -3.9472      -4.2047
   5     60      -4.0471      -4.0302      -3.9620      -3.8191      -4.0229
                 -3.9069      -3.9624      -3.3424      -3.9827      -4.2406
   5     80      -4.2228      -4.2070      -4.1379      -3.9954      -4.1988
                 -4.0828      -4.1392      -3.5167      -4.1591      -4.4178
   5    100      -4.5794      -4.5653      -4.4954      -4.3532      -4.5559
                 -4.4401      -4.4983      -3.8711      -4.5173      -4.7770
 
 
 cumulative average & 95% error for solvation free energy
              total             1st component         2nd component         3rd component
  1    -4.7109               -0.1816               -0.5194               -4.0098
  2    -4.6636     0.0946    -0.1884     0.0137    -0.4749     0.0890    -4.0001     0.0193
  3    -4.6477     0.0632    -0.1988     0.0222    -0.4732     0.0515    -3.9756     0.0503
  4    -4.6767     0.0732    -0.2633     0.1300    -0.4869     0.0456    -3.9263     0.1047
  5    -4.6817     0.0576    -0.2827     0.1079    -0.4603     0.0638    -3.9386     0.0848
  6    -4.6732     0.0500    -0.3152     0.1095    -0.4307     0.0789    -3.9272     0.0728
  7    -4.6567     0.0537    -0.2943     0.1015    -0.4346     0.0671    -3.9277     0.0616
  8    -4.6852     0.0736    -0.3780     0.1891    -0.4572     0.0736    -3.8500     0.1643
  9    -4.6825     0.0652    -0.3708     0.1674    -0.4511     0.0660    -3.8606     0.1465
 10    -4.6714     0.0624    -0.3498     0.1555    -0.4267     0.0766    -3.8949     0.1479
