 ERmod 0.3.7, Copyright (C) 2000-2019 Nobuyuki Matubayasi
                            2010-2019 Shun Sakuraba
 ERmod comes with ABSOLUTELY NO WARRANTY.
 This is free software, and you can redistribute it
 and/or modify it under certain conditions.
 See LICENSE file for details.
 ERmod 0.3.7, Copyright (C) 2000-2019 Nobuyuki Matubayasi
                            2010-2019 Shun Sakuraba
 ERmod comes with ABSOLUTELY NO WARRANTY.
 This is free software, and you can redistribute it
 and/or modify it under certain conditions.
 See LICENSE file for details.
 
  Number of the   1-th solvent  =           90
  Number of the   2-th solvent  =           90
  Number of the   3-th solvent  =        10000
 
  Be sure that the solvent distribution is homogeneous (radial distribution function is essentially unity) when the solvent molecule is separated beyond distance of   10.0 Angstrom in any direction from any atom within the solute molecule
 
  LJ long-range correction    =        -0.0023     -0.0017     -0.2443
 
  Self-energy of the solute   =         0.0000  kcal/mol
 
 
 cumulative average & 95% error for solvation energy
              total             1st component         2nd component         3rd component
  1    -6.7650                0.0121               -0.0895               -6.6876
  2    -6.7501     0.0300     0.0287     0.0333    -0.0887     0.0015    -6.6901     0.0049
  3    -6.7401     0.0263     0.0342     0.0221    -0.0882     0.0013    -6.6861     0.0085
  4    -6.7377     0.0192     0.0372     0.0167    -0.0888     0.0014    -6.6861     0.0060
  5    -6.7354     0.0156     0.0361     0.0131    -0.0891     0.0013    -6.6824     0.0087
  6    -6.7302     0.0165     0.0316     0.0139    -0.0875     0.0034    -6.6744     0.0175
  7    -6.7311     0.0140     0.0319     0.0118    -0.0868     0.0032    -6.6762     0.0153
  8    -6.7300     0.0123     0.0338     0.0108    -0.0865     0.0028    -6.6773     0.0134
  9    -6.7301     0.0109     0.0357     0.0103    -0.0859     0.0027    -6.6798     0.0129
 10    -6.7330     0.0113     0.0343     0.0097    -0.0861     0.0025    -6.6811     0.0118
 
 
 group  inft  solvation free energy     error          difference
  total solvation free energy
   1      0          2.80064           0.01223          -0.00478
   1     60          2.78772           0.01227          -0.01769
   1     80          2.69209           0.01262          -0.11333
   1    100          2.37501           0.01399          -0.43040
   2      0          2.79648           0.01144          -0.00893
   3      0          2.80541           0.01153           0.00000
   4      0          2.81450           0.01138           0.00908
   5      0          2.86950           0.01140           0.06409
   5     60          2.85212           0.01146           0.04671
   5     80          2.73441           0.01190          -0.07100
   5    100          2.44040           0.01316          -0.36501
 
  contribution from  1-th solvent component
   1      0          0.10220           0.00812           0.00246
   1     60          0.10221           0.00815           0.00247
   1     80          0.10228           0.00846           0.00253
   1    100          0.10184           0.00961           0.00209
   2      0          0.10013           0.00751           0.00039
   3      0          0.09974           0.00751           0.00000
   4      0          0.09900           0.00726          -0.00074
   5      0          0.09905           0.00734          -0.00070
   5     60          0.09904           0.00738          -0.00070
   5     80          0.09891           0.00775          -0.00083
   5    100          0.09808           0.00874          -0.00166
 
  contribution from  2-th solvent component
   1      0         -0.04978           0.00701           0.00312
   1     60         -0.04952           0.00704           0.00338
   1     80         -0.04838           0.00722           0.00452
   1    100         -0.04593           0.00795           0.00697
   2      0         -0.05209           0.00645           0.00081
   3      0         -0.05290           0.00625           0.00000
   4      0         -0.05285           0.00614           0.00005
   5      0         -0.05361           0.00581          -0.00070
   5     60         -0.05329           0.00585          -0.00038
   5     80         -0.05195           0.00609           0.00095
   5    100         -0.04979           0.00678           0.00311
 
  contribution from  3-th solvent component
   1      0          2.74821           0.00956          -0.01035
   1     60          2.73502           0.00959          -0.02354
   1     80          2.63818           0.00975          -0.12038
   1    100          2.31909           0.01032          -0.43947
   2      0          2.74843           0.00938          -0.01013
   3      0          2.75856           0.00966           0.00000
   4      0          2.76834           0.00919           0.00977
   5      0          2.82405           0.00975           0.06549
   5     60          2.80636           0.00978           0.04779
   5     80          2.68744           0.00998          -0.07112
   5    100          2.39210           0.01052          -0.36646
 
 
 group  inft   Estimated free energy: total (kcal/mol)
   1      0       2.7765       2.7734       2.8130       2.8006       2.7999
                  2.8381       2.8006       2.7951       2.8192       2.7901
   1     60       2.7635       2.7604       2.8002       2.7877       2.7869
                  2.8252       2.7876       2.7822       2.8064       2.7772
   1     80       2.6670       2.6639       2.7053       2.6922       2.6908
                  2.7300       2.6920       2.6867       2.7120       2.6810
   1    100       2.3469       2.3436       2.3912       2.3754       2.3719
                  2.4146       2.3746       2.3702       2.3995       2.3622
   2      0       2.7746       2.7717       2.8097       2.7957       2.7958
                  2.8334       2.7958       2.7914       2.8102       2.7866
   3      0       2.7843       2.7812       2.8201       2.8028       2.8066
                  2.8425       2.8028       2.7980       2.8198       2.7960
   4      0       2.7946       2.7893       2.8273       2.8140       2.8142
                  2.8501       2.8137       2.8077       2.8311       2.8029
   5      0       2.8488       2.8436       2.8831       2.8680       2.8705
                  2.9054       2.8674       2.8623       2.8847       2.8614
   5     60       2.8313       2.8261       2.8658       2.8506       2.8531
                  2.8881       2.8500       2.8449       2.8675       2.8440
   5     80       2.7126       2.7074       2.7490       2.7331       2.7347
                  2.7710       2.7322       2.7272       2.7513       2.7256
   5    100       2.4159       2.4102       2.4578       2.4392       2.4390
                  2.4788       2.4380       2.4334       2.4615       2.4301
 
 group  inft   Estimated free energy: 1-th solvent contribution (kcal/mol)
   1      0       0.0869       0.1089       0.1138       0.1130       0.0984
                  0.0830       0.0981       0.1066       0.1224       0.0910
   1     60       0.0868       0.1090       0.1138       0.1130       0.0984
                  0.0829       0.0981       0.1066       0.1225       0.0910
   1     80       0.0863       0.1091       0.1146       0.1135       0.0981
                  0.0824       0.0978       0.1069       0.1233       0.0905
   1    100       0.0840       0.1089       0.1167       0.1148       0.0965
                  0.0800       0.0961       0.1071       0.1258       0.0883
   2      0       0.0860       0.1063       0.1120       0.1105       0.0971
                  0.0820       0.0961       0.1036       0.1178       0.0899
   3      0       0.0856       0.1059       0.1119       0.1098       0.0972
                  0.0814       0.0955       0.1028       0.1174       0.0897
   4      0       0.0852       0.1052       0.1106       0.1091       0.0969
                  0.0813       0.0949       0.1019       0.1158       0.0892
   5      0       0.0857       0.1047       0.1113       0.1092       0.0965
                  0.0810       0.0948       0.1021       0.1160       0.0891
   5     60       0.0856       0.1047       0.1114       0.1093       0.0965
                  0.0809       0.0947       0.1021       0.1161       0.0890
   5     80       0.0849       0.1047       0.1121       0.1097       0.0960
                  0.0802       0.0941       0.1022       0.1169       0.0883
   5    100       0.0825       0.1040       0.1136       0.1104       0.0942
                  0.0777       0.0920       0.1018       0.1186       0.0860
 
 group  inft   Estimated free energy: 2-th solvent contribution (kcal/mol)
   1      0      -0.0548      -0.0629      -0.0499      -0.0612      -0.0613
                 -0.0276      -0.0401      -0.0501      -0.0426      -0.0473
   1     60      -0.0546      -0.0626      -0.0496      -0.0610      -0.0611
                 -0.0273      -0.0398      -0.0499      -0.0423      -0.0470
   1     80      -0.0535      -0.0619      -0.0485      -0.0602      -0.0604
                 -0.0257      -0.0383      -0.0487      -0.0408      -0.0458
   1    100      -0.0513      -0.0612      -0.0458      -0.0592      -0.0594
                 -0.0217      -0.0346      -0.0462      -0.0372      -0.0427
   2      0      -0.0562      -0.0639      -0.0513      -0.0632      -0.0632
                 -0.0319      -0.0426      -0.0520      -0.0466      -0.0499
   3      0      -0.0568      -0.0642      -0.0526      -0.0639      -0.0634
                 -0.0332      -0.0443      -0.0531      -0.0468      -0.0507
   4      0      -0.0570      -0.0645      -0.0523      -0.0631      -0.0633
                 -0.0339      -0.0442      -0.0531      -0.0461      -0.0510
   5      0      -0.0567      -0.0646      -0.0548      -0.0639      -0.0628
                 -0.0360      -0.0446      -0.0541      -0.0471      -0.0517
   5     60      -0.0564      -0.0643      -0.0544      -0.0636      -0.0625
                 -0.0356      -0.0442      -0.0538      -0.0467      -0.0514
   5     80      -0.0551      -0.0635      -0.0531      -0.0628      -0.0617
                 -0.0337      -0.0424      -0.0525      -0.0449      -0.0499
   5    100      -0.0532      -0.0629      -0.0507      -0.0620      -0.0609
                 -0.0301      -0.0390      -0.0503      -0.0416      -0.0472
 
 group  inft   Estimated free energy: 3-th solvent contribution (kcal/mol)
   1      0       2.7444       2.7273       2.7491       2.7488       2.7628
                  2.7827       2.7425       2.7386       2.7394       2.7464
   1     60       2.7312       2.7141       2.7359       2.7357       2.7497
                  2.7696       2.7293       2.7254       2.7262       2.7332
   1     80       2.6342       2.6167       2.6391       2.6389       2.6530
                  2.6733       2.6324       2.6285       2.6295       2.6362
   1    100       2.3142       2.2958       2.3202       2.3198       2.3347
                  2.3562       2.3131       2.3094       2.3109       2.3166
   2      0       2.7448       2.7293       2.7489       2.7484       2.7619
                  2.7833       2.7423       2.7398       2.7390       2.7465
   3      0       2.7555       2.7395       2.7608       2.7569       2.7727
                  2.7943       2.7516       2.7482       2.7491       2.7571
   4      0       2.7664       2.7487       2.7690       2.7679       2.7805
                  2.8028       2.7631       2.7589       2.7613       2.7647
   5      0       2.8198       2.8035       2.8265       2.8226       2.8367
                  2.8603       2.8172       2.8142       2.8157       2.8240
   5     60       2.8021       2.7857       2.8089       2.8049       2.8191
                  2.8427       2.7994       2.7965       2.7980       2.8063
   5     80       2.6829       2.6661       2.6900       2.6861       2.7004
                  2.7245       2.6805       2.6774       2.6793       2.6871
   5    100       2.3866       2.3691       2.3949       2.3908       2.4057
                  2.4311       2.3850       2.3819       2.3845       2.3914
 
 
 cumulative average & 95% error for solvation free energy
              total             1st component         2nd component         3rd component
  1     2.7843                0.0856               -0.0568                2.7555
  2     2.7828     0.0030     0.0958     0.0203    -0.0605     0.0074     2.7475     0.0160
  3     2.7952     0.0250     0.1011     0.0159    -0.0579     0.0068     2.7519     0.0128
  4     2.7971     0.0181     0.1033     0.0120    -0.0594     0.0057     2.7532     0.0094
  5     2.7990     0.0145     0.1021     0.0096    -0.0602     0.0047     2.7571     0.0107
  6     2.8063     0.0187     0.0987     0.0105    -0.0557     0.0098     2.7633     0.0151
  7     2.8058     0.0159     0.0982     0.0089    -0.0541     0.0089     2.7616     0.0132
  8     2.8048     0.0139     0.0988     0.0078    -0.0539     0.0077     2.7599     0.0119
  9     2.8065     0.0127     0.1009     0.0080    -0.0531     0.0070     2.7587     0.0108
 10     2.8054     0.0115     0.0997     0.0075    -0.0529     0.0063     2.7586     0.0097
