 ERmod 0.3.7, Copyright (C) 2000-2019 Nobuyuki Matubayasi
                            2010-2019 Shun Sakuraba
 ERmod comes with ABSOLUTELY NO WARRANTY.
 This is free software, and you can redistribute it
 and/or modify it under certain conditions.
 See LICENSE file for details.
 ERmod 0.3.7, Copyright (C) 2000-2019 Nobuyuki Matubayasi
                            2010-2019 Shun Sakuraba
 ERmod comes with ABSOLUTELY NO WARRANTY.
 This is free software, and you can redistribute it
 and/or modify it under certain conditions.
 See LICENSE file for details.
 
  Number of the   1-th solvent  =        10000
 
  Be sure that the solvent distribution is homogeneous (radial distribution function is essentially unity) when the solvent molecule is separated beyond distance of   10.0 Angstrom in any direction from any atom within the solute molecule
 
  LJ long-range correction    =        -0.7340
 
  Self-energy of the solute   =        -0.0001  kcal/mol
 
 
 cumulative average & 95% error for solvation energy
  1   -30.2393
  2   -30.2235     0.0316
  3   -30.2357     0.0305
  4   -30.2121     0.0518
  5   -30.2337     0.0589
  6   -30.2317     0.0482
  7   -30.2309     0.0408
  8   -30.2419     0.0416
  9   -30.2495     0.0397
 10   -30.2418     0.0388
 
 
 group  inft  solvation free energy     error          difference
   1      0         -3.65564           0.02920           0.00242
   1     60         -3.67652           0.02920          -0.01845
   1     80         -3.88235           0.02934          -0.22429
   1    100         -4.69742           0.03040          -1.03935
   2      0         -3.65821           0.02978          -0.00015
   3      0         -3.65806           0.02913           0.00000
   4      0         -3.65571           0.02887           0.00235
   5      0         -3.65083           0.02885           0.00723
   5     60         -3.67957           0.02884          -0.02151
   5     80         -3.94117           0.02905          -0.28311
   5    100         -4.69361           0.03001          -1.03555
 
 
 group  inft   Estimated free energy (kcal/mol)
   1      0      -3.6757      -3.6231      -3.6877      -3.5959      -3.6779
                 -3.6286      -3.6125      -3.7187      -3.7218      -3.6145
   1     60      -3.6965      -3.6441      -3.7086      -3.6168      -3.6988
                 -3.6495      -3.6334      -3.7396      -3.7427      -3.6354
   1     80      -3.9019      -3.8504      -3.9147      -3.8221      -3.9049
                 -3.8548      -3.8385      -3.9458      -3.9488      -3.8415
   1    100      -4.7163      -4.6670      -4.7319      -4.6347      -4.7201
                 -4.6676      -4.6500      -4.7633      -4.7664      -4.6569
   2      0      -3.6779      -3.6250      -3.6924      -3.5961      -3.6804
                 -3.6304      -3.6170      -3.7232      -3.7246      -3.6152
   3      0      -3.6771      -3.6258      -3.6928      -3.5967      -3.6800
                 -3.6312      -3.6176      -3.7206      -3.7228      -3.6160
   4      0      -3.6746      -3.6282      -3.6916      -3.5919      -3.6753
                 -3.6294      -3.6143      -3.7144      -3.7221      -3.6153
   5      0      -3.6708      -3.6240      -3.6847      -3.5845      -3.6678
                 -3.6279      -3.6104      -3.7100      -3.7177      -3.6105
   5     60      -3.6994      -3.6528      -3.7134      -3.6132      -3.6966
                 -3.6566      -3.6391      -3.7388      -3.7464      -3.6393
   5     80      -3.9606      -3.9151      -3.9755      -3.8741      -3.9585
                 -3.9176      -3.8998      -4.0009      -4.0085      -3.9013
   5    100      -4.7124      -4.6686      -4.7299      -4.6244      -4.7110
                 -4.6679      -4.6491      -4.7555      -4.7631      -4.6540
 
 
 cumulative average & 95% error for solvation free energy
  1    -3.6771
  2    -3.6515     0.0514
  3    -3.6652     0.0405
  4    -3.6481     0.0447
  5    -3.6545     0.0369
  6    -3.6506     0.0311
  7    -3.6459     0.0279
  8    -3.6552     0.0306
  9    -3.6627     0.0308
 10    -3.6581     0.0291
