 ERmod 0.3.7, Copyright (C) 2000-2019 Nobuyuki Matubayasi
                            2010-2019 Shun Sakuraba
 ERmod comes with ABSOLUTELY NO WARRANTY.
 This is free software, and you can redistribute it
 and/or modify it under certain conditions.
 See LICENSE file for details.
 ERmod 0.3.7, Copyright (C) 2000-2019 Nobuyuki Matubayasi
                            2010-2019 Shun Sakuraba
 ERmod comes with ABSOLUTELY NO WARRANTY.
 This is free software, and you can redistribute it
 and/or modify it under certain conditions.
 See LICENSE file for details.
 
  Number of the   1-th solvent  =          180
  Number of the   2-th solvent  =          180
  Number of the   3-th solvent  =        10000
 
  Be sure that the solvent distribution is homogeneous (radial distribution function is essentially unity) when the solvent molecule is separated beyond distance of   10.0 Angstrom in any direction from any atom within the solute molecule
 
  LJ long-range correction    =        -0.0020     -0.0088     -0.6386
 
  Self-energy of the solute   =        -0.0001  kcal/mol
 
 
 cumulative average & 95% error for solvation energy
              total             1st component         2nd component         3rd component
  1   -28.2862               -0.1071               -0.6341              -27.5449
  2   -28.2649     0.0425     0.0173     0.2487    -0.8215     0.3747   -27.4607     0.1685
  3   -28.2684     0.0255    -0.2483     0.5503    -0.8118     0.2172   -27.2082     0.5143
  4   -28.2811     0.0311    -0.3189     0.4140    -0.7844     0.1631   -27.1776     0.3687
  5   -28.2913     0.0316    -0.4826     0.4582    -0.7602     0.1352   -27.0484     0.3852
  6   -28.3774     0.1742    -0.4084     0.4024    -0.8928     0.2873   -27.0761     0.3194
  7   -28.3501     0.1570    -0.3679     0.3496    -0.8390     0.2656   -27.1430     0.3013
  8   -28.3459     0.1362    -0.2987     0.3329    -0.7890     0.2508   -27.2581     0.3479
  9   -28.3363     0.1217    -0.2668     0.3005    -0.8101     0.2252   -27.2593     0.3068
 10   -28.3422     0.1095    -0.2518     0.2704    -0.7891     0.2058   -27.3013     0.2870
 
 
 group  inft  solvation free energy     error          difference
  total solvation free energy
   1      0         -3.42126           0.09080           0.00402
   1     60         -3.44250           0.09082          -0.01721
   1     80         -3.63824           0.09097          -0.21295
   1    100         -4.41268           0.09095          -0.98739
   2      0         -3.42241           0.08933           0.00287
   3      0         -3.42529           0.09044           0.00000
   4      0         -3.42694           0.09145          -0.00165
   5      0         -3.42056           0.08898           0.00472
   5     60         -3.44972           0.08900          -0.02444
   5     80         -3.69756           0.08914          -0.27227
   5    100         -4.41406           0.08900          -0.98878
 
  contribution from  1-th solvent component
   1      0          0.11178           0.16653           0.01151
   1     60          0.11240           0.16654           0.01213
   1     80          0.11737           0.16668           0.01709
   1    100          0.13246           0.16730           0.03218
   2      0          0.10401           0.16712           0.00373
   3      0          0.10027           0.16707           0.00000
   4      0          0.09520           0.16799          -0.00507
   5      0          0.09930           0.16690          -0.00097
   5     60          0.10014           0.16692          -0.00014
   5     80          0.10605           0.16711           0.00578
   5    100          0.11896           0.16774           0.01869
 
  contribution from  2-th solvent component
   1      0         -0.59918           0.12555          -0.01121
   1     60         -0.59887           0.12557          -0.01090
   1     80         -0.59794           0.12574          -0.00997
   1    100         -0.59786           0.12627          -0.00989
   2      0         -0.58913           0.12502          -0.00116
   3      0         -0.58797           0.12455           0.00000
   4      0         -0.58525           0.12380           0.00273
   5      0         -0.58324           0.12400           0.00473
   5     60         -0.58288           0.12403           0.00509
   5     80         -0.58202           0.12424           0.00595
   5    100         -0.58254           0.12472           0.00543
 
  contribution from  3-th solvent component
   1      0         -2.93375           0.16523           0.00372
   1     60         -2.95592           0.16523          -0.01844
   1     80         -3.15755           0.16528          -0.22008
   1    100         -3.94716           0.16626          -1.00968
   2      0         -2.93718           0.16550           0.00030
   3      0         -2.93748           0.16530           0.00000
   4      0         -2.93679           0.16494           0.00069
   5      0         -2.93651           0.16504           0.00096
   5     60         -2.96687           0.16503          -0.02939
   5     80         -3.22148           0.16514          -0.28400
   5    100         -3.95037           0.16608          -1.01290
 
 
 group  inft   Estimated free energy: total (kcal/mol)
   1      0      -3.3201      -3.2102      -3.3431      -3.4781      -3.5778
                 -3.7112      -3.4244      -3.3117      -3.3987      -3.4373
   1     60      -3.3414      -3.2314      -3.3644      -3.4994      -3.5991
                 -3.7326      -3.4452      -3.3328      -3.4201      -3.4585
   1     80      -3.5374      -3.4269      -3.5613      -3.6957      -3.7947
                 -3.9293      -3.6384      -3.5276      -3.6168      -3.6542
   1    100      -4.3124      -4.2016      -4.3383      -4.4724      -4.5662
                 -4.7050      -4.4063      -4.2996      -4.3951      -4.4297
   2      0      -3.3351      -3.2184      -3.3470      -3.4443      -3.5899
                 -3.7130      -3.4333      -3.3185      -3.3967      -3.4278
   3      0      -3.3489      -3.2192      -3.3472      -3.4441      -3.5836
                 -3.7279      -3.4400      -3.3185      -3.3936      -3.4298
   4      0      -3.3458      -3.2294      -3.3533      -3.4448      -3.5996
                 -3.7345      -3.4298      -3.3203      -3.3974      -3.4146
   5      0      -3.3468      -3.2244      -3.3400      -3.4320      -3.5760
                 -3.7221      -3.4428      -3.3146      -3.3938      -3.4132
   5     60      -3.3760      -3.2535      -3.3694      -3.4613      -3.6052
                 -3.7514      -3.4715      -3.3436      -3.4231      -3.4423
   5     80      -3.6242      -3.5014      -3.6186      -3.7097      -3.8530
                 -4.0005      -3.7161      -3.5900      -3.6721      -3.6900
   5    100      -4.3416      -4.2186      -4.3379      -4.4279      -4.5669
                 -4.7183      -4.4264      -4.3038      -4.3920      -4.4072
 
 group  inft   Estimated free energy: 1-th solvent contribution (kcal/mol)
   1      0       0.1590       0.4477      -0.1461       0.0003      -0.4552
                  0.1914       0.1072       0.4026       0.2007       0.2101
   1     60       0.1596       0.4483      -0.1455       0.0009      -0.4546
                  0.1920       0.1079       0.4033       0.2014       0.2107
   1     80       0.1644       0.4532      -0.1409       0.0056      -0.4500
                  0.1967       0.1137       0.4091       0.2064       0.2155
   1    100       0.1787       0.4688      -0.1272       0.0200      -0.4367
                  0.2113       0.1312       0.4270       0.2217       0.2299
   2      0       0.1419       0.4349      -0.1662       0.0044      -0.4647
                  0.1854       0.0972       0.3919       0.1975       0.2178
   3      0       0.1325       0.4310      -0.1728       0.0050      -0.4669
                  0.1745       0.0938       0.3882       0.1982       0.2193
   4      0       0.1329       0.4227      -0.1785      -0.0074      -0.4761
                  0.1569       0.0964       0.3847       0.1955       0.2251
   5      0       0.1314       0.4275      -0.1704       0.0042      -0.4694
                  0.1702       0.0864       0.3828       0.2014       0.2289
   5     60       0.1322       0.4283      -0.1696       0.0050      -0.4686
                  0.1710       0.0874       0.3837       0.2022       0.2297
   5     80       0.1378       0.4340      -0.1642       0.0107      -0.4633
                  0.1766       0.0944       0.3908       0.2083       0.2355
   5    100       0.1496       0.4470      -0.1531       0.0233      -0.4523
                  0.1889       0.1097       0.4066       0.2217       0.2483
 
 group  inft   Estimated free energy: 2-th solvent contribution (kcal/mol)
   1      0      -0.4146      -0.6565      -0.5822      -0.6618      -0.6681
                 -1.0574      -0.4061      -0.4012      -0.6729      -0.4710
   1     60      -0.4143      -0.6562      -0.5819      -0.6615      -0.6679
                 -1.0571      -0.4056      -0.4008      -0.6726      -0.4706
   1     80      -0.4136      -0.6555      -0.5814      -0.6611      -0.6672
                 -1.0564      -0.4038      -0.3994      -0.6720      -0.4689
   1    100      -0.4133      -0.6563      -0.5830      -0.6628      -0.6676
                 -1.0568      -0.4012      -0.3988      -0.6729      -0.4660
   2      0      -0.4084      -0.6484      -0.5623      -0.6306      -0.6680
                 -1.0505      -0.4036      -0.3925      -0.6623      -0.4646
   3      0      -0.4108      -0.6461      -0.5558      -0.6299      -0.6595
                 -1.0519      -0.4079      -0.3897      -0.6593      -0.4687
   4      0      -0.4111      -0.6510      -0.5566      -0.6179      -0.6659
                 -1.0424      -0.4038      -0.3871      -0.6561      -0.4607
   5      0      -0.4096      -0.6461      -0.5494      -0.6205      -0.6517
                 -1.0458      -0.4074      -0.3830      -0.6558      -0.4632
   5     60      -0.4093      -0.6458      -0.5491      -0.6203      -0.6514
                 -1.0454      -0.4068      -0.3825      -0.6555      -0.4627
   5     80      -0.4087      -0.6452      -0.5488      -0.6200      -0.6508
                 -1.0448      -0.4048      -0.3810      -0.6551      -0.4610
   5    100      -0.4089      -0.6464      -0.5510      -0.6222      -0.6518
                 -1.0459      -0.4030      -0.3807      -0.6565      -0.4590
 
 group  inft   Estimated free energy: 3-th solvent contribution (kcal/mol)
   1      0      -3.0645      -3.0013      -2.6147      -2.8165      -2.4544
                 -2.8451      -3.1254      -3.3129      -2.9264      -3.1764
   1     60      -3.0866      -3.0234      -2.6369      -2.8386      -2.4765
                 -2.8673      -3.1474      -3.3352      -2.9487      -3.1986
   1     80      -3.2880      -3.2245      -2.8389      -3.0401      -2.6774
                 -3.0695      -3.3483      -3.5371      -3.1511      -3.4007
   1    100      -4.0778      -4.0140      -3.6280      -3.8296      -3.4617
                 -3.8594      -4.1362      -4.3277      -3.9437      -4.1935
   2      0      -3.0685      -3.0048      -2.6183      -2.8180      -2.4571
                 -2.8478      -3.1268      -3.3178      -2.9318      -3.1808
   3      0      -3.0705      -3.0039      -2.6184      -2.8191      -2.4570
                 -2.8504      -3.1259      -3.3169      -2.9324      -3.1804
   4      0      -3.0675      -3.0009      -2.6182      -2.8194      -2.4575
                 -2.8488      -3.1223      -3.3178      -2.9367      -3.1789
   5      0      -3.0685      -3.0057      -2.6201      -2.8155      -2.4548
                 -2.8464      -3.1217      -3.3142      -2.9392      -3.1788
   5     60      -3.0988      -3.0360      -2.6505      -2.8458      -2.4851
                 -2.8769      -3.1519      -3.3447      -2.9697      -3.2092
   5     80      -3.3531      -3.2901      -2.9055      -3.1003      -2.7388
                 -3.1321      -3.4056      -3.5997      -3.2252      -3.4645
   5    100      -4.0821      -4.0191      -3.6338      -3.8289      -3.4626
                 -3.8612      -4.1330      -4.3295      -3.9571      -4.1964
 
 
 cumulative average & 95% error for solvation free energy
              total             1st component         2nd component         3rd component
  1    -3.3489                0.1325               -0.4108               -3.0705
  2    -3.2840     0.1298     0.2817     0.2985    -0.5284     0.2354    -3.0372     0.0666
  3    -3.3051     0.0859     0.1302     0.3486    -0.5376     0.1371    -2.8976     0.2818
  4    -3.3398     0.0923     0.0989     0.2543    -0.5607     0.1074    -2.8780     0.2031
  5    -3.3886     0.1209    -0.0143     0.3001    -0.5804     0.0921    -2.7938     0.2305
  6    -3.4451     0.1501     0.0172     0.2530    -0.6590     0.1742    -2.8032     0.1891
  7    -3.4444     0.1269     0.0281     0.2149    -0.6231     0.1638    -2.8493     0.1845
  8    -3.4287     0.1143     0.0732     0.2067    -0.5940     0.1534    -2.9078     0.1980
  9    -3.4248     0.1011     0.0870     0.1844    -0.6012     0.1361    -2.9105     0.1747
 10    -3.4253     0.0904     0.1003     0.1671    -0.5880     0.1245    -2.9375     0.1653
