 ERmod 0.3.7, Copyright (C) 2000-2019 Nobuyuki Matubayasi
                            2010-2019 Shun Sakuraba
 ERmod comes with ABSOLUTELY NO WARRANTY.
 This is free software, and you can redistribute it
 and/or modify it under certain conditions.
 See LICENSE file for details.
 ERmod 0.3.7, Copyright (C) 2000-2019 Nobuyuki Matubayasi
                            2010-2019 Shun Sakuraba
 ERmod comes with ABSOLUTELY NO WARRANTY.
 This is free software, and you can redistribute it
 and/or modify it under certain conditions.
 See LICENSE file for details.
 
  Number of the   1-th solvent  =          180
  Number of the   2-th solvent  =          180
  Number of the   3-th solvent  =        10000
 
  Be sure that the solvent distribution is homogeneous (radial distribution function is essentially unity) when the solvent molecule is separated beyond distance of   10.0 Angstrom in any direction from any atom within the solute molecule
 
  LJ long-range correction    =        -0.0026     -0.0019     -0.1367
 
  Self-energy of the solute   =         0.0000  kcal/mol
 
 
 cumulative average & 95% error for solvation energy
              total             1st component         2nd component         3rd component
  1    -4.0531                0.0064               -0.0793               -3.9803
  2    -4.0448     0.0167     0.0031     0.0068    -0.0767     0.0052    -3.9712     0.0182
  3    -4.0389     0.0152     0.0055     0.0063    -0.0773     0.0032    -3.9672     0.0132
  4    -4.0307     0.0196     0.0110     0.0119    -0.0736     0.0077    -3.9682     0.0096
  5    -4.0246     0.0195     0.0124     0.0096    -0.0739     0.0060    -3.9632     0.0125
  6    -4.0215     0.0171     0.0155     0.0100    -0.0725     0.0056    -3.9644     0.0104
  7    -4.0234     0.0150     0.0153     0.0084    -0.0736     0.0052    -3.9651     0.0090
  8    -4.0237     0.0130     0.0133     0.0083    -0.0746     0.0049    -3.9625     0.0094
  9    -4.0248     0.0117     0.0118     0.0079    -0.0758     0.0050    -3.9609     0.0089
 10    -4.0268     0.0112     0.0104     0.0076    -0.0768     0.0049    -3.9604     0.0080
 
 
 group  inft  solvation free energy     error          difference
  total solvation free energy
   1      0          2.85515           0.02204           0.00568
   1     60          2.83714           0.02221          -0.01234
   1     80          2.73437           0.02336          -0.11511
   1    100          2.44541           0.02663          -0.40407
   2      0          2.85505           0.02083           0.00558
   3      0          2.84947           0.02045           0.00000
   4      0          2.91211           0.02011           0.06264
   5      0          2.86721           0.01952           0.01773
   5     60          2.84370           0.01974          -0.00578
   5     80          2.72010           0.02110          -0.12937
   5    100          2.45302           0.02408          -0.39646
 
  contribution from  1-th solvent component
   1      0          0.11188           0.00582           0.00374
   1     60          0.11184           0.00587           0.00370
   1     80          0.11138           0.00629           0.00324
   1    100          0.10887           0.00760           0.00073
   2      0          0.10997           0.00538           0.00183
   3      0          0.10814           0.00516           0.00000
   4      0          0.10717           0.00492          -0.00097
   5      0          0.10675           0.00503          -0.00139
   5     60          0.10667           0.00510          -0.00147
   5     80          0.10579           0.00560          -0.00234
   5    100          0.10291           0.00676          -0.00523
 
  contribution from  2-th solvent component
   1      0         -0.01154           0.01902           0.00183
   1     60         -0.01095           0.01910           0.00242
   1     80         -0.00919           0.01963           0.00419
   1    100         -0.00619           0.02125           0.00719
   2      0         -0.01430           0.01820          -0.00092
   3      0         -0.01338           0.01783           0.00000
   4      0         -0.01451           0.01741          -0.00113
   5      0         -0.01455           0.01654          -0.00117
   5     60         -0.01388           0.01664          -0.00051
   5     80         -0.01190           0.01729           0.00148
   5    100         -0.00914           0.01881           0.00423
 
  contribution from  3-th solvent component
   1      0          2.75481           0.00767           0.00010
   1     60          2.73625           0.00772          -0.01846
   1     80          2.63217           0.00800          -0.12254
   1    100          2.34272           0.00880          -0.41199
   2      0          2.75938           0.00750           0.00467
   3      0          2.75471           0.00738           0.00000
   4      0          2.81945           0.00707           0.06474
   5      0          2.77500           0.00706           0.02029
   5     60          2.75090           0.00712          -0.00380
   5     80          2.62620           0.00746          -0.12850
   5    100          2.35925           0.00821          -0.39546
 
 
 group  inft   Estimated free energy: total (kcal/mol)
   1      0       2.8374       2.8500       2.8347       2.9374       2.8527
                  2.8951       2.8224       2.8335       2.8470       2.8413
   1     60       2.8193       2.8319       2.8165       2.9199       2.8346
                  2.8776       2.8042       2.8152       2.8290       2.8232
   1     80       2.7163       2.7285       2.7122       2.8206       2.7318
                  2.7785       2.7001       2.7108       2.7254       2.7194
   1    100       2.4272       2.4385       2.4190       2.5414       2.4423
                  2.4998       2.4070       2.4177       2.4339       2.4275
   2      0       2.8373       2.8497       2.8347       2.9331       2.8537
                  2.8915       2.8237       2.8350       2.8494       2.8425
   3      0       2.8321       2.8438       2.8307       2.9267       2.8492
                  2.8840       2.8185       2.8292       2.8433       2.8372
   4      0       2.8955       2.9081       2.8925       2.9888       2.9120
                  2.9445       2.8812       2.8937       2.9053       2.8996
   5      0       2.8495       2.8612       2.8502       2.9406       2.8672
                  2.9011       2.8383       2.8476       2.8608       2.8555
   5     60       2.8259       2.8376       2.8264       2.9178       2.8437
                  2.8783       2.8145       2.8237       2.8372       2.8318
   5     80       2.7020       2.7133       2.7012       2.7982       2.7201
                  2.7591       2.6893       2.6982       2.7125       2.7070
   5    100       2.4348       2.4453       2.4302       2.5399       2.4529
                  2.5015       2.4183       2.4272       2.4428       2.4371
 
 group  inft   Estimated free energy: 1-th solvent contribution (kcal/mol)
   1      0       0.1112       0.1016       0.1120       0.1123       0.1178
                  0.1333       0.1155       0.1028       0.1059       0.1065
   1     60       0.1111       0.1015       0.1119       0.1123       0.1178
                  0.1335       0.1155       0.1027       0.1058       0.1064
   1     80       0.1103       0.1004       0.1111       0.1127       0.1175
                  0.1347       0.1151       0.1018       0.1048       0.1054
   1    100       0.1069       0.0960       0.1076       0.1125       0.1155
                  0.1375       0.1126       0.0979       0.1008       0.1015
   2      0       0.1094       0.1004       0.1105       0.1105       0.1153
                  0.1296       0.1136       0.1014       0.1048       0.1044
   3      0       0.1074       0.0988       0.1087       0.1091       0.1133
                  0.1265       0.1121       0.0993       0.1034       0.1029
   4      0       0.1062       0.0981       0.1077       0.1085       0.1118
                  0.1248       0.1110       0.0992       0.1029       0.1016
   5      0       0.1060       0.0979       0.1071       0.1083       0.1108
                  0.1248       0.1111       0.0983       0.1022       0.1009
   5     60       0.1059       0.0977       0.1070       0.1084       0.1108
                  0.1250       0.1111       0.0981       0.1021       0.1007
   5     80       0.1046       0.0961       0.1057       0.1084       0.1100
                  0.1262       0.1102       0.0967       0.1007       0.0993
   5    100       0.1010       0.0917       0.1019       0.1073       0.1075
                  0.1280       0.1074       0.0926       0.0965       0.0952
 
 group  inft   Estimated free energy: 2-th solvent contribution (kcal/mol)
   1      0      -0.0126      -0.0072      -0.0291       0.0679      -0.0298
                  0.0009      -0.0268      -0.0168      -0.0307      -0.0312
   1     60      -0.0120      -0.0066      -0.0286       0.0688      -0.0292
                  0.0017      -0.0263      -0.0162      -0.0302      -0.0308
   1     80      -0.0097      -0.0047      -0.0276       0.0724      -0.0279
                  0.0044      -0.0252      -0.0148      -0.0291      -0.0298
   1    100      -0.0046      -0.0011      -0.0270       0.0812      -0.0266
                  0.0103      -0.0242      -0.0128      -0.0280      -0.0291
   2      0      -0.0164      -0.0103      -0.0309       0.0624      -0.0316
                 -0.0040      -0.0289      -0.0194      -0.0319      -0.0319
   3      0      -0.0150      -0.0096      -0.0297       0.0619      -0.0299
                 -0.0037      -0.0279      -0.0183      -0.0313      -0.0302
   4      0      -0.0162      -0.0107      -0.0308       0.0592      -0.0300
                 -0.0058      -0.0288      -0.0193      -0.0319      -0.0309
   5      0      -0.0160      -0.0117      -0.0296       0.0550      -0.0285
                 -0.0044      -0.0289      -0.0191      -0.0318      -0.0305
   5     60      -0.0152      -0.0110      -0.0291       0.0561      -0.0279
                 -0.0035      -0.0284      -0.0185      -0.0313      -0.0300
   5     80      -0.0125      -0.0089      -0.0280       0.0604      -0.0265
                 -0.0003      -0.0272      -0.0171      -0.0301      -0.0289
   5    100      -0.0078      -0.0056      -0.0274       0.0686      -0.0252
                  0.0051      -0.0263      -0.0154      -0.0292      -0.0283
 
 group  inft   Estimated free energy: 3-th solvent contribution (kcal/mol)
   1      0       2.7388       2.7556       2.7519       2.7573       2.7646
                  2.7609       2.7337       2.7474       2.7719       2.7661
   1     60       2.7202       2.7370       2.7333       2.7388       2.7460
                  2.7425       2.7150       2.7287       2.7534       2.7476
   1     80       2.6156       2.6328       2.6287       2.6354       2.6422
                  2.6393       2.6102       2.6239       2.6497       2.6438
   1    100       2.3248       2.3435       2.3384       2.3477       2.3534
                  2.3520       2.3186       2.3326       2.3611       2.3551
   2      0       2.7443       2.7596       2.7550       2.7602       2.7701
                  2.7660       2.7391       2.7530       2.7765       2.7700
   3      0       2.7397       2.7546       2.7517       2.7558       2.7658
                  2.7612       2.7343       2.7482       2.7712       2.7645
   4      0       2.8055       2.8207       2.8155       2.8211       2.8302
                  2.8255       2.7990       2.8138       2.8343       2.8288
   5      0       2.7594       2.7749       2.7727       2.7773       2.7850
                  2.7807       2.7561       2.7684       2.7904       2.7850
   5     60       2.7352       2.7508       2.7485       2.7534       2.7609
                  2.7568       2.7319       2.7442       2.7664       2.7610
   5     80       2.6099       2.6260       2.6234       2.6294       2.6366
                  2.6332       2.6063       2.6186       2.6419       2.6366
   5    100       2.3416       2.3592       2.3557       2.3640       2.3705
                  2.3684       2.3372       2.3499       2.3755       2.3703
 
 
 cumulative average & 95% error for solvation free energy
              total             1st component         2nd component         3rd component
  1     2.8321                0.1074               -0.0150                2.7397
  2     2.8379     0.0117     0.1031     0.0086    -0.0123     0.0054     2.7472     0.0149
  3     2.8355     0.0083     0.1050     0.0062    -0.0181     0.0120     2.7487     0.0091
  4     2.8583     0.0460     0.1060     0.0049     0.0019     0.0409     2.7505     0.0074
  5     2.8565     0.0358     0.1074     0.0048    -0.0045     0.0341     2.7535     0.0084
  6     2.8611     0.0306     0.1106     0.0075    -0.0043     0.0279     2.7548     0.0073
  7     2.8550     0.0286     0.1108     0.0063    -0.0077     0.0245     2.7519     0.0085
  8     2.8518     0.0256     0.1094     0.0062    -0.0090     0.0214     2.7514     0.0074
  9     2.8508     0.0227     0.1087     0.0056    -0.0115     0.0195     2.7536     0.0079
 10     2.8495     0.0204     0.1081     0.0052    -0.0134     0.0178     2.7547     0.0074
