 ERmod 0.3.7, Copyright (C) 2000-2019 Nobuyuki Matubayasi
                            2010-2019 Shun Sakuraba
 ERmod comes with ABSOLUTELY NO WARRANTY.
 This is free software, and you can redistribute it
 and/or modify it under certain conditions.
 See LICENSE file for details.
 ERmod 0.3.7, Copyright (C) 2000-2019 Nobuyuki Matubayasi
                            2010-2019 Shun Sakuraba
 ERmod comes with ABSOLUTELY NO WARRANTY.
 This is free software, and you can redistribute it
 and/or modify it under certain conditions.
 See LICENSE file for details.
 
  Number of the   1-th solvent  =          180
  Number of the   2-th solvent  =          180
  Number of the   3-th solvent  =        10000
 
  Be sure that the solvent distribution is homogeneous (radial distribution function is essentially unity) when the solvent molecule is separated beyond distance of   10.0 Angstrom in any direction from any atom within the solute molecule
 
  LJ long-range correction    =        -0.0061     -0.0057     -0.4140
 
  Self-energy of the solute   =        -0.0001  kcal/mol
 
 
 cumulative average & 95% error for solvation energy
              total             1st component         2nd component         3rd component
  1   -23.4982               -0.2049               -0.7184              -22.5748
  2   -23.6100     0.2236    -0.4700     0.5302    -1.3039     1.1710   -21.8360     1.4776
  3   -23.5672     0.1548    -0.4261     0.3185    -0.9143     1.0317   -22.2268     1.1570
  4   -23.5749     0.1105    -0.7396     0.6662    -0.6306     0.9242   -22.2046     0.8194
  5   -23.5447     0.1048    -0.9169     0.6262    -0.6386     0.7160   -21.9891     0.7672
  6   -23.5476     0.0858    -1.0694     0.5953    -0.6306     0.5849   -21.8475     0.6874
  7   -23.5364     0.0758    -1.0019     0.5209    -0.5845     0.5028   -21.9499     0.6160
  8   -23.5428     0.0669    -0.9317     0.4724    -0.6489     0.4541   -21.9621     0.5340
  9   -23.5324     0.0626    -0.8818     0.4285    -0.6458     0.4005   -22.0047     0.4786
 10   -23.5674     0.0897    -0.9768     0.4278    -0.7826     0.4507   -21.8079     0.5815
 
 
 group  inft  solvation free energy     error          difference
  total solvation free energy
   1      0         -3.88630           0.06970           0.00765
   1     60         -3.90747           0.06972          -0.01352
   1     80         -4.07343           0.06989          -0.17948
   1    100         -4.65289           0.07013          -0.75894
   2      0         -3.88926           0.06521           0.00469
   3      0         -3.89395           0.06268           0.00000
   4      0         -3.89014           0.06387           0.00380
   5      0         -3.89372           0.06206           0.00023
   5     60         -3.92245           0.06207          -0.02850
   5     80         -4.12771           0.06217          -0.23377
   5    100         -4.66216           0.06221          -0.76822
 
  contribution from  1-th solvent component
   1      0         -0.19683           0.22379           0.00681
   1     60         -0.19701           0.22381           0.00663
   1     80         -0.19869           0.22401           0.00495
   1    100         -0.20535           0.22466          -0.00171
   2      0         -0.20201           0.21833           0.00163
   3      0         -0.20364           0.21505           0.00000
   4      0         -0.20301           0.21419           0.00063
   5      0         -0.20339           0.21260           0.00025
   5     60         -0.20367           0.21263          -0.00003
   5     80         -0.20598           0.21281          -0.00234
   5    100         -0.21263           0.21324          -0.00899
 
  contribution from  2-th solvent component
   1      0         -0.51180           0.21085          -0.00478
   1     60         -0.51149           0.21086          -0.00447
   1     80         -0.51042           0.21092          -0.00340
   1    100         -0.50971           0.21112          -0.00269
   2      0         -0.50790           0.21162          -0.00088
   3      0         -0.50702           0.21138           0.00000
   4      0         -0.50818           0.21136          -0.00116
   5      0         -0.50664           0.21105           0.00038
   5     60         -0.50628           0.21106           0.00074
   5     80         -0.50538           0.21115           0.00164
   5    100         -0.50535           0.21136           0.00167
 
  contribution from  3-th solvent component
   1      0         -3.17755           0.30782           0.00563
   1     60         -3.19885           0.30787          -0.01567
   1     80         -3.36421           0.30825          -0.18103
   1    100         -3.93773           0.30993          -0.75455
   2      0         -3.17924           0.30777           0.00394
   3      0         -3.18318           0.30813           0.00000
   4      0         -3.17884           0.30726           0.00434
   5      0         -3.18359           0.30791          -0.00041
   5     60         -3.21240           0.30797          -0.02922
   5     80         -3.41625           0.30846          -0.23307
   5    100         -3.94408           0.31002          -0.76090
 
 
 group  inft   Estimated free energy: total (kcal/mol)
   1      0      -3.8909      -3.8469      -3.7371      -4.0893      -3.8294
                 -3.9513      -3.7862      -3.8878      -3.8119      -4.0321
   1     60      -3.9120      -3.8680      -3.7584      -4.1106      -3.8505
                 -3.9726      -3.8075      -3.9090      -3.8329      -4.0532
   1     80      -4.0775      -4.0338      -3.9246      -4.2776      -4.0158
                 -4.1392      -3.9735      -4.0753      -3.9980      -4.2189
   1    100      -4.6558      -4.6123      -4.5056      -4.8604      -4.5936
                 -4.7206      -4.5532      -4.6559      -4.5761      -4.7954
   2      0      -3.9010      -3.8469      -3.7409      -4.0785      -3.8389
                 -3.9356      -3.7958      -3.8887      -3.8366      -4.0297
   3      0      -3.9103      -3.8490      -3.7550      -4.0791      -3.8418
                 -3.9339      -3.8018      -3.8891      -3.8518      -4.0278
   4      0      -3.9077      -3.8438      -3.7446      -4.0757      -3.8374
                 -3.9287      -3.7984      -3.8842      -3.8510      -4.0297
   5      0      -3.9113      -3.8353      -3.7553      -4.0787      -3.8489
                 -3.9326      -3.8032      -3.8816      -3.8664      -4.0239
   5     60      -3.9400      -3.8640      -3.7841      -4.1076      -3.8775
                 -3.9614      -3.8320      -3.9104      -3.8950      -4.0526
   5     80      -4.1447      -4.0691      -3.9898      -4.3140      -4.0821
                 -4.1673      -4.0374      -4.1160      -4.0995      -4.2573
   5    100      -4.6783      -4.6023      -4.5258      -4.8511      -4.6151
                 -4.7030      -4.5724      -4.6515      -4.6333      -4.7888
 
 group  inft   Estimated free energy: 1-th solvent contribution (kcal/mol)
   1      0       0.1748      -0.0754       0.2013      -0.5575      -0.5025
                 -0.6389       0.0048       0.0473       0.0564      -0.6786
   1     60       0.1746      -0.0756       0.2013      -0.5577      -0.5027
                 -0.6392       0.0047       0.0471       0.0562      -0.6788
   1     80       0.1731      -0.0774       0.2004      -0.5597      -0.5047
                 -0.6412       0.0036       0.0452       0.0547      -0.6808
   1    100       0.1671      -0.0848       0.1964      -0.5672      -0.5125
                 -0.6492      -0.0011       0.0380       0.0484      -0.6885
   2      0       0.1611      -0.0794       0.1887      -0.5506      -0.4996
                 -0.6318      -0.0158       0.0418       0.0415      -0.6761
   3      0       0.1544      -0.0829       0.1811      -0.5476      -0.4930
                 -0.6294      -0.0234       0.0407       0.0339      -0.6703
   4      0       0.1479      -0.0779       0.1860      -0.5429      -0.4897
                 -0.6272      -0.0233       0.0373       0.0312      -0.6716
   5      0       0.1475      -0.0777       0.1770      -0.5440      -0.4890
                 -0.6268      -0.0276       0.0422       0.0281      -0.6635
   5     60       0.1472      -0.0780       0.1768      -0.5443      -0.4894
                 -0.6272      -0.0278       0.0419       0.0278      -0.6638
   5     80       0.1450      -0.0805       0.1754      -0.5469      -0.4920
                 -0.6298      -0.0296       0.0394       0.0255      -0.6664
   5    100       0.1387      -0.0877       0.1710      -0.5541      -0.4994
                 -0.6373      -0.0347       0.0323       0.0187      -0.6737
 
 group  inft   Estimated free energy: 2-th solvent contribution (kcal/mol)
   1      0      -0.4960      -0.9824      -0.1383      -0.1979      -0.4534
                 -0.4521      -0.2256      -0.6493      -0.3691      -1.1540
   1     60      -0.4957      -0.9820      -0.1380      -0.1976      -0.4530
                 -0.4518      -0.2253      -0.6490      -0.3687      -1.1538
   1     80      -0.4943      -0.9807      -0.1371      -0.1970      -0.4517
                 -0.4513      -0.2242      -0.6480      -0.3665      -1.1534
   1    100      -0.4928      -0.9798      -0.1368      -0.1979      -0.4501
                 -0.4522      -0.2234      -0.6472      -0.3622      -1.1546
   2      0      -0.4907      -0.9760      -0.1284      -0.1948      -0.4620
                 -0.4411      -0.2133      -0.6431      -0.3760      -1.1538
   3      0      -0.4870      -0.9712      -0.1298      -0.1939      -0.4685
                 -0.4369      -0.2091      -0.6412      -0.3781      -1.1545
   4      0      -0.4849      -0.9744      -0.1326      -0.2009      -0.4689
                 -0.4376      -0.2083      -0.6362      -0.3798      -1.1582
   5      0      -0.4827      -0.9675      -0.1295      -0.1972      -0.4751
                 -0.4366      -0.2046      -0.6347      -0.3820      -1.1564
   5     60      -0.4823      -0.9671      -0.1292      -0.1969      -0.4748
                 -0.4364      -0.2042      -0.6343      -0.3815      -1.1562
   5     80      -0.4810      -0.9660      -0.1285      -0.1965      -0.4737
                 -0.4361      -0.2033      -0.6334      -0.3792      -1.1561
   5    100      -0.4802      -0.9659      -0.1287      -0.1978      -0.4732
                 -0.4374      -0.2031      -0.6334      -0.3759      -1.1579
 
 group  inft   Estimated free energy: 3-th solvent contribution (kcal/mol)
   1      0      -3.5695      -2.7890      -3.8001      -3.3338      -2.8735
                 -2.8602      -3.5654      -3.2856      -3.4990      -2.1994
   1     60      -3.5909      -2.8103      -3.8215      -3.3552      -2.8946
                 -2.8815      -3.5868      -3.3070      -3.5203      -2.2206
   1     80      -3.7562      -2.9755      -3.9878      -3.5208      -3.0593
                 -3.0465      -3.7528      -3.4725      -3.6861      -2.3846
   1    100      -4.3300      -3.5476      -4.5651      -4.0952      -3.6309
                 -3.6191      -4.3286      -4.0466      -4.2621      -2.9522
   2      0      -3.5713      -2.7914      -3.8011      -3.3330      -2.8773
                 -2.8626      -3.5667      -3.2873      -3.5020      -2.1998
   3      0      -3.5776      -2.7949      -3.8062      -3.3375      -2.8802
                 -2.8674      -3.5692      -3.2884      -3.5075      -2.2028
   4      0      -3.5707      -2.7915      -3.7979      -3.3318      -2.8787
                 -2.8638      -3.5667      -3.2853      -3.5023      -2.1999
   5      0      -3.5760      -2.7900      -3.8027      -3.3374      -2.8846
                 -2.8690      -3.5709      -3.2891      -3.5124      -2.2039
   5     60      -3.6048      -2.8188      -3.8317      -3.3662      -2.9132
                 -2.8978      -3.5998      -3.3179      -3.5412      -2.2325
   5     80      -3.8087      -3.0224      -4.0367      -3.5704      -3.1162
                 -3.1013      -3.8044      -3.5219      -3.7457      -2.4347
   5    100      -4.3367      -3.5486      -4.5679      -4.0991      -3.6424
                 -3.6282      -4.3345      -4.0503      -4.2760      -2.9571
 
 
 cumulative average & 95% error for solvation free energy
              total             1st component         2nd component         3rd component
  1    -3.9103                0.1544               -0.4870               -3.5776
  2    -3.8797     0.0613     0.0358     0.2373    -0.7291     0.4842    -3.1862     0.7827
  3    -3.8381     0.0904     0.0842     0.1678    -0.5293     0.4876    -3.3929     0.6124
  4    -3.8983     0.1364    -0.0737     0.3374    -0.4455     0.3834    -3.3791     0.4339
  5    -3.8870     0.1080    -0.1576     0.3106    -0.4501     0.2972    -3.2793     0.3909
  6    -3.8948     0.0896    -0.2362     0.2984    -0.4479     0.2427    -3.2106     0.3474
  7    -3.8815     0.0802    -0.2058     0.2594    -0.4138     0.2161    -3.2619     0.3110
  8    -3.8825     0.0695    -0.1750     0.2330    -0.4422     0.1956    -3.2652     0.2694
  9    -3.8791     0.0617    -0.1518     0.2106    -0.4351     0.1731    -3.2921     0.2436
 10    -3.8939     0.0627    -0.2036     0.2151    -0.5070     0.2114    -3.1832     0.3081
