 ERmod 0.3.7, Copyright (C) 2000-2019 Nobuyuki Matubayasi
                            2010-2019 Shun Sakuraba
 ERmod comes with ABSOLUTELY NO WARRANTY.
 This is free software, and you can redistribute it
 and/or modify it under certain conditions.
 See LICENSE file for details.
 ERmod 0.3.7, Copyright (C) 2000-2019 Nobuyuki Matubayasi
                            2010-2019 Shun Sakuraba
 ERmod comes with ABSOLUTELY NO WARRANTY.
 This is free software, and you can redistribute it
 and/or modify it under certain conditions.
 See LICENSE file for details.
 
  Number of the   1-th solvent  =           90
  Number of the   2-th solvent  =           90
  Number of the   3-th solvent  =        10000
 
  Be sure that the solvent distribution is homogeneous (radial distribution function is essentially unity) when the solvent molecule is separated beyond distance of   10.0 Angstrom in any direction from any atom within the solute molecule
 
  LJ long-range correction    =        -0.0059     -0.0043     -0.6282
 
  Self-energy of the solute   =        -0.0001  kcal/mol
 
 
 cumulative average & 95% error for solvation energy
              total             1st component         2nd component         3rd component
  1   -28.1766                0.0870               -0.3925              -27.8710
  2   -28.1301     0.0931    -0.3963     0.9664    -0.3957     0.0064   -27.3380     1.0660
  3   -28.5121     0.7661    -0.2726     0.6103    -1.6456     2.4999   -26.5938     1.6106
  4   -28.4351     0.5632    -0.2068     0.4512    -1.4707     1.8020   -26.7575     1.1850
  5   -28.3678     0.4565    -0.2295     0.3524    -1.2700     1.4524   -26.8682     0.9442
  6   -28.3070     0.3921    -0.3065     0.3263    -1.1108     1.2279   -26.8896     0.7721
  7   -28.2903     0.3331    -0.3231     0.2778    -0.9947     1.0634   -26.9724     0.6733
  8   -28.2877     0.2885    -0.4203     0.3092    -0.9030     0.9390   -26.9644     0.5833
  9   -28.2628     0.2592    -0.4604     0.2842    -0.8267     0.8421   -26.9757     0.5149
 10   -28.2402     0.2362    -0.4611     0.2542    -0.7814     0.7586   -26.9977     0.4627
 
 
 group  inft  solvation free energy     error          difference
  total solvation free energy
   1      0         -3.68311           0.08214           0.00718
   1     60         -3.70386           0.08215          -0.01357
   1     80         -3.89795           0.08232          -0.20766
   1    100         -4.65062           0.08278          -0.96033
   2      0         -3.68826           0.08242           0.00203
   3      0         -3.69029           0.08134           0.00000
   4      0         -3.68640           0.08319           0.00389
   5      0         -3.68449           0.08297           0.00580
   5     60         -3.71312           0.08299          -0.02283
   5     80         -3.95846           0.08320          -0.26817
   5    100         -4.65377           0.08358          -0.96348
 
  contribution from  1-th solvent component
   1      0         -0.04844           0.14505           0.00850
   1     60         -0.04854           0.14506           0.00840
   1     80         -0.04966           0.14514           0.00727
   1    100         -0.05471           0.14548           0.00222
   2      0         -0.05516           0.14296           0.00177
   3      0         -0.05694           0.14250           0.00000
   4      0         -0.05720           0.14148          -0.00027
   5      0         -0.05703           0.14164          -0.00010
   5     60         -0.05719           0.14165          -0.00025
   5     80         -0.05880           0.14172          -0.00186
   5    100         -0.06393           0.14195          -0.00699
 
  contribution from  2-th solvent component
   1      0         -0.48927           0.32134          -0.00489
   1     60         -0.48901           0.32135          -0.00464
   1     80         -0.48777           0.32142          -0.00339
   1    100         -0.48572           0.32172          -0.00134
   2      0         -0.48563           0.32072          -0.00125
   3      0         -0.48438           0.32017           0.00000
   4      0         -0.48461           0.32040          -0.00024
   5      0         -0.48206           0.32093           0.00231
   5     60         -0.48177           0.32095           0.00261
   5     80         -0.48058           0.32108           0.00379
   5    100         -0.47915           0.32141           0.00523
 
  contribution from  3-th solvent component
   1      0         -3.14531           0.25974           0.00358
   1     60         -3.16622           0.25975          -0.01734
   1     80         -3.36043           0.25958          -0.21154
   1    100         -4.11010           0.26009          -0.96121
   2      0         -3.14738           0.25960           0.00151
   3      0         -3.14889           0.25946           0.00000
   4      0         -3.14449           0.25879           0.00439
   5      0         -3.14531           0.25993           0.00358
   5     60         -3.17407           0.25992          -0.02518
   5     80         -3.41899           0.25974          -0.27011
   5    100         -4.11060           0.26030          -0.96171
 
 
 group  inft   Estimated free energy: total (kcal/mol)
   1      0      -3.6988      -3.5809      -3.7949      -3.6011      -3.6001
                 -3.5447      -3.7315      -3.9754      -3.7070      -3.5967
   1     60      -3.7196      -3.6016      -3.8157      -3.6218      -3.6209
                 -3.5653      -3.7522      -3.9962      -3.7278      -3.6175
   1     80      -3.9133      -3.7955      -4.0111      -3.8158      -3.8149
                 -3.7584      -3.9461      -4.1904      -3.9220      -3.8120
   1    100      -4.6652      -4.5482      -4.7626      -4.5687      -4.5669
                 -4.5076      -4.6996      -4.9450      -4.6758      -4.5665
   2      0      -3.7100      -3.5818      -3.8031      -3.6128      -3.6044
                 -3.5397      -3.7473      -3.9716      -3.7160      -3.5959
   3      0      -3.7213      -3.5797      -3.7991      -3.6216      -3.6034
                 -3.5405      -3.7518      -3.9665      -3.7193      -3.5997
   4      0      -3.7185      -3.5718      -3.8042      -3.6146      -3.6063
                 -3.5366      -3.7403      -3.9712      -3.7094      -3.5910
   5      0      -3.7157      -3.5708      -3.7979      -3.6130      -3.6017
                 -3.5321      -3.7475      -3.9662      -3.7102      -3.5899
   5     60      -3.7443      -3.5993      -3.8267      -3.6416      -3.6304
                 -3.5606      -3.7761      -3.9948      -3.7388      -3.6186
   5     80      -3.9892      -3.8445      -4.0737      -3.8870      -3.8756
                 -3.8045      -4.0213      -4.2402      -3.9843      -3.8645
   5    100      -4.6840      -4.5398      -4.7681      -4.5829      -4.5704
                 -4.4961      -4.7176      -4.9368      -4.6806      -4.5615
 
 group  inft   Estimated free energy: 1-th solvent contribution (kcal/mol)
   1      0       0.2565      -0.2550       0.1740       0.2404       0.0277
                 -0.1907      -0.0268      -0.4307      -0.2279      -0.0520
   1     60       0.2565      -0.2551       0.1739       0.2403       0.0276
                 -0.1908      -0.0269      -0.4308      -0.2280      -0.0521
   1     80       0.2557      -0.2563       0.1728       0.2392       0.0265
                 -0.1921      -0.0278      -0.4321      -0.2293      -0.0533
   1    100       0.2518      -0.2617       0.1682       0.2344       0.0214
                 -0.1979      -0.0321      -0.4378      -0.2351      -0.0583
   2      0       0.2538      -0.2606       0.1595       0.2307       0.0178
                 -0.1921      -0.0443      -0.4276      -0.2328      -0.0562
   3      0       0.2508      -0.2642       0.1620       0.2267       0.0191
                 -0.1925      -0.0554      -0.4264      -0.2306      -0.0589
   4      0       0.2503      -0.2590       0.1546       0.2252       0.0171
                 -0.1928      -0.0568      -0.4279      -0.2279      -0.0545
   5      0       0.2501      -0.2645       0.1570       0.2263       0.0180
                 -0.1905      -0.0591      -0.4247      -0.2282      -0.0548
   5     60       0.2500      -0.2646       0.1568       0.2261       0.0179
                 -0.1906      -0.0593      -0.4248      -0.2284      -0.0550
   5     80       0.2489      -0.2663       0.1552       0.2245       0.0163
                 -0.1924      -0.0608      -0.4266      -0.2302      -0.0566
   5    100       0.2450      -0.2718       0.1501       0.2194       0.0112
                 -0.1980      -0.0656      -0.4320      -0.2358      -0.0617
 
 group  inft   Estimated free energy: 2-th solvent contribution (kcal/mol)
   1      0      -0.3575      -0.2620      -1.9084      -0.5488      -0.3140
                 -0.1968      -0.3074      -0.4283      -0.2821      -0.2875
   1     60      -0.3572      -0.2617      -1.9082      -0.5485      -0.3137
                 -0.1965      -0.3071      -0.4281      -0.2818      -0.2872
   1     80      -0.3555      -0.2603      -1.9073      -0.5475      -0.3126
                 -0.1948      -0.3060      -0.4271      -0.2806      -0.2860
   1    100      -0.3523      -0.2576      -1.9062      -0.5460      -0.3110
                 -0.1908      -0.3044      -0.4261      -0.2787      -0.2841
   2      0      -0.3656      -0.2522      -1.9002      -0.5491      -0.3060
                 -0.1877      -0.3045      -0.4272      -0.2843      -0.2793
   3      0      -0.3720      -0.2456      -1.8960      -0.5506      -0.3035
                 -0.1893      -0.2973      -0.4244      -0.2849      -0.2803
   4      0      -0.3737      -0.2423      -1.8966      -0.5492      -0.3079
                 -0.1870      -0.2944      -0.4304      -0.2850      -0.2796
   5      0      -0.3727      -0.2404      -1.8969      -0.5452      -0.3035
                 -0.1850      -0.2915      -0.4251      -0.2819      -0.2782
   5     60      -0.3724      -0.2401      -1.8967      -0.5449      -0.3032
                 -0.1847      -0.2912      -0.4248      -0.2816      -0.2780
   5     80      -0.3707      -0.2387      -1.8960      -0.5439      -0.3022
                 -0.1829      -0.2902      -0.4239      -0.2805      -0.2769
   5    100      -0.3684      -0.2365      -1.8958      -0.5431      -0.3011
                 -0.1795      -0.2891      -0.4232      -0.2792      -0.2756
 
 group  inft   Estimated free energy: 3-th solvent contribution (kcal/mol)
   1      0      -3.5977      -3.0638      -2.0604      -3.2926      -3.3138
                 -3.1571      -3.3973      -3.1163      -3.1969      -3.2571
   1     60      -3.6187      -3.0847      -2.0813      -3.3134      -3.3347
                 -3.1780      -3.4181      -3.1372      -3.2179      -3.2781
   1     80      -3.8134      -3.2788      -2.2766      -3.5074      -3.5287
                 -3.3714      -3.6122      -3.3311      -3.4120      -3.4726
   1    100      -4.5647      -4.0287      -3.0244      -4.2570      -4.2773
                 -4.1188      -4.3630      -4.0811      -4.1619      -4.2241
   2      0      -3.5981      -3.0689      -2.0623      -3.2943      -3.3161
                 -3.1599      -3.3984      -3.1167      -3.1989      -3.2603
   3      0      -3.6000      -3.0698      -2.0651      -3.2976      -3.3189
                 -3.1586      -3.3990      -3.1156      -3.2037      -3.2604
   4      0      -3.5950      -3.0704      -2.0620      -3.2905      -3.3153
                 -3.1567      -3.3890      -3.1128      -3.1964      -3.2568
   5      0      -3.5930      -3.0657      -2.0578      -3.2940      -3.3162
                 -3.1565      -3.3967      -3.1164      -3.2000      -3.2568
   5     60      -3.6218      -3.0945      -2.0867      -3.3227      -3.3449
                 -3.1852      -3.4254      -3.1451      -3.2287      -3.2856
   5     80      -3.8673      -3.3393      -2.3328      -3.5674      -3.5896
                 -3.4292      -3.6702      -3.3896      -3.4736      -3.5309
   5    100      -4.5605      -4.0313      -3.0222      -4.2590      -4.2804
                 -4.1186      -4.3628      -4.0815      -4.1655      -4.2241
 
 
 cumulative average & 95% error for solvation free energy
              total             1st component         2nd component         3rd component
  1    -3.7213                0.2508               -0.3720               -3.6000
  2    -3.6505     0.1416    -0.0067     0.5150    -0.3088     0.1264    -3.3349     0.5302
  3    -3.7000     0.1285     0.0496     0.3179    -0.8378     1.0607    -2.9117     0.9002
  4    -3.6804     0.0989     0.0938     0.2416    -0.7660     0.7636    -3.0081     0.6651
  5    -3.6650     0.0826     0.0789     0.1895    -0.6735     0.6198    -3.0703     0.5300
  6    -3.6443     0.0792     0.0337     0.1792    -0.5928     0.5312    -3.0850     0.4337
  7    -3.6596     0.0736     0.0209     0.1536    -0.5506     0.4568    -3.1299     0.3774
  8    -3.6980     0.0998    -0.0350     0.1738    -0.5348     0.3968    -3.1281     0.3269
  9    -3.7004     0.0881    -0.0567     0.1593    -0.5071     0.3544    -3.1365     0.2888
 10    -3.6903     0.0813    -0.0569     0.1425    -0.4844     0.3202    -3.1489     0.2595
