 ERmod 0.3.7, Copyright (C) 2000-2019 Nobuyuki Matubayasi
                            2010-2019 Shun Sakuraba
 ERmod comes with ABSOLUTELY NO WARRANTY.
 This is free software, and you can redistribute it
 and/or modify it under certain conditions.
 See LICENSE file for details.
 ERmod 0.3.7, Copyright (C) 2000-2019 Nobuyuki Matubayasi
                            2010-2019 Shun Sakuraba
 ERmod comes with ABSOLUTELY NO WARRANTY.
 This is free software, and you can redistribute it
 and/or modify it under certain conditions.
 See LICENSE file for details.
 
  Number of the   1-th solvent  =           90
  Number of the   2-th solvent  =           90
  Number of the   3-th solvent  =        10000
 
  Be sure that the solvent distribution is homogeneous (radial distribution function is essentially unity) when the solvent molecule is separated beyond distance of   10.0 Angstrom in any direction from any atom within the solute molecule
 
  LJ long-range correction    =        -0.0026     -0.0087     -0.3475
 
  Self-energy of the solute   =         0.0000  kcal/mol
 
 
 cumulative average & 95% error for solvation energy
              total             1st component         2nd component         3rd component
  1    -9.1742                0.0776               -0.2267               -9.0251
  2    -9.1650     0.0185     0.0777     0.0003    -0.2290     0.0047    -9.0137     0.0228
  3    -9.1728     0.0189     0.0778     0.0003    -0.2243     0.0099    -9.0264     0.0286
  4    -9.1727     0.0133     0.0780     0.0004    -0.2217     0.0087    -9.0290     0.0209
  5    -9.1639     0.0203     0.0814     0.0068    -0.2087     0.0268    -9.0366     0.0222
  6    -9.1615     0.0173     0.0837     0.0072    -0.2015     0.0262    -9.0436     0.0229
  7    -9.1566     0.0176     0.0865     0.0083    -0.1971     0.0238    -9.0460     0.0199
  8    -9.1565     0.0152     0.0874     0.0074    -0.2060     0.0272    -9.0379     0.0236
  9    -9.1562     0.0135     0.0878     0.0066    -0.2082     0.0244    -9.0358     0.0213
 10    -9.1647     0.0208     0.0853     0.0077    -0.2147     0.0254    -9.0354     0.0190
 
 
 group  inft  solvation free energy     error          difference
  total solvation free energy
   1      0          2.94988           0.03111          -0.00014
   1     60          2.93854           0.03122          -0.01148
   1     80          2.84142           0.03228          -0.10860
   1    100          2.47162           0.03623          -0.47841
   2      0          2.94057           0.03040          -0.00946
   3      0          2.95003           0.02980          -0.00000
   4      0          2.93329           0.02939          -0.01673
   5      0          2.98951           0.03000           0.03949
   5     60          2.97404           0.03015           0.02402
   5     80          2.85093           0.03143          -0.09910
   5    100          2.50479           0.03500          -0.44523
 
  contribution from  1-th solvent component
   1      0          0.15807           0.00998           0.00308
   1     60          0.15812           0.01001           0.00313
   1     80          0.15855           0.01045           0.00356
   1    100          0.15932           0.01218           0.00433
   2      0          0.15594           0.00950           0.00095
   3      0          0.15499           0.00916           0.00000
   4      0          0.15401           0.00902          -0.00098
   5      0          0.15420           0.00912          -0.00079
   5     60          0.15426           0.00917          -0.00073
   5     80          0.15455           0.00972          -0.00043
   5    100          0.15477           0.01132          -0.00022
 
  contribution from  2-th solvent component
   1      0         -0.08886           0.02401           0.00233
   1     60         -0.08883           0.02408           0.00236
   1     80         -0.08882           0.02462           0.00237
   1    100         -0.08929           0.02657           0.00190
   2      0         -0.09075           0.02331           0.00044
   3      0         -0.09119           0.02303           0.00000
   4      0         -0.09208           0.02282          -0.00089
   5      0         -0.09214           0.02307          -0.00095
   5     60         -0.09212           0.02316          -0.00093
   5     80         -0.09223           0.02382          -0.00104
   5    100         -0.09286           0.02561          -0.00167
 
  contribution from  3-th solvent component
   1      0          2.88065           0.00979          -0.00555
   1     60          2.86923           0.00981          -0.01698
   1     80          2.77168           0.00992          -0.11453
   1    100          2.40156           0.01046          -0.48465
   2      0          2.87535           0.00999          -0.01085
   3      0          2.88621           0.00981           0.00000
   4      0          2.87134           0.01003          -0.01486
   5      0          2.92743           0.00938           0.04123
   5     60          2.91188           0.00939           0.02568
   5     80          2.78858           0.00954          -0.09763
   5    100          2.44287           0.01005          -0.44334
 
 
 group  inft   Estimated free energy: total (kcal/mol)
   1      0       2.9342       2.9364       2.9097       2.9316       3.0442
                  2.9768       3.0111       2.9339       2.9470       2.8740
   1     60       2.9228       2.9250       2.8982       2.9202       3.0332
                  2.9656       3.0000       2.9225       2.9356       2.8624
   1     80       2.8248       2.8268       2.7998       2.8224       2.9393
                  2.8700       2.9052       2.8248       2.8379       2.7633
   1    100       2.4512       2.4535       2.4248       2.4499       2.5814
                  2.5057       2.5439       2.4535       2.4662       2.3859
   2      0       2.9268       2.9302       2.9014       2.9203       3.0318
                  2.9656       3.0006       2.9244       2.9397       2.8649
   3      0       2.9377       2.9393       2.9115       2.9303       3.0410
                  2.9752       3.0068       2.9343       2.9481       2.8762
   4      0       2.9215       2.9244       2.8959       2.9131       3.0223
                  2.9572       2.9898       2.9171       2.9323       2.8593
   5      0       2.9736       2.9791       2.9539       2.9703       3.0819
                  3.0134       3.0475       2.9738       2.9865       2.9152
   5     60       2.9580       2.9635       2.9382       2.9547       3.0669
                  2.9981       3.0324       2.9582       2.9709       2.8995
   5     80       2.8338       2.8391       2.8135       2.8307       2.9478
                  2.8768       2.9120       2.8344       2.8473       2.7740
   5    100       2.4842       2.4899       2.4626       2.4819       2.6124
                  2.5356       2.5736       2.4870       2.4996       2.4211
 
 group  inft   Estimated free energy: 1-th solvent contribution (kcal/mol)
   1      0       0.1472       0.1461       0.1457       0.1476       0.1739
                  0.1657       0.1886       0.1674       0.1599       0.1386
   1     60       0.1472       0.1461       0.1457       0.1476       0.1741
                  0.1658       0.1888       0.1675       0.1600       0.1386
   1     80       0.1471       0.1460       0.1455       0.1475       0.1754
                  0.1668       0.1905       0.1681       0.1603       0.1383
   1    100       0.1456       0.1448       0.1438       0.1466       0.1797
                  0.1701       0.1962       0.1696       0.1605       0.1363
   2      0       0.1449       0.1450       0.1449       0.1460       0.1715
                  0.1630       0.1850       0.1642       0.1581       0.1370
   3      0       0.1446       0.1445       0.1443       0.1448       0.1700
                  0.1623       0.1824       0.1638       0.1566       0.1365
   4      0       0.1438       0.1437       0.1437       0.1438       0.1692
                  0.1606       0.1814       0.1620       0.1557       0.1362
   5      0       0.1435       0.1438       0.1437       0.1438       0.1699
                  0.1617       0.1814       0.1621       0.1558       0.1362
   5     60       0.1435       0.1438       0.1437       0.1438       0.1701
                  0.1618       0.1816       0.1622       0.1559       0.1362
   5     80       0.1431       0.1434       0.1433       0.1435       0.1715
                  0.1629       0.1835       0.1627       0.1560       0.1356
   5    100       0.1412       0.1418       0.1412       0.1421       0.1750
                  0.1654       0.1884       0.1636       0.1558       0.1334
 
 group  inft   Estimated free energy: 2-th solvent contribution (kcal/mol)
   1      0      -0.1056      -0.1074      -0.0993      -0.0982      -0.0146
                 -0.0427      -0.0569      -0.1290      -0.1066      -0.1282
   1     60      -0.1057      -0.1074      -0.0993      -0.0982      -0.0143
                 -0.0425      -0.0568      -0.1291      -0.1066      -0.1283
   1     80      -0.1062      -0.1079      -0.0997      -0.0986      -0.0125
                 -0.0415      -0.0561      -0.1297      -0.1071      -0.1289
   1    100      -0.1086      -0.1103      -0.1017      -0.1001      -0.0063
                 -0.0381      -0.0543      -0.1325      -0.1094      -0.1317
   2      0      -0.1067      -0.1086      -0.1006      -0.0998      -0.0187
                 -0.0468      -0.0591      -0.1301      -0.1072      -0.1299
   3      0      -0.1067      -0.1089      -0.1013      -0.0999      -0.0201
                 -0.0478      -0.0597      -0.1303      -0.1078      -0.1295
   4      0      -0.1075      -0.1095      -0.1022      -0.1005      -0.0227
                 -0.0482      -0.0603      -0.1306      -0.1083      -0.1309
   5      0      -0.1077      -0.1098      -0.1025      -0.1002      -0.0189
                 -0.0503      -0.0621      -0.1307      -0.1085      -0.1306
   5     60      -0.1078      -0.1099      -0.1025      -0.1003      -0.0186
                 -0.0501      -0.0620      -0.1308      -0.1086      -0.1307
   5     80      -0.1085      -0.1107      -0.1031      -0.1008      -0.0164
                 -0.0490      -0.0613      -0.1316      -0.1093      -0.1316
   5    100      -0.1109      -0.1130      -0.1051      -0.1024      -0.0108
                 -0.0462      -0.0599      -0.1344      -0.1116      -0.1343
 
 group  inft   Estimated free energy: 3-th solvent contribution (kcal/mol)
   1      0       2.8926       2.8977       2.8633       2.8822       2.8848
                  2.8538       2.8794       2.8955       2.8936       2.8636
   1     60       2.8812       2.8863       2.8518       2.8708       2.8734
                  2.8423       2.8680       2.8841       2.8822       2.8521
   1     80       2.7839       2.7887       2.7540       2.7734       2.7764
                  2.7446       2.7708       2.7864       2.7847       2.7539
   1    100       2.4142       2.4190       2.3827       2.4034       2.4080
                  2.3736       2.4019       2.4164       2.4151       2.3812
   2      0       2.8886       2.8938       2.8571       2.8741       2.8790
                  2.8494       2.8748       2.8902       2.8887       2.8578
   3      0       2.8997       2.9037       2.8684       2.8853       2.8910
                  2.8606       2.8841       2.9008       2.8993       2.8691
   4      0       2.8852       2.8903       2.8544       2.8698       2.8757
                  2.8447       2.8688       2.8857       2.8849       2.8540
   5      0       2.9377       2.9452       2.9126       2.9267       2.9309
                  2.9020       2.9282       2.9423       2.9391       2.9096
   5     60       2.9222       2.9296       2.8970       2.9111       2.9154
                  2.8864       2.9127       2.9268       2.9236       2.8940
   5     80       2.7992       2.8063       2.7734       2.7879       2.7927
                  2.7628       2.7898       2.8033       2.8005       2.7699
   5    100       2.4538       2.4612       2.4265       2.4423       2.4482
                  2.4164       2.4451       2.4578       2.4554       2.4220
 
 
 cumulative average & 95% error for solvation free energy
              total             1st component         2nd component         3rd component
  1     2.9377                0.1446               -0.1067                2.8997
  2     2.9385     0.0016     0.1445     0.0001    -0.1078     0.0022     2.9017     0.0039
  3     2.9295     0.0180     0.1445     0.0001    -0.1056     0.0045     2.8906     0.0223
  4     2.9297     0.0128     0.1446     0.0002    -0.1042     0.0043     2.8893     0.0160
  5     2.9519     0.0456     0.1496     0.0102    -0.0874     0.0338     2.8896     0.0124
  6     2.9558     0.0380     0.1518     0.0093    -0.0808     0.0306     2.8848     0.0140
  7     2.9631     0.0353     0.1561     0.0118    -0.0778     0.0265     2.8847     0.0118
  8     2.9595     0.0314     0.1571     0.0104    -0.0843     0.0265     2.8867     0.0110
  9     2.9582     0.0278     0.1570     0.0092    -0.0869     0.0239     2.8881     0.0101
 10     2.9500     0.0298     0.1550     0.0092    -0.0912     0.0230     2.8862     0.0098
