 ERmod 0.3.7, Copyright (C) 2000-2019 Nobuyuki Matubayasi
                            2010-2019 Shun Sakuraba
 ERmod comes with ABSOLUTELY NO WARRANTY.
 This is free software, and you can redistribute it
 and/or modify it under certain conditions.
 See LICENSE file for details.
 ERmod 0.3.7, Copyright (C) 2000-2019 Nobuyuki Matubayasi
                            2010-2019 Shun Sakuraba
 ERmod comes with ABSOLUTELY NO WARRANTY.
 This is free software, and you can redistribute it
 and/or modify it under certain conditions.
 See LICENSE file for details.
 
  Number of the   1-th solvent  =           90
  Number of the   2-th solvent  =           90
  Number of the   3-th solvent  =        10000
 
  Be sure that the solvent distribution is homogeneous (radial distribution function is essentially unity) when the solvent molecule is separated beyond distance of   10.0 Angstrom in any direction from any atom within the solute molecule
 
  LJ long-range correction    =        -0.0050     -0.0047     -0.6763
 
  Self-energy of the solute   =         0.0001  kcal/mol
 
 
 cumulative average & 95% error for solvation energy
              total             1st component         2nd component         3rd component
  1   -15.9584                0.2149               -0.2925              -15.8808
  2   -15.9169     0.0831     0.2201     0.0105    -0.2906     0.0037   -15.8464     0.0688
  3   -15.9241     0.0501     0.2182     0.0072    -0.2904     0.0022   -15.8520     0.0413
  4   -15.9169     0.0383     0.2171     0.0055    -0.2932     0.0058   -15.8409     0.0367
  5   -15.9119     0.0313     0.2230     0.0125    -0.2926     0.0047   -15.8424     0.0286
  6   -15.9083     0.0265     0.2253     0.0112    -0.2931     0.0039   -15.8406     0.0236
  7   -15.9115     0.0233     0.2263     0.0097    -0.2920     0.0039   -15.8458     0.0226
  8   -15.9133     0.0205     0.2241     0.0094    -0.2913     0.0037   -15.8462     0.0196
  9   -15.9200     0.0225     0.2212     0.0102    -0.2929     0.0046   -15.8484     0.0178
 10   -15.9208     0.0202     0.2207     0.0092    -0.2930     0.0041   -15.8486     0.0159
 
 
 group  inft  solvation free energy     error          difference
  total solvation free energy
   1      0          4.17352           0.01888           0.01813
   1     60          4.16143           0.01892           0.00603
   1     80          4.03231           0.01942          -0.12309
   1    100          3.46050           0.02181          -0.69490
   2      0          4.15795           0.01880           0.00256
   3      0          4.15539           0.01909           0.00000
   4      0          4.12602           0.01927          -0.02938
   5      0          4.18164           0.01761           0.02624
   5     60          4.16449           0.01767           0.00910
   5     80          3.99517           0.01833          -0.16022
   5    100          3.45473           0.02060          -0.70066
 
  contribution from  1-th solvent component
   1      0          0.32603           0.01297           0.00339
   1     60          0.32609           0.01301           0.00345
   1     80          0.32681           0.01345           0.00418
   1    100          0.32862           0.01550           0.00598
   2      0          0.32334           0.01245           0.00070
   3      0          0.32263           0.01240           0.00000
   4      0          0.32167           0.01235          -0.00096
   5      0          0.32176           0.01238          -0.00088
   5     60          0.32183           0.01243          -0.00081
   5     80          0.32254           0.01301          -0.00009
   5    100          0.32356           0.01493           0.00093
 
  contribution from  2-th solvent component
   1      0         -0.24487           0.00991           0.00249
   1     60         -0.24459           0.00992           0.00277
   1     80         -0.24304           0.01010           0.00432
   1    100         -0.23878           0.01091           0.00858
   2      0         -0.24657           0.00973           0.00079
   3      0         -0.24736           0.00951           0.00000
   4      0         -0.24828           0.00963          -0.00092
   5      0         -0.24785           0.00945          -0.00049
   5     60         -0.24751           0.00947          -0.00015
   5     80         -0.24564           0.00972           0.00172
   5    100         -0.24190           0.01054           0.00546
 
  contribution from  3-th solvent component
   1      0          4.09231           0.01290           0.01225
   1     60          4.07988           0.01292          -0.00019
   1     80          3.94848           0.01310          -0.13158
   1    100          3.37061           0.01399          -0.70945
   2      0          4.08113           0.01450           0.00107
   3      0          4.08006           0.01480           0.00000
   4      0          4.05257           0.01513          -0.02750
   5      0          4.10768           0.01317           0.02761
   5     60          4.09012           0.01319           0.01006
   5     80          3.91821           0.01343          -0.16185
   5    100          3.37301           0.01425          -0.70705
 
 
 group  inft   Estimated free energy: total (kcal/mol)
   1      0       4.1345       4.1978       4.1450       4.1738       4.2198
                  4.2040       4.1758       4.1900       4.1336       4.1610
   1     60       4.1224       4.1857       4.1329       4.1616       4.2079
                  4.1919       4.1637       4.1780       4.1214       4.1489
   1     80       3.9927       4.0566       4.0030       4.0318       4.0804
                  4.0640       4.0347       4.0493       3.9912       4.0195
   1    100       3.4184       3.4856       3.4278       3.4569       3.5161
                  3.4978       3.4629       3.4793       3.4140       3.4461
   2      0       4.1161       4.1755       4.1314       4.1685       4.2028
                  4.1873       4.1539       4.1812       4.1203       4.1426
   3      0       4.1138       4.1684       4.1287       4.1694       4.1992
                  4.1847       4.1483       4.1848       4.1172       4.1395
   4      0       4.0826       4.1361       4.1018       4.1407       4.1712
                  4.1567       4.1189       4.1552       4.0890       4.1081
   5      0       4.1445       4.2072       4.1534       4.1801       4.2235
                  4.2139       4.1786       4.1957       4.1503       4.1692
   5     60       4.1272       4.1901       4.1362       4.1629       4.2066
                  4.1969       4.1614       4.1787       4.1330       4.1521
   5     80       3.9571       4.0207       3.9660       3.9926       4.0394
                  4.0291       3.9924       4.0100       3.9621       3.9824
   5    100       3.4140       3.4807       3.4227       3.4494       3.5062
                  3.4937       3.4524       3.4718       3.4162       3.4401
 
 group  inft   Estimated free energy: 1-th solvent contribution (kcal/mol)
   1      0       0.3218       0.3242       0.3140       0.3129       0.3732
                  0.3495       0.3266       0.3098       0.3062       0.3220
   1     60       0.3219       0.3243       0.3141       0.3129       0.3734
                  0.3496       0.3267       0.3098       0.3063       0.3221
   1     80       0.3226       0.3246       0.3144       0.3128       0.3757
                  0.3513       0.3274       0.3103       0.3063       0.3227
   1    100       0.3244       0.3246       0.3144       0.3110       0.3847
                  0.3576       0.3291       0.3112       0.3051       0.3240
   2      0       0.3196       0.3214       0.3124       0.3103       0.3687
                  0.3460       0.3238       0.3078       0.3047       0.3188
   3      0       0.3191       0.3202       0.3114       0.3096       0.3680
                  0.3457       0.3213       0.3080       0.3048       0.3182
   4      0       0.3183       0.3190       0.3100       0.3092       0.3670
                  0.3443       0.3212       0.3070       0.3041       0.3167
   5      0       0.3187       0.3195       0.3106       0.3083       0.3665
                  0.3449       0.3216       0.3060       0.3037       0.3178
   5     60       0.3188       0.3196       0.3106       0.3083       0.3668
                  0.3451       0.3216       0.3061       0.3037       0.3179
   5     80       0.3194       0.3197       0.3108       0.3080       0.3696
                  0.3470       0.3224       0.3065       0.3036       0.3185
   5    100       0.3205       0.3190       0.3102       0.3056       0.3773
                  0.3521       0.3234       0.3065       0.3018       0.3191
 
 group  inft   Estimated free energy: 2-th solvent contribution (kcal/mol)
   1      0      -0.2523      -0.2442      -0.2435      -0.2612      -0.2469
                 -0.2533      -0.2145      -0.2205      -0.2603      -0.2521
   1     60      -0.2521      -0.2439      -0.2433      -0.2609      -0.2466
                 -0.2530      -0.2141      -0.2201      -0.2600      -0.2518
   1     80      -0.2507      -0.2422      -0.2417      -0.2597      -0.2450
                 -0.2516      -0.2122      -0.2181      -0.2589      -0.2504
   1    100      -0.2472      -0.2369      -0.2373      -0.2569      -0.2406
                 -0.2476      -0.2061      -0.2116      -0.2567      -0.2470
   2      0      -0.2529      -0.2474      -0.2441      -0.2614      -0.2498
                 -0.2560      -0.2185      -0.2202      -0.2621      -0.2533
   3      0      -0.2541      -0.2486      -0.2448      -0.2607      -0.2523
                 -0.2562      -0.2199      -0.2210      -0.2616      -0.2545
   4      0      -0.2547      -0.2506      -0.2454      -0.2625      -0.2529
                 -0.2566      -0.2203      -0.2218      -0.2625      -0.2556
   5      0      -0.2534      -0.2443      -0.2456      -0.2639      -0.2535
                 -0.2567      -0.2196      -0.2246      -0.2624      -0.2546
   5     60      -0.2531      -0.2439      -0.2453      -0.2636      -0.2531
                 -0.2564      -0.2192      -0.2242      -0.2621      -0.2542
   5     80      -0.2514      -0.2418      -0.2434      -0.2622      -0.2512
                 -0.2547      -0.2167      -0.2217      -0.2607      -0.2526
   5    100      -0.2484      -0.2369      -0.2395      -0.2600      -0.2473
                 -0.2514      -0.2111      -0.2158      -0.2588      -0.2496
 
 group  inft   Estimated free energy: 3-th solvent contribution (kcal/mol)
   1      0       4.0650       4.1176       4.0745       4.1221       4.0934
                  4.1077       4.0636       4.1007       4.0876       4.0910
   1     60       4.0525       4.1052       4.0620       4.1097       4.0810
                  4.0953       4.0511       4.0882       4.0752       4.0786
   1     80       3.9207       3.9741       3.9302       3.9786       3.9496
                  3.9642       3.9194       3.9570       3.9437       3.9472
   1    100       3.3411       3.3978       3.3506       3.4027       3.3719
                  3.3878       3.3398       3.3798       3.3655       3.3691
   2      0       4.0493       4.1014       4.0631       4.1195       4.0839
                  4.0973       4.0486       4.0936       4.0777       4.0770
   3      0       4.0487       4.0967       4.0621       4.1204       4.0834
                  4.0951       4.0467       4.0978       4.0741       4.0757
   4      0       4.0190       4.0677       4.0372       4.0939       4.0569
                  4.0689       4.0179       4.0700       4.0474       4.0469
   5      0       4.0791       4.1319       4.0884       4.1356       4.1104
                  4.1257       4.0766       4.1143       4.1089       4.1059
   5     60       4.0615       4.1144       4.0708       4.1181       4.0929
                  4.1082       4.0590       4.0967       4.0913       4.0884
   5     80       3.8890       3.9427       3.8984       3.9467       3.9210
                  3.9368       3.8867       3.9252       3.9192       3.9164
   5    100       3.3419       3.3986       3.3520       3.4037       3.3762
                  3.3929       3.3401       3.3811       3.3731       3.3707
 
 
 cumulative average & 95% error for solvation free energy
              total             1st component         2nd component         3rd component
  1     4.1138                0.3191               -0.2541                4.0487
  2     4.1411     0.0546     0.3197     0.0011    -0.2513     0.0055     4.0727     0.0480
  3     4.1370     0.0326     0.3169     0.0056    -0.2491     0.0054     4.0692     0.0286
  4     4.1451     0.0282     0.3151     0.0054    -0.2520     0.0069     4.0820     0.0326
  5     4.1559     0.0307     0.3257     0.0216    -0.2521     0.0054     4.0823     0.0253
  6     4.1607     0.0269     0.3290     0.0188    -0.2528     0.0046     4.0844     0.0211
  7     4.1589     0.0230     0.3279     0.0161    -0.2481     0.0102     4.0790     0.0208
  8     4.1622     0.0209     0.3254     0.0148    -0.2447     0.0111     4.0814     0.0186
  9     4.1572     0.0210     0.3231     0.0138    -0.2466     0.0105     4.0806     0.0165
 10     4.1554     0.0191     0.3226     0.0124    -0.2474     0.0095     4.0801     0.0148
