 ERmod 0.3.7, Copyright (C) 2000-2019 Nobuyuki Matubayasi
                            2010-2019 Shun Sakuraba
 ERmod comes with ABSOLUTELY NO WARRANTY.
 This is free software, and you can redistribute it
 and/or modify it under certain conditions.
 See LICENSE file for details.
 ERmod 0.3.7, Copyright (C) 2000-2019 Nobuyuki Matubayasi
                            2010-2019 Shun Sakuraba
 ERmod comes with ABSOLUTELY NO WARRANTY.
 This is free software, and you can redistribute it
 and/or modify it under certain conditions.
 See LICENSE file for details.
 
  Number of the   1-th solvent  =          180
  Number of the   2-th solvent  =          180
  Number of the   3-th solvent  =        10000
 
  Be sure that the solvent distribution is homogeneous (radial distribution function is essentially unity) when the solvent molecule is separated beyond distance of   10.0 Angstrom in any direction from any atom within the solute molecule
 
  LJ long-range correction    =        -0.0043     -0.0307     -0.2904
 
  Self-energy of the solute   =        -0.0001  kcal/mol
 
 
 cumulative average & 95% error for solvation energy
              total             1st component         2nd component         3rd component
  1   -21.3309               -0.9203               -1.5922              -18.8183
  2   -21.2568     0.1482    -1.3148     0.7888    -1.3500     0.4843   -18.5919     0.4527
  3   -21.3101     0.1367    -1.5119     0.6024    -1.5004     0.4107   -18.2977     0.6439
  4   -21.2946     0.1015    -1.2605     0.6591    -1.4680     0.2975   -18.5661     0.7040
  5   -21.2793     0.0844    -1.1155     0.5872    -1.4314     0.2418   -18.7324     0.6387
  6   -21.2853     0.0699    -1.0570     0.4935    -1.3556     0.2489   -18.8726     0.5921
  7   -21.2769     0.0614    -1.0637     0.4173    -1.3794     0.2156   -18.8337     0.5064
  8   -21.2773     0.0532    -0.9704     0.4067    -1.5198     0.3373   -18.7871     0.4484
  9   -21.2700     0.0492    -1.0478     0.3907    -1.5131     0.2978   -18.7090     0.4251
 10   -21.2891     0.0583    -1.0725     0.3529    -1.5362     0.2703   -18.6804     0.3846
 
 
 group  inft  solvation free energy     error          difference
  total solvation free energy
   1      0         -4.75384           0.06326          -0.00972
   1     60         -4.78447           0.06324          -0.04035
   1     80         -4.97143           0.06321          -0.22731
   1    100         -5.47790           0.06325          -0.73378
   2      0         -4.74575           0.06250          -0.00163
   3      0         -4.74412           0.06344           0.00000
   4      0         -4.73831           0.06291           0.00580
   5      0         -4.74340           0.06154           0.00071
   5     60         -4.78385           0.06151          -0.03973
   5     80         -5.00710           0.06147          -0.26298
   5    100         -5.46793           0.06149          -0.72381
 
  contribution from  1-th solvent component
   1      0         -0.33018           0.17165          -0.00158
   1     60         -0.33044           0.17167          -0.00184
   1     80         -0.33218           0.17175          -0.00358
   1    100         -0.33752           0.17197          -0.00892
   2      0         -0.32933           0.16778          -0.00073
   3      0         -0.32860           0.16780           0.00000
   4      0         -0.32658           0.16633           0.00202
   5      0         -0.32829           0.16644           0.00031
   5     60         -0.32866           0.16645          -0.00006
   5     80         -0.33098           0.16649          -0.00237
   5    100         -0.33618           0.16658          -0.00758
 
  contribution from  2-th solvent component
   1      0         -0.83303           0.14044          -0.01238
   1     60         -0.83390           0.14045          -0.01325
   1     80         -0.83907           0.14047          -0.01843
   1    100         -0.85264           0.14053          -0.03200
   2      0         -0.82409           0.13938          -0.00344
   3      0         -0.82064           0.13995           0.00000
   4      0         -0.81950           0.13888           0.00114
   5      0         -0.81781           0.14038           0.00284
   5     60         -0.81896           0.14038           0.00168
   5     80         -0.82515           0.14040          -0.00450
   5    100         -0.83744           0.14043          -0.01680
 
  contribution from  3-th solvent component
   1      0         -3.59058           0.17703           0.00424
   1     60         -3.62008           0.17708          -0.02526
   1     80         -3.80012           0.17733          -0.20530
   1    100         -4.28768           0.17787          -0.69287
   2      0         -3.59228           0.17680           0.00254
   3      0         -3.59482           0.17688           0.00000
   4      0         -3.59218           0.17636           0.00264
   5      0         -3.59725           0.17643          -0.00243
   5     60         -3.63617           0.17649          -0.04136
   5     80         -3.85093           0.17678          -0.25611
   5    100         -4.29425           0.17727          -0.69943
 
 
 group  inft   Estimated free energy: total (kcal/mol)
   1      0      -4.8319      -4.6034      -4.9135      -4.7525      -4.5944
                 -4.7095      -4.7370      -4.8303      -4.7648      -4.8009
   1     60      -4.8625      -4.6340      -4.9441      -4.7833      -4.6252
                 -4.7403      -4.7675      -4.8607      -4.7954      -4.8317
   1     80      -5.0495      -4.8205      -5.1311      -4.9707      -4.8127
                 -4.9277      -4.9536      -5.0470      -4.9820      -5.0194
   1    100      -5.5561      -5.3258      -5.6377      -5.4781      -5.3202
                 -5.4352      -5.4586      -5.5527      -5.4870      -5.5275
   2      0      -4.8303      -4.5939      -4.8961      -4.7565      -4.5858
                 -4.7103      -4.7313      -4.8285      -4.7464      -4.7785
   3      0      -4.8369      -4.5941      -4.8950      -4.7570      -4.5800
                 -4.7073      -4.7256      -4.8276      -4.7429      -4.7746
   4      0      -4.8315      -4.5875      -4.8832      -4.7534      -4.5752
                 -4.7023      -4.7196      -4.8221      -4.7369      -4.7715
   5      0      -4.8320      -4.5962      -4.8866      -4.7517      -4.5883
                 -4.7030      -4.7289      -4.8334      -4.7373      -4.7766
   5     60      -4.8724      -4.6366      -4.9270      -4.7923      -4.6289
                 -4.7436      -4.7691      -4.8736      -4.7777      -4.8172
   5     80      -5.0958      -4.8593      -5.1501      -5.0162      -4.8529
                 -4.9676      -4.9914      -5.0963      -5.0003      -5.0412
   5    100      -5.5570      -5.3189      -5.6108      -5.4780      -5.3146
                 -5.4297      -5.4509      -5.5567      -5.4596      -5.5031
 
 group  inft   Estimated free energy: 1-th solvent contribution (kcal/mol)
   1      0      -0.3098      -0.5890      -0.7497      -0.1108       0.0012
                 -0.1552      -0.3600       0.0347      -0.6202      -0.4431
   1     60      -0.3100      -0.5893      -0.7500      -0.1110       0.0009
                 -0.1554      -0.3602       0.0345      -0.6205      -0.4435
   1     80      -0.3114      -0.5912      -0.7521      -0.1127      -0.0009
                 -0.1571      -0.3616       0.0330      -0.6224      -0.4455
   1    100      -0.3161      -0.5970      -0.7580      -0.1180      -0.0063
                 -0.1620      -0.3663       0.0283      -0.6279      -0.4517
   2      0      -0.3165      -0.5839      -0.7391      -0.1187       0.0012
                 -0.1595      -0.3629       0.0282      -0.6093      -0.4328
   3      0      -0.3205      -0.5849      -0.7370      -0.1195       0.0046
                 -0.1588      -0.3642       0.0306      -0.6055      -0.4308
   4      0      -0.3207      -0.5781      -0.7304      -0.1174       0.0025
                 -0.1564      -0.3620       0.0287      -0.6049      -0.4271
   5      0      -0.3220      -0.5808      -0.7355      -0.1179      -0.0018
                 -0.1579      -0.3655       0.0285      -0.6027      -0.4274
   5     60      -0.3223      -0.5812      -0.7359      -0.1183      -0.0022
                 -0.1582      -0.3658       0.0281      -0.6030      -0.4278
   5     80      -0.3243      -0.5837      -0.7384      -0.1206      -0.0046
                 -0.1605      -0.3678       0.0260      -0.6054      -0.4304
   5    100      -0.3291      -0.5893      -0.7439      -0.1260      -0.0100
                 -0.1655      -0.3724       0.0211      -0.6106      -0.4362
 
 group  inft   Estimated free energy: 2-th solvent contribution (kcal/mol)
   1      0      -0.8698      -0.5858      -1.0117      -0.7448      -0.6833
                 -0.5537      -0.7982      -1.3173      -0.8671      -0.8986
   1     60      -0.8707      -0.5866      -1.0126      -0.7457      -0.6842
                 -0.5545      -0.7991      -1.3181      -0.8680      -0.8994
   1     80      -0.8759      -0.5918      -1.0178      -0.7508      -0.6892
                 -0.5597      -0.8043      -1.3234      -0.8732      -0.9046
   1    100      -0.8896      -0.6052      -1.0312      -0.7641      -0.7026
                 -0.5734      -0.8181      -1.3373      -0.8869      -0.9179
   2      0      -0.8593      -0.5800      -1.0041      -0.7396      -0.6748
                 -0.5485      -0.7879      -1.3063      -0.8563      -0.8841
   3      0      -0.8585      -0.5775      -1.0023      -0.7364      -0.6701
                 -0.5434      -0.7791      -1.3044      -0.8538      -0.8808
   4      0      -0.8557      -0.5793      -0.9994      -0.7337      -0.6708
                 -0.5450      -0.7802      -1.3008      -0.8504      -0.8798
   5      0      -0.8534      -0.5753      -0.9946      -0.7292      -0.6707
                 -0.5392      -0.7808      -1.3064      -0.8477      -0.8808
   5     60      -0.8546      -0.5765      -0.9958      -0.7303      -0.6719
                 -0.5403      -0.7819      -1.3075      -0.8489      -0.8819
   5     80      -0.8608      -0.5826      -1.0019      -0.7364      -0.6780
                 -0.5466      -0.7881      -1.3138      -0.8551      -0.8880
   5    100      -0.8733      -0.5948      -1.0141      -0.7486      -0.6902
                 -0.5591      -0.8005      -1.3264      -0.8674      -0.9001
 
 group  inft   Estimated free energy: 3-th solvent contribution (kcal/mol)
   1      0      -3.6523      -3.4287      -3.1520      -3.8969      -3.9123
                 -4.0006      -3.5788      -3.5477      -3.2774      -3.4592
   1     60      -3.6818      -3.4581      -3.1815      -3.9266      -3.9419
                 -4.0302      -3.6082      -3.5770      -3.3069      -3.4887
   1     80      -3.8621      -3.6375      -3.3612      -4.1072      -4.1226
                 -4.2109      -3.7876      -3.7566      -3.4863      -3.6692
   1    100      -4.3503      -4.1235      -3.8484      -4.5959      -4.6112
                 -4.6998      -4.2741      -4.2437      -3.9721      -4.1578
   2      0      -3.6545      -3.4299      -3.1529      -3.8982      -3.9122
                 -4.0022      -3.5804      -3.5503      -3.2808      -3.4615
   3      0      -3.6578      -3.4317      -3.1556      -3.9011      -3.9144
                 -4.0051      -3.5822      -3.5537      -3.2836      -3.4629
   4      0      -3.6551      -3.4300      -3.1533      -3.9023      -3.9068
                 -4.0008      -3.5774      -3.5499      -3.2815      -3.4647
   5      0      -3.6565      -3.4400      -3.1564      -3.9046      -3.9157
                 -4.0059      -3.5826      -3.5555      -3.2869      -3.4684
   5     60      -3.6955      -3.4788      -3.1953      -3.9437      -3.9548
                 -4.0450      -3.6213      -3.5942      -3.3257      -3.5074
   5     80      -3.9106      -3.6929      -3.4097      -4.1591      -4.1702
                 -4.2605      -3.8355      -3.8084      -3.5398      -3.7227
   5    100      -4.3546      -4.1348      -3.8527      -4.6034      -4.6144
                 -4.7050      -4.2779      -4.2514      -3.9815      -4.1668
 
 
 cumulative average & 95% error for solvation free energy
              total             1st component         2nd component         3rd component
  1    -4.8369               -0.3205               -0.8585               -3.6578
  2    -4.7155     0.2428    -0.4527     0.2644    -0.7180     0.2810    -3.5448     0.2262
  3    -4.7753     0.1843    -0.5474     0.2434    -0.8128     0.2495    -3.4150     0.2905
  4    -4.7708     0.1306    -0.4405     0.2746    -0.7937     0.1805    -3.5365     0.3182
  5    -4.7326     0.1267    -0.3515     0.2774    -0.7690     0.1483    -3.6121     0.2891
  6    -4.7284     0.1038    -0.3193     0.2354    -0.7314     0.1425    -3.6776     0.2700
  7    -4.7280     0.0877    -0.3258     0.1994    -0.7382     0.1212    -3.6640     0.2298
  8    -4.7405     0.0800    -0.2812     0.1943    -0.8090     0.1762    -3.6502     0.2009
  9    -4.7407     0.0705    -0.3172     0.1859    -0.8140     0.1558    -3.6095     0.1950
 10    -4.7441     0.0634    -0.3286     0.1678    -0.8206     0.1399    -3.5948     0.1769
