 ERmod 0.3.7, Copyright (C) 2000-2019 Nobuyuki Matubayasi
                            2010-2019 Shun Sakuraba
 ERmod comes with ABSOLUTELY NO WARRANTY.
 This is free software, and you can redistribute it
 and/or modify it under certain conditions.
 See LICENSE file for details.
 ERmod 0.3.7, Copyright (C) 2000-2019 Nobuyuki Matubayasi
                            2010-2019 Shun Sakuraba
 ERmod comes with ABSOLUTELY NO WARRANTY.
 This is free software, and you can redistribute it
 and/or modify it under certain conditions.
 See LICENSE file for details.
 
  Number of the   1-th solvent  =          180
  Number of the   2-th solvent  =          180
  Number of the   3-th solvent  =        10000
 
  Be sure that the solvent distribution is homogeneous (radial distribution function is essentially unity) when the solvent molecule is separated beyond distance of   10.0 Angstrom in any direction from any atom within the solute molecule
 
  LJ long-range correction    =        -0.0109     -0.0102     -0.7384
 
  Self-energy of the solute   =        -0.0001  kcal/mol
 
 
 cumulative average & 95% error for solvation energy
              total             1st component         2nd component         3rd component
  1   -30.4273               -0.4276                0.2769              -30.2766
  2   -30.5222     0.1898    -0.5291     0.2030     0.0304     0.4930   -30.0235     0.5062
  3   -30.5026     0.1164    -0.6373     0.2461    -0.0550     0.3319   -29.8102     0.5170
  4   -30.5361     0.1063    -1.1438     1.0279    -0.4073     0.7427   -28.9850     1.6906
  5   -30.5619     0.0971    -1.0907     0.8032    -0.5604     0.6517   -28.9108     1.3179
  6   -30.5509     0.0823    -1.0479     0.6614    -0.6053     0.5397   -28.8977     1.0764
  7   -30.5762     0.0859    -0.8787     0.6534    -0.6760     0.4775   -29.0214     0.9428
  8   -30.5815     0.0752    -0.9904     0.6084    -0.6087     0.4349   -28.9823     0.8202
  9   -30.5626     0.0763    -0.9037     0.5639    -0.6249     0.3850   -29.0339     0.7307
 10   -30.5508     0.0722    -0.8383     0.5211    -0.6454     0.3468   -29.0671     0.6569
 
 
 group  inft  solvation free energy     error          difference
  total solvation free energy
   1      0         -3.03380           0.06520           0.01688
   1     60         -3.05621           0.06524          -0.00553
   1     80         -3.27573           0.06556          -0.22505
   1    100         -4.16427           0.06628          -1.11359
   2      0         -3.04677           0.06565           0.00391
   3      0         -3.05068           0.06526           0.00000
   4      0         -3.05574           0.06529          -0.00506
   5      0         -3.05226           0.06279          -0.00157
   5     60         -3.08322           0.06283          -0.03254
   5     80         -3.36255           0.06310          -0.31187
   5    100         -4.18547           0.06367          -1.13479
 
  contribution from  1-th solvent component
   1      0         -0.00913           0.24702           0.01653
   1     60         -0.00931           0.24703           0.01634
   1     80         -0.01169           0.24717           0.01397
   1    100         -0.02335           0.24756           0.00230
   2      0         -0.02188           0.23998           0.00377
   3      0         -0.02565           0.23786           0.00000
   4      0         -0.02507           0.23850           0.00058
   5      0         -0.02621           0.23652          -0.00056
   5     60         -0.02650           0.23653          -0.00084
   5     80         -0.02989           0.23661          -0.00424
   5    100         -0.04141           0.23672          -0.01575
 
  contribution from  2-th solvent component
   1      0         -0.51173           0.20475          -0.00365
   1     60         -0.51137           0.20477          -0.00328
   1     80         -0.50983           0.20495          -0.00175
   1    100         -0.50820           0.20586          -0.00011
   2      0         -0.50848           0.20566          -0.00039
   3      0         -0.50808           0.20656           0.00000
   4      0         -0.51120           0.20537          -0.00312
   5      0         -0.51064           0.20643          -0.00256
   5     60         -0.51022           0.20645          -0.00213
   5     80         -0.50869           0.20667          -0.00060
   5    100         -0.50795           0.20748           0.00013
 
  contribution from  3-th solvent component
   1      0         -2.51284           0.33591           0.00401
   1     60         -2.53544           0.33592          -0.01859
   1     80         -2.75412           0.33614          -0.23727
   1    100         -3.63263           0.33778          -1.11578
   2      0         -2.51632           0.33565           0.00053
   3      0         -2.51685           0.33629           0.00000
   4      0         -2.51938           0.33412          -0.00252
   5      0         -2.51531           0.33427           0.00154
   5     60         -2.54641           0.33429          -0.02956
   5     80         -2.82387           0.33459          -0.30702
   5    100         -3.63602           0.33610          -1.11917
 
 
 group  inft   Estimated free energy: total (kcal/mol)
   1      0      -2.8913      -2.9493      -3.0095      -3.0091      -3.1228
                 -2.9953      -3.2077      -3.1837      -2.9866      -2.9825
   1     60      -2.9136      -2.9717      -3.0320      -3.0316      -3.1453
                 -3.0177      -3.2303      -3.2062      -3.0088      -3.0049
   1     80      -3.1326      -3.1905      -3.2519      -3.2515      -3.3653
                 -3.2379      -3.4510      -3.4259      -3.2266      -3.2241
   1    100      -4.0210      -4.0769      -4.1420      -4.1383      -4.2545
                 -4.1299      -4.3451      -4.3122      -4.1103      -4.1124
   2      0      -2.9177      -2.9656      -3.0061      -2.9966      -3.1412
                 -2.9874      -3.2334      -3.1882      -3.0293      -3.0021
   3      0      -2.9264      -2.9655      -3.0096      -2.9879      -3.1435
                 -2.9891      -3.2369      -3.1889      -3.0434      -3.0157
   4      0      -2.9389      -2.9688      -3.0118      -3.0078      -3.1447
                 -2.9870      -3.2467      -3.1942      -3.0477      -3.0099
   5      0      -2.9409      -2.9497      -3.0088      -3.0020      -3.1457
                 -2.9919      -3.2327      -3.1762      -3.0551      -3.0196
   5     60      -2.9718      -2.9806      -3.0398      -3.0330      -3.1768
                 -3.0230      -3.2638      -3.2073      -3.0858      -3.0505
   5     80      -3.2508      -3.2592      -3.3196      -3.3125      -3.4566
                 -3.3030      -3.5448      -3.4865      -3.3631      -3.3294
   5    100      -4.0744      -4.0801      -4.1438      -4.1333      -4.2800
                 -4.1286      -4.3732      -4.3069      -4.1822      -4.1523
 
 group  inft   Estimated free energy: 1-th solvent contribution (kcal/mol)
   1      0       0.1121       0.1145       0.0068      -0.8657      -0.0260
                  0.0333       0.4394      -0.4855       0.2874       0.2924
   1     60       0.1120       0.1143       0.0066      -0.8659      -0.0262
                  0.0331       0.4392      -0.4857       0.2873       0.2922
   1     80       0.1107       0.1116       0.0041      -0.8687      -0.0286
                  0.0304       0.4369      -0.4884       0.2857       0.2896
   1    100       0.1018       0.0987      -0.0080      -0.8816      -0.0401
                  0.0177       0.4258      -0.5009       0.2761       0.2769
   2      0       0.0803       0.1025      -0.0006      -0.8562      -0.0357
                  0.0322       0.4114      -0.4862       0.2538       0.2796
   3      0       0.0658       0.0986      -0.0050      -0.8518      -0.0387
                  0.0309       0.4070      -0.4850       0.2438       0.2777
   4      0       0.0617       0.1065      -0.0013      -0.8565      -0.0348
                  0.0345       0.3993      -0.4862       0.2436       0.2825
   5      0       0.0575       0.1071      -0.0031      -0.8524      -0.0361
                  0.0307       0.3996      -0.4793       0.2378       0.2760
   5     60       0.0574       0.1068      -0.0034      -0.8527      -0.0364
                  0.0303       0.3993      -0.4796       0.2376       0.2757
   5     80       0.0549       0.1030      -0.0070      -0.8563      -0.0397
                  0.0267       0.3959      -0.4832       0.2349       0.2720
   5    100       0.0453       0.0904      -0.0190      -0.8683      -0.0509
                  0.0147       0.3845      -0.4950       0.2248       0.2593
 
 group  inft   Estimated free energy: 2-th solvent contribution (kcal/mol)
   1      0       0.1449      -0.1955      -0.3379      -0.9181      -0.8515
                 -0.6033      -0.7849      -0.4167      -0.5579      -0.5965
   1     60       0.1453      -0.1951      -0.3376      -0.9178      -0.8511
                 -0.6029      -0.7846      -0.4164      -0.5574      -0.5961
   1     80       0.1474      -0.1932      -0.3363      -0.9169      -0.8499
                 -0.6018      -0.7837      -0.4153      -0.5548      -0.5939
   1    100       0.1517      -0.1894      -0.3354      -0.9173      -0.8503
                 -0.6020      -0.7843      -0.4151      -0.5501      -0.5899
   2      0       0.1526      -0.1940      -0.3251      -0.9106      -0.8555
                 -0.5910      -0.7790      -0.4172      -0.5641      -0.6006
   3      0       0.1584      -0.1896      -0.3233      -0.9088      -0.8535
                 -0.5923      -0.7755      -0.4191      -0.5677      -0.6095
   4      0       0.1512      -0.2011      -0.3280      -0.9123      -0.8584
                 -0.5869      -0.7789      -0.4181      -0.5710      -0.6084
   5      0       0.1501      -0.1893      -0.3255      -0.9165      -0.8578
                 -0.5934      -0.7711      -0.4125      -0.5756      -0.6148
   5     60       0.1506      -0.1888      -0.3251      -0.9162      -0.8574
                 -0.5931      -0.7707      -0.4122      -0.5750      -0.6143
   5     80       0.1528      -0.1868      -0.3238      -0.9154      -0.8563
                 -0.5920      -0.7700      -0.4112      -0.5721      -0.6120
   5    100       0.1559      -0.1840      -0.3237      -0.9166      -0.8576
                 -0.5928      -0.7714      -0.4118      -0.5685      -0.6091
 
 group  inft   Estimated free energy: 3-th solvent contribution (kcal/mol)
   1      0      -3.1482      -2.8683      -2.6783      -1.2252      -2.2453
                 -2.4252      -2.8621      -2.2815      -2.7161      -2.6783
   1     60      -3.1708      -2.8908      -2.7009      -1.2477      -2.2679
                 -2.4478      -2.8847      -2.3041      -2.7387      -2.7008
   1     80      -3.3905      -3.1089      -2.9196      -1.4658      -2.4867
                 -2.6664      -3.1041      -2.5221      -2.9574      -2.9197
   1    100      -4.2744      -3.9861      -3.7985      -2.3394      -3.3640
                 -3.5456      -3.9865      -3.3961      -3.8362      -3.7994
   2      0      -3.1506      -2.8740      -2.6803      -1.2298      -2.2500
                 -2.4285      -2.8657      -2.2846      -2.7188      -2.6810
   3      0      -3.1505      -2.8744      -2.6811      -1.2272      -2.2511
                 -2.4275      -2.8684      -2.2848      -2.7195      -2.6839
   4      0      -3.1517      -2.8740      -2.6824      -1.2389      -2.2514
                 -2.4344      -2.8671      -2.2897      -2.7202      -2.6839
   5      0      -3.1484      -2.8674      -2.6801      -1.2330      -2.2517
                 -2.4291      -2.8611      -2.2844      -2.7171      -2.6807
   5     60      -3.1796      -2.8985      -2.7112      -1.2640      -2.2829
                 -2.4602      -2.8923      -2.3154      -2.7483      -2.7117
   5     80      -3.4584      -3.1753      -2.9887      -1.5407      -2.5605
                 -2.7376      -3.1706      -2.5920      -3.0258      -2.9893
   5    100      -4.2756      -3.9863      -3.8010      -2.3483      -3.3715
                 -3.5504      -3.9863      -3.4000      -3.8384      -3.8025
 
 
 cumulative average & 95% error for solvation free energy
              total             1st component         2nd component         3rd component
  1    -2.9264                0.0658                0.1584               -3.1505
  2    -2.9459     0.0391     0.0822     0.0328    -0.0156     0.3480    -3.0125     0.2761
  3    -2.9671     0.0481     0.0532     0.0612    -0.1182     0.2872    -2.9020     0.2724
  4    -2.9723     0.0355    -0.1731     0.4546    -0.3158     0.4444    -2.4833     0.8593
  5    -3.0066     0.0738    -0.1462     0.3562    -0.4234     0.4059    -2.4369     0.6720
  6    -3.0036     0.0605    -0.1167     0.2967    -0.4515     0.3362    -2.4353     0.5487
  7    -3.0370     0.0840    -0.0419     0.2920    -0.4978     0.2988    -2.4972     0.4800
  8    -3.0560     0.0821    -0.0973     0.2761    -0.4880     0.2595    -2.4706     0.4191
  9    -3.0546     0.0724    -0.0594     0.2550    -0.4968     0.2296    -2.4983     0.3737
 10    -3.0507     0.0653    -0.0257     0.2379    -0.5081     0.2066    -2.5169     0.3363
