 ERmod 0.3.7, Copyright (C) 2000-2019 Nobuyuki Matubayasi
                            2010-2019 Shun Sakuraba
 ERmod comes with ABSOLUTELY NO WARRANTY.
 This is free software, and you can redistribute it
 and/or modify it under certain conditions.
 See LICENSE file for details.
 ERmod 0.3.7, Copyright (C) 2000-2019 Nobuyuki Matubayasi
                            2010-2019 Shun Sakuraba
 ERmod comes with ABSOLUTELY NO WARRANTY.
 This is free software, and you can redistribute it
 and/or modify it under certain conditions.
 See LICENSE file for details.
 
  Number of the   1-th solvent  =          180
  Number of the   2-th solvent  =          180
  Number of the   3-th solvent  =        10000
 
  Be sure that the solvent distribution is homogeneous (radial distribution function is essentially unity) when the solvent molecule is separated beyond distance of   10.0 Angstrom in any direction from any atom within the solute molecule
 
  LJ long-range correction    =        -0.0007     -0.0249     -0.2360
 
  Self-energy of the solute   =         0.0000  kcal/mol
 
 
 cumulative average & 95% error for solvation energy
              total             1st component         2nd component         3rd component
  1    -6.9570                0.1214               -0.6977               -6.3807
  2    -6.9412     0.0316     0.1213     0.0002    -0.6535     0.0884    -6.4090     0.0565
  3    -6.9437     0.0190     0.1223     0.0020    -0.6474     0.0525    -6.4187     0.0380
  4    -6.9333     0.0248     0.1229     0.0019    -0.6293     0.0518    -6.4269     0.0315
  5    -6.9170     0.0378     0.1233     0.0016    -0.5746     0.1165    -6.4657     0.0813
  6    -6.9174     0.0308     0.1227     0.0018    -0.5944     0.1031    -6.4456     0.0776
  7    -6.9128     0.0276     0.1229     0.0016    -0.5907     0.0875    -6.4450     0.0656
  8    -6.9090     0.0251     0.1228     0.0014    -0.5796     0.0789    -6.4522     0.0586
  9    -6.9039     0.0244     0.1229     0.0012    -0.5718     0.0714    -6.4550     0.0520
 10    -6.9075     0.0230     0.1234     0.0015    -0.5757     0.0643    -6.4552     0.0465
 
 
 group  inft  solvation free energy     error          difference
  total solvation free energy
   1      0          2.56901           0.01298          -0.00334
   1     60          2.54934           0.01303          -0.02301
   1     80          2.42716           0.01333          -0.14519
   1    100          2.06208           0.01411          -0.51026
   2      0          2.56503           0.01297          -0.00732
   3      0          2.57235           0.01313           0.00000
   4      0          2.57911           0.01301           0.00676
   5      0          2.63208           0.01449           0.05973
   5     60          2.60594           0.01454           0.03359
   5     80          2.45705           0.01483          -0.11530
   5    100          2.11981           0.01535          -0.45254
 
  contribution from  1-th solvent component
   1      0          0.12455           0.00625           0.00382
   1     60          0.12518           0.00626           0.00444
   1     80          0.12885           0.00638           0.00812
   1    100          0.13727           0.00678           0.01654
   2      0          0.12172           0.00623           0.00099
   3      0          0.12073           0.00614           0.00000
   4      0          0.11918           0.00640          -0.00155
   5      0          0.12094           0.00609           0.00020
   5     60          0.12170           0.00611           0.00096
   5     80          0.12567           0.00625           0.00494
   5    100          0.13284           0.00665           0.01210
 
  contribution from  2-th solvent component
   1      0         -0.21116           0.03347           0.00327
   1     60         -0.21150           0.03353           0.00292
   1     80         -0.21367           0.03387           0.00075
   1    100         -0.21966           0.03479          -0.00524
   2      0         -0.21333           0.03354           0.00109
   3      0         -0.21443           0.03364           0.00000
   4      0         -0.21623           0.03371          -0.00180
   5      0         -0.21742           0.03352          -0.00299
   5     60         -0.21790           0.03359          -0.00348
   5     80         -0.22067           0.03398          -0.00625
   5    100         -0.22653           0.03478          -0.01210
 
  contribution from  3-th solvent component
   1      0          2.65560           0.02275          -0.01043
   1     60          2.63565           0.02280          -0.03037
   1     80          2.51197           0.02306          -0.15406
   1    100          2.14446           0.02392          -0.52156
   2      0          2.65663           0.02270          -0.00940
   3      0          2.66603           0.02270           0.00000
   4      0          2.67614           0.02231           0.01012
   5      0          2.72855           0.02120           0.06252
   5     60          2.70213           0.02126           0.03610
   5     80          2.55204           0.02160          -0.11399
   5    100          2.21349           0.02245          -0.45254
 
 
 group  inft   Estimated free energy: total (kcal/mol)
   1      0       2.5418       2.5510       2.5435       2.5733       2.6064
                  2.5775       2.5675       2.5610       2.5901       2.5780
   1     60       2.5221       2.5313       2.5237       2.5537       2.5869
                  2.5578       2.5477       2.5413       2.5704       2.5585
   1     80       2.3996       2.4086       2.4008       2.4318       2.4656
                  2.4358       2.4253       2.4185       2.4485       2.4372
   1    100       2.0342       2.0423       2.0332       2.0672       2.1020
                  2.0712       2.0599       2.0518       2.0846       2.0743
   2      0       2.5379       2.5458       2.5402       2.5701       2.6023
                  2.5734       2.5626       2.5581       2.5863       2.5737
   3      0       2.5448       2.5521       2.5469       2.5785       2.6090
                  2.5813       2.5705       2.5663       2.5950       2.5790
   4      0       2.5521       2.5595       2.5532       2.5864       2.6160
                  2.5857       2.5770       2.5734       2.6004       2.5876
   5      0       2.6028       2.6086       2.6058       2.6377       2.6759
                  2.6394       2.6313       2.6277       2.6565       2.6353
   5     60       2.5766       2.5823       2.5795       2.6116       2.6499
                  2.6133       2.6051       2.6014       2.6303       2.6093
   5     80       2.4275       2.4329       2.4300       2.4629       2.5019
                  2.4647       2.4557       2.4517       2.4817       2.4614
   5    100       2.0902       2.0949       2.0908       2.1258       2.1658
                  2.1280       2.1179       2.1128       2.1454       2.1264
 
 group  inft   Estimated free energy: 1-th solvent contribution (kcal/mol)
   1      0       0.1210       0.1193       0.1320       0.1237       0.1129
                  0.1272       0.1286       0.1158       0.1181       0.1470
   1     60       0.1216       0.1199       0.1326       0.1244       0.1135
                  0.1278       0.1292       0.1164       0.1187       0.1477
   1     80       0.1251       0.1235       0.1363       0.1279       0.1172
                  0.1312       0.1329       0.1199       0.1224       0.1520
   1    100       0.1331       0.1316       0.1451       0.1360       0.1258
                  0.1388       0.1412       0.1274       0.1311       0.1625
   2      0       0.1188       0.1159       0.1293       0.1221       0.1097
                  0.1242       0.1245       0.1132       0.1154       0.1441
   3      0       0.1188       0.1155       0.1276       0.1222       0.1080
                  0.1229       0.1223       0.1129       0.1141       0.1429
   4      0       0.1177       0.1136       0.1257       0.1209       0.1060
                  0.1220       0.1211       0.1107       0.1118       0.1423
   5      0       0.1187       0.1155       0.1284       0.1219       0.1096
                  0.1232       0.1226       0.1119       0.1146       0.1430
   5     60       0.1194       0.1162       0.1291       0.1227       0.1104
                  0.1239       0.1234       0.1127       0.1154       0.1438
   5     80       0.1233       0.1200       0.1332       0.1266       0.1144
                  0.1275       0.1273       0.1165       0.1194       0.1487
   5    100       0.1300       0.1270       0.1407       0.1335       0.1218
                  0.1338       0.1343       0.1228       0.1267       0.1578
 
 group  inft   Estimated free energy: 2-th solvent contribution (kcal/mol)
   1      0      -0.2653      -0.2307      -0.2428      -0.2144      -0.0880
                 -0.2694      -0.2133      -0.1795      -0.1796      -0.2285
   1     60      -0.2658      -0.2311      -0.2432      -0.2147      -0.0881
                 -0.2699      -0.2136      -0.1799      -0.1799      -0.2289
   1     80      -0.2683      -0.2336      -0.2457      -0.2169      -0.0887
                 -0.2725      -0.2158      -0.1820      -0.1821      -0.2311
   1    100      -0.2754      -0.2404      -0.2526      -0.2229      -0.0906
                 -0.2798      -0.2217      -0.1880      -0.1880      -0.2371
   2      0      -0.2681      -0.2332      -0.2450      -0.2164      -0.0898
                 -0.2714      -0.2157      -0.1817      -0.1817      -0.2303
   3      0      -0.2703      -0.2341      -0.2456      -0.2175      -0.0908
                 -0.2723      -0.2165      -0.1824      -0.1826      -0.2322
   4      0      -0.2719      -0.2354      -0.2473      -0.2189      -0.0922
                 -0.2747      -0.2186      -0.1849      -0.1844      -0.2341
   5      0      -0.2739      -0.2367      -0.2487      -0.2203      -0.0946
                 -0.2742      -0.2198      -0.1852      -0.1851      -0.2357
   5     60      -0.2744      -0.2373      -0.2493      -0.2208      -0.0947
                 -0.2748      -0.2203      -0.1856      -0.1856      -0.2362
   5     80      -0.2776      -0.2404      -0.2524      -0.2236      -0.0957
                 -0.2780      -0.2231      -0.1884      -0.1883      -0.2391
   5    100      -0.2844      -0.2469      -0.2590      -0.2296      -0.0979
                 -0.2849      -0.2291      -0.1943      -0.1941      -0.2451
 
 group  inft   Estimated free energy: 3-th solvent contribution (kcal/mol)
   1      0       2.6861       2.6624       2.6543       2.6639       2.5815
                  2.7197       2.6521       2.6248       2.6516       2.6595
   1     60       2.6662       2.6425       2.6343       2.6441       2.5614
                  2.6999       2.6322       2.6047       2.6316       2.6396
   1     80       2.5428       2.5187       2.5102       2.5207       2.4370
                  2.5771       2.5082       2.4806       2.5081       2.5162
   1    100       2.1765       2.1511       2.1406       2.1540       2.0668
                  2.2123       2.1404       2.1124       2.1416       2.1490
   2      0       2.6872       2.6631       2.6559       2.6643       2.5824
                  2.7207       2.6538       2.6266       2.6526       2.6598
   3      0       2.6962       2.6707       2.6649       2.6737       2.5918
                  2.7306       2.6646       2.6358       2.6635       2.6682
   4      0       2.7062       2.6812       2.6748       2.6844       2.6021
                  2.7384       2.6745       2.6475       2.6729       2.6794
   5      0       2.7580       2.7298       2.7261       2.7361       2.6608
                  2.7904       2.7285       2.7009       2.7270       2.7280
   5     60       2.7316       2.7034       2.6996       2.7097       2.6342
                  2.7642       2.7020       2.6743       2.7006       2.7016
   5     80       2.5819       2.5533       2.5492       2.5599       2.4832
                  2.6152       2.5515       2.5237       2.5507       2.5519
   5    100       2.2445       2.2149       2.2091       2.2219       2.1419
                  2.2791       2.2128       2.1843       2.2128       2.2136
 
 
 cumulative average & 95% error for solvation free energy
              total             1st component         2nd component         3rd component
  1     2.5448                0.1188               -0.2703                2.6962
  2     2.5484     0.0073     0.1171     0.0034    -0.2522     0.0362     2.6835     0.0254
  3     2.5479     0.0044     0.1206     0.0072    -0.2500     0.0213     2.6773     0.0192
  4     2.5556     0.0156     0.1210     0.0052    -0.2419     0.0222     2.6764     0.0137
  5     2.5663     0.0246     0.1184     0.0066    -0.2117     0.0628     2.6595     0.0354
  6     2.5688     0.0207     0.1192     0.0056    -0.2218     0.0551     2.6714     0.0374
  7     2.5690     0.0175     0.1196     0.0048    -0.2210     0.0466     2.6704     0.0317
  8     2.5687     0.0151     0.1188     0.0045    -0.2162     0.0415     2.6661     0.0288
  9     2.5716     0.0146     0.1183     0.0041    -0.2125     0.0374     2.6658     0.0254
 10     2.5723     0.0131     0.1207     0.0061    -0.2144     0.0336     2.6660     0.0227
