 ERmod 0.3.7, Copyright (C) 2000-2019 Nobuyuki Matubayasi
                            2010-2019 Shun Sakuraba
 ERmod comes with ABSOLUTELY NO WARRANTY.
 This is free software, and you can redistribute it
 and/or modify it under certain conditions.
 See LICENSE file for details.
 ERmod 0.3.7, Copyright (C) 2000-2019 Nobuyuki Matubayasi
                            2010-2019 Shun Sakuraba
 ERmod comes with ABSOLUTELY NO WARRANTY.
 This is free software, and you can redistribute it
 and/or modify it under certain conditions.
 See LICENSE file for details.
 
  Number of the   1-th solvent  =          180
  Number of the   2-th solvent  =          180
  Number of the   3-th solvent  =        10000
 
  Be sure that the solvent distribution is homogeneous (radial distribution function is essentially unity) when the solvent molecule is separated beyond distance of   10.0 Angstrom in any direction from any atom within the solute molecule
 
  LJ long-range correction    =        -0.0078     -0.0057     -0.4130
 
  Self-energy of the solute   =        -0.0001  kcal/mol
 
 
 cumulative average & 95% error for solvation energy
              total             1st component         2nd component         3rd component
  1   -23.4365               -0.9786               -0.9739              -21.4839
  2   -23.7711     0.6693    -1.2856     0.6140    -1.8469     1.7460   -20.6386     1.6907
  3   -23.7221     0.3986    -1.0154     0.6463    -1.7694     1.0199   -20.9372     1.1444
  4   -23.6426     0.3237    -1.1999     0.5873    -1.4994     0.9009   -20.9432     0.8093
  5   -23.6111     0.2585    -0.9980     0.6082    -1.4959     0.6979   -21.1170     0.7168
  6   -23.6003     0.2122    -1.0766     0.5208    -1.3326     0.6568   -21.1910     0.6037
  7   -23.5764     0.1856    -0.8847     0.5840    -1.2619     0.5728   -21.4297     0.6987
  8   -23.5665     0.1620    -0.8853     0.5057    -1.1879     0.5177   -21.4931     0.6182
  9   -23.5665     0.1428    -0.9161     0.4503    -1.1326     0.4698   -21.5176     0.5474
 10   -23.5600     0.1284    -0.9279     0.4034    -1.0730     0.4368   -21.5590     0.4966
 
 
 group  inft  solvation free energy     error          difference
  total solvation free energy
   1      0         -3.95582           0.07613           0.00016
   1     60         -3.97702           0.07610          -0.02104
   1     80         -4.14338           0.07605          -0.18740
   1    100         -4.72517           0.07616          -0.76919
   2      0         -3.95585           0.07260           0.00013
   3      0         -3.95598           0.06901           0.00000
   4      0         -3.95568           0.07048           0.00030
   5      0         -3.95470           0.07049           0.00128
   5     60         -3.98335           0.07044          -0.02737
   5     80         -4.18946           0.07033          -0.23348
   5    100         -4.72574           0.07024          -0.76976
 
  contribution from  1-th solvent component
   1      0         -0.20410           0.21630           0.00126
   1     60         -0.20432           0.21630           0.00104
   1     80         -0.20640           0.21638          -0.00104
   1    100         -0.21475           0.21663          -0.00939
   2      0         -0.20577           0.21137          -0.00041
   3      0         -0.20536           0.20952           0.00000
   4      0         -0.20507           0.20921           0.00029
   5      0         -0.20203           0.20983           0.00333
   5     60         -0.20235           0.20984           0.00300
   5     80         -0.20513           0.20987           0.00023
   5    100         -0.21316           0.20995          -0.00780
 
  contribution from  2-th solvent component
   1      0         -0.66389           0.20170          -0.00503
   1     60         -0.66358           0.20170          -0.00471
   1     80         -0.66260           0.20178          -0.00373
   1    100         -0.66198           0.20211          -0.00312
   2      0         -0.65978           0.20213          -0.00091
   3      0         -0.65887           0.20313           0.00000
   4      0         -0.65960           0.20366          -0.00074
   5      0         -0.65816           0.20443           0.00070
   5     60         -0.65783           0.20443           0.00104
   5     80         -0.65699           0.20453           0.00187
   5    100         -0.65716           0.20488           0.00171
 
  contribution from  3-th solvent component
   1      0         -3.08772           0.25692           0.00393
   1     60         -3.10902           0.25696          -0.01737
   1     80         -3.27428           0.25727          -0.18263
   1    100         -3.84833           0.25865          -0.75668
   2      0         -3.09020           0.25690           0.00145
   3      0         -3.09165           0.25654           0.00000
   4      0         -3.09090           0.25585           0.00074
   5      0         -3.09441           0.25581          -0.00276
   5     60         -3.12306           0.25587          -0.03141
   5     80         -3.32723           0.25624          -0.23558
   5    100         -3.85531           0.25751          -0.76367
 
 
 group  inft   Estimated free energy: total (kcal/mol)
   1      0      -3.9420      -4.0770      -3.9421      -4.0192      -3.8056
                 -4.1474      -3.7631      -3.8665      -4.0390      -3.9565
   1     60      -3.9631      -4.0981      -3.9633      -4.0401      -3.8269
                 -4.1686      -3.7843      -3.8878      -4.0602      -3.9777
   1     80      -4.1290      -4.2641      -4.1300      -4.2053      -3.9931
                 -4.3353      -3.9509      -4.0545      -4.2270      -4.1446
   1    100      -4.7106      -4.8429      -4.7120      -4.7849      -4.5728
                 -4.9191      -4.5335      -4.6365      -4.8103      -4.7291
   2      0      -3.9493      -4.0687      -3.9553      -4.0181      -3.7994
                 -4.1410      -3.7805      -3.8726      -4.0292      -3.9446
   3      0      -3.9561      -4.0707      -3.9515      -4.0121      -3.8083
                 -4.1253      -3.7899      -3.8727      -4.0309      -3.9423
   4      0      -3.9479      -4.0721      -3.9615      -4.0132      -3.8069
                 -4.1312      -3.7842      -3.8708      -4.0272      -3.9419
   5      0      -3.9563      -4.0799      -3.9540      -4.0083      -3.7941
                 -4.1251      -3.7901      -3.8785      -4.0261      -3.9346
   5     60      -3.9848      -4.1084      -3.9828      -4.0367      -3.8229
                 -4.1537      -3.8188      -3.9073      -4.0548      -3.9633
   5     80      -4.1904      -4.3141      -4.1893      -4.2413      -4.0289
                 -4.3601      -4.0254      -4.1139      -4.2613      -4.1699
   5    100      -4.7268      -4.8474      -4.7258      -4.7753      -4.5634
                 -4.8978      -4.5631      -4.6506      -4.7989      -4.7083
 
 group  inft   Estimated free energy: 1-th solvent contribution (kcal/mol)
   1      0      -0.2162      -0.5110       0.0323      -0.6564       0.1463
                 -0.5203       0.4644      -0.1797      -0.3674      -0.2331
   1     60      -0.2164      -0.5112       0.0321      -0.6566       0.1461
                 -0.5206       0.4642      -0.1798      -0.3676      -0.2333
   1     80      -0.2184      -0.5133       0.0301      -0.6588       0.1441
                 -0.5228       0.4624      -0.1818      -0.3700      -0.2356
   1    100      -0.2264      -0.5218       0.0220      -0.6675       0.1358
                 -0.5316       0.4551      -0.1898      -0.3790      -0.2443
   2      0      -0.2192      -0.5028       0.0211      -0.6553       0.1395
                 -0.5171       0.4438      -0.1801      -0.3610      -0.2267
   3      0      -0.2191      -0.4994       0.0234      -0.6506       0.1375
                 -0.5136       0.4370      -0.1812      -0.3610      -0.2266
   4      0      -0.2195      -0.4991       0.0219      -0.6505       0.1337
                 -0.5137       0.4385      -0.1760      -0.3552      -0.2310
   5      0      -0.2196      -0.4975       0.0269      -0.6470       0.1463
                 -0.5117       0.4390      -0.1779      -0.3550      -0.2237
   5     60      -0.2199      -0.4978       0.0266      -0.6474       0.1460
                 -0.5121       0.4387      -0.1782      -0.3554      -0.2240
   5     80      -0.2225      -0.5006       0.0240      -0.6501       0.1433
                 -0.5150       0.4359      -0.1808      -0.3584      -0.2270
   5    100      -0.2304      -0.5085       0.0161      -0.6583       0.1354
                 -0.5232       0.4281      -0.1887      -0.3668      -0.2353
 
 group  inft   Estimated free energy: 2-th solvent contribution (kcal/mol)
   1      0      -0.6359      -1.4220      -0.9322      -0.5122      -0.8340
                 -0.5115      -0.4773      -0.4189      -0.4933      -0.4016
   1     60      -0.6355      -1.4217      -0.9319      -0.5119      -0.8336
                 -0.5113      -0.4769      -0.4185      -0.4931      -0.4013
   1     80      -0.6341      -1.4211      -0.9310      -0.5109      -0.8326
                 -0.5108      -0.4754      -0.4174      -0.4925      -0.4002
   1    100      -0.6324      -1.4218      -0.9310      -0.5102      -0.8320
                 -0.5115      -0.4732      -0.4161      -0.4927      -0.3988
   2      0      -0.6357      -1.4210      -0.9313      -0.5089      -0.8216
                 -0.5052      -0.4741      -0.4196      -0.4862      -0.3942
   3      0      -0.6411      -1.4220      -0.9290      -0.5051      -0.8276
                 -0.4944      -0.4729      -0.4203      -0.4864      -0.3898
   4      0      -0.6331      -1.4254      -0.9368      -0.5055      -0.8217
                 -0.4982      -0.4770      -0.4219      -0.4897      -0.3867
   5      0      -0.6408      -1.4293      -0.9322      -0.5010      -0.8172
                 -0.4882      -0.4765      -0.4273      -0.4855      -0.3836
   5     60      -0.6404      -1.4290      -0.9318      -0.5007      -0.8169
                 -0.4880      -0.4761      -0.4269      -0.4853      -0.3832
   5     80      -0.6390      -1.4286      -0.9312      -0.4998      -0.8160
                 -0.4876      -0.4747      -0.4259      -0.4849      -0.3821
   5    100      -0.6384      -1.4300      -0.9319      -0.4998      -0.8165
                 -0.4889      -0.4733      -0.4256      -0.4859      -0.3813
 
 group  inft   Estimated free energy: 3-th solvent contribution (kcal/mol)
   1      0      -3.0897      -2.1438      -3.0420      -2.8504      -3.1178
                 -3.1155      -3.7501      -3.2678      -3.1782      -3.3217
   1     60      -3.1110      -2.1651      -3.0634      -2.8715      -3.1392
                 -3.1367      -3.7716      -3.2893      -3.1994      -3.3430
   1     80      -3.2764      -2.3296      -3.2290      -3.0355      -3.3045
                 -3.3016      -3.9378      -3.4552      -3.3644      -3.5087
   1    100      -3.8517      -2.8992      -3.8029      -3.6071      -3.8765
                 -3.8759      -4.5153      -4.0305      -3.9385      -4.0858
   2      0      -3.0943      -2.1448      -3.0451      -2.8537      -3.1172
                 -3.1185      -3.7501      -3.2727      -3.1819      -3.3237
   3      0      -3.0957      -2.1493      -3.0458      -2.8564      -3.1181
                 -3.1172      -3.7539      -3.2710      -3.1834      -3.3257
   4      0      -3.0952      -2.1475      -3.0465      -2.8571      -3.1189
                 -3.1191      -3.7456      -3.2728      -3.1822      -3.3241
   5      0      -3.0957      -2.1530      -3.0487      -2.8602      -3.1231
                 -3.1251      -3.7524      -3.2732      -3.1854      -3.3273
   5     60      -3.1244      -2.1816      -3.0774      -2.8885      -3.1519
                 -3.1536      -3.7812      -3.3020      -3.2140      -3.3560
   5     80      -3.3287      -2.3848      -3.2820      -3.0912      -3.3560
                 -3.3573      -3.9866      -3.5070      -3.4179      -3.5607
   5    100      -3.8580      -2.9088      -3.8099      -3.6171      -3.8821
                 -3.8856      -4.5178      -4.0363      -3.9461      -4.0915
 
 
 cumulative average & 95% error for solvation free energy
              total             1st component         2nd component         3rd component
  1    -3.9561               -0.2191               -0.6411               -3.0957
  2    -4.0134     0.1147    -0.3592     0.2802    -1.0316     0.7808    -2.6225     0.9464
  3    -3.9928     0.0780    -0.2317     0.3021    -0.9974     0.4560    -2.7636     0.6150
  4    -3.9976     0.0560    -0.3364     0.2992    -0.8743     0.4056    -2.7868     0.4373
  5    -3.9597     0.0873    -0.2416     0.2994    -0.8650     0.3148    -2.8531     0.3637
  6    -3.9873     0.0901    -0.2870     0.2607    -0.8032     0.2851    -2.8971     0.3098
  7    -3.9591     0.0948    -0.1835     0.3022    -0.7560     0.2588    -3.0195     0.3584
  8    -3.9483     0.0849    -0.1832     0.2617    -0.7141     0.2393    -3.0509     0.3167
  9    -3.9575     0.0771    -0.2030     0.2342    -0.6888     0.2170    -3.0656     0.2809
 10    -3.9560     0.0690    -0.2054     0.2095    -0.6589     0.2031    -3.0916     0.2565
