 ERmod 0.3.7, Copyright (C) 2000-2019 Nobuyuki Matubayasi
                            2010-2019 Shun Sakuraba
 ERmod comes with ABSOLUTELY NO WARRANTY.
 This is free software, and you can redistribute it
 and/or modify it under certain conditions.
 See LICENSE file for details.
 ERmod 0.3.7, Copyright (C) 2000-2019 Nobuyuki Matubayasi
                            2010-2019 Shun Sakuraba
 ERmod comes with ABSOLUTELY NO WARRANTY.
 This is free software, and you can redistribute it
 and/or modify it under certain conditions.
 See LICENSE file for details.
 
  Number of the   1-th solvent  =           90
  Number of the   2-th solvent  =           90
  Number of the   3-th solvent  =        10000
 
  Be sure that the solvent distribution is homogeneous (radial distribution function is essentially unity) when the solvent molecule is separated beyond distance of   10.0 Angstrom in any direction from any atom within the solute molecule
 
  LJ long-range correction    =        -0.0025     -0.0181     -0.3432
 
  Self-energy of the solute   =         0.0000  kcal/mol
 
 
 cumulative average & 95% error for solvation energy
              total             1st component         2nd component         3rd component
  1    -9.2662                0.0787               -0.5194               -8.8256
  2    -9.2753     0.0182     0.0834     0.0093    -0.5061     0.0266    -8.8527     0.0542
  3    -9.2788     0.0126     0.0798     0.0090    -0.5163     0.0257    -8.8422     0.0376
  4    -9.2564     0.0457     0.0809     0.0067    -0.4791     0.0767    -8.8582     0.0415
  5    -9.2453     0.0417     0.0815     0.0054    -0.4670     0.0641    -8.8599     0.0323
  6    -9.2274     0.0495     0.0827     0.0050    -0.4251     0.0988    -8.8850     0.0567
  7    -9.2407     0.0496     0.0820     0.0045    -0.4712     0.1243    -8.8515     0.0823
  8    -9.2283     0.0496     0.0840     0.0056    -0.4480     0.1172    -8.8643     0.0758
  9    -9.2324     0.0445     0.0852     0.0055    -0.4538     0.1040    -8.8638     0.0668
 10    -9.2306     0.0400     0.0863     0.0053    -0.4496     0.0934    -8.8673     0.0602
 
 
 group  inft  solvation free energy     error          difference
  total solvation free energy
   1      0          2.78128           0.02943          -0.00059
   1     60          2.76658           0.02953          -0.01530
   1     80          2.65508           0.03028          -0.12680
   1    100          2.26138           0.03274          -0.52050
   2      0          2.77244           0.02870          -0.00944
   3      0          2.78188           0.02861           0.00000
   4      0          2.76648           0.02875          -0.01539
   5      0          2.81949           0.02879           0.03762
   5     60          2.79968           0.02891           0.01780
   5     80          2.66008           0.02980          -0.12179
   5    100          2.29359           0.03191          -0.48829
 
  contribution from  1-th solvent component
   1      0          0.15808           0.00730           0.00336
   1     60          0.15818           0.00734           0.00347
   1     80          0.15882           0.00766           0.00411
   1    100          0.15986           0.00883           0.00515
   2      0          0.15568           0.00663           0.00096
   3      0          0.15472           0.00642           0.00000
   4      0          0.15361           0.00630          -0.00110
   5      0          0.15405           0.00632          -0.00067
   5     60          0.15416           0.00636          -0.00056
   5     80          0.15467           0.00675          -0.00004
   5    100          0.15510           0.00781           0.00038
 
  contribution from  2-th solvent component
   1      0         -0.19372           0.04490           0.00174
   1     60         -0.19379           0.04496           0.00167
   1     80         -0.19434           0.04540           0.00112
   1    100         -0.19634           0.04690          -0.00088
   2      0         -0.19517           0.04452           0.00029
   3      0         -0.19546           0.04447           0.00000
   4      0         -0.19642           0.04430          -0.00096
   5      0         -0.19702           0.04387          -0.00156
   5     60         -0.19712           0.04395          -0.00166
   5     80         -0.19788           0.04448          -0.00242
   5    100         -0.19990           0.04581          -0.00444
 
  contribution from  3-th solvent component
   1      0          2.81691           0.02549          -0.00569
   1     60          2.80217           0.02551          -0.02043
   1     80          2.69057           0.02560          -0.13203
   1    100          2.29783           0.02602          -0.52477
   2      0          2.81191           0.02537          -0.01068
   3      0          2.82260           0.02493           0.00000
   4      0          2.80926           0.02470          -0.01333
   5      0          2.86244           0.02338           0.03984
   5     60          2.84261           0.02340           0.02002
   5     80          2.70327           0.02351          -0.11933
   5    100          2.33837           0.02392          -0.48423
 
 
 group  inft   Estimated free energy: total (kcal/mol)
   1      0       2.7620       2.7359       2.7098       2.7783       2.7981
                  2.8613       2.7572       2.8468       2.7677       2.7957
   1     60       2.7473       2.7211       2.6949       2.7635       2.7834
                  2.8469       2.7424       2.8323       2.7531       2.7810
   1     80       2.6354       2.6091       2.5813       2.6512       2.6718
                  2.7375       2.6300       2.7225       2.6418       2.6702
   1    100       2.2402       2.2133       2.1809       2.2545       2.2773
                  2.3504       2.2341       2.3352       2.2490       2.2790
   2      0       2.7540       2.7279       2.7015       2.7728       2.7905
                  2.8487       2.7476       2.8361       2.7593       2.7859
   3      0       2.7628       2.7394       2.7117       2.7833       2.8006
                  2.8577       2.7545       2.8459       2.7679       2.7951
   4      0       2.7452       2.7239       2.6959       2.7683       2.7858
                  2.8436       2.7404       2.8299       2.7532       2.7787
   5      0       2.8009       2.7770       2.7502       2.8224       2.8372
                  2.8973       2.7867       2.8820       2.8077       2.8334
   5     60       2.7810       2.7571       2.7300       2.8025       2.8174
                  2.8779       2.7667       2.8624       2.7879       2.8137
   5     80       2.6409       2.6169       2.5881       2.6620       2.6777
                  2.7408       2.6261       2.7250       2.6485       2.6749
   5    100       2.2731       2.2486       2.2158       2.2929       2.3102
                  2.3800       2.2579       2.3644       2.2826       2.3104
 
 group  inft   Estimated free energy: 1-th solvent contribution (kcal/mol)
   1      0       0.1499       0.1630       0.1435       0.1497       0.1506
                  0.1510       0.1542       0.1685       0.1730       0.1774
   1     60       0.1499       0.1631       0.1436       0.1498       0.1506
                  0.1511       0.1542       0.1687       0.1732       0.1776
   1     80       0.1503       0.1640       0.1436       0.1500       0.1509
                  0.1518       0.1542       0.1701       0.1743       0.1791
   1    100       0.1504       0.1662       0.1423       0.1493       0.1507
                  0.1527       0.1533       0.1737       0.1771       0.1831
   2      0       0.1484       0.1608       0.1422       0.1489       0.1492
                  0.1485       0.1520       0.1643       0.1690       0.1736
   3      0       0.1475       0.1600       0.1422       0.1479       0.1489
                  0.1472       0.1507       0.1633       0.1672       0.1722
   4      0       0.1465       0.1584       0.1412       0.1473       0.1481
                  0.1465       0.1496       0.1612       0.1664       0.1712
   5      0       0.1468       0.1593       0.1412       0.1476       0.1487
                  0.1470       0.1500       0.1626       0.1656       0.1716
   5     60       0.1468       0.1595       0.1413       0.1477       0.1487
                  0.1471       0.1500       0.1629       0.1658       0.1719
   5     80       0.1470       0.1604       0.1410       0.1477       0.1488
                  0.1476       0.1498       0.1643       0.1668       0.1734
   5    100       0.1466       0.1618       0.1393       0.1467       0.1482
                  0.1478       0.1483       0.1671       0.1688       0.1764
 
 group  inft   Estimated free energy: 2-th solvent contribution (kcal/mol)
   1      0      -0.2343      -0.2224      -0.2375      -0.1685      -0.1922
                 -0.0508      -0.3052      -0.1130      -0.2243      -0.1890
   1     60      -0.2344      -0.2225      -0.2377      -0.1686      -0.1923
                 -0.0506      -0.3053      -0.1129      -0.2244      -0.1891
   1     80      -0.2353      -0.2235      -0.2386      -0.1694      -0.1932
                 -0.0492      -0.3063      -0.1127      -0.2253      -0.1900
   1    100      -0.2386      -0.2268      -0.2420      -0.1720      -0.1963
                 -0.0445      -0.3097      -0.1118      -0.2285      -0.1931
   2      0      -0.2353      -0.2234      -0.2390      -0.1698      -0.1927
                 -0.0538      -0.3064      -0.1156      -0.2255      -0.1902
   3      0      -0.2363      -0.2230      -0.2392      -0.1699      -0.1934
                 -0.0544      -0.3068      -0.1162      -0.2253      -0.1902
   4      0      -0.2363      -0.2246      -0.2404      -0.1708      -0.1938
                 -0.0562      -0.3074      -0.1172      -0.2260      -0.1914
   5      0      -0.2351      -0.2243      -0.2413      -0.1713      -0.1945
                 -0.0586      -0.3080      -0.1187      -0.2263      -0.1920
   5     60      -0.2353      -0.2245      -0.2414      -0.1714      -0.1947
                 -0.0583      -0.3081      -0.1187      -0.2265      -0.1921
   5     80      -0.2365      -0.2257      -0.2427      -0.1725      -0.1959
                 -0.0566      -0.3094      -0.1185      -0.2277      -0.1933
   5    100      -0.2397      -0.2289      -0.2460      -0.1751      -0.1989
                 -0.0527      -0.3126      -0.1180      -0.2309      -0.1963
 
 group  inft   Estimated free energy: 3-th solvent contribution (kcal/mol)
   1      0       2.8464       2.7954       2.8038       2.7970       2.8397
                  2.7611       2.9082       2.7912       2.8190       2.8073
   1     60       2.8317       2.7806       2.7890       2.7823       2.8251
                  2.7464       2.8935       2.7765       2.8043       2.7925
   1     80       2.7204       2.6685       2.6764       2.6705       2.7141
                  2.6349       2.7820       2.6650       2.6928       2.6811
   1    100       2.3284       2.2739       2.2806       2.2772       2.3229
                  2.2422       2.3905       2.2733       2.3004       2.2890
   2      0       2.8410       2.7904       2.7983       2.7937       2.8341
                  2.7541       2.9020       2.7874       2.8157       2.8025
   3      0       2.8515       2.8024       2.8086       2.8052       2.8450
                  2.7649       2.9106       2.7987       2.8259       2.8131
   4      0       2.8350       2.7901       2.7951       2.7918       2.8315
                  2.7533       2.8982       2.7859       2.8128       2.7989
   5      0       2.8892       2.8420       2.8502       2.8461       2.8831
                  2.8090       2.9446       2.8380       2.8684       2.8538
   5     60       2.8695       2.8221       2.8302       2.8262       2.8634
                  2.7891       2.9248       2.8183       2.8486       2.8340
   5     80       2.7304       2.6822       2.6897       2.6868       2.7247
                  2.6498       2.7858       2.6792       2.7093       2.6948
   5    100       2.3662       2.3157       2.3225       2.3213       2.3609
                  2.2849       2.4222       2.3152       2.3446       2.3302
 
 
 cumulative average & 95% error for solvation free energy
              total             1st component         2nd component         3rd component
  1     2.7628                0.1475               -0.2363                2.8515
  2     2.7511     0.0234     0.1538     0.0125    -0.2296     0.0133     2.8269     0.0491
  3     2.7379     0.0295     0.1499     0.0106    -0.2328     0.0100     2.8208     0.0309
  4     2.7493     0.0308     0.1494     0.0075    -0.2171     0.0323     2.8169     0.0232
  5     2.7595     0.0315     0.1493     0.0058    -0.2123     0.0267     2.8225     0.0212
  6     2.7759     0.0416     0.1490     0.0048    -0.1860     0.0570     2.8129     0.0258
  7     2.7728     0.0357     0.1492     0.0041    -0.2033     0.0592     2.8269     0.0354
  8     2.7820     0.0359     0.1510     0.0050    -0.1924     0.0557     2.8234     0.0315
  9     2.7804     0.0318     0.1528     0.0057    -0.1960     0.0497     2.8237     0.0278
 10     2.7819     0.0286     0.1547     0.0064    -0.1955     0.0445     2.8226     0.0249
