 ERmod 0.3.7, Copyright (C) 2000-2019 Nobuyuki Matubayasi
                            2010-2019 Shun Sakuraba
 ERmod comes with ABSOLUTELY NO WARRANTY.
 This is free software, and you can redistribute it
 and/or modify it under certain conditions.
 See LICENSE file for details.
 ERmod 0.3.7, Copyright (C) 2000-2019 Nobuyuki Matubayasi
                            2010-2019 Shun Sakuraba
 ERmod comes with ABSOLUTELY NO WARRANTY.
 This is free software, and you can redistribute it
 and/or modify it under certain conditions.
 See LICENSE file for details.
 
  Number of the   1-th solvent  =           90
  Number of the   2-th solvent  =           90
  Number of the   3-th solvent  =        10000
 
  Be sure that the solvent distribution is homogeneous (radial distribution function is essentially unity) when the solvent molecule is separated beyond distance of   10.0 Angstrom in any direction from any atom within the solute molecule
 
  LJ long-range correction    =        -0.0033     -0.0237     -0.4483
 
  Self-energy of the solute   =         0.0000  kcal/mol
 
 
 cumulative average & 95% error for solvation energy
              total             1st component         2nd component         3rd component
  1   -11.5690                0.1204               -0.5426              -11.1469
  2   -11.5568     0.0245     0.1284     0.0159    -0.5566     0.0280   -11.1286     0.0365
  3   -11.5620     0.0176     0.1306     0.0102    -0.5469     0.0252   -11.1457     0.0402
  4   -11.5466     0.0333     0.1321     0.0078    -0.5157     0.0648   -11.1630     0.0447
  5   -11.5351     0.0346     0.1306     0.0067    -0.4984     0.0610   -11.1673     0.0357
  6   -11.5375     0.0286     0.1310     0.0056    -0.5003     0.0500   -11.1682     0.0292
  7   -11.5277     0.0311     0.1313     0.0047    -0.4736     0.0681   -11.1855     0.0424
  8   -11.5291     0.0271     0.1295     0.0054    -0.4841     0.0627   -11.1745     0.0427
  9   -11.5421     0.0352     0.1255     0.0092    -0.5048     0.0691   -11.1628     0.0443
 10   -11.5462     0.0326     0.1246     0.0085    -0.5114     0.0631   -11.1594     0.0402
 
 
 group  inft  solvation free energy     error          difference
  total solvation free energy
   1      0          3.02879           0.02294           0.00896
   1     60          3.01326           0.02301          -0.00657
   1     80          2.88683           0.02358          -0.13300
   1    100          2.41832           0.02557          -0.60151
   2      0          3.01732           0.02283          -0.00251
   3      0          3.01983           0.02308           0.00000
   4      0          2.99982           0.02268          -0.02001
   5      0          3.04692           0.02263           0.02709
   5     60          3.02573           0.02272           0.00590
   5     80          2.86591           0.02341          -0.15392
   5    100          2.42915           0.02518          -0.59068
 
  contribution from  1-th solvent component
   1      0          0.20729           0.00798           0.00277
   1     60          0.20741           0.00803           0.00289
   1     80          0.20818           0.00844           0.00366
   1    100          0.20950           0.00993           0.00497
   2      0          0.20503           0.00761           0.00051
   3      0          0.20452           0.00757           0.00000
   4      0          0.20381           0.00747          -0.00072
   5      0          0.20381           0.00769          -0.00072
   5     60          0.20394           0.00775          -0.00058
   5     80          0.20465           0.00828           0.00013
   5    100          0.20530           0.00968           0.00078
 
  contribution from  2-th solvent component
   1      0         -0.24929           0.03266           0.00154
   1     60         -0.24935           0.03271           0.00148
   1     80         -0.24994           0.03304           0.00089
   1    100         -0.25227           0.03420          -0.00144
   2      0         -0.25054           0.03256           0.00029
   3      0         -0.25083           0.03256           0.00000
   4      0         -0.25181           0.03258          -0.00099
   5      0         -0.25214           0.03227          -0.00131
   5     60         -0.25224           0.03232          -0.00142
   5     80         -0.25309           0.03271          -0.00227
   5    100         -0.25546           0.03374          -0.00463
 
  contribution from  3-th solvent component
   1      0          3.07075           0.01832           0.00465
   1     60          3.05517           0.01833          -0.01093
   1     80          2.92855           0.01845          -0.13755
   1    100          2.46105           0.01888          -0.60505
   2      0          3.06279           0.01853          -0.00331
   3      0          3.06610           0.01822           0.00000
   4      0          3.04779           0.01805          -0.01831
   5      0          3.09522           0.01781           0.02912
   5     60          3.07399           0.01783           0.00789
   5     80          2.91432           0.01797          -0.15178
   5    100          2.47927           0.01837          -0.58683
 
 
 group  inft   Estimated free energy: total (kcal/mol)
   1      0       3.0169       3.0325       2.9986       3.0726       3.0605
                  3.0321       3.0780       3.0352       2.9614       3.0000
   1     60       3.0013       3.0171       2.9830       3.0572       3.0450
                  3.0166       3.0627       3.0197       2.9457       2.9843
   1     80       2.8745       2.8913       2.8563       2.9320       2.9185
                  2.8905       2.9379       2.8929       2.8175       2.8569
   1    100       2.4047       2.4256       2.3873       2.4681       2.4498
                  2.4227       2.4744       2.4229       2.3426       2.3850
   2      0       3.0059       3.0210       2.9861       3.0582       3.0491
                  3.0189       3.0683       3.0268       2.9512       2.9877
   3      0       3.0067       3.0240       2.9875       3.0608       3.0520
                  3.0236       3.0718       3.0282       2.9537       2.9901
   4      0       2.9854       3.0040       2.9693       3.0392       3.0307
                  3.0040       3.0526       3.0078       2.9355       2.9698
   5      0       3.0352       3.0495       3.0181       3.0925       3.0780
                  3.0502       3.0949       3.0517       2.9810       3.0182
   5     60       3.0140       3.0284       2.9968       3.0715       3.0568
                  3.0290       3.0740       3.0304       2.9596       2.9968
   5     80       2.8537       2.8696       2.8368       2.9132       2.8968
                  2.8696       2.9161       2.8700       2.7976       2.8358
   5    100       2.4158       2.4355       2.3997       2.4807       2.4595
                  2.4337       2.4838       2.4317       2.3551       2.3960
 
 group  inft   Estimated free energy: 1-th solvent contribution (kcal/mol)
   1      0       0.2051       0.2187       0.2139       0.2330       0.2030
                  0.2114       0.2030       0.1967       0.1879       0.2002
   1     60       0.2051       0.2189       0.2141       0.2333       0.2031
                  0.2115       0.2032       0.1968       0.1879       0.2002
   1     80       0.2055       0.2204       0.2150       0.2353       0.2036
                  0.2125       0.2044       0.1970       0.1876       0.2005
   1    100       0.2056       0.2245       0.2171       0.2410       0.2038
                  0.2147       0.2068       0.1963       0.1852       0.1999
   2      0       0.2031       0.2160       0.2115       0.2295       0.2012
                  0.2083       0.2013       0.1951       0.1863       0.1981
   3      0       0.2025       0.2157       0.2103       0.2289       0.2001
                  0.2083       0.2011       0.1947       0.1861       0.1974
   4      0       0.2019       0.2146       0.2095       0.2281       0.1999
                  0.2075       0.1999       0.1940       0.1857       0.1969
   5      0       0.2022       0.2146       0.2098       0.2290       0.1996
                  0.2073       0.2003       0.1933       0.1856       0.1964
   5     60       0.2023       0.2149       0.2100       0.2293       0.1997
                  0.2074       0.2005       0.1933       0.1856       0.1964
   5     80       0.2026       0.2166       0.2110       0.2316       0.1999
                  0.2085       0.2017       0.1932       0.1850       0.1964
   5    100       0.2022       0.2199       0.2125       0.2364       0.1992
                  0.2099       0.2035       0.1918       0.1824       0.1953
 
 group  inft   Estimated free energy: 2-th solvent contribution (kcal/mol)
   1      0      -0.2713      -0.2731      -0.2607      -0.2109      -0.2114
                 -0.2515      -0.1359      -0.2737      -0.3231      -0.2812
   1     60      -0.2714      -0.2732      -0.2608      -0.2110      -0.2114
                 -0.2516      -0.1358      -0.2738      -0.3232      -0.2813
   1     80      -0.2723      -0.2739      -0.2615      -0.2115      -0.2119
                 -0.2524      -0.1348      -0.2747      -0.3242      -0.2822
   1    100      -0.2759      -0.2766      -0.2639      -0.2136      -0.2137
                 -0.2553      -0.1318      -0.2781      -0.3280      -0.2858
   2      0      -0.2727      -0.2745      -0.2614      -0.2125      -0.2124
                 -0.2529      -0.1376      -0.2751      -0.3241      -0.2821
   3      0      -0.2733      -0.2745      -0.2620      -0.2129      -0.2122
                 -0.2532      -0.1380      -0.2753      -0.3245      -0.2823
   4      0      -0.2747      -0.2758      -0.2626      -0.2137      -0.2133
                 -0.2538      -0.1392      -0.2760      -0.3256      -0.2834
   5      0      -0.2745      -0.2763      -0.2628      -0.2135      -0.2133
                 -0.2542      -0.1416      -0.2758      -0.3261      -0.2833
   5     60      -0.2746      -0.2764      -0.2629      -0.2136      -0.2134
                 -0.2543      -0.1414      -0.2760      -0.3263      -0.2834
   5     80      -0.2759      -0.2773      -0.2638      -0.2144      -0.2141
                 -0.2554      -0.1404      -0.2772      -0.3277      -0.2847
   5    100      -0.2794      -0.2801      -0.2663      -0.2165      -0.2161
                 -0.2582      -0.1380      -0.2805      -0.3313      -0.2882
 
 group  inft   Estimated free energy: 3-th solvent contribution (kcal/mol)
   1      0       3.0831       3.0869       3.0454       3.0505       3.0688
                  3.0723       3.0109       3.1122       3.0966       3.0809
   1     60       3.0675       3.0713       3.0297       3.0349       3.0533
                  3.0567       2.9952       3.0967       3.0809       3.0653
   1     80       2.9412       2.9447       2.9027       2.9082       2.9267
                  2.9303       2.8683       2.9706       2.9540       2.9387
   1    100       2.4750       2.4777       2.4340       2.4406       2.4598
                  2.4633       2.3993       2.5047       2.4853       2.4709
   2      0       3.0754       3.0795       3.0361       3.0411       3.0602
                  3.0636       3.0046       3.1069       3.0889       3.0717
   3      0       3.0774       3.0827       3.0392       3.0447       3.0640
                  3.0685       3.0086       3.1088       3.0920       3.0750
   4      0       3.0582       3.0652       3.0223       3.0248       3.0441
                  3.0503       2.9918       3.0897       3.0753       3.0563
   5      0       3.1074       3.1111       3.0710       3.0770       3.0918
                  3.0970       3.0361       3.1342       3.1216       3.1051
   5     60       3.0862       3.0899       3.0497       3.0557       3.0706
                  3.0759       3.0148       3.1130       3.1003       3.0838
   5     80       2.9270       2.9303       2.8895       2.8960       2.9110
                  2.9164       2.8548       2.9539       2.9402       2.9241
   5    100       2.4930       2.4957       2.4534       2.4608       2.4764
                  2.4820       2.4183       2.5203       2.5040       2.4888
 
 
 cumulative average & 95% error for solvation free energy
              total             1st component         2nd component         3rd component
  1     3.0067                0.2025               -0.2733                3.0774
  2     3.0153     0.0173     0.2091     0.0132    -0.2739     0.0011     3.0800     0.0052
  3     3.0061     0.0211     0.2095     0.0077    -0.2699     0.0079     3.0664     0.0274
  4     3.0197     0.0311     0.2144     0.0111    -0.2557     0.0291     3.0610     0.0222
  5     3.0262     0.0274     0.2115     0.0103    -0.2470     0.0284     3.0616     0.0172
  6     3.0258     0.0224     0.2110     0.0085    -0.2480     0.0233     3.0628     0.0143
  7     3.0323     0.0230     0.2096     0.0077    -0.2323     0.0371     3.0550     0.0196
  8     3.0318     0.0200     0.2077     0.0076    -0.2377     0.0339     3.0617     0.0217
  9     3.0231     0.0247     0.2053     0.0083    -0.2473     0.0356     3.0651     0.0202
 10     3.0198     0.0231     0.2045     0.0076    -0.2508     0.0326     3.0661     0.0182
