 ERmod 0.3.7, Copyright (C) 2000-2019 Nobuyuki Matubayasi
                            2010-2019 Shun Sakuraba
 ERmod comes with ABSOLUTELY NO WARRANTY.
 This is free software, and you can redistribute it
 and/or modify it under certain conditions.
 See LICENSE file for details.
 ERmod 0.3.7, Copyright (C) 2000-2019 Nobuyuki Matubayasi
                            2010-2019 Shun Sakuraba
 ERmod comes with ABSOLUTELY NO WARRANTY.
 This is free software, and you can redistribute it
 and/or modify it under certain conditions.
 See LICENSE file for details.
 
  Number of the   1-th solvent  =          180
  Number of the   2-th solvent  =          180
  Number of the   3-th solvent  =        10000
 
  Be sure that the solvent distribution is homogeneous (radial distribution function is essentially unity) when the solvent molecule is separated beyond distance of   10.0 Angstrom in any direction from any atom within the solute molecule
 
  LJ long-range correction    =        -0.0019     -0.0137     -0.1301
 
  Self-energy of the solute   =         0.0000  kcal/mol
 
 
 cumulative average & 95% error for solvation energy
              total             1st component         2nd component         3rd component
  1    -4.0844                0.0211               -0.2949               -3.8105
  2    -4.0995     0.0302     0.0209     0.0004    -0.3266     0.0633    -3.7937     0.0336
  3    -4.0980     0.0177     0.0147     0.0123    -0.3310     0.0376    -3.7816     0.0310
  4    -4.0963     0.0129     0.0156     0.0089    -0.3305     0.0266    -3.7815     0.0219
  5    -4.0945     0.0107     0.0145     0.0073    -0.3258     0.0227    -3.7832     0.0173
  6    -4.0897     0.0130     0.0158     0.0065    -0.3171     0.0254    -3.7884     0.0176
  7    -4.0894     0.0110     0.0166     0.0058    -0.3089     0.0270    -3.7972     0.0230
  8    -4.0899     0.0096     0.0154     0.0056    -0.3109     0.0238    -3.7944     0.0207
  9    -4.0897     0.0085     0.0149     0.0050    -0.3094     0.0212    -3.7952     0.0183
 10    -4.0850     0.0120     0.0173     0.0066    -0.3030     0.0229    -3.7994     0.0184
 
 
 group  inft  solvation free energy     error          difference
  total solvation free energy
   1      0          2.57296           0.01701           0.00575
   1     60          2.55252           0.01717          -0.01470
   1     80          2.43925           0.01821          -0.12797
   1    100          2.11891           0.02114          -0.44831
   2      0          2.57341           0.01695           0.00620
   3      0          2.56721           0.01636           0.00000
   4      0          2.62753           0.01627           0.06031
   5      0          2.58378           0.01615           0.01656
   5     60          2.55698           0.01637          -0.01024
   5     80          2.41953           0.01757          -0.14768
   5    100          2.12251           0.02015          -0.44470
 
  contribution from  1-th solvent component
   1      0          0.10653           0.01063           0.00345
   1     60          0.10655           0.01075           0.00347
   1     80          0.10634           0.01156           0.00326
   1    100          0.10425           0.01386           0.00117
   2      0          0.10482           0.01021           0.00174
   3      0          0.10308           0.00993           0.00000
   4      0          0.10244           0.01008          -0.00064
   5      0          0.10187           0.00986          -0.00122
   5     60          0.10184           0.01003          -0.00124
   5     80          0.10121           0.01100          -0.00187
   5    100          0.09867           0.01306          -0.00441
 
  contribution from  2-th solvent component
   1      0         -0.05428           0.01113           0.00368
   1     60         -0.05473           0.01115           0.00322
   1     80         -0.05726           0.01128           0.00069
   1    100         -0.06368           0.01162          -0.00573
   2      0         -0.05671           0.01124           0.00124
   3      0         -0.05796           0.01128           0.00000
   4      0         -0.05974           0.01109          -0.00178
   5      0         -0.06027           0.01109          -0.00232
   5     60         -0.06091           0.01112          -0.00295
   5     80         -0.06405           0.01125          -0.00610
   5    100         -0.07020           0.01152          -0.01225
 
  contribution from  3-th solvent component
   1      0          2.52071           0.01000          -0.00138
   1     60          2.50070           0.01004          -0.02139
   1     80          2.39017           0.01035          -0.13192
   1    100          2.07834           0.01120          -0.44375
   2      0          2.52530           0.01005           0.00322
   3      0          2.52209           0.00993           0.00000
   4      0          2.58482           0.00914           0.06274
   5      0          2.54218           0.00948           0.02010
   5     60          2.51604           0.00954          -0.00604
   5     80          2.38237           0.00988          -0.13972
   5    100          2.09404           0.01060          -0.42805
 
 
 group  inft   Estimated free energy: total (kcal/mol)
   1      0       2.5699       2.5356       2.5731       2.5580       2.5776
                  2.5966       2.5624       2.5610       2.5601       2.6352
   1     60       2.5495       2.5149       2.5526       2.5375       2.5571
                  2.5764       2.5419       2.5404       2.5395       2.6155
   1     80       2.4361       2.4003       2.4392       2.4232       2.4436
                  2.4644       2.4279       2.4260       2.4254       2.5065
   1    100       2.1150       2.0760       2.1181       2.1005       2.1223
                  2.1474       2.1056       2.1029       2.1027       2.1986
   2      0       2.5689       2.5360       2.5747       2.5584       2.5786
                  2.5989       2.5634       2.5613       2.5594       2.6343
   3      0       2.5633       2.5298       2.5674       2.5547       2.5723
                  2.5932       2.5563       2.5548       2.5553       2.6250
   4      0       2.6228       2.5913       2.6263       2.6154       2.6315
                  2.6520       2.6200       2.6151       2.6143       2.6865
   5      0       2.5801       2.5454       2.5834       2.5703       2.5888
                  2.6074       2.5746       2.5739       2.5728       2.6414
   5     60       2.5532       2.5183       2.5565       2.5433       2.5619
                  2.5808       2.5477       2.5469       2.5458       2.6154
   5     80       2.4153       2.3791       2.4188       2.4049       2.4243
                  2.4447       2.4093       2.4083       2.4074       2.4832
   5    100       2.1173       2.0785       2.1211       2.1061       2.1266
                  2.1505       2.1104       2.1091       2.1083       2.1972
 
 group  inft   Estimated free energy: 1-th solvent contribution (kcal/mol)
   1      0       0.1026       0.1090       0.0933       0.1050       0.0978
                  0.1059       0.1064       0.0952       0.0981       0.1520
   1     60       0.1025       0.1090       0.0932       0.1049       0.0978
                  0.1060       0.1064       0.0951       0.0980       0.1525
   1     80       0.1021       0.1088       0.0922       0.1042       0.0968
                  0.1059       0.1061       0.0941       0.0972       0.1559
   1    100       0.0991       0.1067       0.0879       0.1009       0.0926
                  0.1043       0.1039       0.0899       0.0932       0.1638
   2      0       0.1004       0.1063       0.0923       0.1032       0.0965
                  0.1044       0.1049       0.0945       0.0969       0.1487
   3      0       0.0986       0.1044       0.0910       0.1019       0.0952
                  0.1025       0.1030       0.0929       0.0955       0.1458
   4      0       0.0978       0.1040       0.0903       0.1009       0.0943
                  0.1018       0.1021       0.0925       0.0947       0.1459
   5      0       0.0979       0.1033       0.0904       0.1004       0.0938
                  0.1013       0.1018       0.0916       0.0938       0.1443
   5     60       0.0978       0.1032       0.0903       0.1003       0.0936
                  0.1013       0.1018       0.0915       0.0937       0.1450
   5     80       0.0968       0.1024       0.0888       0.0991       0.0922
                  0.1009       0.1011       0.0899       0.0923       0.1487
   5    100       0.0934       0.0997       0.0844       0.0955       0.0879
                  0.0987       0.0984       0.0855       0.0881       0.1552
 
 group  inft   Estimated free energy: 2-th solvent contribution (kcal/mol)
   1      0      -0.0508      -0.0833      -0.0680      -0.0691      -0.0542
                 -0.0381      -0.0350      -0.0653      -0.0524      -0.0266
   1     60      -0.0512      -0.0838      -0.0685      -0.0696      -0.0547
                 -0.0386      -0.0354      -0.0658      -0.0528      -0.0270
   1     80      -0.0538      -0.0866      -0.0712      -0.0723      -0.0572
                 -0.0410      -0.0377      -0.0684      -0.0553      -0.0290
   1    100      -0.0604      -0.0937      -0.0780      -0.0792      -0.0637
                 -0.0473      -0.0437      -0.0752      -0.0616      -0.0341
   2      0      -0.0528      -0.0862      -0.0703      -0.0714      -0.0570
                 -0.0400      -0.0372      -0.0682      -0.0550      -0.0291
   3      0      -0.0546      -0.0877      -0.0719      -0.0723      -0.0574
                 -0.0408      -0.0385      -0.0695      -0.0563      -0.0304
   4      0      -0.0563      -0.0892      -0.0732      -0.0734      -0.0599
                 -0.0433      -0.0404      -0.0712      -0.0581      -0.0325
   5      0      -0.0567      -0.0895      -0.0735      -0.0747      -0.0606
                 -0.0429      -0.0414      -0.0715      -0.0588      -0.0332
   5     60      -0.0574      -0.0902      -0.0742      -0.0753      -0.0613
                 -0.0435      -0.0420      -0.0721      -0.0594      -0.0337
   5     80      -0.0606      -0.0936      -0.0775      -0.0787      -0.0644
                 -0.0465      -0.0450      -0.0754      -0.0625      -0.0364
   5    100      -0.0668      -0.1003      -0.0839      -0.0852      -0.0706
                 -0.0525      -0.0508      -0.0819      -0.0685      -0.0415
 
 group  inft   Estimated free energy: 3-th solvent contribution (kcal/mol)
   1      0       2.5181       2.5098       2.5478       2.5222       2.5340
                  2.5288       2.4910       2.5311       2.5144       2.5098
   1     60       2.4982       2.4896       2.5279       2.5021       2.5140
                  2.5090       2.4709       2.5111       2.4943       2.4899
   1     80       2.3878       2.3781       2.4181       2.3912       2.4039
                  2.3995       2.3595       2.4003       2.3836       2.3796
   1    100       2.0762       2.0630       2.1082       2.0788       2.0933
                  2.0904       2.0454       2.0882       2.0711       2.0688
   2      0       2.5213       2.5159       2.5527       2.5267       2.5391
                  2.5344       2.4957       2.5350       2.5176       2.5147
   3      0       2.5193       2.5131       2.5482       2.5251       2.5345
                  2.5315       2.4919       2.5314       2.5162       2.5096
   4      0       2.5813       2.5765       2.6092       2.5878       2.5971
                  2.5935       2.5583       2.5937       2.5777       2.5730
   5      0       2.5389       2.5316       2.5665       2.5445       2.5556
                  2.5490       2.5142       2.5537       2.5377       2.5302
   5     60       2.5128       2.5052       2.5404       2.5184       2.5296
                  2.5230       2.4878       2.5276       2.5115       2.5042
   5     80       2.3791       2.3703       2.4075       2.3845       2.3965
                  2.3904       2.3532       2.3938       2.3776       2.3708
   5    100       2.0907       2.0792       2.1206       2.0958       2.1093
                  2.1044       2.0628       2.1054       2.0887       2.0835
 
 
 cumulative average & 95% error for solvation free energy
              total             1st component         2nd component         3rd component
  1     2.5633                0.0986               -0.0546                2.5193
  2     2.5466     0.0334     0.1015     0.0059    -0.0712     0.0331     2.5162     0.0062
  3     2.5535     0.0238     0.0980     0.0078    -0.0714     0.0191     2.5269     0.0216
  4     2.5538     0.0168     0.0990     0.0058    -0.0716     0.0135     2.5264     0.0153
  5     2.5575     0.0150     0.0982     0.0048    -0.0688     0.0119     2.5281     0.0123
  6     2.5635     0.0171     0.0989     0.0041    -0.0641     0.0135     2.5286     0.0101
  7     2.5624     0.0146     0.0995     0.0037    -0.0605     0.0135     2.5234     0.0135
  8     2.5615     0.0128     0.0987     0.0036    -0.0616     0.0119     2.5244     0.0119
  9     2.5608     0.0113     0.0983     0.0033    -0.0610     0.0106     2.5235     0.0107
 10     2.5672     0.0164     0.1031     0.0099    -0.0580     0.0113     2.5221     0.0099
