 ERmod 0.3.7, Copyright (C) 2000-2019 Nobuyuki Matubayasi
                            2010-2019 Shun Sakuraba
 ERmod comes with ABSOLUTELY NO WARRANTY.
 This is free software, and you can redistribute it
 and/or modify it under certain conditions.
 See LICENSE file for details.
 ERmod 0.3.7, Copyright (C) 2000-2019 Nobuyuki Matubayasi
                            2010-2019 Shun Sakuraba
 ERmod comes with ABSOLUTELY NO WARRANTY.
 This is free software, and you can redistribute it
 and/or modify it under certain conditions.
 See LICENSE file for details.
 
  Number of the   1-th solvent  =          180
  Number of the   2-th solvent  =          180
  Number of the   3-th solvent  =        10000
 
  Be sure that the solvent distribution is homogeneous (radial distribution function is essentially unity) when the solvent molecule is separated beyond distance of   10.0 Angstrom in any direction from any atom within the solute molecule
 
  LJ long-range correction    =        -0.0066     -0.0049     -0.3524
 
  Self-energy of the solute   =         0.0000  kcal/mol
 
 
 cumulative average & 95% error for solvation energy
              total             1st component         2nd component         3rd component
  1    -9.2321                0.1620               -0.2759               -9.1182
  2    -9.2223     0.0196     0.1643     0.0046    -0.2768     0.0017    -9.1099     0.0167
  3    -9.2280     0.0160     0.1523     0.0242    -0.2744     0.0048    -9.1059     0.0126
  4    -9.2303     0.0123     0.1523     0.0171    -0.2769     0.0061    -9.1057     0.0089
  5    -9.2285     0.0101     0.1573     0.0166    -0.2761     0.0050    -9.1098     0.0107
  6    -9.2276     0.0085     0.1572     0.0136    -0.2749     0.0047    -9.1100     0.0087
  7    -9.2291     0.0077     0.1577     0.0115    -0.2758     0.0043    -9.1110     0.0077
  8    -9.2242     0.0118     0.1584     0.0101    -0.2749     0.0042    -9.1078     0.0093
  9    -9.2226     0.0109     0.1618     0.0111    -0.2745     0.0038    -9.1099     0.0092
 10    -9.2201     0.0110     0.1622     0.0100    -0.2741     0.0035    -9.1082     0.0089
 
 
 group  inft  solvation free energy     error          difference
  total solvation free energy
   1      0          3.28674           0.01335           0.00036
   1     60          3.27501           0.01337          -0.01136
   1     80          3.17670           0.01367          -0.10967
   1    100          2.79438           0.01508          -0.49199
   2      0          3.27657           0.01337          -0.00980
   3      0          3.28637           0.01353           0.00000
   4      0          3.26789           0.01366          -0.01848
   5      0          3.32511           0.01311           0.03874
   5     60          3.30912           0.01314           0.02274
   5     80          3.18417           0.01354          -0.10220
   5    100          2.82614           0.01493          -0.46023
 
  contribution from  1-th solvent component
   1      0          0.32382           0.01250           0.00295
   1     60          0.32384           0.01253           0.00297
   1     80          0.32421           0.01307           0.00334
   1    100          0.32422           0.01543           0.00335
   2      0          0.32156           0.01221           0.00069
   3      0          0.32087           0.01224           0.00000
   4      0          0.31931           0.01204          -0.00156
   5      0          0.31977           0.01224          -0.00110
   5     60          0.31977           0.01229          -0.00110
   5     80          0.31990           0.01296          -0.00097
   5    100          0.31926           0.01510          -0.00161
 
  contribution from  2-th solvent component
   1      0         -0.19923           0.01031           0.00230
   1     60         -0.19879           0.01032           0.00273
   1     80         -0.19662           0.01048           0.00491
   1    100         -0.19144           0.01133           0.01009
   2      0         -0.20139           0.01001           0.00014
   3      0         -0.20153           0.01008           0.00000
   4      0         -0.20163           0.00994          -0.00010
   5      0         -0.20237           0.00971          -0.00084
   5     60         -0.20181           0.00972          -0.00028
   5     80         -0.19925           0.00993           0.00228
   5    100         -0.19462           0.01073           0.00691
 
  contribution from  3-th solvent component
   1      0          3.16212           0.01186          -0.00489
   1     60          3.14995           0.01188          -0.01706
   1     80          3.04910           0.01208          -0.11791
   1    100          2.66158           0.01288          -0.50543
   2      0          3.15638           0.01176          -0.01063
   3      0          3.16701           0.01177           0.00000
   4      0          3.15018           0.01174          -0.01683
   5      0          3.20769           0.01117           0.04068
   5     60          3.19113           0.01120           0.02412
   5     80          3.06349           0.01143          -0.10352
   5    100          2.70147           0.01211          -0.46554
 
 
 group  inft   Estimated free energy: total (kcal/mol)
   1      0       3.2669       3.2837       3.3078       3.2813       3.2749
                  3.2693       3.2616       3.3299       3.2932       3.2989
   1     60       3.2551       3.2720       3.2961       3.2695       3.2631
                  3.2575       3.2498       3.3182       3.2816       3.2872
   1     80       3.1561       3.1735       3.1975       3.1710       3.1651
                  3.1586       3.1506       3.2208       3.1848       3.1890
   1    100       2.7714       2.7898       2.8143       2.7883       2.7834
                  2.7730       2.7649       2.8424       2.8091       2.8073
   2      0       3.2554       3.2740       3.2949       3.2728       3.2640
                  3.2601       3.2514       3.3207       3.2828       3.2894
   3      0       3.2628       3.2856       3.3042       3.2845       3.2715
                  3.2711       3.2622       3.3316       3.2933       3.2969
   4      0       3.2451       3.2671       3.2836       3.2654       3.2525
                  3.2527       3.2431       3.3142       3.2748       3.2803
   5      0       3.3049       3.3232       3.3433       3.3209       3.3116
                  3.3112       3.2991       3.3685       3.3348       3.3337
   5     60       3.2888       3.3072       3.3272       3.3048       3.2957
                  3.2951       3.2830       3.3526       3.3190       3.3178
   5     80       3.1631       3.1819       3.2020       3.1796       3.1711
                  3.1693       3.1570       3.2287       3.1959       3.1931
   5    100       2.8030       2.8224       2.8433       2.8211       2.8137
                  2.8079       2.7957       2.8743       2.8441       2.8359
 
 group  inft   Estimated free energy: 1-th solvent contribution (kcal/mol)
   1      0       0.3214       0.3302       0.2920       0.3142       0.3357
                  0.3096       0.3253       0.3190       0.3684       0.3224
   1     60       0.3214       0.3302       0.2919       0.3142       0.3358
                  0.3096       0.3254       0.3190       0.3686       0.3224
   1     80       0.3215       0.3304       0.2913       0.3144       0.3368
                  0.3092       0.3256       0.3193       0.3712       0.3225
   1    100       0.3202       0.3296       0.2867       0.3137       0.3392
                  0.3060       0.3253       0.3191       0.3808       0.3217
   2      0       0.3196       0.3278       0.2902       0.3121       0.3325
                  0.3078       0.3228       0.3170       0.3653       0.3206
   3      0       0.3188       0.3274       0.2889       0.3115       0.3312
                  0.3079       0.3218       0.3167       0.3647       0.3197
   4      0       0.3172       0.3255       0.2881       0.3099       0.3292
                  0.3067       0.3203       0.3153       0.3627       0.3182
   5      0       0.3181       0.3250       0.2882       0.3106       0.3305
                  0.3064       0.3203       0.3161       0.3639       0.3184
   5     60       0.3181       0.3250       0.2881       0.3106       0.3306
                  0.3064       0.3203       0.3161       0.3642       0.3184
   5     80       0.3178       0.3248       0.2870       0.3105       0.3315
                  0.3057       0.3203       0.3161       0.3670       0.3183
   5    100       0.3162       0.3234       0.2822       0.3092       0.3330
                  0.3021       0.3192       0.3153       0.3751       0.3169
 
 group  inft   Estimated free energy: 2-th solvent contribution (kcal/mol)
   1      0      -0.2084      -0.2200      -0.1650      -0.1981      -0.2080
                 -0.1989      -0.2137      -0.1789      -0.2019      -0.1996
   1     60      -0.2079      -0.2195      -0.1646      -0.1977      -0.2075
                 -0.1984      -0.2133      -0.1784      -0.2014      -0.1991
   1     80      -0.2058      -0.2176      -0.1619      -0.1956      -0.2055
                 -0.1963      -0.2115      -0.1758      -0.1994      -0.1968
   1    100      -0.2010      -0.2138      -0.1542      -0.1904      -0.2013
                 -0.1912      -0.2082      -0.1686      -0.1949      -0.1907
   2      0      -0.2115      -0.2210      -0.1688      -0.1996      -0.2104
                 -0.2006      -0.2152      -0.1807      -0.2039      -0.2022
   3      0      -0.2125      -0.2211      -0.1688      -0.1992      -0.2104
                 -0.2008      -0.2152      -0.1807      -0.2042      -0.2022
   4      0      -0.2122      -0.2207      -0.1693      -0.2002      -0.2106
                 -0.2010      -0.2148      -0.1807      -0.2047      -0.2021
   5      0      -0.2104      -0.2201      -0.1699      -0.2005      -0.2103
                 -0.2037      -0.2169      -0.1826      -0.2053      -0.2039
   5     60      -0.2099      -0.2196      -0.1693      -0.2000      -0.2098
                 -0.2032      -0.2164      -0.1820      -0.2047      -0.2033
   5     80      -0.2075      -0.2173      -0.1661      -0.1975      -0.2075
                 -0.2006      -0.2144      -0.1788      -0.2023      -0.2004
   5    100      -0.2032      -0.2137      -0.1592      -0.1928      -0.2038
                 -0.1963      -0.2116      -0.1722      -0.1984      -0.1950
 
 group  inft   Estimated free energy: 3-th solvent contribution (kcal/mol)
   1      0       3.1538       3.1735       3.1808       3.1652       3.1470
                  3.1586       3.1499       3.1897       3.1267       3.1761
   1     60       3.1416       3.1613       3.1687       3.1530       3.1349
                  3.1464       3.1377       3.1776       3.1144       3.1639
   1     80       3.0405       3.0607       3.0682       3.0522       3.0339
                  3.0457       3.0364       3.0773       3.0130       3.0632
   1    100       2.6522       2.6739       2.6818       2.6650       2.6456
                  2.6582       2.6478       2.6919       2.6231       2.6764
   2      0       3.1473       3.1672       3.1735       3.1604       3.1418
                  3.1529       3.1438       3.1844       3.1215       3.1710
   3      0       3.1564       3.1792       3.1841       3.1722       3.1508
                  3.1640       3.1556       3.1955       3.1328       3.1794
   4      0       3.1401       3.1622       3.1648       3.1557       3.1338
                  3.1470       3.1377       3.1796       3.1168       3.1642
   5      0       3.1972       3.2183       3.2249       3.2108       3.1914
                  3.2084       3.1956       3.2350       3.1762       3.2191
   5     60       3.1806       3.2018       3.2084       3.1942       3.1749
                  3.1918       3.1790       3.2185       3.1595       3.2026
   5     80       3.0527       3.0743       3.0812       3.0666       3.0471
                  3.0642       3.0510       3.0914       3.0312       3.0752
   5    100       2.6901       2.7127       2.7203       2.7046       2.6845
                  2.7020       2.6881       2.7312       2.6672       2.7140
 
 
 cumulative average & 95% error for solvation free energy
              total             1st component         2nd component         3rd component
  1     3.2628                0.3188               -0.2125                3.1564
  2     3.2742     0.0228     0.3231     0.0086    -0.2168     0.0086     3.1678     0.0228
  3     3.2842     0.0240     0.3117     0.0233    -0.2008     0.0324     3.1732     0.0171
  4     3.2843     0.0169     0.3117     0.0165    -0.2004     0.0229     3.1730     0.0121
  5     3.2817     0.0141     0.3156     0.0150    -0.2024     0.0182     3.1685     0.0129
  6     3.2800     0.0120     0.3143     0.0125    -0.2021     0.0149     3.1678     0.0106
  7     3.2774     0.0114     0.3154     0.0108    -0.2040     0.0131     3.1660     0.0096
  8     3.2842     0.0167     0.3155     0.0093    -0.2011     0.0127     3.1697     0.0111
  9     3.2852     0.0149     0.3210     0.0137    -0.2014     0.0113     3.1656     0.0128
 10     3.2864     0.0135     0.3209     0.0122    -0.2015     0.0101     3.1670     0.0118
