 ERmod 0.3.7, Copyright (C) 2000-2019 Nobuyuki Matubayasi
                            2010-2019 Shun Sakuraba
 ERmod comes with ABSOLUTELY NO WARRANTY.
 This is free software, and you can redistribute it
 and/or modify it under certain conditions.
 See LICENSE file for details.
 ERmod 0.3.7, Copyright (C) 2000-2019 Nobuyuki Matubayasi
                            2010-2019 Shun Sakuraba
 ERmod comes with ABSOLUTELY NO WARRANTY.
 This is free software, and you can redistribute it
 and/or modify it under certain conditions.
 See LICENSE file for details.
 
  Number of the   1-th solvent  =           90
  Number of the   2-th solvent  =           90
  Number of the   3-th solvent  =        10000
 
  Be sure that the solvent distribution is homogeneous (radial distribution function is essentially unity) when the solvent molecule is separated beyond distance of   10.0 Angstrom in any direction from any atom within the solute molecule
 
  LJ long-range correction    =        -0.0053     -0.0379     -0.7175
 
  Self-energy of the solute   =        -0.0001  kcal/mol
 
 
 cumulative average & 95% error for solvation energy
              total             1st component         2nd component         3rd component
  1   -30.4849               -0.7718               -1.4951              -28.2180
  2   -30.4478     0.0742    -0.4051     0.7332    -1.2267     0.5368   -28.8159     1.1958
  3   -30.5287     0.1674    -0.5957     0.5696    -1.5696     0.7525   -28.3634     1.1383
  4   -30.5087     0.1250    -0.6784     0.4354    -1.4150     0.6154   -28.4153     0.8115
  5   -30.5009     0.0981    -0.5442     0.4310    -1.4023     0.4773   -28.5543     0.6874
  6   -30.4484     0.1321    -0.5004     0.3627    -1.2406     0.5065   -28.7074     0.6393
  7   -30.4488     0.1117    -0.4388     0.3303    -1.2105     0.4323   -28.7995     0.5708
  8   -30.4540     0.0973    -0.4063     0.2934    -1.3451     0.4611   -28.7026     0.5310
  9   -30.4764     0.0968    -0.3785     0.2646    -1.4182     0.4322   -28.6796     0.4705
 10   -30.4640     0.0900    -0.3369     0.2509    -1.3358     0.4203   -28.7912     0.4764
 
 
 group  inft  solvation free energy     error          difference
  total solvation free energy
   1      0         -3.79267           0.07698           0.01425
   1     60         -3.82271           0.07699          -0.01579
   1     80         -4.07337           0.07714          -0.26645
   1    100         -4.95757           0.07733          -1.15065
   2      0         -3.80265           0.07520           0.00427
   3      0         -3.80692           0.07345           0.00000
   4      0         -3.80344           0.07497           0.00349
   5      0         -3.80458           0.07193           0.00234
   5     60         -3.84539           0.07194          -0.03847
   5     80         -4.15754           0.07202          -0.35061
   5    100         -4.97116           0.07205          -1.16424
 
  contribution from  1-th solvent component
   1      0          0.03932           0.12757           0.01473
   1     60          0.03922           0.12759           0.01464
   1     80          0.03831           0.12774           0.01373
   1    100          0.03405           0.12825           0.00947
   2      0          0.02884           0.12538           0.00426
   3      0          0.02458           0.12308           0.00000
   4      0          0.02356           0.12282          -0.00102
   5      0          0.02247           0.12136          -0.00211
   5     60          0.02233           0.12138          -0.00225
   5     80          0.02088           0.12152          -0.00371
   5    100          0.01622           0.12184          -0.00836
 
  contribution from  2-th solvent component
   1      0         -0.74153           0.21833          -0.00445
   1     60         -0.74187           0.21835          -0.00478
   1     80         -0.74468           0.21849          -0.00759
   1    100         -0.75481           0.21882          -0.01772
   2      0         -0.73777           0.21609          -0.00069
   3      0         -0.73709           0.21494           0.00000
   4      0         -0.73507           0.21521           0.00202
   5      0         -0.73592           0.21325           0.00116
   5     60         -0.73639           0.21327           0.00070
   5     80         -0.73999           0.21338          -0.00291
   5    100         -0.74944           0.21358          -0.01235
 
  contribution from  3-th solvent component
   1      0         -3.09039           0.22714           0.00396
   1     60         -3.12000           0.22718          -0.02564
   1     80         -3.36694           0.22737          -0.27259
   1    100         -4.23676           0.22825          -1.14241
   2      0         -3.09366           0.22674           0.00070
   3      0         -3.09435           0.22682           0.00000
   4      0         -3.09187           0.22573           0.00249
   5      0         -3.09107           0.22653           0.00329
   5     60         -3.13127           0.22657          -0.03691
   5     80         -3.43836           0.22682          -0.34400
   5    100         -4.23788           0.22762          -1.14352
 
 
 group  inft   Estimated free energy: total (kcal/mol)
   1      0      -3.8315      -3.7524      -3.9582      -3.7191      -3.7111
                 -3.6019      -3.7956      -3.8838      -3.9818      -3.6913
   1     60      -3.8616      -3.7825      -3.9883      -3.7492      -3.7412
                 -3.6318      -3.8257      -3.9137      -4.0118      -3.7213
   1     80      -4.1126      -4.0334      -4.2392      -4.0005      -3.9919
                 -3.8813      -4.0771      -4.1636      -4.2627      -3.9714
   1    100      -4.9973      -4.9189      -5.1233      -4.8866      -4.8764
                 -4.7617      -4.9646      -5.0449      -5.1469      -4.8550
   2      0      -3.8364      -3.7670      -3.9618      -3.7110      -3.7102
                 -3.6234      -3.8156      -3.8868      -3.9936      -3.7208
   3      0      -3.8320      -3.7776      -3.9610      -3.7046      -3.7171
                 -3.6347      -3.8233      -3.8867      -3.9971      -3.7352
   4      0      -3.8296      -3.7720      -3.9615      -3.6996      -3.7073
                 -3.6273      -3.8219      -3.8899      -3.9929      -3.7323
   5      0      -3.8184      -3.7817      -3.9556      -3.6977      -3.7133
                 -3.6361      -3.8311      -3.8833      -3.9882      -3.7403
   5     60      -3.8593      -3.8226      -3.9965      -3.7386      -3.7542
                 -3.6768      -3.8720      -3.9239      -4.0290      -3.7810
   5     80      -4.1717      -4.1351      -4.3088      -4.0514      -4.0664
                 -3.9877      -4.1852      -4.2350      -4.3413      -4.0928
   5    100      -4.9854      -4.9502      -5.1218      -4.8663      -4.8803
                 -4.7984      -5.0020      -5.0461      -5.1545      -4.9064
 
 group  inft   Estimated free energy: 1-th solvent contribution (kcal/mol)
   1      0      -0.1819       0.2001      -0.2968      -0.2271       0.2612
                  0.0758       0.1747       0.0892       0.0715       0.2264
   1     60      -0.1820       0.2000      -0.2969      -0.2273       0.2611
                  0.0757       0.1746       0.0891       0.0714       0.2264
   1     80      -0.1832       0.1994      -0.2982      -0.2285       0.2602
                  0.0749       0.1740       0.0881       0.0705       0.2260
   1    100      -0.1884       0.1957      -0.3034      -0.2341       0.2564
                  0.0707       0.1706       0.0837       0.0659       0.2234
   2      0      -0.1899       0.1846      -0.3036      -0.2268       0.2598
                  0.0621       0.1574       0.0832       0.0564       0.2050
   3      0      -0.1889       0.1762      -0.3029      -0.2248       0.2560
                  0.0539       0.1488       0.0806       0.0515       0.1954
   4      0      -0.1892       0.1752      -0.3025      -0.2262       0.2567
                  0.0560       0.1443       0.0775       0.0502       0.1935
   5      0      -0.1853       0.1676      -0.3014      -0.2248       0.2532
                  0.0525       0.1401       0.0788       0.0507       0.1933
   5     60      -0.1855       0.1675      -0.3016      -0.2250       0.2531
                  0.0524       0.1400       0.0786       0.0505       0.1933
   5     80      -0.1871       0.1662      -0.3033      -0.2267       0.2517
                  0.0509       0.1388       0.0769       0.0490       0.1924
   5    100      -0.1923       0.1618      -0.3086      -0.2322       0.2475
                  0.0462       0.1347       0.0720       0.0441       0.1890
 
 group  inft   Estimated free energy: 2-th solvent contribution (kcal/mol)
   1      0      -0.8241      -0.5580      -1.2172      -0.5276      -0.7382
                 -0.2733      -0.6043      -1.2239      -1.1043      -0.3444
   1     60      -0.8245      -0.5583      -1.2175      -0.5279      -0.7386
                 -0.2736      -0.6047      -1.2243      -1.1046      -0.3447
   1     80      -0.8275      -0.5611      -1.2205      -0.5308      -0.7415
                 -0.2760      -0.6074      -1.2273      -1.1077      -0.3470
   1    100      -0.8380      -0.5713      -1.2311      -0.5411      -0.7521
                 -0.2849      -0.6177      -1.2378      -1.1183      -0.3558
   2      0      -0.8162      -0.5536      -1.2097      -0.5168      -0.7338
                 -0.2772      -0.6044      -1.2168      -1.0982      -0.3509
   3      0      -0.8129      -0.5544      -1.2080      -0.5132      -0.7333
                 -0.2818      -0.6042      -1.2138      -1.0961      -0.3531
   4      0      -0.8110      -0.5499      -1.2083      -0.5106      -0.7298
                 -0.2785      -0.6000      -1.2145      -1.0920      -0.3560
   5      0      -0.8103      -0.5545      -1.2039      -0.5094      -0.7327
                 -0.2830      -0.6029      -1.2103      -1.0911      -0.3611
   5     60      -0.8108      -0.5549      -1.2044      -0.5099      -0.7332
                 -0.2835      -0.6034      -1.2107      -1.0916      -0.3615
   5     80      -0.8146      -0.5585      -1.2081      -0.5136      -0.7370
                 -0.2867      -0.6070      -1.2145      -1.0954      -0.3646
   5    100      -0.8243      -0.5680      -1.2178      -0.5230      -0.7467
                 -0.2954      -0.6166      -1.2242      -1.1052      -0.3732
 
 group  inft   Estimated free energy: 3-th solvent contribution (kcal/mol)
   1      0      -2.8255      -3.3945      -2.4442      -2.9643      -3.2341
                 -3.4043      -3.3659      -2.7490      -2.9490      -3.5732
   1     60      -2.8550      -3.4242      -2.4737      -2.9940      -3.2637
                 -3.4338      -3.3956      -2.7784      -2.9786      -3.6029
   1     80      -3.1019      -3.6716      -2.7205      -3.2411      -3.5106
                 -3.6801      -3.6436      -3.0243      -3.2254      -3.8504
   1    100      -3.9708      -4.5432      -3.5888      -4.1114      -4.3806
                 -4.5474      -4.5175      -3.8908      -4.0945      -4.7226
   2      0      -2.8302      -3.3979      -2.4484      -2.9674      -3.2362
                 -3.4082      -3.3684      -2.7532      -2.9517      -3.5749
   3      0      -2.8302      -3.3993      -2.4500      -2.9665      -3.2398
                 -3.4067      -3.3678      -2.7534      -2.9524      -3.5774
   4      0      -2.8294      -3.3972      -2.4507      -2.9628      -3.2341
                 -3.4048      -3.3661      -2.7528      -2.9510      -3.5698
   5      0      -2.8227      -3.3948      -2.4503      -2.9635      -3.2338
                 -3.4055      -3.3682      -2.7517      -2.9477      -3.5724
   5     60      -2.8629      -3.4351      -2.4904      -3.0037      -3.2740
                 -3.4456      -3.4086      -2.7917      -2.9879      -3.6127
   5     80      -3.1699      -3.7428      -2.7973      -3.3110      -3.5811
                 -3.7519      -3.7169      -3.0974      -3.2948      -3.9205
   5    100      -3.9688      -4.5439      -3.5954      -4.1110      -4.3810
                 -4.5493      -4.5200      -3.8939      -4.0933      -4.7221
 
 
 cumulative average & 95% error for solvation free energy
              total             1st component         2nd component         3rd component
  1    -3.8320               -0.1889               -0.8129               -2.8302
  2    -3.8048     0.0544    -0.0064     0.3651    -0.6836     0.2585    -3.1147     0.5691
  3    -3.8569     0.1087    -0.1052     0.2890    -0.8584     0.3801    -2.8932     0.5517
  4    -3.8188     0.1082    -0.1351     0.2129    -0.7721     0.3194    -2.9115     0.3918
  5    -3.7985     0.0932    -0.0569     0.2273    -0.7644     0.2479    -2.9772     0.3307
  6    -3.7712     0.0936    -0.0384     0.1892    -0.6839     0.2585    -3.0488     0.3056
  7    -3.7786     0.0805    -0.0117     0.1686    -0.6725     0.2197    -3.0943     0.2739
  8    -3.7921     0.0748    -0.0001     0.1479    -0.7402     0.2335    -3.0517     0.2521
  9    -3.8149     0.0802     0.0056     0.1309    -0.7797     0.2206    -3.0407     0.2234
 10    -3.8069     0.0734     0.0246     0.1231    -0.7371     0.2149    -3.0944     0.2268
