 ERmod 0.3.7, Copyright (C) 2000-2019 Nobuyuki Matubayasi
                            2010-2019 Shun Sakuraba
 ERmod comes with ABSOLUTELY NO WARRANTY.
 This is free software, and you can redistribute it
 and/or modify it under certain conditions.
 See LICENSE file for details.
 ERmod 0.3.7, Copyright (C) 2000-2019 Nobuyuki Matubayasi
                            2010-2019 Shun Sakuraba
 ERmod comes with ABSOLUTELY NO WARRANTY.
 This is free software, and you can redistribute it
 and/or modify it under certain conditions.
 See LICENSE file for details.
 
  Number of the   1-th solvent  =          180
  Number of the   2-th solvent  =          180
  Number of the   3-th solvent  =        10000
 
  Be sure that the solvent distribution is homogeneous (radial distribution function is essentially unity) when the solvent molecule is separated beyond distance of   10.0 Angstrom in any direction from any atom within the solute molecule
 
  LJ long-range correction    =        -0.0093     -0.0522     -0.4945
 
  Self-energy of the solute   =        -0.0000  kcal/mol
 
 
 cumulative average & 95% error for solvation energy
              total             1st component         2nd component         3rd component
  1   -25.9758               -0.4963               -2.4934              -22.9861
  2   -25.9214     0.1089    -0.4460     0.1006    -2.6305     0.2741   -22.8449     0.2824
  3   -25.9041     0.0717    -0.5076     0.1362    -2.5042     0.2980   -22.8923     0.1886
  4   -25.9101     0.0521    -0.3953     0.2445    -2.3911     0.3091   -23.1237     0.4817
  5   -25.9247     0.0498    -0.4054     0.1904    -2.3068     0.2928   -23.2124     0.4132
  6   -25.9315     0.0429    -0.3415     0.2013    -2.2435     0.2706   -23.3465     0.4310
  7   -25.9469     0.0475    -0.4529     0.2803    -2.1258     0.3282   -23.3682     0.3668
  8   -25.9445     0.0414    -0.4681     0.2446    -2.1561     0.2906   -23.3203     0.3318
  9   -25.9385     0.0384    -0.5217     0.2409    -2.0636     0.3160   -23.3531     0.2999
 10   -25.9359     0.0347    -0.5348     0.2171    -2.0352     0.2883   -23.3658     0.2694
 
 
 group  inft  solvation free energy     error          difference
  total solvation free energy
   1      0         -4.27815           0.02140          -0.00034
   1     60         -4.31129           0.02138          -0.03348
   1     80         -4.54646           0.02132          -0.26865
   1    100         -5.27404           0.02137          -0.99623
   2      0         -4.27929           0.02203          -0.00148
   3      0         -4.27781           0.02208           0.00000
   4      0         -4.27323           0.02226           0.00458
   5      0         -4.27590           0.02273           0.00191
   5     60         -4.32030           0.02273          -0.04249
   5     80         -4.60661           0.02277          -0.32880
   5    100         -5.27256           0.02305          -0.99475
 
  contribution from  1-th solvent component
   1      0          0.04013           0.11408           0.00362
   1     60          0.03983           0.11410           0.00331
   1     80          0.03722           0.11424           0.00070
   1    100          0.02797           0.11468          -0.00854
   2      0          0.03568           0.10985          -0.00083
   3      0          0.03652           0.10894           0.00000
   4      0          0.03831           0.10829           0.00179
   5      0          0.03707           0.10788           0.00055
   5     60          0.03661           0.10789           0.00009
   5     80          0.03315           0.10798          -0.00336
   5    100          0.02420           0.10822          -0.01231
 
  contribution from  2-th solvent component
   1      0         -1.07889           0.14023          -0.00928
   1     60         -1.07974           0.14023          -0.01014
   1     80         -1.08566           0.14025          -0.01606
   1    100         -1.10363           0.14031          -0.03403
   2      0         -1.07254           0.13978          -0.00294
   3      0         -1.06960           0.13990           0.00000
   4      0         -1.06886           0.13925           0.00075
   5      0         -1.06853           0.13953           0.00108
   5     60         -1.06968           0.13953          -0.00007
   5     80         -1.07691           0.13955          -0.00731
   5    100         -1.09335           0.13959          -0.02375
 
  contribution from  3-th solvent component
   1      0         -3.23935           0.12841           0.00533
   1     60         -3.27133           0.12845          -0.02665
   1     80         -3.49797           0.12870          -0.25330
   1    100         -4.19833           0.12949          -0.95366
   2      0         -3.24238           0.12832           0.00229
   3      0         -3.24467           0.12795           0.00000
   4      0         -3.24263           0.12806           0.00204
   5      0         -3.24439           0.12833           0.00028
   5     60         -3.28718           0.12838          -0.04251
   5     80         -3.56281           0.12867          -0.31813
   5    100         -4.20337           0.12938          -0.95869
 
 
 group  inft   Estimated free energy: total (kcal/mol)
   1      0      -4.3391      -4.2433      -4.2656      -4.2988      -4.3292
                 -4.2537      -4.2825      -4.2572      -4.2650      -4.2472
   1     60      -4.3722      -4.2763      -4.2986      -4.3318      -4.3622
                 -4.2870      -4.3158      -4.2904      -4.2982      -4.2804
   1     80      -4.6075      -4.5108      -4.5330      -4.5662      -4.5970
                 -4.5231      -4.5518      -4.5259      -4.5337      -4.5157
   1    100      -5.3358      -5.2360      -5.2584      -5.2920      -5.3237
                 -5.2533      -5.2816      -5.2537      -5.2622      -5.2436
   2      0      -4.3275      -4.2402      -4.2586      -4.3105      -4.3361
                 -4.2799      -4.2857      -4.2446      -4.2545      -4.2552
   3      0      -4.3300      -4.2439      -4.2581      -4.3049      -4.3302
                 -4.2866      -4.2848      -4.2361      -4.2538      -4.2497
   4      0      -4.3204      -4.2337      -4.2494      -4.2969      -4.3324
                 -4.2825      -4.2829      -4.2364      -4.2464      -4.2515
   5      0      -4.3184      -4.2405      -4.2506      -4.3004      -4.3377
                 -4.2921      -4.2867      -4.2357      -4.2457      -4.2512
   5     60      -4.3627      -4.2848      -4.2948      -4.3447      -4.3819
                 -4.3367      -4.3313      -4.2802      -4.2902      -4.2957
   5     80      -4.6490      -4.5703      -4.5801      -4.6303      -4.6678
                 -4.6243      -4.6187      -4.5667      -4.5767      -4.5822
   5    100      -5.3151      -5.2342      -5.2439      -5.2952      -5.3332
                 -5.2932      -5.2866      -5.2326      -5.2432      -5.2484
 
 group  inft   Estimated free energy: 1-th solvent contribution (kcal/mol)
   1      0       0.0489       0.0963      -0.0115       0.3049       0.0676
                  0.3283      -0.2375      -0.0056      -0.1880      -0.0022
   1     60       0.0485       0.0960      -0.0118       0.3047       0.0674
                  0.3281      -0.2378      -0.0059      -0.1883      -0.0025
   1     80       0.0456       0.0933      -0.0146       0.3025       0.0650
                  0.3259      -0.2406      -0.0088      -0.1911      -0.0052
   1    100       0.0356       0.0841      -0.0242       0.2945       0.0564
                  0.3181      -0.2505      -0.0187      -0.2010      -0.0145
   2      0       0.0546       0.0936      -0.0093       0.2908       0.0574
                  0.3026      -0.2403       0.0037      -0.1874      -0.0089
   3      0       0.0575       0.0935      -0.0085       0.2941       0.0592
                  0.2953      -0.2367       0.0061      -0.1868      -0.0085
   4      0       0.0597       0.0978      -0.0058       0.2951       0.0586
                  0.2951      -0.2331       0.0057      -0.1827      -0.0073
   5      0       0.0642       0.0938      -0.0055       0.2947       0.0541
                  0.2895      -0.2368       0.0063      -0.1813      -0.0085
   5     60       0.0637       0.0934      -0.0059       0.2943       0.0537
                  0.2891      -0.2372       0.0058      -0.1817      -0.0090
   5     80       0.0601       0.0898      -0.0094       0.2911       0.0506
                  0.2859      -0.2409       0.0021      -0.1853      -0.0125
   5    100       0.0508       0.0809      -0.0184       0.2828       0.0421
                  0.2777      -0.2503      -0.0072      -0.1947      -0.0216
 
 group  inft   Estimated free energy: 2-th solvent contribution (kcal/mol)
   1      0      -1.3049      -1.4185      -1.1851      -1.1430      -1.0440
                 -1.0322      -0.7686      -1.2143      -0.7216      -0.9565
   1     60      -1.3058      -1.4193      -1.1860      -1.1439      -1.0449
                 -1.0331      -0.7694      -1.2151      -0.7225      -0.9574
   1     80      -1.3117      -1.4253      -1.1919      -1.1499      -1.0508
                 -1.0392      -0.7752      -1.2209      -0.7283      -0.9634
   1    100      -1.3297      -1.4433      -1.2099      -1.1682      -1.0689
                 -1.0577      -0.7929      -1.2386      -0.7458      -0.9815
   2      0      -1.2972      -1.4093      -1.1768      -1.1379      -1.0373
                 -1.0296      -0.7655      -1.2074      -0.7106      -0.9538
   3      0      -1.2981      -1.4082      -1.1746      -1.1342      -1.0314
                 -1.0259      -0.7643      -1.2005      -0.7085      -0.9503
   4      0      -1.2951      -1.4058      -1.1707      -1.1319      -1.0343
                 -1.0239      -0.7643      -1.2018      -0.7082      -0.9525
   5      0      -1.2948      -1.4046      -1.1731      -1.1325      -1.0339
                 -1.0236      -0.7658      -1.2006      -0.7039      -0.9524
   5     60      -1.2960      -1.4058      -1.1743      -1.1337      -1.0350
                 -1.0248      -0.7669      -1.2018      -0.7050      -0.9536
   5     80      -1.3032      -1.4130      -1.1815      -1.1410      -1.0423
                 -1.0322      -0.7740      -1.2089      -0.7121      -0.9609
   5    100      -1.3196      -1.4295      -1.1980      -1.1577      -1.0588
                 -1.0491      -0.7903      -1.2251      -0.7281      -0.9774
 
 group  inft   Estimated free energy: 3-th solvent contribution (kcal/mol)
   1      0      -3.0830      -2.9211      -3.0689      -3.4606      -3.3528
                 -3.5497      -3.2763      -3.0373      -3.3553      -3.2884
   1     60      -3.1149      -2.9529      -3.1008      -3.4926      -3.3847
                 -3.5819      -3.3084      -3.0693      -3.3874      -3.3204
   1     80      -3.3414      -3.1788      -3.3265      -3.7188      -3.6111
                 -3.8098      -3.5359      -3.2961      -3.6143      -3.5471
   1    100      -4.0417      -3.8767      -4.0243      -4.4183      -4.3112
                 -4.5136      -4.2381      -3.9963      -4.3154      -4.2476
   2      0      -3.0848      -2.9245      -3.0725      -3.4634      -3.3562
                 -3.5528      -3.2798      -3.0409      -3.3564      -3.2925
   3      0      -3.0893      -2.9292      -3.0750      -3.4648      -3.3580
                 -3.5558      -3.2837      -3.0417      -3.3584      -3.2908
   4      0      -3.0849      -2.9257      -3.0728      -3.4600      -3.3566
                 -3.5536      -3.2854      -3.0402      -3.3554      -3.2916
   5      0      -3.0877      -2.9297      -3.0720      -3.4625      -3.3579
                 -3.5580      -3.2841      -3.0413      -3.3606      -3.2902
   5     60      -3.1304      -2.9723      -3.1146      -3.5052      -3.4006
                 -3.6010      -3.3271      -3.0841      -3.4034      -3.3330
   5     80      -3.4058      -3.2471      -3.3891      -3.7804      -3.6760
                 -3.8781      -3.6037      -3.3599      -3.6793      -3.6087
   5    100      -4.0462      -3.8856      -4.0275      -4.4202      -4.3164
                 -4.5218      -4.2459      -4.0002      -4.3204      -4.2494
 
 
 cumulative average & 95% error for solvation free energy
              total             1st component         2nd component         3rd component
  1    -4.3300                0.0575               -1.2981               -3.0893
  2    -4.2870     0.0861     0.0755     0.0360    -1.3532     0.1100    -3.0093     0.1600
  3    -4.2774     0.0533     0.0475     0.0597    -1.2936     0.1349    -3.0312     0.1023
  4    -4.2842     0.0401     0.1092     0.1303    -1.2538     0.1243    -3.1396     0.2285
  5    -4.2934     0.0361     0.0992     0.1029    -1.2093     0.1311    -3.1833     0.1974
  6    -4.2923     0.0296     0.1319     0.1065    -1.1787     0.1233    -3.2454     0.2035
  7    -4.2912     0.0251     0.0792     0.1385    -1.1195     0.1577    -3.2508     0.1723
  8    -4.2843     0.0257     0.0701     0.1213    -1.1296     0.1381    -3.2247     0.1581
  9    -4.2809     0.0237     0.0415     0.1213    -1.0829     0.1536    -3.2396     0.1426
 10    -4.2778     0.0221     0.0365     0.1089    -1.0696     0.1399    -3.2447     0.1279
