 ERmod 0.3.7, Copyright (C) 2000-2019 Nobuyuki Matubayasi
                            2010-2019 Shun Sakuraba
 ERmod comes with ABSOLUTELY NO WARRANTY.
 This is free software, and you can redistribute it
 and/or modify it under certain conditions.
 See LICENSE file for details.
 ERmod 0.3.7, Copyright (C) 2000-2019 Nobuyuki Matubayasi
                            2010-2019 Shun Sakuraba
 ERmod comes with ABSOLUTELY NO WARRANTY.
 This is free software, and you can redistribute it
 and/or modify it under certain conditions.
 See LICENSE file for details.
 
  Number of the   1-th solvent  =           90
  Number of the   2-th solvent  =           90
  Number of the   3-th solvent  =        10000
 
  Be sure that the solvent distribution is homogeneous (radial distribution function is essentially unity) when the solvent molecule is separated beyond distance of   10.0 Angstrom in any direction from any atom within the solute molecule
 
  LJ long-range correction    =        -0.0018     -0.0060     -0.2412
 
  Self-energy of the solute   =         0.0000  kcal/mol
 
 
 cumulative average & 95% error for solvation energy
              total             1st component         2nd component         3rd component
  1    -6.7521                0.0339               -0.1403               -6.6457
  2    -6.7368     0.0305     0.0422     0.0166    -0.1458     0.0109    -6.6333     0.0249
  3    -6.7387     0.0180     0.0476     0.0144    -0.1582     0.0256    -6.6281     0.0177
  4    -6.7383     0.0128     0.0477     0.0102    -0.1480     0.0273    -6.6381     0.0236
  5    -6.7345     0.0125     0.0475     0.0079    -0.1434     0.0230    -6.6387     0.0183
  6    -6.7404     0.0155     0.0480     0.0065    -0.1457     0.0193    -6.6428     0.0170
  7    -6.7422     0.0136     0.0486     0.0056    -0.1456     0.0163    -6.6452     0.0151
  8    -6.7386     0.0137     0.0491     0.0050    -0.1400     0.0181    -6.6477     0.0141
  9    -6.7430     0.0149     0.0482     0.0047    -0.1451     0.0189    -6.6461     0.0128
 10    -6.7427     0.0134     0.0480     0.0043    -0.1452     0.0169    -6.6455     0.0115
 
 
 group  inft  solvation free energy     error          difference
  total solvation free energy
   1      0          2.71852           0.01800          -0.00545
   1     60          2.70531           0.01809          -0.01866
   1     80          2.60853           0.01877          -0.11543
   1    100          2.29102           0.02098          -0.43295
   2      0          2.71536           0.01815          -0.00861
   3      0          2.72397           0.01787           0.00000
   4      0          2.73305           0.01740           0.00908
   5      0          2.78773           0.01707           0.06376
   5     60          2.76987           0.01720           0.04591
   5     80          2.65077           0.01806          -0.07319
   5    100          2.35614           0.02012          -0.36783
 
  contribution from  1-th solvent component
   1      0          0.10983           0.00812           0.00340
   1     60          0.10989           0.00815           0.00345
   1     80          0.11042           0.00847           0.00398
   1    100          0.11139           0.00961           0.00495
   2      0          0.10714           0.00746           0.00070
   3      0          0.10644           0.00719           0.00000
   4      0          0.10554           0.00678          -0.00090
   5      0          0.10565           0.00684          -0.00079
   5     60          0.10570           0.00689          -0.00073
   5     80          0.10609           0.00728          -0.00035
   5    100          0.10647           0.00833           0.00004
 
  contribution from  2-th solvent component
   1      0         -0.04522           0.01646           0.00249
   1     60         -0.04521           0.01653           0.00250
   1     80         -0.04539           0.01695           0.00231
   1    100         -0.04637           0.01825           0.00134
   2      0         -0.04698           0.01599           0.00072
   3      0         -0.04771           0.01583           0.00000
   4      0         -0.04817           0.01572          -0.00046
   5      0         -0.04859           0.01563          -0.00089
   5     60         -0.04861           0.01572          -0.00090
   5     80         -0.04894           0.01624          -0.00123
   5    100         -0.05006           0.01741          -0.00235
 
  contribution from  3-th solvent component
   1      0          2.65389           0.00942          -0.01134
   1     60          2.64061           0.00944          -0.02461
   1     80          2.54349           0.00968          -0.12173
   1    100          2.22598           0.01035          -0.43924
   2      0          2.65519           0.00949          -0.01004
   3      0          2.66522           0.00936           0.00000
   4      0          2.67567           0.00937           0.01044
   5      0          2.73066           0.00843           0.06544
   5     60          2.71276           0.00847           0.04754
   5     80          2.59361           0.00874          -0.07161
   5    100          2.29972           0.00935          -0.36551
 
 
 group  inft   Estimated free energy: total (kcal/mol)
   1      0       2.6891       2.7387       2.7340       2.7471       2.7267
                  2.6814       2.7158       2.7635       2.6816       2.7072
   1     60       2.6757       2.7255       2.7208       2.7341       2.7135
                  2.6681       2.7026       2.7506       2.6682       2.6940
   1     80       2.5774       2.6292       2.6246       2.6386       2.6167
                  2.5704       2.6060       2.6557       2.5701       2.5966
   1    100       2.2551       2.3131       2.3092       2.3244       2.2990
                  2.2502       2.2895       2.3449       2.2480       2.2768
   2      0       2.6883       2.7352       2.7300       2.7442       2.7235
                  2.6761       2.7134       2.7609       2.6774       2.7046
   3      0       2.6967       2.7437       2.7374       2.7515       2.7317
                  2.6847       2.7209       2.7704       2.6887       2.7140
   4      0       2.7075       2.7520       2.7430       2.7619       2.7406
                  2.6956       2.7302       2.7784       2.6978       2.7234
   5      0       2.7620       2.8030       2.7991       2.8138       2.7972
                  2.7532       2.7857       2.8342       2.7517       2.7773
   5     60       2.7439       2.7852       2.7813       2.7962       2.7794
                  2.7352       2.7679       2.8167       2.7336       2.7593
   5     80       2.6229       2.6666       2.6630       2.6786       2.6601
                  2.6150       2.6491       2.7002       2.6127       2.6394
   5    100       2.3242       2.3731       2.3705       2.3871       2.3651
                  2.3178       2.3554       2.4119       2.3137       2.3427
 
 group  inft   Estimated free energy: 1-th solvent contribution (kcal/mol)
   1      0       0.0928       0.1119       0.1399       0.1064       0.1007
                  0.1106       0.1194       0.1101       0.1009       0.1056
   1     60       0.0928       0.1119       0.1400       0.1065       0.1007
                  0.1107       0.1195       0.1102       0.1009       0.1056
   1     80       0.0925       0.1126       0.1415       0.1069       0.1008
                  0.1113       0.1207       0.1111       0.1009       0.1060
   1    100       0.0906       0.1139       0.1458       0.1075       0.1003
                  0.1125       0.1239       0.1131       0.1001       0.1061
   2      0       0.0919       0.1090       0.1349       0.1037       0.0992
                  0.1067       0.1163       0.1077       0.0987       0.1032
   3      0       0.0916       0.1087       0.1328       0.1032       0.0979
                  0.1061       0.1152       0.1078       0.0982       0.1028
   4      0       0.0912       0.1070       0.1301       0.1021       0.0974
                  0.1066       0.1141       0.1066       0.0977       0.1026
   5      0       0.0907       0.1072       0.1304       0.1025       0.0979
                  0.1060       0.1143       0.1071       0.0979       0.1023
   5     60       0.0907       0.1073       0.1305       0.1026       0.0980
                  0.1061       0.1145       0.1072       0.0978       0.1024
   5     80       0.0901       0.1078       0.1321       0.1028       0.0979
                  0.1065       0.1156       0.1080       0.0976       0.1024
   5    100       0.0880       0.1084       0.1355       0.1029       0.0969
                  0.1071       0.1181       0.1095       0.0962       0.1021
 
 group  inft   Estimated free energy: 2-th solvent contribution (kcal/mol)
   1      0      -0.0467      -0.0530      -0.0753      -0.0227      -0.0343
                 -0.0593      -0.0492       0.0136      -0.0731      -0.0522
   1     60      -0.0468      -0.0531      -0.0753      -0.0226      -0.0342
                 -0.0594      -0.0493       0.0139      -0.0732      -0.0522
   1     80      -0.0472      -0.0536      -0.0760      -0.0221      -0.0343
                 -0.0599      -0.0497       0.0154      -0.0739      -0.0527
   1    100      -0.0489      -0.0557      -0.0785      -0.0210      -0.0348
                 -0.0620      -0.0513       0.0196      -0.0765      -0.0545
   2      0      -0.0481      -0.0554      -0.0757      -0.0245      -0.0359
                 -0.0603      -0.0508       0.0098      -0.0747      -0.0541
   3      0      -0.0483      -0.0553      -0.0763      -0.0255      -0.0373
                 -0.0609      -0.0521       0.0086      -0.0752      -0.0547
   4      0      -0.0492      -0.0563      -0.0769      -0.0258      -0.0379
                 -0.0603      -0.0522       0.0077      -0.0751      -0.0556
   5      0      -0.0498      -0.0568      -0.0773      -0.0266      -0.0382
                 -0.0604      -0.0529       0.0070      -0.0755      -0.0556
   5     60      -0.0498      -0.0569      -0.0774      -0.0265      -0.0382
                 -0.0604      -0.0529       0.0073      -0.0756      -0.0556
   5     80      -0.0504      -0.0577      -0.0783      -0.0260      -0.0384
                 -0.0612      -0.0536       0.0091      -0.0765      -0.0563
   5    100      -0.0522      -0.0598      -0.0807      -0.0252      -0.0392
                 -0.0633      -0.0554       0.0126      -0.0791      -0.0582
 
 group  inft   Estimated free energy: 3-th solvent contribution (kcal/mol)
   1      0       2.6430       2.6798       2.6693       2.6634       2.6603
                  2.6301       2.6456       2.6397       2.6538       2.6538
   1     60       2.6297       2.6666       2.6561       2.6502       2.6470
                  2.6168       2.6323       2.6265       2.6405       2.6405
   1     80       2.5321       2.5702       2.5591       2.5537       2.5502
                  2.5191       2.5350       2.5293       2.5431       2.5432
   1    100       2.2134       2.2548       2.2419       2.2378       2.2335
                  2.1997       2.2169       2.2121       2.2244       2.2252
   2      0       2.6445       2.6816       2.6708       2.6650       2.6602
                  2.6297       2.6479       2.6433       2.6533       2.6555
   3      0       2.6534       2.6902       2.6809       2.6739       2.6712
                  2.6394       2.6578       2.6540       2.6657       2.6659
   4      0       2.6655       2.7014       2.6898       2.6857       2.6811
                  2.6493       2.6683       2.6641       2.6751       2.6764
   5      0       2.7210       2.7526       2.7460       2.7379       2.7375
                  2.7075       2.7243       2.7201       2.7293       2.7305
   5     60       2.7030       2.7348       2.7282       2.7201       2.7196
                  2.6895       2.7064       2.7022       2.7113       2.7126
   5     80       2.5833       2.6165       2.6092       2.6017       2.6007
                  2.5696       2.5871       2.5831       2.5917       2.5933
   5    100       2.2884       2.3245       2.3157       2.3094       2.3073
                  2.2740       2.2927       2.2897       2.2966       2.2989
 
 
 cumulative average & 95% error for solvation free energy
              total             1st component         2nd component         3rd component
  1     2.6967                0.0916               -0.0483                2.6534
  2     2.7202     0.0470     0.1002     0.0171    -0.0518     0.0069     2.6718     0.0368
  3     2.7259     0.0295     0.1110     0.0239    -0.0600     0.0168     2.6748     0.0221
  4     2.7323     0.0245     0.1091     0.0173    -0.0514     0.0209     2.6746     0.0156
  5     2.7322     0.0190     0.1068     0.0142    -0.0486     0.0172     2.6739     0.0122
  6     2.7243     0.0221     0.1067     0.0116    -0.0506     0.0146     2.6681     0.0152
  7     2.7238     0.0187     0.1079     0.0101    -0.0508     0.0123     2.6667     0.0132
  8     2.7296     0.0200     0.1079     0.0087    -0.0434     0.0183     2.6651     0.0119
  9     2.7251     0.0198     0.1068     0.0080    -0.0469     0.0176     2.6652     0.0105
 10     2.7240     0.0179     0.1064     0.0072    -0.0477     0.0158     2.6652     0.0094
