 ERmod 0.3.7, Copyright (C) 2000-2019 Nobuyuki Matubayasi
                            2010-2019 Shun Sakuraba
 ERmod comes with ABSOLUTELY NO WARRANTY.
 This is free software, and you can redistribute it
 and/or modify it under certain conditions.
 See LICENSE file for details.
 ERmod 0.3.7, Copyright (C) 2000-2019 Nobuyuki Matubayasi
                            2010-2019 Shun Sakuraba
 ERmod comes with ABSOLUTELY NO WARRANTY.
 This is free software, and you can redistribute it
 and/or modify it under certain conditions.
 See LICENSE file for details.
 
  Number of the   1-th solvent  =          180
  Number of the   2-th solvent  =          180
  Number of the   3-th solvent  =        10000
 
  Be sure that the solvent distribution is homogeneous (radial distribution function is essentially unity) when the solvent molecule is separated beyond distance of   10.0 Angstrom in any direction from any atom within the solute molecule
 
  LJ long-range correction    =        -0.0067     -0.0224     -0.4488
 
  Self-energy of the solute   =         0.0000  kcal/mol
 
 
 cumulative average & 95% error for solvation energy
              total             1st component         2nd component         3rd component
  1   -11.5104                0.2627               -0.5334              -11.2397
  2   -11.5311     0.0415     0.2439     0.0375    -0.5263     0.0142   -11.2488     0.0181
  3   -11.5442     0.0354     0.2435     0.0217    -0.5405     0.0296   -11.2472     0.0109
  4   -11.5428     0.0252     0.2472     0.0170    -0.5313     0.0279   -11.2588     0.0245
  5   -11.5518     0.0265     0.2497     0.0141    -0.5424     0.0310   -11.2591     0.0190
  6   -11.5629     0.0311     0.2447     0.0153    -0.5539     0.0342   -11.2538     0.0188
  7   -11.5529     0.0331     0.2461     0.0132    -0.5428     0.0364   -11.2562     0.0166
  8   -11.5628     0.0349     0.2452     0.0116    -0.5514     0.0359   -11.2566     0.0144
  9   -11.5742     0.0383     0.2422     0.0118    -0.5566     0.0334   -11.2598     0.0142
 10   -11.5804     0.0364     0.2415     0.0107    -0.5650     0.0342   -11.2570     0.0139
 
 
 group  inft  solvation free energy     error          difference
  total solvation free energy
   1      0          3.37629           0.03183           0.01295
   1     60          3.36362           0.03192           0.00028
   1     80          3.25040           0.03289          -0.11294
   1    100          2.79462           0.03661          -0.56873
   2      0          3.36284           0.03307          -0.00051
   3      0          3.36334           0.03301           0.00000
   4      0          3.34054           0.03302          -0.02280
   5      0          3.39114           0.03240           0.02780
   5     60          3.37364           0.03253           0.01030
   5     80          3.22818           0.03372          -0.13517
   5    100          2.80016           0.03710          -0.56318
 
  contribution from  1-th solvent component
   1      0          0.40080           0.00821           0.00294
   1     60          0.40085           0.00825           0.00299
   1     80          0.40116           0.00869           0.00330
   1    100          0.39998           0.01056           0.00212
   2      0          0.39834           0.00818           0.00049
   3      0          0.39786           0.00810           0.00000
   4      0          0.39662           0.00808          -0.00124
   5      0          0.39642           0.00809          -0.00143
   5     60          0.39647           0.00815          -0.00138
   5     80          0.39648           0.00871          -0.00137
   5    100          0.39460           0.01044          -0.00326
 
  contribution from  2-th solvent component
   1      0         -0.28322           0.02495           0.00290
   1     60         -0.28328           0.02500           0.00284
   1     80         -0.28414           0.02548           0.00198
   1    100         -0.28837           0.02725          -0.00225
   2      0         -0.28542           0.02484           0.00070
   3      0         -0.28612           0.02487           0.00000
   4      0         -0.28735           0.02493          -0.00123
   5      0         -0.28739           0.02463          -0.00127
   5     60         -0.28749           0.02471          -0.00137
   5     80         -0.28877           0.02530          -0.00265
   5    100         -0.29300           0.02694          -0.00688
 
  contribution from  3-th solvent component
   1      0          3.25868           0.00851           0.00711
   1     60          3.24602           0.00853          -0.00555
   1     80          3.13335           0.00872          -0.11822
   1    100          2.68297           0.00950          -0.56860
   2      0          3.24988           0.00925          -0.00169
   3      0          3.25157           0.00942           0.00000
   4      0          3.23124           0.00962          -0.02033
   5      0          3.28207           0.00919           0.03050
   5     60          3.26463           0.00920           0.01306
   5     80          3.12043           0.00944          -0.13114
   5    100          2.69853           0.01012          -0.55304
 
 
 group  inft   Estimated free energy: total (kcal/mol)
   1      0       3.4182       3.3913       3.3826       3.4270       3.3726
                  3.3416       3.4652       3.3237       3.3147       3.3260
   1     60       3.4057       3.3786       3.3699       3.4145       3.3599
                  3.3289       3.4528       3.3109       3.3019       3.3132
   1     80       3.2937       3.2652       3.2565       3.3037       3.2472
                  3.2142       3.3419       3.1963       3.1868       3.1985
   1    100       2.8436       2.8087       2.8004       2.8572       2.7933
                  2.7526       2.8944       2.7353       2.7236       2.7371
   2      0       3.4039       3.3750       3.3675       3.4180       3.3593
                  3.3294       3.4567       3.3118       3.2962       3.3106
   3      0       3.4036       3.3745       3.3683       3.4162       3.3605
                  3.3309       3.4590       3.3126       3.2967       3.3110
   4      0       3.3808       3.3512       3.3431       3.3926       3.3382
                  3.3104       3.4374       3.2902       3.2740       3.2874
   5      0       3.4289       3.4077       3.3959       3.4439       3.3885
                  3.3608       3.4827       3.3401       3.3255       3.3375
   5     60       3.4116       3.3901       3.3784       3.4268       3.3710
                  3.3431       3.4655       3.3224       3.3078       3.3198
   5     80       3.2677       3.2444       3.2326       3.2843       3.2262
                  3.1959       3.3230       3.1754       3.1599       3.1724
   5    100       2.8447       2.8154       2.8039       2.8649       2.7999
                  2.7627       2.9028       2.7430       2.7250       2.7393
 
 group  inft   Estimated free energy: 1-th solvent contribution (kcal/mol)
   1      0       0.4185       0.3883       0.4008       0.4122       0.4208
                  0.3868       0.4002       0.4015       0.3841       0.3946
   1     60       0.4187       0.3883       0.4008       0.4124       0.4209
                  0.3868       0.4003       0.4015       0.3841       0.3946
   1     80       0.4199       0.3882       0.4010       0.4138       0.4223
                  0.3863       0.4006       0.4016       0.3836       0.3944
   1    100       0.4225       0.3850       0.3994       0.4168       0.4253
                  0.3818       0.3992       0.3995       0.3790       0.3912
   2      0       0.4155       0.3855       0.3979       0.4103       0.4181
                  0.3850       0.3989       0.3993       0.3813       0.3917
   3      0       0.4140       0.3853       0.3976       0.4099       0.4177
                  0.3843       0.3990       0.3983       0.3807       0.3917
   4      0       0.4124       0.3840       0.3957       0.4089       0.4168
                  0.3842       0.3975       0.3974       0.3793       0.3898
   5      0       0.4125       0.3836       0.3960       0.4090       0.4160
                  0.3832       0.3973       0.3973       0.3795       0.3897
   5     60       0.4127       0.3836       0.3960       0.4092       0.4162
                  0.3832       0.3974       0.3973       0.3795       0.3897
   5     80       0.4138       0.3830       0.3959       0.4105       0.4175
                  0.3822       0.3974       0.3971       0.3784       0.3891
   5    100       0.4155       0.3790       0.3936       0.4125       0.4194
                  0.3774       0.3953       0.3944       0.3734       0.3854
 
 group  inft   Estimated free energy: 2-th solvent contribution (kcal/mol)
   1      0      -0.2680      -0.2525      -0.2902      -0.2374      -0.3028
                 -0.3154      -0.2109      -0.3176      -0.3058      -0.3316
   1     60      -0.2681      -0.2525      -0.2903      -0.2373      -0.3029
                 -0.3155      -0.2108      -0.3178      -0.3059      -0.3317
   1     80      -0.2688      -0.2530      -0.2914      -0.2371      -0.3043
                 -0.3169      -0.2101      -0.3193      -0.3073      -0.3333
   1    100      -0.2724      -0.2559      -0.2964      -0.2375      -0.3103
                 -0.3232      -0.2086      -0.3259      -0.3134      -0.3400
   2      0      -0.2701      -0.2561      -0.2921      -0.2388      -0.3049
                 -0.3172      -0.2135      -0.3192      -0.3081      -0.3340
   3      0      -0.2714      -0.2565      -0.2925      -0.2395      -0.3060
                 -0.3182      -0.2140      -0.3196      -0.3090      -0.3345
   4      0      -0.2727      -0.2584      -0.2942      -0.2401      -0.3075
                 -0.3192      -0.2149      -0.3209      -0.3098      -0.3359
   5      0      -0.2734      -0.2574      -0.2946      -0.2418      -0.3070
                 -0.3186      -0.2157      -0.3206      -0.3089      -0.3360
   5     60      -0.2735      -0.2575      -0.2947      -0.2417      -0.3072
                 -0.3187      -0.2155      -0.3208      -0.3091      -0.3362
   5     80      -0.2745      -0.2583      -0.2963      -0.2418      -0.3091
                 -0.3207      -0.2149      -0.3228      -0.3110      -0.3383
   5    100      -0.2782      -0.2614      -0.3013      -0.2424      -0.3151
                 -0.3268      -0.2138      -0.3292      -0.3169      -0.3449
 
 group  inft   Estimated free energy: 3-th solvent contribution (kcal/mol)
   1      0       3.2677       3.2555       3.2719       3.2520       3.2545
                  3.2702       3.2758       3.2398       3.2364       3.2630
   1     60       3.2550       3.2428       3.2593       3.2394       3.2418
                  3.2575       3.2632       3.2271       3.2237       3.2503
   1     80       3.1426       3.1300       3.1468       3.1271       3.1291
                  3.1448       3.1514       3.1139       3.1104       3.1373
   1    100       2.6934       2.6796       2.6974       2.6779       2.6783
                  2.6940       2.7038       2.6616       2.6579       2.6859
   2      0       3.2585       3.2456       3.2617       3.2465       3.2461
                  3.2617       3.2713       3.2316       3.2229       3.2530
   3      0       3.2610       3.2457       3.2632       3.2458       3.2488
                  3.2648       3.2739       3.2338       3.2250       3.2538
   4      0       3.2410       3.2256       3.2415       3.2237       3.2289
                  3.2453       3.2548       3.2137       3.2044       3.2334
   5      0       3.2897       3.2815       3.2944       3.2767       3.2794
                  3.2961       3.3010       3.2633       3.2549       3.2836
   5     60       3.2723       3.2640       3.2770       3.2593       3.2620
                  3.2787       3.2837       3.2458       3.2374       3.2662
   5     80       3.1284       3.1196       3.1329       3.1155       3.1178
                  3.1344       3.1405       3.1012       3.0924       3.1216
   5    100       2.7074       2.6977       2.7116       2.6947       2.6955
                  2.7121       2.7212       2.6778       2.6685       2.6988
 
 
 cumulative average & 95% error for solvation free energy
              total             1st component         2nd component         3rd component
  1     3.4036                0.4140               -0.2714                3.2610
  2     3.3891     0.0291     0.3996     0.0287    -0.2639     0.0149     3.2533     0.0152
  3     3.3821     0.0218     0.3990     0.0166    -0.2735     0.0209     3.2566     0.0110
  4     3.3907     0.0230     0.4017     0.0130    -0.2650     0.0225     3.2539     0.0095
  5     3.3846     0.0215     0.4049     0.0119    -0.2732     0.0240     3.2529     0.0076
  6     3.3757     0.0251     0.4015     0.0119    -0.2807     0.0246     3.2549     0.0074
  7     3.3876     0.0319     0.4011     0.0101    -0.2712     0.0282     3.2576     0.0083
  8     3.3782     0.0334     0.4008     0.0088    -0.2772     0.0273     3.2546     0.0093
  9     3.3692     0.0345     0.3985     0.0089    -0.2807     0.0251     3.2513     0.0105
 10     3.3633     0.0330     0.3979     0.0081    -0.2861     0.0249     3.2516     0.0094
