 ERmod 0.3.7, Copyright (C) 2000-2019 Nobuyuki Matubayasi
                            2010-2019 Shun Sakuraba
 ERmod comes with ABSOLUTELY NO WARRANTY.
 This is free software, and you can redistribute it
 and/or modify it under certain conditions.
 See LICENSE file for details.
 ERmod 0.3.7, Copyright (C) 2000-2019 Nobuyuki Matubayasi
                            2010-2019 Shun Sakuraba
 ERmod comes with ABSOLUTELY NO WARRANTY.
 This is free software, and you can redistribute it
 and/or modify it under certain conditions.
 See LICENSE file for details.
 
  Number of the   1-th solvent  =           90
  Number of the   2-th solvent  =           90
  Number of the   3-th solvent  =        10000
 
  Be sure that the solvent distribution is homogeneous (radial distribution function is essentially unity) when the solvent molecule is separated beyond distance of   10.0 Angstrom in any direction from any atom within the solute molecule
 
  LJ long-range correction    =        -0.0039     -0.0028     -0.4126
 
  Self-energy of the solute   =        -0.0001  kcal/mol
 
 
 cumulative average & 95% error for solvation energy
              total             1st component         2nd component         3rd component
  1   -23.2161               -0.4295               -0.2292              -22.5573
  2   -23.1745     0.0832    -0.9097     0.9605    -0.1829     0.0926   -22.0817     0.9511
  3   -23.2479     0.1544    -0.7485     0.6415    -0.2275     0.1039   -22.2718     0.6678
  4   -23.2764     0.1232    -0.7229     0.4565    -0.1874     0.1088   -22.3660     0.5085
  5   -23.3376     0.1552    -0.6018     0.4286    -0.3887     0.4114   -22.3470     0.3957
  6   -23.3259     0.1288    -0.6065     0.3501    -0.3492     0.3450   -22.3701     0.3264
  7   -23.3163     0.1106    -0.5193     0.3435    -0.3205     0.2972   -22.4764     0.3482
  8   -23.3294     0.0993    -0.4708     0.3129    -0.3145     0.2577   -22.5440     0.3305
  9   -23.3214     0.0890    -0.4569     0.2773    -0.3096     0.2275   -22.5549     0.2923
 10   -23.3428     0.0903    -0.4497     0.2485    -0.3856     0.2540   -22.5075     0.2781
 
 
 group  inft  solvation free energy     error          difference
  total solvation free energy
   1      0         -4.01804           0.06590          -0.00069
   1     60         -4.03821           0.06596          -0.02085
   1     80         -4.19755           0.06631          -0.18019
   1    100         -4.75185           0.06727          -0.73449
   2      0         -4.01753           0.06776          -0.00017
   3      0         -4.01736           0.06743           0.00000
   4      0         -4.01378           0.06807           0.00358
   5      0         -4.01344           0.06607           0.00391
   5     60         -4.04063           0.06615          -0.02328
   5     80         -4.23808           0.06660          -0.22073
   5    100         -4.74888           0.06752          -0.73153
 
  contribution from  1-th solvent component
   1      0         -0.08921           0.12477           0.00409
   1     60         -0.08930           0.12478           0.00401
   1     80         -0.09015           0.12488           0.00316
   1    100         -0.09351           0.12521          -0.00020
   2      0         -0.09379           0.12154          -0.00049
   3      0         -0.09331           0.12053           0.00000
   4      0         -0.09469           0.11926          -0.00138
   5      0         -0.09366           0.11950          -0.00036
   5     60         -0.09381           0.11951          -0.00051
   5     80         -0.09503           0.11960          -0.00172
   5    100         -0.09853           0.11982          -0.00523
 
  contribution from  2-th solvent component
   1      0         -0.22092           0.14341          -0.00917
   1     60         -0.22069           0.14343          -0.00894
   1     80         -0.21952           0.14364          -0.00777
   1    100         -0.21710           0.14438          -0.00535
   2      0         -0.21368           0.14492          -0.00193
   3      0         -0.21175           0.14641           0.00000
   4      0         -0.21171           0.14563           0.00004
   5      0         -0.20858           0.14481           0.00317
   5     60         -0.20830           0.14484           0.00345
   5     80         -0.20709           0.14511           0.00466
   5    100         -0.20531           0.14584           0.00644
 
  contribution from  3-th solvent component
   1      0         -3.70781           0.14228           0.00439
   1     60         -3.72812           0.14231          -0.01592
   1     80         -3.88778           0.14247          -0.17558
   1    100         -4.44113           0.14314          -0.72894
   2      0         -3.70995           0.14257           0.00224
   3      0         -3.71220           0.14227           0.00000
   4      0         -3.70727           0.14154           0.00492
   5      0         -3.71110           0.14205           0.00110
   5     60         -3.73841           0.14208          -0.02621
   5     80         -3.93586           0.14228          -0.22367
   5    100         -4.44493           0.14288          -0.73274
 
 
 group  inft   Estimated free energy: total (kcal/mol)
   1      0      -3.8878      -3.9356      -4.2164      -4.0480      -4.1155
                 -3.9180      -3.9353      -4.0692      -3.9794      -4.0753
   1     60      -3.9080      -3.9555      -4.2367      -4.0682      -4.1357
                 -3.9381      -3.9555      -4.0894      -3.9995      -4.0955
   1     80      -4.0671      -4.1133      -4.3972      -4.2274      -4.2959
                 -4.0969      -4.1152      -4.2487      -4.1585      -4.2554
   1    100      -4.6202      -4.6636      -4.9554      -4.7816      -4.8519
                 -4.6501      -4.6709      -4.8026      -4.7125      -4.8096
   2      0      -3.8797      -3.9311      -4.2140      -4.0454      -4.1232
                 -3.9081      -3.9352      -4.0734      -3.9880      -4.0772
   3      0      -3.8769      -3.9312      -4.2054      -4.0358      -4.1286
                 -3.9076      -3.9341      -4.0742      -3.9958      -4.0838
   4      0      -3.8725      -3.9328      -4.2118      -4.0322      -4.1239
                 -3.9003      -3.9335      -4.0621      -3.9922      -4.0765
   5      0      -3.8739      -3.9308      -4.2002      -4.0312      -4.1185
                 -3.9008      -3.9392      -4.0669      -3.9941      -4.0789
   5     60      -3.9011      -3.9576      -4.2276      -4.0583      -4.1459
                 -3.9278      -3.9665      -4.0941      -4.0212      -4.1062
   5     80      -4.0983      -4.1531      -4.4263      -4.2556      -4.3445
                 -4.1245      -4.1643      -4.2916      -4.2184      -4.3042
   5    100      -4.6081      -4.6598      -4.9405      -4.7663      -4.8572
                 -4.6340      -4.6763      -4.8024      -4.7293      -4.8149
 
 group  inft   Estimated free energy: 1-th solvent contribution (kcal/mol)
   1      0      -0.0842      -0.5391      -0.1142      -0.1993       0.0833
                 -0.1710       0.1920       0.0381      -0.0397      -0.0581
   1     60      -0.0842      -0.5392      -0.1143      -0.1994       0.0832
                 -0.1711       0.1919       0.0380      -0.0398      -0.0582
   1     80      -0.0851      -0.5402      -0.1153      -0.2004       0.0824
                 -0.1722       0.1914       0.0374      -0.0404      -0.0591
   1    100      -0.0888      -0.5443      -0.1190      -0.2043       0.0793
                 -0.1762       0.1893       0.0347      -0.0432      -0.0625
   2      0      -0.0904      -0.5319      -0.1143      -0.2015       0.0725
                 -0.1685       0.1861       0.0250      -0.0530      -0.0618
   3      0      -0.0916      -0.5294      -0.1105      -0.1974       0.0718
                 -0.1663       0.1832       0.0255      -0.0577      -0.0608
   4      0      -0.0922      -0.5268      -0.1130      -0.1958       0.0656
                 -0.1664       0.1802       0.0241      -0.0588      -0.0639
   5      0      -0.0929      -0.5271      -0.1082      -0.1961       0.0667
                 -0.1648       0.1807       0.0268      -0.0592      -0.0626
   5     60      -0.0930      -0.5273      -0.1084      -0.1963       0.0666
                 -0.1650       0.1806       0.0267      -0.0593      -0.0627
   5     80      -0.0944      -0.5286      -0.1097      -0.1977       0.0653
                 -0.1664       0.1799       0.0256      -0.0604      -0.0639
   5    100      -0.0983      -0.5324      -0.1135      -0.2016       0.0618
                 -0.1703       0.1775       0.0225      -0.0636      -0.0674
 
 group  inft   Estimated free energy: 2-th solvent contribution (kcal/mol)
   1      0      -0.0731      -0.0988      -0.3300      -0.0469      -0.6482
                 -0.0202      -0.1084      -0.1433      -0.1491      -0.5913
   1     60      -0.0728      -0.0985      -0.3298      -0.0466      -0.6480
                 -0.0199      -0.1082      -0.1430      -0.1489      -0.5911
   1     80      -0.0713      -0.0966      -0.3292      -0.0454      -0.6472
                 -0.0182      -0.1073      -0.1417      -0.1479      -0.5903
   1    100      -0.0676      -0.0917      -0.3288      -0.0424      -0.6465
                 -0.0138      -0.1058      -0.1387      -0.1462      -0.5895
   2      0      -0.0570      -0.0988      -0.3246      -0.0381      -0.6433
                 -0.0117      -0.0996      -0.1324      -0.1416      -0.5897
   3      0      -0.0517      -0.0988      -0.3201      -0.0301      -0.6462
                 -0.0107      -0.0926      -0.1317      -0.1435      -0.5922
   4      0      -0.0487      -0.1036      -0.3232      -0.0327      -0.6423
                 -0.0085      -0.0984      -0.1264      -0.1435      -0.5899
   5      0      -0.0481      -0.0994      -0.3168      -0.0263      -0.6342
                 -0.0058      -0.0984      -0.1260      -0.1430      -0.5877
   5     60      -0.0478      -0.0990      -0.3166      -0.0260      -0.6340
                 -0.0055      -0.0982      -0.1257      -0.1428      -0.5875
   5     80      -0.0462      -0.0967      -0.3161      -0.0246      -0.6334
                 -0.0035      -0.0973      -0.1243      -0.1419      -0.5869
   5    100      -0.0432      -0.0925      -0.3160      -0.0223      -0.6333
                  0.0002      -0.0964      -0.1221      -0.1408      -0.5866
 
 group  inft   Estimated free energy: 3-th solvent contribution (kcal/mol)
   1      0      -3.7305      -3.2976      -3.7721      -3.8018      -3.5505
                 -3.7267      -4.0188      -3.9639      -3.7905      -3.4258
   1     60      -3.7508      -3.3177      -3.7925      -3.8221      -3.5709
                 -3.7469      -4.0392      -3.9843      -3.8107      -3.4461
   1     80      -3.9105      -3.4764      -3.9526      -3.9815      -3.7310
                 -3.9064      -4.1993      -4.1442      -3.9701      -3.6058
   1    100      -4.4637      -4.0276      -4.5074      -4.5349      -4.2846
                 -4.4600      -4.7542      -4.6985      -4.5230      -4.1575
   2      0      -3.7322      -3.3003      -3.7749      -3.8057      -3.5523
                 -3.7278      -4.0217      -3.9658      -3.7933      -3.4256
   3      0      -3.7336      -3.3029      -3.7748      -3.8083      -3.5541
                 -3.7305      -4.0246      -3.9679      -3.7945      -3.4308
   4      0      -3.7315      -3.3024      -3.7755      -3.8036      -3.5471
                 -3.7252      -4.0152      -3.9597      -3.7898      -3.4227
   5      0      -3.7328      -3.3042      -3.7750      -3.8086      -3.5510
                 -3.7300      -4.0214      -3.9675      -3.7918      -3.4285
   5     60      -3.7602      -3.3313      -3.8025      -3.8359      -3.5784
                 -3.7573      -4.0488      -3.9949      -3.8190      -3.4559
   5     80      -3.9576      -3.5277      -4.0004      -4.0332      -3.7763
                 -3.9545      -4.2468      -4.1928      -4.0160      -3.6533
   5    100      -4.4665      -4.0348      -4.5108      -4.5423      -4.2856
                 -4.4637      -4.7573      -4.7027      -4.5248      -4.1608
 
 
 cumulative average & 95% error for solvation free energy
              total             1st component         2nd component         3rd component
  1    -3.8769               -0.0916               -0.0517               -3.7336
  2    -3.9041     0.0543    -0.3105     0.4379    -0.0752     0.0470    -3.5183     0.4306
  3    -4.0045     0.2033    -0.2438     0.2858    -0.1568     0.1655    -3.6038     0.3018
  4    -4.0124     0.1446    -0.2322     0.2034    -0.1252     0.1331    -3.6549     0.2366
  5    -4.0356     0.1213    -0.1714     0.1991    -0.2294     0.2325    -3.6347     0.1877
  6    -4.0143     0.1078    -0.1706     0.1625    -0.1929     0.2034    -3.6507     0.1565
  7    -4.0028     0.0940    -0.1200     0.1705    -0.1786     0.1742    -3.7041     0.1700
  8    -4.0117     0.0833    -0.1018     0.1521    -0.1727     0.1514    -3.7371     0.1614
  9    -4.0100     0.0736    -0.0969     0.1345    -0.1695     0.1336    -3.7435     0.1429
 10    -4.0174     0.0674    -0.0933     0.1205    -0.2117     0.1464    -3.7122     0.1423
