 ERmod 0.3.7, Copyright (C) 2000-2019 Nobuyuki Matubayasi
                            2010-2019 Shun Sakuraba
 ERmod comes with ABSOLUTELY NO WARRANTY.
 This is free software, and you can redistribute it
 and/or modify it under certain conditions.
 See LICENSE file for details.
 ERmod 0.3.7, Copyright (C) 2000-2019 Nobuyuki Matubayasi
                            2010-2019 Shun Sakuraba
 ERmod comes with ABSOLUTELY NO WARRANTY.
 This is free software, and you can redistribute it
 and/or modify it under certain conditions.
 See LICENSE file for details.
 
  Number of the   1-th solvent  =          180
  Number of the   2-th solvent  =          180
  Number of the   3-th solvent  =        10000
 
  Be sure that the solvent distribution is homogeneous (radial distribution function is essentially unity) when the solvent molecule is separated beyond distance of   10.0 Angstrom in any direction from any atom within the solute molecule
 
  LJ long-range correction    =        -0.0028     -0.0198     -0.1871
 
  Self-energy of the solute   =        -0.0001  kcal/mol
 
 
 cumulative average & 95% error for solvation energy
              total             1st component         2nd component         3rd component
  1   -18.1730               -1.0223               -1.9118              -15.2389
  2   -18.2935     0.2410    -1.7436     1.4427    -1.9838     0.1440   -14.5660     1.3457
  3   -18.2637     0.1514    -1.5018     0.9631    -1.7215     0.5312   -15.0403     1.2261
  4   -18.2091     0.1529    -1.3859     0.7194    -1.6299     0.4179   -15.1932     0.9193
  5   -18.2008     0.1196    -1.4735     0.5841    -1.5712     0.3443   -15.1561     0.7160
  6   -18.2155     0.1019    -1.5625     0.5090    -1.5702     0.2812   -15.0828     0.6027
  7   -18.2123     0.0864    -1.5002     0.4479    -1.5728     0.2377   -15.1393     0.5217
  8   -18.2077     0.0754    -1.6023     0.4384    -1.5298     0.2231   -15.0755     0.4695
  9   -18.1987     0.0689    -1.5715     0.3915    -1.4669     0.2335   -15.1602     0.4474
 10   -18.1936     0.0624    -1.4927     0.3840    -1.4775     0.2099   -15.2233     0.4196
 
 
 group  inft  solvation free energy     error          difference
  total solvation free energy
   1      0         -4.73921           0.13600          -0.01726
   1     60         -4.77005           0.13599          -0.04809
   1     80         -4.93425           0.13592          -0.21230
   1    100         -5.35871           0.13578          -0.63675
   2      0         -4.72569           0.13537          -0.00373
   3      0         -4.72196           0.13534           0.00000
   4      0         -4.71505           0.13453           0.00691
   5      0         -4.71855           0.13366           0.00341
   5     60         -4.75861           0.13363          -0.03665
   5     80         -4.95336           0.13351          -0.23140
   5    100         -5.33830           0.13332          -0.61634
 
  contribution from  1-th solvent component
   1      0         -0.61150           0.21290          -0.00645
   1     60         -0.61178           0.21291          -0.00672
   1     80         -0.61334           0.21297          -0.00828
   1    100         -0.61776           0.21310          -0.01271
   2      0         -0.60614           0.21060          -0.00108
   3      0         -0.60506           0.20998          -0.00000
   4      0         -0.60325           0.20868           0.00181
   5      0         -0.60166           0.20852           0.00340
   5     60         -0.60205           0.20853           0.00301
   5     80         -0.60403           0.20855           0.00103
   5    100         -0.60830           0.20859          -0.00324
 
  contribution from  2-th solvent component
   1      0         -0.81770           0.15128          -0.01242
   1     60         -0.81867           0.15129          -0.01338
   1     80         -0.82361           0.15131          -0.01832
   1    100         -0.83582           0.15136          -0.03054
   2      0         -0.80903           0.15108          -0.00375
   3      0         -0.80528           0.15120           0.00000
   4      0         -0.80245           0.15075           0.00283
   5      0         -0.80179           0.15025           0.00349
   5     60         -0.80304           0.15025           0.00224
   5     80         -0.80889           0.15027          -0.00361
   5    100         -0.81993           0.15030          -0.01465
 
  contribution from  3-th solvent component
   1      0         -3.30995           0.19628           0.00161
   1     60         -3.33955           0.19633          -0.02799
   1     80         -3.49726           0.19655          -0.18569
   1    100         -3.90507           0.19699          -0.59351
   2      0         -3.31046           0.19605           0.00110
   3      0         -3.31156           0.19621           0.00000
   4      0         -3.30930           0.19506           0.00226
   5      0         -3.31505           0.19561          -0.00348
   5     60         -3.35346           0.19567          -0.04190
   5     80         -3.54038           0.19592          -0.22881
   5    100         -3.91001           0.19630          -0.59845
 
 
 group  inft   Estimated free energy: total (kcal/mol)
   1      0      -4.6579      -5.3020      -4.6428      -4.5459      -4.6426
                 -4.7568      -4.7916      -4.8114      -4.6069      -4.6341
   1     60      -4.6888      -5.3328      -4.6738      -4.5767      -4.6735
                 -4.7876      -4.8225      -4.8419      -4.6378      -4.6650
   1     80      -4.8533      -5.4969      -4.8385      -4.7405      -4.8376
                 -4.9519      -4.9871      -5.0051      -4.8024      -4.8293
   1    100      -5.2783      -5.9208      -5.2640      -5.1644      -5.2613
                 -5.3765      -5.4122      -5.4281      -5.2277      -5.2538
   2      0      -4.6486      -5.2910      -4.6324      -4.5412      -4.6228
                 -4.7381      -4.7683      -4.7929      -4.5946      -4.6269
   3      0      -4.6374      -5.2869      -4.6310      -4.5369      -4.6241
                 -4.7327      -4.7622      -4.7928      -4.5858      -4.6298
   4      0      -4.6415      -5.2780      -4.6204      -4.5320      -4.6093
                 -4.7285      -4.7481      -4.7837      -4.5849      -4.6241
   5      0      -4.6393      -5.2778      -4.6294      -4.5390      -4.6218
                 -4.7289      -4.7593      -4.7829      -4.5805      -4.6267
   5     60      -4.6795      -5.3178      -4.6696      -4.5790      -4.6619
                 -4.7690      -4.7995      -4.8225      -4.6206      -4.6669
   5     80      -4.8745      -5.5122      -4.8650      -4.7735      -4.8564
                 -4.9637      -4.9945      -5.0161      -4.8159      -4.8618
   5    100      -5.2599      -5.8965      -5.2511      -5.1582      -5.2404
                 -5.3488      -5.3797      -5.3997      -5.2017      -5.2469
 
 group  inft   Estimated free energy: 1-th solvent contribution (kcal/mol)
   1      0      -0.3211      -1.2616      -0.3727      -0.3394      -0.7319
                 -0.8527      -0.4934      -0.9958      -0.5035      -0.2429
   1     60      -0.3214      -1.2619      -0.3730      -0.3397      -0.7321
                 -0.8530      -0.4937      -0.9961      -0.5037      -0.2431
   1     80      -0.3229      -1.2636      -0.3743      -0.3411      -0.7337
                 -0.8547      -0.4953      -0.9978      -0.5053      -0.2446
   1    100      -0.3272      -1.2682      -0.3785      -0.3452      -0.7380
                 -0.8595      -0.4999      -1.0026      -0.5096      -0.2489
   2      0      -0.3201      -1.2548      -0.3678      -0.3475      -0.7211
                 -0.8412      -0.4832      -0.9868      -0.4942      -0.2447
   3      0      -0.3198      -1.2511      -0.3661      -0.3466      -0.7225
                 -0.8371      -0.4794      -0.9887      -0.4879      -0.2514
   4      0      -0.3215      -1.2466      -0.3643      -0.3485      -0.7185
                 -0.8336      -0.4774      -0.9834      -0.4885      -0.2501
   5      0      -0.3190      -1.2437      -0.3616      -0.3493      -0.7182
                 -0.8311      -0.4757      -0.9828      -0.4858      -0.2494
   5     60      -0.3194      -1.2441      -0.3620      -0.3497      -0.7185
                 -0.8315      -0.4761      -0.9832      -0.4862      -0.2497
   5     80      -0.3213      -1.2461      -0.3639      -0.3516      -0.7205
                 -0.8336      -0.4781      -0.9853      -0.4882      -0.2517
   5    100      -0.3254      -1.2504      -0.3680      -0.3558      -0.7246
                 -0.8380      -0.4824      -0.9898      -0.4924      -0.2560
 
 group  inft   Estimated free energy: 2-th solvent contribution (kcal/mol)
   1      0      -1.0068      -1.3648      -0.6101      -0.6766      -0.7194
                 -0.8332      -0.8904      -0.7517      -0.5058      -0.8183
   1     60      -1.0078      -1.3657      -0.6110      -0.6776      -0.7203
                 -0.8341      -0.8914      -0.7526      -0.5067      -0.8193
   1     80      -1.0129      -1.3707      -0.6159      -0.6825      -0.7254
                 -0.8390      -0.8964      -0.7575      -0.5116      -0.8242
   1    100      -1.0256      -1.3830      -0.6280      -0.6946      -0.7378
                 -0.8511      -0.9087      -0.7695      -0.5237      -0.8362
   2      0      -0.9958      -1.3587      -0.6045      -0.6641      -0.7118
                 -0.8259      -0.8773      -0.7411      -0.5012      -0.8099
   3      0      -0.9862      -1.3577      -0.6023      -0.6595      -0.7081
                 -0.8248      -0.8744      -0.7374      -0.4974      -0.8051
   4      0      -0.9861      -1.3530      -0.5987      -0.6554      -0.7056
                 -0.8204      -0.8682      -0.7332      -0.4983      -0.8056
   5      0      -0.9806      -1.3509      -0.6014      -0.6586      -0.7068
                 -0.8183      -0.8710      -0.7347      -0.4932      -0.8023
   5     60      -0.9819      -1.3522      -0.6027      -0.6598      -0.7081
                 -0.8195      -0.8722      -0.7360      -0.4945      -0.8036
   5     80      -0.9879      -1.3580      -0.6085      -0.6656      -0.7140
                 -0.8253      -0.8781      -0.7417      -0.5003      -0.8094
   5    100      -0.9993      -1.3691      -0.6195      -0.6766      -0.7253
                 -0.8363      -0.8893      -0.7525      -0.5113      -0.8203
 
 group  inft   Estimated free energy: 3-th solvent contribution (kcal/mol)
   1      0      -3.3299      -2.6756      -3.6600      -3.5298      -3.1914
                 -3.0709      -3.4077      -3.0638      -3.5976      -3.5729
   1     60      -3.3595      -2.7052      -3.6897      -3.5593      -3.2210
                 -3.1005      -3.4374      -3.0931      -3.6273      -3.6025
   1     80      -3.5174      -2.8625      -3.8481      -3.7169      -3.3785
                 -3.2581      -3.5954      -3.2497      -3.7855      -3.7605
   1    100      -3.9255      -3.2695      -4.2574      -4.1245      -3.7855
                 -3.6658      -4.0036      -3.6559      -4.1943      -4.1686
   2      0      -3.3328      -2.6775      -3.6600      -3.5295      -3.1899
                 -3.0710      -3.4077      -3.0649      -3.5991      -3.5722
   3      0      -3.3314      -2.6780      -3.6626      -3.5307      -3.1935
                 -3.0707      -3.4083      -3.0667      -3.6004      -3.5733
   4      0      -3.3339      -2.6783      -3.6573      -3.5280      -3.1851
                 -3.0745      -3.4024      -3.0670      -3.5981      -3.5684
   5      0      -3.3397      -2.6831      -3.6663      -3.5311      -3.1967
                 -3.0795      -3.4126      -3.0652      -3.6013      -3.5750
   5     60      -3.3781      -2.7214      -3.7049      -3.5694      -3.2352
                 -3.1179      -3.4511      -3.1033      -3.6399      -3.6135
   5     80      -3.5653      -2.9079      -3.8926      -3.7562      -3.4218
                 -3.3048      -3.6382      -3.2890      -3.8273      -3.8007
   5    100      -3.9352      -3.2769      -4.2635      -4.1257      -3.7905
                 -3.6744      -4.0080      -3.6574      -4.1979      -4.1706
 
 
 cumulative average & 95% error for solvation free energy
              total             1st component         2nd component         3rd component
  1    -4.6374               -0.3198               -0.9862               -3.3314
  2    -4.9621     0.6494    -0.7854     0.9314    -1.1719     0.3714    -3.0047     0.6534
  3    -4.8518     0.4351    -0.6457     0.6060    -0.9821     0.4362    -3.2240     0.5785
  4    -4.7731     0.3456    -0.5709     0.4539    -0.9014     0.3480    -3.3007     0.4369
  5    -4.7433     0.2743    -0.6012     0.3568    -0.8628     0.2805    -3.2792     0.3411
  6    -4.7415     0.2240    -0.6405     0.3017    -0.8564     0.2293    -3.2445     0.2870
  7    -4.7445     0.1894    -0.6175     0.2591    -0.8590     0.1939    -3.2679     0.2471
  8    -4.7505     0.1644    -0.6639     0.2428    -0.8438     0.1706    -3.2427     0.2198
  9    -4.7322     0.1496    -0.6444     0.2177    -0.8053     0.1690    -3.2825     0.2095
 10    -4.7220     0.1353    -0.6051     0.2100    -0.8053     0.1512    -3.3116     0.1962
