 ERmod 0.3.7, Copyright (C) 2000-2019 Nobuyuki Matubayasi
                            2010-2019 Shun Sakuraba
 ERmod comes with ABSOLUTELY NO WARRANTY.
 This is free software, and you can redistribute it
 and/or modify it under certain conditions.
 See LICENSE file for details.
 ERmod 0.3.7, Copyright (C) 2000-2019 Nobuyuki Matubayasi
                            2010-2019 Shun Sakuraba
 ERmod comes with ABSOLUTELY NO WARRANTY.
 This is free software, and you can redistribute it
 and/or modify it under certain conditions.
 See LICENSE file for details.
 
  Number of the   1-th solvent  =          180
  Number of the   2-th solvent  =          180
  Number of the   3-th solvent  =        10000
 
  Be sure that the solvent distribution is homogeneous (radial distribution function is essentially unity) when the solvent molecule is separated beyond distance of   10.0 Angstrom in any direction from any atom within the solute molecule
 
  LJ long-range correction    =        -0.0024     -0.0103     -0.7482
 
  Self-energy of the solute   =        -0.0001  kcal/mol
 
 
 cumulative average & 95% error for solvation energy
              total             1st component         2nd component         3rd component
  1   -30.5950                0.3370               -0.0356              -30.8963
  2   -30.6108     0.0316     0.0307     0.6125    -0.1738     0.2764   -30.4677     0.8573
  3   -30.7219     0.2228    -0.1547     0.5124    -0.7191     1.1023   -29.8479     1.3347
  4   -30.6739     0.1845    -0.1863     0.3678    -0.7502     0.7819   -29.7373     0.9693
  5   -30.6413     0.1570    -0.2632     0.3238    -0.6965     0.6151   -29.6814     0.7591
  6   -30.6657     0.1372    -0.2329     0.2712    -0.7393     0.5094   -29.6934     0.6203
  7   -30.6664     0.1160    -0.4093     0.4206    -0.8347     0.4710   -29.4223     0.7541
  8   -30.7466     0.1892    -0.3133     0.4117    -1.2010     0.8384   -29.2322     0.7557
  9   -30.7664     0.1715    -0.4798     0.4926    -1.2863     0.7589   -29.0002     0.8121
 10   -30.7434     0.1602    -0.4202     0.4564    -1.2804     0.6789   -29.0426     0.7313
 
 
 group  inft  solvation free energy     error          difference
  total solvation free energy
   1      0         -2.99648           0.06536           0.01384
   1     60         -3.01826           0.06535          -0.00793
   1     80         -3.23039           0.06526          -0.22007
   1    100         -4.10216           0.06519          -1.09184
   2      0         -3.00512           0.06533           0.00521
   3      0         -3.01032           0.06511           0.00000
   4      0         -3.01511           0.06482          -0.00479
   5      0         -3.00755           0.06261           0.00278
   5     60         -3.03745           0.06259          -0.02713
   5     80         -3.30817           0.06247          -0.29785
   5    100         -4.11572           0.06237          -1.10539
 
  contribution from  1-th solvent component
   1      0          0.04615           0.25459           0.01312
   1     60          0.04688           0.25460           0.01385
   1     80          0.05257           0.25476           0.01953
   1    100          0.06943           0.25557           0.03640
   2      0          0.03702           0.25958           0.00399
   3      0          0.03303           0.26132           0.00000
   4      0          0.02979           0.26211          -0.00324
   5      0          0.03191           0.26166          -0.00112
   5     60          0.03290           0.26167          -0.00013
   5     80          0.03973           0.26190           0.00670
   5    100          0.05447           0.26279           0.02143
 
  contribution from  2-th solvent component
   1      0         -0.76936           0.31926          -0.00407
   1     60         -0.76913           0.31927          -0.00384
   1     80         -0.76834           0.31939          -0.00305
   1    100         -0.76888           0.31973          -0.00359
   2      0         -0.76469           0.31917           0.00059
   3      0         -0.76529           0.31943           0.00000
   4      0         -0.76505           0.31882           0.00024
   5      0         -0.76319           0.32034           0.00210
   5     60         -0.76290           0.32036           0.00239
   5     80         -0.76227           0.32051           0.00301
   5    100         -0.76354           0.32085           0.00175
 
  contribution from  3-th solvent component
   1      0         -2.27317           0.42402           0.00479
   1     60         -2.29590           0.42397          -0.01794
   1     80         -2.51451           0.42377          -0.23655
   1    100         -3.40260           0.42573          -1.12465
   2      0         -2.27734           0.42438           0.00062
   3      0         -2.27796           0.42497           0.00000
   4      0         -2.27975           0.42278          -0.00179
   5      0         -2.27616           0.42306           0.00179
   5     60         -2.30734           0.42299          -0.02938
   5     80         -2.58552           0.42287          -0.30756
   5    100         -3.40653           0.42480          -1.12857
 
 
 group  inft   Estimated free energy: total (kcal/mol)
   1      0      -2.9731      -3.1634      -2.9864      -3.0456      -2.8323
                 -3.0844      -2.9994      -3.0606      -2.9851      -2.8344
   1     60      -2.9947      -3.1849      -3.0082      -3.0672      -2.8540
                 -3.1062      -3.0214      -3.0825      -3.0071      -2.8562
   1     80      -3.2050      -3.3954      -3.2209      -3.2784      -3.0662
                 -3.3194      -3.2347      -3.2952      -3.2206      -3.0680
   1    100      -4.0741      -4.2667      -4.0930      -4.1504      -3.9404
                 -4.1975      -4.1056      -4.1629      -4.0909      -3.9401
   2      0      -2.9747      -3.1756      -2.9994      -3.0690      -2.8505
                 -3.0851      -3.0076      -3.0536      -3.0014      -2.8341
   3      0      -2.9843      -3.1760      -3.0226      -3.0769      -2.8560
                 -3.0910      -3.0103      -3.0465      -3.0056      -2.8342
   4      0      -2.9736      -3.1809      -3.0310      -3.0794      -2.8633
                 -3.0978      -3.0128      -3.0491      -3.0209      -2.8424
   5      0      -2.9660      -3.1591      -3.0222      -3.0785      -2.8816
                 -3.0895      -2.9909      -3.0496      -3.0137      -2.8243
   5     60      -2.9956      -3.1887      -3.0522      -3.1082      -2.9115
                 -3.1195      -3.0211      -3.0796      -3.0440      -2.8541
   5     80      -3.2640      -3.4574      -3.3239      -3.3780      -3.1827
                 -3.3914      -3.2929      -3.3507      -3.3161      -3.1247
   5    100      -4.0689      -4.2639      -4.1325      -4.1864      -3.9934
                 -4.2041      -4.0993      -4.1541      -4.1221      -3.9325
 
 group  inft   Estimated free energy: 1-th solvent contribution (kcal/mol)
   1      0       0.5228       0.0932       0.0533       0.0203      -0.0036
                  0.1945      -0.6214       0.4092      -0.6427       0.4358
   1     60       0.5236       0.0940       0.0540       0.0211      -0.0029
                  0.1952      -0.6207       0.4099      -0.6420       0.4365
   1     80       0.5299       0.1003       0.0593       0.0274       0.0024
                  0.2011      -0.6154       0.4155      -0.6368       0.4420
   1    100       0.5496       0.1197       0.0743       0.0456       0.0178
                  0.2183      -0.6006       0.4328      -0.6222       0.4590
   2      0       0.5174       0.0854       0.0450      -0.0054      -0.0136
                  0.1932      -0.6416       0.4160      -0.6630       0.4368
   3      0       0.5120       0.0858       0.0330      -0.0190      -0.0200
                  0.1912      -0.6463       0.4226      -0.6700       0.4410
   4      0       0.5165       0.0817       0.0290      -0.0247      -0.0227
                  0.1915      -0.6498       0.4185      -0.6760       0.4339
   5      0       0.5155       0.0918       0.0366      -0.0286      -0.0317
                  0.1899      -0.6411       0.4231      -0.6746       0.4382
   5     60       0.5166       0.0929       0.0375      -0.0275      -0.0308
                  0.1910      -0.6402       0.4241      -0.6737       0.4391
   5     80       0.5243       0.1006       0.0435      -0.0200      -0.0246
                  0.1981      -0.6339       0.4309      -0.6675       0.4458
   5    100       0.5421       0.1180       0.0561      -0.0046      -0.0118
                  0.2136      -0.6212       0.4465      -0.6551       0.4610
 
 group  inft   Estimated free energy: 2-th solvent contribution (kcal/mol)
   1      0      -0.2162      -0.3694      -1.0540      -0.5342      -0.2614
                 -0.6053      -0.8317      -1.8847      -1.1673      -0.7693
   1     60      -0.2160      -0.3691      -1.0537      -0.5340      -0.2612
                 -0.6051      -0.8315      -1.8845      -1.1671      -0.7690
   1     80      -0.2148      -0.3677      -1.0522      -0.5332      -0.2599
                 -0.6049      -0.8314      -1.8839      -1.1668      -0.7685
   1    100      -0.2141      -0.3665      -1.0511      -0.5345      -0.2582
                 -0.6071      -0.8333      -1.8844      -1.1695      -0.7701
   2      0      -0.2095      -0.3680      -1.0542      -0.5253      -0.2667
                 -0.6008      -0.8131      -1.8828      -1.1619      -0.7645
   3      0      -0.2101      -0.3689      -1.0644      -0.5205      -0.2635
                 -0.6020      -0.8137      -1.8811      -1.1592      -0.7694
   4      0      -0.2101      -0.3704      -1.0661      -0.5165      -0.2700
                 -0.6083      -0.8022      -1.8797      -1.1619      -0.7652
   5      0      -0.2050      -0.3615      -1.0700      -0.5162      -0.2783
                 -0.5999      -0.7956      -1.8860      -1.1599      -0.7595
   5     60      -0.2047      -0.3611      -1.0696      -0.5159      -0.2780
                 -0.5997      -0.7954      -1.8857      -1.1597      -0.7593
   5     80      -0.2035      -0.3596      -1.0682      -0.5153      -0.2768
                 -0.5997      -0.7955      -1.8853      -1.1598      -0.7590
   5    100      -0.2033      -0.3592      -1.0684      -0.5172      -0.2763
                 -0.6024      -0.7976      -1.8865      -1.1630      -0.7614
 
 group  inft   Estimated free energy: 3-th solvent contribution (kcal/mol)
   1      0      -3.2796      -2.8870      -1.9856      -2.5316      -2.5671
                 -2.6735      -1.5463      -1.5850      -1.1751      -2.5009
   1     60      -3.3022      -2.9097      -2.0084      -2.5543      -2.5898
                 -2.6962      -1.5691      -1.6078      -1.1979      -2.5235
   1     80      -3.5199      -3.1279      -2.2279      -2.7725      -2.8085
                 -2.9155      -1.7877      -1.8268      -1.4169      -2.7415
   1    100      -4.4095      -4.0197      -3.1160      -3.6614      -3.6999
                 -3.8086      -2.6717      -2.7113      -2.2991      -3.6289
   2      0      -3.2825      -2.8929      -1.9901      -2.5382      -2.5701
                 -2.6774      -1.5527      -1.5867      -1.1764      -2.5064
   3      0      -3.2861      -2.8928      -1.9911      -2.5373      -2.5724
                 -2.6800      -1.5503      -1.5878      -1.1763      -2.5056
   4      0      -3.2799      -2.8922      -1.9938      -2.5381      -2.5704
                 -2.6809      -1.5606      -1.5878      -1.1829      -2.5110
   5      0      -3.2764      -2.8893      -1.9886      -2.5336      -2.5715
                 -2.6794      -1.5541      -1.5866      -1.1791      -2.5029
   5     60      -3.3074      -2.9204      -2.0200      -2.5647      -2.6026
                 -2.7107      -1.5854      -1.6179      -1.2104      -2.5339
   5     80      -3.5847      -3.1983      -2.2992      -2.8425      -2.8811
                 -2.9897      -1.8634      -1.8962      -1.4887      -2.8114
   5    100      -4.4076      -4.0226      -3.1201      -3.6644      -3.7052
                 -3.8153      -2.6804      -2.7139      -2.3039      -3.6320
 
 
 cumulative average & 95% error for solvation free energy
              total             1st component         2nd component         3rd component
  1    -2.9843                0.5120               -0.2101               -3.2861
  2    -3.0802     0.1917     0.2989     0.4262    -0.2895     0.1589    -3.0894     0.3934
  3    -3.0610     0.1171     0.2103     0.3032    -0.5478     0.5247    -2.7233     0.7667
  4    -3.0650     0.0832     0.1530     0.2431    -0.5410     0.3713    -2.6768     0.5500
  5    -3.0232     0.1056     0.1184     0.2006    -0.4855     0.3083    -2.6559     0.4281
  6    -3.0345     0.0891     0.1305     0.1656    -0.5049     0.2547    -2.6599     0.3496
  7    -3.0310     0.0756     0.0195     0.2624    -0.5490     0.2326    -2.5014     0.4334
  8    -3.0329     0.0656     0.0699     0.2486    -0.7155     0.3892    -2.3872     0.4394
  9    -3.0299     0.0582    -0.0123     0.2740    -0.7648     0.3571    -2.2527     0.4718
 10    -3.0103     0.0651     0.0330     0.2613    -0.7653     0.3194    -2.2780     0.4250
