 ERmod 0.3.7, Copyright (C) 2000-2019 Nobuyuki Matubayasi
                            2010-2019 Shun Sakuraba
 ERmod comes with ABSOLUTELY NO WARRANTY.
 This is free software, and you can redistribute it
 and/or modify it under certain conditions.
 See LICENSE file for details.
 ERmod 0.3.7, Copyright (C) 2000-2019 Nobuyuki Matubayasi
                            2010-2019 Shun Sakuraba
 ERmod comes with ABSOLUTELY NO WARRANTY.
 This is free software, and you can redistribute it
 and/or modify it under certain conditions.
 See LICENSE file for details.
 
  Number of the   1-th solvent  =          180
  Number of the   2-th solvent  =          180
  Number of the   3-th solvent  =        10000
 
  Be sure that the solvent distribution is homogeneous (radial distribution function is essentially unity) when the solvent molecule is separated beyond distance of   10.0 Angstrom in any direction from any atom within the solute molecule
 
  LJ long-range correction    =        -0.0018     -0.0280     -0.5617
 
  Self-energy of the solute   =         0.0000  kcal/mol
 
 
 cumulative average & 95% error for solvation energy
              total             1st component         2nd component         3rd component
  1   -13.8638                0.4073               -0.6695              -13.6016
  2   -13.8380     0.0516     0.4027     0.0093    -0.6370     0.0649   -13.6036     0.0040
  3   -13.8365     0.0299     0.4037     0.0058    -0.6632     0.0643   -13.5771     0.0532
  4   -13.8472     0.0302     0.4029     0.0045    -0.6783     0.0546   -13.5719     0.0390
  5   -13.8321     0.0383     0.4038     0.0039    -0.6665     0.0484   -13.5694     0.0306
  6   -13.8296     0.0317     0.4055     0.0047    -0.6777     0.0454   -13.5575     0.0346
  7   -13.8179     0.0355     0.4066     0.0045    -0.6726     0.0397   -13.5520     0.0312
  8   -13.8188     0.0308     0.4078     0.0046    -0.6656     0.0371   -13.5610     0.0326
  9   -13.8224     0.0281     0.4079     0.0041    -0.6748     0.0376   -13.5555     0.0308
 10   -13.8207     0.0253     0.4086     0.0039    -0.6711     0.0344   -13.5582     0.0281
 
 
 group  inft  solvation free energy     error          difference
  total solvation free energy
   1      0          3.75223           0.01673           0.01474
   1     60          3.73966           0.01677           0.00218
   1     80          3.61867           0.01723          -0.11881
   1    100          3.10435           0.01912          -0.63314
   2      0          3.73861           0.01721           0.00113
   3      0          3.73748           0.01789           0.00000
   4      0          3.70910           0.01752          -0.02839
   5      0          3.76347           0.01589           0.02598
   5     60          3.74604           0.01596           0.00856
   5     80          3.58827           0.01664          -0.14922
   5    100          3.10399           0.01871          -0.63350
 
  contribution from  1-th solvent component
   1      0          0.36478           0.00599           0.00437
   1     60          0.36544           0.00600           0.00503
   1     80          0.37165           0.00616           0.01124
   1    100          0.39056           0.00680           0.03015
   2      0          0.36176           0.00567           0.00134
   3      0          0.36041           0.00552           0.00000
   4      0          0.35893           0.00562          -0.00149
   5      0          0.35824           0.00561          -0.00217
   5     60          0.35919           0.00562          -0.00123
   5     80          0.36687           0.00581           0.00646
   5    100          0.38417           0.00640           0.02375
 
  contribution from  2-th solvent component
   1      0         -0.35849           0.02643           0.00304
   1     60         -0.35849           0.02650           0.00304
   1     80         -0.35887           0.02713           0.00265
   1    100         -0.36163           0.02964          -0.00010
   2      0         -0.36103           0.02606           0.00050
   3      0         -0.36153           0.02633           0.00000
   4      0         -0.36298           0.02613          -0.00146
   5      0         -0.36364           0.02575          -0.00212
   5     60         -0.36368           0.02584          -0.00215
   5     80         -0.36444           0.02662          -0.00291
   5    100         -0.36742           0.02892          -0.00590
 
  contribution from  3-th solvent component
   1      0          3.74589           0.02079           0.00734
   1     60          3.73266           0.02081          -0.00589
   1     80          3.60585           0.02104          -0.13270
   1    100          3.07537           0.02205          -0.66318
   2      0          3.73784           0.02035          -0.00071
   3      0          3.73855           0.02066           0.00000
   4      0          3.71311           0.02057          -0.02544
   5      0          3.76883           0.01899           0.03028
   5     60          3.75049           0.01901           0.01194
   5     80          3.58579           0.01930          -0.15277
   5    100          3.08720           0.02020          -0.65136
 
 
 group  inft   Estimated free energy: total (kcal/mol)
   1      0       3.7214       3.7537       3.7327       3.7132       3.7728
                  3.7610       3.7970       3.7599       3.7345       3.7762
   1     60       3.7088       3.7412       3.7200       3.7005       3.7603
                  3.7484       3.7844       3.7475       3.7218       3.7636
   1     80       3.5875       3.6207       3.5980       3.5782       3.6399
                  3.6271       3.6641       3.6280       3.5998       3.6433
   1    100       3.0722       3.1080       3.0798       3.0583       3.1285
                  3.1114       3.1529       3.1191       3.0819       3.1314
   2      0       3.7076       3.7429       3.7167       3.6989       3.7575
                  3.7444       3.7875       3.7492       3.7217       3.7597
   3      0       3.7044       3.7429       3.7118       3.6977       3.7589
                  3.7444       3.7887       3.7509       3.7213       3.7539
   4      0       3.6782       3.7142       3.6848       3.6700       3.7277
                  3.7157       3.7599       3.7213       3.6912       3.7281
   5      0       3.7351       3.7683       3.7419       3.7282       3.7804
                  3.7655       3.8066       3.7775       3.7457       3.7855
   5     60       3.7176       3.7510       3.7243       3.7106       3.7631
                  3.7480       3.7893       3.7603       3.7282       3.7681
   5     80       3.5594       3.5939       3.5652       3.5509       3.6061
                  3.5898       3.6326       3.6044       3.5691       3.6113
   5    100       3.0738       3.1112       3.0770       3.0609       3.1247
                  3.1042       3.1518       3.1253       3.0815       3.1296
 
 group  inft   Estimated free energy: 1-th solvent contribution (kcal/mol)
   1      0       0.3627       0.3480       0.3708       0.3587       0.3583
                  0.3805       0.3640       0.3766       0.3610       0.3672
   1     60       0.3633       0.3486       0.3715       0.3593       0.3590
                  0.3812       0.3647       0.3773       0.3616       0.3679
   1     80       0.3697       0.3542       0.3777       0.3650       0.3651
                  0.3875       0.3713       0.3839       0.3676       0.3744
   1    100       0.3896       0.3708       0.3965       0.3820       0.3836
                  0.4068       0.3916       0.4044       0.3859       0.3945
   2      0       0.3605       0.3464       0.3668       0.3568       0.3536
                  0.3752       0.3611       0.3747       0.3583       0.3644
   3      0       0.3595       0.3459       0.3656       0.3558       0.3516
                  0.3729       0.3589       0.3734       0.3569       0.3635
   4      0       0.3578       0.3442       0.3644       0.3546       0.3502
                  0.3715       0.3560       0.3723       0.3557       0.3626
   5      0       0.3563       0.3444       0.3635       0.3533       0.3485
                  0.3706       0.3560       0.3719       0.3557       0.3622
   5     60       0.3572       0.3453       0.3645       0.3542       0.3495
                  0.3715       0.3570       0.3729       0.3566       0.3632
   5     80       0.3652       0.3522       0.3721       0.3612       0.3571
                  0.3793       0.3651       0.3811       0.3641       0.3713
   5    100       0.3833       0.3674       0.3893       0.3766       0.3739
                  0.3969       0.3838       0.3999       0.3808       0.3898
 
 group  inft   Estimated free energy: 2-th solvent contribution (kcal/mol)
   1      0      -0.3606      -0.3049      -0.3960      -0.3978      -0.3237
                 -0.4074      -0.3440      -0.3042      -0.4099      -0.3363
   1     60      -0.3606      -0.3048      -0.3961      -0.3979      -0.3236
                 -0.4075      -0.3440      -0.3040      -0.4100      -0.3363
   1     80      -0.3613      -0.3037      -0.3975      -0.3991      -0.3232
                 -0.4089      -0.3444      -0.3027      -0.4115      -0.3365
   1    100      -0.3649      -0.3010      -0.4042      -0.4048      -0.3227
                 -0.4156      -0.3475      -0.2985      -0.4187      -0.3385
   2      0      -0.3632      -0.3078      -0.3980      -0.4004      -0.3266
                 -0.4092      -0.3458      -0.3081      -0.4114      -0.3396
   3      0      -0.3637      -0.3081      -0.3998      -0.4016      -0.3265
                 -0.4097      -0.3455      -0.3076      -0.4119      -0.3410
   4      0      -0.3650      -0.3102      -0.4009      -0.4019      -0.3290
                 -0.4112      -0.3469      -0.3091      -0.4134      -0.3422
   5      0      -0.3652      -0.3116      -0.4004      -0.4021      -0.3288
                 -0.4119      -0.3484      -0.3126      -0.4138      -0.3416
   5     60      -0.3652      -0.3115      -0.4006      -0.4023      -0.3287
                 -0.4120      -0.3485      -0.3124      -0.4140      -0.3416
   5     80      -0.3663      -0.3104      -0.4026      -0.4040      -0.3285
                 -0.4141      -0.3493      -0.3110      -0.4161      -0.3422
   5    100      -0.3700      -0.3083      -0.4093      -0.4098      -0.3283
                 -0.4207      -0.3525      -0.3078      -0.4231      -0.3445
 
 group  inft   Estimated free energy: 3-th solvent contribution (kcal/mol)
   1      0       3.7193       3.7106       3.7578       3.7523       3.7381
                  3.7878       3.7769       3.6875       3.7834       3.7452
   1     60       3.7061       3.6973       3.7446       3.7391       3.7249
                  3.7746       3.7637       3.6742       3.7702       3.7320
   1     80       3.5790       3.5702       3.6178       3.6122       3.5979
                  3.6484       3.6372       3.5467       3.6436       3.6053
   1    100       3.0474       3.0380       3.0874       3.0811       3.0676
                  3.1202       3.1088       3.0132       3.1146       3.0754
   2      0       3.7103       3.7043       3.7479       3.7425       3.7304
                  3.7784       3.7722       3.6826       3.7748       3.7350
   3      0       3.7085       3.7051       3.7459       3.7434       3.7337
                  3.7811       3.7751       3.6851       3.7762       3.7313
   4      0       3.6853       3.6801       3.7213       3.7172       3.7065
                  3.7554       3.7507       3.6581       3.7489       3.7076
   5      0       3.7440       3.7355       3.7788       3.7770       3.7606
                  3.8067       3.7990       3.7182       3.8038       3.7648
   5     60       3.7256       3.7171       3.7604       3.7587       3.7422
                  3.7884       3.7807       3.6998       3.7855       3.7465
   5     80       3.5605       3.5520       3.5956       3.5937       3.5775
                  3.6245       3.6167       3.5343       3.6211       3.5821
   5    100       3.0605       3.0520       3.0969       3.0939       3.0791
                  3.1280       3.1204       3.0332       3.1237       3.0842
 
 
 cumulative average & 95% error for solvation free energy
              total             1st component         2nd component         3rd component
  1     3.7044                0.3595               -0.3637                3.7085
  2     3.7237     0.0385     0.3527     0.0137    -0.3359     0.0556     3.7068     0.0034
  3     3.7197     0.0236     0.3570     0.0116    -0.3572     0.0533     3.7199     0.0261
  4     3.7142     0.0200     0.3567     0.0083    -0.3683     0.0437     3.7258     0.0219
  5     3.7231     0.0236     0.3557     0.0067    -0.3599     0.0378     3.7273     0.0173
  6     3.7267     0.0206     0.3586     0.0079    -0.3682     0.0350     3.7363     0.0228
  7     3.7355     0.0248     0.3586     0.0067    -0.3650     0.0303     3.7419     0.0222
  8     3.7375     0.0218     0.3605     0.0069    -0.3578     0.0299     3.7348     0.0239
  9     3.7357     0.0196     0.3601     0.0061    -0.3638     0.0290     3.7394     0.0230
 10     3.7375     0.0179     0.3604     0.0055    -0.3615     0.0263     3.7386     0.0207
