 ERmod 0.3.7, Copyright (C) 2000-2019 Nobuyuki Matubayasi
                            2010-2019 Shun Sakuraba
 ERmod comes with ABSOLUTELY NO WARRANTY.
 This is free software, and you can redistribute it
 and/or modify it under certain conditions.
 See LICENSE file for details.
 ERmod 0.3.7, Copyright (C) 2000-2019 Nobuyuki Matubayasi
                            2010-2019 Shun Sakuraba
 ERmod comes with ABSOLUTELY NO WARRANTY.
 This is free software, and you can redistribute it
 and/or modify it under certain conditions.
 See LICENSE file for details.
 
  Number of the   1-th solvent  =           90
  Number of the   2-th solvent  =           90
  Number of the   3-th solvent  =        10000
 
  Be sure that the solvent distribution is homogeneous (radial distribution function is essentially unity) when the solvent molecule is separated beyond distance of   10.0 Angstrom in any direction from any atom within the solute molecule
 
  LJ long-range correction    =        -0.0055     -0.0051     -0.7369
 
  Self-energy of the solute   =        -0.0001  kcal/mol
 
 
 cumulative average & 95% error for solvation energy
              total             1st component         2nd component         3rd component
  1   -30.2768               -0.2638               -0.3812              -29.6317
  2   -30.4189     0.2840    -0.3145     0.1014    -0.5843     0.4061   -29.5200     0.2235
  3   -30.4279     0.1650    -0.4235     0.2256    -0.6026     0.2373   -29.4016     0.2696
  4   -30.4169     0.1187    -0.3482     0.2194    -0.5359     0.2145   -29.5328     0.3243
  5   -30.3610     0.1447    -0.4588     0.2791    -0.4687     0.2137   -29.4334     0.3203
  6   -30.3540     0.1190    -0.4326     0.2338    -0.3951     0.2282   -29.5262     0.3206
  7   -30.3726     0.1072    -0.4125     0.2017    -0.3973     0.1929   -29.5627     0.2806
  8   -30.3652     0.0940    -0.3755     0.1897    -0.4039     0.1676   -29.5857     0.2474
  9   -30.3458     0.0915    -0.3190     0.2018    -0.4174     0.1503   -29.6093     0.2232
 10   -30.3463     0.0819    -0.2795     0.1971    -0.4017     0.1380   -29.6651     0.2287
 
 
 group  inft  solvation free energy     error          difference
  total solvation free energy
   1      0         -3.26645           0.05774           0.01331
   1     60         -3.28804           0.05777          -0.00828
   1     80         -3.49942           0.05809          -0.21966
   1    100         -4.34873           0.05914          -1.06897
   2      0         -3.27497           0.05916           0.00479
   3      0         -3.27976           0.05798           0.00000
   4      0         -3.27740           0.05931           0.00235
   5      0         -3.27914           0.05697           0.00062
   5     60         -3.30893           0.05700          -0.02917
   5     80         -3.57828           0.05739          -0.29852
   5    100         -4.36363           0.05832          -1.08387
 
  contribution from  1-th solvent component
   1      0          0.09515           0.10653           0.01347
   1     60          0.09508           0.10654           0.01340
   1     80          0.09407           0.10663           0.01239
   1    100          0.08929           0.10703           0.00761
   2      0          0.08545           0.10602           0.00377
   3      0          0.08168           0.10577           0.00000
   4      0          0.08059           0.10522          -0.00109
   5      0          0.07953           0.10470          -0.00215
   5     60          0.07940           0.10471          -0.00228
   5     80          0.07791           0.10481          -0.00377
   5    100          0.07283           0.10515          -0.00885
 
  contribution from  2-th solvent component
   1      0         -0.27625           0.10482          -0.00478
   1     60         -0.27598           0.10484          -0.00450
   1     80         -0.27440           0.10508          -0.00292
   1    100         -0.27092           0.10614           0.00055
   2      0         -0.27135           0.10479           0.00013
   3      0         -0.27148           0.10435           0.00000
   4      0         -0.26960           0.10449           0.00187
   5      0         -0.27200           0.10431          -0.00052
   5     60         -0.27166           0.10434          -0.00018
   5     80         -0.26989           0.10465           0.00159
   5    100         -0.26711           0.10564           0.00436
 
  contribution from  3-th solvent component
   1      0         -3.08526           0.11164           0.00461
   1     60         -3.10705           0.11164          -0.01718
   1     80         -3.31900           0.11156          -0.22913
   1    100         -4.16700           0.11141          -1.07714
   2      0         -3.08898           0.11137           0.00088
   3      0         -3.08987           0.11149           0.00000
   4      0         -3.08830           0.11114           0.00157
   5      0         -3.08658           0.11164           0.00329
   5     60         -3.11657           0.11163          -0.02671
   5     80         -3.38621           0.11154          -0.29634
   5    100         -4.16925           0.11141          -1.07939
 
 
 group  inft   Estimated free energy: total (kcal/mol)
   1      0      -3.2249      -3.3775      -3.3320      -3.2898      -3.1992
                 -3.1099      -3.4010      -3.3090      -3.1888      -3.2325
   1     60      -3.2465      -3.3992      -3.3536      -3.3113      -3.2207
                 -3.1314      -3.4226      -3.3305      -3.2103      -3.2541
   1     80      -3.4578      -3.6119      -3.5649      -3.5219      -3.4322
                 -3.3421      -3.6351      -3.5415      -3.4211      -3.4655
   1    100      -4.3066      -4.4647      -4.4139      -4.3686      -4.2827
                 -4.1890      -4.4888      -4.3902      -4.2685      -4.3143
   2      0      -3.2283      -3.3786      -3.3465      -3.2996      -3.1970
                 -3.1354      -3.4212      -3.3301      -3.1872      -3.2257
   3      0      -3.2379      -3.3792      -3.3470      -3.3063      -3.1977
                 -3.1455      -3.4219      -3.3409      -3.1950      -3.2261
   4      0      -3.2349      -3.3801      -3.3466      -3.2981      -3.1933
                 -3.1506      -3.4271      -3.3406      -3.1862      -3.2165
   5      0      -3.2377      -3.3776      -3.3388      -3.3034      -3.1957
                 -3.1524      -3.4240      -3.3406      -3.1988      -3.2223
   5     60      -3.2675      -3.4076      -3.3686      -3.3332      -3.2255
                 -3.1821      -3.4539      -3.3703      -3.2285      -3.2521
   5     80      -3.5368      -3.6786      -3.6377      -3.6017      -3.4949
                 -3.4504      -3.7246      -3.6393      -3.4973      -3.5215
   5    100      -4.3218      -4.4673      -4.4224      -4.3849      -4.2809
                 -4.2334      -4.5138      -4.4242      -4.2809      -4.3065
 
 group  inft   Estimated free energy: 1-th solvent contribution (kcal/mol)
   1      0       0.0998       0.0600      -0.1155       0.1607      -0.2183
                  0.0399       0.1188       0.1777       0.3331       0.2953
   1     60       0.0997       0.0599      -0.1156       0.1607      -0.2184
                  0.0399       0.1188       0.1776       0.3331       0.2953
   1     80       0.0985       0.0586      -0.1168       0.1599      -0.2197
                  0.0389       0.1180       0.1766       0.3323       0.2943
   1    100       0.0929       0.0533      -0.1227       0.1561      -0.2254
                  0.0340       0.1145       0.1718       0.3287       0.2898
   2      0       0.0930       0.0598      -0.1228       0.1394      -0.2209
                  0.0200       0.1027       0.1625       0.3236       0.2973
   3      0       0.0871       0.0560      -0.1246       0.1317      -0.2210
                  0.0120       0.1032       0.1538       0.3200       0.2986
   4      0       0.0874       0.0575      -0.1245       0.1300      -0.2194
                  0.0093       0.1002       0.1486       0.3163       0.3006
   5      0       0.0833       0.0589      -0.1231       0.1286      -0.2208
                  0.0111       0.0978       0.1469       0.3148       0.2979
   5     60       0.0831       0.0587      -0.1232       0.1285      -0.2210
                  0.0110       0.0977       0.1467       0.3147       0.2978
   5     80       0.0813       0.0569      -0.1249       0.1273      -0.2227
                  0.0096       0.0964       0.1451       0.3135       0.2964
   5    100       0.0756       0.0514      -0.1307       0.1229      -0.2284
                  0.0041       0.0923       0.1398       0.3096       0.2918
 
 group  inft   Estimated free energy: 2-th solvent contribution (kcal/mol)
   1      0      -0.2586      -0.5196      -0.3682      -0.2304      -0.1897
                  0.1049      -0.3668      -0.3579      -0.3562      -0.2200
   1     60      -0.2584      -0.5193      -0.3678      -0.2301      -0.1895
                  0.1052      -0.3666      -0.3576      -0.3559      -0.2197
   1     80      -0.2572      -0.5183      -0.3653      -0.2283      -0.1880
                  0.1081      -0.3654      -0.3560      -0.3549      -0.2186
   1    100      -0.2549      -0.5168      -0.3586      -0.2240      -0.1852
                  0.1169      -0.3641      -0.3528      -0.3532      -0.2165
   2      0      -0.2516      -0.5165      -0.3706      -0.2162      -0.1807
                  0.1026      -0.3670      -0.3604      -0.3417      -0.2113
   3      0      -0.2550      -0.5135      -0.3696      -0.2144      -0.1800
                  0.1019      -0.3661      -0.3608      -0.3436      -0.2136
   4      0      -0.2498      -0.5171      -0.3710      -0.2078      -0.1778
                  0.0987      -0.3683      -0.3574      -0.3373      -0.2083
   5      0      -0.2514      -0.5182      -0.3684      -0.2120      -0.1797
                  0.0969      -0.3700      -0.3596      -0.3455      -0.2122
   5     60      -0.2511      -0.5179      -0.3680      -0.2116      -0.1794
                  0.0974      -0.3698      -0.3592      -0.3452      -0.2119
   5     80      -0.2498      -0.5168      -0.3650      -0.2096      -0.1778
                  0.1008      -0.3686      -0.3574      -0.3441      -0.2107
   5    100      -0.2481      -0.5161      -0.3591      -0.2059      -0.1756
                  0.1087      -0.3677      -0.3548      -0.3432      -0.2094
 
 group  inft   Estimated free energy: 3-th solvent contribution (kcal/mol)
   1      0      -3.0660      -2.9178      -2.8482      -3.2199      -2.7910
                 -3.2546      -3.1529      -3.1287      -3.1657      -3.3078
   1     60      -3.0878      -2.9396      -2.8701      -3.2417      -2.8128
                 -3.2764      -3.1748      -3.1504      -3.1874      -3.3296
   1     80      -3.2990      -3.1522      -3.0827      -3.4534      -3.0245
                 -3.4890      -3.3876      -3.3620      -3.3985      -3.5411
   1    100      -4.1445      -4.0010      -3.9325      -4.3007      -3.8720
                 -4.3398      -4.2391      -4.2091      -4.2439      -4.3875
   2      0      -3.0697      -2.9218      -2.8530      -3.2227      -2.7953
                 -3.2579      -3.1568      -3.1320      -3.1690      -3.3115
   3      0      -3.0699      -2.9216      -2.8527      -3.2235      -2.7966
                 -3.2592      -3.1589      -3.1338      -3.1713      -3.3110
   4      0      -3.0724      -2.9204      -2.8510      -3.2203      -2.7960
                 -3.2585      -3.1589      -3.1317      -3.1652      -3.3087
   5      0      -3.0696      -2.9181      -2.8472      -3.2200      -2.7951
                 -3.2604      -3.1516      -3.1279      -3.1681      -3.3079
   5     60      -3.0995      -2.9482      -2.8773      -3.2499      -2.8251
                 -3.2904      -3.1817      -3.1578      -3.1979      -3.3379
   5     80      -3.3683      -3.2186      -3.1478      -3.5193      -3.0943
                 -3.5608      -3.4524      -3.4270      -3.4666      -3.6071
   5    100      -4.1492      -4.0025      -3.9325      -4.3018      -3.8768
                 -4.3461      -4.2383      -4.2091      -4.2472      -4.3889
 
 
 cumulative average & 95% error for solvation free energy
              total             1st component         2nd component         3rd component
  1    -3.2379                0.0871               -0.2550               -3.0699
  2    -3.3086     0.1413     0.0716     0.0311    -0.3843     0.2585    -2.9958     0.1483
  3    -3.3214     0.0855     0.0062     0.1320    -0.3794     0.1496    -2.9481     0.1282
  4    -3.3176     0.0609     0.0376     0.1125    -0.3381     0.1341    -3.0170     0.1649
  5    -3.2936     0.0673    -0.0141     0.1352    -0.3065     0.1216    -2.9729     0.1552
  6    -3.2689     0.0739    -0.0098     0.1107    -0.2384     0.1685    -3.0206     0.1586
  7    -3.2908     0.0762     0.0063     0.0990    -0.2567     0.1470    -3.0404     0.1398
  8    -3.2971     0.0672     0.0248     0.0933    -0.2697     0.1299    -3.0521     0.1233
  9    -3.2857     0.0634     0.0576     0.1053    -0.2779     0.1158    -3.0653     0.1119
 10    -3.2798     0.0580     0.0817     0.1058    -0.2715     0.1043    -3.0899     0.1115
