 ERmod 0.3.7, Copyright (C) 2000-2019 Nobuyuki Matubayasi
                            2010-2019 Shun Sakuraba
 ERmod comes with ABSOLUTELY NO WARRANTY.
 This is free software, and you can redistribute it
 and/or modify it under certain conditions.
 See LICENSE file for details.
 ERmod 0.3.7, Copyright (C) 2000-2019 Nobuyuki Matubayasi
                            2010-2019 Shun Sakuraba
 ERmod comes with ABSOLUTELY NO WARRANTY.
 This is free software, and you can redistribute it
 and/or modify it under certain conditions.
 See LICENSE file for details.
 
  Number of the   1-th solvent  =          180
  Number of the   2-th solvent  =          180
  Number of the   3-th solvent  =        10000
 
  Be sure that the solvent distribution is homogeneous (radial distribution function is essentially unity) when the solvent molecule is separated beyond distance of   10.0 Angstrom in any direction from any atom within the solute molecule
 
  LJ long-range correction    =        -0.0080     -0.0571     -0.5407
 
  Self-energy of the solute   =         0.0000  kcal/mol
 
 
 cumulative average & 95% error for solvation energy
              total             1st component         2nd component         3rd component
  1   -14.0943                0.3106               -1.3639              -13.0409
  2   -14.0732     0.0421     0.3187     0.0164    -1.3218     0.0842   -13.0701     0.0584
  3   -14.0282     0.0932     0.3210     0.0105    -1.2266     0.1965   -13.1226     0.1103
  4   -13.9925     0.0972     0.3267     0.0135    -1.1577     0.1957   -13.1615     0.1101
  5   -13.9695     0.0882     0.3295     0.0119    -1.1079     0.1814   -13.1911     0.1038
  6   -13.9720     0.0722     0.3215     0.0187    -1.1153     0.1488   -13.1783     0.0886
  7   -14.0051     0.0900     0.3101     0.0278    -1.1534     0.1471   -13.1618     0.0818
  8   -14.0115     0.0790     0.3130     0.0247    -1.1749     0.1344   -13.1496     0.0749
  9   -14.0057     0.0706     0.3172     0.0234    -1.1732     0.1186   -13.1498     0.0661
 10   -13.9971     0.0655     0.3192     0.0213    -1.1528     0.1137   -13.1636     0.0652
 
 
 group  inft  solvation free energy     error          difference
  total solvation free energy
   1      0          3.28983           0.04107           0.01399
   1     60          3.26702           0.04121          -0.00882
   1     80          3.09706           0.04234          -0.17878
   1    100          2.50790           0.04600          -0.76794
   2      0          3.27585           0.04256           0.00001
   3      0          3.27584           0.04254           0.00000
   4      0          3.24990           0.04235          -0.02594
   5      0          3.30604           0.04188           0.03020
   5     60          3.27496           0.04207          -0.00088
   5     80          3.06207           0.04341          -0.21377
   5    100          2.51366           0.04667          -0.76218
 
  contribution from  1-th solvent component
   1      0          0.50204           0.01522           0.00379
   1     60          0.50237           0.01532           0.00413
   1     80          0.50391           0.01608           0.00567
   1    100          0.50497           0.01854           0.00673
   2      0          0.49917           0.01493           0.00093
   3      0          0.49824           0.01497           0.00000
   4      0          0.49716           0.01475          -0.00108
   5      0          0.49667           0.01469          -0.00157
   5     60          0.49705           0.01482          -0.00119
   5     80          0.49833           0.01572           0.00009
   5    100          0.49830           0.01790           0.00006
 
  contribution from  2-th solvent component
   1      0         -0.59745           0.05618           0.00242
   1     60         -0.59769           0.05625           0.00218
   1     80         -0.59947           0.05677           0.00040
   1    100         -0.60600           0.05842          -0.00613
   2      0         -0.59948           0.05615           0.00039
   3      0         -0.59987           0.05627           0.00000
   4      0         -0.60113           0.05613          -0.00126
   5      0         -0.60164           0.05602          -0.00177
   5     60         -0.60200           0.05611          -0.00213
   5     80         -0.60442           0.05672          -0.00455
   5    100         -0.61086           0.05819          -0.01100
 
  contribution from  3-th solvent component
   1      0          3.38520           0.02777           0.00778
   1     60          3.36229           0.02779          -0.01513
   1     80          3.19257           0.02793          -0.18485
   1    100          2.60888           0.02841          -0.76853
   2      0          3.37611           0.02618          -0.00130
   3      0          3.37742           0.02610           0.00000
   4      0          3.35381           0.02578          -0.02361
   5      0          3.41096           0.02569           0.03354
   5     60          3.37986           0.02572           0.00244
   5     80          3.16811           0.02587          -0.20931
   5    100          2.62617           0.02628          -0.75124
 
 
 group  inft   Estimated free energy: total (kcal/mol)
   1      0       3.2389       3.2363       3.3204       3.3641       3.3571
                  3.3032       3.1606       3.2559       3.3371       3.3249
   1     60       3.2159       3.2133       3.2976       3.3416       3.3345
                  3.2803       3.1373       3.2330       3.3145       3.3023
   1     80       3.0452       3.0422       3.1276       3.1745       3.1663
                  3.1089       2.9635       3.0628       3.1461       3.1336
   1    100       2.4535       2.4489       2.5383       2.5943       2.5829
                  2.5157       2.3619       2.4733       2.5624       2.5480
   2      0       3.2151       3.2218       3.3063       3.3463       3.3500
                  3.2867       3.1438       3.2450       3.3254       3.3181
   3      0       3.2150       3.2226       3.3046       3.3470       3.3502
                  3.2840       3.1444       3.2448       3.3261       3.3196
   4      0       3.1873       3.1982       3.2793       3.3184       3.3262
                  3.2561       3.1189       3.2215       3.2985       3.2946
   5      0       3.2506       3.2546       3.3395       3.3777       3.3776
                  3.3151       3.1748       3.2709       3.3513       3.3485
   5     60       3.2193       3.2233       3.3084       3.3471       3.3468
                  3.2837       3.1431       3.2398       3.3205       3.3176
   5     80       3.0053       3.0089       3.0954       3.1375       3.1360
                  3.0691       2.9257       3.0268       3.1097       3.1063
   5    100       2.4542       2.4566       2.5467       2.5969       2.5927
                  2.5170       2.3664       2.4785       2.5664       2.5611
 
 group  inft   Estimated free energy: 1-th solvent contribution (kcal/mol)
   1      0       0.5060       0.5102       0.4977       0.5165       0.5068
                  0.4742       0.4493       0.5131       0.5355       0.5110
   1     60       0.5064       0.5105       0.4980       0.5171       0.5072
                  0.4743       0.4493       0.5134       0.5360       0.5115
   1     80       0.5081       0.5118       0.4992       0.5201       0.5095
                  0.4740       0.4485       0.5150       0.5389       0.5141
   1    100       0.5096       0.5123       0.4991       0.5258       0.5124
                  0.4693       0.4419       0.5162       0.5447       0.5184
   2      0       0.5023       0.5061       0.4947       0.5123       0.5052
                  0.4717       0.4473       0.5117       0.5312       0.5090
   3      0       0.5020       0.5058       0.4933       0.5123       0.5044
                  0.4701       0.4463       0.5109       0.5294       0.5080
   4      0       0.5002       0.5045       0.4926       0.5099       0.5037
                  0.4687       0.4465       0.5105       0.5281       0.5069
   5      0       0.5002       0.5042       0.4933       0.5100       0.5021
                  0.4684       0.4459       0.5091       0.5274       0.5061
   5     60       0.5006       0.5045       0.4936       0.5107       0.5026
                  0.4685       0.4459       0.5095       0.5280       0.5066
   5     80       0.5021       0.5055       0.4945       0.5138       0.5046
                  0.4675       0.4444       0.5108       0.5310       0.5091
   5    100       0.5025       0.5050       0.4934       0.5178       0.5060
                  0.4622       0.4378       0.5109       0.5353       0.5121
 
 group  inft   Estimated free energy: 2-th solvent contribution (kcal/mol)
   1      0      -0.6933      -0.6651      -0.5400      -0.4889      -0.4749
                 -0.5996      -0.7066      -0.6839      -0.6116      -0.5106
   1     60      -0.6936      -0.6654      -0.5402      -0.4889      -0.4749
                 -0.5999      -0.7070      -0.6842      -0.6120      -0.5107
   1     80      -0.6961      -0.6676      -0.5415      -0.4893      -0.4755
                 -0.6020      -0.7097      -0.6868      -0.6142      -0.5118
   1    100      -0.7047      -0.6757      -0.5466      -0.4915      -0.4783
                 -0.6097      -0.7194      -0.6957      -0.6223      -0.5161
   2      0      -0.6958      -0.6676      -0.5421      -0.4916      -0.4769
                 -0.6018      -0.7084      -0.6852      -0.6134      -0.5120
   3      0      -0.6966      -0.6683      -0.5431      -0.4929      -0.4763
                 -0.6025      -0.7094      -0.6852      -0.6130      -0.5114
   4      0      -0.6980      -0.6695      -0.5437      -0.4942      -0.4777
                 -0.6041      -0.7094      -0.6866      -0.6145      -0.5136
   5      0      -0.6974      -0.6708      -0.5452      -0.4940      -0.4793
                 -0.6027      -0.7109      -0.6863      -0.6153      -0.5145
   5     60      -0.6979      -0.6713      -0.5455      -0.4941      -0.4794
                 -0.6031      -0.7115      -0.6868      -0.6157      -0.5147
   5     80      -0.7011      -0.6742      -0.5474      -0.4949      -0.4804
                 -0.6060      -0.7150      -0.6901      -0.6187      -0.5163
   5    100      -0.7094      -0.6821      -0.5526      -0.4975      -0.4835
                 -0.6135      -0.7242      -0.6986      -0.6266      -0.5207
 
 group  inft   Estimated free energy: 3-th solvent contribution (kcal/mol)
   1      0       3.4261       3.3911       3.3627       3.3364       3.3251
                  3.4286       3.4178       3.4266       3.4132       3.3244
   1     60       3.4032       3.3681       3.3398       3.3135       3.3022
                  3.4058       3.3949       3.4038       3.3904       3.3015
   1     80       3.2331       3.1980       3.1699       3.1436       3.1324
                  3.2368       3.2247       3.2345       3.2214       3.1313
   1    100       2.6484       2.6122       2.5857       2.5600       2.5488
                  2.6560       2.6393       2.6528       2.6399       2.5457
   2      0       3.4085       3.3832       3.3537       3.3255       3.3216
                  3.4168       3.4047       3.4185       3.4075       3.3211
   3      0       3.4096       3.3851       3.3544       3.3275       3.3220
                  3.4164       3.4073       3.4190       3.4097       3.3231
   4      0       3.3850       3.3631       3.3302       3.3027       3.3001
                  3.3915       3.3817       3.3976       3.3849       3.3012
   5      0       3.4477       3.4212       3.3913       3.3616       3.3547
                  3.4493       3.4398       3.4481       3.4391       3.3568
   5     60       3.4166       3.3900       3.3602       3.3305       3.3236
                  3.4184       3.4086       3.4171       3.4081       3.3256
   5     80       3.2043       3.1776       3.1482       3.1186       3.1118
                  3.2075       3.1963       3.2060       3.1974       3.1134
   5    100       2.6610       2.6337       2.6059       2.5765       2.5701
                  2.6682       2.6528       2.6661       2.6576       2.5697
 
 
 cumulative average & 95% error for solvation free energy
              total             1st component         2nd component         3rd component
  1     3.2150                0.5020               -0.6966                3.4096
  2     3.2188     0.0076     0.5039     0.0038    -0.6825     0.0283     3.3973     0.0245
  3     3.2474     0.0574     0.5003     0.0074    -0.6360     0.0943     3.3830     0.0319
  4     3.2723     0.0642     0.5033     0.0079    -0.6002     0.0978     3.3692     0.0358
  5     3.2879     0.0587     0.5036     0.0062    -0.5754     0.0906     3.3597     0.0335
  6     3.2872     0.0480     0.4980     0.0122    -0.5800     0.0745     3.3692     0.0333
  7     3.2668     0.0575     0.4906     0.0180    -0.5984     0.0730     3.3746     0.0301
  8     3.2641     0.0501     0.4931     0.0164    -0.6093     0.0668     3.3802     0.0284
  9     3.2710     0.0463     0.4972     0.0166    -0.6097     0.0590     3.3835     0.0259
 10     3.2758     0.0425     0.4982     0.0150    -0.5999     0.0563     3.3774     0.0261
