 ERmod 0.3.7, Copyright (C) 2000-2019 Nobuyuki Matubayasi
                            2010-2019 Shun Sakuraba
 ERmod comes with ABSOLUTELY NO WARRANTY.
 This is free software, and you can redistribute it
 and/or modify it under certain conditions.
 See LICENSE file for details.
 ERmod 0.3.7, Copyright (C) 2000-2019 Nobuyuki Matubayasi
                            2010-2019 Shun Sakuraba
 ERmod comes with ABSOLUTELY NO WARRANTY.
 This is free software, and you can redistribute it
 and/or modify it under certain conditions.
 See LICENSE file for details.
 
  Number of the   1-th solvent  =          180
  Number of the   2-th solvent  =          180
  Number of the   3-th solvent  =        10000
 
  Be sure that the solvent distribution is homogeneous (radial distribution function is essentially unity) when the solvent molecule is separated beyond distance of   10.0 Angstrom in any direction from any atom within the solute molecule
 
  LJ long-range correction    =        -0.0075     -0.0253     -0.5079
 
  Self-energy of the solute   =        -0.0001  kcal/mol
 
 
 cumulative average & 95% error for solvation energy
              total             1st component         2nd component         3rd component
  1   -25.8880               -1.9587               -1.3877              -22.5415
  2   -25.8401     0.0958    -1.1005     1.7164    -1.0566     0.6623   -23.6829     2.2829
  3   -25.8383     0.0555    -0.8455     1.1145    -1.0599     0.3825   -23.9328     1.4096
  4   -25.8568     0.0538    -0.7945     0.7947    -1.1693     0.3478   -23.8930     0.9999
  5   -25.8489     0.0446    -0.9483     0.6882    -1.2827     0.3522   -23.6177     0.9502
  6   -25.8480     0.0365    -0.9528     0.5619    -1.4027     0.3746   -23.4924     0.8153
  7   -25.8732     0.0591    -1.0098     0.4884    -1.5082     0.3805   -23.3551     0.7418
  8   -25.8424     0.0800    -1.0845     0.4485    -1.4697     0.3384   -23.2882     0.6562
  9   -25.8353     0.0720    -0.9805     0.4469    -1.4030     0.3269   -23.4517     0.6647
 10   -25.8276     0.0662    -0.9180     0.4188    -1.3796     0.2961   -23.5299     0.6148
 
 
 group  inft  solvation free energy     error          difference
  total solvation free energy
   1      0         -3.83726           0.07664           0.00247
   1     60         -3.86046           0.07658          -0.02072
   1     80         -4.05351           0.07630          -0.21377
   1    100         -4.74146           0.07534          -0.90173
   2      0         -3.84097           0.07264          -0.00124
   3      0         -3.83973           0.06998           0.00000
   4      0         -3.83704           0.07075           0.00270
   5      0         -3.84215           0.06765          -0.00242
   5     60         -3.87368           0.06757          -0.03395
   5     80         -4.11390           0.06716          -0.27416
   5    100         -4.74781           0.06612          -0.90807
 
  contribution from  1-th solvent component
   1      0         -0.14624           0.22566           0.00446
   1     60         -0.14645           0.22566           0.00425
   1     80         -0.14856           0.22574           0.00213
   1    100         -0.15717           0.22606          -0.00648
   2      0         -0.15077           0.22077          -0.00008
   3      0         -0.15070           0.21889           0.00000
   4      0         -0.14970           0.21875           0.00100
   5      0         -0.15151           0.21675          -0.00082
   5     60         -0.15182           0.21675          -0.00113
   5     80         -0.15469           0.21678          -0.00399
   5    100         -0.16309           0.21689          -0.01239
 
  contribution from  2-th solvent component
   1      0         -0.72709           0.16492          -0.00664
   1     60         -0.72746           0.16493          -0.00701
   1     80         -0.73068           0.16504          -0.01024
   1    100         -0.74269           0.16540          -0.02225
   2      0         -0.72344           0.16242          -0.00300
   3      0         -0.72044           0.16051           0.00000
   4      0         -0.72058           0.16041          -0.00014
   5      0         -0.72084           0.15969          -0.00040
   5     60         -0.72137           0.15970          -0.00092
   5     80         -0.72558           0.15978          -0.00513
   5    100         -0.73697           0.15997          -0.01653
 
  contribution from  3-th solvent component
   1      0         -2.96386           0.29070           0.00466
   1     60         -2.98647           0.29078          -0.01795
   1     80         -3.17418           0.29130          -0.20566
   1    100         -3.84152           0.29294          -0.87300
   2      0         -2.96667           0.29016           0.00184
   3      0         -2.96851           0.29055           0.00000
   4      0         -2.96668           0.28820           0.00184
   5      0         -2.96972           0.28874          -0.00120
   5     60         -3.00041           0.28885          -0.03190
   5     80         -3.23355           0.28947          -0.26504
   5    100         -3.84766           0.29097          -0.87915
 
 
 group  inft   Estimated free energy: total (kcal/mol)
   1      0      -3.8685      -3.7621      -3.7034      -3.8913      -4.0413
                 -3.9326      -3.9774      -3.7304      -3.7098      -3.7557
   1     60      -3.8917      -3.7854      -3.7268      -3.9146      -4.0643
                 -3.9557      -4.0006      -3.7534      -3.7331      -3.7789
   1     80      -4.0849      -3.9786      -3.9206      -4.1076      -4.2562
                 -4.1484      -4.1933      -3.9458      -3.9270      -3.9727
   1    100      -4.7735      -4.6662      -4.6100      -4.7943      -4.9410
                 -4.8355      -4.8798      -4.6321      -4.6179      -4.6643
   2      0      -3.8542      -3.7996      -3.7091      -3.8872      -4.0428
                 -3.9306      -3.9692      -3.7256      -3.7282      -3.7631
   3      0      -3.8434      -3.8158      -3.7206      -3.8799      -4.0342
                 -3.9254      -3.9657      -3.7132      -3.7337      -3.7654
   4      0      -3.8488      -3.8133      -3.7157      -3.8787      -4.0312
                 -3.9185      -3.9671      -3.7143      -3.7203      -3.7625
   5      0      -3.8452      -3.8241      -3.7349      -3.8748      -4.0326
                 -3.9293      -3.9591      -3.7228      -3.7261      -3.7727
   5     60      -3.8767      -3.8557      -3.7667      -3.9064      -4.0638
                 -3.9607      -3.9905      -3.7541      -3.7578      -3.8043
   5     80      -4.1170      -4.0964      -4.0080      -4.1464      -4.3025
                 -4.2003      -4.2302      -3.9935      -3.9991      -4.0456
   5    100      -4.7508      -4.7309      -4.6438      -4.7788      -4.9331
                 -4.8332      -4.8624      -4.6257      -4.6362      -4.6831
 
 group  inft   Estimated free energy: 1-th solvent contribution (kcal/mol)
   1      0      -0.6504       0.1614       0.1918      -0.0377      -0.5673
                 -0.1972      -0.3781      -0.4851       0.3142       0.1861
   1     60      -0.6506       0.1612       0.1915      -0.0379      -0.5675
                 -0.1974      -0.3783      -0.4854       0.3139       0.1858
   1     80      -0.6528       0.1597       0.1895      -0.0401      -0.5698
                 -0.1995      -0.3806      -0.4875       0.3119       0.1836
   1    100      -0.6620       0.1528       0.1812      -0.0488      -0.5790
                 -0.2080      -0.3902      -0.4965       0.3037       0.1750
   2      0      -0.6395       0.1340       0.1882      -0.0427      -0.5719
                 -0.1988      -0.3721      -0.4828       0.2999       0.1780
   3      0      -0.6350       0.1267       0.1869      -0.0393      -0.5690
                 -0.1976      -0.3695      -0.4817       0.2944       0.1771
   4      0      -0.6318       0.1210       0.1908      -0.0395      -0.5694
                 -0.1938      -0.3682      -0.4808       0.2990       0.1758
   5      0      -0.6313       0.1165       0.1828      -0.0368      -0.5639
                 -0.1975      -0.3654      -0.4837       0.2941       0.1701
   5     60      -0.6316       0.1163       0.1824      -0.0371      -0.5642
                 -0.1978      -0.3657      -0.4839       0.2937       0.1697
   5     80      -0.6346       0.1139       0.1796      -0.0400      -0.5671
                 -0.2006      -0.3688      -0.4867       0.2908       0.1667
   5    100      -0.6431       0.1064       0.1712      -0.0484      -0.5759
                 -0.2088      -0.3778      -0.4951       0.2826       0.1580
 
 group  inft   Estimated free energy: 2-th solvent contribution (kcal/mol)
   1      0      -0.7300      -0.3620      -0.5313      -0.8147      -0.9739
                 -1.0632      -1.1211      -0.6125      -0.4488      -0.6133
   1     60      -0.7304      -0.3623      -0.5317      -0.8151      -0.9743
                 -1.0636      -1.1215      -0.6129      -0.4492      -0.6137
   1     80      -0.7338      -0.3652      -0.5345      -0.8185      -0.9777
                 -1.0671      -1.1248      -0.6161      -0.4522      -0.6169
   1    100      -0.7463      -0.3760      -0.5455      -0.8312      -0.9902
                 -1.0799      -1.1370      -0.6281      -0.4638      -0.6290
   2      0      -0.7223      -0.3709      -0.5314      -0.8037      -0.9668
                 -1.0570      -1.1160      -0.6054      -0.4502      -0.6107
   3      0      -0.7157      -0.3735      -0.5408      -0.7991      -0.9613
                 -1.0502      -1.1108      -0.5941      -0.4495      -0.6093
   4      0      -0.7190      -0.3730      -0.5418      -0.8007      -0.9559
                 -1.0498      -1.1128      -0.5947      -0.4484      -0.6096
   5      0      -0.7158      -0.3758      -0.5462      -0.7962      -0.9595
                 -1.0516      -1.1076      -0.5974      -0.4458      -0.6124
   5     60      -0.7163      -0.3763      -0.5467      -0.7968      -0.9600
                 -1.0521      -1.1081      -0.5980      -0.4464      -0.6129
   5     80      -0.7207      -0.3802      -0.5507      -0.8012      -0.9643
                 -1.0565      -1.1123      -0.6022      -0.4504      -0.6171
   5    100      -0.7324      -0.3908      -0.5615      -0.8131      -0.9758
                 -1.0684      -1.1238      -0.6136      -0.4616      -0.6287
 
 group  inft   Estimated free energy: 3-th solvent contribution (kcal/mol)
   1      0      -2.4881      -3.5614      -3.3638      -3.0389      -2.5000
                 -2.6722      -2.4782      -2.6327      -3.5751      -3.3283
   1     60      -2.5106      -3.5842      -3.3867      -3.0615      -2.5223
                 -2.6946      -2.5007      -2.6551      -3.5978      -3.3510
   1     80      -2.6982      -3.7730      -3.5755      -3.2489      -2.7086
                 -2.8817      -2.6878      -2.8421      -3.7865      -3.5394
   1    100      -3.3651      -4.4429      -4.2455      -3.9143      -3.3718
                 -3.5475      -3.3525      -3.5074      -4.4579      -4.2103
   2      0      -2.4923      -3.5627      -3.3658      -3.0408      -2.5041
                 -2.6747      -2.4809      -2.6373      -3.5778      -3.3303
   3      0      -2.4926      -3.5689      -3.3666      -3.0414      -2.5039
                 -2.6775      -2.4854      -2.6373      -3.5786      -3.3330
   4      0      -2.4979      -3.5612      -3.3646      -3.0384      -2.5058
                 -2.6748      -2.4860      -2.6388      -3.5708      -3.3286
   5      0      -2.4980      -3.5646      -3.3713      -3.0417      -2.5092
                 -2.6802      -2.4860      -2.6416      -3.5742      -3.3302
   5     60      -2.5287      -3.5956      -3.4023      -3.0724      -2.5395
                 -2.7107      -2.5166      -2.6722      -3.6051      -3.3610
   5     80      -2.7616      -3.8300      -3.6368      -3.3051      -2.7709
                 -2.9431      -2.7490      -2.9045      -3.8394      -3.5950
   5    100      -3.3752      -4.4465      -4.2534      -3.9173      -3.3813
                 -3.5559      -3.3608      -3.5168      -4.4571      -4.2124
 
 
 cumulative average & 95% error for solvation free energy
              total             1st component         2nd component         3rd component
  1    -3.8434               -0.6350               -0.7157               -2.4926
  2    -3.8296     0.0276    -0.2542     0.7617    -0.5446     0.3423    -3.0307     1.0763
  3    -3.7933     0.0744    -0.1071     0.5290    -0.5434     0.1976    -3.1427     0.6605
  4    -3.8149     0.0681    -0.0902     0.3756    -0.6073     0.1894    -3.1174     0.4698
  5    -3.8588     0.1024    -0.1859     0.3483    -0.6781     0.2039    -2.9947     0.4389
  6    -3.8699     0.0865    -0.1879     0.2844    -0.7401     0.2076    -2.9418     0.3736
  7    -3.8836     0.0781    -0.2138     0.2459    -0.7931     0.2050    -2.8766     0.3417
  8    -3.8623     0.0799    -0.2473     0.2233    -0.7682     0.1843    -2.8467     0.3019
  9    -3.8480     0.0760    -0.1871     0.2308    -0.7328     0.1773    -2.9280     0.3120
 10    -3.8397     0.0700    -0.1507     0.2189    -0.7204     0.1605    -2.9685     0.2905
