 ERmod 0.3.7, Copyright (C) 2000-2019 Nobuyuki Matubayasi
                            2010-2019 Shun Sakuraba
 ERmod comes with ABSOLUTELY NO WARRANTY.
 This is free software, and you can redistribute it
 and/or modify it under certain conditions.
 See LICENSE file for details.
 ERmod 0.3.7, Copyright (C) 2000-2019 Nobuyuki Matubayasi
                            2010-2019 Shun Sakuraba
 ERmod comes with ABSOLUTELY NO WARRANTY.
 This is free software, and you can redistribute it
 and/or modify it under certain conditions.
 See LICENSE file for details.
 
  Number of the   1-th solvent  =           90
  Number of the   2-th solvent  =           90
  Number of the   3-th solvent  =        10000
 
  Be sure that the solvent distribution is homogeneous (radial distribution function is essentially unity) when the solvent molecule is separated beyond distance of   10.0 Angstrom in any direction from any atom within the solute molecule
 
  LJ long-range correction    =        -0.0032     -0.0181     -0.3428
 
  Self-energy of the solute   =         0.0000  kcal/mol
 
 
 cumulative average & 95% error for solvation energy
              total             1st component         2nd component         3rd component
  1    -9.2558                0.0704               -0.4999               -8.8264
  2    -9.2488     0.0141     0.0773     0.0137    -0.4801     0.0396    -8.8460     0.0392
  3    -9.2505     0.0089     0.0740     0.0102    -0.4714     0.0288    -8.8532     0.0269
  4    -9.2441     0.0144     0.0706     0.0099    -0.4332     0.0791    -8.8816     0.0597
  5    -9.2444     0.0112     0.0717     0.0080    -0.4148     0.0714    -8.9013     0.0608
  6    -9.2550     0.0231     0.0731     0.0071    -0.4271     0.0632    -8.9010     0.0497
  7    -9.2505     0.0215     0.0725     0.0061    -0.4269     0.0535    -8.8961     0.0431
  8    -9.2503     0.0186     0.0699     0.0073    -0.4306     0.0469    -8.8896     0.0395
  9    -9.2467     0.0179     0.0721     0.0078    -0.4272     0.0419    -8.8916     0.0351
 10    -9.2503     0.0176     0.0711     0.0073    -0.4272     0.0375    -8.8942     0.0318
 
 
 group  inft  solvation free energy     error          difference
  total solvation free energy
   1      0          2.75171           0.01336          -0.00176
   1     60          2.73687           0.01339          -0.01660
   1     80          2.62428           0.01368          -0.12919
   1    100          2.22805           0.01465          -0.52542
   2      0          2.74389           0.01308          -0.00958
   3      0          2.75347           0.01309           0.00000
   4      0          2.73809           0.01299          -0.01538
   5      0          2.79174           0.01302           0.03828
   5     60          2.77175           0.01306           0.01828
   5     80          2.63091           0.01340          -0.12256
   5    100          2.26223           0.01422          -0.49123
 
  contribution from  1-th solvent component
   1      0          0.14951           0.00645           0.00265
   1     60          0.14956           0.00649           0.00269
   1     80          0.14972           0.00678           0.00286
   1    100          0.14922           0.00784           0.00235
   2      0          0.14754           0.00605           0.00068
   3      0          0.14686           0.00599           0.00000
   4      0          0.14615           0.00581          -0.00071
   5      0          0.14635           0.00597          -0.00051
   5     60          0.14638           0.00601          -0.00048
   5     80          0.14632           0.00637          -0.00054
   5    100          0.14535           0.00731          -0.00151
 
  contribution from  2-th solvent component
   1      0         -0.19229           0.01725           0.00186
   1     60         -0.19239           0.01727           0.00176
   1     80         -0.19316           0.01737           0.00099
   1    100         -0.19585           0.01771          -0.00170
   2      0         -0.19352           0.01719           0.00063
   3      0         -0.19415           0.01720           0.00000
   4      0         -0.19482           0.01727          -0.00067
   5      0         -0.19552           0.01736          -0.00137
   5     60         -0.19566           0.01738          -0.00151
   5     80         -0.19671           0.01751          -0.00256
   5    100         -0.19941           0.01783          -0.00526
 
  contribution from  3-th solvent component
   1      0          2.79446           0.01429          -0.00627
   1     60          2.77967           0.01430          -0.02105
   1     80          2.66769           0.01440          -0.13304
   1    100          2.27466           0.01485          -0.52607
   2      0          2.78984           0.01404          -0.01088
   3      0          2.80073           0.01418           0.00000
   4      0          2.78674           0.01393          -0.01399
   5      0          2.84088           0.01365           0.04015
   5     60          2.82100           0.01366           0.02027
   5     80          2.68128           0.01378          -0.11945
   5    100          2.31626           0.01420          -0.48447
 
 
 group  inft   Estimated free energy: total (kcal/mol)
   1      0       2.7440       2.7676       2.7407       2.7689       2.7548
                  2.7203       2.7540       2.7569       2.7884       2.7215
   1     60       2.7291       2.7528       2.7258       2.7541       2.7400
                  2.7054       2.7391       2.7420       2.7737       2.7066
   1     80       2.6162       2.6411       2.6128       2.6416       2.6275
                  2.5928       2.6262       2.6291       2.6623       2.5933
   1    100       2.2192       2.2473       2.2150       2.2446       2.2316
                  2.1967       2.2291       2.2320       2.2705       2.1945
   2      0       2.7356       2.7584       2.7333       2.7629       2.7471
                  2.7118       2.7480       2.7493       2.7779       2.7146
   3      0       2.7453       2.7669       2.7418       2.7736       2.7557
                  2.7226       2.7590       2.7594       2.7871       2.7233
   4      0       2.7290       2.7508       2.7272       2.7578       2.7412
                  2.7065       2.7427       2.7434       2.7725       2.7098
   5      0       2.7817       2.8057       2.7820       2.8144       2.7945
                  2.7605       2.7951       2.7961       2.8245       2.7630
   5     60       2.7616       2.7858       2.7619       2.7944       2.7745
                  2.7405       2.7750       2.7760       2.8047       2.7429
   5     80       2.6203       2.6458       2.6205       2.6536       2.6339
                  2.5997       2.6339       2.6348       2.6654       2.6011
   5    100       2.2509       2.2792       2.2504       2.2841       2.2654
                  2.2315       2.2646       2.2654       2.3009       2.2298
 
 group  inft   Estimated free energy: 1-th solvent contribution (kcal/mol)
   1      0       0.1481       0.1631       0.1444       0.1390       0.1505
                  0.1592       0.1454       0.1365       0.1664       0.1425
   1     60       0.1482       0.1632       0.1444       0.1390       0.1506
                  0.1593       0.1454       0.1365       0.1665       0.1425
   1     80       0.1481       0.1640       0.1441       0.1387       0.1509
                  0.1599       0.1456       0.1361       0.1674       0.1423
   1    100       0.1471       0.1658       0.1421       0.1364       0.1510
                  0.1610       0.1449       0.1337       0.1696       0.1407
   2      0       0.1459       0.1604       0.1429       0.1382       0.1484
                  0.1572       0.1437       0.1352       0.1629       0.1406
   3      0       0.1449       0.1596       0.1424       0.1376       0.1477
                  0.1566       0.1433       0.1345       0.1620       0.1401
   4      0       0.1444       0.1584       0.1419       0.1373       0.1466
                  0.1560       0.1423       0.1344       0.1608       0.1395
   5      0       0.1447       0.1588       0.1415       0.1372       0.1472
                  0.1563       0.1427       0.1345       0.1615       0.1391
   5     60       0.1447       0.1589       0.1414       0.1372       0.1472
                  0.1564       0.1428       0.1345       0.1617       0.1391
   5     80       0.1444       0.1596       0.1408       0.1365       0.1474
                  0.1569       0.1427       0.1338       0.1625       0.1386
   5    100       0.1429       0.1607       0.1386       0.1340       0.1469
                  0.1574       0.1415       0.1312       0.1640       0.1365
 
 group  inft   Estimated free energy: 2-th solvent contribution (kcal/mol)
   1      0      -0.2239      -0.2088      -0.2042      -0.1387      -0.1547
                 -0.2199      -0.1907      -0.2041      -0.1829      -0.1949
   1     60      -0.2240      -0.2089      -0.2043      -0.1387      -0.1548
                 -0.2200      -0.1908      -0.2042      -0.1830      -0.1951
   1     80      -0.2249      -0.2098      -0.2052      -0.1391      -0.1554
                 -0.2209      -0.1916      -0.2049      -0.1838      -0.1959
   1    100      -0.2281      -0.2129      -0.2081      -0.1403      -0.1577
                 -0.2241      -0.1944      -0.2075      -0.1866      -0.1988
   2      0      -0.2251      -0.2096      -0.2054      -0.1399      -0.1563
                 -0.2210      -0.1915      -0.2057      -0.1846      -0.1962
   3      0      -0.2262      -0.2102      -0.2073      -0.1406      -0.1571
                 -0.2209      -0.1917      -0.2062      -0.1848      -0.1964
   4      0      -0.2269      -0.2111      -0.2073      -0.1411      -0.1575
                 -0.2221      -0.1931      -0.2069      -0.1855      -0.1967
   5      0      -0.2282      -0.2112      -0.2088      -0.1418      -0.1576
                 -0.2228      -0.1940      -0.2074      -0.1862      -0.1972
   5     60      -0.2284      -0.2113      -0.2089      -0.1419      -0.1577
                 -0.2230      -0.1942      -0.2075      -0.1863      -0.1973
   5     80      -0.2296      -0.2125      -0.2101      -0.1424      -0.1586
                 -0.2242      -0.1953      -0.2085      -0.1874      -0.1984
   5    100      -0.2328      -0.2156      -0.2130      -0.1437      -0.1609
                 -0.2273      -0.1980      -0.2111      -0.1903      -0.2013
 
 group  inft   Estimated free energy: 3-th solvent contribution (kcal/mol)
   1      0       2.8197       2.8133       2.8005       2.7685       2.7590
                  2.7809       2.7993       2.8245       2.8049       2.7740
   1     60       2.8049       2.7985       2.7857       2.7538       2.7441
                  2.7661       2.7844       2.8098       2.7902       2.7592
   1     80       2.6929       2.6868       2.6738       2.6419       2.6320
                  2.6537       2.6722       2.6979       2.6787       2.6469
   1    100       2.3002       2.2944       2.2810       2.2485       2.2382
                  2.2598       2.2787       2.3058       2.2875       2.2525
   2      0       2.8147       2.8075       2.7959       2.7646       2.7550
                  2.7755       2.7957       2.8197       2.7996       2.7702
   3      0       2.8266       2.8175       2.8066       2.7766       2.7651
                  2.7869       2.8074       2.8311       2.8098       2.7797
   4      0       2.8115       2.8036       2.7926       2.7616       2.7521
                  2.7726       2.7934       2.8159       2.7972       2.7669
   5      0       2.8652       2.8580       2.8493       2.8190       2.8049
                  2.8270       2.8464       2.8689       2.8491       2.8211
   5     60       2.8453       2.8382       2.8294       2.7991       2.7850
                  2.8070       2.8264       2.8490       2.8293       2.8011
   5     80       2.7055       2.6987       2.6897       2.6594       2.6451
                  2.6670       2.6865       2.7095       2.6903       2.6610
   5    100       2.3407       2.3342       2.3248       2.2938       2.2794
                  2.3014       2.3212       2.3453       2.3272       2.2947
 
 
 cumulative average & 95% error for solvation free energy
              total             1st component         2nd component         3rd component
  1     2.7453                0.1449               -0.2262                2.8266
  2     2.7561     0.0216     0.1522     0.0146    -0.2182     0.0161     2.8220     0.0091
  3     2.7513     0.0157     0.1490     0.0107    -0.2146     0.0118     2.8169     0.0115
  4     2.7569     0.0157     0.1461     0.0095    -0.1961     0.0379     2.8068     0.0217
  5     2.7567     0.0122     0.1464     0.0074    -0.1883     0.0333     2.7985     0.0237
  6     2.7510     0.0151     0.1481     0.0069    -0.1937     0.0292     2.7965     0.0197
  7     2.7521     0.0130     0.1474     0.0060    -0.1934     0.0247     2.7981     0.0170
  8     2.7530     0.0114     0.1458     0.0061    -0.1950     0.0216     2.8022     0.0169
  9     2.7568     0.0126     0.1476     0.0065    -0.1939     0.0192     2.8031     0.0150
 10     2.7535     0.0131     0.1469     0.0060    -0.1941     0.0172     2.8007     0.0142
