 ERmod 0.3.7, Copyright (C) 2000-2019 Nobuyuki Matubayasi
                            2010-2019 Shun Sakuraba
 ERmod comes with ABSOLUTELY NO WARRANTY.
 This is free software, and you can redistribute it
 and/or modify it under certain conditions.
 See LICENSE file for details.
 ERmod 0.3.7, Copyright (C) 2000-2019 Nobuyuki Matubayasi
                            2010-2019 Shun Sakuraba
 ERmod comes with ABSOLUTELY NO WARRANTY.
 This is free software, and you can redistribute it
 and/or modify it under certain conditions.
 See LICENSE file for details.
 
  Number of the   1-th solvent  =          180
  Number of the   2-th solvent  =          180
  Number of the   3-th solvent  =        10000
 
  Be sure that the solvent distribution is homogeneous (radial distribution function is essentially unity) when the solvent molecule is separated beyond distance of   10.0 Angstrom in any direction from any atom within the solute molecule
 
  LJ long-range correction    =        -0.0107     -0.0078     -0.5681
 
  Self-energy of the solute   =         0.0000  kcal/mol
 
 
 cumulative average & 95% error for solvation energy
              total             1st component         2nd component         3rd component
  1   -13.8132                0.3039               -0.4747              -13.6425
  2   -13.8248     0.0232     0.2786     0.0506    -0.4809     0.0125   -13.6226     0.0399
  3   -13.7999     0.0515     0.2940     0.0424    -0.4758     0.0125   -13.6182     0.0246
  4   -13.7910     0.0405     0.3112     0.0456    -0.4769     0.0092   -13.6253     0.0224
  5   -13.7980     0.0344     0.3141     0.0358    -0.4781     0.0075   -13.6339     0.0245
  6   -13.7948     0.0288     0.3215     0.0328    -0.4752     0.0085   -13.6411     0.0246
  7   -13.7965     0.0246     0.3240     0.0281    -0.4755     0.0072   -13.6450     0.0222
  8   -13.7877     0.0276     0.3264     0.0249    -0.4748     0.0064   -13.6394     0.0222
  9   -13.7852     0.0249     0.3274     0.0220    -0.4749     0.0057   -13.6377     0.0199
 10   -13.7826     0.0228     0.3293     0.0201    -0.4744     0.0052   -13.6376     0.0178
 
 
 group  inft  solvation free energy     error          difference
  total solvation free energy
   1      0          4.05750           0.01766           0.01202
   1     60          4.04563           0.01772           0.00014
   1     80          3.92786           0.01837          -0.11763
   1    100          3.41012           0.02137          -0.63536
   2      0          4.04444           0.01991          -0.00105
   3      0          4.04549           0.01986           0.00000
   4      0          4.01742           0.02057          -0.02807
   5      0          4.07326           0.01873           0.02777
   5     60          4.05660           0.01882           0.01111
   5     80          3.90226           0.01969          -0.14323
   5    100          3.41310           0.02263          -0.63239
 
  contribution from  1-th solvent component
   1      0          0.54260           0.01676           0.00327
   1     60          0.54267           0.01680           0.00335
   1     80          0.54375           0.01745           0.00443
   1    100          0.54668           0.02054           0.00736
   2      0          0.54004           0.01661           0.00072
   3      0          0.53932           0.01673           0.00000
   4      0          0.53822           0.01666          -0.00110
   5      0          0.53771           0.01637          -0.00161
   5     60          0.53780           0.01644          -0.00152
   5     80          0.53878           0.01726          -0.00054
   5    100          0.54050           0.02008           0.00118
 
  contribution from  2-th solvent component
   1      0         -0.37740           0.00943           0.00166
   1     60         -0.37688           0.00945           0.00218
   1     80         -0.37391           0.00964           0.00515
   1    100         -0.36520           0.01062           0.01386
   2      0         -0.37906           0.00959           0.00000
   3      0         -0.37906           0.00958           0.00000
   4      0         -0.37960           0.00978          -0.00054
   5      0         -0.38030           0.00900          -0.00124
   5     60         -0.37964           0.00903          -0.00059
   5     80         -0.37608           0.00929           0.00298
   5    100         -0.36838           0.01025           0.01068
 
  contribution from  3-th solvent component
   1      0          3.89226           0.01334           0.00708
   1     60          3.87979           0.01335          -0.00539
   1     80          3.75797           0.01351          -0.12721
   1    100          3.22860           0.01441          -0.65658
   2      0          3.88341           0.01228          -0.00177
   3      0          3.88518           0.01205           0.00000
   4      0          3.85876           0.01201          -0.02642
   5      0          3.91581           0.01178           0.03063
   5     60          3.89840           0.01179           0.01322
   5     80          3.73951           0.01200          -0.14567
   5    100          3.24094           0.01280          -0.64424
 
 
 group  inft   Estimated free energy: total (kcal/mol)
   1      0       4.0179       4.0206       4.0799       4.0711       4.0256
                  4.0589       4.0595       4.0835       4.0593       4.0987
   1     60       4.0059       4.0085       4.0681       4.0593       4.0137
                  4.0472       4.0477       4.0716       4.0474       4.0869
   1     80       3.8864       3.8883       3.9504       3.9427       3.8956
                  3.9307       3.9305       3.9541       3.9293       3.9706
   1    100       3.3616       3.3594       3.4335       3.4305       3.3762
                  3.4178       3.4150       3.4380       3.4103       3.4589
   2      0       3.9969       3.9954       4.0726       4.0629       4.0152
                  4.0516       4.0481       4.0740       4.0468       4.0808
   3      0       3.9989       3.9940       4.0750       4.0635       4.0180
                  4.0533       4.0495       4.0776       4.0480       4.0769
   4      0       3.9685       3.9641       4.0496       4.0355       3.9894
                  4.0267       4.0227       4.0495       4.0194       4.0487
   5      0       4.0340       4.0280       4.0994       4.0893       4.0397
                  4.0791       4.0769       4.1012       4.0742       4.1108
   5     60       4.0171       4.0111       4.0828       4.0728       4.0230
                  4.0627       4.0603       4.0846       4.0575       4.0943
   5     80       3.8605       3.8535       3.9286       3.9199       3.8682
                  3.9100       3.9067       3.9308       3.9028       3.9416
   5    100       3.3646       3.3535       3.4403       3.4357       3.3778
                  3.4257       3.4196       3.4438       3.4125       3.4575
 
 group  inft   Estimated free energy: 1-th solvent contribution (kcal/mol)
   1      0       0.5165       0.4886       0.5272       0.5808       0.5440
                  0.5669       0.5514       0.5451       0.5441       0.5614
   1     60       0.5165       0.4886       0.5273       0.5810       0.5440
                  0.5670       0.5515       0.5452       0.5441       0.5615
   1     80       0.5163       0.4877       0.5279       0.5833       0.5454
                  0.5694       0.5530       0.5464       0.5448       0.5635
   1    100       0.5131       0.4813       0.5285       0.5920       0.5500
                  0.5778       0.5582       0.5492       0.5461       0.5707
   2      0       0.5133       0.4863       0.5267       0.5782       0.5402
                  0.5633       0.5495       0.5436       0.5414       0.5579
   3      0       0.5130       0.4843       0.5263       0.5778       0.5401
                  0.5627       0.5493       0.5438       0.5406       0.5554
   4      0       0.5121       0.4834       0.5257       0.5766       0.5385
                  0.5622       0.5476       0.5427       0.5397       0.5537
   5      0       0.5122       0.4835       0.5251       0.5743       0.5382
                  0.5612       0.5466       0.5426       0.5389       0.5545
   5     60       0.5122       0.4834       0.5251       0.5745       0.5383
                  0.5614       0.5467       0.5427       0.5389       0.5547
   5     80       0.5115       0.4818       0.5255       0.5771       0.5396
                  0.5640       0.5483       0.5437       0.5395       0.5568
   5    100       0.5077       0.4750       0.5251       0.5841       0.5426
                  0.5709       0.5522       0.5455       0.5396       0.5623
 
 group  inft   Estimated free energy: 2-th solvent contribution (kcal/mol)
   1      0      -0.3744      -0.3841      -0.3486      -0.3947      -0.3905
                 -0.3631      -0.3749      -0.3783      -0.3965      -0.3689
   1     60      -0.3739      -0.3836      -0.3480      -0.3942      -0.3900
                 -0.3625      -0.3744      -0.3778      -0.3960      -0.3684
   1     80      -0.3708      -0.3812      -0.3444      -0.3913      -0.3874
                 -0.3592      -0.3713      -0.3748      -0.3933      -0.3654
   1    100      -0.3613      -0.3749      -0.3324      -0.3831      -0.3808
                 -0.3487      -0.3617      -0.3661      -0.3860      -0.3569
   2      0      -0.3776      -0.3872      -0.3498      -0.3955      -0.3918
                 -0.3634      -0.3764      -0.3793      -0.3988      -0.3707
   3      0      -0.3783      -0.3877      -0.3492      -0.3962      -0.3911
                 -0.3636      -0.3767      -0.3786      -0.3979      -0.3712
   4      0      -0.3790      -0.3883      -0.3491      -0.3974      -0.3921
                 -0.3635      -0.3772      -0.3785      -0.3984      -0.3725
   5      0      -0.3772      -0.3873      -0.3532      -0.3963      -0.3940
                 -0.3673      -0.3772      -0.3801      -0.3986      -0.3719
   5     60      -0.3765      -0.3867      -0.3524      -0.3956      -0.3934
                 -0.3665      -0.3765      -0.3794      -0.3980      -0.3712
   5     80      -0.3728      -0.3839      -0.3480      -0.3922      -0.3904
                 -0.3625      -0.3728      -0.3758      -0.3948      -0.3676
   5    100      -0.3643      -0.3786      -0.3372      -0.3851      -0.3846
                 -0.3532      -0.3643      -0.3680      -0.3886      -0.3599
 
 group  inft   Estimated free energy: 3-th solvent contribution (kcal/mol)
   1      0       3.8757       3.9160       3.9013       3.8849       3.8721
                  3.8551       3.8830       3.9166       3.9117       3.9062
   1     60       3.8632       3.9035       3.8888       3.8725       3.8596
                  3.8426       3.8706       3.9041       3.8992       3.8938
   1     80       3.7409       3.7817       3.7670       3.7507       3.7376
                  3.7204       3.7487       3.7825       3.7778       3.7725
   1    100       3.2098       3.2530       3.2374       3.2216       3.2070
                  3.1887       3.2184       3.2548       3.2502       3.2451
   2      0       3.8612       3.8963       3.8956       3.8801       3.8668
                  3.8517       3.8750       3.9097       3.9041       3.8936
   3      0       3.8642       3.8974       3.8979       3.8819       3.8689
                  3.8541       3.8769       3.9124       3.9053       3.8927
   4      0       3.8353       3.8690       3.8729       3.8563       3.8430
                  3.8281       3.8523       3.8853       3.8781       3.8674
   5      0       3.8989       3.9318       3.9274       3.9112       3.8954
                  3.8852       3.9075       3.9386       3.9338       3.9282
   5     60       3.8814       3.9144       3.9100       3.8938       3.8780
                  3.8677       3.8901       3.9213       3.9165       3.9108
   5     80       3.7218       3.7554       3.7511       3.7350       3.7189
                  3.7084       3.7311       3.7628       3.7581       3.7524
   5    100       3.2212       3.2570       3.2524       3.2367       3.2198
                  3.2079       3.2316       3.2663       3.2614       3.2551
 
 
 cumulative average & 95% error for solvation free energy
              total             1st component         2nd component         3rd component
  1     3.9989                0.5130               -0.3783                3.8642
  2     3.9965     0.0048     0.4987     0.0287    -0.3830     0.0094     3.8808     0.0332
  3     4.0226     0.0524     0.5079     0.0247    -0.3718     0.0232     3.8865     0.0223
  4     4.0329     0.0423     0.5254     0.0391    -0.3779     0.0205     3.8853     0.0160
  5     4.0299     0.0333     0.5283     0.0309    -0.3805     0.0167     3.8821     0.0140
  6     4.0338     0.0283     0.5340     0.0277    -0.3777     0.0148     3.8774     0.0147
  7     4.0360     0.0243     0.5362     0.0238    -0.3776     0.0125     3.8773     0.0125
  8     4.0412     0.0235     0.5372     0.0207    -0.3777     0.0108     3.8817     0.0139
  9     4.0420     0.0208     0.5375     0.0183    -0.3799     0.0105     3.8843     0.0133
 10     4.0455     0.0199     0.5393     0.0167    -0.3791     0.0096     3.8852     0.0120
