 ERmod 0.3.7, Copyright (C) 2000-2019 Nobuyuki Matubayasi
                            2010-2019 Shun Sakuraba
 ERmod comes with ABSOLUTELY NO WARRANTY.
 This is free software, and you can redistribute it
 and/or modify it under certain conditions.
 See LICENSE file for details.
 ERmod 0.3.7, Copyright (C) 2000-2019 Nobuyuki Matubayasi
                            2010-2019 Shun Sakuraba
 ERmod comes with ABSOLUTELY NO WARRANTY.
 This is free software, and you can redistribute it
 and/or modify it under certain conditions.
 See LICENSE file for details.
 
  Number of the   1-th solvent  =           90
  Number of the   2-th solvent  =           90
  Number of the   3-th solvent  =        10000
 
  Be sure that the solvent distribution is homogeneous (radial distribution function is essentially unity) when the solvent molecule is separated beyond distance of   10.0 Angstrom in any direction from any atom within the solute molecule
 
  LJ long-range correction    =        -0.0048     -0.0267     -0.5067
 
  Self-energy of the solute   =        -0.0001  kcal/mol
 
 
 cumulative average & 95% error for solvation energy
              total             1st component         2nd component         3rd component
  1   -25.7720               -0.0279               -1.2494              -24.4947
  2   -25.7094     0.1252    -0.5552     1.0546    -1.2668     0.0348   -23.8874     1.2146
  3   -25.7096     0.0723    -0.5711     0.6097    -1.3413     0.1503   -23.7972     0.7241
  4   -25.7240     0.0587    -0.3686     0.5915    -1.4046     0.1653   -23.9508     0.5971
  5   -25.7534     0.0743    -0.4538     0.4888    -1.3776     0.1389   -23.9219     0.4661
  6   -25.7254     0.0827    -0.3741     0.4298    -1.2660     0.2503   -24.0851     0.5014
  7   -25.7268     0.0699    -0.3143     0.3824    -1.2285     0.2245   -24.1839     0.4675
  8   -25.7249     0.0607    -0.3135     0.3312    -1.2555     0.2018   -24.1558     0.4088
  9   -25.7323     0.0555    -0.2748     0.3022    -1.2105     0.1994   -24.2469     0.4039
 10   -25.7393     0.0516    -0.2990     0.2745    -1.1939     0.1815   -24.2463     0.3613
 
 
 group  inft  solvation free energy     error          difference
  total solvation free energy
   1      0         -4.18296           0.06195           0.00833
   1     60         -4.20950           0.06195          -0.01820
   1     80         -4.41391           0.06202          -0.22261
   1    100         -5.09608           0.06248          -0.90478
   2      0         -4.18989           0.05996           0.00140
   3      0         -4.19130           0.05902           0.00000
   4      0         -4.18851           0.05802           0.00279
   5      0         -4.19114           0.05437           0.00016
   5     60         -4.22690           0.05436          -0.03560
   5     80         -4.47876           0.05444          -0.28746
   5    100         -5.10533           0.05479          -0.91403
 
  contribution from  1-th solvent component
   1      0          0.00787           0.15092           0.01052
   1     60          0.00779           0.15095           0.01044
   1     80          0.00688           0.15110           0.00953
   1    100          0.00324           0.15156           0.00589
   2      0         -0.00006           0.14859           0.00259
   3      0         -0.00265           0.14654          -0.00000
   4      0         -0.00328           0.14559          -0.00063
   5      0         -0.00466           0.14429          -0.00201
   5     60         -0.00482           0.14431          -0.00217
   5     80         -0.00619           0.14445          -0.00354
   5    100         -0.01013           0.14475          -0.00748
 
  contribution from  2-th solvent component
   1      0         -0.65994           0.09349          -0.00604
   1     60         -0.66027           0.09350          -0.00637
   1     80         -0.66277           0.09352          -0.00887
   1    100         -0.67122           0.09357          -0.01732
   2      0         -0.65673           0.09232          -0.00283
   3      0         -0.65390           0.09168           0.00000
   4      0         -0.65299           0.09131           0.00091
   5      0         -0.65160           0.09072           0.00230
   5     60         -0.65205           0.09072           0.00185
   5     80         -0.65520           0.09074          -0.00130
   5    100         -0.66300           0.09076          -0.00910
 
  contribution from  3-th solvent component
   1      0         -3.53082           0.16808           0.00385
   1     60         -3.55694           0.16812          -0.02227
   1     80         -3.75795           0.16832          -0.22328
   1    100         -4.42802           0.16875          -0.89335
   2      0         -3.53302           0.16809           0.00165
   3      0         -3.53467           0.16816           0.00000
   4      0         -3.53216           0.16685           0.00251
   5      0         -3.53480           0.16752          -0.00013
   5     60         -3.56995           0.16757          -0.03528
   5     80         -3.81729           0.16780          -0.28262
   5    100         -4.43213           0.16821          -0.89746
 
 
 group  inft   Estimated free energy: total (kcal/mol)
   1      0      -4.3206      -4.1983      -4.2247      -4.1226      -4.3382
                 -4.0323      -4.1564      -4.1233      -4.0882      -4.2249
   1     60      -4.3472      -4.2249      -4.2512      -4.1491      -4.3647
                 -4.0588      -4.1830      -4.1498      -4.1149      -4.2514
   1     80      -4.5520      -4.4291      -4.4552      -4.3532      -4.5692
                 -4.2626      -4.3877      -4.3545      -4.3197      -4.4560
   1    100      -5.2357      -5.1105      -5.1371      -5.0346      -5.2515
                 -4.9420      -5.0705      -5.0372      -5.0023      -5.1393
   2      0      -4.3301      -4.1917      -4.2275      -4.1241      -4.3374
                 -4.0538      -4.1710      -4.1247      -4.0995      -4.2390
   3      0      -4.3341      -4.1872      -4.2194      -4.1248      -4.3377
                 -4.0654      -4.1800      -4.1188      -4.1043      -4.2412
   4      0      -4.3302      -4.1828      -4.2199      -4.1237      -4.3329
                 -4.0707      -4.1703      -4.1160      -4.1009      -4.2378
   5      0      -4.3229      -4.1793      -4.2216      -4.1305      -4.3271
                 -4.0773      -4.1760      -4.1251      -4.1129      -4.2387
   5     60      -4.3587      -4.2151      -4.2572      -4.1662      -4.3628
                 -4.1130      -4.2118      -4.1609      -4.1488      -4.2745
   5     80      -4.6110      -4.4665      -4.5085      -4.4176      -4.6146
                 -4.3642      -4.4640      -4.4131      -4.4012      -4.5267
   5    100      -5.2388      -5.0917      -5.1347      -5.0434      -5.2412
                 -4.9889      -5.0914      -5.0400      -5.0284      -5.1547
 
 group  inft   Estimated free energy: 1-th solvent contribution (kcal/mol)
   1      0       0.0817      -0.4357      -0.1300       0.3309      -0.2665
                  0.1991       0.1710       0.0248       0.2006      -0.0971
   1     60       0.0816      -0.4359      -0.1301       0.3308      -0.2667
                  0.1991       0.1709       0.0247       0.2006      -0.0972
   1     80       0.0807      -0.4371      -0.1312       0.3303      -0.2678
                  0.1986       0.1701       0.0236       0.1998      -0.0981
   1    100       0.0769      -0.4419      -0.1354       0.3280      -0.2723
                  0.1963       0.1666       0.0194       0.1967      -0.1020
   2      0       0.0676      -0.4356      -0.1346       0.3271      -0.2665
                  0.1778       0.1597       0.0235       0.1910      -0.1105
   3      0       0.0636      -0.4330      -0.1329       0.3216      -0.2657
                  0.1674       0.1537       0.0284       0.1852      -0.1148
   4      0       0.0612      -0.4326      -0.1330       0.3211      -0.2625
                  0.1607       0.1527       0.0325       0.1819      -0.1147
   5      0       0.0646      -0.4304      -0.1325       0.3161      -0.2613
                  0.1575       0.1522       0.0259       0.1772      -0.1160
   5     60       0.0644      -0.4306      -0.1327       0.3161      -0.2615
                  0.1574       0.1520       0.0256       0.1770      -0.1161
   5     80       0.0631      -0.4322      -0.1342       0.3152      -0.2631
                  0.1564       0.1507       0.0240       0.1758      -0.1176
   5    100       0.0590      -0.4367      -0.1384       0.3125      -0.2675
                  0.1533       0.1467       0.0197       0.1721      -0.1219
 
 group  inft   Estimated free energy: 2-th solvent contribution (kcal/mol)
   1      0      -0.7415      -0.7252      -0.8194      -0.8091      -0.7414
                 -0.4133      -0.5480      -0.7626      -0.4559      -0.5829
   1     60      -0.7419      -0.7255      -0.8197      -0.8095      -0.7417
                 -0.4136      -0.5483      -0.7629      -0.4563      -0.5833
   1     80      -0.7444      -0.7280      -0.8223      -0.8120      -0.7442
                 -0.4160      -0.5508      -0.7654      -0.4587      -0.5858
   1    100      -0.7531      -0.7364      -0.8308      -0.8205      -0.7527
                 -0.4244      -0.5592      -0.7739      -0.4670      -0.5943
   2      0      -0.7355      -0.7179      -0.8144      -0.8050      -0.7383
                 -0.4128      -0.5483      -0.7594      -0.4548      -0.5809
   3      0      -0.7331      -0.7143      -0.8087      -0.8012      -0.7358
                 -0.4122      -0.5491      -0.7566      -0.4518      -0.5762
   4      0      -0.7291      -0.7099      -0.8076      -0.8000      -0.7377
                 -0.4128      -0.5462      -0.7561      -0.4513      -0.5792
   5      0      -0.7238      -0.7079      -0.8066      -0.8002      -0.7343
                 -0.4123      -0.5466      -0.7555      -0.4548      -0.5740
   5     60      -0.7242      -0.7083      -0.8071      -0.8006      -0.7348
                 -0.4127      -0.5470      -0.7560      -0.4552      -0.5744
   5     80      -0.7274      -0.7115      -0.8103      -0.8038      -0.7379
                 -0.4158      -0.5502      -0.7591      -0.4584      -0.5776
   5    100      -0.7354      -0.7192      -0.8181      -0.8116      -0.7457
                 -0.4236      -0.5580      -0.7669      -0.4661      -0.5854
 
 group  inft   Estimated free energy: 3-th solvent contribution (kcal/mol)
   1      0      -3.6607      -3.0373      -3.2753      -3.6443      -3.3302
                 -3.8181      -3.7794      -3.3854      -3.8328      -3.5448
   1     60      -3.6868      -3.0634      -3.3013      -3.6704      -3.3563
                 -3.8442      -3.8056      -3.4115      -3.8591      -3.5709
   1     80      -3.8881      -3.2639      -3.5016      -3.8715      -3.5570
                 -4.0451      -4.0069      -3.6126      -4.0608      -3.7720
   1    100      -4.5594      -3.9321      -4.1708      -4.5421      -4.2265
                 -4.7139      -4.6779      -4.2827      -4.7318      -4.4430
   2      0      -3.6622      -3.0381      -3.2785      -3.6462      -3.3325
                 -3.8186      -3.7823      -3.3887      -3.8356      -3.5476
   3      0      -3.6646      -3.0398      -3.2778      -3.6452      -3.3360
                 -3.8204      -3.7845      -3.3905      -3.8376      -3.5502
   4      0      -3.6623      -3.0403      -3.2791      -3.6448      -3.3326
                 -3.8185      -3.7767      -3.3923      -3.8314      -3.5437
   5      0      -3.6636      -3.0410      -3.2825      -3.6464      -3.3314
                 -3.8225      -3.7815      -3.3954      -3.8352      -3.5487
   5     60      -3.6988      -3.0761      -3.3174      -3.6815      -3.3665
                 -3.8577      -3.8167      -3.4305      -3.8705      -3.5838
   5     80      -3.9465      -3.3228      -3.5640      -3.9290      -3.6136
                 -4.1048      -4.0645      -3.6779      -4.1186      -3.8315
   5    100      -4.5624      -3.9357      -4.1781      -4.5443      -4.2279
                 -4.7185      -4.6801      -4.2926      -4.7343      -4.4474
 
 
 cumulative average & 95% error for solvation free energy
              total             1st component         2nd component         3rd component
  1    -4.3341                0.0636               -0.7331               -3.6646
  2    -4.2607     0.1469    -0.1847     0.4967    -0.7237     0.0188    -3.3522     0.6248
  3    -4.2469     0.0892    -0.1674     0.2888    -0.7520     0.0577    -3.3274     0.3641
  4    -4.2164     0.0878    -0.0452     0.3186    -0.7643     0.0476    -3.4069     0.3025
  5    -4.2407     0.0835    -0.0893     0.2621    -0.7586     0.0386    -3.3927     0.2361
  6    -4.2114     0.0898    -0.0465     0.2305    -0.7009     0.1197    -3.4640     0.2397
  7    -4.2070     0.0764    -0.0179     0.2030    -0.6792     0.1101    -3.5098     0.2224
  8    -4.1959     0.0698    -0.0121     0.1762    -0.6889     0.0973    -3.4949     0.1949
  9    -4.1857     0.0648     0.0098     0.1614    -0.6625     0.1007    -3.5329     0.1880
 10    -4.1913     0.0590    -0.0026     0.1465    -0.6539     0.0917    -3.5347     0.1682
