 ERmod 0.3.7, Copyright (C) 2000-2019 Nobuyuki Matubayasi
                            2010-2019 Shun Sakuraba
 ERmod comes with ABSOLUTELY NO WARRANTY.
 This is free software, and you can redistribute it
 and/or modify it under certain conditions.
 See LICENSE file for details.
 ERmod 0.3.7, Copyright (C) 2000-2019 Nobuyuki Matubayasi
                            2010-2019 Shun Sakuraba
 ERmod comes with ABSOLUTELY NO WARRANTY.
 This is free software, and you can redistribute it
 and/or modify it under certain conditions.
 See LICENSE file for details.
 
  Number of the   1-th solvent  =          180
  Number of the   2-th solvent  =          180
  Number of the   3-th solvent  =        10000
 
  Be sure that the solvent distribution is homogeneous (radial distribution function is essentially unity) when the solvent molecule is separated beyond distance of   10.0 Angstrom in any direction from any atom within the solute molecule
 
  LJ long-range correction    =        -0.0096     -0.0253     -0.5066
 
  Self-energy of the solute   =        -0.0001  kcal/mol
 
 
 cumulative average & 95% error for solvation energy
              total             1st component         2nd component         3rd component
  1   -25.6557               -0.8514               -2.0941              -22.7102
  2   -25.8148     0.3183    -0.3931     0.9166    -2.5674     0.9466   -22.8543     0.2883
  3   -25.8579     0.2030    -0.2682     0.5851    -2.5205     0.5545   -23.0691     0.4607
  4   -25.8547     0.1437    -0.3484     0.4438    -2.3215     0.5587   -23.1847     0.3994
  5   -25.8533     0.1113    -0.5131     0.4760    -2.2616     0.4490   -23.0785     0.3752
  6   -25.8414     0.0939    -0.6229     0.4464    -2.2041     0.3842   -23.0143     0.3322
  7   -25.8294     0.0830    -0.7074     0.4134    -2.0417     0.4593   -23.0802     0.3101
  8   -25.8408     0.0754    -0.6439     0.3799    -2.1143     0.4234   -23.0825     0.2686
  9   -25.8643     0.0814    -0.7277     0.3746    -2.0960     0.3752   -23.0404     0.2513
 10   -25.8642     0.0728    -0.7424     0.3363    -2.0646     0.3414   -23.0572     0.2273
 
 
 group  inft  solvation free energy     error          difference
  total solvation free energy
   1      0         -3.92427           0.07611          -0.00305
   1     60         -3.94747           0.07613          -0.02626
   1     80         -4.13974           0.07619          -0.21853
   1    100         -4.82544           0.07635          -0.90422
   2      0         -3.92084           0.07625           0.00038
   3      0         -3.92121           0.07641           0.00000
   4      0         -3.91734           0.07952           0.00388
   5      0         -3.91795           0.07643           0.00327
   5     60         -3.94936           0.07645          -0.02815
   5     80         -4.18864           0.07653          -0.26743
   5    100         -4.82039           0.07666          -0.89917
 
  contribution from  1-th solvent component
   1      0         -0.06854           0.17941           0.00145
   1     60         -0.06878           0.17943           0.00120
   1     80         -0.07114           0.17953          -0.00116
   1    100         -0.08058           0.17986          -0.01060
   2      0         -0.06984           0.17332           0.00014
   3      0         -0.06998           0.17211           0.00000
   4      0         -0.07028           0.17154          -0.00030
   5      0         -0.06945           0.16963           0.00053
   5     60         -0.06981           0.16964           0.00017
   5     80         -0.07295           0.16970          -0.00297
   5    100         -0.08206           0.16983          -0.01208
 
  contribution from  2-th solvent component
   1      0         -1.08835           0.15532          -0.01070
   1     60         -1.08874           0.15532          -0.01109
   1     80         -1.09215           0.15534          -0.01450
   1    100         -1.10479           0.15540          -0.02713
   2      0         -1.08031           0.15450          -0.00265
   3      0         -1.07765           0.15551           0.00000
   4      0         -1.07455           0.15578           0.00310
   5      0         -1.07502           0.15553           0.00263
   5     60         -1.07556           0.15553           0.00209
   5     80         -1.07989           0.15553          -0.00224
   5    100         -1.09167           0.15554          -0.01402
 
  contribution from  3-th solvent component
   1      0         -2.76730           0.11058           0.00620
   1     60         -2.78987           0.11062          -0.01637
   1     80         -2.97638           0.11084          -0.20287
   1    100         -3.63999           0.11158          -0.86649
   2      0         -2.77061           0.11075           0.00289
   3      0         -2.77350           0.11044           0.00000
   4      0         -2.77243           0.10997           0.00107
   5      0         -2.77340           0.11009           0.00010
   5     60         -2.80391           0.11013          -0.03041
   5     80         -3.03572           0.11038          -0.26222
   5    100         -3.64658           0.11102          -0.87308
 
 
 group  inft   Estimated free energy: total (kcal/mol)
   1      0      -3.7998      -3.9025      -3.9836      -3.9009      -3.8813
                 -3.8668      -3.8970      -3.8488      -4.2385      -3.9234
   1     60      -3.8230      -3.9257      -4.0070      -3.9240      -3.9044
                 -3.8899      -3.9202      -3.8721      -4.2617      -3.9468
   1     80      -4.0150      -4.1178      -4.2001      -4.1161      -4.0961
                 -4.0819      -4.1122      -4.0647      -4.4540      -4.1395
   1    100      -4.6998      -4.8025      -4.8889      -4.8010      -4.7804
                 -4.7668      -4.7977      -4.7513      -5.1392      -4.8267
   2      0      -3.7840      -3.9187      -3.9976      -3.8953      -3.8674
                 -3.8548      -3.8995      -3.8513      -4.2258      -3.9140
   3      0      -3.7836      -3.9308      -3.9911      -3.8925      -3.8650
                 -3.8551      -3.9027      -3.8544      -4.2281      -3.9087
   4      0      -3.7766      -3.9307      -3.9946      -3.8800      -3.8537
                 -3.8578      -3.8940      -3.8501      -4.2366      -3.8992
   5      0      -3.7762      -3.9388      -3.9952      -3.8768      -3.8574
                 -3.8590      -3.8984      -3.8497      -4.2195      -3.9085
   5     60      -3.8075      -3.9702      -4.0268      -3.9081      -3.8886
                 -3.8903      -3.9298      -3.8812      -4.2510      -3.9401
   5     80      -4.0465      -4.2095      -4.2673      -4.1469      -4.1272
                 -4.1292      -4.1689      -4.1211      -4.4901      -4.1798
   5    100      -4.6772      -4.8409      -4.9020      -4.7778      -4.7576
                 -4.7601      -4.8008      -4.7539      -5.1210      -4.8124
 
 group  inft   Estimated free energy: 1-th solvent contribution (kcal/mol)
   1      0      -0.1001       0.3638       0.2806      -0.0254      -0.2468
                 -0.2495      -0.2923       0.2273      -0.5246      -0.1185
   1     60      -0.1004       0.3636       0.2804      -0.0256      -0.2470
                 -0.2497      -0.2926       0.2271      -0.5248      -0.1187
   1     80      -0.1029       0.3616       0.2783      -0.0279      -0.2495
                 -0.2523      -0.2949       0.2249      -0.5275      -0.1212
   1    100      -0.1126       0.3530       0.2697      -0.0375      -0.2592
                 -0.2622      -0.3044       0.2158      -0.5377      -0.1308
   2      0      -0.0955       0.3449       0.2610      -0.0306      -0.2409
                 -0.2382      -0.2903       0.2217      -0.5160      -0.1146
   3      0      -0.0921       0.3360       0.2649      -0.0322      -0.2430
                 -0.2371      -0.2924       0.2190      -0.5116      -0.1114
   4      0      -0.0948       0.3348       0.2582      -0.0345      -0.2349
                 -0.2361      -0.2865       0.2211      -0.5177      -0.1123
   5      0      -0.0925       0.3304       0.2590      -0.0316      -0.2392
                 -0.2335      -0.2864       0.2166      -0.5070      -0.1104
   5     60      -0.0928       0.3301       0.2587      -0.0319      -0.2396
                 -0.2339      -0.2867       0.2162      -0.5073      -0.1108
   5     80      -0.0961       0.3271       0.2556      -0.0350      -0.2428
                 -0.2372      -0.2897       0.2132      -0.5107      -0.1139
   5    100      -0.1053       0.3183       0.2468      -0.0442      -0.2520
                 -0.2465      -0.2988       0.2043      -0.5202      -0.1230
 
 group  inft   Estimated free energy: 2-th solvent contribution (kcal/mol)
   1      0      -1.0969      -1.5293      -1.2825      -0.8840      -1.0377
                 -1.0220      -0.6298      -1.2722      -1.1558      -0.9733
   1     60      -1.0973      -1.5296      -1.2829      -0.8844      -1.0381
                 -1.0224      -0.6301      -1.2726      -1.1562      -0.9737
   1     80      -1.1008      -1.5330      -1.2864      -0.8878      -1.0416
                 -1.0258      -0.6334      -1.2761      -1.1596      -0.9772
   1    100      -1.1135      -1.5455      -1.2992      -0.9002      -1.0544
                 -1.0385      -0.6456      -1.2889      -1.1721      -0.9900
   2      0      -1.0842      -1.5230      -1.2723      -0.8696      -1.0263
                 -1.0181      -0.6317      -1.2645      -1.1481      -0.9655
   3      0      -1.0838      -1.5238      -1.2693      -0.8630      -1.0193
                 -1.0167      -0.6287      -1.2628      -1.1498      -0.9593
   4      0      -1.0752      -1.5229      -1.2626      -0.8533      -1.0180
                 -1.0188      -0.6297      -1.2623      -1.1518      -0.9508
   5      0      -1.0800      -1.5251      -1.2639      -0.8508      -1.0150
                 -1.0195      -0.6326      -1.2612      -1.1445      -0.9574
   5     60      -1.0806      -1.5256      -1.2644      -0.8514      -1.0155
                 -1.0201      -0.6332      -1.2618      -1.1451      -0.9580
   5     80      -1.0850      -1.5298      -1.2688      -0.8557      -1.0199
                 -1.0244      -0.6374      -1.2661      -1.1494      -0.9624
   5    100      -1.0968      -1.5415      -1.2806      -0.8672      -1.0318
                 -1.0362      -0.6491      -1.2780      -1.1610      -0.9743
 
 group  inft   Estimated free energy: 3-th solvent contribution (kcal/mol)
   1      0      -2.6027      -2.7370      -2.9816      -2.9914      -2.5968
                 -2.5952      -2.9748      -2.8038      -2.5580      -2.8316
   1     60      -2.6252      -2.7596      -3.0043      -3.0139      -2.6192
                 -2.6177      -2.9974      -2.8265      -2.5806      -2.8543
   1     80      -2.8113      -2.9463      -3.1919      -3.2002      -2.8050
                 -2.8037      -3.1839      -3.0135      -2.7668      -3.0411
   1    100      -3.4735      -3.6099      -3.8593      -3.8632      -3.4668
                 -3.4660      -3.8477      -3.6782      -3.4293      -3.7059
   2      0      -2.6043      -2.7406      -2.9862      -2.9950      -2.6002
                 -2.5985      -2.9775      -2.8084      -2.5617      -2.8339
   3      0      -2.6077      -2.7429      -2.9867      -2.9973      -2.6027
                 -2.6013      -2.9816      -2.8105      -2.5665      -2.8379
   4      0      -2.6065      -2.7426      -2.9902      -2.9921      -2.6007
                 -2.6027      -2.9777      -2.8088      -2.5670      -2.8360
   5      0      -2.6036      -2.7440      -2.9902      -2.9942      -2.6031
                 -2.6058      -2.9794      -2.8050      -2.5680      -2.8406
   5     60      -2.6340      -2.7746      -3.0209      -3.0247      -2.6334
                 -2.6362      -3.0099      -2.8356      -2.5985      -2.8712
   5     80      -2.8654      -3.0066      -3.2540      -3.2561      -2.8644
                 -2.8675      -3.2417      -3.0680      -2.8300      -3.1034
   5    100      -3.4750      -3.6176      -3.8681      -3.8663      -3.4738
                 -3.4773      -3.8528      -3.6801      -3.4397      -3.7150
 
 
 cumulative average & 95% error for solvation free energy
              total             1st component         2nd component         3rd component
  1    -3.7836               -0.0921               -1.0838               -2.6077
  2    -3.8572     0.1472     0.1219     0.4282    -1.3038     0.4401    -2.6753     0.1352
  3    -3.9019     0.1232     0.1696     0.2649    -1.2923     0.2551    -2.7791     0.2218
  4    -3.8995     0.0873     0.1192     0.2128    -1.1850     0.2804    -2.8336     0.1911
  5    -3.8926     0.0690     0.0467     0.2194    -1.1518     0.2271    -2.7874     0.1745
  6    -3.8864     0.0577    -0.0006     0.2026    -1.1293     0.1908    -2.7564     0.1554
  7    -3.8887     0.0490    -0.0423     0.1905    -1.0578     0.2156    -2.7886     0.1462
  8    -3.8844     0.0433    -0.0096     0.1774    -1.0834     0.1936    -2.7913     0.1268
  9    -3.9226     0.0854    -0.0654     0.1922    -1.0908     0.1714    -2.7664     0.1224
 10    -3.9212     0.0764    -0.0700     0.1721    -1.0777     0.1555    -2.7735     0.1104
