 ERmod 0.3.7, Copyright (C) 2000-2019 Nobuyuki Matubayasi
                            2010-2019 Shun Sakuraba
 ERmod comes with ABSOLUTELY NO WARRANTY.
 This is free software, and you can redistribute it
 and/or modify it under certain conditions.
 See LICENSE file for details.
 ERmod 0.3.7, Copyright (C) 2000-2019 Nobuyuki Matubayasi
                            2010-2019 Shun Sakuraba
 ERmod comes with ABSOLUTELY NO WARRANTY.
 This is free software, and you can redistribute it
 and/or modify it under certain conditions.
 See LICENSE file for details.
 
  Number of the   1-th solvent  =          180
  Number of the   2-th solvent  =          180
  Number of the   3-th solvent  =        10000
 
  Be sure that the solvent distribution is homogeneous (radial distribution function is essentially unity) when the solvent molecule is separated beyond distance of   10.0 Angstrom in any direction from any atom within the solute molecule
 
  LJ long-range correction    =        -0.0104     -0.0276     -0.5526
 
  Self-energy of the solute   =         0.0000  kcal/mol
 
 
 cumulative average & 95% error for solvation energy
              total             1st component         2nd component         3rd component
  1   -13.8939                0.2775               -0.7250              -13.4465
  2   -13.8873     0.0133     0.2829     0.0108    -0.6999     0.0502   -13.4703     0.0477
  3   -13.8537     0.0676     0.2909     0.0171    -0.6805     0.0485   -13.4642     0.0302
  4   -13.8536     0.0478     0.2929     0.0127    -0.6877     0.0372   -13.4588     0.0238
  5   -13.8582     0.0381     0.2954     0.0111    -0.6831     0.0302   -13.4706     0.0298
  6   -13.8645     0.0336     0.2918     0.0116    -0.6986     0.0397   -13.4577     0.0354
  7   -13.8533     0.0363     0.2939     0.0107    -0.7075     0.0380   -13.4396     0.0469
  8   -13.8517     0.0316     0.3012     0.0174    -0.7051     0.0333   -13.4479     0.0439
  9   -13.8630     0.0359     0.2937     0.0215    -0.7192     0.0407   -13.4375     0.0439
 10   -13.8623     0.0321     0.2950     0.0195    -0.7271     0.0398   -13.4303     0.0418
 
 
 group  inft  solvation free energy     error          difference
  total solvation free energy
   1      0          3.73126           0.02387           0.01755
   1     60          3.71822           0.02393           0.00452
   1     80          3.59284           0.02461          -0.12087
   1    100          3.06657           0.02760          -0.64714
   2      0          3.71481           0.02453           0.00110
   3      0          3.71371           0.02538           0.00000
   4      0          3.68662           0.02510          -0.02709
   5      0          3.74431           0.02451           0.03060
   5     60          3.72613           0.02460           0.01242
   5     80          3.56322           0.02547          -0.15049
   5    100          3.06745           0.02825          -0.64626
 
  contribution from  1-th solvent component
   1      0          0.50715           0.01879           0.00382
   1     60          0.50721           0.01886           0.00388
   1     80          0.50766           0.01964           0.00432
   1    100          0.50670           0.02303           0.00336
   2      0          0.50432           0.01853           0.00098
   3      0          0.50333           0.01852           0.00000
   4      0          0.50227           0.01862          -0.00106
   5      0          0.50215           0.01869          -0.00118
   5     60          0.50220           0.01878          -0.00113
   5     80          0.50236           0.01978          -0.00098
   5    100          0.50056           0.02288          -0.00278
 
  contribution from  2-th solvent component
   1      0         -0.39533           0.02341           0.00283
   1     60         -0.39542           0.02344           0.00274
   1     80         -0.39662           0.02374           0.00154
   1    100         -0.40245           0.02491          -0.00430
   2      0         -0.39754           0.02319           0.00062
   3      0         -0.39816           0.02327           0.00000
   4      0         -0.39942           0.02305          -0.00126
   5      0         -0.39928           0.02312          -0.00112
   5     60         -0.39942           0.02317          -0.00126
   5     80         -0.40117           0.02354          -0.00301
   5    100         -0.40695           0.02463          -0.00880
 
  contribution from  3-th solvent component
   1      0          3.61939           0.02573           0.01091
   1     60          3.60638           0.02575          -0.00211
   1     80          3.48175           0.02597          -0.12674
   1    100          2.96228           0.02707          -0.64621
   2      0          3.60798           0.02569          -0.00051
   3      0          3.60849           0.02580           0.00000
   4      0          3.58372           0.02523          -0.02476
   5      0          3.64140           0.02475           0.03291
   5     60          3.62330           0.02477           0.01481
   5     80          3.46198           0.02505          -0.14650
   5    100          2.97380           0.02604          -0.63469
 
 
 group  inft   Estimated free energy: total (kcal/mol)
   1      0       3.7009       3.7003       3.7828       3.7472       3.7296
                  3.7045       3.7744       3.7575       3.6650       3.7505
   1     60       3.6878       3.6872       3.7699       3.7342       3.7166
                  3.6914       3.7613       3.7447       3.6518       3.7375
   1     80       3.5614       3.5608       3.6456       3.6087       3.5915
                  3.5648       3.6361       3.6223       3.5246       3.6126
   1    100       3.0315       3.0296       3.1239       3.0814       3.0662
                  3.0329       3.1114       3.1086       2.9915       3.0888
   2      0       3.6823       3.6873       3.7679       3.7314       3.7086
                  3.6850       3.7568       3.7424       3.6471       3.7393
   3      0       3.6786       3.6866       3.7684       3.7308       3.7059
                  3.6844       3.7564       3.7423       3.6433       3.7405
   4      0       3.6506       3.6608       3.7415       3.7032       3.6794
                  3.6587       3.7267       3.7173       3.6165       3.7117
   5      0       3.7116       3.7151       3.7984       3.7609       3.7395
                  3.7177       3.7833       3.7753       3.6756       3.7657
   5     60       3.6933       3.6969       3.7804       3.7427       3.7214
                  3.6994       3.7651       3.7574       3.6572       3.7476
   5     80       3.5291       3.5328       3.6189       3.5796       3.5589
                  3.5348       3.6023       3.5983       3.4921       3.5854
   5    100       3.0301       3.0327       3.1273       3.0824       3.0643
                  3.0334       3.1078       3.1142       2.9903       3.0919
 
 group  inft   Estimated free energy: 1-th solvent contribution (kcal/mol)
   1      0       0.4885       0.4957       0.5054       0.5033       0.5077
                  0.4906       0.5139       0.5801       0.4666       0.5196
   1     60       0.4885       0.4957       0.5055       0.5033       0.5078
                  0.4906       0.5140       0.5805       0.4665       0.5197
   1     80       0.4886       0.4953       0.5059       0.5035       0.5082
                  0.4900       0.5146       0.5843       0.4658       0.5204
   1    100       0.4858       0.4908       0.5046       0.5013       0.5071
                  0.4849       0.5139       0.5978       0.4600       0.5206
   2      0       0.4861       0.4940       0.5026       0.4993       0.5050
                  0.4871       0.5110       0.5764       0.4647       0.5169
   3      0       0.4850       0.4931       0.5011       0.4989       0.5035
                  0.4866       0.5107       0.5750       0.4631       0.5163
   4      0       0.4839       0.4924       0.4999       0.4971       0.5020
                  0.4855       0.5093       0.5752       0.4630       0.5144
   5      0       0.4841       0.4916       0.4996       0.4975       0.5024
                  0.4853       0.5094       0.5751       0.4623       0.5143
   5     60       0.4841       0.4916       0.4996       0.4975       0.5025
                  0.4852       0.5094       0.5756       0.4622       0.5143
   5     80       0.4837       0.4908       0.4997       0.4972       0.5026
                  0.4841       0.5097       0.5800       0.4610       0.5148
   5    100       0.4801       0.4859       0.4974       0.4942       0.5008
                  0.4786       0.5080       0.5916       0.4549       0.5141
 
 group  inft   Estimated free energy: 2-th solvent contribution (kcal/mol)
   1      0      -0.3931      -0.3703      -0.3360      -0.3845      -0.3570
                 -0.4270      -0.4163      -0.3801      -0.4508      -0.4382
   1     60      -0.3932      -0.3703      -0.3360      -0.3846      -0.3571
                 -0.4272      -0.4164      -0.3801      -0.4510      -0.4383
   1     80      -0.3947      -0.3712      -0.3362      -0.3859      -0.3578
                 -0.4288      -0.4180      -0.3811      -0.4527      -0.4399
   1    100      -0.4015      -0.3757      -0.3380      -0.3921      -0.3616
                 -0.4364      -0.4252      -0.3861      -0.4605      -0.4473
   2      0      -0.3954      -0.3728      -0.3385      -0.3863      -0.3598
                 -0.4297      -0.4187      -0.3825      -0.4521      -0.4395
   3      0      -0.3963      -0.3732      -0.3390      -0.3867      -0.3608
                 -0.4309      -0.4192      -0.3825      -0.4533      -0.4398
   4      0      -0.3973      -0.3747      -0.3407      -0.3881      -0.3621
                 -0.4316      -0.4206      -0.3844      -0.4533      -0.4413
   5      0      -0.3973      -0.3749      -0.3400      -0.3878      -0.3620
                 -0.4313      -0.4204      -0.3845      -0.4539      -0.4408
   5     60      -0.3975      -0.3749      -0.3399      -0.3879      -0.3621
                 -0.4315      -0.4206      -0.3846      -0.4541      -0.4410
   5     80      -0.3996      -0.3763      -0.3404      -0.3898      -0.3632
                 -0.4338      -0.4228      -0.3861      -0.4565      -0.4432
   5    100      -0.4064      -0.3810      -0.3424      -0.3959      -0.3672
                 -0.4412      -0.4299      -0.3911      -0.4640      -0.4505
 
 group  inft   Estimated free energy: 3-th solvent contribution (kcal/mol)
   1      0       3.6054       3.5748       3.6133       3.6283       3.5789
                  3.6409       3.6767       3.5573       3.6492       3.6691
   1     60       3.5924       3.5618       3.6003       3.6154       3.5658
                  3.6279       3.6637       3.5443       3.6361       3.6561
   1     80       3.4674       3.4366       3.4758       3.4910       3.4410
                  3.5035       3.5395       3.4190       3.5114       3.5321
   1    100       2.9471       2.9145       2.9573       2.9721       2.9207
                  2.9843       3.0226       2.8968       2.9919       3.0155
   2      0       3.5916       3.5661       3.6038       3.6183       3.5634
                  3.6275       3.6644       3.5485       3.6344       3.6619
   3      0       3.5898       3.5666       3.6063       3.6185       3.5631
                  3.6286       3.6648       3.5498       3.6333       3.6640
   4      0       3.5640       3.5430       3.5822       3.5941       3.5395
                  3.6048       3.6380       3.5264       3.6067       3.6385
   5      0       3.6248       3.5983       3.6388       3.6512       3.5991
                  3.6637       3.6943       3.5846       3.6671       3.6922
   5     60       3.6067       3.5802       3.6207       3.6331       3.5810
                  3.6456       3.6762       3.5664       3.6490       3.6742
   5     80       3.4450       3.4183       3.4596       3.4721       3.4195
                  3.4844       3.5154       3.4043       3.4875       3.5137
   5    100       2.9563       2.9277       2.9723       2.9841       2.9307
                  2.9960       3.0297       2.9136       2.9993       3.0283
 
 
 cumulative average & 95% error for solvation free energy
              total             1st component         2nd component         3rd component
  1     3.6786                0.4850               -0.3963                3.5898
  2     3.6826     0.0080     0.4891     0.0081    -0.3847     0.0231     3.5782     0.0232
  3     3.7112     0.0574     0.4931     0.0093    -0.3695     0.0333     3.5876     0.0230
  4     3.7161     0.0418     0.4945     0.0072    -0.3738     0.0251     3.5953     0.0225
  5     3.7141     0.0326     0.4963     0.0066    -0.3712     0.0201     3.5889     0.0217
  6     3.7091     0.0284     0.4947     0.0063    -0.3811     0.0258     3.5955     0.0221
  7     3.7159     0.0275     0.4970     0.0070    -0.3866     0.0243     3.6054     0.0272
  8     3.7192     0.0247     0.5067     0.0204    -0.3861     0.0211     3.5984     0.0274
  9     3.7107     0.0276     0.5019     0.0204    -0.3935     0.0239     3.6023     0.0253
 10     3.7137     0.0254     0.5033     0.0185    -0.3982     0.0233     3.6085     0.0258
