 ERmod 0.3.7, Copyright (C) 2000-2019 Nobuyuki Matubayasi
                            2010-2019 Shun Sakuraba
 ERmod comes with ABSOLUTELY NO WARRANTY.
 This is free software, and you can redistribute it
 and/or modify it under certain conditions.
 See LICENSE file for details.
 ERmod 0.3.7, Copyright (C) 2000-2019 Nobuyuki Matubayasi
                            2010-2019 Shun Sakuraba
 ERmod comes with ABSOLUTELY NO WARRANTY.
 This is free software, and you can redistribute it
 and/or modify it under certain conditions.
 See LICENSE file for details.
 
  Number of the   1-th solvent  =           90
  Number of the   2-th solvent  =           90
  Number of the   3-th solvent  =        10000
 
  Be sure that the solvent distribution is homogeneous (radial distribution function is essentially unity) when the solvent molecule is separated beyond distance of   10.0 Angstrom in any direction from any atom within the solute molecule
 
  LJ long-range correction    =        -0.0048     -0.0128     -0.5131
 
  Self-energy of the solute   =        -0.0001  kcal/mol
 
 
 cumulative average & 95% error for solvation energy
              total             1st component         2nd component         3rd component
  1   -25.7323               -0.7820               -0.9849              -23.9653
  2   -25.7359     0.0072    -0.6531     0.2578    -0.9107     0.1484   -24.1720     0.4134
  3   -25.7035     0.0650    -0.3517     0.6208    -1.0769     0.3432   -24.2747     0.3149
  4   -25.6285     0.1568    -0.2923     0.4548    -0.8336     0.5438   -24.5025     0.5071
  5   -25.6486     0.1280    -0.3734     0.3879    -0.8411     0.4215   -24.4340     0.4160
  6   -25.6821     0.1242    -0.3375     0.3247    -0.9832     0.4464   -24.3613     0.3695
  7   -25.7013     0.1117    -0.3959     0.2983    -0.9916     0.3776   -24.3137     0.3265
  8   -25.7250     0.1077    -0.3432     0.2790    -1.0710     0.3635   -24.3107     0.2828
  9   -25.7082     0.1007    -0.3141     0.2529    -1.0865     0.3221   -24.3076     0.2495
 10   -25.7122     0.0904    -0.2853     0.2334    -1.0796     0.2884   -24.3472     0.2368
 
 
 group  inft  solvation free energy     error          difference
  total solvation free energy
   1      0         -3.99281           0.07356           0.00954
   1     60         -4.01436           0.07360          -0.01201
   1     80         -4.19730           0.07386          -0.19496
   1    100         -4.85769           0.07464          -0.85534
   2      0         -3.99985           0.07097           0.00249
   3      0         -4.00235           0.06900           0.00000
   4      0         -3.99819           0.06983           0.00416
   5      0         -4.00109           0.06953           0.00125
   5     60         -4.03040           0.06957          -0.02805
   5     80         -4.25886           0.06985          -0.25652
   5    100         -4.86744           0.07040          -0.86509
 
  contribution from  1-th solvent component
   1      0          0.00316           0.12463           0.00958
   1     60          0.00308           0.12464           0.00951
   1     80          0.00217           0.12472           0.00859
   1    100         -0.00173           0.12500           0.00470
   2      0         -0.00373           0.12250           0.00270
   3      0         -0.00643           0.12119          -0.00000
   4      0         -0.00637           0.12064           0.00005
   5      0         -0.00775           0.11974          -0.00132
   5     60         -0.00788           0.11974          -0.00146
   5     80         -0.00923           0.11979          -0.00280
   5    100         -0.01328           0.11993          -0.00686
 
  contribution from  2-th solvent component
   1      0         -0.58532           0.14164          -0.00457
   1     60         -0.58547           0.14166          -0.00473
   1     80         -0.58691           0.14180          -0.00617
   1    100         -0.59253           0.14221          -0.01179
   2      0         -0.58281           0.13941          -0.00207
   3      0         -0.58075           0.13848           0.00000
   4      0         -0.57989           0.13751           0.00086
   5      0         -0.57878           0.13830           0.00196
   5     60         -0.57901           0.13833           0.00174
   5     80         -0.58092           0.13848          -0.00018
   5    100         -0.58631           0.13879          -0.00557
 
  contribution from  3-th solvent component
   1      0         -3.41056           0.11719           0.00452
   1     60         -3.43188           0.11720          -0.01679
   1     80         -3.61247           0.11724          -0.19738
   1    100         -4.26334           0.11753          -0.84825
   2      0         -3.41322           0.11725           0.00186
   3      0         -3.41508           0.11725           0.00000
   4      0         -3.41183           0.11631           0.00325
   5      0         -3.41447           0.11790           0.00061
   5     60         -3.44342           0.11790          -0.02833
   5     80         -3.66862           0.11796          -0.25354
   5    100         -4.26775           0.11823          -0.85267
 
 
 group  inft   Estimated free energy: total (kcal/mol)
   1      0      -4.0418      -3.9922      -3.8887      -3.8050      -4.0236
                 -4.0567      -4.0559      -4.2170      -3.8766      -3.9707
   1     60      -4.0633      -4.0138      -3.9102      -3.8263      -4.0452
                 -4.0782      -4.0775      -4.2386      -3.8981      -3.9923
   1     80      -4.2464      -4.1967      -4.0933      -4.0079      -4.2282
                 -4.2610      -4.2610      -4.4221      -4.0807      -4.1758
   1    100      -4.9074      -4.8568      -4.7541      -4.6644      -4.8881
                 -4.9206      -4.9230      -5.0843      -4.7396      -4.8387
   2      0      -4.0574      -4.0078      -3.8957      -3.8217      -4.0190
                 -4.0590      -4.0545      -4.2197      -3.8936      -3.9701
   3      0      -4.0582      -4.0080      -3.8958      -3.8299      -4.0173
                 -4.0556      -4.0530      -4.2217      -3.9115      -3.9725
   4      0      -4.0612      -4.0070      -3.8929      -3.8265      -4.0123
                 -4.0566      -4.0511      -4.2142      -3.8930      -3.9671
   5      0      -4.0550      -4.0079      -3.8956      -3.8322      -4.0086
                 -4.0595      -4.0539      -4.2229      -3.9013      -3.9741
   5     60      -4.0843      -4.0372      -3.9249      -3.8612      -4.0380
                 -4.0887      -4.0833      -4.2523      -3.9305      -4.0035
   5     80      -4.3128      -4.2658      -4.1537      -4.0879      -4.2665
                 -4.3169      -4.3124      -4.4814      -4.1587      -4.2327
   5    100      -4.9218      -4.8743      -4.7630      -4.6932      -4.8743
                 -4.9245      -4.9224      -5.0913      -4.7662      -4.8434
 
 group  inft   Estimated free energy: 1-th solvent contribution (kcal/mol)
   1      0      -0.2852      -0.1162       0.3017       0.1231      -0.2118
                  0.0582      -0.2176       0.0813       0.1174       0.1807
   1     60      -0.2853      -0.1162       0.3016       0.1230      -0.2119
                  0.0581      -0.2177       0.0812       0.1174       0.1806
   1     80      -0.2864      -0.1171       0.3007       0.1226      -0.2130
                  0.0571      -0.2188       0.0801       0.1165       0.1799
   1    100      -0.2910      -0.1210       0.2969       0.1204      -0.2174
                  0.0530      -0.2233       0.0758       0.1127       0.1766
   2      0      -0.2896      -0.1236       0.2893       0.1121      -0.2135
                  0.0516      -0.2163       0.0731       0.1022       0.1775
   3      0      -0.2887      -0.1261       0.2835       0.1098      -0.2147
                  0.0512      -0.2164       0.0709       0.0933       0.1730
   4      0      -0.2924      -0.1244       0.2819       0.1068      -0.2102
                  0.0478      -0.2128       0.0702       0.0950       0.1741
   5      0      -0.2898      -0.1276       0.2767       0.1071      -0.2124
                  0.0465      -0.2124       0.0742       0.0901       0.1700
   5     60      -0.2899      -0.1277       0.2766       0.1070      -0.2125
                  0.0464      -0.2125       0.0740       0.0900       0.1699
   5     80      -0.2913      -0.1290       0.2751       0.1063      -0.2141
                  0.0449      -0.2141       0.0725       0.0886       0.1687
   5    100      -0.2957      -0.1331       0.2708       0.1036      -0.2185
                  0.0407      -0.2184       0.0681       0.0844       0.1652
 
 group  inft   Estimated free energy: 2-th solvent contribution (kcal/mol)
   1      0      -0.5366      -0.4577      -0.6979      -0.1100      -0.5162
                 -0.8619      -0.5803      -0.9172      -0.6243      -0.5511
   1     60      -0.5367      -0.4578      -0.6980      -0.1101      -0.5164
                 -0.8621      -0.5805      -0.9174      -0.6245      -0.5512
   1     80      -0.5382      -0.4591      -0.6996      -0.1108      -0.5179
                 -0.8637      -0.5821      -0.9190      -0.6259      -0.5529
   1    100      -0.5438      -0.4644      -0.7055      -0.1144      -0.5238
                 -0.8697      -0.5880      -0.9251      -0.6317      -0.5589
   2      0      -0.5445      -0.4626      -0.6879      -0.1140      -0.5076
                 -0.8554      -0.5778      -0.9103      -0.6247      -0.5434
   3      0      -0.5419      -0.4614      -0.6844      -0.1166      -0.5043
                 -0.8500      -0.5746      -0.9081      -0.6276      -0.5385
   4      0      -0.5447      -0.4643      -0.6813      -0.1189      -0.5034
                 -0.8510      -0.5756      -0.9043      -0.6192      -0.5361
   5      0      -0.5432      -0.4631      -0.6791      -0.1153      -0.4982
                 -0.8485      -0.5788      -0.9072      -0.6202      -0.5343
   5     60      -0.5434      -0.4633      -0.6794      -0.1154      -0.4984
                 -0.8487      -0.5791      -0.9075      -0.6204      -0.5345
   5     80      -0.5454      -0.4651      -0.6814      -0.1165      -0.5004
                 -0.8507      -0.5811      -0.9096      -0.6224      -0.5366
   5    100      -0.5509      -0.4704      -0.6869      -0.1201      -0.5061
                 -0.8564      -0.5868      -0.9153      -0.6279      -0.5423
 
 group  inft   Estimated free energy: 3-th solvent contribution (kcal/mol)
   1      0      -3.2199      -3.4183      -3.4924      -3.8180      -3.2955
                 -3.2529      -3.2579      -3.3810      -3.3696      -3.6002
   1     60      -3.2412      -3.4396      -3.5137      -3.8392      -3.3169
                 -3.2741      -3.2792      -3.4023      -3.3909      -3.6216
   1     80      -3.4217      -3.6203      -3.6943      -4.0196      -3.4973
                 -3.4543      -3.4600      -3.5831      -3.5712      -3.8028
   1    100      -4.0725      -4.2713      -4.3455      -4.6703      -4.1467
                 -4.1038      -4.1116      -4.2349      -4.2206      -4.4563
   2      0      -3.2232      -3.4215      -3.4970      -3.8198      -3.2978
                 -3.2551      -3.2603      -3.3824      -3.3710      -3.6041
   3      0      -3.2275      -3.4204      -3.4947      -3.8230      -3.2982
                 -3.2567      -3.2619      -3.3843      -3.3770      -3.6069
   4      0      -3.2241      -3.4182      -3.4935      -3.8143      -3.2986
                 -3.2533      -3.2626      -3.3801      -3.3687      -3.6050
   5      0      -3.2220      -3.4172      -3.4931      -3.8239      -3.2980
                 -3.2575      -3.2626      -3.3897      -3.3711      -3.6097
   5     60      -3.2509      -3.4462      -3.5220      -3.8527      -3.3269
                 -3.2863      -3.2916      -3.4187      -3.4000      -3.6388
   5     80      -3.4760      -3.6716      -3.7473      -4.0777      -3.5519
                 -3.5110      -3.5171      -3.6442      -3.6248      -3.8648
   5    100      -4.0750      -4.2708      -4.3468      -4.6766      -4.1497
                 -4.1087      -4.1170      -4.2440      -4.2226      -4.4662
 
 
 cumulative average & 95% error for solvation free energy
              total             1st component         2nd component         3rd component
  1    -4.0582               -0.2887               -0.5419               -3.2275
  2    -4.0331     0.0502    -0.2074     0.1626    -0.5016     0.0805    -3.3240     0.1929
  3    -3.9873     0.0960    -0.0438     0.3405    -0.5626     0.1304    -3.3809     0.1593
  4    -3.9480     0.1040    -0.0054     0.2527    -0.4511     0.2413    -3.4914     0.2481
  5    -3.9618     0.0852    -0.0473     0.2129    -0.4617     0.1881    -3.4528     0.2071
  6    -3.9775     0.0762    -0.0308     0.1769    -0.5264     0.2009    -3.4201     0.1813
  7    -3.9883     0.0680    -0.0573     0.1586    -0.5333     0.1703    -3.3975     0.1597
  8    -4.0174     0.0829    -0.0413     0.1411    -0.5802     0.1747    -3.3959     0.1384
  9    -4.0057     0.0768    -0.0264     0.1280    -0.5854     0.1545    -3.3938     0.1221
 10    -4.0023     0.0690    -0.0064     0.1212    -0.5807     0.1385    -3.4151     0.1172
