 ERmod 0.3.7, Copyright (C) 2000-2019 Nobuyuki Matubayasi
                            2010-2019 Shun Sakuraba
 ERmod comes with ABSOLUTELY NO WARRANTY.
 This is free software, and you can redistribute it
 and/or modify it under certain conditions.
 See LICENSE file for details.
 ERmod 0.3.7, Copyright (C) 2000-2019 Nobuyuki Matubayasi
                            2010-2019 Shun Sakuraba
 ERmod comes with ABSOLUTELY NO WARRANTY.
 This is free software, and you can redistribute it
 and/or modify it under certain conditions.
 See LICENSE file for details.
 
  Number of the   1-th solvent  =          180
  Number of the   2-th solvent  =          180
  Number of the   3-th solvent  =        10000
 
  Be sure that the solvent distribution is homogeneous (radial distribution function is essentially unity) when the solvent molecule is separated beyond distance of   10.0 Angstrom in any direction from any atom within the solute molecule
 
  LJ long-range correction    =        -0.0037     -0.0027     -0.1966
 
  Self-energy of the solute   =        -0.0001  kcal/mol
 
 
 cumulative average & 95% error for solvation energy
              total             1st component         2nd component         3rd component
  1   -18.6077               -1.1136               -2.5789              -14.9150
  2   -18.8620     0.5086    -1.1322     0.0372    -3.2234     1.2890   -14.5062     0.8175
  3   -18.6473     0.5202    -0.9392     0.3866    -2.3641     1.8728   -15.3439     1.7405
  4   -18.5786     0.3927    -0.9416     0.2734    -2.2094     1.3600   -15.4276     1.2421
  5   -18.6202     0.3153    -1.0101     0.2523    -2.3799     1.1073   -15.2301     1.0400
  6   -18.5405     0.3028    -1.0017     0.2067    -2.0490     1.1205   -15.4898     0.9954
  7   -18.4936     0.2726    -1.0347     0.1867    -1.8791     1.0061   -15.5797     0.8603
  8   -18.4941     0.2361    -0.9551     0.2270    -1.8418     0.8745   -15.6970     0.7811
  9   -18.5358     0.2243    -0.9320     0.2054    -2.0089     0.8405   -15.5947     0.7186
 10   -18.4828     0.2269    -0.9176     0.1860    -1.8804     0.7945   -15.6847     0.6674
 
 
 group  inft  solvation free energy     error          difference
  total solvation free energy
   1      0         -4.45238           0.07021           0.00200
   1     60         -4.48158           0.07020          -0.02719
   1     80         -4.63843           0.07008          -0.18404
   1    100         -5.04311           0.06951          -0.58872
   2      0         -4.45241           0.06746           0.00198
   3      0         -4.45439           0.06703           0.00000
   4      0         -4.45001           0.06639           0.00437
   5      0         -4.45502           0.06437          -0.00063
   5     60         -4.49306           0.06434          -0.03867
   5     80         -4.67934           0.06413          -0.22495
   5    100         -5.04720           0.06354          -0.59281
 
  contribution from  1-th solvent component
   1      0         -0.31471           0.10192          -0.00453
   1     60         -0.31501           0.10192          -0.00483
   1     80         -0.31676           0.10192          -0.00658
   1    100         -0.32179           0.10193          -0.01161
   2      0         -0.31294           0.10079          -0.00276
   3      0         -0.31018           0.10083           0.00000
   4      0         -0.31032           0.10133          -0.00014
   5      0         -0.30776           0.10114           0.00242
   5     60         -0.30818           0.10113           0.00200
   5     80         -0.31041           0.10110          -0.00023
   5    100         -0.31522           0.10107          -0.00504
 
  contribution from  2-th solvent component
   1      0         -0.95433           0.35773           0.00466
   1     60         -0.95407           0.35776           0.00492
   1     80         -0.95337           0.35794           0.00562
   1    100         -0.95290           0.35838           0.00609
   2      0         -0.95657           0.35740           0.00243
   3      0         -0.95899           0.35802           0.00000
   4      0         -0.95877           0.35752           0.00022
   5      0         -0.96098           0.35855          -0.00199
   5     60         -0.96073           0.35858          -0.00174
   5     80         -0.96029           0.35881          -0.00130
   5    100         -0.96060           0.35926          -0.00160
 
  contribution from  3-th solvent component
   1      0         -3.18324           0.35461           0.00187
   1     60         -3.21239           0.35469          -0.02729
   1     80         -3.36819           0.35523          -0.18308
   1    100         -3.76830           0.35712          -0.58320
   2      0         -3.18280           0.35528           0.00231
   3      0         -3.18511           0.35558           0.00000
   4      0         -3.18081           0.35466           0.00429
   5      0         -3.18617           0.35563          -0.00107
   5     60         -3.22404           0.35573          -0.03893
   5     80         -3.40852           0.35643          -0.22342
   5    100         -3.77127           0.35816          -0.58616
 
 
 group  inft   Estimated free energy: total (kcal/mol)
   1      0      -4.3969      -4.5767      -4.3229      -4.6038      -4.5602
                 -4.2921      -4.4788      -4.4965      -4.4564      -4.3395
   1     60      -4.4259      -4.6059      -4.3523      -4.6329      -4.5894
                 -4.3215      -4.5079      -4.5259      -4.4856      -4.3686
   1     80      -4.5813      -4.7626      -4.5099      -4.7897      -4.7459
                 -4.4795      -4.6646      -4.6837      -4.6421      -4.5249
   1    100      -4.9817      -5.1657      -4.9174      -5.1948      -5.1487
                 -4.8878      -5.0698      -5.0907      -5.0449      -4.9296
   2      0      -4.4005      -4.5657      -4.3238      -4.5990      -4.5518
                 -4.2960      -4.4796      -4.5023      -4.4590      -4.3464
   3      0      -4.4132      -4.5668      -4.3241      -4.6008      -4.5414
                 -4.2979      -4.4889      -4.5080      -4.4587      -4.3440
   4      0      -4.4104      -4.5560      -4.3212      -4.5935      -4.5478
                 -4.2913      -4.4808      -4.4978      -4.4569      -4.3444
   5      0      -4.4255      -4.5643      -4.3257      -4.5919      -4.5466
                 -4.3049      -4.4835      -4.5002      -4.4582      -4.3493
   5     60      -4.4633      -4.6023      -4.3640      -4.6299      -4.5846
                 -4.3432      -4.5215      -4.5385      -4.4962      -4.3871
   5     80      -4.6480      -4.7882      -4.5512      -4.8160      -4.7703
                 -4.5310      -4.7077      -4.7261      -4.6821      -4.5729
   5    100      -5.0121      -5.1546      -4.9215      -5.1843      -5.1362
                 -4.9023      -5.0760      -5.0962      -5.0482      -4.9406
 
 group  inft   Estimated free energy: 1-th solvent contribution (kcal/mol)
   1      0      -0.3906      -0.4127      -0.1079      -0.4325      -0.5130
                 -0.3265      -0.4957      -0.0594      -0.2036      -0.2052
   1     60      -0.3909      -0.4130      -0.1082      -0.4328      -0.5133
                 -0.3267      -0.4959      -0.0597      -0.2040      -0.2055
   1     80      -0.3927      -0.4149      -0.1101      -0.4346      -0.5151
                 -0.3283      -0.4975      -0.0613      -0.2059      -0.2072
   1    100      -0.3979      -0.4203      -0.1154      -0.4397      -0.5202
                 -0.3330      -0.5022      -0.0659      -0.2114      -0.2120
   2      0      -0.3885      -0.4066      -0.1035      -0.4243      -0.5087
                 -0.3308      -0.4948      -0.0626      -0.2020      -0.2075
   3      0      -0.3867      -0.4049      -0.1040      -0.4176      -0.5026
                 -0.3309      -0.4964      -0.0583      -0.1958      -0.2046
   4      0      -0.3858      -0.3995      -0.1029      -0.4234      -0.5077
                 -0.3298      -0.4952      -0.0571      -0.1987      -0.2032
   5      0      -0.3881      -0.3989      -0.1022      -0.4157      -0.5012
                 -0.3298      -0.4928      -0.0521      -0.1925      -0.2043
   5     60      -0.3886      -0.3993      -0.1027      -0.4161      -0.5016
                 -0.3302      -0.4932      -0.0525      -0.1929      -0.2048
   5     80      -0.3909      -0.4017      -0.1051      -0.4183      -0.5038
                 -0.3323      -0.4952      -0.0546      -0.1954      -0.2070
   5    100      -0.3958      -0.4067      -0.1102      -0.4231      -0.5086
                 -0.3369      -0.4996      -0.0592      -0.2004      -0.2117
 
 group  inft   Estimated free energy: 2-th solvent contribution (kcal/mol)
   1      0      -1.2614      -1.7954      -0.3361      -0.9636      -1.5149
                 -0.1887      -0.5448      -0.8409      -1.5950      -0.5026
   1     60      -1.2610      -1.7952      -0.3358      -0.9634      -1.5147
                 -0.1884      -0.5446      -0.8405      -1.5948      -0.5022
   1     80      -1.2599      -1.7949      -0.3347      -0.9631      -1.5145
                 -0.1876      -0.5439      -0.8396      -1.5946      -0.5010
   1    100      -1.2584      -1.7955      -0.3332      -0.9636      -1.5151
                 -0.1867      -0.5434      -0.8385      -1.5953      -0.4993
   2      0      -1.2697      -1.7936      -0.3390      -0.9688      -1.5115
                 -0.1874      -0.5457      -0.8440      -1.5981      -0.5080
   3      0      -1.2820      -1.7958      -0.3375      -0.9727      -1.5063
                 -0.1880      -0.5475      -0.8500      -1.6024      -0.5076
   4      0      -1.2824      -1.7919      -0.3411      -0.9689      -1.5063
                 -0.1861      -0.5450      -0.8491      -1.6040      -0.5127
   5      0      -1.2931      -1.7963      -0.3362      -0.9655      -1.5091
                 -0.1931      -0.5446      -0.8522      -1.6073      -0.5124
   5     60      -1.2928      -1.7961      -0.3359      -0.9653      -1.5089
                 -0.1929      -0.5444      -0.8519      -1.6071      -0.5120
   5     80      -1.2919      -1.7962      -0.3349      -0.9653      -1.5090
                 -0.1923      -0.5440      -0.8512      -1.6073      -0.5108
   5    100      -1.2914      -1.7976      -0.3340      -0.9666      -1.5104
                 -0.1922      -0.5443      -0.8509      -1.6088      -0.5098
 
 group  inft   Estimated free energy: 3-th solvent contribution (kcal/mol)
   1      0      -2.7448      -2.3685      -3.8788      -3.2076      -2.5322
                 -3.7768      -3.4382      -3.5961      -2.6577      -3.6316
   1     60      -2.7738      -2.3976      -3.9081      -3.2366      -2.5612
                 -3.8062      -3.4673      -3.6256      -2.6867      -3.6607
   1     80      -2.9286      -2.5526      -4.0650      -3.3919      -2.7163
                 -3.9635      -3.6231      -3.7827      -2.8415      -3.8166
   1    100      -3.3254      -2.9498      -4.4687      -3.7914      -3.1133
                 -4.3680      -4.0240      -4.1862      -3.2381      -4.2181
   2      0      -2.7423      -2.3654      -3.8812      -3.2057      -2.5315
                 -3.7778      -3.4390      -3.5955      -2.6587      -3.6308
   3      0      -2.7444      -2.3660      -3.8825      -3.2105      -2.5323
                 -3.7789      -3.4448      -3.5996      -2.6604      -3.6316
   4      0      -2.7421      -2.3645      -3.8771      -3.2011      -2.5337
                 -3.7753      -3.4405      -3.5915      -2.6541      -3.6283
   5      0      -2.7441      -2.3690      -3.8872      -3.2107      -2.5362
                 -3.7819      -3.4460      -3.5958      -2.6583      -3.6325
   5     60      -2.7818      -2.4068      -3.9253      -3.2484      -2.5739
                 -3.8200      -3.4838      -3.6340      -2.6960      -3.6703
   5     80      -2.9651      -2.5902      -4.1112      -3.4323      -2.7573
                 -4.0063      -3.6684      -3.8202      -2.8793      -3.8550
   5    100      -3.3248      -2.9502      -4.4772      -3.7945      -3.1172
                 -4.3731      -4.0319      -4.1859      -3.2388      -4.2191
 
 
 cumulative average & 95% error for solvation free energy
              total             1st component         2nd component         3rd component
  1    -4.4132               -0.3867               -1.2820               -2.7444
  2    -4.4900     0.1536    -0.3958     0.0181    -1.5389     0.5138    -2.5552     0.3784
  3    -4.4347     0.1418    -0.2985     0.1948    -1.1385     0.8541    -2.9976     0.9114
  4    -4.4763     0.1302    -0.3283     0.1501    -1.0970     0.6096    -3.0508     0.6532
  5    -4.4893     0.1042    -0.3632     0.1356    -1.1789     0.4998    -2.9471     0.5468
  6    -4.4574     0.1063    -0.3578     0.1112    -1.0137     0.5250    -3.0858     0.5256
  7    -4.4619     0.0903    -0.3776     0.1020    -0.9471     0.4633    -3.1371     0.4559
  8    -4.4676     0.0790    -0.3377     0.1191    -0.9350     0.4019    -3.1949     0.4114
  9    -4.4667     0.0697    -0.3219     0.1096    -1.0091     0.3843    -3.1355     0.3818
 10    -4.4544     0.0670    -0.3102     0.1008    -0.9590     0.3580    -3.1851     0.3556
