 ERmod 0.3.7, Copyright (C) 2000-2019 Nobuyuki Matubayasi
                            2010-2019 Shun Sakuraba
 ERmod comes with ABSOLUTELY NO WARRANTY.
 This is free software, and you can redistribute it
 and/or modify it under certain conditions.
 See LICENSE file for details.
 ERmod 0.3.7, Copyright (C) 2000-2019 Nobuyuki Matubayasi
                            2010-2019 Shun Sakuraba
 ERmod comes with ABSOLUTELY NO WARRANTY.
 This is free software, and you can redistribute it
 and/or modify it under certain conditions.
 See LICENSE file for details.
 
  Number of the   1-th solvent  =           90
  Number of the   2-th solvent  =           90
  Number of the   3-th solvent  =        10000
 
  Be sure that the solvent distribution is homogeneous (radial distribution function is essentially unity) when the solvent molecule is separated beyond distance of   10.0 Angstrom in any direction from any atom within the solute molecule
 
  LJ long-range correction    =        -0.0015     -0.0014     -0.1967
 
  Self-energy of the solute   =        -0.0001  kcal/mol
 
 
 cumulative average & 95% error for solvation energy
              total             1st component         2nd component         3rd component
  1   -18.1715               -0.1810               -0.1032              -17.8872
  2   -18.0857     0.1716    -0.4050     0.4480    -0.0679     0.0706   -17.6127     0.5491
  3   -18.2361     0.3168    -0.6434     0.5425    -0.9230     1.7108   -16.6696     1.9126
  4   -18.2085     0.2308    -0.6468     0.3836    -0.8372     1.2218   -16.7244     1.3569
  5   -18.2093     0.1788    -0.5955     0.3144    -0.6721     1.0024   -16.9417     1.1374
  6   -18.1921     0.1500    -0.6578     0.2854    -0.6560     0.8191   -16.8781     0.9373
  7   -18.2082     0.1307    -0.6501     0.2417    -0.7501     0.7173   -16.8078     0.8045
  8   -18.1942     0.1166    -0.6459     0.2095    -0.6817     0.6361   -16.8665     0.7066
  9   -18.1818     0.1058    -0.6067     0.2007    -0.6193     0.5747   -16.9557     0.6482
 10   -18.1733     0.0961    -0.6867     0.2405    -0.5836     0.5189   -16.9029     0.5893
 
 
 group  inft  solvation free energy     error          difference
  total solvation free energy
   1      0         -4.46391           0.05157          -0.00073
   1     60         -4.49096           0.05156          -0.02778
   1     80         -4.63853           0.05159          -0.17534
   1    100         -5.03064           0.05171          -0.56746
   2      0         -4.46333           0.04928          -0.00015
   3      0         -4.46318           0.04872           0.00000
   4      0         -4.45590           0.04675           0.00728
   5      0         -4.46240           0.04712           0.00078
   5     60         -4.49763           0.04713          -0.03444
   5     80         -4.67325           0.04722          -0.21007
   5    100         -5.03034           0.04742          -0.56716
 
  contribution from  1-th solvent component
   1      0         -0.26309           0.11997           0.00160
   1     60         -0.26318           0.11999           0.00152
   1     80         -0.26371           0.12009           0.00098
   1    100         -0.26543           0.12035          -0.00073
   2      0         -0.26461           0.11719           0.00008
   3      0         -0.26469           0.11415           0.00000
   4      0         -0.26400           0.11350           0.00069
   5      0         -0.26382           0.11277           0.00087
   5     60         -0.26396           0.11278           0.00073
   5     80         -0.26479           0.11285          -0.00009
   5    100         -0.26668           0.11300          -0.00199
 
  contribution from  2-th solvent component
   1      0         -0.30639           0.24552          -0.00274
   1     60         -0.30618           0.24554          -0.00252
   1     80         -0.30533           0.24568          -0.00168
   1    100         -0.30404           0.24600          -0.00039
   2      0         -0.30544           0.24584          -0.00178
   3      0         -0.30365           0.24557           0.00000
   4      0         -0.30461           0.24589          -0.00096
   5      0         -0.30495           0.24583          -0.00130
   5     60         -0.30471           0.24587          -0.00106
   5     80         -0.30396           0.24605          -0.00031
   5    100         -0.30319           0.24639           0.00047
 
  contribution from  3-th solvent component
   1      0         -3.89432           0.30497           0.00041
   1     60         -3.92150           0.30507          -0.02678
   1     80         -4.06937           0.30561          -0.17465
   1    100         -4.46106           0.30713          -0.56633
   2      0         -3.89317           0.30468           0.00156
   3      0         -3.89473           0.30507           0.00000
   4      0         -3.88718           0.30383           0.00755
   5      0         -3.89352           0.30509           0.00121
   5     60         -3.92884           0.30522          -0.03411
   5     80         -4.10439           0.30588          -0.20967
   5    100         -4.46036           0.30728          -0.56563
 
 
 group  inft   Estimated free energy: total (kcal/mol)
   1      0      -4.4064      -4.3099      -4.4889      -4.5310      -4.4889
                 -4.4532      -4.5056      -4.6065      -4.3949      -4.4538
   1     60      -4.4336      -4.3369      -4.5157      -4.5581      -4.5160
                 -4.4803      -4.5326      -4.6336      -4.4221      -4.4807
   1     80      -4.5819      -4.4841      -4.6620      -4.7057      -4.6642
                 -4.6280      -4.6802      -4.7814      -4.5699      -4.6279
   1    100      -4.9757      -4.8752      -5.0498      -5.0981      -5.0584
                 -5.0201      -5.0720      -5.1746      -4.9625      -5.0198
   2      0      -4.4088      -4.3114      -4.4810      -4.5215      -4.4907
                 -4.4583      -4.5042      -4.6017      -4.4079      -4.4478
   3      0      -4.4199      -4.3096      -4.4706      -4.5186      -4.4916
                 -4.4616      -4.5068      -4.6016      -4.4177      -4.4338
   4      0      -4.4145      -4.3053      -4.4689      -4.5048      -4.4812
                 -4.4589      -4.4999      -4.5856      -4.4093      -4.4307
   5      0      -4.4279      -4.3062      -4.4679      -4.5144      -4.4868
                 -4.4630      -4.5114      -4.5901      -4.4245      -4.4319
   5     60      -4.4634      -4.3413      -4.5028      -4.5496      -4.5222
                 -4.4984      -4.5466      -4.6253      -4.4599      -4.4670
   5     80      -4.6399      -4.5164      -4.6766      -4.7251      -4.6987
                 -4.6742      -4.7222      -4.8012      -4.6359      -4.6422
   5    100      -4.9988      -4.8726      -5.0296      -5.0824      -5.0578
                 -5.0315      -5.0789      -5.1591      -4.9936      -4.9990
 
 group  inft   Estimated free energy: 1-th solvent contribution (kcal/mol)
   1      0       0.0337      -0.2512      -0.4713      -0.2606      -0.1197
                 -0.4257      -0.2582      -0.2847      -0.0297      -0.5636
   1     60       0.0336      -0.2513      -0.4714      -0.2607      -0.1197
                 -0.4258      -0.2583      -0.2848      -0.0297      -0.5637
   1     80       0.0334      -0.2518      -0.4722      -0.2614      -0.1202
                 -0.4263      -0.2590      -0.2853      -0.0299      -0.5644
   1    100       0.0324      -0.2534      -0.4744      -0.2635      -0.1216
                 -0.4283      -0.2611      -0.2870      -0.0309      -0.5665
   2      0       0.0250      -0.2586      -0.4649      -0.2560      -0.1265
                 -0.4236      -0.2564      -0.2915      -0.0345      -0.5592
   3      0       0.0173      -0.2566      -0.4599      -0.2535      -0.1327
                 -0.4235      -0.2544      -0.2911      -0.0413      -0.5511
   4      0       0.0104      -0.2583      -0.4578      -0.2520      -0.1288
                 -0.4195      -0.2565      -0.2883      -0.0378      -0.5514
   5      0       0.0070      -0.2569      -0.4576      -0.2512      -0.1264
                 -0.4189      -0.2533      -0.2862      -0.0431      -0.5516
   5     60       0.0069      -0.2570      -0.4578      -0.2513      -0.1266
                 -0.4190      -0.2535      -0.2863      -0.0432      -0.5517
   5     80       0.0062      -0.2577      -0.4588      -0.2523      -0.1274
                 -0.4199      -0.2544      -0.2872      -0.0438      -0.5527
   5    100       0.0047      -0.2595      -0.4609      -0.2544      -0.1291
                 -0.4219      -0.2566      -0.2892      -0.0451      -0.5548
 
 group  inft   Estimated free energy: 2-th solvent contribution (kcal/mol)
   1      0      -0.0493       0.0691      -1.2448      -0.3664      -0.0308
                 -0.2977      -0.6515      -0.2229      -0.0902      -0.1795
   1     60      -0.0490       0.0695      -1.2446      -0.3662      -0.0306
                 -0.2974      -0.6514      -0.2228      -0.0899      -0.1793
   1     80      -0.0478       0.0709      -1.2440      -0.3655      -0.0298
                 -0.2966      -0.6509      -0.2224      -0.0886      -0.1786
   1    100      -0.0456       0.0737      -1.2434      -0.3648      -0.0288
                 -0.2953      -0.6505      -0.2221      -0.0862      -0.1775
   2      0      -0.0459       0.0749      -1.2430      -0.3607      -0.0272
                 -0.3070      -0.6536      -0.2141      -0.0987      -0.1790
   3      0      -0.0455       0.0761      -1.2381      -0.3585      -0.0233
                 -0.3097      -0.6553      -0.2100      -0.0997      -0.1725
   4      0      -0.0469       0.0761      -1.2433      -0.3527      -0.0241
                 -0.3137      -0.6522      -0.2098      -0.1033      -0.1762
   5      0      -0.0451       0.0767      -1.2404      -0.3564      -0.0253
                 -0.3153      -0.6572      -0.2070      -0.1047      -0.1748
   5     60      -0.0448       0.0771      -1.2402      -0.3562      -0.0251
                 -0.3151      -0.6570      -0.2068      -0.1044      -0.1746
   5     80      -0.0435       0.0787      -1.2398      -0.3557      -0.0245
                 -0.3145      -0.6567      -0.2066      -0.1030      -0.1740
   5    100      -0.0419       0.0809      -1.2398      -0.3554      -0.0239
                 -0.3138      -0.6567      -0.2066      -0.1012      -0.1734
 
 group  inft   Estimated free energy: 3-th solvent contribution (kcal/mol)
   1      0      -4.3906      -4.1277      -2.7727      -3.9040      -4.3383
                 -3.7297      -3.5958      -4.0988      -4.2749      -3.7106
   1     60      -4.4181      -4.1549      -2.7996      -3.9311      -4.3656
                 -3.7570      -3.6229      -4.1259      -4.3024      -3.7376
   1     80      -4.5674      -4.3031      -2.9456      -4.0786      -4.5142
                 -3.9049      -3.7702      -4.2736      -4.4512      -3.8848
   1    100      -4.9624      -4.6955      -3.3319      -4.4697      -4.9079
                 -4.2965      -4.1603      -4.6653      -4.8453      -4.2757
   2      0      -4.3878      -4.1276      -2.7730      -3.9046      -4.3369
                 -3.7275      -3.5941      -4.0960      -4.2746      -3.7096
   3      0      -4.3915      -4.1289      -2.7725      -3.9065      -4.3355
                 -3.7282      -3.5970      -4.1004      -4.2766      -3.7100
   4      0      -4.3778      -4.1230      -2.7677      -3.9000      -4.3281
                 -3.7255      -3.5911      -4.0874      -4.2682      -3.7030
   5      0      -4.3897      -4.1259      -2.7698      -3.9067      -4.3349
                 -3.7287      -3.6008      -4.0968      -4.2765      -3.7055
   5     60      -4.4254      -4.1613      -2.8047      -3.9419      -4.3704
                 -3.7641      -3.6360      -4.1320      -4.3122      -3.7406
   5     80      -4.6025      -4.3373      -2.9779      -4.1170      -4.5468
                 -3.9398      -3.8109      -4.3073      -4.4890      -3.9154
   5    100      -4.9614      -4.6940      -3.3288      -4.4725      -4.9047
                 -4.2957      -4.1654      -4.6632      -4.8472      -4.2707
 
 
 cumulative average & 95% error for solvation free energy
              total             1st component         2nd component         3rd component
  1    -4.4199                0.0173               -0.0455               -4.3915
  2    -4.3647     0.1103    -0.1197     0.2739     0.0153     0.1215    -4.2602     0.2626
  3    -4.4000     0.0951    -0.2331     0.2765    -0.4025     0.8385    -3.7643     1.0033
  4    -4.4297     0.0896    -0.2382     0.1958    -0.3915     0.5933    -3.7999     0.7130
  5    -4.4421     0.0737    -0.2171     0.1574    -0.3179     0.4826    -3.9070     0.5924
  6    -4.4453     0.0605    -0.2515     0.1458    -0.3165     0.3941    -3.8772     0.4873
  7    -4.4541     0.0541    -0.2519     0.1232    -0.3649     0.3468    -3.8372     0.4196
  8    -4.4725     0.0596    -0.2568     0.1072    -0.3455     0.3029    -3.8701     0.3693
  9    -4.4664     0.0540    -0.2329     0.1059    -0.3182     0.2726    -3.9152     0.3380
 10    -4.4632     0.0487    -0.2647     0.1141    -0.3037     0.2456    -3.8947     0.3051
