 ERmod 0.3.7, Copyright (C) 2000-2019 Nobuyuki Matubayasi
                            2010-2019 Shun Sakuraba
 ERmod comes with ABSOLUTELY NO WARRANTY.
 This is free software, and you can redistribute it
 and/or modify it under certain conditions.
 See LICENSE file for details.
 ERmod 0.3.7, Copyright (C) 2000-2019 Nobuyuki Matubayasi
                            2010-2019 Shun Sakuraba
 ERmod comes with ABSOLUTELY NO WARRANTY.
 This is free software, and you can redistribute it
 and/or modify it under certain conditions.
 See LICENSE file for details.
 
  Number of the   1-th solvent  =           90
  Number of the   2-th solvent  =           90
  Number of the   3-th solvent  =        10000
 
  Be sure that the solvent distribution is homogeneous (radial distribution function is essentially unity) when the solvent molecule is separated beyond distance of   10.0 Angstrom in any direction from any atom within the solute molecule
 
  LJ long-range correction    =        -0.0004     -0.0127     -0.2399
 
  Self-energy of the solute   =         0.0000  kcal/mol
 
 
 cumulative average & 95% error for solvation energy
              total             1st component         2nd component         3rd component
  1    -6.7917                0.0626               -0.3359               -6.5185
  2    -6.7778     0.0280     0.0643     0.0034    -0.2682     0.1353    -6.5739     0.1108
  3    -6.7867     0.0241     0.0645     0.0020    -0.2812     0.0823    -6.5700     0.0644
  4    -6.8062     0.0426     0.0638     0.0019    -0.3243     0.1041    -6.5458     0.0666
  5    -6.7965     0.0382     0.0637     0.0015    -0.3022     0.0919    -6.5581     0.0571
  6    -6.7976     0.0313     0.0642     0.0016    -0.3083     0.0761    -6.5534     0.0476
  7    -6.7999     0.0268     0.0638     0.0015    -0.3103     0.0644    -6.5533     0.0402
  8    -6.8012     0.0234     0.0636     0.0014    -0.3014     0.0586    -6.5635     0.0403
  9    -6.7957     0.0234     0.0635     0.0012    -0.2903     0.0562    -6.5689     0.0372
 10    -6.7960     0.0210     0.0634     0.0011    -0.2885     0.0504    -6.5709     0.0335
 
 
 group  inft  solvation free energy     error          difference
  total solvation free energy
   1      0          2.58765           0.01401          -0.00468
   1     60          2.57158           0.01405          -0.02075
   1     80          2.46382           0.01439          -0.12851
   1    100          2.12598           0.01545          -0.46635
   2      0          2.58539           0.01385          -0.00694
   3      0          2.59233           0.01338           0.00000
   4      0          2.60101           0.01370           0.00867
   5      0          2.65375           0.01325           0.06142
   5     60          2.63230           0.01330           0.03997
   5     80          2.50069           0.01368          -0.09164
   5    100          2.18816           0.01456          -0.40417
 
  contribution from  1-th solvent component
   1      0          0.06570           0.00655           0.00358
   1     60          0.06594           0.00655           0.00383
   1     80          0.06768           0.00660           0.00556
   1    100          0.07210           0.00677           0.00998
   2      0          0.06319           0.00606           0.00108
   3      0          0.06211           0.00585           0.00000
   4      0          0.06099           0.00543          -0.00112
   5      0          0.06200           0.00566          -0.00011
   5     60          0.06232           0.00566           0.00021
   5     80          0.06425           0.00573           0.00214
   5    100          0.06799           0.00590           0.00588
 
  contribution from  2-th solvent component
   1      0         -0.10424           0.02314           0.00221
   1     60         -0.10436           0.02317           0.00208
   1     80         -0.10521           0.02332           0.00124
   1    100         -0.10770           0.02376          -0.00125
   2      0         -0.10562           0.02296           0.00082
   3      0         -0.10644           0.02305           0.00000
   4      0         -0.10706           0.02297          -0.00062
   5      0         -0.10815           0.02293          -0.00171
   5     60         -0.10833           0.02296          -0.00189
   5     80         -0.10945           0.02312          -0.00300
   5    100         -0.11193           0.02348          -0.00548
 
  contribution from  3-th solvent component
   1      0          2.62617           0.01667          -0.01048
   1     60          2.60999           0.01670          -0.02666
   1     80          2.50135           0.01688          -0.13530
   1    100          2.16157           0.01750          -0.47508
   2      0          2.62781           0.01623          -0.00884
   3      0          2.63665           0.01598           0.00000
   4      0          2.64707           0.01562           0.01041
   5      0          2.69989           0.01461           0.06324
   5     60          2.67830           0.01465           0.04165
   5     80          2.54588           0.01489          -0.09077
   5    100          2.23208           0.01550          -0.40457
 
 
 group  inft   Estimated free energy: total (kcal/mol)
   1      0       2.5868       2.6151       2.5741       2.5641       2.6099
                  2.5919       2.5746       2.5491       2.6130       2.5980
   1     60       2.5708       2.5991       2.5580       2.5480       2.5939
                  2.5758       2.5585       2.5329       2.5970       2.5820
   1     80       2.4629       2.4920       2.4500       2.4399       2.4867
                  2.4680       2.4504       2.4240       2.4899       2.4746
   1    100       2.1247       2.1563       2.1114       2.1014       2.1506
                  2.1300       2.1114       2.0825       2.1538       2.1376
   2      0       2.5842       2.6137       2.5728       2.5617       2.6073
                  2.5880       2.5723       2.5478       2.6101       2.5960
   3      0       2.5913       2.6194       2.5772       2.5687       2.6149
                  2.5941       2.5811       2.5579       2.6164       2.6023
   4      0       2.5990       2.6287       2.5876       2.5760       2.6233
                  2.6007       2.5901       2.5656       2.6264       2.6126
   5      0       2.6490       2.6830       2.6417       2.6281       2.6767
                  2.6531       2.6406       2.6238       2.6774       2.6640
   5     60       2.6276       2.6617       2.6202       2.6066       2.6553
                  2.6317       2.6191       2.6022       2.6560       2.6427
   5     80       2.4959       2.5309       2.4882       2.4748       2.5242
                  2.5001       2.4871       2.4691       2.5250       2.5115
   5    100       2.1831       2.2203       2.1750       2.1620       2.2132
                  2.1879       2.1734       2.1532       2.2138       2.1997
 
 group  inft   Estimated free energy: 1-th solvent contribution (kcal/mol)
   1      0       0.0626       0.0721       0.0709       0.0671       0.0562
                  0.0908       0.0612       0.0590       0.0593       0.0579
   1     60       0.0629       0.0723       0.0711       0.0673       0.0564
                  0.0910       0.0614       0.0592       0.0595       0.0582
   1     80       0.0646       0.0741       0.0729       0.0690       0.0582
                  0.0930       0.0631       0.0609       0.0613       0.0598
   1    100       0.0684       0.0790       0.0776       0.0734       0.0629
                  0.0980       0.0671       0.0650       0.0659       0.0637
   2      0       0.0598       0.0690       0.0687       0.0648       0.0538
                  0.0860       0.0595       0.0567       0.0572       0.0564
   3      0       0.0591       0.0678       0.0664       0.0641       0.0525
                  0.0843       0.0593       0.0565       0.0559       0.0554
   4      0       0.0584       0.0659       0.0649       0.0637       0.0519
                  0.0813       0.0588       0.0551       0.0556       0.0544
   5      0       0.0588       0.0667       0.0665       0.0639       0.0533
                  0.0837       0.0590       0.0566       0.0561       0.0555
   5     60       0.0591       0.0670       0.0668       0.0642       0.0536
                  0.0841       0.0593       0.0569       0.0564       0.0558
   5     80       0.0609       0.0691       0.0688       0.0661       0.0556
                  0.0863       0.0611       0.0588       0.0584       0.0576
   5    100       0.0641       0.0733       0.0728       0.0698       0.0596
                  0.0907       0.0644       0.0622       0.0623       0.0608
 
 group  inft   Estimated free energy: 2-th solvent contribution (kcal/mol)
   1      0      -0.1262      -0.0642      -0.1168      -0.1713      -0.0645
                 -0.1338      -0.1235      -0.0823      -0.0598      -0.0999
   1     60      -0.1264      -0.0643      -0.1170      -0.1715      -0.0646
                 -0.1340      -0.1236      -0.0824      -0.0599      -0.1000
   1     80      -0.1274      -0.0648      -0.1180      -0.1726      -0.0651
                 -0.1351      -0.1247      -0.0831      -0.0603      -0.1010
   1    100      -0.1304      -0.0665      -0.1209      -0.1759      -0.0668
                 -0.1383      -0.1279      -0.0852      -0.0616      -0.1037
   2      0      -0.1274      -0.0660      -0.1182      -0.1724      -0.0659
                 -0.1354      -0.1241      -0.0843      -0.0618      -0.1007
   3      0      -0.1283      -0.0663      -0.1194      -0.1731      -0.0665
                 -0.1364      -0.1256      -0.0851      -0.0627      -0.1010
   4      0      -0.1293      -0.0673      -0.1201      -0.1737      -0.0674
                 -0.1370      -0.1253      -0.0857      -0.0635      -0.1013
   5      0      -0.1304      -0.0679      -0.1205      -0.1742      -0.0692
                 -0.1387      -0.1272      -0.0867      -0.0646      -0.1022
   5     60      -0.1306      -0.0680      -0.1207      -0.1744      -0.0693
                 -0.1389      -0.1274      -0.0868      -0.0647      -0.1024
   5     80      -0.1319      -0.0688      -0.1220      -0.1758      -0.0701
                 -0.1403      -0.1288      -0.0878      -0.0654      -0.1036
   5    100      -0.1348      -0.0706      -0.1248      -0.1789      -0.0719
                 -0.1433      -0.1318      -0.0900      -0.0669      -0.1063
 
 group  inft   Estimated free energy: 3-th solvent contribution (kcal/mol)
   1      0       2.6504       2.6072       2.6201       2.6683       2.6182
                  2.6349       2.6368       2.5724       2.6135       2.6399
   1     60       2.6342       2.5910       2.6039       2.6521       2.6020
                  2.6187       2.6207       2.5561       2.5973       2.6238
   1     80       2.5257       2.4827       2.4951       2.5435       2.4936
                  2.5101       2.5120       2.4462       2.4889       2.5158
   1    100       2.1866       2.1438       2.1547       2.2039       2.1544
                  2.1703       2.1721       2.1027       2.1495       2.1776
   2      0       2.6518       2.6107       2.6222       2.6692       2.6194
                  2.6374       2.6370       2.5754       2.6147       2.6403
   3      0       2.6604       2.6178       2.6302       2.6778       2.6290
                  2.6462       2.6474       2.5865       2.6232       2.6479
   4      0       2.6698       2.6300       2.6429       2.6860       2.6389
                  2.6564       2.6565       2.5962       2.6343       2.6595
   5      0       2.7207       2.6842       2.6957       2.7383       2.6926
                  2.7081       2.7088       2.6539       2.6859       2.7107
   5     60       2.6991       2.6627       2.6740       2.7168       2.6711
                  2.6865       2.6872       2.6320       2.6643       2.6893
   5     80       2.5669       2.5307       2.5414       2.5845       2.5388
                  2.5541       2.5547       2.4981       2.5320       2.5576
   5    100       2.2539       2.2176       2.2270       2.2711       2.2254
                  2.2406       2.2408       2.1809       2.2184       2.2452
 
 
 cumulative average & 95% error for solvation free energy
              total             1st component         2nd component         3rd component
  1     2.5913                0.0591               -0.1283                2.6604
  2     2.6053     0.0281     0.0635     0.0087    -0.0973     0.0620     2.6391     0.0426
  3     2.5960     0.0248     0.0644     0.0054    -0.1047     0.0387     2.6362     0.0253
  4     2.5892     0.0222     0.0643     0.0038    -0.1218     0.0438     2.6466     0.0274
  5     2.5943     0.0200     0.0620     0.0056    -0.1107     0.0405     2.6431     0.0224
  6     2.5943     0.0164     0.0657     0.0087    -0.1150     0.0342     2.6436     0.0183
  7     2.5924     0.0143     0.0648     0.0076    -0.1165     0.0290     2.6441     0.0155
  8     2.5881     0.0151     0.0637     0.0069    -0.1126     0.0263     2.6369     0.0197
  9     2.5912     0.0148     0.0629     0.0063    -0.1070     0.0257     2.6354     0.0176
 10     2.5923     0.0134     0.0621     0.0059    -0.1064     0.0231     2.6367     0.0160
