 ERmod 0.3.7, Copyright (C) 2000-2019 Nobuyuki Matubayasi
                            2010-2019 Shun Sakuraba
 ERmod comes with ABSOLUTELY NO WARRANTY.
 This is free software, and you can redistribute it
 and/or modify it under certain conditions.
 See LICENSE file for details.
 ERmod 0.3.7, Copyright (C) 2000-2019 Nobuyuki Matubayasi
                            2010-2019 Shun Sakuraba
 ERmod comes with ABSOLUTELY NO WARRANTY.
 This is free software, and you can redistribute it
 and/or modify it under certain conditions.
 See LICENSE file for details.
 
  Number of the   1-th solvent  =          180
  Number of the   2-th solvent  =          180
  Number of the   3-th solvent  =        10000
 
  Be sure that the solvent distribution is homogeneous (radial distribution function is essentially unity) when the solvent molecule is separated beyond distance of   10.0 Angstrom in any direction from any atom within the solute molecule
 
  LJ long-range correction    =        -0.0044     -0.0148     -0.2976
 
  Self-energy of the solute   =        -0.0001  kcal/mol
 
 
 cumulative average & 95% error for solvation energy
              total             1st component         2nd component         3rd component
  1   -21.2230               -1.6423               -0.9784              -18.6023
  2   -21.2677     0.0895    -1.2483     0.7879    -1.3937     0.8306   -18.6257     0.0469
  3   -21.2806     0.0577    -0.9367     0.7715    -1.2991     0.5155   -19.0447     0.8385
  4   -21.2539     0.0671    -0.6986     0.7242    -1.3135     0.3656   -19.2418     0.7120
  5   -21.3010     0.1076    -0.8992     0.6897    -1.5665     0.5800   -18.8352     0.9826
  6   -21.3048     0.0882    -0.8844     0.5639    -1.5498     0.4748   -18.8705     0.8054
  7   -21.3220     0.0821    -0.9405     0.4896    -1.5361     0.4022   -18.8453     0.6825
  8   -21.3393     0.0791    -1.0128     0.4480    -1.5938     0.3670   -18.7326     0.6326
  9   -21.3431     0.0702    -0.9886     0.3980    -1.6246     0.3294   -18.7297     0.5579
 10   -21.3403     0.0630    -1.0198     0.3614    -1.6174     0.2950   -18.7031     0.5019
 
 
 group  inft  solvation free energy     error          difference
  total solvation free energy
   1      0         -4.57453           0.06672          -0.00309
   1     60         -4.59984           0.06669          -0.02840
   1     80         -4.76601           0.06665          -0.19457
   1    100         -5.24880           0.06667          -0.67736
   2      0         -4.56892           0.06150           0.00252
   3      0         -4.57144           0.05940           0.00000
   4      0         -4.56412           0.05877           0.00732
   5      0         -4.56640           0.05740           0.00504
   5     60         -4.60005           0.05736          -0.02861
   5     80         -4.80062           0.05723          -0.22918
   5    100         -5.24158           0.05708          -0.67014
 
  contribution from  1-th solvent component
   1      0         -0.30832           0.18814           0.00106
   1     60         -0.30856           0.18816           0.00082
   1     80         -0.31023           0.18834          -0.00085
   1    100         -0.31559           0.18882          -0.00621
   2      0         -0.30814           0.18325           0.00124
   3      0         -0.30938           0.18054           0.00000
   4      0         -0.30828           0.18020           0.00110
   5      0         -0.30750           0.17942           0.00188
   5     60         -0.30784           0.17945           0.00154
   5     80         -0.31004           0.17959          -0.00066
   5    100         -0.31528           0.17990          -0.00590
 
  contribution from  2-th solvent component
   1      0         -0.87611           0.15729          -0.00892
   1     60         -0.87655           0.15730          -0.00937
   1     80         -0.87959           0.15735          -0.01241
   1    100         -0.88871           0.15748          -0.02153
   2      0         -0.86923           0.15518          -0.00204
   3      0         -0.86719           0.15428           0.00000
   4      0         -0.86268           0.15369           0.00451
   5      0         -0.86314           0.15412           0.00405
   5     60         -0.86375           0.15412           0.00344
   5     80         -0.86756           0.15415          -0.00038
   5    100         -0.87605           0.15422          -0.00886
 
  contribution from  3-th solvent component
   1      0         -3.39002           0.23496           0.00477
   1     60         -3.41465           0.23503          -0.01986
   1     80         -3.57610           0.23534          -0.18131
   1    100         -4.04441           0.23602          -0.64962
   2      0         -3.39147           0.23450           0.00333
   3      0         -3.39479           0.23425           0.00000
   4      0         -3.39308           0.23316           0.00172
   5      0         -3.39567           0.23467          -0.00088
   5     60         -3.42838           0.23476          -0.03359
   5     80         -3.62294           0.23512          -0.22815
   5    100         -4.05017           0.23571          -0.65538
 
 
 group  inft   Estimated free energy: total (kcal/mol)
   1      0      -4.5104      -4.5707      -4.5836      -4.4119      -4.8063
                 -4.4968      -4.5801      -4.6651      -4.5834      -4.5371
   1     60      -4.5357      -4.5960      -4.6091      -4.4371      -4.8314
                 -4.5221      -4.6055      -4.6903      -4.6088      -4.5624
   1     80      -4.7014      -4.7621      -4.7762      -4.6026      -4.9967
                 -4.6881      -4.7719      -4.8565      -4.7756      -4.7289
   1    100      -5.1841      -5.2439      -5.2612      -5.0842      -5.4779
                 -5.1693      -5.2552      -5.3395      -5.2601      -5.2125
   2      0      -4.5092      -4.5548      -4.5857      -4.4301      -4.7903
                 -4.4998      -4.5723      -4.6467      -4.5748      -4.5255
   3      0      -4.5036      -4.5583      -4.5905      -4.4484      -4.7910
                 -4.5083      -4.5786      -4.6400      -4.5709      -4.5249
   4      0      -4.5044      -4.5494      -4.5793      -4.4404      -4.7820
                 -4.5037      -4.5639      -4.6367      -4.5622      -4.5193
   5      0      -4.5012      -4.5494      -4.5823      -4.4481      -4.7780
                 -4.5108      -4.5659      -4.6397      -4.5678      -4.5207
   5     60      -4.5347      -4.5830      -4.6163      -4.4817      -4.8114
                 -4.5445      -4.5996      -4.6733      -4.6016      -4.5545
   5     80      -4.7349      -4.7833      -4.8181      -4.6818      -5.0108
                 -4.7449      -4.8004      -4.8737      -4.8029      -4.7555
   5    100      -5.1756      -5.2233      -5.2612      -5.1221      -5.4499
                 -5.1846      -5.2418      -5.3147      -5.2454      -5.1972
 
 group  inft   Estimated free energy: 1-th solvent contribution (kcal/mol)
   1      0      -0.5999      -0.2481      -0.0176       0.2798      -0.6765
                 -0.1830      -0.4498      -0.5890      -0.1830      -0.4161
   1     60      -0.6001      -0.2483      -0.0178       0.2797      -0.6768
                 -0.1832      -0.4501      -0.5892      -0.1832      -0.4164
   1     80      -0.6019      -0.2501      -0.0195       0.2790      -0.6786
                 -0.1848      -0.4518      -0.5911      -0.1851      -0.4182
   1    100      -0.6077      -0.2556      -0.0250       0.2763      -0.6844
                 -0.1899      -0.4575      -0.5971      -0.1908      -0.4242
   2      0      -0.5950      -0.2412      -0.0201       0.2579      -0.6687
                 -0.1897      -0.4515      -0.5797      -0.1809      -0.4124
   3      0      -0.5916      -0.2433      -0.0218       0.2435      -0.6672
                 -0.1936      -0.4527      -0.5774      -0.1792      -0.4105
   4      0      -0.5904      -0.2442      -0.0198       0.2425      -0.6640
                 -0.1909      -0.4494      -0.5795      -0.1792      -0.4080
   5      0      -0.5873      -0.2398      -0.0185       0.2405      -0.6620
                 -0.1940      -0.4496      -0.5775      -0.1802      -0.4067
   5     60      -0.5876      -0.2402      -0.0189       0.2403      -0.6623
                 -0.1943      -0.4499      -0.5779      -0.1805      -0.4071
   5     80      -0.5899      -0.2425      -0.0212       0.2390      -0.6646
                 -0.1964      -0.4522      -0.5802      -0.1829      -0.4094
   5    100      -0.5955      -0.2478      -0.0268       0.2357      -0.6700
                 -0.2016      -0.4577      -0.5858      -0.1884      -0.4150
 
 group  inft   Estimated free energy: 2-th solvent contribution (kcal/mol)
   1      0      -0.5561      -0.9721      -0.6376      -0.7312      -1.4188
                 -0.7992      -0.7392      -1.0512      -1.0054      -0.8504
   1     60      -0.5565      -0.9726      -0.6380      -0.7317      -1.4192
                 -0.7996      -0.7397      -1.0516      -1.0058      -0.8508
   1     80      -0.5594      -0.9757      -0.6411      -0.7347      -1.4224
                 -0.8025      -0.7426      -1.0547      -1.0090      -0.8539
   1    100      -0.5682      -0.9849      -0.6501      -0.7439      -1.4320
                 -0.8113      -0.7515      -1.0638      -1.0182      -0.8630
   2      0      -0.5583      -0.9615      -0.6366      -0.7281      -1.4090
                 -0.7937      -0.7296      -1.0389      -0.9972      -0.8393
   3      0      -0.5567      -0.9605      -0.6361      -0.7280      -1.4051
                 -0.7976      -0.7281      -1.0325      -0.9926      -0.8347
   4      0      -0.5560      -0.9516      -0.6351      -0.7238      -1.4029
                 -0.7942      -0.7228      -1.0242      -0.9857      -0.8303
   5      0      -0.5532      -0.9530      -0.6285      -0.7239      -1.3998
                 -0.7970      -0.7220      -1.0273      -0.9895      -0.8373
   5     60      -0.5538      -0.9536      -0.6291      -0.7245      -1.4004
                 -0.7976      -0.7226      -1.0279      -0.9901      -0.8379
   5     80      -0.5575      -0.9574      -0.6329      -0.7284      -1.4043
                 -0.8013      -0.7264      -1.0317      -0.9940      -0.8417
   5    100      -0.5658      -0.9660      -0.6414      -0.7371      -1.4131
                 -0.8095      -0.7348      -1.0401      -1.0025      -0.8502
 
 group  inft   Estimated free energy: 3-th solvent contribution (kcal/mol)
   1      0      -3.3544      -3.3504      -3.9283      -3.9603      -2.7110
                 -3.5145      -3.3910      -3.0248      -3.3950      -3.2705
   1     60      -3.3789      -3.3750      -3.9532      -3.9850      -2.7353
                 -3.5392      -3.4157      -3.0494      -3.4197      -3.2952
   1     80      -3.5400      -3.5362      -4.1155      -4.1468      -2.8956
                 -3.7008      -3.5773      -3.2106      -3.5815      -3.4567
   1    100      -4.0080      -4.0033      -4.5859      -4.6165      -3.3614
                 -4.1681      -4.0461      -3.6785      -4.0510      -3.9254
   2      0      -3.3558      -3.3520      -3.9288      -3.9599      -2.7125
                 -3.5164      -3.3910      -3.0280      -3.3967      -3.2737
   3      0      -3.3552      -3.3544      -3.9325      -3.9638      -2.7186
                 -3.5170      -3.3977      -3.0300      -3.3990      -3.2796
   4      0      -3.3579      -3.3535      -3.9243      -3.9590      -2.7150
                 -3.5185      -3.3916      -3.0329      -3.3972      -3.2809
   5      0      -3.3606      -3.3565      -3.9353      -3.9646      -2.7162
                 -3.5197      -3.3942      -3.0348      -3.3981      -3.2767
   5     60      -3.3932      -3.3891      -3.9682      -3.9974      -2.7486
                 -3.5525      -3.4270      -3.0674      -3.4309      -3.3094
   5     80      -3.5873      -3.5834      -4.1639      -4.1924      -2.9417
                 -3.7471      -3.6217      -3.2617      -3.6260      -3.5042
   5    100      -4.0142      -4.0094      -4.5930      -4.6207      -3.3667
                 -4.1734      -4.0493      -3.6887      -4.0544      -3.9319
 
 
 cumulative average & 95% error for solvation free energy
              total             1st component         2nd component         3rd component
  1    -4.5036               -0.5916               -0.5567               -3.3552
  2    -4.5309     0.0547    -0.4174     0.3483    -0.7586     0.4038    -3.3548     0.0008
  3    -4.5508     0.0508    -0.2856     0.3316    -0.7178     0.2471    -3.5474     0.3851
  4    -4.5252     0.0625    -0.1533     0.3535    -0.7203     0.1748    -3.6515     0.3428
  5    -4.5783     0.1168    -0.2561     0.3424    -0.8573     0.3055    -3.4649     0.4580
  6    -4.5667     0.0982    -0.2457     0.2803    -0.8473     0.2503    -3.4736     0.3743
  7    -4.5684     0.0831    -0.2752     0.2442    -0.8303     0.2142    -3.4628     0.3171
  8    -4.5773     0.0741    -0.3130     0.2246    -0.8556     0.1923    -3.4087     0.2952
  9    -4.5766     0.0654    -0.2981     0.2003    -0.8708     0.1723    -3.4076     0.2603
 10    -4.5714     0.0594    -0.3094     0.1805    -0.8672     0.1543    -3.3948     0.2343
