 ERmod 0.3.7, Copyright (C) 2000-2019 Nobuyuki Matubayasi
                            2010-2019 Shun Sakuraba
 ERmod comes with ABSOLUTELY NO WARRANTY.
 This is free software, and you can redistribute it
 and/or modify it under certain conditions.
 See LICENSE file for details.
 ERmod 0.3.7, Copyright (C) 2000-2019 Nobuyuki Matubayasi
                            2010-2019 Shun Sakuraba
 ERmod comes with ABSOLUTELY NO WARRANTY.
 This is free software, and you can redistribute it
 and/or modify it under certain conditions.
 See LICENSE file for details.
 
  Number of the   1-th solvent  =          180
  Number of the   2-th solvent  =          180
  Number of the   3-th solvent  =        10000
 
  Be sure that the solvent distribution is homogeneous (radial distribution function is essentially unity) when the solvent molecule is separated beyond distance of   10.0 Angstrom in any direction from any atom within the solute molecule
 
  LJ long-range correction    =        -0.0004     -0.0019     -0.1388
 
  Self-energy of the solute   =         0.0000  kcal/mol
 
 
 cumulative average & 95% error for solvation energy
              total             1st component         2nd component         3rd component
  1    -4.0203                0.0508               -0.0716               -3.9995
  2    -4.0168     0.0070     0.0503     0.0010    -0.0759     0.0085    -3.9912     0.0165
  3    -4.0176     0.0043     0.0490     0.0027    -0.0760     0.0049    -3.9906     0.0096
  4    -4.0219     0.0091     0.0487     0.0020    -0.0759     0.0035    -3.9946     0.0104
  5    -4.0198     0.0082     0.0489     0.0016    -0.0752     0.0031    -3.9935     0.0084
  6    -4.0216     0.0075     0.0488     0.0013    -0.0764     0.0035    -3.9940     0.0069
  7    -4.0258     0.0107     0.0485     0.0012    -0.0783     0.0048    -3.9961     0.0072
  8    -4.0249     0.0094     0.0485     0.0011    -0.0784     0.0041    -3.9950     0.0066
  9    -4.0263     0.0087     0.0485     0.0009    -0.0783     0.0037    -3.9965     0.0066
 10    -4.0248     0.0084     0.0486     0.0009    -0.0775     0.0037    -3.9959     0.0060
 
 
 group  inft  solvation free energy     error          difference
  total solvation free energy
   1      0          2.85563           0.00792           0.00694
   1     60          2.83705           0.00799          -0.01165
   1     80          2.73284           0.00854          -0.11585
   1    100          2.44526           0.01030          -0.40344
   2      0          2.85563           0.00743           0.00694
   3      0          2.84870           0.00713           0.00000
   4      0          2.91190           0.00666           0.06320
   5      0          2.86746           0.00666           0.01876
   5     60          2.84345           0.00675          -0.00525
   5     80          2.71848           0.00742          -0.13021
   5    100          2.45296           0.00907          -0.39573
 
  contribution from  1-th solvent component
   1      0          0.05850           0.00547           0.00586
   1     60          0.05882           0.00547           0.00618
   1     80          0.06111           0.00548           0.00847
   1    100          0.06602           0.00554           0.01338
   2      0          0.05620           0.00504           0.00356
   3      0          0.05264           0.00488           0.00000
   4      0          0.05236           0.00456          -0.00028
   5      0          0.05225           0.00418          -0.00039
   5     60          0.05278           0.00418           0.00014
   5     80          0.05530           0.00418           0.00266
   5    100          0.05933           0.00420           0.00669
 
  contribution from  2-th solvent component
   1      0         -0.01709           0.00747           0.00185
   1     60         -0.01655           0.00751           0.00239
   1     80         -0.01501           0.00780           0.00394
   1    100         -0.01273           0.00881           0.00622
   2      0         -0.01995           0.00689          -0.00100
   3      0         -0.01895           0.00657           0.00000
   4      0         -0.01996           0.00629          -0.00101
   5      0         -0.02015           0.00585          -0.00120
   5     60         -0.01955           0.00590          -0.00060
   5     80         -0.01785           0.00627           0.00110
   5    100         -0.01580           0.00723           0.00314
 
  contribution from  3-th solvent component
   1      0          2.81422           0.00569          -0.00078
   1     60          2.79478           0.00573          -0.02023
   1     80          2.68674           0.00602          -0.12826
   1    100          2.39196           0.00685          -0.42304
   2      0          2.81938           0.00559           0.00438
   3      0          2.81500           0.00534           0.00000
   4      0          2.87950           0.00500           0.06449
   5      0          2.83536           0.00510           0.02036
   5     60          2.81022           0.00516          -0.00478
   5     80          2.68103           0.00548          -0.13397
   5    100          2.40943           0.00622          -0.40557
 
 
 group  inft   Estimated free energy: total (kcal/mol)
   1      0       2.8571       2.8507       2.8664       2.8429       2.8729
                  2.8446       2.8329       2.8626       2.8652       2.8611
   1     60       2.8386       2.8320       2.8479       2.8243       2.8545
                  2.8258       2.8142       2.8441       2.8466       2.8426
   1     80       2.7351       2.7270       2.7442       2.7197       2.7516
                  2.7203       2.7084       2.7402       2.7431       2.7389
   1    100       2.4497       2.4373       2.4583       2.4309       2.4677
                  2.4290       2.4157       2.4533       2.4578       2.4531
   2      0       2.8571       2.8494       2.8666       2.8453       2.8705
                  2.8432       2.8351       2.8632       2.8656       2.8604
   3      0       2.8494       2.8444       2.8595       2.8394       2.8633
                  2.8364       2.8284       2.8563       2.8572       2.8527
   4      0       2.9135       2.9070       2.9235       2.9046       2.9240
                  2.8997       2.8926       2.9168       2.9198       2.9174
   5      0       2.8694       2.8651       2.8779       2.8590       2.8803
                  2.8561       2.8475       2.8747       2.8751       2.8696
   5     60       2.8455       2.8409       2.8539       2.8350       2.8565
                  2.8318       2.8232       2.8508       2.8512       2.8457
   5     80       2.7215       2.7150       2.7295       2.7097       2.7330
                  2.7052       2.6964       2.7262       2.7270       2.7214
   5    100       2.4582       2.4477       2.4655       2.4431       2.4707
                  2.4360       2.4258       2.4612       2.4637       2.4576
 
 group  inft   Estimated free energy: 1-th solvent contribution (kcal/mol)
   1      0       0.0566       0.0744       0.0597       0.0469       0.0554
                  0.0610       0.0615       0.0565       0.0675       0.0454
   1     60       0.0569       0.0747       0.0600       0.0472       0.0558
                  0.0613       0.0619       0.0569       0.0678       0.0458
   1     80       0.0593       0.0770       0.0623       0.0494       0.0581
                  0.0635       0.0641       0.0592       0.0701       0.0480
   1    100       0.0648       0.0822       0.0671       0.0543       0.0630
                  0.0686       0.0682       0.0638       0.0754       0.0528
   2      0       0.0540       0.0704       0.0580       0.0464       0.0519
                  0.0578       0.0595       0.0551       0.0651       0.0438
   3      0       0.0486       0.0661       0.0552       0.0432       0.0484
                  0.0538       0.0568       0.0526       0.0608       0.0408
   4      0       0.0488       0.0650       0.0540       0.0436       0.0476
                  0.0544       0.0563       0.0528       0.0598       0.0413
   5      0       0.0489       0.0639       0.0540       0.0440       0.0478
                  0.0537       0.0558       0.0529       0.0590       0.0425
   5     60       0.0494       0.0644       0.0545       0.0445       0.0484
                  0.0543       0.0564       0.0535       0.0595       0.0431
   5     80       0.0521       0.0670       0.0570       0.0469       0.0509
                  0.0567       0.0587       0.0560       0.0621       0.0456
   5    100       0.0568       0.0712       0.0610       0.0509       0.0550
                  0.0608       0.0618       0.0596       0.0665       0.0495
 
 group  inft   Estimated free energy: 2-th solvent contribution (kcal/mol)
   1      0      -0.0125      -0.0339      -0.0213      -0.0122      -0.0059
                 -0.0223      -0.0299      -0.0192      -0.0206       0.0070
   1     60      -0.0119      -0.0334      -0.0207      -0.0117      -0.0053
                 -0.0219      -0.0295      -0.0187      -0.0201       0.0076
   1     80      -0.0101      -0.0323      -0.0192      -0.0103      -0.0031
                 -0.0209      -0.0287      -0.0171      -0.0184       0.0100
   1    100      -0.0070      -0.0318      -0.0171      -0.0082       0.0016
                 -0.0206      -0.0290      -0.0148      -0.0154       0.0149
   2      0      -0.0164      -0.0357      -0.0235      -0.0152      -0.0095
                 -0.0249      -0.0308      -0.0220      -0.0239       0.0024
   3      0      -0.0151      -0.0336      -0.0223      -0.0144      -0.0087
                 -0.0237      -0.0297      -0.0213      -0.0228       0.0022
   4      0      -0.0160      -0.0341      -0.0228      -0.0160      -0.0103
                 -0.0253      -0.0301      -0.0228      -0.0226       0.0003
   5      0      -0.0166      -0.0328      -0.0225      -0.0163      -0.0107
                 -0.0253      -0.0304      -0.0234      -0.0218      -0.0017
   5     60      -0.0159      -0.0322      -0.0219      -0.0157      -0.0100
                 -0.0248      -0.0300      -0.0228      -0.0212      -0.0009
   5     80      -0.0139      -0.0311      -0.0203      -0.0141      -0.0075
                 -0.0239      -0.0292      -0.0211      -0.0193       0.0018
   5    100      -0.0111      -0.0305      -0.0185      -0.0123      -0.0031
                 -0.0238      -0.0296      -0.0190      -0.0165       0.0064
 
 group  inft   Estimated free energy: 3-th solvent contribution (kcal/mol)
   1      0       2.8130       2.8102       2.8279       2.8082       2.8234
                  2.8060       2.8013       2.8252       2.8183       2.8087
   1     60       2.7936       2.7906       2.8086       2.7888       2.8041
                  2.7864       2.7818       2.8058       2.7989       2.7892
   1     80       2.6859       2.6823       2.7011       2.6806       2.6966
                  2.6776       2.6731       2.6980       2.6913       2.6809
   1    100       2.3918       2.3869       2.4083       2.3848       2.4031
                  2.3810       2.3765       2.4043       2.3977       2.3853
   2      0       2.8195       2.8147       2.8320       2.8142       2.8281
                  2.8103       2.8064       2.8300       2.8244       2.8141
   3      0       2.8159       2.8120       2.8266       2.8105       2.8236
                  2.8063       2.8014       2.8249       2.8191       2.8098
   4      0       2.8806       2.8761       2.8923       2.8770       2.8867
                  2.8706       2.8664       2.8869       2.8826       2.8758
   5      0       2.8371       2.8340       2.8464       2.8314       2.8432
                  2.8277       2.8221       2.8452       2.8379       2.8287
   5     60       2.8121       2.8087       2.8213       2.8062       2.8181
                  2.8024       2.7968       2.8201       2.8128       2.8035
   5     80       2.6833       2.6792       2.6928       2.6769       2.6895
                  2.6723       2.6669       2.6913       2.6842       2.6740
   5    100       2.4124       2.4070       2.4229       2.4045       2.4188
                  2.3990       2.3936       2.4206       2.4137       2.4017
 
 
 cumulative average & 95% error for solvation free energy
              total             1st component         2nd component         3rd component
  1     2.8494                0.0486               -0.0151                2.8159
  2     2.8469     0.0050     0.0573     0.0175    -0.0244     0.0185     2.8140     0.0040
  3     2.8511     0.0089     0.0566     0.0102    -0.0237     0.0108     2.8182     0.0087
  4     2.8482     0.0086     0.0533     0.0098    -0.0214     0.0089     2.8162     0.0073
  5     2.8512     0.0090     0.0523     0.0079    -0.0188     0.0086     2.8177     0.0063
  6     2.8487     0.0088     0.0526     0.0064    -0.0196     0.0072     2.8158     0.0064
  7     2.8458     0.0095     0.0532     0.0056    -0.0211     0.0067     2.8137     0.0068
  8     2.8471     0.0086     0.0531     0.0048    -0.0211     0.0058     2.8151     0.0065
  9     2.8483     0.0079     0.0540     0.0046    -0.0213     0.0051     2.8156     0.0058
 10     2.8487     0.0071     0.0526     0.0049    -0.0189     0.0066     2.8150     0.0053
