 ERmod 0.3.7, Copyright (C) 2000-2019 Nobuyuki Matubayasi
                            2010-2019 Shun Sakuraba
 ERmod comes with ABSOLUTELY NO WARRANTY.
 This is free software, and you can redistribute it
 and/or modify it under certain conditions.
 See LICENSE file for details.
 ERmod 0.3.7, Copyright (C) 2000-2019 Nobuyuki Matubayasi
                            2010-2019 Shun Sakuraba
 ERmod comes with ABSOLUTELY NO WARRANTY.
 This is free software, and you can redistribute it
 and/or modify it under certain conditions.
 See LICENSE file for details.
 
  Number of the   1-th solvent  =           90
  Number of the   2-th solvent  =           90
  Number of the   3-th solvent  =        10000
 
  Be sure that the solvent distribution is homogeneous (radial distribution function is essentially unity) when the solvent molecule is separated beyond distance of   10.0 Angstrom in any direction from any atom within the solute molecule
 
  LJ long-range correction    =        -0.0069     -0.0051     -0.7359
 
  Self-energy of the solute   =        -0.0001  kcal/mol
 
 
 cumulative average & 95% error for solvation energy
              total             1st component         2nd component         3rd component
  1   -31.1462               -0.2490               -3.0086              -27.8885
  2   -30.8015     0.6894    -0.2417     0.0147    -1.9801     2.0570   -28.5796     1.3823
  3   -30.6015     0.5643    -0.1031     0.2772    -1.3727     1.6989   -29.1256     1.3525
  4   -30.4721     0.4756    -0.0803     0.2013    -1.1473     1.2831   -29.2444     0.9854
  5   -30.4611     0.3690    -0.3385     0.5393    -0.9442     1.0737   -29.1783     0.7747
  6   -30.4346     0.3059    -0.3652     0.4436    -0.7889     0.9301   -29.2804     0.6647
  7   -30.3941     0.2710    -0.2944     0.4008    -0.7424     0.7915   -29.3572     0.5823
  8   -30.3963     0.2347    -0.2946     0.3471    -0.6996     0.6908   -29.4020     0.5122
  9   -30.3920     0.2072    -0.2391     0.3256    -0.6545     0.6159   -29.4983     0.4911
 10   -30.3878     0.1855    -0.3282     0.3413    -0.6563     0.5509   -29.4032     0.4786
 
 
 group  inft  solvation free energy     error          difference
  total solvation free energy
   1      0         -3.31897           0.08052           0.00420
   1     60         -3.34058           0.08059          -0.01741
   1     80         -3.55108           0.08116          -0.22792
   1    100         -4.39754           0.08258          -1.07437
   2      0         -3.32329           0.07935          -0.00012
   3      0         -3.32317           0.07850           0.00000
   4      0         -3.32419           0.07771          -0.00103
   5      0         -3.31691           0.07470           0.00626
   5     60         -3.34665           0.07479          -0.02349
   5     80         -3.61450           0.07543          -0.29133
   5    100         -4.39752           0.07649          -1.07435
 
  contribution from  1-th solvent component
   1      0          0.04526           0.18952           0.00705
   1     60          0.04517           0.18954           0.00696
   1     80          0.04400           0.18971           0.00579
   1    100          0.03850           0.19045           0.00029
   2      0          0.03990           0.18660           0.00169
   3      0          0.03821           0.18562           0.00000
   4      0          0.03641           0.18465          -0.00180
   5      0          0.03752           0.18458          -0.00069
   5     60          0.03738           0.18460          -0.00083
   5     80          0.03573           0.18479          -0.00248
   5    100          0.03016           0.18535          -0.00805
 
  contribution from  2-th solvent component
   1      0         -0.41297           0.25930          -0.00655
   1     60         -0.41276           0.25931          -0.00634
   1     80         -0.41139           0.25944          -0.00496
   1    100         -0.40869           0.25996          -0.00227
   2      0         -0.40890           0.25930          -0.00248
   3      0         -0.40642           0.25988           0.00000
   4      0         -0.40552           0.25820           0.00091
   5      0         -0.40405           0.25833           0.00237
   5     60         -0.40378           0.25835           0.00265
   5     80         -0.40231           0.25852           0.00411
   5    100         -0.40035           0.25901           0.00608
 
  contribution from  3-th solvent component
   1      0         -2.95116           0.25857           0.00370
   1     60         -2.97290           0.25853          -0.01804
   1     80         -3.18361           0.25827          -0.22875
   1    100         -4.02726           0.25813          -1.07240
   2      0         -2.95419           0.25811           0.00067
   3      0         -2.95486           0.25848           0.00000
   4      0         -2.95499           0.25697          -0.00013
   5      0         -2.95029           0.25827           0.00457
   5     60         -2.98017           0.25821          -0.02531
   5     80         -3.24782           0.25792          -0.29296
   5    100         -4.02723           0.25792          -1.07237
 
 
 group  inft   Estimated free energy: total (kcal/mol)
   1      0      -3.5516      -3.4405      -3.1635      -3.2520      -3.3178
                 -3.2858      -3.1455      -3.3433      -3.2576      -3.4320
   1     60      -3.5735      -3.4622      -3.1851      -3.2735      -3.3395
                 -3.3074      -3.1669      -3.3649      -3.2792      -3.4536
   1     80      -3.7860      -3.6732      -3.3950      -3.4827      -3.5510
                 -3.5177      -3.3760      -3.5757      -3.4891      -3.6645
   1    100      -4.6357      -4.5211      -4.2393      -4.3256      -4.4020
                 -4.3648      -4.2178      -4.4240      -4.3334      -4.5117
   2      0      -3.5550      -3.4375      -3.1712      -3.2616      -3.3044
                 -3.2854      -3.1608      -3.3533      -3.2589      -3.4447
   3      0      -3.5553      -3.4328      -3.1750      -3.2635      -3.3033
                 -3.2878      -3.1614      -3.3601      -3.2541      -3.4384
   4      0      -3.5497      -3.4360      -3.1783      -3.2659      -3.2952
                 -3.2903      -3.1683      -3.3529      -3.2549      -3.4505
   5      0      -3.5358      -3.4188      -3.1803      -3.2671      -3.2929
                 -3.2801      -3.1599      -3.3532      -3.2479      -3.4330
   5     60      -3.5659      -3.4487      -3.2100      -3.2967      -3.3228
                 -3.3097      -3.1895      -3.3830      -3.2776      -3.4628
   5     80      -3.8362      -3.7170      -3.4773      -3.5629      -3.5919
                 -3.5775      -3.4556      -3.6512      -3.5446      -3.7308
   5    100      -4.6219      -4.5010      -4.2592      -4.3430      -4.3786
                 -4.3614      -4.2344      -4.4362      -4.3256      -4.5138
 
 group  inft   Estimated free energy: 1-th solvent contribution (kcal/mol)
   1      0       0.0262       0.0058       0.3182       0.2267      -0.4425
                 -0.0447       0.3258       0.0847       0.4022      -0.4498
   1     60       0.0261       0.0056       0.3181       0.2266      -0.4427
                 -0.0448       0.3257       0.0846       0.4022      -0.4499
   1     80       0.0248       0.0042       0.3171       0.2257      -0.4442
                 -0.0459       0.3246       0.0834       0.4019      -0.4514
   1    100       0.0188      -0.0024       0.3119       0.2209      -0.4510
                 -0.0515       0.3194       0.0776       0.4000      -0.4586
   2      0       0.0160       0.0075       0.3046       0.2226      -0.4392
                 -0.0505       0.3149       0.0792       0.3927      -0.4489
   3      0       0.0163       0.0083       0.2987       0.2217      -0.4385
                 -0.0570       0.3102       0.0788       0.3911      -0.4474
   4      0       0.0147       0.0081       0.2943       0.2169      -0.4351
                 -0.0580       0.3076       0.0814       0.3856      -0.4515
   5      0       0.0194       0.0127       0.2960       0.2156      -0.4374
                 -0.0572       0.3065       0.0772       0.3896      -0.4470
   5     60       0.0193       0.0125       0.2958       0.2155      -0.4376
                 -0.0574       0.3063       0.0770       0.3896      -0.4472
   5     80       0.0174       0.0105       0.2942       0.2141      -0.4396
                 -0.0591       0.3045       0.0753       0.3891      -0.4491
   5    100       0.0114       0.0042       0.2884       0.2092      -0.4460
                 -0.0650       0.2987       0.0694       0.3872      -0.4559
 
 group  inft   Estimated free energy: 2-th solvent contribution (kcal/mol)
   1      0      -1.4850      -0.5683      -0.1039      -0.4173      -0.1445
                 -0.0645      -0.3005      -0.2899      -0.2778      -0.4780
   1     60      -1.4849      -0.5681      -0.1037      -0.4171      -0.1443
                 -0.0643      -0.3002      -0.2897      -0.2776      -0.4777
   1     80      -1.4841      -0.5667      -0.1023      -0.4159      -0.1433
                 -0.0625      -0.2979      -0.2882      -0.2765      -0.4764
   1    100      -1.4836      -0.5640      -0.0992      -0.4145      -0.1417
                 -0.0582      -0.2920      -0.2850      -0.2750      -0.4737
   2      0      -1.4751      -0.5637      -0.0963      -0.4210      -0.1307
                 -0.0543      -0.3030      -0.2901      -0.2687      -0.4861
   3      0      -1.4759      -0.5582      -0.0930      -0.4206      -0.1294
                 -0.0513      -0.2975      -0.2937      -0.2615      -0.4830
   4      0      -1.4661      -0.5600      -0.0956      -0.4189      -0.1244
                 -0.0519      -0.3018      -0.2913      -0.2606      -0.4846
   5      0      -1.4674      -0.5520      -0.1001      -0.4212      -0.1231
                 -0.0464      -0.2964      -0.2956      -0.2607      -0.4776
   5     60      -1.4673      -0.5517      -0.0998      -0.4210      -0.1228
                 -0.0461      -0.2959      -0.2953      -0.2604      -0.4773
   5     80      -1.4666      -0.5503      -0.0984      -0.4198      -0.1218
                 -0.0442      -0.2932      -0.2937      -0.2594      -0.4759
   5    100      -1.4667      -0.5483      -0.0961      -0.4191      -0.1208
                 -0.0407      -0.2880      -0.2914      -0.2584      -0.4739
 
 group  inft   Estimated free energy: 3-th solvent contribution (kcal/mol)
   1      0      -2.0927      -2.8779      -3.3778      -3.0613      -2.7307
                 -3.1765      -3.1707      -3.1380      -3.3819      -2.5041
   1     60      -2.1147      -2.8997      -3.3994      -3.0829      -2.7524
                 -3.1982      -3.1923      -3.1598      -3.4037      -2.5259
   1     80      -2.3266      -3.1106      -3.6096      -3.2923      -2.9635
                 -3.4092      -3.4026      -3.3708      -3.6144      -2.7366
   1    100      -3.1708      -3.9546      -4.4519      -4.1319      -3.8091
                 -4.2550      -4.2450      -4.2165      -4.4584      -3.5794
   2      0      -2.0958      -2.8813      -3.3795      -3.0631      -2.7343
                 -3.1805      -3.1727      -3.1424      -3.3828      -2.5095
   3      0      -2.0956      -2.8828      -3.3806      -3.0645      -2.7352
                 -3.1793      -3.1740      -3.1451      -3.3836      -2.5079
   4      0      -2.0983      -2.8840      -3.3770      -3.0638      -2.7356
                 -3.1803      -3.1740      -3.1429      -3.3798      -2.5143
   5      0      -2.0877      -2.8795      -3.3761      -3.0614      -2.7324
                 -3.1763      -3.1699      -3.1347      -3.3767      -2.5083
   5     60      -2.1178      -2.9094      -3.4059      -3.0911      -2.7623
                 -3.2061      -3.1997      -3.1645      -3.4066      -2.5382
   5     80      -2.3870      -3.1772      -3.6730      -3.3572      -3.0304
                 -3.4741      -3.4668      -3.4326      -3.6743      -2.8057
   5    100      -3.1665      -3.9568      -4.4514      -4.1330      -3.8117
                 -4.2556      -4.2450      -4.2141      -4.4543      -3.5839
 
 
 cumulative average & 95% error for solvation free energy
              total             1st component         2nd component         3rd component
  1    -3.5553                0.0163               -1.4759               -2.0956
  2    -3.4940     0.1225     0.0123     0.0080    -1.0171     0.9177    -2.4892     0.7872
  3    -3.3877     0.2241     0.1078     0.1910    -0.7091     0.8125    -2.7863     0.7481
  4    -3.3567     0.1702     0.1362     0.1466    -0.6369     0.5924    -2.8559     0.5470
  5    -3.3460     0.1336     0.0213     0.2564    -0.5354     0.5018    -2.8317     0.4264
  6    -3.3363     0.1108     0.0082     0.2110    -0.4548     0.4403    -2.8897     0.3670
  7    -3.3113     0.1061     0.0514     0.1981    -0.4323     0.3748    -2.9303     0.3206
  8    -3.3174     0.0927     0.0548     0.1717    -0.4150     0.3265    -2.9571     0.2828
  9    -3.3104     0.0830     0.0922     0.1688    -0.3979     0.2899    -3.0045     0.2668
 10    -3.3232     0.0785     0.0382     0.1856    -0.4064     0.2599    -2.9549     0.2585
