 ERmod 0.3.7, Copyright (C) 2000-2019 Nobuyuki Matubayasi
                            2010-2019 Shun Sakuraba
 ERmod comes with ABSOLUTELY NO WARRANTY.
 This is free software, and you can redistribute it
 and/or modify it under certain conditions.
 See LICENSE file for details.
 ERmod 0.3.7, Copyright (C) 2000-2019 Nobuyuki Matubayasi
                            2010-2019 Shun Sakuraba
 ERmod comes with ABSOLUTELY NO WARRANTY.
 This is free software, and you can redistribute it
 and/or modify it under certain conditions.
 See LICENSE file for details.
 
  Number of the   1-th solvent  =           90
  Number of the   2-th solvent  =           90
  Number of the   3-th solvent  =        10000
 
  Be sure that the solvent distribution is homogeneous (radial distribution function is essentially unity) when the solvent molecule is separated beyond distance of   10.0 Angstrom in any direction from any atom within the solute molecule
 
  LJ long-range correction    =        -0.0013     -0.0070     -0.1330
 
  Self-energy of the solute   =         0.0000  kcal/mol
 
 
 cumulative average & 95% error for solvation energy
              total             1st component         2nd component         3rd component
  1    -4.0355               -0.0052               -0.2195               -3.8108
  2    -4.0421     0.0133    -0.0020     0.0064    -0.2291     0.0193    -3.8110     0.0004
  3    -4.0371     0.0126     0.0025     0.0097    -0.2040     0.0515    -3.8356     0.0492
  4    -4.0398     0.0104     0.0049     0.0084    -0.1949     0.0407    -3.8497     0.0448
  5    -4.0356     0.0116     0.0055     0.0066    -0.1835     0.0389    -3.8576     0.0382
  6    -4.0294     0.0155     0.0060     0.0055    -0.1710     0.0404    -3.8644     0.0340
  7    -4.0386     0.0226     0.0032     0.0071    -0.1876     0.0477    -3.8542     0.0352
  8    -4.0413     0.0203     0.0030     0.0062    -0.1888     0.0414    -3.8555     0.0305
  9    -4.0404     0.0180     0.0039     0.0058    -0.1864     0.0368    -3.8579     0.0274
 10    -4.0372     0.0173     0.0053     0.0059    -0.1783     0.0367    -3.8642     0.0276
 
 
 group  inft  solvation free energy     error          difference
  total solvation free energy
   1      0          2.55838           0.01038           0.00459
   1     60          2.54060           0.01047          -0.01320
   1     80          2.43899           0.01100          -0.11480
   1    100          2.14364           0.01243          -0.41015
   2      0          2.55912           0.00949           0.00532
   3      0          2.55379           0.00958          -0.00000
   4      0          2.61459           0.00931           0.06079
   5      0          2.57191           0.00914           0.01811
   5     60          2.54873           0.00924          -0.00506
   5     80          2.42550           0.00978          -0.12829
   5    100          2.15154           0.01089          -0.40225
 
  contribution from  1-th solvent component
   1      0          0.05799           0.00664           0.00328
   1     60          0.05804           0.00671           0.00332
   1     80          0.05823           0.00714           0.00352
   1    100          0.05805           0.00839           0.00333
   2      0          0.05595           0.00592           0.00123
   3      0          0.05472           0.00562           0.00000
   4      0          0.05422           0.00545          -0.00049
   5      0          0.05387           0.00544          -0.00084
   5     60          0.05390           0.00552          -0.00082
   5     80          0.05389           0.00602          -0.00083
   5    100          0.05328           0.00710          -0.00143
 
  contribution from  2-th solvent component
   1      0         -0.03466           0.01525           0.00285
   1     60         -0.03485           0.01527           0.00267
   1     80         -0.03591           0.01541           0.00161
   1    100         -0.03863           0.01580          -0.00112
   2      0         -0.03667           0.01493           0.00085
   3      0         -0.03752           0.01495           0.00000
   4      0         -0.03840           0.01484          -0.00088
   5      0         -0.03905           0.01480          -0.00154
   5     60         -0.03932           0.01482          -0.00180
   5     80         -0.04069           0.01495          -0.00318
   5    100         -0.04341           0.01520          -0.00590
 
  contribution from  3-th solvent component
   1      0          2.53505           0.01350          -0.00154
   1     60          2.51740           0.01352          -0.01919
   1     80          2.41667           0.01367          -0.11992
   1    100          2.12423           0.01426          -0.41236
   2      0          2.53983           0.01358           0.00324
   3      0          2.53659           0.01370           0.00000
   4      0          2.59876           0.01274           0.06217
   5      0          2.55708           0.01339           0.02049
   5     60          2.53415           0.01342          -0.00244
   5     80          2.41230           0.01367          -0.12429
   5    100          2.14167           0.01433          -0.39492
 
 
 group  inft   Estimated free energy: total (kcal/mol)
   1      0       2.5698       2.5487       2.5614       2.5578       2.5598
                  2.5666       2.5317       2.5383       2.5596       2.5901
   1     60       2.5521       2.5308       2.5437       2.5401       2.5419
                  2.5488       2.5138       2.5204       2.5418       2.5727
   1     80       2.4507       2.4284       2.4424       2.4385       2.4400
                  2.4474       2.4111       2.4177       2.4405       2.4731
   1    100       2.1563       2.1316       2.1484       2.1436       2.1433
                  2.1520       2.1131       2.1192       2.1459       2.1830
   2      0       2.5719       2.5508       2.5615       2.5589       2.5607
                  2.5684       2.5339       2.5404       2.5590       2.5857
   3      0       2.5687       2.5456       2.5575       2.5537       2.5551
                  2.5626       2.5271       2.5351       2.5537       2.5788
   4      0       2.6250       2.6059       2.6190       2.6148       2.6173
                  2.6241       2.5881       2.5967       2.6153       2.6397
   5      0       2.5852       2.5626       2.5756       2.5744       2.5743
                  2.5804       2.5455       2.5546       2.5716       2.5948
   5     60       2.5621       2.5392       2.5525       2.5513       2.5511
                  2.5572       2.5221       2.5312       2.5485       2.5720
   5     80       2.4394       2.4154       2.4299       2.4282       2.4274
                  2.4338       2.3978       2.4068       2.4255       2.4508
   5    100       2.1669       2.1406       2.1571       2.1547       2.1520
                  2.1593       2.1218       2.1301       2.1519       2.1810
 
 group  inft   Estimated free energy: 1-th solvent contribution (kcal/mol)
   1      0       0.0476       0.0524       0.0659       0.0630       0.0554
                  0.0533       0.0439       0.0516       0.0698       0.0769
   1     60       0.0475       0.0524       0.0660       0.0631       0.0554
                  0.0534       0.0438       0.0516       0.0699       0.0772
   1     80       0.0471       0.0520       0.0669       0.0634       0.0553
                  0.0535       0.0433       0.0512       0.0709       0.0787
   1    100       0.0452       0.0503       0.0688       0.0634       0.0542
                  0.0529       0.0412       0.0493       0.0729       0.0824
   2      0       0.0465       0.0512       0.0623       0.0607       0.0543
                  0.0520       0.0428       0.0507       0.0661       0.0730
   3      0       0.0456       0.0503       0.0614       0.0590       0.0533
                  0.0512       0.0419       0.0496       0.0643       0.0705
   4      0       0.0453       0.0499       0.0610       0.0585       0.0526
                  0.0509       0.0418       0.0493       0.0637       0.0692
   5      0       0.0450       0.0495       0.0600       0.0584       0.0526
                  0.0508       0.0413       0.0488       0.0636       0.0687
   5     60       0.0449       0.0494       0.0602       0.0585       0.0525
                  0.0508       0.0412       0.0487       0.0638       0.0690
   5     80       0.0442       0.0488       0.0609       0.0586       0.0521
                  0.0506       0.0404       0.0480       0.0646       0.0706
   5    100       0.0421       0.0468       0.0621       0.0580       0.0507
                  0.0496       0.0383       0.0459       0.0659       0.0735
 
 group  inft   Estimated free energy: 2-th solvent contribution (kcal/mol)
   1      0      -0.0525      -0.0596      -0.0278      -0.0334      -0.0200
                 -0.0020      -0.0740      -0.0446      -0.0343       0.0016
   1     60      -0.0527      -0.0598      -0.0280      -0.0336      -0.0202
                 -0.0021      -0.0742      -0.0448      -0.0345       0.0015
   1     80      -0.0540      -0.0610      -0.0291      -0.0348      -0.0212
                 -0.0029      -0.0754      -0.0460      -0.0357       0.0011
   1    100      -0.0571      -0.0642      -0.0319      -0.0378      -0.0239
                 -0.0049      -0.0787      -0.0492      -0.0387       0.0001
   2      0      -0.0542      -0.0610      -0.0287      -0.0351      -0.0225
                 -0.0039      -0.0755      -0.0472      -0.0359      -0.0026
   3      0      -0.0547      -0.0624      -0.0296      -0.0360      -0.0230
                 -0.0050      -0.0768      -0.0477      -0.0362      -0.0038
   4      0      -0.0558      -0.0631      -0.0300      -0.0368      -0.0241
                 -0.0061      -0.0774      -0.0486      -0.0369      -0.0053
   5      0      -0.0567      -0.0649      -0.0304      -0.0376      -0.0246
                 -0.0070      -0.0769      -0.0490      -0.0375      -0.0060
   5     60      -0.0570      -0.0652      -0.0306      -0.0378      -0.0249
                 -0.0072      -0.0772      -0.0493      -0.0378      -0.0062
   5     80      -0.0585      -0.0668      -0.0320      -0.0393      -0.0262
                 -0.0083      -0.0788      -0.0508      -0.0393      -0.0070
   5    100      -0.0614      -0.0698      -0.0348      -0.0423      -0.0289
                 -0.0105      -0.0819      -0.0538      -0.0422      -0.0085
 
 group  inft   Estimated free energy: 3-th solvent contribution (kcal/mol)
   1      0       2.5748       2.5559       2.5233       2.5282       2.5244
                  2.5152       2.5618       2.5313       2.5241       2.5116
   1     60       2.5573       2.5382       2.5056       2.5106       2.5067
                  2.4975       2.5441       2.5136       2.5064       2.4940
   1     80       2.4576       2.4375       2.4046       2.4099       2.4059
                  2.3968       2.4432       2.4126       2.4053       2.3933
   1    100       2.1683       2.1455       2.1115       2.1180       2.1130
                  2.1040       2.1506       2.1192       2.1116       2.1005
   2      0       2.5796       2.5607       2.5279       2.5333       2.5289
                  2.5203       2.5666       2.5369       2.5287       2.5154
   3      0       2.5778       2.5577       2.5257       2.5306       2.5248
                  2.5165       2.5620       2.5332       2.5256       2.5120
   4      0       2.6354       2.6191       2.5880       2.5930       2.5888
                  2.5793       2.6238       2.5960       2.5885       2.5758
   5      0       2.5969       2.5780       2.5460       2.5535       2.5464
                  2.5366       2.5811       2.5548       2.5455       2.5321
   5     60       2.5742       2.5550       2.5230       2.5306       2.5234
                  2.5136       2.5582       2.5318       2.5225       2.5092
   5     80       2.4537       2.4334       2.4009       2.4090       2.4014
                  2.3915       2.4362       2.4096       2.4001       2.3872
   5    100       2.1862       2.1636       2.1298       2.1390       2.1303
                  2.1202       2.1654       2.1380       2.1282       2.1160
 
 
 cumulative average & 95% error for solvation free energy
              total             1st component         2nd component         3rd component
  1     2.5687                0.0456               -0.0547                2.5778
  2     2.5572     0.0231     0.0480     0.0047    -0.0586     0.0077     2.5678     0.0201
  3     2.5573     0.0133     0.0524     0.0093    -0.0489     0.0198     2.5537     0.0304
  4     2.5564     0.0096     0.0541     0.0074    -0.0457     0.0154     2.5479     0.0244
  5     2.5561     0.0074     0.0539     0.0057    -0.0411     0.0150     2.5433     0.0210
  6     2.5572     0.0065     0.0535     0.0048    -0.0351     0.0172     2.5388     0.0194
  7     2.5529     0.0102     0.0518     0.0052    -0.0411     0.0188     2.5421     0.0176
  8     2.5507     0.0099     0.0516     0.0045    -0.0419     0.0163     2.5410     0.0154
  9     2.5510     0.0087     0.0530     0.0049    -0.0413     0.0145     2.5393     0.0140
 10     2.5538     0.0096     0.0547     0.0056    -0.0375     0.0149     2.5366     0.0137
