 ERmod 0.3.7, Copyright (C) 2000-2019 Nobuyuki Matubayasi
                            2010-2019 Shun Sakuraba
 ERmod comes with ABSOLUTELY NO WARRANTY.
 This is free software, and you can redistribute it
 and/or modify it under certain conditions.
 See LICENSE file for details.
 ERmod 0.3.7, Copyright (C) 2000-2019 Nobuyuki Matubayasi
                            2010-2019 Shun Sakuraba
 ERmod comes with ABSOLUTELY NO WARRANTY.
 This is free software, and you can redistribute it
 and/or modify it under certain conditions.
 See LICENSE file for details.
 
  Number of the   1-th solvent  =          180
  Number of the   2-th solvent  =          180
  Number of the   3-th solvent  =        10000
 
  Be sure that the solvent distribution is homogeneous (radial distribution function is essentially unity) when the solvent molecule is separated beyond distance of   10.0 Angstrom in any direction from any atom within the solute molecule
 
  LJ long-range correction    =        -0.0019     -0.0641     -0.6068
 
  Self-energy of the solute   =        -0.0001  kcal/mol
 
 
 cumulative average & 95% error for solvation energy
              total             1st component         2nd component         3rd component
  1   -28.5894               -0.3898               -2.0146              -26.1849
  2   -28.5577     0.0636    -1.4091     2.0386    -1.7062     0.6168   -25.4423     1.4853
  3   -28.5120     0.0984    -1.1886     1.2569    -1.7761     0.3826   -25.5472     0.8828
  4   -28.4592     0.1264    -0.7789     1.2088    -1.9081     0.3780   -25.7721     0.7695
  5   -28.4624     0.0981    -0.7387     0.9398    -1.8618     0.3071   -25.8618     0.6224
  6   -28.4852     0.0923    -0.8575     0.8033    -1.8644     0.2508   -25.7633     0.5451
  7   -28.5488     0.1492    -0.9193     0.6900    -2.0754     0.4722   -25.5542     0.6223
  8   -28.5827     0.1458    -1.0765     0.6753    -2.1687     0.4495   -25.3374     0.6916
  9   -28.5765     0.1292    -0.9647     0.6361    -2.1447     0.3993   -25.4671     0.6628
 10   -28.6000     0.1247    -1.0812     0.6148    -2.1863     0.3667   -25.3325     0.6510
 
 
 group  inft  solvation free energy     error          difference
  total solvation free energy
   1      0         -4.18204           0.10953           0.00477
   1     60         -4.21796           0.10955          -0.03115
   1     80         -4.47739           0.10973          -0.29058
   1    100         -5.30552           0.11010          -1.11871
   2      0         -4.18595           0.11025           0.00086
   3      0         -4.18681           0.11099           0.00000
   4      0         -4.19116           0.11233          -0.00435
   5      0         -4.18891           0.10959          -0.00211
   5     60         -4.23699           0.10963          -0.05018
   5     80         -4.55411           0.10986          -0.36731
   5    100         -5.31350           0.11026          -1.12669
 
  contribution from  1-th solvent component
   1      0         -0.28194           0.32575           0.01335
   1     60         -0.28097           0.32580           0.01433
   1     80         -0.27479           0.32623           0.02050
   1    100         -0.25886           0.32754           0.03643
   2      0         -0.29087           0.32680           0.00443
   3      0         -0.29529           0.32659           0.00000
   4      0         -0.29820           0.32533          -0.00291
   5      0         -0.29918           0.32578          -0.00389
   5     60         -0.29796           0.32586          -0.00266
   5     80         -0.29094           0.32640           0.00435
   5    100         -0.27752           0.32771           0.01778
 
  contribution from  2-th solvent component
   1      0         -1.24552           0.19138          -0.01161
   1     60         -1.24647           0.19138          -0.01255
   1     80         -1.25310           0.19141          -0.01919
   1    100         -1.27391           0.19145          -0.03999
   2      0         -1.23727           0.19088          -0.00336
   3      0         -1.23391           0.19124           0.00000
   4      0         -1.23332           0.19091           0.00060
   5      0         -1.23174           0.19015           0.00217
   5     60         -1.23300           0.19015           0.00091
   5     80         -1.24112           0.19017          -0.00721
   5    100         -1.26014           0.19019          -0.02622
 
  contribution from  3-th solvent component
   1      0         -2.65453           0.34605           0.00302
   1     60         -2.69047           0.34609          -0.03293
   1     80         -2.94944           0.34645          -0.29189
   1    100         -3.77270           0.34842          -1.11516
   2      0         -2.65776           0.34570          -0.00021
   3      0         -2.65755           0.34574           0.00000
   4      0         -2.65959           0.34400          -0.00204
   5      0         -2.65794           0.34536          -0.00039
   5     60         -2.70598           0.34541          -0.04843
   5     80         -3.02200           0.34588          -0.36445
   5    100         -3.77579           0.34773          -1.11824
 
 
 group  inft   Estimated free energy: total (kcal/mol)
   1      0      -4.1341      -3.9765      -4.0439      -3.9469      -4.1480
                 -4.2735      -4.3642      -4.5059      -4.1869      -4.2404
   1     60      -4.1701      -4.0125      -4.0799      -3.9825      -4.1841
                 -4.3094      -4.4002      -4.5418      -4.2230      -4.2762
   1     80      -4.4295      -4.2716      -4.3400      -4.2396      -4.4446
                 -4.5685      -4.6599      -4.8010      -4.4835      -4.5355
   1    100      -5.2579      -5.0962      -5.1699      -5.0633      -5.2769
                 -5.3970      -5.4869      -5.6283      -5.3170      -5.3618
   2      0      -4.1426      -3.9778      -4.0587      -3.9515      -4.1407
                 -4.2788      -4.3766      -4.5127      -4.1769      -4.2432
   3      0      -4.1495      -3.9768      -4.0604      -3.9469      -4.1439
                 -4.2816      -4.3801      -4.5147      -4.1790      -4.2353
   4      0      -4.1514      -3.9782      -4.0691      -3.9477      -4.1405
                 -4.2892      -4.3898      -4.5207      -4.1833      -4.2417
   5      0      -4.1523      -3.9777      -4.0655      -3.9488      -4.1465
                 -4.2781      -4.3831      -4.5067      -4.1872      -4.2432
   5     60      -4.2004      -4.0258      -4.1137      -3.9964      -4.1948
                 -4.3261      -4.4313      -4.5547      -4.2355      -4.2912
   5     80      -4.5177      -4.3424      -4.4316      -4.3106      -4.5135
                 -4.6432      -4.7487      -4.8716      -4.5538      -4.6080
   5    100      -5.2775      -5.0984      -5.1926      -5.0654      -5.2772
                 -5.4035      -5.5070      -5.6300      -5.3178      -5.3656
 
 group  inft   Estimated free energy: 1-th solvent contribution (kcal/mol)
   1      0       0.0439      -0.9194      -0.1208       0.5957      -0.0118
                 -0.4805      -0.4484      -0.9237       0.2360      -0.7904
   1     60       0.0449      -0.9185      -0.1199       0.5970      -0.0109
                 -0.4795      -0.4474      -0.9228       0.2370      -0.7895
   1     80       0.0512      -0.9129      -0.1138       0.6054      -0.0051
                 -0.4734      -0.4415      -0.9171       0.2434      -0.7840
   1    100       0.0675      -0.8990      -0.0982       0.6281       0.0098
                 -0.4579      -0.4265      -0.9029       0.2601      -0.7698
   2      0       0.0302      -0.9227      -0.1372       0.5886      -0.0103
                 -0.4956      -0.4697      -0.9330       0.2393      -0.7982
   3      0       0.0222      -0.9291      -0.1444       0.5885      -0.0162
                 -0.5020      -0.4751      -0.9366       0.2340      -0.7943
   4      0       0.0171      -0.9273      -0.1502       0.5839      -0.0184
                 -0.5018      -0.4815      -0.9370       0.2285      -0.7955
   5      0       0.0164      -0.9290      -0.1498       0.5863      -0.0226
                 -0.5037      -0.4785      -0.9373       0.2267      -0.8002
   5     60       0.0176      -0.9279      -0.1486       0.5880      -0.0214
                 -0.5025      -0.4773      -0.9362       0.2280      -0.7991
   5     80       0.0247      -0.9216      -0.1418       0.5980      -0.0151
                 -0.4958      -0.4706      -0.9298       0.2354      -0.7927
   5    100       0.0384      -0.9099      -0.1287       0.6184      -0.0031
                 -0.4832      -0.4581      -0.9180       0.2498      -0.7808
 
 group  inft   Estimated free energy: 2-th solvent contribution (kcal/mol)
   1      0      -1.1243      -0.8609      -1.0736      -1.2339      -1.0229
                 -1.0903      -1.8339      -1.6589      -1.1388      -1.4177
   1     60      -1.1252      -0.8618      -1.0745      -1.2348      -1.0239
                 -1.0913      -1.8349      -1.6598      -1.1397      -1.4186
   1     80      -1.1318      -0.8684      -1.0812      -1.2413      -1.0305
                 -1.0979      -1.8416      -1.6665      -1.1464      -1.4253
   1    100      -1.1524      -0.8891      -1.1022      -1.2618      -1.0513
                 -1.1186      -1.8627      -1.6872      -1.1675      -1.4462
   2      0      -1.1156      -0.8546      -1.0656      -1.2290      -1.0149
                 -1.0787      -1.8214      -1.6519      -1.1308      -1.4101
   3      0      -1.1136      -0.8491      -1.0626      -1.2241      -1.0098
                 -1.0768      -1.8184      -1.6512      -1.1288      -1.4048
   4      0      -1.1102      -0.8498      -1.0656      -1.2221      -1.0062
                 -1.0780      -1.8164      -1.6482      -1.1281      -1.4085
   5      0      -1.1101      -0.8502      -1.0655      -1.2250      -1.0079
                 -1.0713      -1.8157      -1.6406      -1.1256      -1.4056
   5     60      -1.1114      -0.8514      -1.0667      -1.2262      -1.0091
                 -1.0726      -1.8170      -1.6418      -1.1269      -1.4068
   5     80      -1.1194      -0.8595      -1.0749      -1.2342      -1.0173
                 -1.0807      -1.8252      -1.6499      -1.1351      -1.4150
   5    100      -1.1383      -0.8785      -1.0942      -1.2530      -1.0363
                 -1.0996      -1.8444      -1.6689      -1.1544      -1.4340
 
 group  inft   Estimated free energy: 3-th solvent contribution (kcal/mol)
   1      0      -3.0538      -2.1962      -2.8495      -3.3087      -3.1132
                 -2.7027      -2.0818      -1.9233      -3.2841      -2.0322
   1     60      -3.0897      -2.2321      -2.8855      -3.3446      -3.1493
                 -2.7386      -2.1178      -1.9591      -3.3202      -2.0680
   1     80      -3.3489      -2.4902      -3.1449      -3.6037      -3.4090
                 -2.9971      -2.3767      -2.2174      -3.5805      -2.3262
   1    100      -4.1730      -3.3081      -3.9694      -4.4295      -4.2354
                 -3.8204      -3.1977      -3.0381      -4.4096      -3.1459
   2      0      -3.0572      -2.2005      -2.8558      -3.3110      -3.1155
                 -2.7044      -2.0855      -1.9277      -3.2854      -2.0347
   3      0      -3.0580      -2.1985      -2.8534      -3.3113      -3.1179
                 -2.7028      -2.0865      -1.9269      -3.2841      -2.0361
   4      0      -3.0582      -2.2011      -2.8533      -3.3095      -3.1159
                 -2.7093      -2.0919      -1.9354      -3.2836      -2.0377
   5      0      -3.0586      -2.1984      -2.8502      -3.3100      -3.1160
                 -2.7030      -2.0889      -1.9287      -3.2882      -2.0374
   5     60      -3.1066      -2.2464      -2.8983      -3.3581      -3.1642
                 -2.7510      -2.1370      -1.9766      -3.3365      -2.0852
   5     80      -3.4229      -2.5613      -3.2148      -3.6744      -3.4811
                 -3.0666      -2.4529      -2.2917      -3.6540      -2.4003
   5    100      -4.1775      -3.3100      -3.9696      -4.4308      -4.2378
                 -3.8207      -3.2044      -3.0431      -4.4131      -3.1507
 
 
 cumulative average & 95% error for solvation free energy
              total             1st component         2nd component         3rd component
  1    -4.1495                0.0222               -1.1136               -3.0580
  2    -4.0631     0.1727    -0.4535     0.9514    -0.9814     0.2645    -2.6282     0.8596
  3    -4.0622     0.0997    -0.3504     0.5867    -1.0084     0.1620    -2.7033     0.5185
  4    -4.0334     0.0911    -0.1157     0.6265    -1.0623     0.1573    -2.8553     0.4763
  5    -4.0555     0.0833    -0.0958     0.4869    -1.0518     0.1237    -2.9078     0.3836
  6    -4.0932     0.1015    -0.1635     0.4200    -1.0560     0.1013    -2.8736     0.3206
  7    -4.1342     0.1187    -0.2080     0.3659    -1.1649     0.2340    -2.7612     0.3521
  8    -4.1817     0.1400    -0.2991     0.3655    -1.2257     0.2364    -2.6569     0.3694
  9    -4.1814     0.1235    -0.2399     0.3434    -1.2149     0.2096    -2.7266     0.3544
 10    -4.1868     0.1110    -0.2953     0.3266    -1.2339     0.1912    -2.6575     0.3457
