 ERmod 0.3.7, Copyright (C) 2000-2019 Nobuyuki Matubayasi
                            2010-2019 Shun Sakuraba
 ERmod comes with ABSOLUTELY NO WARRANTY.
 This is free software, and you can redistribute it
 and/or modify it under certain conditions.
 See LICENSE file for details.
 ERmod 0.3.7, Copyright (C) 2000-2019 Nobuyuki Matubayasi
                            2010-2019 Shun Sakuraba
 ERmod comes with ABSOLUTELY NO WARRANTY.
 This is free software, and you can redistribute it
 and/or modify it under certain conditions.
 See LICENSE file for details.
 
  Number of the   1-th solvent  =           90
  Number of the   2-th solvent  =           90
  Number of the   3-th solvent  =        10000
 
  Be sure that the solvent distribution is homogeneous (radial distribution function is essentially unity) when the solvent molecule is separated beyond distance of   10.0 Angstrom in any direction from any atom within the solute molecule
 
  LJ long-range correction    =        -0.0045     -0.0323     -0.6124
 
  Self-energy of the solute   =        -0.0001  kcal/mol
 
 
 cumulative average & 95% error for solvation energy
              total             1st component         2nd component         3rd component
  1   -28.1837               -0.7089               -0.9872              -26.4875
  2   -28.1204     0.1265    -0.6229     0.1720    -0.9398     0.0948   -26.5576     0.1403
  3   -28.1743     0.1303    -0.3613     0.5325    -0.9721     0.0846   -26.8408     0.5723
  4   -28.1675     0.0931    -0.2886     0.4037    -0.9116     0.1350   -26.9673     0.4772
  5   -28.1826     0.0782    -0.4132     0.3998    -0.9383     0.1174   -26.8311     0.4592
  6   -28.1924     0.0668    -0.4386     0.3304    -1.0349     0.2157   -26.7188     0.4370
  7   -28.1926     0.0564    -0.4805     0.2916    -1.0232     0.1838   -26.6888     0.3742
  8   -28.1850     0.0512    -0.3978     0.3018    -1.1175     0.2467   -26.6696     0.3263
  9   -28.1870     0.0453    -0.4273     0.2727    -1.1042     0.2192   -26.6554     0.2892
 10   -28.1944     0.0431    -0.4425     0.2458    -1.1088     0.1963   -26.6430     0.2598
 
 
 group  inft  solvation free energy     error          difference
  total solvation free energy
   1      0         -4.02329           0.05275           0.00618
   1     60         -4.05145           0.05278          -0.02198
   1     80         -4.27960           0.05304          -0.25013
   1    100         -5.06266           0.05413          -1.03320
   2      0         -4.03011           0.05314          -0.00064
   3      0         -4.02947           0.05229           0.00000
   4      0         -4.02812           0.05342           0.00135
   5      0         -4.02520           0.05040           0.00427
   5     60         -4.06344           0.05043          -0.03398
   5     80         -4.34608           0.05076          -0.31661
   5    100         -5.06551           0.05174          -1.03605
 
  contribution from  1-th solvent component
   1      0         -0.03139           0.13724           0.00727
   1     60         -0.03145           0.13725           0.00721
   1     80         -0.03231           0.13741           0.00635
   1    100         -0.03621           0.13794           0.00245
   2      0         -0.03785           0.13888           0.00081
   3      0         -0.03866           0.13907          -0.00000
   4      0         -0.04014           0.13870          -0.00148
   5      0         -0.03969           0.13871          -0.00103
   5     60         -0.03981           0.13873          -0.00115
   5     80         -0.04113           0.13894          -0.00247
   5    100         -0.04518           0.13946          -0.00652
 
  contribution from  2-th solvent component
   1      0         -0.63301           0.09355          -0.00398
   1     60         -0.63335           0.09356          -0.00432
   1     80         -0.63607           0.09358          -0.00703
   1    100         -0.64541           0.09363          -0.01637
   2      0         -0.63047           0.09261          -0.00144
   3      0         -0.62903           0.09228           0.00000
   4      0         -0.62707           0.09293           0.00196
   5      0         -0.62744           0.09172           0.00159
   5     60         -0.62791           0.09172           0.00112
   5     80         -0.63133           0.09173          -0.00230
   5    100         -0.64000           0.09174          -0.01096
 
  contribution from  3-th solvent component
   1      0         -3.35882           0.11928           0.00289
   1     60         -3.38658           0.11930          -0.02487
   1     80         -3.61116           0.11934          -0.24945
   1    100         -4.38098           0.11939          -1.01927
   2      0         -3.36173           0.11910          -0.00001
   3      0         -3.36171           0.11882           0.00000
   4      0         -3.36085           0.11891           0.00087
   5      0         -3.35800           0.11895           0.00371
   5     60         -3.39567           0.11898          -0.03396
   5     80         -3.67355           0.11904          -0.31184
   5    100         -4.38027           0.11914          -1.01856
 
 
 group  inft   Estimated free energy: total (kcal/mol)
   1      0      -4.1106      -3.9385      -4.0567      -3.9955      -4.0888
                 -4.1349      -3.9983      -3.8660      -3.9782      -4.0654
   1     60      -4.1387      -3.9667      -4.0849      -4.0236      -4.1170
                 -4.1631      -4.0265      -3.8940      -4.0065      -4.0935
   1     80      -4.3670      -4.1944      -4.3131      -4.2516      -4.3452
                 -4.3917      -4.2549      -4.1207      -4.2353      -4.3222
   1    100      -5.1514      -4.9754      -5.0954      -5.0346      -5.1288
                 -5.1761      -5.0384      -4.8989      -5.0195      -5.1082
   2      0      -4.1208      -3.9527      -4.0646      -4.0028      -4.0899
                 -4.1401      -4.0135      -3.8638      -3.9831      -4.0698
   3      0      -4.1200      -3.9519      -4.0663      -4.0042      -4.0824
                 -4.1367      -4.0173      -3.8653      -3.9813      -4.0692
   4      0      -4.1233      -3.9543      -4.0700      -3.9980      -4.0809
                 -4.1376      -4.0109      -3.8605      -3.9792      -4.0664
   5      0      -4.1174      -3.9560      -4.0556      -4.0002      -4.0708
                 -4.1264      -4.0088      -3.8639      -3.9834      -4.0695
   5     60      -4.1556      -3.9942      -4.0940      -4.0385      -4.1090
                 -4.1647      -4.0471      -3.9020      -4.0217      -4.1077
   5     80      -4.4384      -4.2763      -4.3767      -4.3210      -4.3917
                 -4.4477      -4.3301      -4.1829      -4.3050      -4.3910
   5    100      -5.1590      -4.9939      -5.0957      -5.0404      -5.1118
                 -5.1680      -5.0501      -4.8980      -5.0251      -5.1131
 
 group  inft   Estimated free energy: 1-th solvent contribution (kcal/mol)
   1      0      -0.1748      -0.0771       0.2660       0.1405      -0.2656
                 -0.1729      -0.1761       0.3831      -0.1293      -0.1077
   1     60      -0.1749      -0.0772       0.2660       0.1405      -0.2657
                 -0.1730      -0.1762       0.3831      -0.1294      -0.1078
   1     80      -0.1759      -0.0782       0.2653       0.1399      -0.2668
                 -0.1743      -0.1769       0.3829      -0.1304      -0.1087
   1    100      -0.1800      -0.0826       0.2618       0.1365      -0.2713
                 -0.1795      -0.1807       0.3813      -0.1347      -0.1129
   2      0      -0.1849      -0.0836       0.2641       0.1353      -0.2722
                 -0.1775      -0.1911       0.3814      -0.1359      -0.1140
   3      0      -0.1866      -0.0814       0.2647       0.1349      -0.2694
                 -0.1789      -0.1983       0.3802      -0.1380      -0.1137
   4      0      -0.1894      -0.0825       0.2589       0.1361      -0.2707
                 -0.1774      -0.2000       0.3785      -0.1382      -0.1167
   5      0      -0.1891      -0.0832       0.2642       0.1366      -0.2692
                 -0.1724      -0.2006       0.3758      -0.1413      -0.1179
   5     60      -0.1892      -0.0834       0.2641       0.1366      -0.2693
                 -0.1725      -0.2007       0.3758      -0.1414      -0.1181
   5     80      -0.1907      -0.0849       0.2630       0.1356      -0.2709
                 -0.1743      -0.2020       0.3753      -0.1429      -0.1196
   5    100      -0.1951      -0.0894       0.2595       0.1321      -0.2756
                 -0.1794      -0.2062       0.3735      -0.1472      -0.1240
 
 group  inft   Estimated free energy: 2-th solvent contribution (kcal/mol)
   1      0      -0.6208      -0.5420      -0.6276      -0.4351      -0.5877
                 -0.8395      -0.5512      -0.9366      -0.5571      -0.6326
   1     60      -0.6211      -0.5423      -0.6280      -0.4354      -0.5881
                 -0.8398      -0.5515      -0.9369      -0.5574      -0.6329
   1     80      -0.6240      -0.5449      -0.6307      -0.4381      -0.5908
                 -0.8426      -0.5542      -0.9397      -0.5602      -0.6357
   1    100      -0.6335      -0.5539      -0.6399      -0.4472      -0.6001
                 -0.8518      -0.5635      -0.9493      -0.5696      -0.6451
   2      0      -0.6179      -0.5471      -0.6312      -0.4342      -0.5799
                 -0.8354      -0.5494      -0.9303      -0.5512      -0.6281
   3      0      -0.6151      -0.5482      -0.6342      -0.4379      -0.5752
                 -0.8335      -0.5447      -0.9287      -0.5472      -0.6258
   4      0      -0.6161      -0.5483      -0.6333      -0.4323      -0.5737
                 -0.8345      -0.5412      -0.9271      -0.5453      -0.6190
   5      0      -0.6126      -0.5531      -0.6294      -0.4373      -0.5709
                 -0.8332      -0.5433      -0.9252      -0.5495      -0.6199
   5     60      -0.6131      -0.5535      -0.6299      -0.4378      -0.5714
                 -0.8336      -0.5438      -0.9257      -0.5499      -0.6204
   5     80      -0.6166      -0.5568      -0.6333      -0.4412      -0.5748
                 -0.8370      -0.5472      -0.9292      -0.5534      -0.6239
   5    100      -0.6254      -0.5653      -0.6420      -0.4499      -0.5833
                 -0.8455      -0.5559      -0.9380      -0.5622      -0.6326
 
 group  inft   Estimated free energy: 3-th solvent contribution (kcal/mol)
   1      0      -3.3150      -3.3193      -3.6950      -3.7008      -3.2354
                 -3.1224      -3.2709      -3.3125      -3.2918      -3.3250
   1     60      -3.3427      -3.3471      -3.7229      -3.7286      -3.2631
                 -3.1502      -3.2987      -3.3401      -3.3197      -3.3527
   1     80      -3.5671      -3.5713      -3.9477      -3.9533      -3.4876
                 -3.3748      -3.5237      -3.5639      -3.5447      -3.5777
   1    100      -4.3378      -4.3388      -4.7172      -4.7238      -4.2574
                 -4.1447      -4.2941      -4.3309      -4.3150      -4.3501
   2      0      -3.3180      -3.3220      -3.6974      -3.7038      -3.2377
                 -3.1270      -3.2730      -3.3149      -3.2959      -3.3277
   3      0      -3.3182      -3.3223      -3.6968      -3.7011      -3.2378
                 -3.1243      -3.2743      -3.3167      -3.2961      -3.3297
   4      0      -3.3178      -3.3234      -3.6956      -3.7017      -3.2365
                 -3.1257      -3.2697      -3.3119      -3.2956      -3.3306
   5      0      -3.3156      -3.3196      -3.6904      -3.6995      -3.2307
                 -3.1208      -3.2649      -3.3145      -3.2926      -3.3315
   5     60      -3.3532      -3.3573      -3.7282      -3.7372      -3.2683
                 -3.1585      -3.3026      -3.3520      -3.3303      -3.3691
   5     80      -3.6310      -3.6346      -4.0064      -4.0152      -3.5460
                 -3.4364      -3.5809      -3.6289      -3.6086      -3.6475
   5    100      -4.3384      -4.3391      -4.7131      -4.7226      -4.2528
                 -4.1431      -4.2880      -4.3334      -4.3156      -4.3565
 
 
 cumulative average & 95% error for solvation free energy
              total             1st component         2nd component         3rd component
  1    -4.1200               -0.1866               -0.6151               -3.3182
  2    -4.0360     0.1680    -0.1340     0.1052    -0.5816     0.0669    -3.3203     0.0041
  3    -4.0461     0.0991    -0.0011     0.2726    -0.5991     0.0522    -3.4458     0.2510
  4    -4.0356     0.0731     0.0329     0.2044    -0.5588     0.0886    -3.5096     0.2186
  5    -4.0450     0.0597    -0.0276     0.1992    -0.5621     0.0690    -3.4552     0.2013
  6    -4.0603     0.0575    -0.0528     0.1703    -0.6073     0.1065    -3.4001     0.1979
  7    -4.0541     0.0501    -0.0736     0.1498    -0.5984     0.0918    -3.3821     0.1711
  8    -4.0305     0.0641    -0.0169     0.1724    -0.6397     0.1146    -3.3739     0.1491
  9    -4.0250     0.0576    -0.0303     0.1544    -0.6294     0.1032    -3.3653     0.1326
 10    -4.0295     0.0523    -0.0387     0.1391    -0.6290     0.0923    -3.3617     0.1188
