 
  Number of the   1-th solvent  =           90
  Number of the   2-th solvent  =           90
  Number of the   3-th solvent  =        10000
 
  Be sure that the solvent distribution is homogeneous (radial distribution function is essentially unity) when the solvent molecule is separated beyond distance of   10.0 Angstrom in any direction from any atom within the solute molecule
 
  LJ long-range correction    =        -0.0004     -0.0167     -0.6701
 
  Self-energy of the solute   =         0.0001  kcal/mol
 
 
 cumulative average & 95% error for solvation energy
              total             1st component         2nd component         3rd component
  1   -15.9178                0.2638               -0.4656              -15.7161
  2   -15.9133     0.0089     0.2610     0.0057    -0.4013     0.1286   -15.7731     0.1140
  3   -15.9440     0.0616     0.2597     0.0041    -0.3999     0.0743   -15.8039     0.0902
  4   -15.9399     0.0443     0.2590     0.0032    -0.3935     0.0541   -15.8055     0.0639
  5   -15.9591     0.0516     0.2574     0.0041    -0.4110     0.0546   -15.8056     0.0495
  6   -15.9540     0.0433     0.2572     0.0034    -0.4175     0.0464   -15.7937     0.0468
  7   -15.9502     0.0374     0.2574     0.0029    -0.4139     0.0399   -15.7937     0.0396
  8   -15.9434     0.0351     0.2576     0.0025    -0.4060     0.0380   -15.7951     0.0344
  9   -15.9432     0.0309     0.2574     0.0023    -0.4086     0.0339   -15.7920     0.0309
 10   -15.9413     0.0279     0.2577     0.0021    -0.4105     0.0306   -15.7886     0.0285
 
 
 group  inft  solvation free energy     error          difference
  total solvation free energy
   1      0          3.86748           0.03202           0.01309
   1     60          3.85529           0.03209           0.00090
   1     80          3.72739           0.03283          -0.12700
   1    100          3.16483           0.03594          -0.68955
   2      0          3.85503           0.02968           0.00064
   3      0          3.85439           0.02838           0.00000
   4      0          3.82736           0.02763          -0.02703
   5      0          3.87929           0.03032           0.02490
   5     60          3.86206           0.03041           0.00767
   5     80          3.69448           0.03130          -0.15991
   5    100          3.16383           0.03402          -0.69056
 
  contribution from  1-th solvent component
   1      0          0.22526           0.00611           0.00300
   1     60          0.22563           0.00611           0.00337
   1     80          0.22913           0.00612           0.00688
   1    100          0.24057           0.00620           0.01832
   2      0          0.22274           0.00572           0.00048
   3      0          0.22226           0.00544           0.00000
   4      0          0.22181           0.00548          -0.00045
   5      0          0.22146           0.00519          -0.00079
   5     60          0.22199           0.00519          -0.00027
   5     80          0.22637           0.00521           0.00411
   5    100          0.23691           0.00530           0.01465
 
  contribution from  2-th solvent component
   1      0         -0.21990           0.03315           0.00253
   1     60         -0.21987           0.03323           0.00256
   1     80         -0.21970           0.03402           0.00273
   1    100         -0.22014           0.03715           0.00229
   2      0         -0.22188           0.03268           0.00054
   3      0         -0.22243           0.03238           0.00000
   4      0         -0.22324           0.03214          -0.00081
   5      0         -0.22325           0.03257          -0.00083
   5     60         -0.22322           0.03267          -0.00079
   5     80         -0.22322           0.03365          -0.00079
   5    100         -0.22403           0.03644          -0.00161
 
  contribution from  3-th solvent component
   1      0          3.86206           0.01864           0.00756
   1     60          3.84947           0.01866          -0.00503
   1     80          3.71790           0.01885          -0.13660
   1    100          3.14434           0.01983          -0.71016
   2      0          3.85412           0.01874          -0.00038
   3      0          3.85450           0.01885           0.00000
   4      0          3.82873           0.01840          -0.02577
   5      0          3.88102           0.01884           0.02652
   5     60          3.86324           0.01886           0.00874
   5     80          3.69127           0.01908          -0.16323
   5    100          3.15090           0.01990          -0.70360
 
 
 group  inft   Estimated free energy: total (kcal/mol)
   1      0       3.8694       3.9573       3.8013       3.9075       3.7904
                  3.8553       3.8456       3.9165       3.8603       3.8711
   1     60       3.8572       3.9454       3.7891       3.8954       3.7781
                  3.8430       3.8333       3.9044       3.8481       3.8588
   1     80       3.7285       3.8202       3.6606       3.7684       3.6488
                  3.7144       3.7048       3.7781       3.7197       3.7303
   1    100       3.1632       3.2688       3.0948       3.2098       3.0804
                  3.1496       3.1398       3.2218       3.1552       3.1648
   2      0       3.8566       3.9336       3.7932       3.8866       3.7791
                  3.8447       3.8373       3.9058       3.8514       3.8620
   3      0       3.8537       3.9262       3.7949       3.8808       3.7799
                  3.8459       3.8397       3.9076       3.8535       3.8616
   4      0       3.8260       3.8982       3.7718       3.8516       3.7532
                  3.8204       3.8114       3.8780       3.8253       3.8377
   5      0       3.8774       3.9603       3.8142       3.9189       3.8055
                  3.8718       3.8590       3.9279       3.8754       3.8824
   5     60       3.8601       3.9435       3.7969       3.9018       3.7881
                  3.8545       3.8417       3.9109       3.8581       3.8651
   5     80       3.6915       3.7793       3.6286       3.7352       3.6188
                  3.6860       3.6734       3.7454       3.6900       3.6967
   5    100       3.1583       3.2584       3.0952       3.2076       3.0830
                  3.1533       3.1406       3.2206       3.1580       3.1634
 
 group  inft   Estimated free energy: 1-th solvent contribution (kcal/mol)
   1      0       0.2361       0.2242       0.2180       0.2182       0.2165
                  0.2208       0.2228       0.2203       0.2285       0.2472
   1     60       0.2365       0.2246       0.2184       0.2185       0.2169
                  0.2211       0.2232       0.2206       0.2289       0.2475
   1     80       0.2400       0.2282       0.2219       0.2221       0.2204
                  0.2246       0.2266       0.2240       0.2324       0.2511
   1    100       0.2515       0.2401       0.2334       0.2334       0.2315
                  0.2360       0.2379       0.2352       0.2439       0.2628
   2      0       0.2321       0.2207       0.2155       0.2163       0.2150
                  0.2196       0.2208       0.2175       0.2261       0.2437
   3      0       0.2313       0.2191       0.2152       0.2164       0.2150
                  0.2194       0.2206       0.2179       0.2257       0.2421
   4      0       0.2301       0.2185       0.2150       0.2157       0.2147
                  0.2195       0.2206       0.2164       0.2254       0.2421
   5      0       0.2296       0.2186       0.2146       0.2158       0.2149
                  0.2193       0.2196       0.2161       0.2259       0.2402
   5     60       0.2302       0.2192       0.2151       0.2163       0.2154
                  0.2198       0.2201       0.2166       0.2264       0.2408
   5     80       0.2346       0.2237       0.2195       0.2207       0.2197
                  0.2242       0.2245       0.2209       0.2308       0.2452
   5    100       0.2451       0.2347       0.2300       0.2311       0.2299
                  0.2346       0.2349       0.2313       0.2415       0.2561
 
 group  inft   Estimated free energy: 2-th solvent contribution (kcal/mol)
   1      0      -0.2674      -0.1044      -0.2204      -0.1872      -0.2682
                 -0.2580      -0.2236      -0.1701      -0.2498      -0.2499
   1     60      -0.2674      -0.1041      -0.2204      -0.1871      -0.2683
                 -0.2581      -0.2236      -0.1699      -0.2498      -0.2499
   1     80      -0.2683      -0.1011      -0.2202      -0.1864      -0.2690
                 -0.2589      -0.2237      -0.1684      -0.2505      -0.2505
   1    100      -0.2726      -0.0904      -0.2205      -0.1843      -0.2731
                 -0.2631      -0.2255      -0.1636      -0.2542      -0.2540
   2      0      -0.2685      -0.1084      -0.2217      -0.1902      -0.2704
                 -0.2596      -0.2250      -0.1723      -0.2512      -0.2513
   3      0      -0.2688      -0.1101      -0.2218      -0.1918      -0.2707
                 -0.2600      -0.2252      -0.1729      -0.2513      -0.2517
   4      0      -0.2692      -0.1121      -0.2226      -0.1928      -0.2713
                 -0.2605      -0.2263      -0.1733      -0.2519      -0.2524
   5      0      -0.2694      -0.1095      -0.2236      -0.1913      -0.2714
                 -0.2611      -0.2271      -0.1749      -0.2519      -0.2523
   5     60      -0.2695      -0.1091      -0.2236      -0.1912      -0.2715
                 -0.2612      -0.2271      -0.1747      -0.2520      -0.2524
   5     80      -0.2707      -0.1056      -0.2236      -0.1904      -0.2726
                 -0.2624      -0.2276      -0.1729      -0.2530      -0.2533
   5    100      -0.2750      -0.0966      -0.2242      -0.1889      -0.2768
                 -0.2665      -0.2297      -0.1690      -0.2568      -0.2569
 
 group  inft   Estimated free energy: 3-th solvent contribution (kcal/mol)
   1      0       3.9006       3.8375       3.8037       3.8765       3.8420
                  3.8925       3.8463       3.8662       3.8815       3.8738
   1     60       3.8881       3.8249       3.7910       3.8639       3.8294
                  3.8799       3.8337       3.8537       3.8690       3.8612
   1     80       3.7567       3.6931       3.6589       3.7326       3.6974
                  3.7486       3.7019       3.7225       3.7377       3.7297
   1    100       3.1843       3.1191       3.0819       3.1606       3.1220
                  3.1766       3.1274       3.1501       3.1654       3.1560
   2      0       3.8931       3.8212       3.7993       3.8605       3.8345
                  3.8846       3.8414       3.8605       3.8765       3.8696
   3      0       3.8912       3.8172       3.8014       3.8561       3.8356
                  3.8865       3.8442       3.8626       3.8792       3.8711
   4      0       3.8650       3.7918       3.7793       3.8286       3.8097
                  3.8613       3.8170       3.8349       3.8517       3.8479
   5      0       3.9171       3.8512       3.8231       3.8944       3.8619
                  3.9135       3.8665       3.8867       3.9014       3.8944
   5     60       3.8994       3.8334       3.8053       3.8766       3.8441
                  3.8958       3.8487       3.8689       3.8836       3.8767
   5     80       3.7276       3.6612       3.6326       3.7049       3.6716
                  3.7241       3.6764       3.6974       3.7121       3.7048
   5    100       3.1882       3.1204       3.0894       3.1653       3.1298
                  3.1851       3.1353       3.1582       3.1732       3.1642
 
 
 cumulative average & 95% error for solvation free energy
              total             1st component         2nd component         3rd component
  1     3.8537                0.2313               -0.2688                3.8912
  2     3.8900     0.0725     0.2252     0.0121    -0.1895     0.1587     3.8542     0.0740
  3     3.8583     0.0760     0.2218     0.0097    -0.2002     0.0941     3.8366     0.0553
  4     3.8639     0.0549     0.2205     0.0074    -0.1981     0.0667     3.8415     0.0403
  5     3.8471     0.0542     0.2194     0.0061    -0.2126     0.0592     3.8403     0.0313
  6     3.8469     0.0442     0.2194     0.0050    -0.2205     0.0509     3.8480     0.0299
  7     3.8459     0.0375     0.2196     0.0042    -0.2212     0.0430     3.8475     0.0253
  8     3.8536     0.0359     0.2194     0.0037    -0.2152     0.0392     3.8493     0.0222
  9     3.8536     0.0317     0.2201     0.0035    -0.2192     0.0355     3.8527     0.0207
 10     3.8544     0.0284     0.2223     0.0054    -0.2224     0.0324     3.8545     0.0188
