 ERmod 0.3.7, Copyright (C) 2000-2019 Nobuyuki Matubayasi
                            2010-2019 Shun Sakuraba
 ERmod comes with ABSOLUTELY NO WARRANTY.
 This is free software, and you can redistribute it
 and/or modify it under certain conditions.
 See LICENSE file for details.
 ERmod 0.3.7, Copyright (C) 2000-2019 Nobuyuki Matubayasi
                            2010-2019 Shun Sakuraba
 ERmod comes with ABSOLUTELY NO WARRANTY.
 This is free software, and you can redistribute it
 and/or modify it under certain conditions.
 See LICENSE file for details.
 
  Number of the   1-th solvent  =          180
  Number of the   2-th solvent  =          180
  Number of the   3-th solvent  =        10000
 
  Be sure that the solvent distribution is homogeneous (radial distribution function is essentially unity) when the solvent molecule is separated beyond distance of   10.0 Angstrom in any direction from any atom within the solute molecule
 
  LJ long-range correction    =        -0.0056     -0.0148     -0.2968
 
  Self-energy of the solute   =        -0.0001  kcal/mol
 
 
 cumulative average & 95% error for solvation energy
              total             1st component         2nd component         3rd component
  1   -21.2753               -1.3351               -1.2377              -18.7024
  2   -21.2565     0.0376    -0.9015     0.8673    -1.1770     0.1213   -19.1779     0.9511
  3   -21.3703     0.2287    -1.2204     0.8109    -1.7104     1.0692   -18.4394     1.5758
  4   -21.3314     0.1794    -1.0883     0.6314    -1.5455     0.8249   -18.6976     1.2281
  5   -21.3255     0.1395    -1.1670     0.5137    -1.5167     0.6415   -18.6417     0.9578
  6   -21.3322     0.1147    -1.1709     0.4195    -1.5218     0.5239   -18.6394     0.7821
  7   -21.3214     0.0993    -1.0856     0.3934    -1.5169     0.4429   -18.7188     0.6798
  8   -21.3203     0.0860    -1.1349     0.3547    -1.5202     0.3836   -18.6651     0.5984
  9   -21.3183     0.0759    -1.1274     0.3131    -1.5067     0.3394   -18.6841     0.5291
 10   -21.3334     0.0743    -1.0824     0.2942    -1.5226     0.3052   -18.7284     0.4815
 
 
 group  inft  solvation free energy     error          difference
  total solvation free energy
   1      0         -4.58157           0.13014          -0.00448
   1     60         -4.60691           0.13009          -0.02981
   1     80         -4.77308           0.12989          -0.19599
   1    100         -5.25501           0.12942          -0.67792
   2      0         -4.57840           0.12732          -0.00131
   3      0         -4.57709           0.12671           0.00000
   4      0         -4.57339           0.12713           0.00371
   5      0         -4.57486           0.12477           0.00224
   5     60         -4.60858           0.12470          -0.03148
   5     80         -4.80893           0.12441          -0.23184
   5    100         -5.24912           0.12388          -0.67202
 
  contribution from  1-th solvent component
   1      0         -0.33534           0.17263          -0.00281
   1     60         -0.33561           0.17264          -0.00308
   1     80         -0.33753           0.17269          -0.00500
   1    100         -0.34364           0.17285          -0.01110
   2      0         -0.33379           0.17007          -0.00126
   3      0         -0.33253           0.16934           0.00000
   4      0         -0.33102           0.16776           0.00151
   5      0         -0.32912           0.16735           0.00341
   5     60         -0.32950           0.16736           0.00303
   5     80         -0.33198           0.16738           0.00055
   5    100         -0.33789           0.16742          -0.00536
 
  contribution from  2-th solvent component
   1      0         -0.83142           0.19239          -0.00513
   1     60         -0.83186           0.19240          -0.00557
   1     80         -0.83485           0.19246          -0.00856
   1    100         -0.84376           0.19260          -0.01747
   2      0         -0.82769           0.19098          -0.00140
   3      0         -0.82629           0.19080           0.00000
   4      0         -0.82512           0.19203           0.00118
   5      0         -0.82358           0.19075           0.00271
   5     60         -0.82419           0.19076           0.00210
   5     80         -0.82793           0.19080          -0.00164
   5    100         -0.83628           0.19087          -0.00999
 
  contribution from  3-th solvent component
   1      0         -3.41473           0.22549           0.00346
   1     60         -3.43935           0.22556          -0.02116
   1     80         -3.60062           0.22585          -0.18243
   1    100         -4.06754           0.22657          -0.64935
   2      0         -3.41684           0.22529           0.00135
   3      0         -3.41819           0.22520           0.00000
   4      0         -3.41717           0.22406           0.00102
   5      0         -3.42208           0.22433          -0.00389
   5     60         -3.45481           0.22441          -0.03662
   5     80         -3.64894           0.22476          -0.23075
   5    100         -4.07487           0.22540          -0.65668
 
 
 group  inft   Estimated free energy: total (kcal/mol)
   1      0      -4.5439      -4.5273      -5.1480      -4.4637      -4.5861
                 -4.5325      -4.4237      -4.4939      -4.4999      -4.5968
   1     60      -4.5693      -4.5526      -5.1731      -4.4890      -4.6114
                 -4.5579      -4.4491      -4.5192      -4.5254      -4.6222
   1     80      -4.7358      -4.7188      -5.3383      -4.6548      -4.7774
                 -4.7243      -4.6155      -4.6852      -4.6920      -4.7889
   1    100      -5.2184      -5.2008      -5.8178      -5.1360      -5.2598
                 -5.2073      -5.0977      -5.1663      -5.1744      -5.2718
   2      0      -4.5275      -4.5432      -5.1332      -4.4714      -4.5740
                 -4.5305      -4.4217      -4.4837      -4.5036      -4.5953
   3      0      -4.5279      -4.5438      -5.1298      -4.4691      -4.5701
                 -4.5270      -4.4230      -4.4801      -4.5086      -4.5915
   4      0      -4.5194      -4.5449      -5.1276      -4.4656      -4.5666
                 -4.5290      -4.4149      -4.4772      -4.5052      -4.5834
   5      0      -4.5215      -4.5462      -5.1182      -4.4718      -4.5689
                 -4.5337      -4.4159      -4.4776      -4.5098      -4.5851
   5     60      -4.5553      -4.5799      -5.1516      -4.5055      -4.6025
                 -4.5675      -4.4497      -4.5113      -4.5437      -4.6189
   5     80      -4.7559      -4.7804      -5.3505      -4.7056      -4.8026
                 -4.7681      -4.6504      -4.7113      -4.7446      -4.8199
   5    100      -5.1964      -5.2209      -5.7881      -5.1456      -5.2430
                 -5.2091      -5.0911      -5.1506      -5.1854      -5.2610
 
 group  inft   Estimated free energy: 1-th solvent contribution (kcal/mol)
   1      0      -0.4577      -0.0047      -0.8906      -0.1242      -0.5441
                 -0.3507      -0.0564      -0.4964      -0.3051      -0.1235
   1     60      -0.4580      -0.0049      -0.8909      -0.1245      -0.5444
                 -0.3510      -0.0567      -0.4967      -0.3053      -0.1237
   1     80      -0.4601      -0.0066      -0.8929      -0.1261      -0.5462
                 -0.3528      -0.0588      -0.4988      -0.3072      -0.1256
   1    100      -0.4666      -0.0121      -0.8994      -0.1316      -0.5523
                 -0.3588      -0.0652      -0.5056      -0.3131      -0.1317
   2      0      -0.4484      -0.0127      -0.8828      -0.1285      -0.5424
                 -0.3477      -0.0542      -0.4883      -0.3106      -0.1224
   3      0      -0.4468      -0.0163      -0.8811      -0.1304      -0.5401
                 -0.3460      -0.0518      -0.4827      -0.3103      -0.1198
   4      0      -0.4459      -0.0191      -0.8722      -0.1334      -0.5373
                 -0.3466      -0.0500      -0.4811      -0.3080      -0.1165
   5      0      -0.4443      -0.0178      -0.8665      -0.1321      -0.5384
                 -0.3495      -0.0466      -0.4751      -0.3075      -0.1133
   5     60      -0.4447      -0.0182      -0.8669      -0.1325      -0.5387
                 -0.3499      -0.0470      -0.4756      -0.3079      -0.1137
   5     80      -0.4473      -0.0205      -0.8694      -0.1348      -0.5411
                 -0.3523      -0.0496      -0.4782      -0.3103      -0.1162
   5    100      -0.4535      -0.0262      -0.8754      -0.1403      -0.5468
                 -0.3580      -0.0558      -0.4846      -0.3163      -0.1221
 
 group  inft   Estimated free energy: 2-th solvent contribution (kcal/mol)
   1      0      -0.6921      -0.6617      -1.6576      -0.5624      -0.7464
                 -0.8253      -0.7365      -0.8136      -0.7316      -0.8870
   1     60      -0.6925      -0.6621      -1.6581      -0.5629      -0.7468
                 -0.8257      -0.7369      -0.8140      -0.7320      -0.8875
   1     80      -0.6956      -0.6650      -1.6613      -0.5659      -0.7500
                 -0.8288      -0.7396      -0.8169      -0.7348      -0.8906
   1    100      -0.7045      -0.6737      -1.6708      -0.5748      -0.7591
                 -0.8378      -0.7478      -0.8257      -0.7434      -0.8999
   2      0      -0.6838      -0.6681      -1.6485      -0.5639      -0.7317
                 -0.8214      -0.7351      -0.8091      -0.7296      -0.8858
   3      0      -0.6837      -0.6639      -1.6460      -0.5600      -0.7274
                 -0.8204      -0.7377      -0.8084      -0.7338      -0.8817
   4      0      -0.6773      -0.6674      -1.6501      -0.5564      -0.7261
                 -0.8202      -0.7322      -0.8090      -0.7333      -0.8793
   5      0      -0.6793      -0.6666      -1.6428      -0.5567      -0.7213
                 -0.8197      -0.7296      -0.8083      -0.7326      -0.8789
   5     60      -0.6799      -0.6671      -1.6435      -0.5574      -0.7219
                 -0.8203      -0.7302      -0.8089      -0.7332      -0.8796
   5     80      -0.6837      -0.6708      -1.6474      -0.5612      -0.7258
                 -0.8241      -0.7337      -0.8125      -0.7368      -0.8834
   5    100      -0.6921      -0.6791      -1.6560      -0.5696      -0.7343
                 -0.8325      -0.7416      -0.8207      -0.7448      -0.8919
 
 group  inft   Estimated free energy: 3-th solvent contribution (kcal/mol)
   1      0      -3.3941      -3.8608      -2.5998      -3.7770      -3.2955
                 -3.3564      -3.6306      -3.1838      -3.4632      -3.5862
   1     60      -3.4187      -3.8855      -2.6241      -3.8016      -3.3201
                 -3.3811      -3.6553      -3.2084      -3.4880      -3.6109
   1     80      -3.5801      -4.0471      -2.7839      -3.9627      -3.4811
                 -3.5427      -3.8170      -3.3693      -3.6499      -3.7725
   1    100      -4.0471      -4.5149      -3.2475      -4.4295      -3.9483
                 -4.0105      -4.2846      -3.8349      -4.1178      -4.2402
   2      0      -3.3952      -3.8623      -2.6017      -3.7790      -3.2998
                 -3.3612      -3.6324      -3.1863      -3.4634      -3.5871
   3      0      -3.3974      -3.8637      -2.6027      -3.7786      -3.3025
                 -3.3605      -3.6333      -3.1889      -3.4644      -3.5900
   4      0      -3.3961      -3.8583      -2.6052      -3.7757      -3.3032
                 -3.3621      -3.6326      -3.1870      -3.4638      -3.5876
   5      0      -3.3979      -3.8617      -2.6088      -3.7829      -3.3091
                 -3.3644      -3.6396      -3.1941      -3.4696      -3.5927
   5     60      -3.4306      -3.8945      -2.6411      -3.8156      -3.3417
                 -3.3972      -3.6725      -3.2267      -3.5025      -3.6256
   5     80      -3.6248      -4.0890      -2.8336      -4.0096      -3.5356
                 -3.5917      -3.8671      -3.4205      -3.6974      -3.8202
   5    100      -4.0508      -4.5155      -3.2566      -4.4356      -3.9617
                 -4.0185      -4.2937      -3.8452      -4.1242      -4.2469
 
 
 cumulative average & 95% error for solvation free energy
              total             1st component         2nd component         3rd component
  1    -4.5279               -0.4468               -0.6837               -3.3974
  2    -4.5359     0.0159    -0.2315     0.4305    -0.6738     0.0199    -3.6305     0.4663
  3    -4.7338     0.3960    -0.4480     0.4993    -0.9978     0.6482    -3.2879     0.7362
  4    -4.6677     0.3097    -0.3686     0.3871    -0.8884     0.5080    -3.4106     0.5755
  5    -4.6481     0.2431    -0.4029     0.3076    -0.8562     0.3987    -3.3890     0.4479
  6    -4.6280     0.2025    -0.3934     0.2519    -0.8502     0.3258    -3.3842     0.3658
  7    -4.5987     0.1809    -0.3446     0.2342    -0.8342     0.2772    -3.4198     0.3173
  8    -4.5838     0.1595    -0.3619     0.2057    -0.8309     0.2401    -3.3909     0.2808
  9    -4.5755     0.1416    -0.3562     0.1818    -0.8201     0.2129    -3.3991     0.2481
 10    -4.5771     0.1267    -0.3325     0.1693    -0.8263     0.1908    -3.4182     0.2252
