 ERmod 0.3.7, Copyright (C) 2000-2019 Nobuyuki Matubayasi
                            2010-2019 Shun Sakuraba
 ERmod comes with ABSOLUTELY NO WARRANTY.
 This is free software, and you can redistribute it
 and/or modify it under certain conditions.
 See LICENSE file for details.
 ERmod 0.3.7, Copyright (C) 2000-2019 Nobuyuki Matubayasi
                            2010-2019 Shun Sakuraba
 ERmod comes with ABSOLUTELY NO WARRANTY.
 This is free software, and you can redistribute it
 and/or modify it under certain conditions.
 See LICENSE file for details.
 
  Number of the   1-th solvent  =           90
  Number of the   2-th solvent  =           90
  Number of the   3-th solvent  =        10000
 
  Be sure that the solvent distribution is homogeneous (radial distribution function is essentially unity) when the solvent molecule is separated beyond distance of   10.0 Angstrom in any direction from any atom within the solute molecule
 
  LJ long-range correction    =        -0.0034     -0.0032     -0.4605
 
  Self-energy of the solute   =         0.0000  kcal/mol
 
 
 cumulative average & 95% error for solvation energy
              total             1st component         2nd component         3rd component
  1   -11.4497                0.1289               -0.1876              -11.3910
  2   -11.4560     0.0126     0.1271     0.0035    -0.1849     0.0054   -11.3982     0.0145
  3   -11.4392     0.0344     0.1278     0.0024    -0.1830     0.0050   -11.3840     0.0296
  4   -11.4376     0.0245     0.1301     0.0050    -0.1823     0.0038   -11.3854     0.0211
  5   -11.4432     0.0221     0.1299     0.0039    -0.1827     0.0030   -11.3904     0.0192
  6   -11.4382     0.0206     0.1296     0.0032    -0.1837     0.0032   -11.3841     0.0201
  7   -11.4361     0.0179     0.1302     0.0029    -0.1830     0.0030   -11.3834     0.0171
  8   -11.4400     0.0173     0.1311     0.0031    -0.1847     0.0042   -11.3864     0.0160
  9   -11.4457     0.0190     0.1284     0.0059    -0.1847     0.0037   -11.3894     0.0153
 10   -11.4514     0.0206     0.1292     0.0055    -0.1872     0.0059   -11.3935     0.0160
 
 
 group  inft  solvation free energy     error          difference
  total solvation free energy
   1      0          3.36437           0.01763           0.01602
   1     60          3.35319           0.01766           0.00484
   1     80          3.24858           0.01800          -0.09977
   1    100          2.81145           0.01945          -0.53690
   2      0          3.34831           0.01862          -0.00005
   3      0          3.34835           0.01875           0.00000
   4      0          3.32658           0.01932          -0.02177
   5      0          3.38002           0.01701           0.03167
   5     60          3.36471           0.01705           0.01636
   5     80          3.22918           0.01749          -0.11917
   5    100          2.81886           0.01886          -0.52949
 
  contribution from  1-th solvent component
   1      0          0.21383           0.00890           0.00313
   1     60          0.21387           0.00892           0.00318
   1     80          0.21436           0.00915           0.00367
   1    100          0.21546           0.01032           0.00476
   2      0          0.21155           0.00860           0.00085
   3      0          0.21070           0.00832           0.00000
   4      0          0.21001           0.00840          -0.00069
   5      0          0.21002           0.00829          -0.00067
   5     60          0.21007           0.00831          -0.00062
   5     80          0.21048           0.00862          -0.00022
   5    100          0.21091           0.00969           0.00021
 
  contribution from  2-th solvent component
   1      0         -0.14570           0.00998           0.00374
   1     60         -0.14542           0.01000           0.00402
   1     80         -0.14406           0.01019           0.00538
   1    100         -0.14037           0.01109           0.00907
   2      0         -0.14845           0.00935           0.00098
   3      0         -0.14944           0.00898          -0.00000
   4      0         -0.15007           0.00886          -0.00063
   5      0         -0.14857           0.00915           0.00087
   5     60         -0.14823           0.00917           0.00120
   5     80         -0.14664           0.00943           0.00280
   5    100         -0.14334           0.01035           0.00610
 
  contribution from  3-th solvent component
   1      0          3.29620           0.01600           0.00914
   1     60          3.28470           0.01602          -0.00236
   1     80          3.17825           0.01631          -0.10881
   1    100          2.73632           0.01755          -0.55073
   2      0          3.28518           0.01689          -0.00188
   3      0          3.28706           0.01690           0.00000
   4      0          3.26661           0.01710          -0.02045
   5      0          3.31853           0.01601           0.03148
   5     60          3.30284           0.01605           0.01578
   5     80          3.16531           0.01642          -0.12175
   5    100          2.75126           0.01757          -0.53580
 
 
 group  inft   Estimated free energy: total (kcal/mol)
   1      0       3.3618       3.3437       3.3989       3.3759       3.3389
                  3.3997       3.4019       3.3306       3.3541       3.3382
   1     60       3.3506       3.3325       3.3877       3.3648       3.3277
                  3.3885       3.3908       3.3193       3.3429       3.3269
   1     80       3.2460       3.2275       3.2835       3.2606       3.2225
                  3.2845       3.2872       3.2140       3.2382       3.2219
   1    100       2.8089       2.7886       2.8474       2.8253       2.7820
                  2.8501       2.8543       2.7746       2.8003       2.7831
   2      0       3.3498       3.3244       3.3819       3.3597       3.3251
                  3.3870       3.3895       3.3132       3.3291       3.3232
   3      0       3.3478       3.3246       3.3814       3.3605       3.3262
                  3.3888       3.3898       3.3136       3.3255       3.3252
   4      0       3.3283       3.3017       3.3590       3.3390       3.3059
                  3.3674       3.3705       3.2901       3.3014       3.3026
   5      0       3.3758       3.3625       3.4123       3.3947       3.3522
                  3.4167       3.4136       3.3513       3.3674       3.3537
   5     60       3.3605       3.3472       3.3970       3.3794       3.3369
                  3.4015       3.3984       3.3358       3.3521       3.3383
   5     80       3.2251       3.2110       3.2619       3.2445       3.2005
                  3.2667       3.2642       3.1994       3.2163       3.2021
   5    100       2.8154       2.7988       2.8525       2.8359       2.7874
                  2.8590       2.8577       2.7867       2.8052       2.7899
 
 group  inft   Estimated free energy: 1-th solvent contribution (kcal/mol)
   1      0       0.2134       0.2015       0.2033       0.2185       0.2064
                  0.2130       0.2175       0.2303       0.1934       0.2410
   1     60       0.2135       0.2015       0.2033       0.2185       0.2065
                  0.2130       0.2176       0.2304       0.1934       0.2410
   1     80       0.2141       0.2017       0.2034       0.2191       0.2065
                  0.2134       0.2184       0.2313       0.1934       0.2422
   1    100       0.2157       0.2014       0.2028       0.2207       0.2055
                  0.2141       0.2211       0.2344       0.1921       0.2467
   2      0       0.2113       0.1997       0.2017       0.2154       0.2043
                  0.2111       0.2150       0.2274       0.1916       0.2380
   3      0       0.2109       0.1994       0.2012       0.2145       0.2035
                  0.2107       0.2133       0.2261       0.1912       0.2362
   4      0       0.2101       0.1977       0.2006       0.2138       0.2030
                  0.2101       0.2135       0.2255       0.1903       0.2354
   5      0       0.2102       0.1983       0.2004       0.2139       0.2031
                  0.2088       0.2128       0.2253       0.1915       0.2359
   5     60       0.2103       0.1984       0.2004       0.2140       0.2031
                  0.2089       0.2129       0.2254       0.1915       0.2360
   5     80       0.2108       0.1984       0.2004       0.2145       0.2029
                  0.2091       0.2137       0.2263       0.1913       0.2373
   5    100       0.2118       0.1975       0.1992       0.2154       0.2015
                  0.2090       0.2155       0.2285       0.1897       0.2409
 
 group  inft   Estimated free energy: 2-th solvent contribution (kcal/mol)
   1      0      -0.1483      -0.1366      -0.1327      -0.1391      -0.1401
                 -0.1560      -0.1302      -0.1688      -0.1310      -0.1742
   1     60      -0.1481      -0.1363      -0.1324      -0.1388      -0.1397
                 -0.1557      -0.1299      -0.1686      -0.1307      -0.1740
   1     80      -0.1468      -0.1349      -0.1309      -0.1372      -0.1382
                 -0.1545      -0.1283      -0.1676      -0.1290      -0.1733
   1    100      -0.1432      -0.1308      -0.1263      -0.1326      -0.1336
                 -0.1513      -0.1236      -0.1659      -0.1237      -0.1726
   2      0      -0.1502      -0.1398      -0.1361      -0.1421      -0.1428
                 -0.1580      -0.1344      -0.1704      -0.1354      -0.1753
   3      0      -0.1510      -0.1404      -0.1373      -0.1432      -0.1443
                 -0.1585      -0.1352      -0.1708      -0.1384      -0.1750
   4      0      -0.1513      -0.1416      -0.1388      -0.1442      -0.1445
                 -0.1587      -0.1348      -0.1719      -0.1400      -0.1749
   5      0      -0.1511      -0.1387      -0.1367      -0.1416      -0.1450
                 -0.1581      -0.1383      -0.1679      -0.1324      -0.1759
   5     60      -0.1508      -0.1384      -0.1364      -0.1413      -0.1446
                 -0.1578      -0.1379      -0.1676      -0.1320      -0.1756
   5     80      -0.1492      -0.1368      -0.1345      -0.1394      -0.1427
                 -0.1563      -0.1360      -0.1665      -0.1300      -0.1750
   5    100      -0.1460      -0.1331      -0.1303      -0.1351      -0.1386
                 -0.1534      -0.1318      -0.1650      -0.1251      -0.1750
 
 group  inft   Estimated free energy: 3-th solvent contribution (kcal/mol)
   1      0       3.2967       3.2788       3.3282       3.2965       3.2725
                  3.3426       3.3146       3.2690       3.2917       3.2714
   1     60       3.2851       3.2673       3.3168       3.2850       3.2610
                  3.3312       3.3031       3.2574       3.2802       3.2599
   1     80       3.1786       3.1606       3.2108       3.1787       3.1541
                  3.2255       3.1971       3.1503       3.1738       3.1529
   1    100       2.7363       2.7179       2.7709       2.7372       2.7100
                  2.7873       2.7568       2.7060       2.7318       2.7089
   2      0       3.2887       3.2645       3.3163       3.2864       3.2635
                  3.3339       3.3088       3.2561       3.2729       3.2605
   3      0       3.2879       3.2656       3.3175       3.2891       3.2670
                  3.3367       3.3117       3.2583       3.2727       3.2641
   4      0       3.2695       3.2455       3.2972       3.2694       3.2474
                  3.3159       3.2918       3.2365       3.2510       3.2420
   5      0       3.3167       3.3029       3.3486       3.3224       3.2941
                  3.3659       3.3391       3.2938       3.3082       3.2936
   5     60       3.3010       3.2872       3.3330       3.3067       3.2784
                  3.3503       3.3234       3.2780       3.2925       3.2779
   5     80       3.1635       3.1494       3.1960       3.1693       3.1403
                  3.2139       3.1864       3.1396       3.1550       3.1398
   5    100       2.7496       2.7344       2.7835       2.7556       2.7244
                  2.8034       2.7739       2.7231       2.7406       2.7239
 
 
 cumulative average & 95% error for solvation free energy
              total             1st component         2nd component         3rd component
  1     3.3478                0.2109               -0.1510                3.2879
  2     3.3362     0.0232     0.2052     0.0115    -0.1457     0.0105     3.2767     0.0222
  3     3.3513     0.0330     0.2038     0.0072    -0.1429     0.0083     3.2903     0.0301
  4     3.3536     0.0238     0.2065     0.0074    -0.1430     0.0058     3.2900     0.0213
  5     3.3481     0.0214     0.2059     0.0058    -0.1433     0.0046     3.2854     0.0189
  6     3.3549     0.0221     0.2067     0.0050    -0.1458     0.0063     3.2940     0.0230
  7     3.3599     0.0212     0.2076     0.0046    -0.1443     0.0061     3.2965     0.0201
  8     3.3541     0.0217     0.2099     0.0061    -0.1476     0.0085     3.2917     0.0199
  9     3.3509     0.0202     0.2079     0.0068    -0.1466     0.0078     3.2896     0.0180
 10     3.3484     0.0188     0.2107     0.0083    -0.1494     0.0090     3.2871     0.0169
