 ERmod 0.3.7, Copyright (C) 2000-2019 Nobuyuki Matubayasi
                            2010-2019 Shun Sakuraba
 ERmod comes with ABSOLUTELY NO WARRANTY.
 This is free software, and you can redistribute it
 and/or modify it under certain conditions.
 See LICENSE file for details.
 ERmod 0.3.7, Copyright (C) 2000-2019 Nobuyuki Matubayasi
                            2010-2019 Shun Sakuraba
 ERmod comes with ABSOLUTELY NO WARRANTY.
 This is free software, and you can redistribute it
 and/or modify it under certain conditions.
 See LICENSE file for details.
 
  Number of the   1-th solvent  =           90
  Number of the   2-th solvent  =           90
  Number of the   3-th solvent  =        10000
 
  Be sure that the solvent distribution is homogeneous (radial distribution function is essentially unity) when the solvent molecule is separated beyond distance of   10.0 Angstrom in any direction from any atom within the solute molecule
 
  LJ long-range correction    =        -0.0049     -0.0348     -0.6584
 
  Self-energy of the solute   =         0.0001  kcal/mol
 
 
 cumulative average & 95% error for solvation energy
              total             1st component         2nd component         3rd component
  1   -16.0387                0.1891               -0.6942              -15.5336
  2   -16.0594     0.0413     0.2084     0.0387    -0.7483     0.1082   -15.5196     0.0281
  3   -16.0881     0.0621     0.2136     0.0246    -0.7914     0.1065   -15.5103     0.0246
  4   -16.0759     0.0503     0.2199     0.0215    -0.7655     0.0914   -15.5304     0.0437
  5   -16.0604     0.0498     0.2218     0.0171    -0.7416     0.0854   -15.5407     0.0396
  6   -16.0482     0.0474     0.2209     0.0141    -0.7256     0.0767   -15.5434     0.0328
  7   -16.0636     0.0506     0.2164     0.0148    -0.7418     0.0725   -15.5383     0.0296
  8   -16.0594     0.0446     0.2152     0.0131    -0.7474     0.0637   -15.5273     0.0338
  9   -16.0548     0.0404     0.2160     0.0116    -0.7346     0.0618   -15.5363     0.0348
 10   -16.0492     0.0379     0.2171     0.0106    -0.7160     0.0666   -15.5504     0.0420
 
 
 group  inft  solvation free energy     error          difference
  total solvation free energy
   1      0          3.72806           0.02710           0.01292
   1     60          3.70947           0.02718          -0.00567
   1     80          3.54976           0.02784          -0.16538
   1    100          2.93698           0.03026          -0.77816
   2      0          3.71602           0.02949           0.00088
   3      0          3.71514           0.03062           0.00000
   4      0          3.68734           0.03064          -0.02780
   5      0          3.74253           0.02821           0.02739
   5     60          3.71691           0.02832           0.00177
   5     80          3.51321           0.02915          -0.20193
   5    100          2.93889           0.03140          -0.77625
 
  contribution from  1-th solvent component
   1      0          0.32631           0.01609           0.00277
   1     60          0.32657           0.01617           0.00304
   1     80          0.32832           0.01681           0.00479
   1    100          0.33246           0.01916           0.00892
   2      0          0.32424           0.01606           0.00071
   3      0          0.32353           0.01600           0.00000
   4      0          0.32264           0.01579          -0.00089
   5      0          0.32239           0.01578          -0.00114
   5     60          0.32270           0.01587          -0.00084
   5     80          0.32456           0.01669           0.00103
   5    100          0.32774           0.01888           0.00421
 
  contribution from  2-th solvent component
   1      0         -0.38013           0.03492           0.00170
   1     60         -0.38017           0.03497           0.00166
   1     80         -0.38069           0.03538           0.00115
   1    100         -0.38310           0.03686          -0.00126
   2      0         -0.38146           0.03489           0.00037
   3      0         -0.38183           0.03499           0.00000
   4      0         -0.38289           0.03492          -0.00106
   5      0         -0.38344           0.03448          -0.00161
   5     60         -0.38352           0.03454          -0.00169
   5     80         -0.38433           0.03504          -0.00250
   5    100         -0.38689           0.03635          -0.00506
 
  contribution from  3-th solvent component
   1      0          3.78183           0.02129           0.00844
   1     60          3.76303           0.02131          -0.01036
   1     80          3.60207           0.02152          -0.17132
   1    100          2.98757           0.02247          -0.78582
   2      0          3.77318           0.02013          -0.00020
   3      0          3.77339           0.01972           0.00000
   4      0          3.74753           0.01921          -0.02586
   5      0          3.80353           0.02040           0.03014
   5     60          3.77769           0.02043           0.00430
   5     80          3.57292           0.02069          -0.20046
   5    100          2.99799           0.02157          -0.77540
 
 
 group  inft   Estimated free energy: total (kcal/mol)
   1      0       3.7215       3.7063       3.6762       3.7600       3.7730
                  3.7448       3.6426       3.7438       3.7353       3.7770
   1     60       3.7028       3.6877       3.6576       3.7416       3.7545
                  3.7262       3.6237       3.7251       3.7167       3.7587
   1     80       3.5418       3.5280       3.4974       3.5837       3.5955
                  3.5661       3.4619       3.5649       3.5570       3.6012
   1    100       2.9247       2.9150       2.8830       2.9770       2.9860
                  2.9528       2.8414       2.9507       2.9435       2.9957
   2      0       3.7008       3.6959       3.6620       3.7514       3.7598
                  3.7422       3.6209       3.7272       3.7316       3.7684
   3      0       3.6965       3.6935       3.6620       3.7530       3.7571
                  3.7454       3.6153       3.7249       3.7346       3.7691
   4      0       3.6684       3.6677       3.6342       3.7239       3.7286
                  3.7171       3.5871       3.6955       3.7082       3.7427
   5      0       3.7368       3.7195       3.6861       3.7763       3.7851
                  3.7634       3.6532       3.7549       3.7589       3.7912
   5     60       3.7110       3.6939       3.6604       3.7509       3.7596
                  3.7377       3.6272       3.7292       3.7333       3.7659
   5     80       3.5055       3.4902       3.4562       3.5495       3.5568
                  3.5338       3.4207       3.5248       3.5297       3.5649
   5    100       2.9262       2.9158       2.8804       2.9812       2.9856
                  2.9595       2.8392       2.9492       2.9548       2.9970
 
 group  inft   Estimated free energy: 1-th solvent contribution (kcal/mol)
   1      0       0.3003       0.3484       0.3360       0.3790       0.3399
                  0.3058       0.2992       0.3088       0.3149       0.3307
   1     60       0.3005       0.3487       0.3363       0.3795       0.3402
                  0.3060       0.2993       0.3090       0.3151       0.3311
   1     80       0.3014       0.3514       0.3382       0.3833       0.3420
                  0.3070       0.2997       0.3097       0.3167       0.3337
   1    100       0.3025       0.3588       0.3434       0.3952       0.3466
                  0.3085       0.2992       0.3100       0.3197       0.3408
   2      0       0.2981       0.3457       0.3325       0.3775       0.3371
                  0.3047       0.2970       0.3059       0.3143       0.3297
   3      0       0.2976       0.3446       0.3319       0.3772       0.3353
                  0.3042       0.2961       0.3060       0.3140       0.3286
   4      0       0.2966       0.3435       0.3309       0.3754       0.3345
                  0.3042       0.2955       0.3048       0.3134       0.3275
   5      0       0.2965       0.3429       0.3304       0.3755       0.3340
                  0.3040       0.2955       0.3047       0.3129       0.3275
   5     60       0.2967       0.3433       0.3308       0.3761       0.3343
                  0.3042       0.2956       0.3048       0.3132       0.3279
   5     80       0.2976       0.3462       0.3329       0.3807       0.3363
                  0.3051       0.2958       0.3053       0.3148       0.3308
   5    100       0.2980       0.3523       0.3370       0.3911       0.3400
                  0.3058       0.2947       0.3049       0.3170       0.3366
 
 group  inft   Estimated free energy: 2-th solvent contribution (kcal/mol)
   1      0      -0.3768      -0.4269      -0.4518      -0.3774      -0.3487
                 -0.3542      -0.4401      -0.4128      -0.3443      -0.2684
   1     60      -0.3769      -0.4270      -0.4519      -0.3775      -0.3487
                 -0.3542      -0.4402      -0.4129      -0.3443      -0.2682
   1     80      -0.3777      -0.4280      -0.4528      -0.3783      -0.3489
                 -0.3548      -0.4412      -0.4138      -0.3447      -0.2667
   1    100      -0.3813      -0.4321      -0.4567      -0.3818      -0.3499
                 -0.3575      -0.4453      -0.4176      -0.3465      -0.2623
   2      0      -0.3789      -0.4281      -0.4534      -0.3784      -0.3504
                 -0.3549      -0.4416      -0.4137      -0.3451      -0.2703
   3      0      -0.3790      -0.4289      -0.4538      -0.3784      -0.3504
                 -0.3549      -0.4421      -0.4148      -0.3454      -0.2706
   4      0      -0.3799      -0.4292      -0.4554      -0.3795      -0.3522
                 -0.3553      -0.4430      -0.4157      -0.3467      -0.2719
   5      0      -0.3800      -0.4292      -0.4554      -0.3803      -0.3512
                 -0.3577      -0.4426      -0.4158      -0.3480      -0.2741
   5     60      -0.3802      -0.4294      -0.4555      -0.3804      -0.3513
                 -0.3578      -0.4427      -0.4160      -0.3480      -0.2739
   5     80      -0.3814      -0.4308      -0.4568      -0.3816      -0.3517
                 -0.3587      -0.4441      -0.4172      -0.3486      -0.2723
   5    100      -0.3851      -0.4349      -0.4606      -0.3852      -0.3530
                 -0.3616      -0.4482      -0.4210      -0.3506      -0.2687
 
 group  inft   Estimated free energy: 3-th solvent contribution (kcal/mol)
   1      0       3.7979       3.7847       3.7920       3.7584       3.7818
                  3.7931       3.7834       3.8477       3.7646       3.7146
   1     60       3.7791       3.7659       3.7732       3.7396       3.7630
                  3.7743       3.7646       3.8290       3.7459       3.6957
   1     80       3.6181       3.6045       3.6119       3.5786       3.6023
                  3.6138       3.6033       3.6689       3.5850       3.5342
   1    100       3.0034       2.9883       2.9963       2.9637       2.9892
                  3.0018       2.9875       3.0582       2.9702       2.9171
   2      0       3.7815       3.7783       3.7828       3.7523       3.7730
                  3.7923       3.7655       3.8349       3.7623       3.7089
   3      0       3.7778       3.7776       3.7839       3.7542       3.7722
                  3.7961       3.7614       3.8337       3.7659       3.7111
   4      0       3.7517       3.7533       3.7586       3.7279       3.7462
                  3.7682       3.7345       3.8064       3.7415       3.6871
   5      0       3.8202       3.8058       3.8110       3.7810       3.8022
                  3.8171       3.8001       3.8660       3.7940       3.7378
   5     60       3.7944       3.7799       3.7851       3.7552       3.7764
                  3.7913       3.7742       3.8403       3.7682       3.7119
   5     80       3.5892       3.5747       3.5800       3.5504       3.5721
                  3.5874       3.5690       3.6367       3.5635       3.5064
   5    100       3.0132       2.9984       3.0040       2.9752       2.9986
                  3.0152       2.9926       3.0652       2.9884       2.9291
 
 
 cumulative average & 95% error for solvation free energy
              total             1st component         2nd component         3rd component
  1     3.6965                0.2976               -0.3790                3.7778
  2     3.6950     0.0030     0.3211     0.0470    -0.4039     0.0499     3.7777     0.0002
  3     3.6840     0.0221     0.3247     0.0281    -0.4206     0.0440     3.7798     0.0041
  4     3.7012     0.0379     0.3378     0.0329    -0.4100     0.0376     3.7734     0.0131
  5     3.7124     0.0369     0.3373     0.0255    -0.3981     0.0376     3.7731     0.0102
  6     3.7179     0.0321     0.3318     0.0236    -0.3909     0.0339     3.7770     0.0113
  7     3.7033     0.0399     0.3267     0.0224    -0.3982     0.0322     3.7747     0.0105
  8     3.7060     0.0350     0.3241     0.0201    -0.4003     0.0282     3.7821     0.0173
  9     3.7091     0.0315     0.3230     0.0178    -0.3942     0.0277     3.7803     0.0157
 10     3.7151     0.0306     0.3235     0.0160    -0.3818     0.0350     3.7734     0.0197
