 ERmod 0.3.7, Copyright (C) 2000-2019 Nobuyuki Matubayasi
                            2010-2019 Shun Sakuraba
 ERmod comes with ABSOLUTELY NO WARRANTY.
 This is free software, and you can redistribute it
 and/or modify it under certain conditions.
 See LICENSE file for details.
 ERmod 0.3.7, Copyright (C) 2000-2019 Nobuyuki Matubayasi
                            2010-2019 Shun Sakuraba
 ERmod comes with ABSOLUTELY NO WARRANTY.
 This is free software, and you can redistribute it
 and/or modify it under certain conditions.
 See LICENSE file for details.
 
  Number of the   1-th solvent  =           90
  Number of the   2-th solvent  =           90
  Number of the   3-th solvent  =        10000
 
  Be sure that the solvent distribution is homogeneous (radial distribution function is essentially unity) when the solvent molecule is separated beyond distance of   10.0 Angstrom in any direction from any atom within the solute molecule
 
  LJ long-range correction    =        -0.0063     -0.0166     -0.6659
 
  Self-energy of the solute   =         0.0001  kcal/mol
 
 
 cumulative average & 95% error for solvation energy
              total             1st component         2nd component         3rd component
  1   -15.9793                0.2125               -0.4768              -15.7149
  2   -15.9727     0.0131     0.2162     0.0074    -0.4284     0.0969   -15.7605     0.0912
  3   -15.9849     0.0255     0.2160     0.0043    -0.4287     0.0559   -15.7722     0.0576
  4   -15.9780     0.0227     0.2102     0.0118    -0.4176     0.0454   -15.7707     0.0408
  5   -15.9660     0.0297     0.2086     0.0097    -0.4071     0.0409   -15.7676     0.0322
  6   -15.9595     0.0275     0.2081     0.0080    -0.4058     0.0335   -15.7619     0.0287
  7   -15.9599     0.0233     0.2083     0.0068    -0.4137     0.0324   -15.7546     0.0283
  8   -15.9540     0.0234     0.2111     0.0081    -0.4031     0.0351   -15.7620     0.0286
  9   -15.9632     0.0277     0.2100     0.0074    -0.4058     0.0314   -15.7675     0.0275
 10   -15.9665     0.0256     0.2050     0.0120    -0.4086     0.0287   -15.7630     0.0261
 
 
 group  inft  solvation free energy     error          difference
  total solvation free energy
   1      0          3.99803           0.03345           0.01477
   1     60          3.98538           0.03355           0.00212
   1     80          3.85404           0.03449          -0.12922
   1    100          3.28272           0.03856          -0.70054
   2      0          3.98500           0.03341           0.00174
   3      0          3.98326           0.03358           0.00000
   4      0          3.95470           0.03346          -0.02856
   5      0          4.01010           0.03262           0.02684
   5     60          3.99230           0.03274           0.00904
   5     80          3.82001           0.03398          -0.16325
   5    100          3.28093           0.03779          -0.70232
 
  contribution from  1-th solvent component
   1      0          0.32005           0.01132           0.00277
   1     60          0.32014           0.01136           0.00286
   1     80          0.32109           0.01187           0.00381
   1    100          0.32369           0.01418           0.00641
   2      0          0.31815           0.01108           0.00086
   3      0          0.31728           0.01114           0.00000
   4      0          0.31644           0.01087          -0.00084
   5      0          0.31650           0.01108          -0.00079
   5     60          0.31661           0.01114          -0.00067
   5     80          0.31756           0.01180           0.00028
   5    100          0.31917           0.01391           0.00189
 
  contribution from  2-th solvent component
   1      0         -0.22059           0.03347           0.00213
   1     60         -0.22056           0.03354           0.00216
   1     80         -0.22045           0.03419           0.00228
   1    100         -0.22092           0.03685           0.00180
   2      0         -0.22228           0.03302           0.00044
   3      0         -0.22272           0.03291           0.00000
   4      0         -0.22367           0.03247          -0.00095
   5      0         -0.22396           0.03228          -0.00123
   5     60         -0.22393           0.03237          -0.00121
   5     80         -0.22396           0.03321          -0.00124
   5    100         -0.22474           0.03568          -0.00202
 
  contribution from  3-th solvent component
   1      0          3.89852           0.01781           0.00987
   1     60          3.88574           0.01783          -0.00290
   1     80          3.75333           0.01801          -0.13531
   1    100          3.17990           0.01886          -0.70874
   2      0          3.88908           0.01810           0.00043
   3      0          3.88865           0.01755           0.00000
   4      0          3.86187           0.01787          -0.02677
   5      0          3.91751           0.01746           0.02886
   5     60          3.89957           0.01748           0.01092
   5     80          3.72636           0.01771          -0.16229
   5    100          3.18645           0.01850          -0.70219
 
 
 group  inft   Estimated free energy: total (kcal/mol)
   1      0       3.9673       3.9982       3.9622       3.9913       4.0530
                  4.0174       3.9935       4.1125       3.9327       3.9521
   1     60       3.9546       3.9856       3.9495       3.9786       4.0405
                  4.0048       3.9808       4.1003       3.9199       3.9393
   1     80       3.8227       3.8551       3.8179       3.8467       3.9101
                  3.8737       3.8486       3.9727       3.7871       3.8059
   1    100       3.2500       3.2873       3.2455       3.2724       3.3421
                  3.3035       3.2742       3.4174       3.2084       3.2264
   2      0       3.9532       3.9868       3.9518       3.9799       4.0322
                  4.0057       3.9842       4.1005       3.9133       3.9423
   3      0       3.9488       3.9871       3.9512       3.9790       4.0256
                  4.0056       3.9834       4.1008       3.9116       3.9396
   4      0       3.9223       3.9597       3.9220       3.9512       3.9991
                  3.9768       3.9528       4.0697       3.8791       3.9141
   5      0       3.9734       4.0097       3.9774       4.0081       4.0619
                  4.0273       4.0071       4.1225       3.9464       3.9672
   5     60       3.9555       3.9920       3.9595       3.9902       4.0442
                  4.0095       3.9892       4.1052       3.9284       3.9492
   5     80       3.7825       3.8209       3.7869       3.8170       3.8730
                  3.8376       3.8159       3.9379       3.7540       3.7744
   5    100       3.2421       3.2854       3.2468       3.2747       3.3365
                  3.3001       3.2741       3.4141       3.2075       3.2281
 
 group  inft   Estimated free energy: 1-th solvent contribution (kcal/mol)
   1      0       0.3432       0.3326       0.3288       0.3038       0.3147
                  0.3193       0.3181       0.3432       0.3117       0.2852
   1     60       0.3433       0.3327       0.3289       0.3038       0.3148
                  0.3194       0.3181       0.3434       0.3117       0.2852
   1     80       0.3449       0.3344       0.3305       0.3038       0.3153
                  0.3205       0.3188       0.3459       0.3120       0.2850
   1    100       0.3506       0.3399       0.3359       0.3024       0.3160
                  0.3233       0.3200       0.3551       0.3117       0.2821
   2      0       0.3397       0.3312       0.3269       0.3022       0.3117
                  0.3177       0.3158       0.3417       0.3102       0.2845
   3      0       0.3386       0.3300       0.3263       0.3011       0.3106
                  0.3170       0.3147       0.3416       0.3092       0.2837
   4      0       0.3377       0.3286       0.3254       0.3010       0.3094
                  0.3160       0.3140       0.3400       0.3085       0.2838
   5      0       0.3368       0.3297       0.3257       0.3003       0.3100
                  0.3164       0.3135       0.3409       0.3086       0.2830
   5     60       0.3370       0.3299       0.3259       0.3003       0.3100
                  0.3166       0.3136       0.3412       0.3086       0.2830
   5     80       0.3387       0.3318       0.3276       0.3000       0.3104
                  0.3176       0.3141       0.3442       0.3088       0.2825
   5    100       0.3429       0.3362       0.3317       0.2980       0.3102
                  0.3195       0.3143       0.3519       0.3078       0.2793
 
 group  inft   Estimated free energy: 2-th solvent contribution (kcal/mol)
   1      0      -0.2760      -0.2096      -0.2467      -0.2123      -0.1917
                 -0.2250      -0.2641      -0.0892      -0.2439      -0.2473
   1     60      -0.2761      -0.2095      -0.2467      -0.2122      -0.1916
                 -0.2250      -0.2642      -0.0889      -0.2439      -0.2474
   1     80      -0.2768      -0.2092      -0.2473      -0.2119      -0.1908
                 -0.2251      -0.2649      -0.0862      -0.2443      -0.2478
   1    100      -0.2809      -0.2085      -0.2505      -0.2115      -0.1887
                 -0.2265      -0.2688      -0.0763      -0.2471      -0.2505
   2      0      -0.2766      -0.2105      -0.2490      -0.2143      -0.1939
                 -0.2270      -0.2649      -0.0927      -0.2456      -0.2485
   3      0      -0.2769      -0.2112      -0.2488      -0.2146      -0.1943
                 -0.2272      -0.2648      -0.0936      -0.2469      -0.2489
   4      0      -0.2776      -0.2115      -0.2505      -0.2151      -0.1954
                 -0.2280      -0.2654      -0.0967      -0.2471      -0.2493
   5      0      -0.2772      -0.2118      -0.2502      -0.2163      -0.1948
                 -0.2286      -0.2659      -0.0979      -0.2470      -0.2500
   5     60      -0.2773      -0.2118      -0.2502      -0.2162      -0.1947
                 -0.2286      -0.2660      -0.0975      -0.2470      -0.2501
   5     80      -0.2784      -0.2115      -0.2511      -0.2160      -0.1938
                 -0.2289      -0.2670      -0.0942      -0.2478      -0.2508
   5    100      -0.2824      -0.2113      -0.2545      -0.2162      -0.1922
                 -0.2305      -0.2709      -0.0852      -0.2508      -0.2536
 
 group  inft   Estimated free energy: 3-th solvent contribution (kcal/mol)
   1      0       3.9001       3.8751       3.8801       3.8997       3.9300
                  3.9230       3.9395       3.8586       3.8649       3.9142
   1     60       3.8873       3.8623       3.8673       3.8870       3.9173
                  3.9103       3.9268       3.8458       3.8521       3.9014
   1     80       3.7545       3.7298       3.7346       3.7547       3.7856
                  3.7783       3.7947       3.7130       3.7194       3.7688
   1    100       3.1802       3.1559       3.1599       3.1815       3.2148
                  3.2067       3.2230       3.1386       3.1437       3.1947
   2      0       3.8901       3.8660       3.8738       3.8920       3.9143
                  3.9150       3.9332       3.8515       3.8487       3.9063
   3      0       3.8871       3.8682       3.8737       3.8925       3.9092
                  3.9157       3.9334       3.8526       3.8493       3.9047
   4      0       3.8622       3.8425       3.8471       3.8653       3.8851
                  3.8888       3.9041       3.8264       3.8177       3.8796
   5      0       3.9137       3.8918       3.9018       3.9241       3.9467
                  3.9394       3.9594       3.8795       3.8847       3.9341
   5     60       3.8958       3.8738       3.8838       3.9061       3.9288
                  3.9215       3.9415       3.8615       3.8667       3.9162
   5     80       3.7222       3.7006       3.7103       3.7330       3.7564
                  3.7489       3.7688       3.6879       3.6929       3.7427
   5    100       3.1816       3.1604       3.1695       3.1930       3.2185
                  3.2110       3.2307       3.1473       3.1504       3.2023
 
 
 cumulative average & 95% error for solvation free energy
              total             1st component         2nd component         3rd component
  1     3.9488                0.3386               -0.2769                3.8871
  2     3.9679     0.0383     0.3343     0.0086    -0.2440     0.0657     3.8776     0.0188
  3     3.9623     0.0248     0.3316     0.0073    -0.2456     0.0381     3.8763     0.0112
  4     3.9665     0.0194     0.3240     0.0161    -0.2379     0.0311     3.8804     0.0113
  5     3.9783     0.0280     0.3213     0.0136    -0.2292     0.0297     3.8861     0.0145
  6     3.9829     0.0246     0.3206     0.0112    -0.2288     0.0243     3.8911     0.0154
  7     3.9829     0.0208     0.3197     0.0096    -0.2340     0.0229     3.8971     0.0178
  8     3.9977     0.0345     0.3225     0.0100    -0.2164     0.0403     3.8916     0.0190
  9     3.9881     0.0359     0.3210     0.0093    -0.2198     0.0362     3.8869     0.0192
 10     3.9833     0.0336     0.3173     0.0111    -0.2227     0.0329     3.8886     0.0175
