 ERmod 0.3.7, Copyright (C) 2000-2019 Nobuyuki Matubayasi
                            2010-2019 Shun Sakuraba
 ERmod comes with ABSOLUTELY NO WARRANTY.
 This is free software, and you can redistribute it
 and/or modify it under certain conditions.
 See LICENSE file for details.
 ERmod 0.3.7, Copyright (C) 2000-2019 Nobuyuki Matubayasi
                            2010-2019 Shun Sakuraba
 ERmod comes with ABSOLUTELY NO WARRANTY.
 This is free software, and you can redistribute it
 and/or modify it under certain conditions.
 See LICENSE file for details.
 
  Number of the   1-th solvent  =          180
  Number of the   2-th solvent  =          180
  Number of the   3-th solvent  =        10000
 
  Be sure that the solvent distribution is homogeneous (radial distribution function is essentially unity) when the solvent molecule is separated beyond distance of   10.0 Angstrom in any direction from any atom within the solute molecule
 
  LJ long-range correction    =        -0.0102     -0.0569     -0.5394
 
  Self-energy of the solute   =         0.0000  kcal/mol
 
 
 cumulative average & 95% error for solvation energy
              total             1st component         2nd component         3rd component
  1   -14.0959                0.3183               -1.2385              -13.1758
  2   -14.0480     0.0959     0.3064     0.0239    -1.1372     0.2025   -13.2172     0.0827
  3   -14.0017     0.1078     0.3143     0.0210    -1.0899     0.1504   -13.2262     0.0510
  4   -14.0154     0.0810     0.3122     0.0155    -1.1014     0.1088   -13.2263     0.0361
  5   -13.9964     0.0734     0.3113     0.0121    -1.0783     0.0961   -13.2295     0.0287
  6   -14.0114     0.0670     0.3071     0.0129    -1.1128     0.1044   -13.2059     0.0527
  7   -13.9949     0.0656     0.3083     0.0112    -1.0936     0.0962   -13.2096     0.0452
  8   -13.9924     0.0570     0.3129     0.0133    -1.0805     0.0874   -13.2249     0.0496
  9   -13.9917     0.0503     0.3126     0.0117    -1.0894     0.0791   -13.2149     0.0481
 10   -13.9870     0.0459     0.3116     0.0107    -1.0829     0.0719   -13.2158     0.0430
 
 
 group  inft  solvation free energy     error          difference
  total solvation free energy
   1      0          3.27876           0.03291           0.01252
   1     60          3.25610           0.03302          -0.01014
   1     80          3.08733           0.03386          -0.17890
   1    100          2.50077           0.03676          -0.76546
   2      0          3.26614           0.03541          -0.00009
   3      0          3.26623           0.03642           0.00000
   4      0          3.24037           0.03664          -0.02586
   5      0          3.29715           0.03370           0.03091
   5     60          3.26635           0.03385           0.00011
   5     80          3.05494           0.03496          -0.21129
   5    100          2.50894           0.03774          -0.75729
 
  contribution from  1-th solvent component
   1      0          0.51104           0.01866           0.00318
   1     60          0.51142           0.01883           0.00356
   1     80          0.51335           0.02020           0.00548
   1    100          0.51547           0.02444           0.00761
   2      0          0.50861           0.01865           0.00075
   3      0          0.50786           0.01868          -0.00000
   4      0          0.50647           0.01846          -0.00140
   5      0          0.50637           0.01863          -0.00149
   5     60          0.50680           0.01887          -0.00107
   5     80          0.50857           0.02051           0.00070
   5    100          0.50953           0.02432           0.00166
 
  contribution from  2-th solvent component
   1      0         -0.56680           0.03519           0.00245
   1     60         -0.56702           0.03524           0.00223
   1     80         -0.56864           0.03555           0.00061
   1    100         -0.57460           0.03658          -0.00535
   2      0         -0.56869           0.03529           0.00056
   3      0         -0.56925           0.03550           0.00000
   4      0         -0.57102           0.03530          -0.00177
   5      0         -0.57128           0.03512          -0.00203
   5     60         -0.57160           0.03517          -0.00235
   5     80         -0.57384           0.03554          -0.00459
   5    100         -0.57976           0.03643          -0.01051
 
  contribution from  3-th solvent component
   1      0          3.33447           0.01845           0.00690
   1     60          3.31164           0.01848          -0.01593
   1     80          3.14258           0.01867          -0.18499
   1    100          2.55985           0.01948          -0.76772
   2      0          3.32617           0.01885          -0.00140
   3      0          3.32757           0.01886           0.00000
   4      0          3.30487           0.01883          -0.02270
   5      0          3.36200           0.01711           0.03443
   5     60          3.33110           0.01714           0.00353
   5     80          3.12017           0.01741          -0.20740
   5    100          2.57912           0.01826          -0.74845
 
 
 group  inft   Estimated free energy: total (kcal/mol)
   1      0       3.2201       3.2522       3.3329       3.2259       3.3158
                  3.1974       3.3279       3.3308       3.2697       3.3148
   1     60       3.1976       3.2293       3.3105       3.2031       3.2930
                  3.1743       3.3052       3.3088       3.2470       3.2922
   1     80       3.0296       3.0584       3.1430       3.0332       3.1238
                  3.0024       3.1368       3.1445       3.0786       3.1230
   1    100       2.4450       2.4648       2.5607       2.4429       2.5357
                  2.4062       2.5524       2.5712       2.4931       2.5357
   2      0       3.1949       3.2322       3.3280       3.2179       3.3074
                  3.1809       3.3186       3.3214       3.2619       3.2982
   3      0       3.1914       3.2292       3.3313       3.2189       3.3078
                  3.1796       3.3183       3.3247       3.2630       3.2982
   4      0       3.1645       3.2026       3.3061       3.1954       3.2833
                  3.1521       3.2915       3.2990       3.2376       3.2716
   5      0       3.2344       3.2676       3.3580       3.2511       3.3354
                  3.2128       3.3412       3.3559       3.2884       3.3265
   5     60       3.2037       3.2364       3.3274       3.2201       3.3046
                  3.1814       3.3105       3.3259       3.2577       3.2957
   5     80       2.9930       3.0222       3.1177       3.0074       3.0925
                  2.9663       3.0997       3.1199       3.0468       3.0839
   5    100       2.4481       2.4692       2.5757       2.4579       2.5453
                  2.4119       2.5561       2.5858       2.5022       2.5373
 
 group  inft   Estimated free energy: 1-th solvent contribution (kcal/mol)
   1      0       0.5401       0.4914       0.5219       0.4995       0.4935
                  0.4851       0.5021       0.5810       0.5031       0.4927
   1     60       0.5408       0.4916       0.5224       0.4998       0.4936
                  0.4852       0.5024       0.5820       0.5035       0.4929
   1     80       0.5456       0.4920       0.5249       0.5012       0.4940
                  0.4850       0.5035       0.5886       0.5054       0.4934
   1    100       0.5563       0.4891       0.5289       0.5018       0.4913
                  0.4806       0.5031       0.6054       0.5072       0.4910
   2      0       0.5361       0.4881       0.5203       0.4972       0.4915
                  0.4830       0.4999       0.5790       0.5013       0.4897
   3      0       0.5343       0.4871       0.5205       0.4966       0.4911
                  0.4826       0.4988       0.5786       0.5009       0.4882
   4      0       0.5319       0.4860       0.5189       0.4962       0.4899
                  0.4810       0.4973       0.5766       0.4999       0.4871
   5      0       0.5329       0.4857       0.5178       0.4956       0.4885
                  0.4814       0.4970       0.5772       0.5000       0.4876
   5     60       0.5338       0.4859       0.5183       0.4960       0.4886
                  0.4815       0.4973       0.5784       0.5004       0.4878
   5     80       0.5388       0.4857       0.5209       0.4972       0.4885
                  0.4808       0.4979       0.5859       0.5021       0.4878
   5    100       0.5472       0.4820       0.5237       0.4968       0.4849
                  0.4761       0.4965       0.6002       0.5030       0.4848
 
 group  inft   Estimated free energy: 2-th solvent contribution (kcal/mol)
   1      0      -0.6459      -0.5449      -0.5315      -0.5948      -0.5176
                 -0.6656      -0.5119      -0.5268      -0.5983      -0.5307
   1     60      -0.6463      -0.5451      -0.5317      -0.5951      -0.5178
                 -0.6659      -0.5120      -0.5270      -0.5985      -0.5308
   1     80      -0.6489      -0.5466      -0.5333      -0.5971      -0.5190
                 -0.6683      -0.5130      -0.5283      -0.5999      -0.5319
   1    100      -0.6581      -0.5522      -0.5392      -0.6043      -0.5235
                 -0.6768      -0.5169      -0.5334      -0.6053      -0.5363
   2      0      -0.6483      -0.5477      -0.5324      -0.5954      -0.5187
                 -0.6680      -0.5137      -0.5288      -0.6004      -0.5335
   3      0      -0.6493      -0.5485      -0.5324      -0.5961      -0.5187
                 -0.6692      -0.5140      -0.5291      -0.6009      -0.5342
   4      0      -0.6504      -0.5509      -0.5337      -0.5966      -0.5209
                 -0.6706      -0.5165      -0.5304      -0.6034      -0.5367
   5      0      -0.6498      -0.5503      -0.5344      -0.5979      -0.5211
                 -0.6694      -0.5165      -0.5319      -0.6053      -0.5363
   5     60      -0.6503      -0.5506      -0.5347      -0.5983      -0.5213
                 -0.6698      -0.5167      -0.5322      -0.6056      -0.5365
   5     80      -0.6537      -0.5528      -0.5369      -0.6010      -0.5231
                 -0.6730      -0.5181      -0.5342      -0.6075      -0.5382
   5    100      -0.6624      -0.5585      -0.5427      -0.6080      -0.5278
                 -0.6812      -0.5221      -0.5394      -0.6128      -0.5427
 
 group  inft   Estimated free energy: 3-th solvent contribution (kcal/mol)
   1      0       3.3260       3.3057       3.3425       3.3212       3.3399
                  3.3778       3.3376       3.2766       3.3648       3.3528
   1     60       3.3030       3.2828       3.3197       3.2983       3.3171
                  3.3550       3.3148       3.2537       3.3420       3.3300
   1     80       3.1329       3.1130       3.1514       3.1291       3.1486
                  3.1857       3.1463       3.0841       3.1731       3.1615
   1    100       2.5468       2.5279       2.5709       2.5453       2.5679
                  2.6024       2.5661       2.4992       2.5911       2.5809
   2      0       3.3070       3.2917       3.3400       3.3161       3.3345
                  3.3657       3.3324       3.2713       3.3610       3.3419
   3      0       3.3064       3.2906       3.3432       3.3183       3.3354
                  3.3661       3.3334       3.2752       3.3630       3.3441
   4      0       3.2830       3.2675       3.3208       3.2957       3.3142
                  3.3416       3.3108       3.2528       3.3411       3.3212
   5      0       3.3513       3.3322       3.3745       3.3533       3.3680
                  3.4006       3.3606       3.3106       3.3937       3.3752
   5     60       3.3202       3.3012       3.3437       3.3224       3.3372
                  3.3697       3.3298       3.2796       3.3628       3.3444
   5     80       3.1078       3.0892       3.1337       3.1112       3.1270
                  3.1585       3.1198       3.0681       3.1522       3.1342
   5    100       2.5633       2.5456       2.5945       2.5691       2.5880
                  2.6170       2.5816       2.5250       2.6120       2.5951
 
 
 cumulative average & 95% error for solvation free energy
              total             1st component         2nd component         3rd component
  1     3.1914                0.5343               -0.6493                3.3064
  2     3.2103     0.0378     0.5107     0.0472    -0.5989     0.1008     3.2985     0.0158
  3     3.2506     0.0836     0.5139     0.0280    -0.5767     0.0732     3.3134     0.0312
  4     3.2427     0.0612     0.5096     0.0216    -0.5816     0.0526     3.3146     0.0222
  5     3.2557     0.0541     0.5059     0.0183    -0.5690     0.0479     3.3188     0.0191
  6     3.2430     0.0509     0.5020     0.0169    -0.5857     0.0514     3.3267     0.0222
  7     3.2538     0.0481     0.5016     0.0143    -0.5755     0.0480     3.3276     0.0189
  8     3.2626     0.0453     0.5112     0.0229    -0.5697     0.0432     3.3211     0.0209
  9     3.2627     0.0399     0.5100     0.0203    -0.5731     0.0387     3.3257     0.0207
 10     3.2662     0.0364     0.5079     0.0187    -0.5693     0.0355     3.3276     0.0189
