 ERmod 0.3.7, Copyright (C) 2000-2019 Nobuyuki Matubayasi
                            2010-2019 Shun Sakuraba
 ERmod comes with ABSOLUTELY NO WARRANTY.
 This is free software, and you can redistribute it
 and/or modify it under certain conditions.
 See LICENSE file for details.
 ERmod 0.3.7, Copyright (C) 2000-2019 Nobuyuki Matubayasi
                            2010-2019 Shun Sakuraba
 ERmod comes with ABSOLUTELY NO WARRANTY.
 This is free software, and you can redistribute it
 and/or modify it under certain conditions.
 See LICENSE file for details.
 
  Number of the   1-th solvent  =           90
  Number of the   2-th solvent  =           90
  Number of the   3-th solvent  =        10000
 
  Be sure that the solvent distribution is homogeneous (radial distribution function is essentially unity) when the solvent molecule is separated beyond distance of   10.0 Angstrom in any direction from any atom within the solute molecule
 
  LJ long-range correction    =        -0.0033     -0.0024     -0.3521
 
  Self-energy of the solute   =         0.0000  kcal/mol
 
 
 cumulative average & 95% error for solvation energy
              total             1st component         2nd component         3rd component
  1    -9.1532                0.0844               -0.1473               -9.0903
  2    -9.1314     0.0436     0.0867     0.0046    -0.1370     0.0206    -9.0811     0.0184
  3    -9.1430     0.0343     0.0806     0.0124    -0.1382     0.0122    -9.0854     0.0137
  4    -9.1538     0.0324     0.0730     0.0175    -0.1392     0.0088    -9.0876     0.0106
  5    -9.1551     0.0252     0.0733     0.0136    -0.1388     0.0069    -9.0896     0.0091
  6    -9.1521     0.0214     0.0742     0.0112    -0.1370     0.0067    -9.0894     0.0075
  7    -9.1520     0.0181     0.0775     0.0116    -0.1360     0.0060    -9.0935     0.0104
  8    -9.1459     0.0199     0.0789     0.0104    -0.1351     0.0055    -9.0897     0.0117
  9    -9.1450     0.0176     0.0809     0.0100    -0.1348     0.0049    -9.0911     0.0107
 10    -9.1423     0.0167     0.0829     0.0098    -0.1344     0.0045    -9.0908     0.0096
 
 
 group  inft  solvation free energy     error          difference
  total solvation free energy
   1      0          3.05542           0.02034          -0.00028
   1     60          3.04442           0.02041          -0.01128
   1     80          2.94937           0.02103          -0.10632
   1    100          2.58097           0.02359          -0.47473
   2      0          3.04638           0.01973          -0.00932
   3      0          3.05570           0.01886           0.00000
   4      0          3.03857           0.01882          -0.01713
   5      0          3.09339           0.01893           0.03769
   5     60          3.07844           0.01901           0.02274
   5     80          2.95748           0.01978          -0.09822
   5    100          2.61304           0.02211          -0.44266
 
  contribution from  1-th solvent component
   1      0          0.16621           0.01263           0.00323
   1     60          0.16626           0.01267           0.00328
   1     80          0.16684           0.01316           0.00386
   1    100          0.16830           0.01528           0.00532
   2      0          0.16392           0.01226           0.00094
   3      0          0.16298           0.01208           0.00000
   4      0          0.16198           0.01214          -0.00100
   5      0          0.16223           0.01213          -0.00075
   5     60          0.16229           0.01218          -0.00069
   5     80          0.16277           0.01281          -0.00021
   5    100          0.16360           0.01475           0.00062
 
  contribution from  2-th solvent component
   1      0         -0.09456           0.01124           0.00304
   1     60         -0.09429           0.01127           0.00332
   1     80         -0.09300           0.01149           0.00461
   1    100         -0.08967           0.01246           0.00793
   2      0         -0.09686           0.01070           0.00075
   3      0         -0.09761           0.01030           0.00000
   4      0         -0.09776           0.01036          -0.00015
   5      0         -0.09954           0.01003          -0.00193
   5     60         -0.09919           0.01006          -0.00159
   5     80         -0.09765           0.01035          -0.00005
   5    100         -0.09465           0.01130           0.00296
 
  contribution from  3-th solvent component
   1      0          2.98374           0.00905          -0.00656
   1     60          2.97242           0.00906          -0.01788
   1     80          2.87551           0.00920          -0.11479
   1    100          2.50232           0.00976          -0.48798
   2      0          2.97929           0.00905          -0.01101
   3      0          2.99030           0.00900           0.00000
   4      0          2.97432           0.00878          -0.01598
   5      0          3.03067           0.00859           0.04037
   5     60          3.01533           0.00861           0.02502
   5     80          2.89234           0.00877          -0.09796
   5    100          2.54407           0.00922          -0.44623
 
 
 group  inft   Estimated free energy: total (kcal/mol)
   1      0       3.0283       3.0554       3.0221       3.0213       3.0241
                  3.0721       3.0585       3.1021       3.0618       3.1085
   1     60       3.0172       3.0444       3.0110       3.0101       3.0130
                  3.0611       3.0476       3.0911       3.0509       3.0977
   1     80       2.9212       2.9494       2.9148       2.9137       2.9169
                  2.9661       2.9534       2.9970       2.9567       3.0044
   1    100       2.5492       2.5809       2.5414       2.5405       2.5437
                  2.5978       2.5885       2.6326       2.5925       2.6425
   2      0       3.0213       3.0453       3.0169       3.0123       3.0158
                  3.0630       3.0448       3.0914       3.0537       3.0993
   3      0       3.0309       3.0542       3.0263       3.0244       3.0280
                  3.0714       3.0537       3.0980       3.0629       3.1074
   4      0       3.0135       3.0358       3.0090       3.0080       3.0114
                  3.0567       3.0365       3.0793       3.0444       3.0911
   5      0       3.0737       3.0849       3.0643       3.0637       3.0624
                  3.1094       3.0930       3.1368       3.1001       3.1457
   5     60       3.0586       3.0699       3.0492       3.0486       3.0474
                  3.0944       3.0782       3.1219       3.0853       3.1309
   5     80       2.9365       2.9489       2.9267       2.9260       2.9250
                  2.9736       2.9584       3.0021       2.9655       3.0121
   5    100       2.5886       2.6042       2.5774       2.5773       2.5762
                  2.6293       2.6174       2.6616       2.6250       2.6734
 
 group  inft   Estimated free energy: 1-th solvent contribution (kcal/mol)
   1      0       0.1707       0.1565       0.1499       0.1366       0.1547
                  0.1511       0.1903       0.1678       0.1890       0.1956
   1     60       0.1707       0.1565       0.1499       0.1366       0.1547
                  0.1511       0.1904       0.1678       0.1891       0.1958
   1     80       0.1712       0.1568       0.1498       0.1362       0.1545
                  0.1511       0.1920       0.1685       0.1907       0.1975
   1    100       0.1725       0.1570       0.1484       0.1335       0.1529
                  0.1503       0.1978       0.1701       0.1966       0.2039
   2      0       0.1678       0.1539       0.1489       0.1356       0.1521
                  0.1494       0.1869       0.1652       0.1863       0.1932
   3      0       0.1677       0.1521       0.1483       0.1355       0.1518
                  0.1479       0.1858       0.1641       0.1851       0.1914
   4      0       0.1666       0.1496       0.1473       0.1345       0.1507
                  0.1475       0.1853       0.1640       0.1838       0.1904
   5      0       0.1666       0.1510       0.1473       0.1347       0.1502
                  0.1480       0.1860       0.1641       0.1844       0.1901
   5     60       0.1666       0.1510       0.1472       0.1347       0.1501
                  0.1480       0.1861       0.1642       0.1846       0.1903
   5     80       0.1670       0.1510       0.1469       0.1340       0.1497
                  0.1478       0.1879       0.1647       0.1863       0.1922
   5    100       0.1677       0.1504       0.1451       0.1313       0.1477
                  0.1464       0.1928       0.1658       0.1912       0.1976
 
 group  inft   Estimated free energy: 2-th solvent contribution (kcal/mol)
   1      0      -0.1216      -0.0855      -0.1074      -0.0968      -0.1154
                 -0.0656      -0.0869      -0.0767      -0.1050      -0.0848
   1     60      -0.1214      -0.0852      -0.1071      -0.0966      -0.1152
                 -0.0653      -0.0865      -0.0763      -0.1047      -0.0845
   1     80      -0.1207      -0.0836      -0.1062      -0.0954      -0.1142
                 -0.0636      -0.0851      -0.0746      -0.1036      -0.0829
   1    100      -0.1202      -0.0791      -0.1042      -0.0922      -0.1124
                 -0.0583      -0.0811      -0.0696      -0.1010      -0.0785
   2      0      -0.1220      -0.0892      -0.1083      -0.0990      -0.1170
                 -0.0685      -0.0914      -0.0791      -0.1070      -0.0871
   3      0      -0.1220      -0.0896      -0.1084      -0.0987      -0.1167
                 -0.0698      -0.0925      -0.0812      -0.1081      -0.0892
   4      0      -0.1222      -0.0901      -0.1085      -0.0992      -0.1161
                 -0.0686      -0.0936      -0.0818      -0.1083      -0.0893
   5      0      -0.1222      -0.0968      -0.1107      -0.0999      -0.1177
                 -0.0727      -0.0943      -0.0809      -0.1099      -0.0902
   5     60      -0.1220      -0.0964      -0.1104      -0.0997      -0.1174
                 -0.0723      -0.0939      -0.0805      -0.1096      -0.0899
   5     80      -0.1212      -0.0944      -0.1093      -0.0983      -0.1162
                 -0.0702      -0.0922      -0.0784      -0.1083      -0.0880
   5    100      -0.1210      -0.0902      -0.1077      -0.0954      -0.1147
                 -0.0653      -0.0885      -0.0737      -0.1061      -0.0839
 
 group  inft   Estimated free energy: 3-th solvent contribution (kcal/mol)
   1      0       2.9792       2.9844       2.9796       2.9815       2.9848
                  2.9866       2.9550       3.0109       2.9778       2.9976
   1     60       2.9679       2.9731       2.9682       2.9701       2.9735
                  2.9753       2.9437       2.9996       2.9665       2.9863
   1     80       2.8707       2.8762       2.8711       2.8729       2.8766
                  2.8786       2.8464       2.9031       2.8696       2.8898
   1    100       2.4969       2.5030       2.4972       2.4992       2.5033
                  2.5058       2.4718       2.5321       2.4969       2.5171
   2      0       2.9754       2.9807       2.9763       2.9756       2.9807
                  2.9820       2.9493       3.0053       2.9744       2.9932
   3      0       2.9851       2.9916       2.9863       2.9875       2.9929
                  2.9933       2.9603       3.0151       2.9858       3.0051
   4      0       2.9690       2.9762       2.9701       2.9727       2.9768
                  2.9777       2.9448       2.9971       2.9688       2.9899
   5      0       3.0294       3.0306       3.0277       3.0289       3.0299
                  3.0341       3.0013       3.0535       3.0256       3.0458
   5     60       3.0140       3.0152       3.0123       3.0135       3.0146
                  3.0187       2.9859       3.0382       3.0103       3.0305
   5     80       2.8907       2.8923       2.8891       2.8902       2.8916
                  2.8959       2.8626       2.9158       2.8874       2.9078
   5    100       2.5418       2.5441       2.5400       2.5414       2.5432
                  2.5481       2.5131       2.5695       2.5398       2.5597
 
 
 cumulative average & 95% error for solvation free energy
              total             1st component         2nd component         3rd component
  1     3.0309                0.1677               -0.1220                2.9851
  2     3.0425     0.0233     0.1599     0.0155    -0.1058     0.0324     2.9884     0.0064
  3     3.0371     0.0173     0.1561     0.0118    -0.1067     0.0188     2.9877     0.0040
  4     3.0339     0.0138     0.1509     0.0133    -0.1047     0.0139     2.9876     0.0028
  5     3.0327     0.0109     0.1511     0.0103    -0.1071     0.0118     2.9887     0.0030
  6     3.0392     0.0157     0.1506     0.0085    -0.1009     0.0157     2.9894     0.0029
  7     3.0412     0.0139     0.1556     0.0123    -0.0997     0.0135     2.9853     0.0087
  8     3.0483     0.0186     0.1567     0.0109    -0.0974     0.0126     2.9890     0.0106
  9     3.0500     0.0167     0.1598     0.0115    -0.0985     0.0113     2.9887     0.0094
 10     3.0557     0.0189     0.1630     0.0121    -0.0976     0.0103     2.9903     0.0090
