 ERmod 0.3.7, Copyright (C) 2000-2019 Nobuyuki Matubayasi
                            2010-2019 Shun Sakuraba
 ERmod comes with ABSOLUTELY NO WARRANTY.
 This is free software, and you can redistribute it
 and/or modify it under certain conditions.
 See LICENSE file for details.
 ERmod 0.3.7, Copyright (C) 2000-2019 Nobuyuki Matubayasi
                            2010-2019 Shun Sakuraba
 ERmod comes with ABSOLUTELY NO WARRANTY.
 This is free software, and you can redistribute it
 and/or modify it under certain conditions.
 See LICENSE file for details.
 
  Number of the   1-th solvent  =           90
  Number of the   2-th solvent  =           90
  Number of the   3-th solvent  =        10000
 
  Be sure that the solvent distribution is homogeneous (radial distribution function is essentially unity) when the solvent molecule is separated beyond distance of   10.0 Angstrom in any direction from any atom within the solute molecule
 
  LJ long-range correction    =        -0.0013     -0.0034     -0.1346
 
  Self-energy of the solute   =         0.0000  kcal/mol
 
 
 cumulative average & 95% error for solvation energy
              total             1st component         2nd component         3rd component
  1    -4.0127               -0.0039               -0.0864               -3.9224
  2    -4.0066     0.0123     0.0017     0.0112    -0.0762     0.0205    -3.9321     0.0194
  3    -4.0135     0.0156    -0.0015     0.0091    -0.0911     0.0321    -3.9209     0.0250
  4    -4.0145     0.0112    -0.0019     0.0065    -0.0940     0.0235    -3.9185     0.0183
  5    -4.0176     0.0107    -0.0028     0.0053    -0.0993     0.0210    -3.9155     0.0154
  6    -4.0123     0.0137     0.0000     0.0072    -0.0915     0.0232    -3.9209     0.0166
  7    -4.0119     0.0116     0.0012     0.0065    -0.0911     0.0196    -3.9219     0.0142
  8    -4.0106     0.0104     0.0026     0.0063    -0.0887     0.0177    -3.9245     0.0133
  9    -4.0111     0.0092     0.0037     0.0059    -0.0881     0.0157    -3.9267     0.0125
 10    -4.0107     0.0082     0.0031     0.0054    -0.0857     0.0148    -3.9281     0.0116
 
 
 group  inft  solvation free energy     error          difference
  total solvation free energy
   1      0          2.63822           0.00802           0.00456
   1     60          2.62158           0.00809          -0.01207
   1     80          2.52495           0.00857          -0.10870
   1    100          2.24343           0.00988          -0.39023
   2      0          2.64000           0.00718           0.00635
   3      0          2.63366           0.00656           0.00000
   4      0          2.69745           0.00713           0.06380
   5      0          2.65254           0.00633           0.01888
   5     60          2.63081           0.00642          -0.00284
   5     80          2.51358           0.00692          -0.12007
   5    100          2.25231           0.00799          -0.38134
 
  contribution from  1-th solvent component
   1      0          0.05400           0.00442           0.00258
   1     60          0.05401           0.00446           0.00258
   1     80          0.05391           0.00469           0.00249
   1    100          0.05291           0.00541           0.00149
   2      0          0.05253           0.00389           0.00110
   3      0          0.05142           0.00380           0.00000
   4      0          0.05093           0.00360          -0.00050
   5      0          0.05063           0.00360          -0.00079
   5     60          0.05062           0.00364          -0.00081
   5     80          0.05028           0.00389          -0.00114
   5    100          0.04897           0.00447          -0.00246
 
  contribution from  2-th solvent component
   1      0         -0.00423           0.01021           0.00227
   1     60         -0.00426           0.01026           0.00224
   1     80         -0.00470           0.01055           0.00180
   1    100         -0.00628           0.01130           0.00022
   2      0         -0.00606           0.00972           0.00044
   3      0         -0.00650           0.00959           0.00000
   4      0         -0.00719           0.00957          -0.00069
   5      0         -0.00735           0.00945          -0.00085
   5     60         -0.00743           0.00951          -0.00093
   5     80         -0.00809           0.00982          -0.00159
   5    100         -0.00973           0.01044          -0.00323
 
  contribution from  3-th solvent component
   1      0          2.58845           0.00747          -0.00028
   1     60          2.57183           0.00749          -0.01690
   1     80          2.47574           0.00759          -0.11299
   1    100          2.19680           0.00794          -0.39193
   2      0          2.59354           0.00736           0.00481
   3      0          2.58873           0.00766           0.00000
   4      0          2.65371           0.00689           0.06498
   5      0          2.60925           0.00722           0.02052
   5     60          2.58763           0.00725          -0.00110
   5     80          2.47139           0.00737          -0.11734
   5    100          2.21308           0.00770          -0.37566
 
 
 group  inft   Estimated free energy: total (kcal/mol)
   1      0       2.6349       2.6400       2.6259       2.6423       2.6159
                  2.6598       2.6297       2.6477       2.6497       2.6362
   1     60       2.6182       2.6235       2.6091       2.6256       2.5991
                  2.6434       2.6130       2.6312       2.6331       2.6196
   1     80       2.5210       2.5275       2.5117       2.5289       2.5014
                  2.5482       2.5159       2.5353       2.5371       2.5225
   1    100       2.2380       2.2475       2.2284       2.2472       2.2168
                  2.2707       2.2332       2.2556       2.2572       2.2396
   2      0       2.6377       2.6412       2.6285       2.6452       2.6191
                  2.6592       2.6334       2.6458       2.6504       2.6397
   3      0       2.6324       2.6331       2.6241       2.6388       2.6141
                  2.6515       2.6280       2.6383       2.6435       2.6329
   4      0       2.6956       2.6975       2.6865       2.7013       2.6767
                  2.7177       2.6916       2.7022       2.7078       2.6974
   5      0       2.6508       2.6525       2.6445       2.6552       2.6343
                  2.6714       2.6470       2.6568       2.6619       2.6511
   5     60       2.6290       2.6308       2.6226       2.6335       2.6123
                  2.6500       2.6252       2.6351       2.6403       2.6293
   5     80       2.5112       2.5139       2.5047       2.5162       2.4939
                  2.5344       2.5075       2.5185       2.5237       2.5117
   5    100       2.2487       2.2534       2.2424       2.2552       2.2300
                  2.2765       2.2454       2.2585       2.2639       2.2492
 
 group  inft   Estimated free energy: 1-th solvent contribution (kcal/mol)
   1      0       0.0470       0.0537       0.0466       0.0499       0.0479
                  0.0613       0.0589       0.0622       0.0643       0.0483
   1     60       0.0470       0.0537       0.0465       0.0498       0.0479
                  0.0614       0.0589       0.0622       0.0644       0.0483
   1     80       0.0465       0.0537       0.0460       0.0495       0.0474
                  0.0618       0.0588       0.0626       0.0648       0.0479
   1    100       0.0445       0.0529       0.0440       0.0476       0.0454
                  0.0624       0.0577       0.0632       0.0654       0.0459
   2      0       0.0464       0.0529       0.0457       0.0490       0.0470
                  0.0588       0.0569       0.0586       0.0622       0.0476
   3      0       0.0456       0.0514       0.0447       0.0481       0.0460
                  0.0571       0.0560       0.0575       0.0611       0.0468
   4      0       0.0454       0.0510       0.0445       0.0481       0.0458
                  0.0563       0.0550       0.0562       0.0605       0.0464
   5      0       0.0450       0.0510       0.0441       0.0478       0.0455
                  0.0558       0.0547       0.0559       0.0603       0.0462
   5     60       0.0450       0.0509       0.0440       0.0477       0.0454
                  0.0559       0.0547       0.0560       0.0603       0.0462
   5     80       0.0443       0.0506       0.0433       0.0471       0.0447
                  0.0561       0.0543       0.0562       0.0607       0.0455
   5    100       0.0421       0.0494       0.0412       0.0451       0.0427
                  0.0561       0.0529       0.0560       0.0608       0.0434
 
 group  inft   Estimated free energy: 2-th solvent contribution (kcal/mol)
   1      0      -0.0053       0.0093      -0.0241      -0.0169      -0.0251
                  0.0253      -0.0112       0.0011      -0.0062       0.0107
   1     60      -0.0054       0.0093      -0.0242      -0.0170      -0.0252
                  0.0254      -0.0112       0.0011      -0.0062       0.0107
   1     80      -0.0061       0.0094      -0.0250      -0.0177      -0.0260
                  0.0260      -0.0119       0.0007      -0.0069       0.0105
   1    100      -0.0082       0.0094      -0.0276      -0.0202      -0.0286
                  0.0271      -0.0143      -0.0008      -0.0092       0.0096
   2      0      -0.0072       0.0073      -0.0258      -0.0178      -0.0261
                  0.0209      -0.0119      -0.0015      -0.0077       0.0091
   3      0      -0.0077       0.0067      -0.0258      -0.0181      -0.0266
                  0.0203      -0.0121      -0.0020      -0.0077       0.0080
   4      0      -0.0087       0.0062      -0.0268      -0.0186      -0.0270
                  0.0194      -0.0126      -0.0027      -0.0085       0.0074
   5      0      -0.0091       0.0055      -0.0266      -0.0185      -0.0267
                  0.0196      -0.0132      -0.0028      -0.0082       0.0064
   5     60      -0.0092       0.0055      -0.0267      -0.0187      -0.0269
                  0.0198      -0.0134      -0.0029      -0.0083       0.0064
   5     80      -0.0101       0.0054      -0.0278      -0.0197      -0.0279
                  0.0203      -0.0143      -0.0035      -0.0093       0.0061
   5    100      -0.0123       0.0050      -0.0302      -0.0221      -0.0304
                  0.0210      -0.0166      -0.0052      -0.0115       0.0050
 
 group  inft   Estimated free energy: 3-th solvent contribution (kcal/mol)
   1      0       2.5932       2.5771       2.6034       2.6093       2.5930
                  2.5732       2.5819       2.5845       2.5916       2.5772
   1     60       2.5766       2.5604       2.5868       2.5927       2.5764
                  2.5566       2.5653       2.5678       2.5750       2.5606
   1     80       2.4805       2.4643       2.4907       2.4971       2.4800
                  2.4604       2.4691       2.4719       2.4793       2.4641
   1    100       2.2017       2.1852       2.2121       2.2198       2.2000
                  2.1811       2.1898       2.1932       2.2010       2.1841
   2      0       2.5984       2.5810       2.6086       2.6141       2.5981
                  2.5794       2.5884       2.5886       2.5959       2.5829
   3      0       2.5945       2.5750       2.6053       2.6088       2.5947
                  2.5741       2.5842       2.5828       2.5900       2.5781
   4      0       2.6590       2.6403       2.6688       2.6718       2.6579
                  2.6421       2.6492       2.6487       2.6558       2.6435
   5      0       2.6149       2.5961       2.6269       2.6259       2.6154
                  2.5960       2.6055       2.6036       2.6098       2.5984
   5     60       2.5933       2.5743       2.6053       2.6044       2.5937
                  2.5743       2.5838       2.5820       2.5883       2.5767
   5     80       2.4771       2.4578       2.4892       2.4888       2.4771
                  2.4579       2.4675       2.4659       2.4724       2.4601
   5    100       2.2189       2.1990       2.2314       2.2321       2.2177
                  2.1994       2.2091       2.2077       2.2146       2.2009
 
 
 cumulative average & 95% error for solvation free energy
              total             1st component         2nd component         3rd component
  1     2.6324                0.0456               -0.0077                2.5945
  2     2.6327     0.0007     0.0485     0.0058    -0.0005     0.0145     2.5847     0.0196
  3     2.6299     0.0058     0.0472     0.0042    -0.0089     0.0188     2.5916     0.0178
  4     2.6321     0.0060     0.0474     0.0030    -0.0112     0.0141     2.5959     0.0152
  5     2.6285     0.0086     0.0471     0.0024    -0.0143     0.0125     2.5956     0.0118
  6     2.6323     0.0104     0.0488     0.0038    -0.0085     0.0154     2.5920     0.0120
  7     2.6317     0.0089     0.0498     0.0038    -0.0090     0.0131     2.5909     0.0104
  8     2.6325     0.0078     0.0508     0.0038    -0.0082     0.0115     2.5899     0.0092
  9     2.6337     0.0073     0.0519     0.0041    -0.0081     0.0101     2.5899     0.0081
 10     2.6337     0.0066     0.0514     0.0038    -0.0065     0.0096     2.5887     0.0077
