 ERmod 0.3.7, Copyright (C) 2000-2019 Nobuyuki Matubayasi
                            2010-2019 Shun Sakuraba
 ERmod comes with ABSOLUTELY NO WARRANTY.
 This is free software, and you can redistribute it
 and/or modify it under certain conditions.
 See LICENSE file for details.
 ERmod 0.3.7, Copyright (C) 2000-2019 Nobuyuki Matubayasi
                            2010-2019 Shun Sakuraba
 ERmod comes with ABSOLUTELY NO WARRANTY.
 This is free software, and you can redistribute it
 and/or modify it under certain conditions.
 See LICENSE file for details.
 
  Number of the   1-th solvent  =           90
  Number of the   2-th solvent  =           90
  Number of the   3-th solvent  =        10000
 
  Be sure that the solvent distribution is homogeneous (radial distribution function is essentially unity) when the solvent molecule is separated beyond distance of   10.0 Angstrom in any direction from any atom within the solute molecule
 
  LJ long-range correction    =        -0.0006     -0.0214     -0.4052
 
  Self-energy of the solute   =        -0.0001  kcal/mol
 
 
 cumulative average & 95% error for solvation energy
              total             1st component         2nd component         3rd component
  1   -23.4513                0.0488               -0.9868              -22.5132
  2   -23.4657     0.0289     0.0079     0.0818    -0.9488     0.0761   -22.5248     0.0232
  3   -23.4538     0.0291    -0.0052     0.0540    -0.8371     0.2276   -22.6115     0.1738
  4   -23.4522     0.0208    -0.1220     0.2368    -1.1848     0.7137   -22.1453     0.9405
  5   -23.4906     0.0786    -0.1111     0.1847    -1.2554     0.5706   -22.1241     0.7297
  6   -23.4991     0.0664    -0.0678     0.1739    -1.4008     0.5493   -22.0304     0.6246
  7   -23.4676     0.0844    -0.0924     0.1550    -1.2540     0.5492   -22.1211     0.5582
  8   -23.4617     0.0740    -0.1485     0.1750    -1.1866     0.4944   -22.1264     0.4835
  9   -23.4722     0.0686    -0.3028     0.3450    -1.1806     0.4362   -21.9887     0.5076
 10   -23.4770     0.0621    -0.2759     0.3132    -1.1769     0.3902   -22.0241     0.4595
 
 
 group  inft  solvation free energy     error          difference
  total solvation free energy
   1      0         -4.36190           0.04572          -0.00132
   1     60         -4.38646           0.04570          -0.02588
   1     80         -4.56403           0.04566          -0.20346
   1    100         -5.13313           0.04573          -0.77256
   2      0         -4.36038           0.04407           0.00019
   3      0         -4.36058           0.04218           0.00000
   4      0         -4.35591           0.04434           0.00466
   5      0         -4.35883           0.04281           0.00174
   5     60         -4.39180           0.04279          -0.03122
   5     80         -4.60871           0.04269          -0.24814
   5    100         -5.13090           0.04260          -0.77032
 
  contribution from  1-th solvent component
   1      0         -0.03577           0.16079          -0.00057
   1     60         -0.03542           0.16081          -0.00023
   1     80         -0.03304           0.16091           0.00215
   1    100         -0.02650           0.16124           0.00869
   2      0         -0.03507           0.16158           0.00013
   3      0         -0.03519           0.16163           0.00000
   4      0         -0.03541           0.16195          -0.00022
   5      0         -0.03546           0.16219          -0.00027
   5     60         -0.03502           0.16221           0.00018
   5     80         -0.03230           0.16236           0.00289
   5    100         -0.02675           0.16274           0.00844
 
  contribution from  2-th solvent component
   1      0         -0.63620           0.19418          -0.00556
   1     60         -0.63651           0.19419          -0.00588
   1     80         -0.63879           0.19426          -0.00816
   1    100         -0.64604           0.19440          -0.01540
   2      0         -0.63278           0.19229          -0.00214
   3      0         -0.63063           0.19166           0.00000
   4      0         -0.62938           0.19188           0.00125
   5      0         -0.62867           0.19140           0.00197
   5     60         -0.62910           0.19141           0.00153
   5     80         -0.63193           0.19146          -0.00130
   5    100         -0.63864           0.19155          -0.00801
 
  contribution from  3-th solvent component
   1      0         -3.68985           0.23714           0.00481
   1     60         -3.71443           0.23717          -0.01977
   1     80         -3.89211           0.23741          -0.19745
   1    100         -4.46051           0.23837          -0.76584
   2      0         -3.69245           0.23662           0.00221
   3      0         -3.69467           0.23689           0.00000
   4      0         -3.69103           0.23558           0.00363
   5      0         -3.69462           0.23557           0.00004
   5     60         -3.72759           0.23560          -0.03293
   5     80         -3.94440           0.23590          -0.24973
   5    100         -4.46542           0.23678          -0.77075
 
 
 group  inft   Estimated free energy: total (kcal/mol)
   1      0      -4.3273      -4.3472      -4.3211      -4.4309      -4.4922
                 -4.4394      -4.3011      -4.2761      -4.2953      -4.3885
   1     60      -4.3519      -4.3717      -4.3456      -4.4553      -4.5168
                 -4.4639      -4.3255      -4.3008      -4.3199      -4.4132
   1     80      -4.5299      -4.5492      -4.5230      -4.6316      -4.6946
                 -4.6418      -4.5027      -4.4788      -4.4976      -4.5911
   1    100      -5.1013      -5.1180      -5.0914      -5.1977      -5.2640
                 -5.2129      -5.0710      -5.0487      -5.0651      -5.1612
   2      0      -4.3155      -4.3511      -4.3209      -4.4256      -4.4875
                 -4.4378      -4.3078      -4.2823      -4.2944      -4.3810
   3      0      -4.3150      -4.3501      -4.3302      -4.4217      -4.4882
                 -4.4285      -4.3123      -4.2847      -4.2978      -4.3772
   4      0      -4.3047      -4.3486      -4.3189      -4.4269      -4.4862
                 -4.4280      -4.3088      -4.2772      -4.2897      -4.3702
   5      0      -4.3020      -4.3489      -4.3239      -4.4244      -4.4904
                 -4.4253      -4.3188      -4.2891      -4.2951      -4.3705
   5     60      -4.3350      -4.3818      -4.3568      -4.4571      -4.5234
                 -4.4583      -4.3516      -4.3222      -4.3282      -4.4035
   5     80      -4.5525      -4.5984      -4.5735      -4.6726      -4.7405
                 -4.6756      -4.5680      -4.5398      -4.5453      -4.6209
   5    100      -5.0767      -5.1201      -5.0953      -5.1918      -5.2629
                 -5.1996      -5.0896      -5.0631      -5.0662      -5.1437
 
 group  inft   Estimated free energy: 1-th solvent contribution (kcal/mol)
   1      0       0.1700       0.1159       0.1087      -0.1478       0.0282
                  0.1711      -0.0471      -0.1673      -0.6719       0.0825
   1     60       0.1703       0.1163       0.1091      -0.1474       0.0285
                  0.1714      -0.0467      -0.1670      -0.6716       0.0829
   1     80       0.1727       0.1191       0.1116      -0.1452       0.0309
                  0.1737      -0.0441      -0.1649      -0.6696       0.0853
   1    100       0.1795       0.1270       0.1186      -0.1390       0.0373
                  0.1800      -0.0369      -0.1590      -0.6643       0.0918
   2      0       0.1776       0.1136       0.1094      -0.1443       0.0321
                  0.1703      -0.0490      -0.1706      -0.6737       0.0839
   3      0       0.1781       0.1121       0.1027      -0.1451       0.0344
                  0.1754      -0.0519      -0.1723      -0.6726       0.0871
   4      0       0.1833       0.1084       0.1050      -0.1431       0.0317
                  0.1736      -0.0528      -0.1748      -0.6735       0.0879
   5      0       0.1841       0.1073       0.1017      -0.1415       0.0353
                  0.1761      -0.0576      -0.1770      -0.6735       0.0906
   5     60       0.1845       0.1078       0.1021      -0.1411       0.0357
                  0.1765      -0.0571      -0.1766      -0.6731       0.0910
   5     80       0.1873       0.1112       0.1050      -0.1384       0.0385
                  0.1791      -0.0541      -0.1743      -0.6710       0.0937
   5    100       0.1932       0.1182       0.1107      -0.1330       0.0440
                  0.1845      -0.0478      -0.1697      -0.6670       0.0993
 
 group  inft   Estimated free energy: 2-th solvent contribution (kcal/mol)
   1      0      -0.5253      -0.5225      -0.3669      -1.1693      -0.8178
                 -1.0890      -0.2302      -0.3842      -0.6310      -0.6258
   1     60      -0.5256      -0.5228      -0.3672      -1.1696      -0.8181
                 -1.0893      -0.2304      -0.3845      -0.6314      -0.6262
   1     80      -0.5279      -0.5251      -0.3695      -1.1720      -0.8205
                 -1.0917      -0.2324      -0.3867      -0.6337      -0.6285
   1    100      -0.5351      -0.5324      -0.3767      -1.1795      -0.8278
                 -1.0992      -0.2388      -0.3938      -0.6410      -0.6360
   2      0      -0.5197      -0.5193      -0.3674      -1.1637      -0.8131
                 -1.0819      -0.2355      -0.3844      -0.6258      -0.6171
   3      0      -0.5167      -0.5171      -0.3678      -1.1586      -0.8137
                 -1.0764      -0.2326      -0.3819      -0.6278      -0.6139
   4      0      -0.5159      -0.5127      -0.3646      -1.1615      -0.8121
                 -1.0752      -0.2378      -0.3788      -0.6230      -0.6123
   5      0      -0.5148      -0.5099      -0.3631      -1.1595      -0.8127
                 -1.0726      -0.2381      -0.3816      -0.6240      -0.6103
   5     60      -0.5152      -0.5103      -0.3636      -1.1600      -0.8132
                 -1.0730      -0.2385      -0.3820      -0.6244      -0.6108
   5     80      -0.5180      -0.5132      -0.3665      -1.1629      -0.8161
                 -1.0760      -0.2410      -0.3848      -0.6273      -0.6137
   5    100      -0.5246      -0.5199      -0.3732      -1.1697      -0.8228
                 -1.0829      -0.2471      -0.3915      -0.6341      -0.6205
 
 group  inft   Estimated free energy: 3-th solvent contribution (kcal/mol)
   1      0      -3.9719      -3.9405      -4.0629      -3.1137      -3.7025
                 -3.5214      -4.0237      -3.7245      -2.9923      -3.8452
   1     60      -3.9965      -3.9651      -4.0874      -3.1381      -3.7271
                 -3.5460      -4.0483      -3.7492      -3.0169      -3.8698
   1     80      -4.1747      -4.1431      -4.2650      -3.3144      -3.9049
                 -3.7237      -4.2261      -3.9271      -3.1943      -4.0478
   1    100      -4.7456      -4.7125      -4.8332      -3.8792      -4.4734
                 -4.2936      -4.7951      -4.4959      -3.7597      -4.6169
   2      0      -3.9733      -3.9453      -4.0629      -3.1175      -3.7065
                 -3.5261      -4.0231      -3.7272      -2.9948      -3.8477
   3      0      -3.9763      -3.9450      -4.0651      -3.1179      -3.7089
                 -3.5275      -4.0277      -3.7305      -2.9974      -3.8503
   4      0      -3.9720      -3.9443      -4.0592      -3.1222      -3.7057
                 -3.5263      -4.0181      -3.7236      -2.9931      -3.8457
   5      0      -3.9713      -3.9462      -4.0623      -3.1233      -3.7128
                 -3.5287      -4.0230      -3.7304      -2.9976      -3.8506
   5     60      -4.0043      -3.9792      -4.0953      -3.1560      -3.7458
                 -3.5617      -4.0559      -3.7635      -3.0306      -3.8837
   5     80      -4.2218      -4.1963      -4.3119      -3.3712      -3.9628
                 -3.7787      -4.2729      -3.9806      -3.2469      -4.1008
   5    100      -4.7451      -4.7183      -4.8327      -3.8890      -4.4840
                 -4.3010      -4.7945      -4.5019      -3.7651      -4.6225
 
 
 cumulative average & 95% error for solvation free energy
              total             1st component         2nd component         3rd component
  1    -4.3150                0.1781               -0.5167               -3.9763
  2    -4.3326     0.0351     0.1451     0.0660    -0.5169     0.0005    -3.9607     0.0313
  3    -4.3318     0.0204     0.1310     0.0474    -0.4672     0.0994    -3.9955     0.0719
  4    -4.3543     0.0472     0.0620     0.1420    -0.6400     0.3528    -3.7761     0.4417
  5    -4.3811     0.0649     0.0565     0.1106    -0.6748     0.2820    -3.7627     0.3432
  6    -4.3890     0.0553     0.0763     0.0986    -0.7417     0.2663    -3.7235     0.2910
  7    -4.3780     0.0516     0.0580     0.0910    -0.6690     0.2680    -3.7669     0.2608
  8    -4.3663     0.0504     0.0292     0.0976    -0.6331     0.2429    -3.7624     0.2261
  9    -4.3587     0.0470    -0.0488     0.1781    -0.6325     0.2142    -3.6774     0.2620
 10    -4.3606     0.0422    -0.0352     0.1616    -0.6306     0.1917    -3.6947     0.2369
