 ERmod 0.3.7, Copyright (C) 2000-2019 Nobuyuki Matubayasi
                            2010-2019 Shun Sakuraba
 ERmod comes with ABSOLUTELY NO WARRANTY.
 This is free software, and you can redistribute it
 and/or modify it under certain conditions.
 See LICENSE file for details.
 ERmod 0.3.7, Copyright (C) 2000-2019 Nobuyuki Matubayasi
                            2010-2019 Shun Sakuraba
 ERmod comes with ABSOLUTELY NO WARRANTY.
 This is free software, and you can redistribute it
 and/or modify it under certain conditions.
 See LICENSE file for details.
 
  Number of the   1-th solvent  =          180
  Number of the   2-th solvent  =          180
  Number of the   3-th solvent  =        10000
 
  Be sure that the solvent distribution is homogeneous (radial distribution function is essentially unity) when the solvent molecule is separated beyond distance of   10.0 Angstrom in any direction from any atom within the solute molecule
 
  LJ long-range correction    =        -0.0006     -0.0200     -0.1897
 
  Self-energy of the solute   =        -0.0001  kcal/mol
 
 
 cumulative average & 95% error for solvation energy
              total             1st component         2nd component         3rd component
  1   -18.4253               -1.8959               -1.7278              -14.8016
  2   -18.5016     0.1525    -1.6540     0.4837    -1.5994     0.2568   -15.2481     0.8930
  3   -18.4755     0.1023    -1.8321     0.4526    -1.6429     0.1718   -15.0005     0.7148
  4   -18.4584     0.0800    -1.7969     0.3277    -1.5731     0.1851   -15.0884     0.5352
  5   -18.4662     0.0639    -2.0876     0.6345    -1.3990     0.3764   -14.9795     0.4683
  6   -18.4391     0.0753    -1.8938     0.6470    -1.4371     0.3166   -15.1081     0.4608
  7   -18.4221     0.0721    -1.7186     0.6495    -1.4652     0.2734   -15.2383     0.4684
  8   -18.4287     0.0639    -1.8060     0.5890    -1.4862     0.2405   -15.1365     0.4539
  9   -18.4251     0.0568    -1.8419     0.5244    -1.4827     0.2122   -15.1004     0.4067
 10   -18.4130     0.0563    -1.7316     0.5183    -1.5268     0.2093   -15.1546     0.3796
 
 
 group  inft  solvation free energy     error          difference
  total solvation free energy
   1      0         -4.69324           0.06736           0.00109
   1     60         -4.72480           0.06735          -0.03047
   1     80         -4.89101           0.06729          -0.19668
   1    100         -5.31218           0.06706          -0.61785
   2      0         -4.69353           0.06694           0.00081
   3      0         -4.69434           0.06639           0.00000
   4      0         -4.69121           0.06695           0.00312
   5      0         -4.69145           0.06688           0.00289
   5     60         -4.73253           0.06686          -0.03819
   5     80         -4.92924           0.06673          -0.23491
   5    100         -5.31156           0.06648          -0.61722
 
  contribution from  1-th solvent component
   1      0         -0.73198           0.25385           0.01107
   1     60         -0.73149           0.25388           0.01156
   1     80         -0.72911           0.25405           0.01394
   1    100         -0.72428           0.25448           0.01877
   2      0         -0.74022           0.25147           0.00283
   3      0         -0.74305           0.25023           0.00000
   4      0         -0.74338           0.24905          -0.00033
   5      0         -0.74071           0.24906           0.00234
   5     60         -0.74013           0.24907           0.00292
   5     80         -0.73772           0.24920           0.00533
   5    100         -0.73423           0.24946           0.00882
 
  contribution from  2-th solvent component
   1      0         -0.84272           0.09521          -0.01279
   1     60         -0.84374           0.09522          -0.01380
   1     80         -0.84895           0.09525          -0.01901
   1    100         -0.86154           0.09530          -0.03161
   2      0         -0.83397           0.09236          -0.00403
   3      0         -0.82994           0.09186           0.00000
   4      0         -0.82848           0.09154           0.00146
   5      0         -0.82686           0.09179           0.00307
   5     60         -0.82818           0.09179           0.00175
   5     80         -0.83434           0.09181          -0.00440
   5    100         -0.84572           0.09182          -0.01578
 
  contribution from  3-th solvent component
   1      0         -3.11846           0.19915           0.00282
   1     60         -3.14950           0.19918          -0.02822
   1     80         -3.31289           0.19945          -0.19161
   1    100         -3.72629           0.20027          -0.60501
   2      0         -3.11927           0.19897           0.00201
   3      0         -3.12128           0.19897           0.00000
   4      0         -3.11928           0.19897           0.00200
   5      0         -3.12381           0.20005          -0.00253
   5     60         -3.16414           0.20008          -0.04286
   5     80         -3.35712           0.20040          -0.23584
   5    100         -3.73154           0.20112          -0.61026
 
 
 group  inft   Estimated free energy: total (kcal/mol)
   1      0      -4.7447      -4.9424      -4.5950      -4.7394      -4.7251
                 -4.5679      -4.6236      -4.6805      -4.6323      -4.6816
   1     60      -4.7760      -4.9740      -4.6266      -4.7711      -4.7566
                 -4.5996      -4.6552      -4.7120      -4.6639      -4.7130
   1     80      -4.9412      -5.1404      -4.7930      -4.9379      -4.9226
                 -4.7663      -4.8220      -4.8783      -4.8300      -4.8784
   1    100      -5.3602      -5.5614      -5.2138      -5.3604      -5.3432
                 -5.1887      -5.2453      -5.2996      -5.2509      -5.2985
   2      0      -4.7400      -4.9410      -4.5914      -4.7399      -4.7307
                 -4.5699      -4.6276      -4.6715      -4.6361      -4.6873
   3      0      -4.7358      -4.9364      -4.5877      -4.7444      -4.7313
                 -4.5710      -4.6313      -4.6806      -4.6291      -4.6957
   4      0      -4.7308      -4.9363      -4.5809      -4.7360      -4.7334
                 -4.5655      -4.6356      -4.6680      -4.6296      -4.6960
   5      0      -4.7280      -4.9376      -4.5843      -4.7367      -4.7315
                 -4.5651      -4.6387      -4.6705      -4.6256      -4.6966
   5     60      -4.7688      -4.9788      -4.6256      -4.7779      -4.7725
                 -4.6063      -4.6798      -4.7115      -4.6667      -4.7375
   5     80      -4.9643      -5.1755      -4.8224      -4.9753      -4.9688
                 -4.8038      -4.8774      -4.9081      -4.8633      -4.9335
   5    100      -5.3444      -5.5573      -5.2043      -5.3588      -5.3505
                 -5.1876      -5.2618      -5.2904      -5.2454      -5.3150
 
 group  inft   Estimated free energy: 1-th solvent contribution (kcal/mol)
   1      0      -0.8694      -0.6607      -0.9153      -0.7441      -1.4807
                 -0.3061      -0.1602      -1.0335      -0.8774      -0.2724
   1     60      -0.8689      -0.6602      -0.9149      -0.7437      -1.4803
                 -0.3055      -0.1597      -1.0331      -0.8769      -0.2718
   1     80      -0.8665      -0.6580      -0.9127      -0.7413      -1.4783
                 -0.3030      -0.1571      -1.0310      -0.8746      -0.2686
   1    100      -0.8618      -0.6537      -0.9083      -0.7365      -1.4744
                 -0.2976      -0.1517      -1.0270      -0.8699      -0.2619
   2      0      -0.8756      -0.6756      -0.9207      -0.7516      -1.4823
                 -0.3149      -0.1703      -1.0354      -0.8859      -0.2899
   3      0      -0.8728      -0.6755      -0.9224      -0.7566      -1.4843
                 -0.3211      -0.1770      -1.0422      -0.8814      -0.2973
   4      0      -0.8737      -0.6806      -0.9168      -0.7547      -1.4836
                 -0.3200      -0.1806      -1.0365      -0.8851      -0.3023
   5      0      -0.8674      -0.6740      -0.9191      -0.7536      -1.4820
                 -0.3136      -0.1830      -1.0339      -0.8809      -0.2996
   5     60      -0.8668      -0.6735      -0.9185      -0.7530      -1.4814
                 -0.3130      -0.1824      -1.0334      -0.8804      -0.2989
   5     80      -0.8645      -0.6712      -0.9163      -0.7506      -1.4792
                 -0.3105      -0.1799      -1.0313      -0.8780      -0.2956
   5    100      -0.8610      -0.6682      -0.9131      -0.7471      -1.4761
                 -0.3068      -0.1762      -1.0284      -0.8747      -0.2906
 
 group  inft   Estimated free energy: 2-th solvent contribution (kcal/mol)
   1      0      -0.9442      -0.9349      -0.9172      -0.7969      -0.4494
                 -0.8412      -0.8766      -0.8898      -0.8011      -0.9760
   1     60      -0.9452      -0.9359      -0.9182      -0.7979      -0.4504
                 -0.8422      -0.8777      -0.8908      -0.8021      -0.9770
   1     80      -0.9503      -0.9411      -0.9235      -0.8030      -0.4554
                 -0.8474      -0.8829      -0.8962      -0.8074      -0.9822
   1    100      -0.9627      -0.9535      -0.9363      -0.8155      -0.4678
                 -0.8600      -0.8955      -0.9091      -0.8203      -0.9947
   2      0      -0.9316      -0.9208      -0.9058      -0.7874      -0.4523
                 -0.8326      -0.8693      -0.8794      -0.7957      -0.9648
   3      0      -0.9275      -0.9142      -0.9000      -0.7845      -0.4510
                 -0.8264      -0.8647      -0.8776      -0.7907      -0.9629
   4      0      -0.9264      -0.9143      -0.8997      -0.7813      -0.4520
                 -0.8218      -0.8639      -0.8727      -0.7905      -0.9622
   5      0      -0.9243      -0.9106      -0.9002      -0.7796      -0.4484
                 -0.8222      -0.8615      -0.8752      -0.7886      -0.9579
   5     60      -0.9256      -0.9119      -0.9016      -0.7809      -0.4497
                 -0.8235      -0.8629      -0.8766      -0.7900      -0.9592
   5     80      -0.9317      -0.9180      -0.9078      -0.7870      -0.4557
                 -0.8297      -0.8691      -0.8829      -0.7962      -0.9653
   5    100      -0.9428      -0.9292      -0.9194      -0.7983      -0.4670
                 -0.8411      -0.8805      -0.8945      -0.8078      -0.9766
 
 group  inft   Estimated free energy: 3-th solvent contribution (kcal/mol)
   1      0      -2.9311      -3.3468      -2.7624      -3.1983      -2.7949
                 -3.4206      -3.5866      -2.7571      -2.9537      -3.4331
   1     60      -2.9619      -3.3779      -2.7935      -3.2295      -2.8258
                 -3.4518      -3.6177      -2.7881      -2.9847      -3.4641
   1     80      -3.1243      -3.5413      -2.9568      -3.3935      -2.9888
                 -3.6159      -3.7819      -2.9510      -3.1479      -3.6275
   1    100      -3.5356      -3.9540      -3.3690      -3.8083      -3.4010
                 -4.0310      -4.1980      -3.3634      -3.5607      -4.0418
   2      0      -2.9327      -3.3446      -2.7648      -3.2008      -2.7960
                 -3.4223      -3.5880      -2.7566      -2.9544      -3.4325
   3      0      -2.9354      -3.3467      -2.7653      -3.2032      -2.7959
                 -3.4235      -3.5895      -2.7608      -2.9570      -3.4354
   4      0      -2.9306      -3.3413      -2.7643      -3.2000      -2.7976
                 -3.4236      -3.5910      -2.7588      -2.9540      -3.4315
   5      0      -2.9362      -3.3530      -2.7649      -3.2034      -2.8011
                 -3.4293      -3.5940      -2.7612      -2.9559      -3.4390
   5     60      -2.9762      -3.3934      -2.8054      -3.2439      -2.8414
                 -3.4697      -3.6344      -2.8015      -2.9962      -3.4793
   5     80      -3.1681      -3.5862      -2.9982      -3.4376      -3.0339
                 -3.6636      -3.8283      -2.9939      -3.1890      -3.6724
   5    100      -3.5405      -3.9599      -3.3717      -3.8133      -3.4073
                 -4.0396      -4.2051      -3.3674      -3.5628      -4.0478
 
 
 cumulative average & 95% error for solvation free energy
              total             1st component         2nd component         3rd component
  1    -4.7358               -0.8728               -0.9275               -2.9354
  2    -4.8361     0.2006    -0.7742     0.1974    -0.9208     0.0133    -3.1411     0.4112
  3    -4.7533     0.2021    -0.8236     0.1508    -0.9139     0.0159    -3.0158     0.3451
  4    -4.7511     0.1430    -0.8068     0.1118    -0.8815     0.0656    -3.0627     0.2614
  5    -4.7471     0.1110    -0.9423     0.2845    -0.7954     0.1796    -3.0093     0.2289
  6    -4.7178     0.1080    -0.8388     0.3112    -0.8006     0.1470    -3.0783     0.2324
  7    -4.7054     0.0946    -0.7442     0.3239    -0.8097     0.1256    -3.1514     0.2447
  8    -4.7023     0.0821    -0.7815     0.2902    -0.8182     0.1100    -3.1025     0.2333
  9    -4.6942     0.0742    -0.7926     0.2569    -0.8152     0.0972    -3.0864     0.2083
 10    -4.6943     0.0664    -0.7430     0.2502    -0.8299     0.0919    -3.1213     0.1990
