 ERmod 0.3.7, Copyright (C) 2000-2019 Nobuyuki Matubayasi
                            2010-2019 Shun Sakuraba
 ERmod comes with ABSOLUTELY NO WARRANTY.
 This is free software, and you can redistribute it
 and/or modify it under certain conditions.
 See LICENSE file for details.
 ERmod 0.3.7, Copyright (C) 2000-2019 Nobuyuki Matubayasi
                            2010-2019 Shun Sakuraba
 ERmod comes with ABSOLUTELY NO WARRANTY.
 This is free software, and you can redistribute it
 and/or modify it under certain conditions.
 See LICENSE file for details.
 
  Number of the   1-th solvent  =           90
  Number of the   2-th solvent  =           90
  Number of the   3-th solvent  =        10000
 
  Be sure that the solvent distribution is homogeneous (radial distribution function is essentially unity) when the solvent molecule is separated beyond distance of   10.0 Angstrom in any direction from any atom within the solute molecule
 
  LJ long-range correction    =        -0.0003     -0.0102     -0.1929
 
  Self-energy of the solute   =        -0.0001  kcal/mol
 
 
 cumulative average & 95% error for solvation energy
              total             1st component         2nd component         3rd component
  1   -18.1859               -0.9823               -0.7067              -16.4968
  2   -18.1855     0.0007    -0.9528     0.0592    -0.7710     0.1287   -16.4617     0.0702
  3   -18.1508     0.0694    -0.8071     0.2933    -0.7319     0.1079   -16.6117     0.3028
  4   -18.1851     0.0843    -1.0889     0.6005    -0.5611     0.3501   -16.5351     0.2634
  5   -18.1848     0.0653    -1.0495     0.4718    -0.5456     0.2730   -16.5896     0.2314
  6   -18.1724     0.0588    -0.8733     0.5221    -0.6556     0.3132   -16.6435     0.2174
  7   -18.1623     0.0536    -0.7941     0.4689    -0.7687     0.3481   -16.5995     0.2037
  8   -18.1901     0.0724    -0.9151     0.4727    -0.7632     0.3017   -16.5117     0.2490
  9   -18.1678     0.0779    -0.8157     0.4619    -0.7280     0.2752   -16.6239     0.3140
 10   -18.1713     0.0701    -0.7931     0.4156    -0.7690     0.2594   -16.6091     0.2824
 
 
 group  inft  solvation free energy     error          difference
  total solvation free energy
   1      0         -4.61333           0.04172           0.00252
   1     60         -4.64145           0.04172          -0.02561
   1     80         -4.79355           0.04175          -0.17771
   1    100         -5.19444           0.04185          -0.57860
   2      0         -4.61480           0.03868           0.00104
   3      0         -4.61584           0.03780           0.00000
   4      0         -4.60932           0.04075           0.00652
   5      0         -4.61652           0.03997          -0.00068
   5     60         -4.65313           0.03996          -0.03728
   5     80         -4.83416           0.03998          -0.21832
   5    100         -5.19853           0.04005          -0.58269
 
  contribution from  1-th solvent component
   1      0         -0.33621           0.20412           0.00680
   1     60         -0.33590           0.20414           0.00711
   1     80         -0.33437           0.20424           0.00865
   1    100         -0.33083           0.20451           0.01218
   2      0         -0.34052           0.20469           0.00249
   3      0         -0.34301           0.20375           0.00000
   4      0         -0.34287           0.20376           0.00014
   5      0         -0.34360           0.20427          -0.00058
   5     60         -0.34324           0.20430          -0.00022
   5     80         -0.34162           0.20444           0.00139
   5    100         -0.33896           0.20475           0.00405
 
  contribution from  2-th solvent component
   1      0         -0.43311           0.13501          -0.00578
   1     60         -0.43355           0.13502          -0.00622
   1     80         -0.43587           0.13507          -0.00854
   1    100         -0.44174           0.13517          -0.01440
   2      0         -0.42941           0.13257          -0.00208
   3      0         -0.42733           0.13256           0.00000
   4      0         -0.42665           0.13235           0.00069
   5      0         -0.42463           0.13227           0.00271
   5     60         -0.42521           0.13227           0.00212
   5     80         -0.42803           0.13230          -0.00070
   5    100         -0.43340           0.13234          -0.00607
 
  contribution from  3-th solvent component
   1      0         -3.84391           0.15971           0.00150
   1     60         -3.87190           0.15969          -0.02650
   1     80         -4.02322           0.15981          -0.17781
   1    100         -4.42178           0.16040          -0.57637
   2      0         -3.84478           0.15995           0.00062
   3      0         -3.84541           0.16047           0.00000
   4      0         -3.83971           0.15928           0.00569
   5      0         -3.84820           0.15858          -0.00280
   5     60         -3.88459           0.15857          -0.03918
   5     80         -4.06442           0.15872          -0.21902
   5    100         -4.42607           0.15927          -0.58067
 
 
 group  inft   Estimated free energy: total (kcal/mol)
   1      0      -4.6936      -4.6134      -4.6553      -4.5561      -4.5849
                 -4.6854      -4.6484      -4.6315      -4.4731      -4.5915
   1     60      -4.7216      -4.6417      -4.6834      -4.5844      -4.6131
                 -4.7135      -4.6765      -4.6597      -4.5011      -4.6196
   1     80      -4.8735      -4.7942      -4.8355      -4.7366      -4.7655
                 -4.8658      -4.8285      -4.8115      -4.6528      -4.7716
   1    100      -5.2740      -5.1953      -5.2373      -5.1371      -5.1667
                 -5.2674      -5.2299      -5.2107      -5.0535      -5.1723
   2      0      -4.6981      -4.6183      -4.6601      -4.5510      -4.5991
                 -4.6704      -4.6400      -4.6337      -4.4904      -4.5869
   3      0      -4.6980      -4.6245      -4.6646      -4.5399      -4.6052
                 -4.6697      -4.6388      -4.6317      -4.5058      -4.5802
   4      0      -4.6983      -4.6257      -4.6582      -4.5266      -4.6023
                 -4.6616      -4.6348      -4.6266      -4.4880      -4.5710
   5      0      -4.7061      -4.6275      -4.6699      -4.5344      -4.6134
                 -4.6651      -4.6339      -4.6333      -4.4973      -4.5842
   5     60      -4.7426      -4.6642      -4.7064      -4.5712      -4.6502
                 -4.7017      -4.6704      -4.6700      -4.5338      -4.6208
   5     80      -4.9234      -4.8457      -4.8877      -4.7524      -4.8317
                 -4.8828      -4.8511      -4.8507      -4.7144      -4.8017
   5    100      -5.2875      -5.2103      -5.2530      -5.1165      -5.1967
                 -5.2475      -5.2156      -5.2136      -5.0786      -5.1660
 
 group  inft   Estimated free energy: 1-th solvent contribution (kcal/mol)
   1      0      -0.4575      -0.4162      -0.2328      -0.8611      -0.3971
                  0.0444      -0.0925      -0.8224       0.0728      -0.1998
   1     60      -0.4572      -0.4159      -0.2325      -0.8608      -0.3967
                  0.0447      -0.0922      -0.8222       0.0732      -0.1995
   1     80      -0.4556      -0.4144      -0.2311      -0.8596      -0.3950
                  0.0462      -0.0905      -0.8208       0.0752      -0.1980
   1    100      -0.4521      -0.4110      -0.2279      -0.8570      -0.3910
                  0.0497      -0.0865      -0.8178       0.0799      -0.1946
   2      0      -0.4656      -0.4245      -0.2401      -0.8588      -0.4086
                  0.0503      -0.0903      -0.8292       0.0637      -0.2021
   3      0      -0.4708      -0.4319      -0.2477      -0.8513      -0.4154
                  0.0509      -0.0916      -0.8303       0.0581      -0.2002
   4      0      -0.4724      -0.4333      -0.2478      -0.8522      -0.4175
                  0.0489      -0.0899      -0.8263       0.0613      -0.1995
   5      0      -0.4764      -0.4340      -0.2491      -0.8528      -0.4232
                  0.0536      -0.0855      -0.8250       0.0597      -0.2031
   5     60      -0.4760      -0.4337      -0.2487      -0.8526      -0.4229
                  0.0540      -0.0851      -0.8246       0.0602      -0.2028
   5     80      -0.4744      -0.4322      -0.2474      -0.8514      -0.4211
                  0.0557      -0.0832      -0.8233       0.0624      -0.2014
   5    100      -0.4718      -0.4298      -0.2452      -0.8496      -0.4182
                  0.0587      -0.0798      -0.8211       0.0664      -0.1991
 
 group  inft   Estimated free energy: 2-th solvent contribution (kcal/mol)
   1      0      -0.4358      -0.4729      -0.4004      -0.0811      -0.2642
                 -0.6958      -0.7685      -0.4012      -0.2172      -0.5941
   1     60      -0.4362      -0.4734      -0.4008      -0.0815      -0.2646
                 -0.6962      -0.7689      -0.4017      -0.2176      -0.5946
   1     80      -0.4386      -0.4758      -0.4032      -0.0838      -0.2668
                 -0.6987      -0.7713      -0.4039      -0.2197      -0.5970
   1    100      -0.4445      -0.4819      -0.4090      -0.0896      -0.2724
                 -0.7047      -0.7773      -0.4097      -0.2251      -0.6030
   2      0      -0.4308      -0.4668      -0.3976      -0.0796      -0.2646
                 -0.6861      -0.7611      -0.3973      -0.2243      -0.5859
   3      0      -0.4242      -0.4665      -0.3949      -0.0740      -0.2636
                 -0.6852      -0.7594      -0.3935      -0.2294      -0.5825
   4      0      -0.4261      -0.4679      -0.3956      -0.0698      -0.2657
                 -0.6806      -0.7578      -0.3962      -0.2272      -0.5796
   5      0      -0.4207      -0.4633      -0.3960      -0.0684      -0.2628
                 -0.6806      -0.7561      -0.3916      -0.2289      -0.5778
   5     60      -0.4213      -0.4639      -0.3966      -0.0690      -0.2634
                 -0.6812      -0.7567      -0.3922      -0.2295      -0.5784
   5     80      -0.4241      -0.4668      -0.3995      -0.0718      -0.2661
                 -0.6840      -0.7596      -0.3950      -0.2322      -0.5812
   5    100      -0.4294      -0.4723      -0.4048      -0.0772      -0.2714
                 -0.6895      -0.7650      -0.4003      -0.2374      -0.5866
 
 group  inft   Estimated free energy: 3-th solvent contribution (kcal/mol)
   1      0      -3.8002      -3.7243      -4.0221      -3.6139      -3.9235
                 -4.0339      -3.7873      -3.4077      -4.3287      -3.7975
   1     60      -3.8282      -3.7524      -4.0500      -3.6420      -3.9516
                 -4.0618      -3.8153      -3.4358      -4.3566      -3.8254
   1     80      -3.9792      -3.9039      -4.2012      -3.7931      -4.1035
                 -4.2132      -3.9666      -3.5867      -4.5083      -3.9765
   1    100      -4.3773      -4.3023      -4.6003      -4.1905      -4.5032
                 -4.6123      -4.3660      -3.9832      -4.9082      -4.3746
   2      0      -3.8017      -3.7269      -4.0223      -3.6125      -3.9258
                 -4.0345      -3.7885      -3.4072      -4.3296      -3.7988
   3      0      -3.8029      -3.7261      -4.0219      -3.6144      -3.9260
                 -4.0353      -3.7877      -3.4078      -4.3344      -3.7974
   4      0      -3.7998      -3.7245      -4.0147      -3.6044      -3.9190
                 -4.0299      -3.7870      -3.4039      -4.3220      -3.7919
   5      0      -3.8090      -3.7301      -4.0247      -3.6131      -3.9273
                 -4.0380      -3.7922      -3.4166      -4.3279      -3.8032
   5     60      -3.8452      -3.7665      -4.0610      -3.6495      -3.9639
                 -4.0744      -3.8284      -3.4530      -4.3643      -3.8395
   5     80      -4.0248      -3.9466      -4.2407      -3.8291      -4.1444
                 -4.2544      -4.0083      -3.6324      -4.5446      -4.0190
   5    100      -4.3861      -4.3081      -4.6029      -4.1897      -4.5070
                 -4.6165      -4.3707      -3.9921      -4.9075      -4.3802
 
 
 cumulative average & 95% error for solvation free energy
              total             1st component         2nd component         3rd component
  1    -4.6980               -0.4708               -0.4242               -3.8029
  2    -4.6613     0.0735    -0.4513     0.0389    -0.4454     0.0422    -3.7645     0.0768
  3    -4.6624     0.0425    -0.3834     0.1376    -0.4285     0.0415    -3.8503     0.1772
  4    -4.6318     0.0682    -0.5004     0.2534    -0.3399     0.1797    -3.7913     0.1721
  5    -4.6264     0.0539    -0.4834     0.1992    -0.3247     0.1425    -3.8183     0.1438
  6    -4.6336     0.0463    -0.3944     0.2412    -0.3847     0.1673    -3.8545     0.1379
  7    -4.6344     0.0392    -0.3511     0.2214    -0.4383     0.1773    -3.8449     0.1181
  8    -4.6341     0.0339    -0.4110     0.2261    -0.4327     0.1540    -3.7903     0.1497
  9    -4.6198     0.0413    -0.3589     0.2250    -0.4101     0.1431    -3.8507     0.1790
 10    -4.6158     0.0378    -0.3430     0.2038    -0.4273     0.1326    -3.8454     0.1605
