 ERmod 0.3.7, Copyright (C) 2000-2019 Nobuyuki Matubayasi
                            2010-2019 Shun Sakuraba
 ERmod comes with ABSOLUTELY NO WARRANTY.
 This is free software, and you can redistribute it
 and/or modify it under certain conditions.
 See LICENSE file for details.
 ERmod 0.3.7, Copyright (C) 2000-2019 Nobuyuki Matubayasi
                            2010-2019 Shun Sakuraba
 ERmod comes with ABSOLUTELY NO WARRANTY.
 This is free software, and you can redistribute it
 and/or modify it under certain conditions.
 See LICENSE file for details.
 
  Number of the   1-th solvent  =          180
  Number of the   2-th solvent  =          180
  Number of the   3-th solvent  =        10000
 
  Be sure that the solvent distribution is homogeneous (radial distribution function is essentially unity) when the solvent molecule is separated beyond distance of   10.0 Angstrom in any direction from any atom within the solute molecule
 
  LJ long-range correction    =        -0.0093     -0.0087     -0.6303
 
  Self-energy of the solute   =        -0.0001  kcal/mol
 
 
 cumulative average & 95% error for solvation energy
              total             1st component         2nd component         3rd component
  1   -28.4863               -0.7343               -1.5720              -26.1799
  2   -28.4246     0.1233    -0.5907     0.2872    -1.2677     0.6086   -26.5661     0.7725
  3   -28.4329     0.0731    -0.5128     0.2275    -1.3456     0.3844   -26.5744     0.4463
  4   -28.5521     0.2439    -0.3373     0.3861    -1.8603     1.0646   -26.3545     0.5414
  5   -28.4598     0.2641    -0.4147     0.3368    -1.6763     0.9030   -26.3688     0.4203
  6   -28.4396     0.2194    -0.4628     0.2914    -1.4752     0.8399   -26.5015     0.4339
  7   -28.4226     0.1885    -0.5380     0.2885    -1.3596     0.7465   -26.5249     0.3697
  8   -28.3883     0.1771    -0.4581     0.2966    -1.3237     0.6505   -26.6064     0.3593
  9   -28.5020     0.2760    -0.4504     0.2620    -1.7247     0.9861   -26.3268     0.6428
 10   -28.4674     0.2564    -0.3802     0.2732    -1.6757     0.8875   -26.4114     0.5993
 
 
 group  inft  solvation free energy     error          difference
  total solvation free energy
   1      0         -3.36227           0.06536           0.01435
   1     60         -3.38395           0.06538          -0.00733
   1     80         -3.58397           0.06568          -0.20735
   1    100         -4.36768           0.06606          -0.99106
   2      0         -3.37211           0.06430           0.00451
   3      0         -3.37662           0.06465           0.00000
   4      0         -3.37584           0.06622           0.00078
   5      0         -3.37493           0.06491           0.00169
   5     60         -3.40467           0.06495          -0.02805
   5     80         -3.65781           0.06525          -0.28119
   5    100         -4.38275           0.06548          -1.00612
 
  contribution from  1-th solvent component
   1      0          0.18574           0.15314           0.01744
   1     60          0.18556           0.15313           0.01725
   1     80          0.18343           0.15310           0.01513
   1    100          0.17364           0.15309           0.00533
   2      0          0.17229           0.15134           0.00398
   3      0          0.16831           0.15118           0.00000
   4      0          0.16658           0.15229          -0.00173
   5      0          0.16707           0.15069          -0.00124
   5     60          0.16679           0.15067          -0.00151
   5     80          0.16378           0.15059          -0.00453
   5    100          0.15396           0.15047          -0.01435
 
  contribution from  2-th solvent component
   1      0         -0.95650           0.39367          -0.00699
   1     60         -0.95615           0.39369          -0.00663
   1     80         -0.95467           0.39388          -0.00515
   1    100         -0.95309           0.39461          -0.00358
   2      0         -0.95014           0.39510          -0.00062
   3      0         -0.94951           0.39501           0.00000
   4      0         -0.94975           0.39534          -0.00023
   5      0         -0.94940           0.39571           0.00011
   5     60         -0.94898           0.39574           0.00053
   5     80         -0.94758           0.39600           0.00194
   5    100         -0.94690           0.39676           0.00261
 
  contribution from  3-th solvent component
   1      0         -2.59142           0.33764           0.00390
   1     60         -2.61327           0.33760          -0.01795
   1     80         -2.81264           0.33733          -0.21732
   1    100         -3.58813           0.33799          -0.99281
   2      0         -2.59417           0.33799           0.00115
   3      0         -2.59532           0.33760           0.00000
   4      0         -2.59257           0.33745           0.00275
   5      0         -2.59250           0.33748           0.00282
   5     60         -2.62239           0.33743          -0.02707
   5     80         -2.87392           0.33714          -0.27861
   5    100         -3.58970           0.33790          -0.99438
 
 
 group  inft   Estimated free energy: total (kcal/mol)
   1      0      -3.4009      -3.5009      -3.2620      -3.3337      -3.2269
                 -3.3684      -3.4462      -3.2854      -3.5226      -3.2757
   1     60      -3.4227      -3.5225      -3.2837      -3.3556      -3.2484
                 -3.3901      -3.4679      -3.3068      -3.5445      -3.2974
   1     80      -3.6232      -3.7215      -3.4843      -3.5569      -3.4477
                 -3.5906      -3.6681      -3.5044      -3.7462      -3.4969
   1    100      -4.4066      -4.5042      -4.2699      -4.3414      -4.2304
                 -4.3774      -4.4531      -4.2827      -4.5309      -4.2801
   2      0      -3.3945      -3.5259      -3.2716      -3.3550      -3.2404
                 -3.3684      -3.4472      -3.3028      -3.5264      -3.2890
   3      0      -3.4013      -3.5370      -3.2704      -3.3660      -3.2478
                 -3.3674      -3.4454      -3.3121      -3.5290      -3.2899
   4      0      -3.4020      -3.5473      -3.2669      -3.3636      -3.2573
                 -3.3696      -3.4438      -3.2969      -3.5277      -3.2833
   5      0      -3.3956      -3.5385      -3.2688      -3.3672      -3.2605
                 -3.3674      -3.4405      -3.2992      -3.5307      -3.2809
   5     60      -3.4255      -3.5681      -3.2987      -3.3972      -3.2900
                 -3.3972      -3.4703      -3.3285      -3.5607      -3.3106
   5     80      -3.6793      -3.8201      -3.5525      -3.6521      -3.5423
                 -3.6508      -3.7235      -3.5788      -3.8157      -3.5631
   5    100      -4.4039      -4.5445      -4.2789      -4.3783      -4.2667
                 -4.3782      -4.4497      -4.2990      -4.5408      -4.2875
 
 group  inft   Estimated free energy: 1-th solvent contribution (kcal/mol)
   1      0      -0.0330       0.0542       0.2572       0.5696       0.0322
                  0.0068      -0.1211       0.4339       0.1589       0.4987
   1     60      -0.0332       0.0541       0.2570       0.5694       0.0320
                  0.0066      -0.1213       0.4338       0.1587       0.4985
   1     80      -0.0354       0.0527       0.2545       0.5673       0.0305
                  0.0042      -0.1237       0.4318       0.1564       0.4961
   1    100      -0.0459       0.0450       0.2434       0.5581       0.0228
                 -0.0067      -0.1342       0.4225       0.1458       0.4855
   2      0      -0.0355       0.0264       0.2503       0.5483       0.0071
                  0.0046      -0.1316       0.4155       0.1553       0.4824
   3      0      -0.0413       0.0168       0.2539       0.5414       0.0012
                  0.0050      -0.1343       0.4057       0.1531       0.4814
   4      0      -0.0359       0.0110       0.2523       0.5448      -0.0051
                  0.0034      -0.1412       0.4091       0.1504       0.4769
   5      0      -0.0358       0.0154       0.2510       0.5364      -0.0057
                  0.0026      -0.1334       0.4107       0.1520       0.4777
   5     60      -0.0361       0.0152       0.2506       0.5360      -0.0059
                  0.0023      -0.1338       0.4105       0.1517       0.4774
   5     80      -0.0392       0.0130       0.2472       0.5329      -0.0082
                 -0.0010      -0.1370       0.4075       0.1486       0.4741
   5    100      -0.0493       0.0047       0.2364       0.5231      -0.0164
                 -0.0114      -0.1474       0.3978       0.1384       0.4636
 
 group  inft   Estimated free energy: 2-th solvent contribution (kcal/mol)
   1      0      -0.9664      -0.6414      -0.8278      -1.7464      -0.6130
                 -0.3571      -0.5747      -0.6700      -2.3760      -0.7921
   1     60      -0.9661      -0.6411      -0.8275      -1.7461      -0.6127
                 -0.3568      -0.5743      -0.6695      -2.3757      -0.7917
   1     80      -0.9649      -0.6396      -0.8257      -1.7452      -0.6117
                 -0.3552      -0.5730      -0.6664      -2.3749      -0.7902
   1    100      -0.9643      -0.6383      -0.8226      -1.7458      -0.6121
                 -0.3526      -0.5718      -0.6594      -2.3756      -0.7884
   2      0      -0.9558      -0.6370      -0.8278      -1.7437      -0.5975
                 -0.3529      -0.5625      -0.6653      -2.3747      -0.7840
   3      0      -0.9563      -0.6366      -0.8305      -1.7423      -0.5999
                 -0.3524      -0.5571      -0.6653      -2.3737      -0.7812
   4      0      -0.9623      -0.6431      -0.8276      -1.7474      -0.6023
                 -0.3562      -0.5526      -0.6581      -2.3728      -0.7751
   5      0      -0.9575      -0.6404      -0.8281      -1.7451      -0.6069
                 -0.3517      -0.5537      -0.6605      -2.3758      -0.7743
   5     60      -0.9572      -0.6399      -0.8276      -1.7448      -0.6065
                 -0.3513      -0.5533      -0.6599      -2.3754      -0.7739
   5     80      -0.9562      -0.6385      -0.8259      -1.7441      -0.6057
                 -0.3497      -0.5521      -0.6563      -2.3749      -0.7724
   5    100      -0.9569      -0.6379      -0.8241      -1.7455      -0.6067
                 -0.3480      -0.5516      -0.6502      -2.3765      -0.7716
 
 group  inft   Estimated free energy: 3-th solvent contribution (kcal/mol)
   1      0      -2.4013      -2.9136      -2.6913      -2.1568      -2.6459
                 -3.0179      -2.7504      -3.0492      -1.3054      -2.9822
   1     60      -2.4233      -2.9354      -2.7132      -2.1788      -2.6677
                 -3.0398      -2.7722      -3.0710      -1.3274      -3.0040
   1     80      -2.6228      -3.1345      -2.9130      -2.3789      -2.8664
                 -3.2394      -2.9712      -3.2697      -1.5276      -3.2027
   1    100      -3.3963      -3.9109      -3.6907      -3.1537      -3.6410
                 -4.0180      -3.7470      -4.0457      -2.3010      -3.9770
   2      0      -2.4031      -2.9151      -2.6940      -2.1595      -2.6499
                 -3.0200      -2.7529      -3.0529      -1.3069      -2.9874
   3      0      -2.4036      -2.9171      -2.6938      -2.1650      -2.6491
                 -3.0198      -2.7539      -3.0524      -1.3084      -2.9900
   4      0      -2.4037      -2.9151      -2.6915      -2.1609      -2.6499
                 -3.0167      -2.7499      -3.0477      -1.3053      -2.9851
   5      0      -2.4021      -2.9134      -2.6916      -2.1584      -2.6477
                 -3.0182      -2.7533      -3.0492      -1.3069      -2.9842
   5     60      -2.4321      -2.9433      -2.7216      -2.1884      -2.6775
                 -3.0480      -2.7832      -3.0790      -1.3369      -3.0140
   5     80      -2.6838      -3.1946      -2.9737      -2.4408      -2.9283
                 -3.2999      -3.0343      -3.3299      -1.5893      -3.2647
   5    100      -3.3976      -3.9113      -3.6912      -3.1557      -3.6434
                 -4.0187      -3.7506      -4.0465      -2.3026      -3.9794
 
 
 cumulative average & 95% error for solvation free energy
              total             1st component         2nd component         3rd component
  1    -3.4013               -0.0413               -0.9563               -2.4036
  2    -3.4691     0.1357    -0.0122     0.0582    -0.7964     0.3197    -2.6604     0.5135
  3    -3.4029     0.1539     0.0765     0.1806    -0.8078     0.1860    -2.6715     0.2973
  4    -3.3937     0.1104     0.1927     0.2652    -1.0414     0.4854    -2.5449     0.3291
  5    -3.3645     0.1035     0.1544     0.2193    -0.9531     0.4154    -2.5657     0.2583
  6    -3.3650     0.0845     0.1295     0.1858    -0.8530     0.3939    -2.6414     0.2596
  7    -3.3765     0.0750     0.0918     0.1742    -0.8107     0.3434    -2.6575     0.2218
  8    -3.3684     0.0670     0.1311     0.1701    -0.7925     0.2996    -2.7068     0.2159
  9    -3.3863     0.0690     0.1335     0.1501    -0.9682     0.4397    -2.5515     0.3645
 10    -3.3766     0.0647     0.1683     0.1512    -0.9495     0.3950    -2.5953     0.3376
