 ERmod 0.3.7, Copyright (C) 2000-2019 Nobuyuki Matubayasi
                            2010-2019 Shun Sakuraba
 ERmod comes with ABSOLUTELY NO WARRANTY.
 This is free software, and you can redistribute it
 and/or modify it under certain conditions.
 See LICENSE file for details.
 ERmod 0.3.7, Copyright (C) 2000-2019 Nobuyuki Matubayasi
                            2010-2019 Shun Sakuraba
 ERmod comes with ABSOLUTELY NO WARRANTY.
 This is free software, and you can redistribute it
 and/or modify it under certain conditions.
 See LICENSE file for details.
 
  Number of the   1-th solvent  =           90
  Number of the   2-th solvent  =           90
  Number of the   3-th solvent  =        10000
 
  Be sure that the solvent distribution is homogeneous (radial distribution function is essentially unity) when the solvent molecule is separated beyond distance of   10.0 Angstrom in any direction from any atom within the solute molecule
 
  LJ long-range correction    =        -0.0005     -0.0021     -0.3074
 
  Self-energy of the solute   =        -0.0001  kcal/mol
 
 
 cumulative average & 95% error for solvation energy
              total             1st component         2nd component         3rd component
  1   -21.1981               -0.0117               -0.0931              -21.0932
  2   -21.1966     0.0030    -0.3764     0.7294    -0.1811     0.1760   -20.6390     0.9084
  3   -21.3350     0.2768    -0.2529     0.4882    -0.6782     0.9994   -20.4038     0.7046
  4   -21.2932     0.2128    -0.2053     0.3581    -0.5507     0.7513   -20.5371     0.5651
  5   -21.2790     0.1673    -0.1521     0.2971    -0.4963     0.5920   -20.6305     0.4759
  6   -21.2796     0.1366    -0.4291     0.6049    -0.4780     0.4848   -20.3724     0.6462
  7   -21.2600     0.1219    -0.4108     0.5125    -0.3998     0.4385   -20.4493     0.5674
  8   -21.2721     0.1083    -0.4874     0.4695    -0.3519     0.3917   -20.4327     0.4925
  9   -21.2513     0.1041    -0.4126     0.4403    -0.3315     0.3478   -20.5071     0.4592
 10   -21.2431     0.0946    -0.4093     0.3939    -0.3311     0.3111   -20.5026     0.4108
 
 
 group  inft  solvation free energy     error          difference
  total solvation free energy
   1      0         -4.41466           0.04784          -0.00028
   1     60         -4.43754           0.04782          -0.02316
   1     80         -4.59305           0.04779          -0.17867
   1    100         -5.05583           0.04783          -0.64145
   2      0         -4.41073           0.04547           0.00365
   3      0         -4.41438           0.04605           0.00000
   4      0         -4.40716           0.04565           0.00722
   5      0         -4.41226           0.04487           0.00213
   5     60         -4.44277           0.04486          -0.02839
   5     80         -4.63137           0.04483          -0.21699
   5    100         -5.05493           0.04480          -0.64055
 
  contribution from  1-th solvent component
   1      0         -0.10947           0.19725           0.00203
   1     60         -0.10919           0.19726           0.00230
   1     80         -0.10744           0.19732           0.00405
   1    100         -0.10295           0.19753           0.00855
   2      0         -0.11028           0.19806           0.00122
   3      0         -0.11150           0.19817           0.00000
   4      0         -0.11174           0.19948          -0.00024
   5      0         -0.11121           0.19965           0.00029
   5     60         -0.11087           0.19967           0.00063
   5     80         -0.10893           0.19977           0.00257
   5    100         -0.10530           0.20003           0.00619
 
  contribution from  2-th solvent component
   1      0         -0.20653           0.14157          -0.00577
   1     60         -0.20634           0.14158          -0.00559
   1     80         -0.20563           0.14163          -0.00488
   1    100         -0.20459           0.14178          -0.00384
   2      0         -0.20075           0.14133           0.00000
   3      0         -0.20075           0.14301           0.00000
   4      0         -0.19965           0.14228           0.00111
   5      0         -0.19955           0.14428           0.00120
   5     60         -0.19936           0.14429           0.00140
   5     80         -0.19877           0.14438           0.00199
   5    100         -0.19829           0.14457           0.00247
 
  contribution from  3-th solvent component
   1      0         -4.09855           0.23583           0.00347
   1     60         -4.12189           0.23582          -0.01988
   1     80         -4.27985           0.23595          -0.17784
   1    100         -4.74817           0.23688          -0.64616
   2      0         -4.09958           0.23630           0.00243
   3      0         -4.10201           0.23617           0.00000
   4      0         -4.09566           0.23578           0.00636
   5      0         -4.10138           0.23622           0.00064
   5     60         -4.13243           0.23621          -0.03042
   5     80         -4.32356           0.23639          -0.22155
   5    100         -4.75122           0.23730          -0.64921
 
 
 group  inft   Estimated free energy: total (kcal/mol)
   1      0      -4.4781      -4.3953      -4.4469      -4.4356      -4.4338
                 -4.4118      -4.5588      -4.3645      -4.2971      -4.3246
   1     60      -4.5010      -4.4182      -4.4699      -4.4584      -4.4567
                 -4.4347      -4.5817      -4.3874      -4.3200      -4.3474
   1     80      -4.6563      -4.5739      -4.6258      -4.6140      -4.6120
                 -4.5901      -4.7370      -4.5428      -4.4758      -4.5027
   1    100      -5.1193      -5.0371      -5.0884      -5.0782      -5.0750
                 -5.0510      -5.2001      -5.0039      -4.9399      -4.9653
   2      0      -4.4773      -4.3928      -4.4467      -4.4233      -4.4158
                 -4.4135      -4.5466      -4.3681      -4.2989      -4.3241
   3      0      -4.4816      -4.3992      -4.4604      -4.4215      -4.4220
                 -4.4184      -4.5475      -4.3644      -4.2981      -4.3308
   4      0      -4.4739      -4.3912      -4.4484      -4.4149      -4.4068
                 -4.4218      -4.5386      -4.3637      -4.2889      -4.3232
   5      0      -4.4798      -4.4039      -4.4673      -4.4119      -4.4101
                 -4.4201      -4.5375      -4.3578      -4.2970      -4.3372
   5     60      -4.5102      -4.4345      -4.4979      -4.4423      -4.4406
                 -4.4506      -4.5680      -4.3884      -4.3276      -4.3676
   5     80      -4.6985      -4.6232      -4.6873      -4.6311      -4.6290
                 -4.6389      -4.7563      -4.5769      -4.5163      -4.5562
   5    100      -5.1221      -5.0472      -5.1110      -5.0560      -5.0528
                 -5.0605      -5.1800      -4.9992      -4.9409      -4.9797
 
 group  inft   Estimated free energy: 1-th solvent contribution (kcal/mol)
   1      0       0.0331      -0.2523       0.1017       0.0195       0.1524
                 -0.8166      -0.1079      -0.3886       0.2458      -0.0818
   1     60       0.0334      -0.2520       0.1019       0.0198       0.1527
                 -0.8163      -0.1076      -0.3883       0.2462      -0.0816
   1     80       0.0354      -0.2504       0.1034       0.0215       0.1545
                 -0.8147      -0.1059      -0.3867       0.2483      -0.0798
   1    100       0.0407      -0.2463       0.1073       0.0259       0.1590
                 -0.8107      -0.1016      -0.3825       0.2540      -0.0753
   2      0       0.0296      -0.2487       0.0945       0.0176       0.1594
                 -0.8245      -0.0964      -0.3917       0.2398      -0.0823
   3      0       0.0304      -0.2550       0.0908       0.0178       0.1566
                 -0.8279      -0.0932      -0.3893       0.2374      -0.0825
   4      0       0.0268      -0.2540       0.0905       0.0184       0.1603
                 -0.8327      -0.0899      -0.3947       0.2387      -0.0808
   5      0       0.0298      -0.2551       0.0886       0.0194       0.1627
                 -0.8329      -0.0839      -0.3938       0.2382      -0.0851
   5     60       0.0302      -0.2548       0.0889       0.0198       0.1631
                 -0.8326      -0.0836      -0.3935       0.2386      -0.0848
   5     80       0.0326      -0.2532       0.0905       0.0217       0.1651
                 -0.8308      -0.0816      -0.3919       0.2413      -0.0829
   5    100       0.0372      -0.2501       0.0934       0.0252       0.1688
                 -0.8277      -0.0780      -0.3889       0.2464      -0.0793
 
 group  inft   Estimated free energy: 2-th solvent contribution (kcal/mol)
   1      0      -0.0794      -0.2128      -0.8050      -0.0874      -0.2001
                 -0.2934      -0.1199      -0.0298      -0.0999      -0.1376
   1     60      -0.0792      -0.2127      -0.8048      -0.0872      -0.1999
                 -0.2932      -0.1197      -0.0296      -0.0997      -0.1374
   1     80      -0.0786      -0.2122      -0.8043      -0.0863      -0.1991
                 -0.2927      -0.1188      -0.0288      -0.0990      -0.1366
   1    100      -0.0777      -0.2119      -0.8037      -0.0848      -0.1978
                 -0.2921      -0.1173      -0.0274      -0.0981      -0.1352
   2      0      -0.0729      -0.2126      -0.7978      -0.0711      -0.1888
                 -0.2875      -0.1172      -0.0294      -0.0936      -0.1365
   3      0      -0.0748      -0.2103      -0.8054      -0.0695      -0.1869
                 -0.2866      -0.1196      -0.0236      -0.0899      -0.1409
   4      0      -0.0725      -0.2103      -0.8004      -0.0673      -0.1840
                 -0.2883      -0.1181      -0.0259      -0.0883      -0.1413
   5      0      -0.0723      -0.2129      -0.8084      -0.0641      -0.1868
                 -0.2853      -0.1173      -0.0181      -0.0878      -0.1426
   5     60      -0.0721      -0.2127      -0.8083      -0.0639      -0.1866
                 -0.2851      -0.1171      -0.0179      -0.0876      -0.1424
   5     80      -0.0717      -0.2123      -0.8080      -0.0631      -0.1859
                 -0.2847      -0.1162      -0.0171      -0.0870      -0.1417
   5    100      -0.0714      -0.2123      -0.8083      -0.0622      -0.1852
                 -0.2844      -0.1151      -0.0162      -0.0866      -0.1412
 
 group  inft   Estimated free energy: 3-th solvent contribution (kcal/mol)
   1      0      -4.4317      -3.9301      -3.7435      -4.3676      -4.3860
                 -3.3017      -4.3309      -3.9460      -4.4429      -4.1051
   1     60      -4.4550      -3.9534      -3.7668      -4.3909      -4.4094
                 -3.3251      -4.3542      -3.9694      -4.4664      -4.1284
   1     80      -4.6130      -4.1111      -3.9249      -4.5491      -4.5673
                 -3.4826      -4.5121      -4.1273      -4.6250      -4.2862
   1    100      -5.0822      -4.5788      -4.3920      -5.0191      -5.0361
                 -3.9481      -4.9812      -4.5939      -5.0957      -4.7546
   2      0      -4.4339      -3.9314      -3.7433      -4.3698      -4.3863
                 -3.3014      -4.3328      -3.9468      -4.4449      -4.1052
   3      0      -4.4370      -3.9337      -3.7457      -4.3697      -4.3916
                 -3.3037      -4.3346      -3.9514      -4.4454      -4.1073
   4      0      -4.4281      -3.9269      -3.7383      -4.3659      -4.3831
                 -3.3007      -4.3305      -3.9430      -4.4392      -4.1010
   5      0      -4.4371      -3.9358      -3.7474      -4.3671      -4.3859
                 -3.3018      -4.3362      -3.9457      -4.4473      -4.1094
   5     60      -4.4681      -3.9668      -3.7785      -4.3981      -4.4169
                 -3.3329      -4.3672      -3.9769      -4.4785      -4.1404
   5     80      -4.6593      -4.1576      -3.9696      -4.5896      -4.6081
                 -3.5234      -4.5583      -4.1678      -4.6704      -4.3314
   5    100      -5.0878      -4.5847      -4.3960      -5.0189      -5.0362
                 -3.9482      -4.9867      -4.5940      -5.1005      -4.7591
 
 
 cumulative average & 95% error for solvation free energy
              total             1st component         2nd component         3rd component
  1    -4.4816                0.0304               -0.0748               -4.4370
  2    -4.4404     0.0824    -0.1123     0.2855    -0.1426     0.1355    -4.1854     0.5033
  3    -4.4471     0.0494    -0.0446     0.2133    -0.3635     0.4488    -4.0388     0.4128
  4    -4.4407     0.0372    -0.0290     0.1540    -0.2900     0.3497    -4.1215     0.3355
  5    -4.4369     0.0298     0.0081     0.1405    -0.2694     0.2740    -4.1755     0.2814
  6    -4.4338     0.0251    -0.1312     0.3014    -0.2722     0.2238    -4.0302     0.3705
  7    -4.4501     0.0388    -0.1258     0.2549    -0.2504     0.1941    -4.0737     0.3250
  8    -4.4394     0.0398    -0.1587     0.2304    -0.2221     0.1774    -4.0584     0.2831
  9    -4.4237     0.0471    -0.1147     0.2214    -0.2074     0.1592    -4.1014     0.2640
 10    -4.4144     0.0460    -0.1115     0.1982    -0.2008     0.1430    -4.1020     0.2362
